turn=1 mode=SCAN region=0,0,8,17
turn=1 result=SCAN count=42
turn=2 mode=SCAN region=0,0,17,8
turn=2 result=SCAN count=52
turn=3 mode=HUNT rank=1 cell=9,8 score=2.792654 prob=2.587862 density=1.072165 center=0.017000
turn=3 mode=HUNT rank=2 cell=10,8 score=2.765797 prob=2.561828 density=1.072165 center=0.016000
turn=3 mode=HUNT rank=3 cell=9,7 score=2.751427 prob=2.549399 density=1.072165 center=0.016000
turn=3 mode=HUNT rank=4 cell=10,7 score=2.720871 prob=2.523364 density=1.072165 center=0.015000
turn=3 mode=HUNT rank=5 cell=11,8 score=2.706490 prob=2.507434 density=1.072165 center=0.015000
turn=3 picked cell=9,8 target_cluster=None active_clusters=0 remaining_cells=97 scans=2
turn=3 result=MISS
turn=4 mode=HUNT rank=1 cell=10,7 score=2.827507 prob=2.613417 density=1.075495 center=0.015000
turn=4 mode=HUNT rank=2 cell=11,7 score=2.765194 prob=2.556799 density=1.075495 center=0.014000
turn=4 mode=HUNT rank=3 cell=10,6 score=2.757947 prob=2.547476 density=1.075495 center=0.014000
turn=4 mode=HUNT rank=4 cell=11,6 score=2.693315 prob=2.490858 density=1.075495 center=0.013000
turn=4 mode=HUNT rank=5 cell=12,7 score=2.659495 prob=2.457472 density=1.075495 center=0.013000
turn=4 picked cell=10,7 target_cluster=None active_clusters=0 remaining_cells=97 scans=2
turn=4 result=MISS
turn=5 mode=HUNT rank=1 cell=11,6 score=2.802063 prob=2.581968 density=1.078866 center=0.013000
turn=5 mode=HUNT rank=2 cell=12,6 score=2.686664 prob=2.478637 density=1.078866 center=0.012000
turn=5 mode=HUNT rank=3 cell=11,5 score=2.682359 prob=2.471754 density=1.078866 center=0.012000
turn=5 mode=HUNT rank=4 cell=11,9 score=2.597023 prob=2.579507 density=1.000000 center=0.015000
turn=5 mode=HUNT rank=5 cell=12,5 score=2.569112 prob=2.368422 density=1.078866 center=0.011000
turn=5 picked cell=11,6 target_cluster=None active_clusters=0 remaining_cells=97 scans=2
turn=5 result=MISS
turn=6 mode=HUNT rank=1 cell=12,5 score=2.677930 prob=2.462069 density=1.082280 center=0.011000
turn=6 mode=HUNT rank=2 cell=12,9 score=2.595427 prob=2.577884 density=1.000000 center=0.014000
turn=6 mode=HUNT rank=3 cell=13,5 score=2.538198 prob=2.333142 density=1.082280 center=0.010000
turn=6 mode=HUNT rank=4 cell=12,4 score=2.533440 prob=2.328245 density=1.082280 center=0.010000
turn=6 mode=HUNT rank=5 cell=12,10 score=2.523687 prob=2.508690 density=1.000000 center=0.013000
turn=6 picked cell=12,5 target_cluster=None active_clusters=0 remaining_cells=97 scans=2
turn=6 result=MISS
turn=7 mode=HUNT rank=1 cell=13,9 score=2.583978 prob=2.567729 density=1.000000 center=0.013000
turn=7 mode=HUNT rank=2 cell=13,4 score=2.510644 prob=2.300491 density=1.085737 center=0.009000
turn=7 mode=HUNT rank=3 cell=13,10 score=2.507662 prob=2.494610 density=1.000000 center=0.012000
turn=7 mode=HUNT rank=4 cell=14,9 score=2.443730 prob=2.427800 density=1.000000 center=0.012000
turn=7 mode=HUNT rank=5 cell=13,11 score=2.414267 prob=2.402703 density=1.000000 center=0.011000
turn=7 picked cell=13,9 target_cluster=None active_clusters=0 remaining_cells=97 scans=2
turn=7 result=HIT
turn=8 mode=CHASE cluster=0 cluster_len=1 cell=13,10 score=100002.363120 chase_score=5109.863120 prob=2.363120
turn=8 picked cell=13,10 target_cluster=Some(0) active_clusters=1 remaining_cells=96 scans=2
turn=8 result=HIT
turn=9 mode=CHASE cluster=0 cluster_len=2 cell=13,11 score=200002.286892 chase_score=10337.286892 prob=2.286892
turn=9 picked cell=13,11 target_cluster=Some(0) active_clusters=1 remaining_cells=95 scans=2
turn=9 result=HIT
turn=10 mode=CHASE cluster=0 cluster_len=3 cell=13,12 score=300002.173624 chase_score=10254.173624 prob=2.173624
turn=10 picked cell=13,12 target_cluster=Some(0) active_clusters=1 remaining_cells=94 scans=2
turn=10 result=HIT
turn=11 mode=CHASE cluster=0 cluster_len=4 cell=13,13 score=400002.045277 chase_score=10183.045277 prob=2.045277
turn=11 picked cell=13,13 target_cluster=Some(0) active_clusters=1 remaining_cells=93 scans=2
turn=11 result=MISS
turn=12 mode=CHASE cluster=0 cluster_len=4 cell=13,8 score=400001.572350 chase_score=10052.572350 prob=1.572350
turn=12 picked cell=13,8 target_cluster=Some(0) active_clusters=1 remaining_cells=93 scans=2
turn=12 result=HIT
turn=13 mode=CHASE cluster=0 cluster_len=5 cell=13,7 score=500001.512865 chase_score=10047.512865 prob=1.512865
turn=13 picked cell=13,7 target_cluster=Some(0) active_clusters=1 remaining_cells=92 scans=2
turn=13 result=HIT
turn=14 mode=CHASE cluster=0 cluster_len=6 cell=13,6 score=600001.410610 chase_score=10041.410610 prob=1.410610
turn=14 picked cell=13,6 target_cluster=Some(0) active_clusters=1 remaining_cells=91 scans=2
turn=14 result=KILL
turn=14 kill_infer inferred_len=7 committed_hits=6 cluster_hits=6
turn=15 mode=HUNT rank=1 cell=8,4 score=2.453508 prob=2.473956 density=0.984970 center=0.013000
turn=15 mode=HUNT rank=2 cell=7,4 score=2.369855 prob=2.392954 density=0.984970 center=0.012000
turn=15 mode=HUNT rank=3 cell=14,4 score=2.324881 prob=2.110917 density=1.095914 center=0.008000
turn=15 mode=HUNT rank=4 cell=8,3 score=2.323015 prob=2.342703 density=0.984970 center=0.012000
turn=15 mode=HUNT rank=5 cell=9,3 score=2.274442 prob=2.060714 density=1.095914 center=0.012000
turn=15 picked cell=8,4 target_cluster=None active_clusters=0 remaining_cells=90 scans=2
turn=15 result=HIT
turn=16 mode=CHASE cluster=0 cluster_len=1 cell=7,4 score=100002.352636 chase_score=5099.352636 prob=2.352636
turn=16 picked cell=7,4 target_cluster=Some(0) active_clusters=1 remaining_cells=89 scans=2
turn=16 result=MISS
turn=17 mode=CHASE cluster=0 cluster_len=1 cell=8,5 score=100002.102028 chase_score=5079.852028 prob=2.102028
turn=17 picked cell=8,5 target_cluster=Some(0) active_clusters=1 remaining_cells=89 scans=2
turn=17 result=MISS
turn=18 mode=CHASE cluster=0 cluster_len=1 cell=9,4 score=100001.063705 chase_score=5023.063705 prob=1.063705
turn=18 picked cell=9,4 target_cluster=Some(0) active_clusters=1 remaining_cells=89 scans=2
turn=18 result=HIT
turn=19 mode=CHASE cluster=0 cluster_len=2 cell=10,4 score=200001.093993 chase_score=10077.093993 prob=1.093993
turn=19 picked cell=10,4 target_cluster=Some(0) active_clusters=1 remaining_cells=88 scans=2
turn=19 result=MISS
turn=20 mode=CHASE cluster=0 cluster_len=2 cell=9,3 score=200002.057971 chase_score=5002.057971 prob=2.057971
turn=20 picked cell=9,3 target_cluster=Some(0) active_clusters=1 remaining_cells=88 scans=2
turn=20 result=HIT
turn=21 mode=CHASE cluster=0 cluster_len=3 cell=9,2 score=300001.990327 chase_score=5001.990327 prob=1.990327
turn=21 picked cell=9,2 target_cluster=Some(0) active_clusters=1 remaining_cells=87 scans=2
turn=21 result=HIT
turn=22 mode=CHASE cluster=0 cluster_len=4 cell=9,1 score=400001.874179 chase_score=5001.874179 prob=1.874179
turn=22 picked cell=9,1 target_cluster=Some(0) active_clusters=1 remaining_cells=86 scans=2
turn=22 result=KILL
turn=22 kill_infer inferred_len=4 committed_hits=3 cluster_hits=4
turn=23 mode=CHASE cluster=0 cluster_len=1 cell=8,3 score=100000.518104 chase_score=5011.768104 prob=0.518104
turn=23 picked cell=8,3 target_cluster=Some(0) active_clusters=1 remaining_cells=85 scans=2
turn=23 result=HIT
turn=24 mode=CHASE cluster=0 cluster_len=2 cell=8,2 score=200000.550969 chase_score=10033.550969 prob=0.550969
turn=24 picked cell=8,2 target_cluster=Some(0) active_clusters=1 remaining_cells=84 scans=2
turn=24 result=HIT
turn=25 mode=CHASE cluster=0 cluster_len=3 cell=8,1 score=300000.518104 chase_score=10021.518104 prob=0.518104
turn=25 picked cell=8,1 target_cluster=Some(0) active_clusters=1 remaining_cells=83 scans=2
turn=25 result=KILL
turn=25 kill_infer inferred_len=4 committed_hits=3 cluster_hits=3
turn=26 mode=HUNT rank=1 cell=6,9 score=2.433509 prob=2.702630 density=0.894153 center=0.015000
turn=26 mode=HUNT rank=2 cell=5,9 score=2.407935 prob=2.675368 density=0.894153 center=0.014000
turn=26 mode=HUNT rank=3 cell=11,14 score=2.403888 prob=2.391087 density=1.000000 center=0.010000
turn=26 mode=HUNT rank=4 cell=10,14 score=2.387035 prob=2.373039 density=1.000000 center=0.011000
turn=26 mode=HUNT rank=5 cell=6,10 score=2.362812 prob=2.623775 density=0.894153 center=0.014000
turn=26 picked cell=6,9 target_cluster=None active_clusters=0 remaining_cells=82 scans=2
turn=26 result=MISS
turn=27 mode=HUNT rank=1 cell=11,14 score=2.511718 prob=2.498842 density=1.000000 center=0.010000
turn=27 mode=HUNT rank=2 cell=10,14 score=2.493726 prob=2.480506 density=1.000000 center=0.011000
turn=27 mode=HUNT rank=3 cell=12,14 score=2.464776 prob=2.452091 density=1.000000 center=0.009000
turn=27 mode=HUNT rank=4 cell=5,10 score=2.458099 prob=2.722149 density=0.896932 center=0.013000
turn=27 mode=HUNT rank=5 cell=9,14 score=2.408602 prob=2.395711 density=1.000000 center=0.012000
turn=27 picked cell=11,14 target_cluster=None active_clusters=0 remaining_cells=82 scans=2
turn=27 result=HIT
turn=28 mode=CHASE cluster=0 cluster_len=1 cell=10,14 score=100002.414415 chase_score=5088.914415 prob=2.414415
turn=28 picked cell=10,14 target_cluster=Some(0) active_clusters=1 remaining_cells=81 scans=2
turn=28 result=MISS
turn=29 mode=CHASE cluster=0 cluster_len=1 cell=11,13 score=100001.618873 chase_score=5059.118873 prob=1.618873
turn=29 picked cell=11,13 target_cluster=Some(0) active_clusters=1 remaining_cells=81 scans=2
turn=29 result=MISS
turn=30 mode=CHASE cluster=0 cluster_len=1 cell=12,14 score=100001.409954 chase_score=5014.909954 prob=1.409954
turn=30 picked cell=12,14 target_cluster=Some(0) active_clusters=1 remaining_cells=81 scans=2
turn=30 result=HIT
turn=31 mode=CHASE cluster=0 cluster_len=2 cell=13,14 score=200000.537186 chase_score=10042.537186 prob=0.537186
turn=31 picked cell=13,14 target_cluster=Some(0) active_clusters=1 remaining_cells=80 scans=2
turn=31 result=MISS
turn=32 mode=CHASE cluster=0 cluster_len=2 cell=12,15 score=200002.296656 chase_score=5002.296656 prob=2.296656
turn=32 picked cell=12,15 target_cluster=Some(0) active_clusters=1 remaining_cells=80 scans=2
turn=32 result=MISS
turn=33 mode=CHASE cluster=0 cluster_len=2 cell=12,13 score=200000.536973 chase_score=5000.536973 prob=0.536973
turn=33 picked cell=12,13 target_cluster=Some(0) active_clusters=1 remaining_cells=80 scans=2
turn=33 result=HIT
turn=34 mode=CHASE cluster=0 cluster_len=3 cell=12,12 score=300000.990764 chase_score=5000.990764 prob=0.990764
turn=34 picked cell=12,12 target_cluster=Some(0) active_clusters=1 remaining_cells=79 scans=2
turn=34 result=HIT
turn=35 mode=CHASE cluster=0 cluster_len=4 cell=12,11 score=400001.070993 chase_score=5001.070993 prob=1.070993
turn=35 picked cell=12,11 target_cluster=Some(0) active_clusters=1 remaining_cells=78 scans=2
turn=35 result=KILL
turn=35 kill_infer inferred_len=4 committed_hits=3 cluster_hits=4
turn=36 mode=CHASE cluster=0 cluster_len=1 cell=11,15 score=100000.492384 chase_score=5008.492384 prob=0.492384
turn=36 picked cell=11,15 target_cluster=Some(0) active_clusters=1 remaining_cells=77 scans=2
turn=36 result=KILL
turn=36 kill_infer inferred_len=2 committed_hits=1 cluster_hits=1
turn=37 mode=HUNT rank=1 cell=5,10 score=2.845736 prob=3.027771 density=0.935484 center=0.013000
turn=37 mode=HUNT rank=2 cell=5,6 score=2.835839 prob=2.777263 density=1.016347 center=0.012000
turn=37 mode=HUNT rank=3 cell=4,6 score=2.808699 prob=2.752400 density=1.016347 center=0.011000
turn=37 mode=HUNT rank=4 cell=4,10 score=2.766601 prob=2.940184 density=0.935484 center=0.012000
turn=37 mode=HUNT rank=5 cell=5,7 score=2.763055 prob=2.705324 density=1.016347 center=0.013000
turn=37 picked cell=5,10 target_cluster=None active_clusters=0 remaining_cells=76 scans=2
turn=37 result=MISS
turn=38 mode=HUNT rank=1 cell=4,6 score=2.910378 prob=2.852030 density=1.015904 center=0.011000
turn=38 mode=HUNT rank=2 cell=4,7 score=2.862676 prob=2.803719 density=1.015904 center=0.012000
turn=38 mode=HUNT rank=3 cell=3,6 score=2.831447 prob=2.775948 density=1.015904 center=0.010000
turn=38 mode=HUNT rank=4 cell=3,7 score=2.816189 prob=2.759604 density=1.015904 center=0.011000
turn=38 mode=HUNT rank=5 cell=4,8 score=2.746364 prob=2.687352 density=1.015904 center=0.013000
turn=38 picked cell=4,6 target_cluster=None active_clusters=0 remaining_cells=76 scans=2
turn=38 result=HIT
turn=39 mode=CHASE cluster=0 cluster_len=1 cell=4,7 score=100002.818374 chase_score=5085.818374 prob=2.818374
turn=39 picked cell=4,7 target_cluster=Some(0) active_clusters=1 remaining_cells=75 scans=2
turn=39 result=HIT
turn=40 mode=CHASE cluster=0 cluster_len=2 cell=4,8 score=200002.723824 chase_score=10278.723824 prob=2.723824
turn=40 picked cell=4,8 target_cluster=Some(0) active_clusters=1 remaining_cells=74 scans=2
turn=40 result=HIT
turn=41 mode=CHASE cluster=0 cluster_len=3 cell=4,9 score=300002.227234 chase_score=10214.227234 prob=2.227234
turn=41 picked cell=4,9 target_cluster=Some(0) active_clusters=1 remaining_cells=73 scans=2
turn=41 result=MISS
turn=42 mode=CHASE cluster=0 cluster_len=3 cell=4,5 score=300001.351289 chase_score=10053.351289 prob=1.351289
turn=42 picked cell=4,5 target_cluster=Some(0) active_clusters=1 remaining_cells=73 scans=2
turn=42 result=HIT
turn=43 mode=CHASE cluster=0 cluster_len=4 cell=4,4 score=400001.223557 chase_score=10045.223557 prob=1.223557
turn=43 picked cell=4,4 target_cluster=Some(0) active_clusters=1 remaining_cells=72 scans=2
turn=43 result=HIT
turn=44 mode=CHASE cluster=0 cluster_len=5 cell=4,3 score=500001.351289 chase_score=10040.351289 prob=1.351289
turn=44 picked cell=4,3 target_cluster=Some(0) active_clusters=1 remaining_cells=71 scans=2
turn=44 result=HIT
turn=45 mode=CHASE cluster=0 cluster_len=6 cell=4,2 score=600001.276888 chase_score=10034.276888 prob=1.276888
turn=45 picked cell=4,2 target_cluster=Some(0) active_clusters=1 remaining_cells=70 scans=2
turn=45 result=KILL
turn=45 kill_infer inferred_len=7 committed_hits=6 cluster_hits=6
turn=46 mode=HUNT rank=1 cell=9,16 score=2.565085 prob=2.554630 density=1.000000 center=0.010000
turn=46 mode=HUNT rank=2 cell=16,8 score=2.376930 prob=2.337766 density=1.010684 center=0.010000
turn=46 mode=HUNT rank=3 cell=15,8 score=2.376209 prob=2.337766 density=1.010684 center=0.011000
turn=46 mode=HUNT rank=4 cell=15,9 score=2.347025 prob=2.331772 density=1.000000 center=0.011000
turn=46 mode=HUNT rank=5 cell=9,17 score=2.345659 prob=2.333169 density=1.000000 center=0.009000
turn=46 picked cell=9,16 target_cluster=None active_clusters=0 remaining_cells=69 scans=2
turn=46 result=MISS
turn=47 mode=HUNT rank=1 cell=15,8 score=2.514063 prob=2.481865 density=1.007088 center=0.011000
turn=47 mode=HUNT rank=2 cell=16,8 score=2.510849 prob=2.481865 density=1.007088 center=0.010000
turn=47 mode=HUNT rank=3 cell=15,9 score=2.491263 prob=2.477667 density=1.000000 center=0.011000
turn=47 mode=HUNT rank=4 cell=16,9 score=2.489302 prob=2.477667 density=1.000000 center=0.010000
turn=47 mode=HUNT rank=5 cell=3,11 score=2.448716 prob=2.825994 density=0.861624 center=0.010000
turn=47 picked cell=15,8 target_cluster=None active_clusters=0 remaining_cells=69 scans=2
turn=47 result=MISS
turn=48 mode=HUNT rank=1 cell=16,9 score=2.643349 prob=2.632653 density=1.000000 center=0.010000
turn=48 mode=HUNT rank=2 cell=3,11 score=2.578873 prob=2.987301 density=0.858547 center=0.010000
turn=48 mode=HUNT rank=3 cell=14,9 score=2.552365 prob=2.538254 density=1.000000 center=0.012000
turn=48 mode=HUNT rank=4 cell=17,9 score=2.549270 prob=2.538254 density=1.000000 center=0.009000
turn=48 mode=HUNT rank=5 cell=16,7 score=2.544978 prob=2.504528 density=1.010870 center=0.009000
turn=48 picked cell=16,9 target_cluster=None active_clusters=0 remaining_cells=69 scans=2
turn=48 result=HIT
turn=49 mode=CHASE cluster=0 cluster_len=1 cell=16,10 score=100002.273050 chase_score=5079.273050 prob=2.273050
turn=49 picked cell=16,10 target_cluster=Some(0) active_clusters=1 remaining_cells=68 scans=2
turn=49 result=MISS
turn=50 mode=CHASE cluster=0 cluster_len=1 cell=16,8 score=100000.788504 chase_score=5017.538504 prob=0.788504
turn=50 picked cell=16,8 target_cluster=Some(0) active_clusters=1 remaining_cells=68 scans=2
turn=50 result=HIT
turn=51 mode=CHASE cluster=0 cluster_len=2 cell=16,7 score=200001.158889 chase_score=10058.158889 prob=1.158889
turn=51 picked cell=16,7 target_cluster=Some(0) active_clusters=1 remaining_cells=67 scans=2
turn=51 result=HIT
turn=52 mode=CHASE cluster=0 cluster_len=3 cell=16,6 score=300001.250687 chase_score=10046.250687 prob=1.250687
turn=52 picked cell=16,6 target_cluster=Some(0) active_clusters=1 remaining_cells=66 scans=2
turn=52 result=HIT
turn=53 mode=CHASE cluster=0 cluster_len=4 cell=16,5 score=400001.366796 chase_score=10038.366796 prob=1.366796
turn=53 picked cell=16,5 target_cluster=Some(0) active_clusters=1 remaining_cells=65 scans=2
turn=53 result=HIT
turn=54 mode=CHASE cluster=0 cluster_len=5 cell=16,4 score=500001.454411 chase_score=10033.454411 prob=1.454411
turn=54 picked cell=16,4 target_cluster=Some(0) active_clusters=1 remaining_cells=64 scans=2
turn=54 result=HIT
turn=55 mode=CHASE cluster=0 cluster_len=6 cell=16,3 score=600001.450354 chase_score=10027.450354 prob=1.450354
turn=55 picked cell=16,3 target_cluster=Some(0) active_clusters=1 remaining_cells=63 scans=2
turn=55 result=HIT
turn=56 mode=CHASE cluster=0 cluster_len=7 cell=16,2 score=700001.358556 chase_score=10027.358556 prob=1.358556
turn=56 picked cell=16,2 target_cluster=Some(0) active_clusters=1 remaining_cells=62 scans=2
turn=56 result=HIT
turn=57 mode=CHASE cluster=0 cluster_len=8 cell=16,1 score=800001.164505 chase_score=10019.164505 prob=1.164505
turn=57 picked cell=16,1 target_cluster=Some(0) active_clusters=1 remaining_cells=61 scans=2
turn=57 result=KILL
turn=57 kill_infer inferred_len=9 committed_hits=8 cluster_hits=8
turn=58 mode=HUNT rank=1 cell=3,11 score=2.462939 prob=2.575698 density=0.951941 center=0.010000
turn=58 mode=HUNT rank=2 cell=7,12 score=2.412421 prob=2.518363 density=0.951941 center=0.013000
turn=58 mode=HUNT rank=3 cell=7,11 score=2.409851 prob=2.515192 density=0.951941 center=0.014000
turn=58 mode=HUNT rank=4 cell=3,12 score=2.357279 prob=2.466775 density=0.951941 center=0.009000
turn=58 mode=HUNT rank=5 cell=2,11 score=2.261041 prob=2.363116 density=0.951941 center=0.009000
turn=58 picked cell=3,11 target_cluster=None active_clusters=0 remaining_cells=60 scans=2
turn=58 result=HIT
turn=59 mode=CHASE cluster=0 cluster_len=1 cell=3,10 score=100001.885728 chase_score=5058.635728 prob=1.885728
turn=59 picked cell=3,10 target_cluster=Some(0) active_clusters=1 remaining_cells=59 scans=2
turn=59 result=HIT
turn=60 mode=CHASE cluster=0 cluster_len=2 cell=3,9 score=200001.805096 chase_score=10179.805096 prob=1.805096
turn=60 picked cell=3,9 target_cluster=Some(0) active_clusters=1 remaining_cells=58 scans=2
turn=60 result=HIT
turn=61 mode=CHASE cluster=0 cluster_len=3 cell=3,12 score=300002.434515 chase_score=10132.434515 prob=2.434515
turn=61 picked cell=3,12 target_cluster=Some(0) active_clusters=1 remaining_cells=57 scans=2
turn=61 result=MISS
turn=62 mode=CHASE cluster=0 cluster_len=3 cell=3,8 score=300001.242552 chase_score=10037.242552 prob=1.242552
turn=62 picked cell=3,8 target_cluster=Some(0) active_clusters=1 remaining_cells=57 scans=2
turn=62 result=HIT
turn=63 mode=CHASE cluster=0 cluster_len=4 cell=3,7 score=400001.354541 chase_score=10029.354541 prob=1.354541
turn=63 picked cell=3,7 target_cluster=Some(0) active_clusters=1 remaining_cells=56 scans=2
turn=63 result=HIT
turn=64 mode=CHASE cluster=0 cluster_len=5 cell=3,6 score=500001.387191 chase_score=10024.387191 prob=1.387191
turn=64 picked cell=3,6 target_cluster=Some(0) active_clusters=1 remaining_cells=55 scans=2
turn=64 result=HIT
turn=65 mode=CHASE cluster=0 cluster_len=6 cell=3,5 score=600001.387191 chase_score=10018.387191 prob=1.387191
turn=65 picked cell=3,5 target_cluster=Some(0) active_clusters=1 remaining_cells=54 scans=2
turn=65 result=HIT
turn=66 mode=CHASE cluster=0 cluster_len=7 cell=3,4 score=700001.354541 chase_score=10018.354541 prob=1.354541
turn=66 picked cell=3,4 target_cluster=Some(0) active_clusters=1 remaining_cells=53 scans=2
turn=66 result=KILL
turn=66 kill_infer inferred_len=8 committed_hits=7 cluster_hits=7
turn=67 mode=HUNT rank=1 cell=14,9 score=1.561642 prob=1.546795 density=1.000000 center=0.012000
turn=67 mode=HUNT rank=2 cell=10,17 score=1.554956 prob=1.545158 density=1.000000 center=0.008000
turn=67 mode=HUNT rank=3 cell=7,13 score=1.549210 prob=1.829104 density=0.839416 center=0.012000
turn=67 mode=HUNT rank=4 cell=14,11 score=1.542031 prob=1.529936 density=1.000000 center=0.010000
turn=67 mode=HUNT rank=5 cell=17,11 score=1.541065 prob=1.529936 density=1.000000 center=0.007000
turn=67 picked cell=14,9 target_cluster=None active_clusters=0 remaining_cells=52 scans=2
turn=67 result=HIT
turn=68 mode=CHASE cluster=0 cluster_len=1 cell=14,8 score=100001.350099 chase_score=5046.350099 prob=1.350099
turn=68 picked cell=14,8 target_cluster=Some(0) active_clusters=1 remaining_cells=51 scans=2
turn=68 result=HIT
turn=69 mode=CHASE cluster=0 cluster_len=2 cell=14,7 score=200001.315653 chase_score=10131.315653 prob=1.315653
turn=69 picked cell=14,7 target_cluster=Some(0) active_clusters=1 remaining_cells=50 scans=2
turn=69 result=HIT
turn=70 mode=CHASE cluster=0 cluster_len=3 cell=14,10 score=300001.315653 chase_score=10091.315653 prob=1.315653
turn=70 picked cell=14,10 target_cluster=Some(0) active_clusters=1 remaining_cells=49 scans=2
turn=70 result=HIT
turn=71 mode=CHASE cluster=0 cluster_len=4 cell=14,11 score=400001.327803 chase_score=10063.327803 prob=1.327803
turn=71 picked cell=14,11 target_cluster=Some(0) active_clusters=1 remaining_cells=48 scans=2
turn=71 result=HIT
turn=72 mode=CHASE cluster=0 cluster_len=5 cell=14,12 score=500001.255316 chase_score=10043.255316 prob=1.255316
turn=72 picked cell=14,12 target_cluster=Some(0) active_clusters=1 remaining_cells=47 scans=2
turn=72 result=HIT
turn=73 mode=CHASE cluster=0 cluster_len=6 cell=14,6 score=600001.243166 chase_score=10028.243166 prob=1.243166
turn=73 picked cell=14,6 target_cluster=Some(0) active_clusters=1 remaining_cells=46 scans=2
turn=73 result=HIT
turn=74 mode=CHASE cluster=0 cluster_len=7 cell=14,5 score=700001.257697 chase_score=10019.257697 prob=1.257697
turn=74 picked cell=14,5 target_cluster=Some(0) active_clusters=1 remaining_cells=45 scans=2
turn=74 result=HIT
turn=75 mode=CHASE cluster=0 cluster_len=8 cell=14,4 score=800001.297399 chase_score=10010.297399 prob=1.297399
turn=75 picked cell=14,4 target_cluster=Some(0) active_clusters=1 remaining_cells=44 scans=2
turn=75 result=MISS
turn=76 mode=CHASE cluster=0 cluster_len=8 cell=14,13 score=800001.193169 chase_score=10010.193169 prob=1.193169
turn=76 picked cell=14,13 target_cluster=Some(0) active_clusters=1 remaining_cells=44 scans=2
turn=76 result=KILL
turn=76 kill_infer inferred_len=9 committed_hits=8 cluster_hits=8
turn=77 mode=HUNT rank=1 cell=8,12 score=1.186245 prob=1.198411 density=0.976065 center=0.014000
turn=77 mode=HUNT rank=2 cell=7,12 score=1.183863 prob=1.196625 density=0.976065 center=0.013000
turn=77 mode=HUNT rank=3 cell=7,13 score=1.183213 prob=1.198553 density=0.976065 center=0.012000
turn=77 mode=HUNT rank=4 cell=8,11 score=1.179765 prob=1.192601 density=0.976065 center=0.015000
turn=77 mode=HUNT rank=5 cell=7,11 score=1.177353 prob=1.190816 density=0.976065 center=0.014000
turn=77 picked cell=8,12 target_cluster=None active_clusters=0 remaining_cells=43 scans=2
turn=77 result=MISS
turn=78 mode=HUNT rank=1 cell=7,13 score=1.238776 prob=1.249564 density=0.979309 center=0.012000
turn=78 mode=HUNT rank=2 cell=7,11 score=1.231881 prob=1.241135 density=0.979309 center=0.014000
turn=78 mode=HUNT rank=3 cell=6,13 score=1.203976 prob=1.215976 density=0.979309 center=0.011000
turn=78 mode=HUNT rank=4 cell=4,13 score=1.201492 prob=1.215242 density=0.979309 center=0.009000
turn=78 mode=HUNT rank=5 cell=4,14 score=1.198918 prob=1.215242 density=0.979309 center=0.008000
turn=78 picked cell=7,13 target_cluster=None active_clusters=0 remaining_cells=43 scans=2
turn=78 result=MISS
turn=79 mode=HUNT rank=1 cell=4,14 score=1.250985 prob=1.262146 density=0.982601 center=0.008000
turn=79 mode=HUNT rank=2 cell=6,14 score=1.192197 prob=1.200794 density=0.982601 center=0.010000
turn=79 mode=HUNT rank=3 cell=5,14 score=1.189310 prob=1.200634 density=0.982601 center=0.009000
turn=79 mode=HUNT rank=4 cell=6,15 score=1.189222 prob=1.200412 density=0.982601 center=0.009000
turn=79 mode=HUNT rank=5 cell=5,15 score=1.187319 prob=1.200069 density=0.982601 center=0.008000
turn=79 picked cell=4,14 target_cluster=None active_clusters=0 remaining_cells=43 scans=2
turn=79 result=MISS
turn=80 mode=HUNT rank=1 cell=6,15 score=1.246508 prob=1.251858 density=0.985942 center=0.009000
turn=80 mode=HUNT rank=2 cell=5,15 score=1.244583 prob=1.251569 density=0.985942 center=0.008000
turn=80 mode=HUNT rank=3 cell=2,13 score=1.203915 prob=1.212329 density=0.985942 center=0.007000
turn=80 mode=HUNT rank=4 cell=1,13 score=1.091813 prob=1.097135 density=0.985942 center=0.006000
turn=80 mode=HUNT rank=5 cell=2,15 score=1.076226 prob=1.083444 density=0.985942 center=0.005000
turn=80 picked cell=6,15 target_cluster=None active_clusters=0 remaining_cells=43 scans=2
turn=80 result=HIT
turn=81 mode=CHASE cluster=0 cluster_len=1 cell=5,15 score=100001.160005 chase_score=5028.160005 prob=1.160005
turn=81 picked cell=5,15 target_cluster=Some(0) active_clusters=1 remaining_cells=42 scans=2
turn=81 result=HIT
turn=82 mode=CHASE cluster=0 cluster_len=2 cell=7,15 score=200000.802488 chase_score=10067.802488 prob=0.802488
turn=82 picked cell=7,15 target_cluster=Some(0) active_clusters=1 remaining_cells=41 scans=2
turn=82 result=MISS
turn=83 mode=CHASE cluster=0 cluster_len=2 cell=4,15 score=200000.562570 chase_score=10031.562570 prob=0.562570
turn=83 picked cell=4,15 target_cluster=Some(0) active_clusters=1 remaining_cells=41 scans=2
turn=83 result=MISS
turn=84 mode=CHASE cluster=0 cluster_len=2 cell=5,16 score=200000.985488 chase_score=5000.985488 prob=0.985488
turn=84 picked cell=5,16 target_cluster=Some(0) active_clusters=1 remaining_cells=41 scans=2
turn=84 result=HIT
turn=85 mode=CHASE cluster=0 cluster_len=3 cell=5,17 score=300000.902014 chase_score=5000.902014 prob=0.902014
turn=85 picked cell=5,17 target_cluster=Some(0) active_clusters=1 remaining_cells=40 scans=2
turn=85 result=MISS
turn=86 mode=CHASE cluster=0 cluster_len=3 cell=6,16 score=300000.913930 chase_score=5000.913930 prob=0.913930
turn=86 picked cell=6,16 target_cluster=Some(0) active_clusters=1 remaining_cells=40 scans=2
turn=86 result=HIT
turn=87 mode=CHASE cluster=0 cluster_len=4 cell=6,14 score=400000.875345 chase_score=5000.875345 prob=0.875345
turn=87 picked cell=6,14 target_cluster=Some(0) active_clusters=1 remaining_cells=39 scans=2
turn=87 result=MISS
turn=88 mode=CHASE cluster=0 cluster_len=4 cell=4,16 score=400000.721484 chase_score=5000.721484 prob=0.721484
turn=88 picked cell=4,16 target_cluster=Some(0) active_clusters=1 remaining_cells=39 scans=2
turn=88 result=MISS
turn=89 mode=CHASE cluster=0 cluster_len=4 cell=5,14 score=400000.455796 chase_score=5000.455796 prob=0.455796
turn=89 picked cell=5,14 target_cluster=Some(0) active_clusters=1 remaining_cells=39 scans=2
turn=89 result=HIT
turn=90 mode=CHASE cluster=0 cluster_len=5 cell=5,13 score=500000.847993 chase_score=5000.847993 prob=0.847993
turn=90 picked cell=5,13 target_cluster=Some(0) active_clusters=1 remaining_cells=38 scans=2
turn=90 result=KILL
turn=90 kill_infer inferred_len=4 committed_hits=3 cluster_hits=5
turn=91 mode=CHASE cluster=0 cluster_len=2 cell=6,17 score=200000.277584 chase_score=10012.277584 prob=0.277584
turn=91 picked cell=6,17 target_cluster=Some(0) active_clusters=1 remaining_cells=37 scans=2
turn=91 result=KILL
turn=91 kill_infer inferred_len=3 committed_hits=2 cluster_hits=2
turn=92 mode=HUNT rank=1 cell=9,11 score=0.983574 prob=0.965360 density=1.000000 center=0.015000
turn=92 mode=HUNT rank=2 cell=15,16 score=0.910047 prob=0.904506 density=1.000000 center=0.004000
turn=92 mode=HUNT rank=3 cell=10,10 score=0.875651 prob=0.859665 density=1.000000 center=0.015000
turn=92 mode=HUNT rank=4 cell=9,10 score=0.874493 prob=0.854714 density=1.000000 center=0.016000
turn=92 mode=HUNT rank=5 cell=17,12 score=0.848269 prob=0.840421 density=1.000000 center=0.006000
turn=92 picked cell=9,11 target_cluster=None active_clusters=0 remaining_cells=36 scans=2
turn=92 result=MISS
turn=93 mode=HUNT rank=1 cell=15,16 score=0.960548 prob=0.952772 density=1.000000 center=0.004000
turn=93 mode=HUNT rank=2 cell=10,10 score=0.922499 prob=0.904319 density=1.000000 center=0.015000
turn=93 mode=HUNT rank=3 cell=17,12 score=0.894348 prob=0.885695 density=1.000000 center=0.006000
turn=93 mode=HUNT rank=4 cell=17,11 score=0.892535 prob=0.882862 density=1.000000 center=0.007000
turn=93 mode=HUNT rank=5 cell=15,14 score=0.877135 prob=0.870051 density=1.000000 center=0.006000
turn=93 picked cell=15,16 target_cluster=None active_clusters=0 remaining_cells=36 scans=2
turn=93 result=MISS
turn=94 mode=HUNT rank=1 cell=10,10 score=0.961839 prob=0.944714 density=1.000000 center=0.015000
turn=94 mode=HUNT rank=2 cell=17,11 score=0.935080 prob=0.924984 density=1.000000 center=0.007000
turn=94 mode=HUNT rank=3 cell=17,12 score=0.934393 prob=0.928158 density=1.000000 center=0.006000
turn=94 mode=HUNT rank=4 cell=11,0 score=0.905479 prob=0.959832 density=0.932439 center=0.007000
turn=94 mode=HUNT rank=5 cell=13,17 score=0.884749 prob=0.877779 density=1.000000 center=0.005000
turn=94 picked cell=10,10 target_cluster=None active_clusters=0 remaining_cells=36 scans=2
turn=94 result=MISS
turn=95 mode=HUNT rank=1 cell=17,12 score=0.993882 prob=0.984383 density=1.000000 center=0.006000
turn=95 mode=HUNT rank=2 cell=17,11 score=0.991903 prob=0.980818 density=1.000000 center=0.007000
turn=95 mode=HUNT rank=3 cell=11,0 score=0.948738 prob=1.013365 density=0.928437 center=0.007000
turn=95 mode=HUNT rank=4 cell=17,13 score=0.940466 prob=0.932169 density=1.000000 center=0.005000
turn=95 mode=HUNT rank=5 cell=13,17 score=0.938851 prob=0.931339 density=1.000000 center=0.005000
turn=95 picked cell=17,12 target_cluster=None active_clusters=0 remaining_cells=36 scans=2
turn=95 result=MISS
turn=96 mode=HUNT rank=1 cell=11,0 score=0.990598 prob=1.061192 density=0.924435 center=0.007000
turn=96 mode=HUNT rank=2 cell=12,17 score=0.989873 prob=0.979602 density=1.000000 center=0.006000
turn=96 mode=HUNT rank=3 cell=13,17 score=0.985103 prob=0.978430 density=1.000000 center=0.005000
turn=96 mode=HUNT rank=4 cell=13,0 score=0.949553 prob=1.019941 density=0.924435 center=0.005000
turn=96 mode=HUNT rank=5 cell=12,0 score=0.948912 prob=1.015697 density=0.924435 center=0.006000
turn=96 picked cell=11,0 target_cluster=None active_clusters=0 remaining_cells=36 scans=2
turn=96 result=HIT
turn=97 mode=CHASE cluster=0 cluster_len=1 cell=12,0 score=100000.915326 chase_score=5023.415326 prob=0.915326
turn=97 picked cell=12,0 target_cluster=Some(0) active_clusters=1 remaining_cells=35 scans=2
turn=97 result=HIT
turn=98 mode=CHASE cluster=0 cluster_len=2 cell=13,0 score=200000.915326 chase_score=10056.915326 prob=0.915326
turn=98 picked cell=13,0 target_cluster=Some(0) active_clusters=1 remaining_cells=34 scans=2
turn=98 result=HIT
turn=99 mode=CHASE cluster=0 cluster_len=3 cell=10,0 score=300000.881944 chase_score=10032.881944 prob=0.881944
turn=99 picked cell=10,0 target_cluster=Some(0) active_clusters=1 remaining_cells=33 scans=2
turn=99 result=MISS
turn=100 mode=CHASE cluster=0 cluster_len=3 cell=14,0 score=300000.644129 chase_score=10015.644129 prob=0.644129
turn=100 picked cell=14,0 target_cluster=Some(0) active_clusters=1 remaining_cells=33 scans=2
turn=100 result=HIT
turn=101 mode=CHASE cluster=0 cluster_len=4 cell=15,0 score=400000.706421 chase_score=10011.706421 prob=0.706421
turn=101 picked cell=15,0 target_cluster=Some(0) active_clusters=1 remaining_cells=32 scans=2
turn=101 result=HIT
turn=102 mode=CHASE cluster=0 cluster_len=5 cell=16,0 score=500000.408371 chase_score=10006.408371 prob=0.408371
turn=102 picked cell=16,0 target_cluster=Some(0) active_clusters=1 remaining_cells=31 scans=2
turn=102 result=KILL
turn=102 kill_infer inferred_len=6 committed_hits=5 cluster_hits=5
turn=103 mode=HUNT rank=1 cell=2,13 score=0.864900 prob=0.873980 density=0.979235 center=0.007000
turn=103 mode=HUNT rank=2 cell=1,13 score=0.819627 prob=0.826592 density=0.979235 center=0.006000
turn=103 mode=HUNT rank=3 cell=16,15 score=0.741891 prob=0.737741 density=1.000000 center=0.004000
turn=103 mode=HUNT rank=4 cell=11,9 score=0.723746 prob=0.704668 density=1.000000 center=0.015000
turn=103 mode=HUNT rank=5 cell=2,14 score=0.717226 prob=0.722422 density=0.979235 center=0.006000
turn=103 picked cell=2,13 target_cluster=None active_clusters=0 remaining_cells=30 scans=2
turn=103 result=HIT
turn=104 mode=CHASE cluster=0 cluster_len=1 cell=2,14 score=100000.626126 chase_score=5015.626126 prob=0.626126
turn=104 picked cell=2,14 target_cluster=Some(0) active_clusters=1 remaining_cells=29 scans=2
turn=104 result=KILL
turn=104 kill_infer inferred_len=2 committed_hits=1 cluster_hits=1
turn=105 mode=HUNT rank=1 cell=16,15 score=0.734759 prob=0.726786 density=1.000000 center=0.004000
turn=105 mode=HUNT rank=2 cell=11,9 score=0.715008 prob=0.698074 density=1.000000 center=0.015000
turn=105 mode=HUNT rank=3 cell=16,14 score=0.689946 prob=0.684587 density=1.000000 center=0.005000
turn=105 mode=HUNT rank=4 cell=13,17 score=0.662019 prob=0.653131 density=1.000000 center=0.005000
turn=105 mode=HUNT rank=5 cell=14,17 score=0.645355 prob=0.638148 density=1.000000 center=0.004000
turn=105 picked cell=16,15 target_cluster=None active_clusters=0 remaining_cells=28 scans=2
turn=105 result=HIT
turn=106 mode=CHASE cluster=0 cluster_len=1 cell=16,14 score=100000.575158 chase_score=5013.825158 prob=0.575158
turn=106 picked cell=16,14 target_cluster=Some(0) active_clusters=1 remaining_cells=27 scans=2
turn=106 result=HIT
turn=107 mode=CHASE cluster=0 cluster_len=2 cell=16,13 score=200000.487340 chase_score=10032.487340 prob=0.487340
turn=107 picked cell=16,13 target_cluster=Some(0) active_clusters=1 remaining_cells=26 scans=2
turn=107 result=KILL
turn=107 kill_infer inferred_len=3 committed_hits=2 cluster_hits=2
turn=108 mode=HUNT rank=1 cell=8,9 score=0.637836 prob=0.604216 density=1.022000 center=0.017000
turn=108 mode=HUNT rank=2 cell=1,12 score=0.629204 prob=0.605488 density=1.022000 center=0.007000
turn=108 mode=HUNT rank=3 cell=1,11 score=0.625571 prob=0.602339 density=1.022000 center=0.008000
turn=108 mode=HUNT rank=4 cell=1,10 score=0.619743 prob=0.595730 density=1.022000 center=0.009000
turn=108 mode=HUNT rank=5 cell=11,9 score=0.618345 prob=0.599587 density=1.000000 center=0.015000
turn=108 picked cell=8,9 target_cluster=None active_clusters=0 remaining_cells=25 scans=2
turn=108 result=HIT
turn=109 mode=CHASE cluster=0 cluster_len=1 cell=8,8 score=100000.411102 chase_score=5010.911102 prob=0.411102
turn=109 picked cell=8,8 target_cluster=Some(0) active_clusters=1 remaining_cells=24 scans=2
turn=109 result=MISS
turn=110 mode=CHASE cluster=0 cluster_len=1 cell=9,9 score=100000.363440 chase_score=5009.863440 prob=0.363440
turn=110 picked cell=9,9 target_cluster=Some(0) active_clusters=1 remaining_cells=24 scans=2
turn=110 result=MISS
turn=111 mode=CHASE cluster=0 cluster_len=1 cell=8,10 score=100000.277502 chase_score=5003.777502 prob=0.277502
turn=111 picked cell=8,10 target_cluster=Some(0) active_clusters=1 remaining_cells=24 scans=2
turn=111 result=KILL
turn=111 kill_infer inferred_len=2 committed_hits=1 cluster_hits=1
turn=112 mode=HUNT rank=1 cell=13,17 score=0.568688 prob=0.560731 density=1.000000 center=0.005000
turn=112 mode=HUNT rank=2 cell=14,17 score=0.554652 prob=0.546615 density=1.000000 center=0.004000
turn=112 mode=HUNT rank=3 cell=1,10 score=0.549789 prob=0.560538 density=0.958751 center=0.009000
turn=112 mode=HUNT rank=4 cell=1,12 score=0.549248 prob=0.565235 density=0.958751 center=0.007000
turn=112 mode=HUNT rank=5 cell=1,11 score=0.548995 prob=0.563727 density=0.958751 center=0.008000
turn=112 picked cell=13,17 target_cluster=None active_clusters=0 remaining_cells=23 scans=2
turn=112 result=HIT
turn=113 mode=CHASE cluster=0 cluster_len=1 cell=14,17 score=100000.513013 chase_score=5013.013013 prob=0.513013
turn=113 picked cell=14,17 target_cluster=Some(0) active_clusters=1 remaining_cells=22 scans=2
turn=113 result=MISS
turn=114 mode=CHASE cluster=0 cluster_len=1 cell=12,17 score=100000.302087 chase_score=5005.552087 prob=0.302087
turn=114 picked cell=12,17 target_cluster=Some(0) active_clusters=1 remaining_cells=22 scans=2
turn=114 result=KILL
turn=114 kill_infer inferred_len=2 committed_hits=1 cluster_hits=1
turn=115 mode=HUNT rank=1 cell=6,6 score=0.670089 prob=0.626239 density=1.045270 center=0.013000
turn=115 mode=HUNT rank=2 cell=5,1 score=0.664879 prob=0.627370 density=1.045270 center=0.007000
turn=115 mode=HUNT rank=3 cell=2,1 score=0.661973 prob=0.627370 density=1.045270 center=0.004000
turn=115 mode=HUNT rank=4 cell=7,7 score=0.661604 prob=0.617776 density=1.045270 center=0.015000
turn=115 mode=HUNT rank=5 cell=5,0 score=0.652130 prob=0.614787 density=1.045270 center=0.006000
turn=115 picked cell=6,6 target_cluster=None active_clusters=0 remaining_cells=21 scans=2
turn=115 result=MISS
turn=116 mode=HUNT rank=1 cell=2,1 score=0.698426 prob=0.655129 density=1.053940 center=0.004000
turn=116 mode=HUNT rank=2 cell=5,1 score=0.698395 prob=0.655129 density=1.053940 center=0.007000
turn=116 mode=HUNT rank=3 cell=7,7 score=0.694160 prob=0.644038 density=1.053940 center=0.015000
turn=116 mode=HUNT rank=4 cell=5,0 score=0.684121 prob=0.642692 density=1.053940 center=0.006000
turn=116 mode=HUNT rank=5 cell=2,3 score=0.652868 prob=0.610200 density=1.053940 center=0.006000
turn=116 picked cell=2,1 target_cluster=None active_clusters=0 remaining_cells=21 scans=2
turn=116 result=HIT
turn=117 mode=CHASE cluster=0 cluster_len=1 cell=3,1 score=100000.598501 chase_score=5011.348501 prob=0.598501
turn=117 picked cell=3,1 target_cluster=Some(0) active_clusters=1 remaining_cells=20 scans=2
turn=117 result=HIT
turn=118 mode=CHASE cluster=0 cluster_len=2 cell=4,1 score=200000.478254 chase_score=10029.478254 prob=0.478254
turn=118 picked cell=4,1 target_cluster=Some(0) active_clusters=1 remaining_cells=19 scans=2
turn=118 result=HIT
turn=119 mode=CHASE cluster=0 cluster_len=3 cell=5,1 score=300000.642634 chase_score=10014.642634 prob=0.642634
turn=119 picked cell=5,1 target_cluster=Some(0) active_clusters=1 remaining_cells=18 scans=2
turn=119 result=MISS
turn=120 mode=CHASE cluster=0 cluster_len=3 cell=1,1 score=300000.494982 chase_score=10009.494982 prob=0.494982
turn=120 picked cell=1,1 target_cluster=Some(0) active_clusters=1 remaining_cells=18 scans=2
turn=120 result=KILL
turn=120 kill_infer inferred_len=4 committed_hits=3 cluster_hits=3
turn=121 mode=HUNT rank=1 cell=15,11 score=0.477798 prob=0.466793 density=1.000000 center=0.009000
turn=121 mode=HUNT rank=2 cell=1,12 score=0.475145 prob=0.533095 density=0.873344 center=0.007000
turn=121 mode=HUNT rank=3 cell=1,11 score=0.470524 prob=0.529005 density=0.873344 center=0.008000
turn=121 mode=HUNT rank=4 cell=1,10 score=0.467060 prob=0.520344 density=0.873344 center=0.009000
turn=121 mode=HUNT rank=5 cell=0,11 score=0.452461 prob=0.505958 density=0.873344 center=0.007000
turn=121 picked cell=15,11 target_cluster=None active_clusters=0 remaining_cells=17 scans=2
turn=121 result=MISS
turn=122 mode=HUNT rank=1 cell=1,12 score=0.491954 prob=0.553495 density=0.869104 center=0.007000
turn=122 mode=HUNT rank=2 cell=1,11 score=0.485801 prob=0.549125 density=0.869104 center=0.008000
turn=122 mode=HUNT rank=3 cell=1,10 score=0.480883 prob=0.539901 density=0.869104 center=0.009000
turn=122 mode=HUNT rank=4 cell=0,12 score=0.469551 prob=0.529753 density=0.869104 center=0.006000
turn=122 mode=HUNT rank=5 cell=1,9 score=0.466763 prob=0.523743 density=0.869104 center=0.010000
turn=122 picked cell=1,12 target_cluster=None active_clusters=0 remaining_cells=17 scans=2
turn=122 result=MISS
turn=123 mode=HUNT rank=1 cell=0,11 score=0.497604 prob=0.558153 density=0.872727 center=0.007000
turn=123 mode=HUNT rank=2 cell=0,10 score=0.488015 prob=0.548094 density=0.872727 center=0.008000
turn=123 mode=HUNT rank=3 cell=0,9 score=0.474884 prob=0.530547 density=0.872727 center=0.009000
turn=123 mode=HUNT rank=4 cell=11,9 score=0.471917 prob=0.453659 density=1.000000 center=0.015000
turn=123 mode=HUNT rank=5 cell=0,13 score=0.464082 prob=0.521610 density=0.872727 center=0.005000
turn=123 picked cell=0,11 target_cluster=None active_clusters=0 remaining_cells=17 scans=2
turn=123 result=MISS
turn=124 mode=HUNT rank=1 cell=11,9 score=0.467580 prob=0.449193 density=1.000000 center=0.015000
turn=124 mode=HUNT rank=2 cell=2,9 score=0.427657 prob=0.473649 density=0.876417 center=0.011000
turn=124 mode=HUNT rank=3 cell=7,11 score=0.425573 prob=0.465810 density=0.876417 center=0.014000
turn=124 mode=HUNT rank=4 cell=13,3 score=0.420766 prob=0.513344 density=0.803733 center=0.008000
turn=124 mode=HUNT rank=5 cell=17,9 score=0.408610 prob=0.397149 density=1.000000 center=0.009000
turn=124 picked cell=11,9 target_cluster=None active_clusters=0 remaining_cells=17 scans=2
turn=124 result=HIT
turn=125 mode=CHASE cluster=0 cluster_len=1 cell=11,8 score=100000.339820 chase_score=5006.839820 prob=0.339820
turn=125 picked cell=11,8 target_cluster=Some(0) active_clusters=1 remaining_cells=16 scans=2
turn=125 result=KILL
turn=125 kill_infer inferred_len=2 committed_hits=1 cluster_hits=1
turn=126 mode=HUNT rank=1 cell=2,9 score=0.507832 prob=0.503233 density=0.983486 center=0.011000
turn=126 mode=HUNT rank=2 cell=7,11 score=0.491956 prob=0.483635 density=0.983486 center=0.014000
turn=126 mode=HUNT rank=3 cell=2,10 score=0.460909 prob=0.455660 density=0.983486 center=0.010000
turn=126 mode=HUNT rank=4 cell=1,9 score=0.454774 prob=0.451550 density=0.983486 center=0.010000
turn=126 mode=HUNT rank=5 cell=7,9 score=0.449660 prob=0.438320 density=0.983486 center=0.016000
turn=126 picked cell=2,9 target_cluster=None active_clusters=0 remaining_cells=15 scans=2
turn=126 result=MISS
turn=127 mode=HUNT rank=1 cell=7,11 score=0.513859 prob=0.503081 density=0.987654 center=0.014000
turn=127 mode=HUNT rank=2 cell=7,9 score=0.469303 prob=0.457095 density=0.987654 center=0.016000
turn=127 mode=HUNT rank=3 cell=7,7 score=0.445580 prob=0.559129 density=0.767110 center=0.015000
turn=127 mode=HUNT rank=4 cell=7,10 score=0.433880 prob=0.421723 density=0.987654 center=0.015000
turn=127 mode=HUNT rank=5 cell=6,11 score=0.428404 prob=0.419047 density=0.987654 center=0.013000
turn=127 picked cell=7,11 target_cluster=None active_clusters=0 remaining_cells=15 scans=2
turn=127 result=MISS
turn=128 mode=HUNT rank=1 cell=0,15 score=0.467993 prob=0.468766 density=0.991900 center=0.003000
turn=128 mode=HUNT rank=2 cell=1,15 score=0.463062 prob=0.462328 density=0.991900 center=0.004000
turn=128 mode=HUNT rank=3 cell=1,7 score=0.459680 prob=0.585363 density=0.766556 center=0.009000
turn=128 mode=HUNT rank=4 cell=1,9 score=0.449430 prob=0.441526 density=0.991900 center=0.010000
turn=128 mode=HUNT rank=5 cell=1,6 score=0.447168 prob=0.571012 density=0.766556 center=0.008000
turn=128 picked cell=0,15 target_cluster=None active_clusters=0 remaining_cells=15 scans=2
turn=128 result=MISS
turn=129 mode=HUNT rank=1 cell=1,7 score=0.477760 prob=0.608218 density=0.766030 center=0.009000
turn=129 mode=HUNT rank=2 cell=1,9 score=0.469279 prob=0.459410 density=0.996226 center=0.010000
turn=129 mode=HUNT rank=3 cell=1,6 score=0.462287 prob=0.592988 density=0.766030 center=0.008000
turn=129 mode=HUNT rank=4 cell=17,9 score=0.456667 prob=0.444082 density=1.000000 center=0.009000
turn=129 mode=HUNT rank=5 cell=0,6 score=0.453125 prob=0.579913 density=0.766030 center=0.007000
turn=129 picked cell=1,7 target_cluster=None active_clusters=0 remaining_cells=15 scans=2
turn=129 result=MISS
turn=130 mode=HUNT rank=1 cell=0,6 score=0.481510 prob=0.612732 density=0.773040 center=0.007000
turn=130 mode=HUNT rank=2 cell=17,9 score=0.475882 prob=0.464367 density=1.000000 center=0.009000
turn=130 mode=HUNT rank=3 cell=0,5 score=0.475074 prob=0.605182 density=0.773040 center=0.006000
turn=130 mode=HUNT rank=4 cell=6,0 score=0.474691 prob=0.601495 density=0.773040 center=0.007000
turn=130 mode=HUNT rank=5 cell=7,7 score=0.471156 prob=0.586452 density=0.773040 center=0.015000
turn=130 picked cell=0,6 target_cluster=None active_clusters=0 remaining_cells=15 scans=2
turn=130 result=MISS
turn=131 mode=HUNT rank=1 cell=6,0 score=0.512478 prob=0.644429 density=0.780218 center=0.007000
turn=131 mode=HUNT rank=2 cell=17,9 score=0.504960 prob=0.492506 density=1.000000 center=0.009000
turn=131 mode=HUNT rank=3 cell=7,7 score=0.504174 prob=0.622994 density=0.780218 center=0.015000
turn=131 mode=HUNT rank=4 cell=8,17 score=0.486681 prob=0.473423 density=1.005128 center=0.009000
turn=131 mode=HUNT rank=5 cell=3,17 score=0.481979 prob=0.474095 density=1.005128 center=0.004000
turn=131 picked cell=6,0 target_cluster=None active_clusters=0 remaining_cells=15 scans=2
turn=131 result=MISS
turn=132 mode=HUNT rank=1 cell=7,7 score=0.542433 prob=0.667573 density=0.787573 center=0.015000
turn=132 mode=HUNT rank=2 cell=17,9 score=0.536481 prob=0.526999 density=1.000000 center=0.009000
turn=132 mode=HUNT rank=3 cell=8,17 score=0.520323 prob=0.505236 density=1.009709 center=0.009000
turn=132 mode=HUNT rank=4 cell=17,7 score=0.518668 prob=0.653921 density=0.780000 center=0.008000
turn=132 mode=HUNT rank=5 cell=3,17 score=0.518436 prob=0.506592 density=1.009709 center=0.004000
turn=132 picked cell=7,7 target_cluster=None active_clusters=0 remaining_cells=15 scans=2
turn=132 result=MISS
turn=133 mode=HUNT rank=1 cell=17,9 score=0.579592 prob=0.567306 density=1.000000 center=0.009000
turn=133 mode=HUNT rank=2 cell=17,7 score=0.564229 prob=0.705645 density=0.783838 center=0.008000
turn=133 mode=HUNT rank=3 cell=3,17 score=0.562160 prob=0.546448 density=1.014379 center=0.004000
turn=133 mode=HUNT rank=4 cell=8,17 score=0.561804 prob=0.544291 density=1.014379 center=0.009000
turn=133 mode=HUNT rank=5 cell=1,17 score=0.558384 prob=0.546448 density=1.014379 center=0.002000
turn=133 picked cell=17,9 target_cluster=None active_clusters=0 remaining_cells=15 scans=2
turn=133 result=MISS
turn=134 mode=HUNT rank=1 cell=3,17 score=0.579777 prob=0.566631 density=1.009150 center=0.004000
turn=134 mode=HUNT rank=2 cell=8,17 score=0.579531 prob=0.565199 density=1.009150 center=0.009000
turn=134 mode=HUNT rank=3 cell=1,17 score=0.575774 prob=0.566631 density=1.009150 center=0.002000
turn=134 mode=HUNT rank=4 cell=13,3 score=0.573060 prob=0.719576 density=0.779798 center=0.008000
turn=134 mode=HUNT rank=5 cell=5,5 score=0.559963 prob=0.695073 density=0.786933 center=0.011000
turn=134 picked cell=3,17 target_cluster=None active_clusters=0 remaining_cells=15 scans=2
turn=134 result=MISS
turn=135 mode=HUNT rank=1 cell=8,17 score=0.621803 prob=0.600858 density=1.013861 center=0.009000
turn=135 mode=HUNT rank=2 cell=13,3 score=0.596407 prob=0.757849 density=0.775758 center=0.008000
turn=135 mode=HUNT rank=3 cell=5,5 score=0.595282 prob=0.737684 density=0.786511 center=0.011000
turn=135 mode=HUNT rank=4 cell=17,4 score=0.586683 prob=0.746468 density=0.775758 center=0.005000
turn=135 mode=HUNT rank=5 cell=1,16 score=0.583348 prob=0.571648 density=1.013861 center=0.003000
turn=135 picked cell=8,17 target_cluster=None active_clusters=0 remaining_cells=15 scans=2
turn=135 result=HIT
turn=136 mode=CHASE cluster=0 cluster_len=1 cell=9,17 score=100000.369643 chase_score=5005.119643 prob=0.369643
turn=136 picked cell=9,17 target_cluster=Some(0) active_clusters=1 remaining_cells=14 scans=2
turn=136 result=MISS
turn=137 mode=CHASE cluster=0 cluster_len=1 cell=8,16 score=100000.331901 chase_score=5003.581901 prob=0.331901
turn=137 picked cell=8,16 target_cluster=Some(0) active_clusters=1 remaining_cells=14 scans=2
turn=137 result=HIT
turn=138 mode=CHASE cluster=0 cluster_len=2 cell=8,15 score=200000.464398 chase_score=10011.464398 prob=0.464398
turn=138 picked cell=8,15 target_cluster=Some(0) active_clusters=1 remaining_cells=13 scans=2
turn=138 result=KILL
turn=138 kill_infer inferred_len=3 committed_hits=2 cluster_hits=2
turn=139 mode=HUNT rank=1 cell=17,4 score=0.863241 prob=0.902459 density=0.949495 center=0.005000
turn=139 mode=HUNT rank=2 cell=15,3 score=0.803053 prob=0.838243 density=0.949495 center=0.006000
turn=139 mode=HUNT rank=3 cell=13,3 score=0.787827 prob=0.818321 density=0.949495 center=0.008000
turn=139 mode=HUNT rank=4 cell=11,3 score=0.747893 prob=0.774027 density=0.949495 center=0.010000
turn=139 mode=HUNT rank=5 cell=13,2 score=0.743932 prob=0.774027 density=0.949495 center=0.007000
turn=139 picked cell=17,4 target_cluster=None active_clusters=0 remaining_cells=12 scans=2
turn=139 result=MISS
turn=140 mode=HUNT rank=1 cell=15,3 score=0.875131 prob=0.909849 density=0.954082 center=0.006000
turn=140 mode=HUNT rank=2 cell=13,3 score=0.844459 prob=0.874562 density=0.954082 center=0.008000
turn=140 mode=HUNT rank=3 cell=11,3 score=0.802087 prob=0.829597 density=0.954082 center=0.010000
turn=140 mode=HUNT rank=4 cell=13,2 score=0.799038 prob=0.829597 density=0.954082 center=0.007000
turn=140 mode=HUNT rank=5 cell=11,2 score=0.761673 prob=0.784633 density=0.954082 center=0.009000
turn=140 picked cell=15,3 target_cluster=None active_clusters=0 remaining_cells=12 scans=2
turn=140 result=MISS
turn=141 mode=HUNT rank=1 cell=13,2 score=0.871785 prob=0.901376 density=0.958763 center=0.007000
turn=141 mode=HUNT rank=2 cell=11,2 score=0.830189 prob=0.855019 density=0.958763 center=0.009000
turn=141 mode=HUNT rank=3 cell=13,1 score=0.800924 prob=0.828453 density=0.958763 center=0.006000
turn=141 mode=HUNT rank=4 cell=11,1 score=0.759964 prob=0.782095 density=0.958763 center=0.008000
turn=141 mode=HUNT rank=5 cell=12,2 score=0.711770 prob=0.729883 density=0.958763 center=0.008000
turn=141 picked cell=13,2 target_cluster=None active_clusters=0 remaining_cells=12 scans=2
turn=141 result=MISS
turn=142 mode=HUNT rank=1 cell=11,1 score=0.915630 prob=0.938115 density=0.963542 center=0.008000
turn=142 mode=HUNT rank=2 cell=11,3 score=0.857934 prob=0.875821 density=0.963542 center=0.010000
turn=142 mode=HUNT rank=3 cell=12,1 score=0.768425 prob=0.788275 density=0.963542 center=0.007000
turn=142 mode=HUNT rank=4 cell=5,5 score=0.730219 prob=0.944038 density=0.757888 center=0.011000
turn=142 mode=HUNT rank=5 cell=14,1 score=0.715483 prob=0.732915 density=0.963542 center=0.005000
turn=142 picked cell=11,1 target_cluster=None active_clusters=0 remaining_cells=12 scans=2
turn=142 result=MISS
turn=143 mode=HUNT rank=1 cell=5,5 score=0.900278 prob=1.171958 density=0.757608 center=0.011000
turn=143 mode=HUNT rank=2 cell=5,6 score=0.837513 prob=1.085961 density=0.757608 center=0.012000
turn=143 mode=HUNT rank=3 cell=12,3 score=0.827672 prob=0.841073 density=0.968421 center=0.009000
turn=143 mode=HUNT rank=4 cell=11,3 score=0.761472 prob=0.772135 density=0.968421 center=0.010000
turn=143 mode=HUNT rank=5 cell=2,4 score=0.745280 prob=0.971110 density=0.757608 center=0.007000
turn=143 picked cell=5,5 target_cluster=None active_clusters=0 remaining_cells=12 scans=2
turn=143 result=MISS
turn=144 mode=HUNT rank=1 cell=12,3 score=0.867513 prob=0.878198 density=0.973404 center=0.009000
turn=144 mode=HUNT rank=2 cell=2,4 score=0.828224 prob=1.071415 density=0.765176 center=0.007000
turn=144 mode=HUNT rank=3 cell=2,5 score=0.828130 prob=1.071415 density=0.765176 center=0.008000
turn=144 mode=HUNT rank=4 cell=11,3 score=0.801488 prob=0.809592 density=0.973404 center=0.010000
turn=144 mode=HUNT rank=5 cell=2,6 score=0.790070 prob=1.017485 density=0.765176 center=0.009000
turn=144 picked cell=12,3 target_cluster=None active_clusters=0 remaining_cells=12 scans=2
turn=144 result=MISS
turn=145 mode=HUNT rank=1 cell=2,5 score=0.942454 prob=1.218973 density=0.764974 center=0.008000
turn=145 mode=HUNT rank=2 cell=2,4 score=0.942230 prob=1.218973 density=0.764974 center=0.007000
turn=145 mode=HUNT rank=3 cell=2,6 score=0.897719 prob=1.156282 density=0.764974 center=0.009000
turn=145 mode=HUNT rank=4 cell=12,16 score=0.789371 prob=0.778115 density=1.000000 center=0.007000
turn=145 mode=HUNT rank=5 cell=17,15 score=0.781687 prob=0.778115 density=1.000000 center=0.003000
turn=145 picked cell=2,5 target_cluster=None active_clusters=0 remaining_cells=12 scans=2
turn=145 result=MISS
turn=146 mode=HUNT rank=1 cell=12,16 score=0.852284 prob=0.842560 density=1.000000 center=0.007000
turn=146 mode=HUNT rank=2 cell=17,15 score=0.849213 prob=0.842560 density=1.000000 center=0.003000
turn=146 mode=HUNT rank=3 cell=12,8 score=0.835779 prob=0.833187 density=0.983696 center=0.014000
turn=146 mode=HUNT rank=4 cell=0,3 score=0.828362 prob=1.065510 density=0.772782 center=0.004000
turn=146 mode=HUNT rank=5 cell=0,2 score=0.826562 prob=1.065510 density=0.772782 center=0.003000
turn=146 picked cell=12,16 target_cluster=None active_clusters=0 remaining_cells=12 scans=2
turn=146 result=KILL
turn=147 mode=HUNT rank=1 cell=0,3 score=1.140384 prob=1.246763 density=0.909540 center=0.004000
turn=147 mode=HUNT rank=2 cell=0,2 score=1.138879 prob=1.246763 density=0.909540 center=0.003000
turn=147 mode=HUNT rank=3 cell=0,4 score=1.071102 prob=1.169047 density=0.909540 center=0.005000
turn=147 mode=HUNT rank=4 cell=2,0 score=1.027797 prob=1.122642 density=0.909540 center=0.003000
turn=147 mode=HUNT rank=5 cell=3,0 score=1.027478 prob=1.122642 density=0.909540 center=0.004000
turn=147 picked cell=0,3 target_cluster=None active_clusters=0 remaining_cells=11 scans=2
turn=147 result=HIT
turn=148 mode=CHASE cluster=0 cluster_len=1 cell=0,2 score=100001.274629 chase_score=5005.774629 prob=1.274629
turn=148 picked cell=0,2 target_cluster=Some(0) active_clusters=1 remaining_cells=10 scans=2
turn=148 result=HIT
turn=149 mode=CHASE cluster=0 cluster_len=2 cell=0,4 score=200001.194940 chase_score=10014.194940 prob=1.194940
turn=149 picked cell=0,4 target_cluster=Some(0) active_clusters=1 remaining_cells=9 scans=2
turn=149 result=HIT
turn=150 mode=CHASE cluster=0 cluster_len=3 cell=0,1 score=300001.067713 chase_score=10011.067713 prob=1.067713
turn=150 picked cell=0,1 target_cluster=Some(0) active_clusters=1 remaining_cells=8 scans=2
turn=150 result=HIT
turn=151 mode=CHASE cluster=0 cluster_len=4 cell=0,0 score=400001.067713 chase_score=10006.067713 prob=1.067713
turn=151 picked cell=0,0 target_cluster=Some(0) active_clusters=1 remaining_cells=7 scans=2
turn=151 result=KILL
turn=151 kill_infer inferred_len=5 committed_hits=4 cluster_hits=4
turn=152 mode=HUNT rank=1 cell=17,15 score=0.496109 prob=0.490765 density=1.000000 center=0.003000
turn=152 mode=HUNT rank=2 cell=10,12 score=0.489194 prob=0.472024 density=1.000000 center=0.013000
turn=152 mode=HUNT rank=3 cell=14,15 score=0.481329 prob=0.472024 density=1.000000 center=0.006000
turn=152 mode=HUNT rank=4 cell=9,13 score=0.439348 prob=0.422766 density=1.000000 center=0.013000
turn=152 mode=HUNT rank=5 cell=15,14 score=0.428816 prob=0.422766 density=1.000000 center=0.006000
turn=152 picked cell=17,15 target_cluster=None active_clusters=0 remaining_cells=6 scans=2
turn=152 result=MISS
turn=153 mode=HUNT rank=1 cell=10,12 score=0.501730 prob=0.488151 density=1.000000 center=0.013000
turn=153 mode=HUNT rank=2 cell=14,15 score=0.497432 prob=0.488151 density=1.000000 center=0.006000
turn=153 mode=HUNT rank=3 cell=9,13 score=0.453763 prob=0.439404 density=1.000000 center=0.013000
turn=153 mode=HUNT rank=4 cell=15,14 score=0.445678 prob=0.439404 density=1.000000 center=0.006000
turn=153 mode=HUNT rank=5 cell=11,12 score=0.406386 prob=0.390657 density=1.000000 center=0.012000
turn=153 picked cell=10,12 target_cluster=None active_clusters=0 remaining_cells=6 scans=2
turn=153 result=MISS
turn=154 mode=HUNT rank=1 cell=14,15 score=0.548041 prob=0.539265 density=1.000000 center=0.006000
turn=154 mode=HUNT rank=2 cell=9,13 score=0.501801 prob=0.485889 density=1.000000 center=0.013000
turn=154 mode=HUNT rank=3 cell=15,14 score=0.495848 prob=0.485889 density=1.000000 center=0.006000
turn=154 mode=HUNT rank=4 cell=9,14 score=0.446511 prob=0.432513 density=1.000000 center=0.012000
turn=154 mode=HUNT rank=5 cell=15,13 score=0.440222 prob=0.432513 density=1.000000 center=0.007000
turn=154 picked cell=14,15 target_cluster=None active_clusters=0 remaining_cells=6 scans=2
turn=154 result=MISS
turn=155 mode=HUNT rank=1 cell=9,13 score=0.576620 prob=0.560490 density=1.000000 center=0.013000
turn=155 mode=HUNT rank=2 cell=15,14 score=0.568766 prob=0.560490 density=1.000000 center=0.006000
turn=155 mode=HUNT rank=3 cell=9,14 score=0.513685 prob=0.499103 density=1.000000 center=0.012000
turn=155 mode=HUNT rank=4 cell=15,13 score=0.506459 prob=0.499103 density=1.000000 center=0.007000
turn=155 mode=HUNT rank=5 cell=11,11 score=0.413000 prob=0.396999 density=1.000000 center=0.013000
turn=155 picked cell=9,13 target_cluster=None active_clusters=0 remaining_cells=6 scans=2
turn=155 result=MISS
turn=156 mode=HUNT rank=1 cell=15,14 score=0.642936 prob=0.635805 density=1.000000 center=0.006000
turn=156 mode=HUNT rank=2 cell=15,13 score=0.575703 prob=0.567577 density=1.000000 center=0.007000
turn=156 mode=HUNT rank=3 cell=11,11 score=0.462942 prob=0.447696 density=1.000000 center=0.013000
turn=156 mode=HUNT rank=4 cell=10,16 score=0.458353 prob=0.447696 density=1.000000 center=0.009000
turn=156 mode=HUNT rank=5 cell=16,17 score=0.452695 prob=0.447696 density=1.000000 center=0.002000
turn=156 picked cell=15,14 target_cluster=None active_clusters=0 remaining_cells=6 scans=2
turn=156 result=HIT
turn=157 mode=CHASE cluster=0 cluster_len=1 cell=15,13 score=100000.110951 chase_score=5002.110951 prob=0.110951
turn=157 picked cell=15,13 target_cluster=Some(0) active_clusters=1 remaining_cells=5 scans=2
turn=157 result=HIT
turn=158 mode=CHASE cluster=0 cluster_len=2 cell=15,12 score=200000.076933 chase_score=10003.076933 prob=0.076933
turn=158 picked cell=15,12 target_cluster=Some(0) active_clusters=1 remaining_cells=4 scans=2
turn=158 result=KILL
turn=158 kill_infer inferred_len=3 committed_hits=2 cluster_hits=2
turn=159 mode=HUNT rank=1 cell=11,11 score=0.150437 prob=0.134444 density=1.000000 center=0.013000
turn=159 mode=HUNT rank=2 cell=10,16 score=0.144903 prob=0.134444 density=1.000000 center=0.009000
turn=159 mode=HUNT rank=3 cell=16,17 score=0.137641 prob=0.134444 density=1.000000 center=0.002000
turn=159 mode=HUNT rank=4 cell=11,10 score=0.114090 prob=0.097918 density=1.000000 center=0.014000
turn=159 mode=HUNT rank=5 cell=12,10 score=0.112770 prob=0.097918 density=1.000000 center=0.013000
turn=159 picked cell=11,11 target_cluster=None active_clusters=0 remaining_cells=3 scans=2
turn=159 result=HIT
turn=160 mode=CHASE cluster=0 cluster_len=1 cell=11,10 score=100000.030644 chase_score=5000.530644 prob=0.030644
turn=160 picked cell=11,10 target_cluster=Some(0) active_clusters=1 remaining_cells=2 scans=2
turn=160 result=KILL
turn=160 kill_infer inferred_len=2 committed_hits=1 cluster_hits=1
turn=161 mode=HUNT rank=1 cell=10,8 score=0.050223 prob=0.016865 density=1.908046 center=0.016000
turn=161 mode=HUNT rank=2 cell=9,6 score=0.049871 prob=0.016865 density=1.908046 center=0.015000
turn=161 mode=HUNT rank=3 cell=9,7 score=0.049261 prob=0.016865 density=1.908046 center=0.016000
turn=161 mode=HUNT rank=4 cell=10,6 score=0.047391 prob=0.016865 density=1.908046 center=0.014000
turn=161 mode=HUNT rank=5 cell=10,3 score=0.047285 prob=0.016865 density=1.908046 center=0.011000
turn=161 picked cell=10,8 target_cluster=None active_clusters=0 remaining_cells=1 scans=2
turn=161 result=MISS
turn=162 mode=HUNT rank=1 cell=9,7 score=0.052197 prob=0.017182 density=1.918605 center=0.016000
turn=162 mode=HUNT rank=2 cell=9,6 score=0.051127 prob=0.017182 density=1.918605 center=0.015000
turn=162 mode=HUNT rank=3 cell=10,6 score=0.050007 prob=0.017182 density=1.918605 center=0.014000
turn=162 mode=HUNT rank=4 cell=12,7 score=0.049950 prob=0.017182 density=1.918605 center=0.013000
turn=162 mode=HUNT rank=5 cell=12,8 score=0.048578 prob=0.017182 density=1.918605 center=0.014000
turn=162 picked cell=9,7 target_cluster=None active_clusters=0 remaining_cells=1 scans=2
turn=162 result=MISS
turn=163 mode=HUNT rank=1 cell=9,6 score=0.052672 prob=0.017512 density=1.929412 center=0.015000
turn=163 mode=HUNT rank=2 cell=12,8 score=0.051967 prob=0.017512 density=1.929412 center=0.014000
turn=163 mode=HUNT rank=3 cell=10,6 score=0.049299 prob=0.017512 density=1.929412 center=0.014000
turn=163 mode=HUNT rank=4 cell=9,5 score=0.049021 prob=0.017512 density=1.929412 center=0.014000
turn=163 mode=HUNT rank=5 cell=12,6 score=0.048941 prob=0.017512 density=1.929412 center=0.012000
turn=163 picked cell=9,6 target_cluster=None active_clusters=0 remaining_cells=1 scans=2
turn=163 result=MISS
turn=164 mode=HUNT rank=1 cell=10,6 score=0.051788 prob=0.017855 density=1.940476 center=0.014000
turn=164 mode=HUNT rank=2 cell=11,5 score=0.050489 prob=0.017855 density=1.940476 center=0.012000
turn=164 mode=HUNT rank=3 cell=12,8 score=0.050338 prob=0.017855 density=1.940476 center=0.014000
turn=164 mode=HUNT rank=4 cell=10,5 score=0.050290 prob=0.017855 density=1.940476 center=0.013000
turn=164 mode=HUNT rank=5 cell=11,7 score=0.049667 prob=0.017855 density=1.940476 center=0.014000
turn=164 picked cell=10,6 target_cluster=None active_clusters=0 remaining_cells=1 scans=2
turn=164 result=MISS
turn=165 mode=HUNT rank=1 cell=10,5 score=0.052771 prob=0.018212 density=1.951807 center=0.013000
turn=165 mode=HUNT rank=2 cell=11,7 score=0.051929 prob=0.018212 density=1.951807 center=0.014000
turn=165 mode=HUNT rank=3 cell=12,8 score=0.051664 prob=0.018212 density=1.951807 center=0.014000
turn=165 mode=HUNT rank=4 cell=12,6 score=0.051208 prob=0.018212 density=1.951807 center=0.012000
turn=165 mode=HUNT rank=5 cell=12,7 score=0.049854 prob=0.018212 density=1.951807 center=0.013000
turn=165 picked cell=10,5 target_cluster=None active_clusters=0 remaining_cells=1 scans=2
turn=165 result=MISS
turn=166 mode=HUNT rank=1 cell=9,5 score=0.053126 prob=0.018585 density=1.963415 center=0.014000
turn=166 mode=HUNT rank=2 cell=12,8 score=0.052617 prob=0.018585 density=1.963415 center=0.014000
turn=166 mode=HUNT rank=3 cell=11,7 score=0.051775 prob=0.018585 density=1.963415 center=0.014000
turn=166 mode=HUNT rank=4 cell=12,7 score=0.051270 prob=0.018585 density=1.963415 center=0.013000
turn=166 mode=HUNT rank=5 cell=11,4 score=0.051088 prob=0.018585 density=1.963415 center=0.011000
turn=166 picked cell=9,5 target_cluster=None active_clusters=0 remaining_cells=1 scans=2
turn=166 result=MISS
turn=167 mode=HUNT rank=1 cell=11,7 score=0.055179 prob=0.018973 density=1.975309 center=0.014000
turn=167 mode=HUNT rank=2 cell=12,8 score=0.054128 prob=0.018973 density=1.975309 center=0.014000
turn=167 mode=HUNT rank=3 cell=12,7 score=0.052390 prob=0.018973 density=1.975309 center=0.013000
turn=167 mode=HUNT rank=4 cell=10,3 score=0.052163 prob=0.018973 density=1.975309 center=0.011000
turn=167 mode=HUNT rank=5 cell=11,5 score=0.052129 prob=0.018973 density=1.975309 center=0.012000
turn=167 picked cell=11,7 target_cluster=None active_clusters=0 remaining_cells=1 scans=2
turn=167 result=MISS
turn=168 mode=HUNT rank=1 cell=12,7 score=0.055367 prob=0.019378 density=1.987500 center=0.013000
turn=168 mode=HUNT rank=2 cell=12,8 score=0.054133 prob=0.019378 density=1.987500 center=0.014000
turn=168 mode=HUNT rank=3 cell=12,6 score=0.052218 prob=0.019378 density=1.987500 center=0.012000
turn=168 mode=HUNT rank=4 cell=17,8 score=0.051791 prob=0.019378 density=1.987500 center=0.009000
turn=168 mode=HUNT rank=5 cell=11,5 score=0.051759 prob=0.019378 density=1.987500 center=0.012000
turn=168 picked cell=12,7 target_cluster=None active_clusters=0 remaining_cells=1 scans=2
turn=168 result=MISS
turn=169 mode=HUNT rank=1 cell=12,6 score=0.055560 prob=0.019802 density=2.000000 center=0.012000
turn=169 mode=HUNT rank=2 cell=12,8 score=0.055223 prob=0.019802 density=2.000000 center=0.014000
turn=169 mode=HUNT rank=3 cell=11,4 score=0.054773 prob=0.019802 density=2.000000 center=0.011000
turn=169 mode=HUNT rank=4 cell=15,7 score=0.053641 prob=0.019802 density=2.000000 center=0.010000
turn=169 mode=HUNT rank=5 cell=13,5 score=0.052924 prob=0.019802 density=2.000000 center=0.010000
turn=169 picked cell=12,6 target_cluster=None active_clusters=0 remaining_cells=1 scans=2
turn=169 result=MISS
turn=170 mode=HUNT rank=1 cell=12,8 score=0.056284 prob=0.020245 density=2.012821 center=0.014000
turn=170 mode=HUNT rank=2 cell=15,7 score=0.054934 prob=0.020245 density=2.012821 center=0.010000
turn=170 mode=HUNT rank=3 cell=12,4 score=0.054897 prob=0.020245 density=2.012821 center=0.010000
turn=170 mode=HUNT rank=4 cell=11,4 score=0.054654 prob=0.020245 density=2.012821 center=0.011000
turn=170 mode=HUNT rank=5 cell=13,5 score=0.054229 prob=0.020245 density=2.012821 center=0.010000
turn=170 picked cell=12,8 target_cluster=None active_clusters=0 remaining_cells=1 scans=2
turn=170 result=MISS
turn=171 mode=HUNT rank=1 cell=10,2 score=0.055182 prob=0.020709 density=2.025974 center=0.010000
turn=171 mode=HUNT rank=2 cell=15,7 score=0.055176 prob=0.020709 density=2.025974 center=0.010000
turn=171 mode=HUNT rank=3 cell=11,5 score=0.054978 prob=0.020709 density=2.025974 center=0.012000
turn=171 mode=HUNT rank=4 cell=10,1 score=0.054971 prob=0.020709 density=2.025974 center=0.009000
turn=171 mode=HUNT rank=5 cell=10,3 score=0.054873 prob=0.020709 density=2.025974 center=0.011000
turn=171 picked cell=10,2 target_cluster=None active_clusters=0 remaining_cells=1 scans=2
turn=171 result=KILL
