turn=1 mode=SCAN region=0,0,8,17
turn=1 result=SCAN count=28
turn=2 mode=SCAN region=0,0,17,8
turn=2 result=SCAN count=43
turn=3 mode=HUNT rank=1 cell=10,9 score=3.242757 prob=3.224054 density=1.000000 center=0.016000
turn=3 mode=HUNT rank=2 cell=10,10 score=3.223647 prob=3.206480 density=1.000000 center=0.015000
turn=3 mode=HUNT rank=3 cell=11,9 score=3.207450 prob=3.191179 density=1.000000 center=0.015000
turn=3 mode=HUNT rank=4 cell=11,10 score=3.188189 prob=3.173605 density=1.000000 center=0.014000
turn=3 mode=HUNT rank=5 cell=9,9 score=3.185575 prob=3.166925 density=1.000000 center=0.017000
turn=3 picked cell=10,9 target_cluster=None active_clusters=0 remaining_cells=91 scans=2
turn=3 result=MISS
turn=4 mode=HUNT rank=1 cell=11,10 score=3.321169 prob=3.304846 density=1.000000 center=0.014000
turn=4 mode=HUNT rank=2 cell=9,10 score=3.296731 prob=3.279631 density=1.000000 center=0.016000
turn=4 mode=HUNT rank=3 cell=12,10 score=3.227345 prob=3.212282 density=1.000000 center=0.013000
turn=4 mode=HUNT rank=4 cell=11,11 score=3.221108 prob=3.205945 density=1.000000 center=0.013000
turn=4 mode=HUNT rank=5 cell=9,11 score=3.199600 prob=3.180730 density=1.000000 center=0.015000
turn=4 picked cell=11,10 target_cluster=None active_clusters=0 remaining_cells=91 scans=2
turn=4 result=HIT
turn=5 mode=CHASE cluster=0 cluster_len=1 cell=11,9 score=100001.558600 chase_score=5125.058600 prob=1.558600
turn=5 picked cell=11,9 target_cluster=Some(0) active_clusters=1 remaining_cells=90 scans=2
turn=5 result=MISS
turn=6 mode=CHASE cluster=0 cluster_len=1 cell=10,10 score=100001.626496 chase_score=5122.876496 prob=1.626496
turn=6 picked cell=10,10 target_cluster=Some(0) active_clusters=1 remaining_cells=90 scans=2
turn=6 result=HIT
turn=7 mode=CHASE cluster=0 cluster_len=2 cell=9,10 score=200002.884583 chase_score=10408.884583 prob=2.884583
turn=7 picked cell=9,10 target_cluster=Some(0) active_clusters=1 remaining_cells=89 scans=2
turn=7 result=MISS
turn=8 mode=CHASE cluster=0 cluster_len=2 cell=12,10 score=200001.909172 chase_score=10076.909172 prob=1.909172
turn=8 picked cell=12,10 target_cluster=Some(0) active_clusters=1 remaining_cells=89 scans=2
turn=8 result=KILL
turn=8 kill_infer inferred_len=3 committed_hits=2 cluster_hits=2
turn=9 mode=HUNT rank=1 cell=13,11 score=3.169077 prob=3.157522 density=1.000000 center=0.011000
turn=9 mode=HUNT rank=2 cell=13,8 score=3.109716 prob=3.227440 density=0.959175 center=0.013000
turn=9 mode=HUNT rank=3 cell=13,7 score=3.067458 prob=3.184649 density=0.959175 center=0.012000
turn=9 mode=HUNT rank=4 cell=13,12 score=3.006166 prob=2.995851 density=1.000000 center=0.010000
turn=9 mode=HUNT rank=5 cell=13,6 score=2.948502 prob=3.061031 density=0.959175 center=0.011000
turn=9 picked cell=13,11 target_cluster=None active_clusters=0 remaining_cells=88 scans=2
turn=9 result=HIT
turn=10 mode=CHASE cluster=0 cluster_len=1 cell=13,10 score=100001.548768 chase_score=5121.298768 prob=1.548768
turn=10 picked cell=13,10 target_cluster=Some(0) active_clusters=1 remaining_cells=87 scans=2
turn=10 result=MISS
turn=11 mode=CHASE cluster=0 cluster_len=1 cell=12,11 score=100001.450261 chase_score=5101.200261 prob=1.450261
turn=11 picked cell=12,11 target_cluster=Some(0) active_clusters=1 remaining_cells=87 scans=2
turn=11 result=HIT
turn=12 mode=CHASE cluster=0 cluster_len=2 cell=11,11 score=200001.583288 chase_score=10362.583288 prob=1.583288
turn=12 picked cell=11,11 target_cluster=Some(0) active_clusters=1 remaining_cells=86 scans=2
turn=12 result=HIT
turn=13 mode=CHASE cluster=0 cluster_len=3 cell=10,11 score=300001.678747 chase_score=10314.678747 prob=1.678747
turn=13 picked cell=10,11 target_cluster=Some(0) active_clusters=1 remaining_cells=85 scans=2
turn=13 result=HIT
turn=14 mode=CHASE cluster=0 cluster_len=4 cell=9,11 score=400001.705943 chase_score=10242.705943 prob=1.705943
turn=14 picked cell=9,11 target_cluster=Some(0) active_clusters=1 remaining_cells=84 scans=2
turn=14 result=HIT
turn=15 mode=CHASE cluster=0 cluster_len=5 cell=8,11 score=500003.012236 chase_score=10163.012236 prob=3.012236
turn=15 picked cell=8,11 target_cluster=Some(0) active_clusters=1 remaining_cells=83 scans=2
turn=15 result=HIT
turn=16 mode=CHASE cluster=0 cluster_len=6 cell=7,11 score=600002.985040 chase_score=10091.985040 prob=2.985040
turn=16 picked cell=7,11 target_cluster=Some(0) active_clusters=1 remaining_cells=82 scans=2
turn=16 result=HIT
turn=17 mode=CHASE cluster=0 cluster_len=7 cell=6,11 score=700002.889581 chase_score=10044.889581 prob=2.889581
turn=17 picked cell=6,11 target_cluster=Some(0) active_clusters=1 remaining_cells=81 scans=2
turn=17 result=MISS
turn=18 mode=CHASE cluster=0 cluster_len=7 cell=14,11 score=700002.404268 chase_score=10035.404268 prob=2.404268
turn=18 picked cell=14,11 target_cluster=Some(0) active_clusters=1 remaining_cells=81 scans=2
turn=18 result=KILL
turn=18 kill_infer inferred_len=8 committed_hits=7 cluster_hits=7
turn=19 mode=HUNT rank=1 cell=15,8 score=2.872313 prob=2.798859 density=1.021914 center=0.011000
turn=19 mode=HUNT rank=2 cell=15,7 score=2.839629 prob=2.764956 density=1.021914 center=0.010000
turn=19 mode=HUNT rank=3 cell=9,5 score=2.820506 prob=2.743871 density=1.021914 center=0.014000
turn=19 mode=HUNT rank=4 cell=9,4 score=2.818313 prob=2.744018 density=1.021914 center=0.013000
turn=19 mode=HUNT rank=5 cell=12,4 score=2.748327 prob=2.675805 density=1.021914 center=0.010000
turn=19 picked cell=15,8 target_cluster=None active_clusters=0 remaining_cells=80 scans=2
turn=19 result=MISS
turn=20 mode=HUNT rank=1 cell=9,4 score=2.920534 prob=2.832703 density=1.024922 center=0.013000
turn=20 mode=HUNT rank=2 cell=9,5 score=2.918099 prob=2.832532 density=1.024922 center=0.014000
turn=20 mode=HUNT rank=3 cell=12,5 score=2.844333 prob=2.761458 density=1.024922 center=0.011000
turn=20 mode=HUNT rank=4 cell=12,4 score=2.842487 prob=2.761628 density=1.024922 center=0.010000
turn=20 mode=HUNT rank=5 cell=9,6 score=2.796235 prob=2.709497 density=1.024922 center=0.015000
turn=20 picked cell=9,4 target_cluster=None active_clusters=0 remaining_cells=80 scans=2
turn=20 result=MISS
turn=21 mode=HUNT rank=1 cell=12,5 score=2.944299 prob=2.850985 density=1.027969 center=0.011000
turn=21 mode=HUNT rank=2 cell=12,3 score=2.813068 prob=2.724936 density=1.027969 center=0.009000
turn=21 mode=HUNT rank=3 cell=12,6 score=2.812732 prob=2.724322 density=1.027969 center=0.012000
turn=21 mode=HUNT rank=4 cell=10,5 score=2.778084 prob=2.686978 density=1.027969 center=0.013000
turn=21 mode=HUNT rank=5 cell=10,3 score=2.774679 prob=2.686978 density=1.027969 center=0.011000
turn=21 picked cell=12,5 target_cluster=None active_clusters=0 remaining_cells=80 scans=2
turn=21 result=HIT
turn=22 mode=CHASE cluster=0 cluster_len=1 cell=11,5 score=100002.232241 chase_score=5101.732241 prob=2.232241
turn=22 picked cell=11,5 target_cluster=Some(0) active_clusters=1 remaining_cells=79 scans=2
turn=22 result=HIT
turn=23 mode=CHASE cluster=0 cluster_len=2 cell=10,5 score=200002.319984 chase_score=10348.319984 prob=2.319984
turn=23 picked cell=10,5 target_cluster=Some(0) active_clusters=1 remaining_cells=78 scans=2
turn=23 result=MISS
turn=24 mode=CHASE cluster=0 cluster_len=2 cell=13,5 score=200001.276748 chase_score=10049.276748 prob=1.276748
turn=24 picked cell=13,5 target_cluster=Some(0) active_clusters=1 remaining_cells=78 scans=2
turn=24 result=MISS
turn=25 mode=CHASE cluster=0 cluster_len=2 cell=12,6 score=200002.340312 chase_score=5002.340312 prob=2.340312
turn=25 picked cell=12,6 target_cluster=Some(0) active_clusters=1 remaining_cells=78 scans=2
turn=25 result=HIT
turn=26 mode=CHASE cluster=0 cluster_len=3 cell=11,6 score=300002.235355 chase_score=5002.235355 prob=2.235355
turn=26 picked cell=11,6 target_cluster=Some(0) active_clusters=1 remaining_cells=77 scans=2
turn=26 result=HIT
turn=27 mode=CHASE cluster=0 cluster_len=4 cell=12,7 score=400002.188295 chase_score=5002.188295 prob=2.188295
turn=27 picked cell=12,7 target_cluster=Some(0) active_clusters=1 remaining_cells=76 scans=2
turn=27 result=MISS
turn=28 mode=CHASE cluster=0 cluster_len=4 cell=10,6 score=400001.764858 chase_score=5001.764858 prob=1.764858
turn=28 picked cell=10,6 target_cluster=Some(0) active_clusters=1 remaining_cells=76 scans=2
turn=28 result=MISS
turn=29 mode=CHASE cluster=0 cluster_len=4 cell=11,4 score=400001.220481 chase_score=5001.220481 prob=1.220481
turn=29 picked cell=11,4 target_cluster=Some(0) active_clusters=1 remaining_cells=76 scans=2
turn=29 result=HIT
turn=30 mode=CHASE cluster=0 cluster_len=5 cell=11,3 score=500002.473968 chase_score=5002.473968 prob=2.473968
turn=30 picked cell=11,3 target_cluster=Some(0) active_clusters=1 remaining_cells=75 scans=2
turn=30 result=HIT
turn=31 mode=CHASE cluster=0 cluster_len=6 cell=11,2 score=600002.363635 chase_score=5002.363635 prob=2.363635
turn=31 picked cell=11,2 target_cluster=Some(0) active_clusters=1 remaining_cells=74 scans=2
turn=31 result=KILL
turn=31 kill_infer inferred_len=5 committed_hits=4 cluster_hits=6
turn=32 mode=CHASE cluster=0 cluster_len=2 cell=12,4 score=200000.426816 chase_score=10043.426816 prob=0.426816
turn=32 picked cell=12,4 target_cluster=Some(0) active_clusters=1 remaining_cells=73 scans=2
turn=32 result=HIT
turn=33 mode=CHASE cluster=0 cluster_len=3 cell=12,3 score=300000.426816 chase_score=10043.426816 prob=0.426816
turn=33 picked cell=12,3 target_cluster=Some(0) active_clusters=1 remaining_cells=72 scans=2
turn=33 result=HIT
turn=34 mode=CHASE cluster=0 cluster_len=4 cell=12,2 score=400000.426816 chase_score=10043.426816 prob=0.426816
turn=34 picked cell=12,2 target_cluster=Some(0) active_clusters=1 remaining_cells=71 scans=2
turn=34 result=KILL
turn=34 kill_infer inferred_len=5 committed_hits=4 cluster_hits=4
turn=35 mode=HUNT rank=1 cell=16,12 score=2.667704 prob=2.659221 density=1.000000 center=0.007000
turn=35 mode=HUNT rank=2 cell=16,9 score=2.501280 prob=2.488696 density=1.000000 center=0.010000
turn=35 mode=HUNT rank=3 cell=17,9 score=2.485717 prob=2.473575 density=1.000000 center=0.009000
turn=35 mode=HUNT rank=4 cell=16,13 score=2.352331 prob=2.342748 density=1.000000 center=0.006000
turn=35 mode=HUNT rank=5 cell=16,10 score=2.351361 prob=2.338685 density=1.000000 center=0.009000
turn=35 picked cell=16,12 target_cluster=None active_clusters=0 remaining_cells=70 scans=2
turn=35 result=HIT
turn=36 mode=CHASE cluster=0 cluster_len=1 cell=16,11 score=100001.716213 chase_score=5091.216213 prob=1.716213
turn=36 picked cell=16,11 target_cluster=Some(0) active_clusters=1 remaining_cells=69 scans=2
turn=36 result=HIT
turn=37 mode=CHASE cluster=0 cluster_len=2 cell=16,10 score=200001.823148 chase_score=10317.823148 prob=1.823148
turn=37 picked cell=16,10 target_cluster=Some(0) active_clusters=1 remaining_cells=68 scans=2
turn=37 result=HIT
turn=38 mode=CHASE cluster=0 cluster_len=3 cell=16,9 score=300001.950652 chase_score=10263.950652 prob=1.950652
turn=38 picked cell=16,9 target_cluster=Some(0) active_clusters=1 remaining_cells=67 scans=2
turn=38 result=HIT
turn=39 mode=CHASE cluster=0 cluster_len=4 cell=16,8 score=400001.851899 chase_score=10200.851899 prob=1.851899
turn=39 picked cell=16,8 target_cluster=Some(0) active_clusters=1 remaining_cells=66 scans=2
turn=39 result=HIT
turn=40 mode=CHASE cluster=0 cluster_len=5 cell=16,7 score=500001.823148 chase_score=10137.823148 prob=1.823148
turn=40 picked cell=16,7 target_cluster=Some(0) active_clusters=1 remaining_cells=65 scans=2
turn=40 result=HIT
turn=41 mode=CHASE cluster=0 cluster_len=6 cell=16,13 score=600001.803251 chase_score=10074.803251 prob=1.803251
turn=41 picked cell=16,13 target_cluster=Some(0) active_clusters=1 remaining_cells=64 scans=2
turn=41 result=HIT
turn=42 mode=CHASE cluster=0 cluster_len=7 cell=16,6 score=700001.716213 chase_score=10035.716213 prob=1.716213
turn=42 picked cell=16,6 target_cluster=Some(0) active_clusters=1 remaining_cells=63 scans=2
turn=42 result=HIT
turn=43 mode=CHASE cluster=0 cluster_len=8 cell=16,5 score=800001.554761 chase_score=10010.554761 prob=1.554761
turn=43 picked cell=16,5 target_cluster=Some(0) active_clusters=1 remaining_cells=62 scans=2
turn=43 result=MISS
turn=44 mode=CHASE cluster=0 cluster_len=8 cell=16,14 score=800001.593132 chase_score=10010.593132 prob=1.593132
turn=44 picked cell=16,14 target_cluster=Some(0) active_clusters=1 remaining_cells=62 scans=2
turn=44 result=KILL
turn=44 kill_infer inferred_len=9 committed_hits=8 cluster_hits=8
turn=45 mode=HUNT rank=1 cell=5,8 score=1.980837 prob=2.663273 density=0.738325 center=0.014000
turn=45 mode=HUNT rank=2 cell=5,7 score=1.926270 prob=2.586332 density=0.738325 center=0.013000
turn=45 mode=HUNT rank=3 cell=5,12 score=1.921043 prob=2.526092 density=0.755954 center=0.011000
turn=45 mode=HUNT rank=4 cell=10,15 score=1.899349 prob=1.887266 density=1.000000 center=0.010000
turn=45 mode=HUNT rank=5 cell=10,16 score=1.897071 prob=1.887266 density=1.000000 center=0.009000
turn=45 picked cell=5,8 target_cluster=None active_clusters=0 remaining_cells=61 scans=2
turn=45 result=MISS
turn=46 mode=HUNT rank=1 cell=10,16 score=1.991868 prob=1.979499 density=1.000000 center=0.009000
turn=46 mode=HUNT rank=2 cell=10,15 score=1.990618 prob=1.979499 density=1.000000 center=0.010000
turn=46 mode=HUNT rank=3 cell=17,10 score=1.981480 prob=1.973243 density=1.000000 center=0.008000
turn=46 mode=HUNT rank=4 cell=17,9 score=1.977517 prob=1.968339 density=1.000000 center=0.009000
turn=46 mode=HUNT rank=5 cell=10,17 score=1.973767 prob=1.964339 density=1.000000 center=0.008000
turn=46 picked cell=10,16 target_cluster=None active_clusters=0 remaining_cells=61 scans=2
turn=46 result=HIT
turn=47 mode=CHASE cluster=0 cluster_len=1 cell=9,16 score=100001.751494 chase_score=5081.751494 prob=1.751494
turn=47 picked cell=9,16 target_cluster=Some(0) active_clusters=1 remaining_cells=60 scans=2
turn=47 result=MISS
turn=48 mode=CHASE cluster=0 cluster_len=1 cell=11,16 score=100000.566105 chase_score=5015.066105 prob=0.566105
turn=48 picked cell=11,16 target_cluster=Some(0) active_clusters=1 remaining_cells=60 scans=2
turn=48 result=HIT
turn=49 mode=CHASE cluster=0 cluster_len=2 cell=12,16 score=200000.664284 chase_score=10054.664284 prob=0.664284
turn=49 picked cell=12,16 target_cluster=Some(0) active_clusters=1 remaining_cells=59 scans=2
turn=49 result=HIT
turn=50 mode=CHASE cluster=0 cluster_len=3 cell=13,16 score=300000.664284 chase_score=10054.664284 prob=0.664284
turn=50 picked cell=13,16 target_cluster=Some(0) active_clusters=1 remaining_cells=58 scans=2
turn=50 result=HIT
turn=51 mode=CHASE cluster=0 cluster_len=4 cell=14,16 score=400000.664284 chase_score=10054.664284 prob=0.664284
turn=51 picked cell=14,16 target_cluster=Some(0) active_clusters=1 remaining_cells=57 scans=2
turn=51 result=HIT
turn=52 mode=CHASE cluster=0 cluster_len=5 cell=15,16 score=500001.041113 chase_score=10055.041113 prob=1.041113
turn=52 picked cell=15,16 target_cluster=Some(0) active_clusters=1 remaining_cells=56 scans=2
turn=52 result=KILL
turn=52 kill_infer inferred_len=6 committed_hits=5 cluster_hits=5
turn=53 mode=HUNT rank=1 cell=4,7 score=2.292990 prob=2.624585 density=0.868949 center=0.012000
turn=53 mode=HUNT rank=2 cell=3,7 score=2.096972 prob=2.399297 density=0.868949 center=0.011000
turn=53 mode=HUNT rank=3 cell=4,6 score=2.036726 prob=2.327065 density=0.868949 center=0.011000
turn=53 mode=HUNT rank=4 cell=3,6 score=1.967142 prob=2.250286 density=0.868949 center=0.010000
turn=53 mode=HUNT rank=5 cell=17,7 score=1.966521 prob=1.845582 density=1.059961 center=0.008000
turn=53 picked cell=4,7 target_cluster=None active_clusters=0 remaining_cells=55 scans=2
turn=53 result=MISS
turn=54 mode=HUNT rank=1 cell=3,6 score=2.084494 prob=2.370630 density=0.874313 center=0.010000
turn=54 mode=HUNT rank=2 cell=17,7 score=2.071489 prob=1.939535 density=1.063636 center=0.008000
turn=54 mode=HUNT rank=3 cell=17,8 score=2.057414 prob=1.924979 density=1.063636 center=0.009000
turn=54 mode=HUNT rank=4 cell=10,1 score=2.027948 prob=1.898097 density=1.063636 center=0.009000
turn=54 mode=HUNT rank=5 cell=10,0 score=2.013499 prob=1.881829 density=1.063636 center=0.008000
turn=54 picked cell=3,6 target_cluster=None active_clusters=0 remaining_cells=55 scans=2
turn=54 result=MISS
turn=55 mode=HUNT rank=1 cell=17,7 score=2.198093 prob=2.048447 density=1.067364 center=0.008000
turn=55 mode=HUNT rank=2 cell=17,8 score=2.180571 prob=2.032215 density=1.067364 center=0.009000
turn=55 mode=HUNT rank=3 cell=10,1 score=2.152199 prob=2.007867 density=1.067364 center=0.009000
turn=55 mode=HUNT rank=4 cell=10,0 score=2.136078 prob=1.990852 density=1.067364 center=0.008000
turn=55 mode=HUNT rank=5 cell=9,1 score=2.106424 prob=1.962227 density=1.067364 center=0.010000
turn=55 picked cell=17,7 target_cluster=None active_clusters=0 remaining_cells=55 scans=2
turn=55 result=MISS
turn=56 mode=HUNT rank=1 cell=10,1 score=2.267554 prob=2.107712 density=1.071146 center=0.009000
turn=56 mode=HUNT rank=2 cell=10,0 score=2.249080 prob=2.090044 density=1.071146 center=0.008000
turn=56 mode=HUNT rank=3 cell=9,1 score=2.216897 prob=2.058934 density=1.071146 center=0.010000
turn=56 mode=HUNT rank=4 cell=8,1 score=2.204102 prob=2.489669 density=0.879638 center=0.010000
turn=56 mode=HUNT rank=5 cell=9,0 score=2.198295 prob=2.041266 density=1.071146 center=0.009000
turn=56 picked cell=10,1 target_cluster=None active_clusters=0 remaining_cells=55 scans=2
turn=56 result=HIT
turn=57 mode=CHASE cluster=0 cluster_len=1 cell=9,1 score=100001.871277 chase_score=5074.371277 prob=1.871277
turn=57 picked cell=9,1 target_cluster=Some(0) active_clusters=1 remaining_cells=54 scans=2
turn=57 result=HIT
turn=58 mode=CHASE cluster=0 cluster_len=2 cell=8,1 score=200002.380998 chase_score=10240.380998 prob=2.380998
turn=58 picked cell=8,1 target_cluster=Some(0) active_clusters=1 remaining_cells=53 scans=2
turn=58 result=HIT
turn=59 mode=CHASE cluster=0 cluster_len=3 cell=7,1 score=300002.380998 chase_score=10192.380998 prob=2.380998
turn=59 picked cell=7,1 target_cluster=Some(0) active_clusters=1 remaining_cells=52 scans=2
turn=59 result=HIT
turn=60 mode=CHASE cluster=0 cluster_len=4 cell=6,1 score=400002.287542 chase_score=10144.287542 prob=2.287542
turn=60 picked cell=6,1 target_cluster=Some(0) active_clusters=1 remaining_cells=51 scans=2
turn=60 result=HIT
turn=61 mode=CHASE cluster=0 cluster_len=5 cell=5,1 score=500002.026494 chase_score=10096.026494 prob=2.026494
turn=61 picked cell=5,1 target_cluster=Some(0) active_clusters=1 remaining_cells=50 scans=2
turn=61 result=HIT
turn=62 mode=CHASE cluster=0 cluster_len=6 cell=11,1 score=600001.762892 chase_score=10047.762892 prob=1.762892
turn=62 picked cell=11,1 target_cluster=Some(0) active_clusters=1 remaining_cells=49 scans=2
turn=62 result=HIT
turn=63 mode=CHASE cluster=0 cluster_len=7 cell=4,1 score=700001.604042 chase_score=10017.604042 prob=1.604042
turn=63 picked cell=4,1 target_cluster=Some(0) active_clusters=1 remaining_cells=48 scans=2
turn=63 result=MISS
turn=64 mode=CHASE cluster=0 cluster_len=7 cell=12,1 score=700001.646690 chase_score=10017.646690 prob=1.646690
turn=64 picked cell=12,1 target_cluster=Some(0) active_clusters=1 remaining_cells=48 scans=2
turn=64 result=KILL
turn=64 kill_infer inferred_len=8 committed_hits=7 cluster_hits=7
turn=65 mode=HUNT rank=1 cell=10,15 score=1.817908 prob=1.807736 density=1.000000 center=0.010000
turn=65 mode=HUNT rank=2 cell=10,17 score=1.800799 prob=1.789022 density=1.000000 center=0.008000
turn=65 mode=HUNT rank=3 cell=2,9 score=1.797713 prob=2.197574 density=0.812174 center=0.011000
turn=65 mode=HUNT rank=4 cell=11,15 score=1.792835 prob=1.783446 density=1.000000 center=0.009000
turn=65 mode=HUNT rank=5 cell=9,15 score=1.774388 prob=1.762171 density=1.000000 center=0.011000
turn=65 picked cell=10,15 target_cluster=None active_clusters=0 remaining_cells=47 scans=2
turn=65 result=MISS
turn=66 mode=HUNT rank=1 cell=10,17 score=1.891870 prob=1.881861 density=1.000000 center=0.008000
turn=66 mode=HUNT rank=2 cell=2,9 score=1.876877 prob=2.302273 density=0.809074 center=0.011000
turn=66 mode=HUNT rank=3 cell=11,17 score=1.865104 prob=1.856257 density=1.000000 center=0.007000
turn=66 mode=HUNT rank=4 cell=9,17 score=1.843580 prob=1.833106 density=1.000000 center=0.009000
turn=66 mode=HUNT rank=5 cell=2,10 score=1.840238 prob=2.259225 density=0.809074 center=0.010000
turn=66 picked cell=10,17 target_cluster=None active_clusters=0 remaining_cells=47 scans=2
turn=66 result=HIT
turn=67 mode=CHASE cluster=0 cluster_len=1 cell=9,17 score=100001.676819 chase_score=5060.176819 prob=1.676819
turn=67 picked cell=9,17 target_cluster=Some(0) active_clusters=1 remaining_cells=46 scans=2
turn=67 result=HIT
turn=68 mode=CHASE cluster=0 cluster_len=2 cell=8,17 score=200001.791886 chase_score=10191.791886 prob=1.791886
turn=68 picked cell=8,17 target_cluster=Some(0) active_clusters=1 remaining_cells=45 scans=2
turn=68 result=MISS
turn=69 mode=CHASE cluster=0 cluster_len=2 cell=11,17 score=200000.748268 chase_score=10040.748268 prob=0.748268
turn=69 picked cell=11,17 target_cluster=Some(0) active_clusters=1 remaining_cells=45 scans=2
turn=69 result=HIT
turn=70 mode=CHASE cluster=0 cluster_len=3 cell=12,17 score=300000.851083 chase_score=10040.851083 prob=0.851083
turn=70 picked cell=12,17 target_cluster=Some(0) active_clusters=1 remaining_cells=44 scans=2
turn=70 result=HIT
turn=71 mode=CHASE cluster=0 cluster_len=4 cell=13,17 score=400000.851083 chase_score=10040.851083 prob=0.851083
turn=71 picked cell=13,17 target_cluster=Some(0) active_clusters=1 remaining_cells=43 scans=2
turn=71 result=HIT
turn=72 mode=CHASE cluster=0 cluster_len=5 cell=14,17 score=500000.851083 chase_score=10040.851083 prob=0.851083
turn=72 picked cell=14,17 target_cluster=Some(0) active_clusters=1 remaining_cells=42 scans=2
turn=72 result=HIT
turn=73 mode=CHASE cluster=0 cluster_len=6 cell=15,17 score=600000.748268 chase_score=10022.748268 prob=0.748268
turn=73 picked cell=15,17 target_cluster=Some(0) active_clusters=1 remaining_cells=41 scans=2
turn=73 result=KILL
turn=73 kill_infer inferred_len=7 committed_hits=6 cluster_hits=6
turn=74 mode=HUNT rank=1 cell=2,5 score=2.006865 prob=1.994093 density=1.000657 center=0.008000
turn=74 mode=HUNT rank=2 cell=2,9 score=1.921621 prob=2.058183 density=0.927667 center=0.011000
turn=74 mode=HUNT rank=3 cell=2,10 score=1.857392 prob=1.988704 density=0.927667 center=0.010000
turn=74 mode=HUNT rank=4 cell=5,12 score=1.790296 prob=1.915122 density=0.927667 center=0.011000
turn=74 mode=HUNT rank=5 cell=1,5 score=1.790215 prob=1.781214 density=1.000657 center=0.007000
turn=74 picked cell=2,5 target_cluster=None active_clusters=0 remaining_cells=40 scans=2
turn=74 result=HIT
turn=75 mode=CHASE cluster=0 cluster_len=1 cell=2,6 score=100001.423675 chase_score=5047.423675 prob=1.423675
turn=75 picked cell=2,6 target_cluster=Some(0) active_clusters=1 remaining_cells=39 scans=2
turn=75 result=HIT
turn=76 mode=CHASE cluster=0 cluster_len=2 cell=2,7 score=200001.499018 chase_score=10156.499018 prob=1.499018
turn=76 picked cell=2,7 target_cluster=Some(0) active_clusters=1 remaining_cells=38 scans=2
turn=76 result=HIT
turn=77 mode=CHASE cluster=0 cluster_len=3 cell=2,4 score=300001.694333 chase_score=10123.694333 prob=1.694333
turn=77 picked cell=2,4 target_cluster=Some(0) active_clusters=1 remaining_cells=37 scans=2
turn=77 result=HIT
turn=78 mode=CHASE cluster=0 cluster_len=4 cell=2,3 score=400001.545084 chase_score=10090.545084 prob=1.545084
turn=78 picked cell=2,3 target_cluster=Some(0) active_clusters=1 remaining_cells=36 scans=2
turn=78 result=HIT
turn=79 mode=CHASE cluster=0 cluster_len=5 cell=2,8 score=500001.499018 chase_score=10057.499018 prob=1.499018
turn=79 picked cell=2,8 target_cluster=Some(0) active_clusters=1 remaining_cells=35 scans=2
turn=79 result=HIT
turn=80 mode=CHASE cluster=0 cluster_len=6 cell=2,9 score=600002.121195 chase_score=10025.121195 prob=2.121195
turn=80 picked cell=2,9 target_cluster=Some(0) active_clusters=1 remaining_cells=34 scans=2
turn=80 result=HIT
turn=81 mode=CHASE cluster=0 cluster_len=7 cell=2,10 score=700002.063052 chase_score=10010.063052 prob=2.063052
turn=81 picked cell=2,10 target_cluster=Some(0) active_clusters=1 remaining_cells=33 scans=2
turn=81 result=KILL
turn=81 kill_infer inferred_len=8 committed_hits=7 cluster_hits=7
turn=82 mode=HUNT rank=1 cell=11,0 score=1.270614 prob=1.266986 density=0.995935 center=0.007000
turn=82 mode=HUNT rank=2 cell=9,14 score=1.250896 prob=1.235503 density=1.000000 center=0.012000
turn=82 mode=HUNT rank=3 cell=9,13 score=1.250843 prob=1.235503 density=1.000000 center=0.013000
turn=82 mode=HUNT rank=4 cell=10,0 score=1.236497 prob=1.232329 density=0.995935 center=0.008000
turn=82 mode=HUNT rank=5 cell=12,0 score=1.234391 prob=1.232946 density=0.995935 center=0.006000
turn=82 picked cell=11,0 target_cluster=None active_clusters=0 remaining_cells=32 scans=2
turn=82 result=HIT
turn=83 mode=CHASE cluster=0 cluster_len=1 cell=10,0 score=100001.095362 chase_score=5035.095362 prob=1.095362
turn=83 picked cell=10,0 target_cluster=Some(0) active_clusters=1 remaining_cells=31 scans=2
turn=83 result=MISS
turn=84 mode=CHASE cluster=0 cluster_len=1 cell=12,0 score=100000.352513 chase_score=5007.602513 prob=0.352513
turn=84 picked cell=12,0 target_cluster=Some(0) active_clusters=1 remaining_cells=31 scans=2
turn=84 result=HIT
turn=85 mode=CHASE cluster=0 cluster_len=2 cell=13,0 score=200000.370915 chase_score=10025.370915 prob=0.370915
turn=85 picked cell=13,0 target_cluster=Some(0) active_clusters=1 remaining_cells=30 scans=2
turn=85 result=HIT
turn=86 mode=CHASE cluster=0 cluster_len=3 cell=14,0 score=300000.542314 chase_score=10025.542314 prob=0.542314
turn=86 picked cell=14,0 target_cluster=Some(0) active_clusters=1 remaining_cells=29 scans=2
turn=86 result=HIT
turn=87 mode=CHASE cluster=0 cluster_len=4 cell=15,0 score=400000.542314 chase_score=10025.542314 prob=0.542314
turn=87 picked cell=15,0 target_cluster=Some(0) active_clusters=1 remaining_cells=28 scans=2
turn=87 result=HIT
turn=88 mode=CHASE cluster=0 cluster_len=5 cell=16,0 score=500000.370915 chase_score=10025.370915 prob=0.370915
turn=88 picked cell=16,0 target_cluster=Some(0) active_clusters=1 remaining_cells=27 scans=2
turn=88 result=KILL
turn=88 kill_infer inferred_len=6 committed_hits=5 cluster_hits=5
turn=89 mode=HUNT rank=1 cell=5,14 score=1.369306 prob=1.502949 density=0.902492 center=0.009000
turn=89 mode=HUNT rank=2 cell=5,13 score=1.368395 prob=1.502949 density=0.902492 center=0.010000
turn=89 mode=HUNT rank=3 cell=5,12 score=1.368110 prob=1.502949 density=0.902492 center=0.011000
turn=89 mode=HUNT rank=4 cell=4,12 score=1.359896 prob=1.492078 density=0.902492 center=0.010000
turn=89 mode=HUNT rank=5 cell=4,13 score=1.356101 prob=1.492078 density=0.902492 center=0.009000
turn=89 picked cell=5,14 target_cluster=None active_clusters=0 remaining_cells=26 scans=2
turn=89 result=HIT
turn=90 mode=CHASE cluster=0 cluster_len=1 cell=6,14 score=100001.054214 chase_score=5027.554214 prob=1.054214
turn=90 picked cell=6,14 target_cluster=Some(0) active_clusters=1 remaining_cells=25 scans=2
turn=90 result=MISS
turn=91 mode=CHASE cluster=0 cluster_len=1 cell=5,13 score=100001.483044 chase_score=5019.733044 prob=1.483044
turn=91 picked cell=5,13 target_cluster=Some(0) active_clusters=1 remaining_cells=25 scans=2
turn=91 result=HIT
turn=92 mode=CHASE cluster=0 cluster_len=2 cell=5,12 score=200001.483044 chase_score=10070.483044 prob=1.483044
turn=92 picked cell=5,12 target_cluster=Some(0) active_clusters=1 remaining_cells=24 scans=2
turn=92 result=HIT
turn=93 mode=CHASE cluster=0 cluster_len=3 cell=5,15 score=300001.196255 chase_score=10058.196255 prob=1.196255
turn=93 picked cell=5,15 target_cluster=Some(0) active_clusters=1 remaining_cells=23 scans=2
turn=93 result=HIT
turn=94 mode=CHASE cluster=0 cluster_len=4 cell=5,11 score=400000.602902 chase_score=10045.602902 prob=0.602902
turn=94 picked cell=5,11 target_cluster=Some(0) active_clusters=1 remaining_cells=22 scans=2
turn=94 result=HIT
turn=95 mode=CHASE cluster=0 cluster_len=5 cell=5,16 score=500000.909465 chase_score=10026.909465 prob=0.909465
turn=95 picked cell=5,16 target_cluster=Some(0) active_clusters=1 remaining_cells=21 scans=2
turn=95 result=HIT
turn=96 mode=CHASE cluster=0 cluster_len=6 cell=5,17 score=600000.602902 chase_score=10007.602902 prob=0.602902
turn=96 picked cell=5,17 target_cluster=Some(0) active_clusters=1 remaining_cells=20 scans=2
turn=96 result=KILL
turn=96 kill_infer inferred_len=7 committed_hits=6 cluster_hits=6
turn=97 mode=HUNT rank=1 cell=14,6 score=0.848040 prob=0.802239 density=1.043557 center=0.010000
turn=97 mode=HUNT rank=2 cell=14,5 score=0.818498 prob=0.775254 density=1.043557 center=0.009000
turn=97 mode=HUNT rank=3 cell=10,13 score=0.733905 prob=0.718373 density=1.000000 center=0.012000
turn=97 mode=HUNT rank=4 cell=11,13 score=0.733358 prob=0.718373 density=1.000000 center=0.011000
turn=97 mode=HUNT rank=5 cell=17,12 score=0.728722 prob=0.720614 density=1.000000 center=0.006000
turn=97 picked cell=14,6 target_cluster=None active_clusters=0 remaining_cells=19 scans=2
turn=97 result=HIT
turn=98 mode=CHASE cluster=0 cluster_len=1 cell=14,5 score=100000.590799 chase_score=5016.590799 prob=0.590799
turn=98 picked cell=14,5 target_cluster=Some(0) active_clusters=1 remaining_cells=18 scans=2
turn=98 result=HIT
turn=99 mode=CHASE cluster=0 cluster_len=2 cell=14,4 score=200000.512310 chase_score=10048.512310 prob=0.512310
turn=99 picked cell=14,4 target_cluster=Some(0) active_clusters=1 remaining_cells=17 scans=2
turn=99 result=HIT
turn=100 mode=CHASE cluster=0 cluster_len=3 cell=14,7 score=300000.512310 chase_score=10036.512310 prob=0.512310
turn=100 picked cell=14,7 target_cluster=Some(0) active_clusters=1 remaining_cells=16 scans=2
turn=100 result=HIT
turn=101 mode=CHASE cluster=0 cluster_len=4 cell=14,8 score=400000.491235 chase_score=10024.491235 prob=0.491235
turn=101 picked cell=14,8 target_cluster=Some(0) active_clusters=1 remaining_cells=15 scans=2
turn=101 result=MISS
turn=102 mode=CHASE cluster=0 cluster_len=4 cell=14,3 score=400000.323526 chase_score=10012.323526 prob=0.323526
turn=102 picked cell=14,3 target_cluster=Some(0) active_clusters=1 remaining_cells=15 scans=2
turn=102 result=HIT
turn=103 mode=CHASE cluster=0 cluster_len=5 cell=14,2 score=500000.323526 chase_score=10012.323526 prob=0.323526
turn=103 picked cell=14,2 target_cluster=Some(0) active_clusters=1 remaining_cells=14 scans=2
turn=103 result=KILL
turn=103 kill_infer inferred_len=6 committed_hits=5 cluster_hits=5
turn=104 mode=HUNT rank=1 cell=10,13 score=0.465927 prob=0.450065 density=1.000000 center=0.012000
turn=104 mode=HUNT rank=2 cell=11,13 score=0.465139 prob=0.450065 density=1.000000 center=0.011000
turn=104 mode=HUNT rank=3 cell=10,12 score=0.439171 prob=0.424591 density=1.000000 center=0.013000
turn=104 mode=HUNT rank=4 cell=11,12 score=0.438015 prob=0.424591 density=1.000000 center=0.012000
turn=104 mode=HUNT rank=5 cell=3,12 score=0.418789 prob=0.454290 density=0.896096 center=0.009000
turn=104 picked cell=10,13 target_cluster=None active_clusters=0 remaining_cells=13 scans=2
turn=104 result=MISS
turn=105 mode=HUNT rank=1 cell=11,12 score=0.467480 prob=0.453079 density=1.000000 center=0.012000
turn=105 mode=HUNT rank=2 cell=10,12 score=0.442319 prob=0.426144 density=1.000000 center=0.013000
turn=105 mode=HUNT rank=3 cell=3,12 score=0.440692 prob=0.482740 density=0.892078 center=0.009000
turn=105 mode=HUNT rank=4 cell=17,12 score=0.438671 prob=0.428663 density=1.000000 center=0.006000
turn=105 mode=HUNT rank=5 cell=1,12 score=0.438638 prob=0.482740 density=0.892078 center=0.007000
turn=105 picked cell=11,12 target_cluster=None active_clusters=0 remaining_cells=13 scans=2
turn=105 result=HIT
turn=106 mode=CHASE cluster=0 cluster_len=1 cell=10,12 score=100000.334901 chase_score=5008.834901 prob=0.334901
turn=106 picked cell=10,12 target_cluster=Some(0) active_clusters=1 remaining_cells=12 scans=2
turn=106 result=HIT
turn=107 mode=CHASE cluster=0 cluster_len=2 cell=9,12 score=200000.303790 chase_score=10024.303790 prob=0.303790
turn=107 picked cell=9,12 target_cluster=Some(0) active_clusters=1 remaining_cells=11 scans=2
turn=107 result=HIT
turn=108 mode=CHASE cluster=0 cluster_len=3 cell=12,12 score=300000.303790 chase_score=10018.303790 prob=0.303790
turn=108 picked cell=12,12 target_cluster=Some(0) active_clusters=1 remaining_cells=10 scans=2
turn=108 result=HIT
turn=109 mode=CHASE cluster=0 cluster_len=4 cell=8,12 score=400000.251318 chase_score=10012.251318 prob=0.251318
turn=109 picked cell=8,12 target_cluster=Some(0) active_clusters=1 remaining_cells=9 scans=2
turn=109 result=HIT
turn=110 mode=CHASE cluster=0 cluster_len=5 cell=7,12 score=500000.251318 chase_score=10006.251318 prob=0.251318
turn=110 picked cell=7,12 target_cluster=Some(0) active_clusters=1 remaining_cells=8 scans=2
turn=110 result=KILL
turn=110 kill_infer inferred_len=6 committed_hits=5 cluster_hits=5
turn=111 mode=HUNT rank=1 cell=7,8 score=0.112923 prob=0.070320 density=1.323552 center=0.016000
turn=111 mode=HUNT rank=2 cell=6,7 score=0.111749 prob=0.071128 density=1.323552 center=0.014000
turn=111 mode=HUNT rank=3 cell=8,7 score=0.111431 prob=0.070122 density=1.323552 center=0.016000
turn=111 mode=HUNT rank=4 cell=7,7 score=0.110907 prob=0.071128 density=1.323552 center=0.015000
turn=111 mode=HUNT rank=5 cell=7,5 score=0.110496 prob=0.071128 density=1.323552 center=0.013000
turn=111 picked cell=7,8 target_cluster=None active_clusters=0 remaining_cells=7 scans=2
turn=111 result=MISS
turn=112 mode=HUNT rank=1 cell=6,7 score=0.114254 prob=0.072203 density=1.333570 center=0.014000
turn=112 mode=HUNT rank=2 cell=7,6 score=0.112826 prob=0.072203 density=1.333570 center=0.014000
turn=112 mode=HUNT rank=3 cell=5,6 score=0.112478 prob=0.072203 density=1.333570 center=0.012000
turn=112 mode=HUNT rank=4 cell=8,7 score=0.111774 prob=0.071163 density=1.333570 center=0.016000
turn=112 mode=HUNT rank=5 cell=7,5 score=0.111712 prob=0.072203 density=1.333570 center=0.013000
turn=112 picked cell=6,7 target_cluster=None active_clusters=0 remaining_cells=7 scans=2
turn=112 result=MISS
turn=113 mode=HUNT rank=1 cell=8,7 score=0.115003 prob=0.072251 density=1.343799 center=0.016000
turn=113 mode=HUNT rank=2 cell=7,6 score=0.114906 prob=0.073328 density=1.343799 center=0.014000
turn=113 mode=HUNT rank=3 cell=8,5 score=0.114641 prob=0.072251 density=1.343799 center=0.014000
turn=113 mode=HUNT rank=4 cell=7,5 score=0.113749 prob=0.073328 density=1.343799 center=0.013000
turn=113 mode=HUNT rank=5 cell=5,6 score=0.113196 prob=0.073328 density=1.343799 center=0.012000
turn=113 picked cell=8,7 target_cluster=None active_clusters=0 remaining_cells=7 scans=2
turn=113 result=MISS
turn=114 mode=HUNT rank=1 cell=7,6 score=0.118330 prob=0.074476 density=1.354246 center=0.014000
turn=114 mode=HUNT rank=2 cell=7,5 score=0.116386 prob=0.074476 density=1.354246 center=0.013000
turn=114 mode=HUNT rank=3 cell=5,6 score=0.116348 prob=0.074476 density=1.354246 center=0.012000
turn=114 mode=HUNT rank=4 cell=6,5 score=0.115308 prob=0.074476 density=1.354246 center=0.012000
turn=114 mode=HUNT rank=5 cell=7,4 score=0.114687 prob=0.074476 density=1.354246 center=0.012000
turn=114 picked cell=7,6 target_cluster=None active_clusters=0 remaining_cells=7 scans=2
turn=114 result=MISS
turn=115 mode=HUNT rank=1 cell=8,5 score=0.119484 prob=0.074527 density=1.364917 center=0.014000
turn=115 mode=HUNT rank=2 cell=7,4 score=0.119362 prob=0.075681 density=1.364917 center=0.012000
turn=115 mode=HUNT rank=3 cell=6,4 score=0.118111 prob=0.075681 density=1.364917 center=0.011000
turn=115 mode=HUNT rank=4 cell=6,5 score=0.117206 prob=0.075681 density=1.364917 center=0.012000
turn=115 mode=HUNT rank=5 cell=4,5 score=0.116864 prob=0.075681 density=1.364917 center=0.010000
turn=115 picked cell=8,5 target_cluster=None active_clusters=0 remaining_cells=7 scans=2
turn=115 result=MISS
turn=116 mode=HUNT rank=1 cell=5,6 score=0.121097 prob=0.076912 density=1.375820 center=0.012000
turn=116 mode=HUNT rank=2 cell=7,4 score=0.119806 prob=0.076912 density=1.375820 center=0.012000
turn=116 mode=HUNT rank=3 cell=6,5 score=0.119557 prob=0.076912 density=1.375820 center=0.012000
turn=116 mode=HUNT rank=4 cell=6,3 score=0.119288 prob=0.076912 density=1.375820 center=0.010000
turn=116 mode=HUNT rank=5 cell=4,5 score=0.119218 prob=0.076912 density=1.375820 center=0.010000
turn=116 picked cell=5,6 target_cluster=None active_clusters=0 remaining_cells=7 scans=2
turn=116 result=MISS
turn=117 mode=HUNT rank=1 cell=6,5 score=0.123454 prob=0.078207 density=1.386963 center=0.012000
turn=117 mode=HUNT rank=2 cell=7,3 score=0.123422 prob=0.078207 density=1.386963 center=0.011000
turn=117 mode=HUNT rank=3 cell=7,4 score=0.122982 prob=0.078207 density=1.386963 center=0.012000
turn=117 mode=HUNT rank=4 cell=4,5 score=0.122642 prob=0.078207 density=1.386963 center=0.010000
turn=117 mode=HUNT rank=5 cell=6,4 score=0.122332 prob=0.078207 density=1.386963 center=0.011000
turn=117 picked cell=6,5 target_cluster=None active_clusters=0 remaining_cells=7 scans=2
turn=117 result=MISS
turn=118 mode=HUNT rank=1 cell=7,4 score=0.126606 prob=0.079551 density=1.398351 center=0.012000
turn=118 mode=HUNT rank=2 cell=5,4 score=0.125471 prob=0.079551 density=1.398351 center=0.010000
turn=118 mode=HUNT rank=3 cell=7,3 score=0.124195 prob=0.079551 density=1.398351 center=0.011000
turn=118 mode=HUNT rank=4 cell=4,4 score=0.124112 prob=0.079551 density=1.398351 center=0.009000
turn=118 mode=HUNT rank=5 cell=4,3 score=0.123536 prob=0.079551 density=1.398351 center=0.008000
turn=118 picked cell=7,4 target_cluster=None active_clusters=0 remaining_cells=7 scans=2
turn=118 result=MISS
turn=119 mode=HUNT rank=1 cell=8,3 score=0.126803 prob=0.079619 density=1.409995 center=0.012000
turn=119 mode=HUNT rank=2 cell=5,4 score=0.126246 prob=0.080948 density=1.409995 center=0.010000
turn=119 mode=HUNT rank=3 cell=4,3 score=0.126192 prob=0.080948 density=1.409995 center=0.008000
turn=119 mode=HUNT rank=4 cell=5,3 score=0.125520 prob=0.080948 density=1.409995 center=0.009000
turn=119 mode=HUNT rank=5 cell=4,5 score=0.124580 prob=0.080948 density=1.409995 center=0.010000
turn=119 picked cell=8,3 target_cluster=None active_clusters=0 remaining_cells=7 scans=2
turn=119 result=MISS
turn=120 mode=HUNT rank=1 cell=5,3 score=0.129311 prob=0.082377 density=1.421901 center=0.009000
turn=120 mode=HUNT rank=2 cell=4,5 score=0.128876 prob=0.082377 density=1.421901 center=0.010000
turn=120 mode=HUNT rank=3 cell=6,3 score=0.128799 prob=0.082377 density=1.421901 center=0.010000
turn=120 mode=HUNT rank=4 cell=5,4 score=0.128166 prob=0.082377 density=1.421901 center=0.010000
turn=120 mode=HUNT rank=5 cell=4,4 score=0.127375 prob=0.082377 density=1.421901 center=0.009000
turn=120 picked cell=5,3 target_cluster=None active_clusters=0 remaining_cells=7 scans=2
turn=120 result=MISS
turn=121 mode=HUNT rank=1 cell=4,5 score=0.133524 prob=0.083887 density=1.434080 center=0.010000
turn=121 mode=HUNT rank=2 cell=3,2 score=0.130440 prob=0.083887 density=1.434080 center=0.006000
turn=121 mode=HUNT rank=3 cell=4,4 score=0.130140 prob=0.083887 density=1.434080 center=0.009000
turn=121 mode=HUNT rank=4 cell=1,2 score=0.128537 prob=0.083887 density=1.434080 center=0.004000
turn=121 mode=HUNT rank=5 cell=2,1 score=0.126670 prob=0.083887 density=1.434080 center=0.004000
turn=121 picked cell=4,5 target_cluster=None active_clusters=0 remaining_cells=7 scans=2
turn=121 result=MISS
turn=122 mode=HUNT rank=1 cell=3,2 score=0.131748 prob=0.085460 density=1.446539 center=0.006000
turn=122 mode=HUNT rank=2 cell=1,2 score=0.131193 prob=0.085460 density=1.446539 center=0.004000
turn=122 mode=HUNT rank=3 cell=2,1 score=0.130069 prob=0.085460 density=1.446539 center=0.004000
turn=122 mode=HUNT rank=4 cell=1,1 score=0.127145 prob=0.085460 density=1.446539 center=0.003000
turn=122 mode=HUNT rank=5 cell=3,8 score=0.113000 prob=0.067771 density=1.446539 center=0.012000
turn=122 picked cell=3,2 target_cluster=None active_clusters=0 remaining_cells=7 scans=2
turn=122 result=MISS
turn=123 mode=HUNT rank=1 cell=1,2 score=0.134376 prob=0.087100 density=1.459289 center=0.004000
turn=123 mode=HUNT rank=2 cell=1,1 score=0.133140 prob=0.087100 density=1.459289 center=0.003000
turn=123 mode=HUNT rank=3 cell=2,1 score=0.133112 prob=0.087100 density=1.459289 center=0.004000
turn=123 mode=HUNT rank=4 cell=7,2 score=0.115986 prob=0.070469 density=1.459289 center=0.010000
turn=123 mode=HUNT rank=5 cell=4,4 score=0.115284 prob=0.070469 density=1.459289 center=0.009000
turn=123 picked cell=1,2 target_cluster=None active_clusters=0 remaining_cells=7 scans=2
turn=123 result=MISS
turn=124 mode=HUNT rank=1 cell=2,1 score=0.135229 prob=0.088811 density=1.472339 center=0.004000
turn=124 mode=HUNT rank=2 cell=6,3 score=0.119952 prob=0.071832 density=1.472339 center=0.010000
turn=124 mode=HUNT rank=3 cell=7,2 score=0.117879 prob=0.071832 density=1.472339 center=0.010000
turn=124 mode=HUNT rank=4 cell=3,8 score=0.117843 prob=0.070299 density=1.472339 center=0.012000
turn=124 mode=HUNT rank=5 cell=5,4 score=0.117290 prob=0.071832 density=1.472339 center=0.010000
turn=124 picked cell=2,1 target_cluster=None active_clusters=0 remaining_cells=7 scans=2
turn=124 result=KILL
turn=125 mode=HUNT rank=1 cell=8,9 score=0.100123 prob=0.071461 density=1.141243 center=0.017000
turn=125 mode=HUNT rank=2 cell=6,9 score=0.098543 prob=0.072415 density=1.141243 center=0.015000
turn=125 mode=HUNT rank=3 cell=4,10 score=0.097963 prob=0.071951 density=1.141243 center=0.012000
turn=125 mode=HUNT rank=4 cell=4,9 score=0.096286 prob=0.072415 density=1.141243 center=0.013000
turn=125 mode=HUNT rank=5 cell=3,11 score=0.095655 prob=0.071951 density=1.141243 center=0.010000
turn=125 picked cell=8,9 target_cluster=None active_clusters=0 remaining_cells=6 scans=2
turn=125 result=MISS
turn=126 mode=HUNT rank=1 cell=6,9 score=0.099396 prob=0.073646 density=1.145299 center=0.015000
turn=126 mode=HUNT rank=2 cell=3,11 score=0.097609 prob=0.073213 density=1.145299 center=0.010000
turn=126 mode=HUNT rank=3 cell=4,9 score=0.097503 prob=0.073646 density=1.145299 center=0.013000
turn=126 mode=HUNT rank=4 cell=8,14 score=0.097208 prob=0.072216 density=1.145299 center=0.012000
turn=126 mode=HUNT rank=5 cell=4,10 score=0.096744 prob=0.073213 density=1.145299 center=0.012000
turn=126 picked cell=6,9 target_cluster=None active_clusters=0 remaining_cells=6 scans=2
turn=126 result=MISS
turn=127 mode=HUNT rank=1 cell=4,9 score=0.102252 prob=0.074939 density=1.149425 center=0.013000
turn=127 mode=HUNT rank=2 cell=3,11 score=0.099853 prob=0.074537 density=1.149425 center=0.010000
turn=127 mode=HUNT rank=3 cell=8,14 score=0.099667 prob=0.073495 density=1.149425 center=0.012000
turn=127 mode=HUNT rank=4 cell=7,15 score=0.099553 prob=0.074537 density=1.149425 center=0.010000
turn=127 mode=HUNT rank=5 cell=4,10 score=0.099085 prob=0.074537 density=1.149425 center=0.012000
turn=127 picked cell=4,9 target_cluster=None active_clusters=0 remaining_cells=6 scans=2
turn=127 result=MISS
turn=128 mode=HUNT rank=1 cell=7,15 score=0.100113 prob=0.075897 density=1.153623 center=0.010000
turn=128 mode=HUNT rank=2 cell=8,15 score=0.100045 prob=0.074809 density=1.153623 center=0.011000
turn=128 mode=HUNT rank=3 cell=8,14 score=0.099078 prob=0.074809 density=1.153623 center=0.012000
turn=128 mode=HUNT rank=4 cell=1,12 score=0.098801 prob=0.075897 density=1.153623 center=0.007000
turn=128 mode=HUNT rank=5 cell=3,11 score=0.098700 prob=0.075897 density=1.153623 center=0.010000
turn=128 picked cell=7,15 target_cluster=None active_clusters=0 remaining_cells=6 scans=2
turn=128 result=MISS
turn=129 mode=HUNT rank=1 cell=8,14 score=0.103049 prob=0.076182 density=1.157895 center=0.012000
turn=129 mode=HUNT rank=2 cell=3,13 score=0.101695 prob=0.077319 density=1.157895 center=0.008000
turn=129 mode=HUNT rank=3 cell=2,12 score=0.101394 prob=0.077319 density=1.157895 center=0.008000
turn=129 mode=HUNT rank=4 cell=3,14 score=0.100096 prob=0.077319 density=1.157895 center=0.007000
turn=129 mode=HUNT rank=5 cell=2,13 score=0.099892 prob=0.077319 density=1.157895 center=0.007000
turn=129 picked cell=8,14 target_cluster=None active_clusters=0 remaining_cells=6 scans=2
turn=129 result=MISS
turn=130 mode=HUNT rank=1 cell=3,11 score=0.105777 prob=0.078777 density=1.162242 center=0.010000
turn=130 mode=HUNT rank=2 cell=3,13 score=0.103013 prob=0.078777 density=1.162242 center=0.008000
turn=130 mode=HUNT rank=3 cell=3,12 score=0.102486 prob=0.078777 density=1.162242 center=0.009000
turn=130 mode=HUNT rank=4 cell=1,11 score=0.102340 prob=0.078777 density=1.162242 center=0.008000
turn=130 mode=HUNT rank=5 cell=2,13 score=0.102246 prob=0.078777 density=1.162242 center=0.007000
turn=130 picked cell=3,11 target_cluster=None active_clusters=0 remaining_cells=6 scans=2
turn=130 result=MISS
turn=131 mode=HUNT rank=1 cell=3,14 score=0.104498 prob=0.080316 density=1.166667 center=0.007000
turn=131 mode=HUNT rank=2 cell=2,12 score=0.103711 prob=0.080316 density=1.166667 center=0.008000
turn=131 mode=HUNT rank=3 cell=1,11 score=0.103668 prob=0.080316 density=1.166667 center=0.008000
turn=131 mode=HUNT rank=4 cell=3,13 score=0.103257 prob=0.080316 density=1.166667 center=0.008000
turn=131 mode=HUNT rank=5 cell=2,13 score=0.103033 prob=0.080316 density=1.166667 center=0.007000
turn=131 picked cell=3,14 target_cluster=None active_clusters=0 remaining_cells=6 scans=2
turn=131 result=MISS
turn=132 mode=HUNT rank=1 cell=1,11 score=0.107245 prob=0.081920 density=1.171171 center=0.008000
turn=132 mode=HUNT rank=2 cell=2,13 score=0.105636 prob=0.081920 density=1.171171 center=0.007000
turn=132 mode=HUNT rank=3 cell=2,12 score=0.105199 prob=0.081920 density=1.171171 center=0.008000
turn=132 mode=HUNT rank=4 cell=2,15 score=0.105140 prob=0.081920 density=1.171171 center=0.005000
turn=132 mode=HUNT rank=5 cell=1,14 score=0.104944 prob=0.081920 density=1.171171 center=0.005000
turn=132 picked cell=1,11 target_cluster=None active_clusters=0 remaining_cells=6 scans=2
turn=132 result=MISS
turn=133 mode=HUNT rank=1 cell=2,12 score=0.107465 prob=0.083593 density=1.175758 center=0.008000
turn=133 mode=HUNT rank=2 cell=3,16 score=0.106918 prob=0.083593 density=1.175758 center=0.005000
turn=133 mode=HUNT rank=3 cell=1,13 score=0.106379 prob=0.083593 density=1.175758 center=0.006000
turn=133 mode=HUNT rank=4 cell=2,13 score=0.105466 prob=0.083593 density=1.175758 center=0.007000
turn=133 mode=HUNT rank=5 cell=2,16 score=0.105326 prob=0.083593 density=1.175758 center=0.004000
turn=133 picked cell=2,12 target_cluster=None active_clusters=0 remaining_cells=6 scans=2
turn=133 result=MISS
turn=134 mode=HUNT rank=1 cell=1,13 score=0.108010 prob=0.085339 density=1.180428 center=0.006000
turn=134 mode=HUNT rank=2 cell=1,16 score=0.107690 prob=0.085339 density=1.180428 center=0.003000
turn=134 mode=HUNT rank=3 cell=3,16 score=0.107005 prob=0.085339 density=1.180428 center=0.005000
turn=134 mode=HUNT rank=4 cell=1,14 score=0.106811 prob=0.085339 density=1.180428 center=0.005000
turn=134 mode=HUNT rank=5 cell=2,16 score=0.106082 prob=0.085339 density=1.180428 center=0.004000
turn=134 picked cell=1,13 target_cluster=None active_clusters=0 remaining_cells=6 scans=2
turn=134 result=MISS
turn=135 mode=HUNT rank=1 cell=1,15 score=0.111193 prob=0.087164 density=1.185185 center=0.004000
turn=135 mode=HUNT rank=2 cell=2,16 score=0.110300 prob=0.087164 density=1.185185 center=0.004000
turn=135 mode=HUNT rank=3 cell=3,16 score=0.109479 prob=0.087164 density=1.185185 center=0.005000
turn=135 mode=HUNT rank=4 cell=1,16 score=0.108908 prob=0.087164 density=1.185185 center=0.003000
turn=135 mode=HUNT rank=5 cell=2,15 score=0.108348 prob=0.087164 density=1.185185 center=0.005000
turn=135 picked cell=1,15 target_cluster=None active_clusters=0 remaining_cells=6 scans=2
turn=135 result=MISS
turn=136 mode=HUNT rank=1 cell=2,16 score=0.114075 prob=0.089073 density=1.190031 center=0.004000
turn=136 mode=HUNT rank=2 cell=3,16 score=0.111188 prob=0.089073 density=1.190031 center=0.005000
turn=136 mode=HUNT rank=3 cell=5,10 score=0.100940 prob=0.070435 density=1.190031 center=0.013000
turn=136 mode=HUNT rank=4 cell=7,13 score=0.099492 prob=0.070435 density=1.190031 center=0.012000
turn=136 mode=HUNT rank=5 cell=7,10 score=0.098866 prob=0.070435 density=1.190031 center=0.015000
turn=136 picked cell=2,16 target_cluster=None active_clusters=0 remaining_cells=6 scans=2
turn=136 result=MISS
turn=137 mode=HUNT rank=1 cell=4,10 score=0.102349 prob=0.072062 density=1.194969 center=0.012000
turn=137 mode=HUNT rank=2 cell=7,10 score=0.101277 prob=0.072062 density=1.194969 center=0.015000
turn=137 mode=HUNT rank=3 cell=7,13 score=0.101015 prob=0.072062 density=1.194969 center=0.012000
turn=137 mode=HUNT rank=4 cell=3,8 score=0.100389 prob=0.072062 density=1.194969 center=0.012000
turn=137 mode=HUNT rank=5 cell=4,12 score=0.100261 prob=0.072062 density=1.194969 center=0.010000
turn=137 picked cell=4,10 target_cluster=None active_clusters=0 remaining_cells=6 scans=2
turn=137 result=MISS
turn=138 mode=HUNT rank=1 cell=7,10 score=0.105561 prob=0.073385 density=1.200000 center=0.015000
turn=138 mode=HUNT rank=2 cell=4,12 score=0.101446 prob=0.073385 density=1.200000 center=0.010000
turn=138 mode=HUNT rank=3 cell=6,3 score=0.100914 prob=0.072998 density=1.193684 center=0.010000
turn=138 mode=HUNT rank=4 cell=5,4 score=0.100901 prob=0.072998 density=1.193684 center=0.010000
turn=138 mode=HUNT rank=5 cell=7,13 score=0.100714 prob=0.073385 density=1.200000 center=0.012000
turn=138 picked cell=7,10 target_cluster=None active_clusters=0 remaining_cells=6 scans=2
turn=138 result=MISS
turn=139 mode=HUNT rank=1 cell=7,13 score=0.105332 prob=0.074759 density=1.205128 center=0.012000
turn=139 mode=HUNT rank=2 cell=1,9 score=0.103335 prob=0.074655 density=1.205128 center=0.010000
turn=139 mode=HUNT rank=3 cell=4,13 score=0.102866 prob=0.074759 density=1.205128 center=0.009000
turn=139 mode=HUNT rank=4 cell=7,16 score=0.102803 prob=0.074759 density=1.205128 center=0.009000
turn=139 mode=HUNT rank=5 cell=6,16 score=0.102000 prob=0.074759 density=1.205128 center=0.008000
turn=139 picked cell=7,13 target_cluster=None active_clusters=0 remaining_cells=6 scans=2
turn=139 result=MISS
turn=140 mode=HUNT rank=1 cell=0,10 score=0.104061 prob=0.076189 density=1.210356 center=0.008000
turn=140 mode=HUNT rank=2 cell=7,16 score=0.103737 prob=0.076189 density=1.210356 center=0.009000
turn=140 mode=HUNT rank=3 cell=4,15 score=0.103437 prob=0.076189 density=1.210356 center=0.007000
turn=140 mode=HUNT rank=4 cell=4,13 score=0.103253 prob=0.076189 density=1.210356 center=0.009000
turn=140 mode=HUNT rank=5 cell=3,13 score=0.103201 prob=0.076189 density=1.210356 center=0.008000
turn=140 picked cell=0,10 target_cluster=None active_clusters=0 remaining_cells=6 scans=2
turn=140 result=MISS
turn=141 mode=HUNT rank=1 cell=1,9 score=0.107454 prob=0.077459 density=1.215686 center=0.010000
turn=141 mode=HUNT rank=2 cell=4,12 score=0.107341 prob=0.077678 density=1.215686 center=0.010000
turn=141 mode=HUNT rank=3 cell=3,13 score=0.106329 prob=0.077678 density=1.215686 center=0.008000
turn=141 mode=HUNT rank=4 cell=6,16 score=0.105878 prob=0.077678 density=1.215686 center=0.008000
turn=141 mode=HUNT rank=5 cell=7,16 score=0.105709 prob=0.077678 density=1.215686 center=0.009000
turn=141 picked cell=1,9 target_cluster=None active_clusters=0 remaining_cells=6 scans=2
turn=141 result=MISS
turn=142 mode=HUNT rank=1 cell=4,12 score=0.108932 prob=0.079130 density=1.221122 center=0.010000
turn=142 mode=HUNT rank=2 cell=6,16 score=0.108469 prob=0.079130 density=1.221122 center=0.008000
turn=142 mode=HUNT rank=3 cell=4,15 score=0.107711 prob=0.079130 density=1.221122 center=0.007000
turn=142 mode=HUNT rank=4 cell=7,16 score=0.107194 prob=0.079130 density=1.221122 center=0.009000
turn=142 mode=HUNT rank=5 cell=2,14 score=0.106783 prob=0.079130 density=1.221122 center=0.006000
turn=142 picked cell=4,12 target_cluster=None active_clusters=0 remaining_cells=6 scans=2
turn=142 result=MISS
turn=143 mode=HUNT rank=1 cell=7,16 score=0.111615 prob=0.080738 density=1.226667 center=0.009000
turn=143 mode=HUNT rank=2 cell=4,15 score=0.109957 prob=0.080738 density=1.226667 center=0.007000
turn=143 mode=HUNT rank=3 cell=0,12 score=0.109315 prob=0.080738 density=1.226667 center=0.006000
turn=143 mode=HUNT rank=4 cell=4,16 score=0.109153 prob=0.080738 density=1.226667 center=0.006000
turn=143 mode=HUNT rank=5 cell=3,8 score=0.108832 prob=0.078525 density=1.187930 center=0.012000
turn=143 picked cell=7,16 target_cluster=None active_clusters=0 remaining_cells=6 scans=2
turn=143 result=MISS
turn=144 mode=HUNT rank=1 cell=2,14 score=0.111538 prob=0.082417 density=1.232323 center=0.006000
turn=144 mode=HUNT rank=2 cell=4,15 score=0.110885 prob=0.082417 density=1.232323 center=0.007000
turn=144 mode=HUNT rank=3 cell=3,15 score=0.110857 prob=0.082417 density=1.232323 center=0.006000
turn=144 mode=HUNT rank=4 cell=3,13 score=0.110645 prob=0.082417 density=1.232323 center=0.008000
turn=144 mode=HUNT rank=5 cell=4,16 score=0.110360 prob=0.082417 density=1.232323 center=0.006000
turn=144 picked cell=2,14 target_cluster=None active_clusters=0 remaining_cells=6 scans=2
turn=144 result=MISS
turn=145 mode=HUNT rank=1 cell=3,13 score=0.114914 prob=0.084171 density=1.238095 center=0.008000
turn=145 mode=HUNT rank=2 cell=3,15 score=0.113677 prob=0.084171 density=1.238095 center=0.006000
turn=145 mode=HUNT rank=3 cell=0,12 score=0.112590 prob=0.084171 density=1.238095 center=0.006000
turn=145 mode=HUNT rank=4 cell=4,15 score=0.112254 prob=0.084171 density=1.238095 center=0.007000
turn=145 mode=HUNT rank=5 cell=0,14 score=0.112084 prob=0.084171 density=1.238095 center=0.004000
turn=145 picked cell=3,13 target_cluster=None active_clusters=0 remaining_cells=6 scans=2
turn=145 result=MISS
turn=146 mode=HUNT rank=1 cell=0,12 score=0.117113 prob=0.086005 density=1.243986 center=0.006000
turn=146 mode=HUNT rank=2 cell=4,16 score=0.116529 prob=0.086005 density=1.243986 center=0.006000
turn=146 mode=HUNT rank=3 cell=4,15 score=0.115983 prob=0.086005 density=1.243986 center=0.007000
turn=146 mode=HUNT rank=4 cell=3,15 score=0.115696 prob=0.086005 density=1.243986 center=0.006000
turn=146 mode=HUNT rank=5 cell=0,14 score=0.115264 prob=0.086005 density=1.243986 center=0.004000
turn=146 picked cell=0,12 target_cluster=None active_clusters=0 remaining_cells=6 scans=2
turn=146 result=MISS
turn=147 mode=HUNT rank=1 cell=4,15 score=0.117896 prob=0.087926 density=1.250000 center=0.007000
turn=147 mode=HUNT rank=2 cell=4,16 score=0.117830 prob=0.087926 density=1.250000 center=0.006000
turn=147 mode=HUNT rank=3 cell=0,14 score=0.117557 prob=0.087926 density=1.250000 center=0.004000
turn=147 mode=HUNT rank=4 cell=3,15 score=0.117308 prob=0.087926 density=1.250000 center=0.006000
turn=147 mode=HUNT rank=5 cell=3,17 score=0.116320 prob=0.087926 density=1.250000 center=0.004000
turn=147 picked cell=4,15 target_cluster=None active_clusters=0 remaining_cells=6 scans=2
turn=147 result=MISS
turn=148 mode=HUNT rank=1 cell=0,14 score=0.119217 prob=0.089716 density=1.256140 center=0.004000
turn=148 mode=HUNT rank=2 cell=3,16 score=0.118585 prob=0.089716 density=1.256140 center=0.005000
turn=148 mode=HUNT rank=3 cell=3,17 score=0.118143 prob=0.089716 density=1.256140 center=0.004000
turn=148 mode=HUNT rank=4 cell=1,17 score=0.117989 prob=0.089716 density=1.256140 center=0.002000
turn=148 mode=HUNT rank=5 cell=3,8 score=0.115825 prob=0.085206 density=1.183416 center=0.012000
turn=148 picked cell=0,14 target_cluster=None active_clusters=0 remaining_cells=6 scans=2
turn=148 result=MISS
turn=149 mode=HUNT rank=1 cell=3,16 score=0.122182 prob=0.091592 density=1.262411 center=0.005000
turn=149 mode=HUNT rank=2 cell=0,16 score=0.121560 prob=0.091592 density=1.262411 center=0.002000
turn=149 mode=HUNT rank=3 cell=3,17 score=0.121011 prob=0.091592 density=1.262411 center=0.004000
turn=149 mode=HUNT rank=4 cell=1,17 score=0.119912 prob=0.091592 density=1.262411 center=0.002000
turn=149 mode=HUNT rank=5 cell=3,8 score=0.115390 prob=0.086569 density=1.182680 center=0.012000
turn=149 picked cell=3,16 target_cluster=None active_clusters=0 remaining_cells=6 scans=2
turn=149 result=MISS
turn=150 mode=HUNT rank=1 cell=1,17 score=0.124718 prob=0.093561 density=1.268817 center=0.002000
turn=150 mode=HUNT rank=2 cell=0,16 score=0.122363 prob=0.093561 density=1.268817 center=0.002000
turn=150 mode=HUNT rank=3 cell=3,8 score=0.117800 prob=0.088003 density=1.182003 center=0.012000
turn=150 mode=HUNT rank=4 cell=0,8 score=0.116311 prob=0.088003 density=1.182003 center=0.009000
turn=150 mode=HUNT rank=5 cell=1,7 score=0.115783 prob=0.087160 density=1.182003 center=0.009000
turn=150 picked cell=1,17 target_cluster=None active_clusters=0 remaining_cells=6 scans=2
turn=150 result=MISS
turn=151 mode=HUNT rank=1 cell=0,16 score=0.124705 prob=0.095631 density=1.275362 center=0.002000
turn=151 mode=HUNT rank=2 cell=3,8 score=0.121182 prob=0.089512 density=1.181388 center=0.012000
turn=151 mode=HUNT rank=3 cell=6,3 score=0.117289 prob=0.088585 density=1.181388 center=0.010000
turn=151 mode=HUNT rank=4 cell=0,8 score=0.117003 prob=0.089512 density=1.181388 center=0.009000
turn=151 mode=HUNT rank=5 cell=7,2 score=0.116701 prob=0.088585 density=1.181388 center=0.010000
turn=151 picked cell=0,16 target_cluster=None active_clusters=0 remaining_cells=6 scans=2
turn=151 result=MISS
turn=152 mode=HUNT rank=1 cell=3,8 score=0.122301 prob=0.092274 density=1.180837 center=0.012000
turn=152 mode=HUNT rank=2 cell=6,3 score=0.121973 prob=0.091245 density=1.180837 center=0.010000
turn=152 mode=HUNT rank=3 cell=0,8 score=0.121116 prob=0.092274 density=1.180837 center=0.009000
turn=152 mode=HUNT rank=4 cell=6,2 score=0.119898 prob=0.091245 density=1.180837 center=0.009000
turn=152 mode=HUNT rank=5 cell=7,2 score=0.119556 prob=0.091245 density=1.180837 center=0.010000
turn=152 picked cell=3,8 target_cluster=None active_clusters=0 remaining_cells=6 scans=2
turn=152 result=MISS
turn=153 mode=HUNT rank=1 cell=0,8 score=0.124716 prob=0.094378 density=1.192908 center=0.009000
turn=153 mode=HUNT rank=2 cell=7,2 score=0.124711 prob=0.093388 density=1.192908 center=0.010000
turn=153 mode=HUNT rank=3 cell=5,4 score=0.123865 prob=0.093388 density=1.192908 center=0.010000
turn=153 mode=HUNT rank=4 cell=6,3 score=0.123797 prob=0.093388 density=1.192908 center=0.010000
turn=153 mode=HUNT rank=5 cell=4,4 score=0.123406 prob=0.093388 density=1.192908 center=0.009000
turn=153 picked cell=0,8 target_cluster=None active_clusters=0 remaining_cells=6 scans=2
turn=153 result=MISS
turn=154 mode=HUNT rank=1 cell=7,2 score=0.128608 prob=0.095638 density=1.205308 center=0.010000
turn=154 mode=HUNT rank=2 cell=6,2 score=0.128014 prob=0.095638 density=1.205308 center=0.009000
turn=154 mode=HUNT rank=3 cell=4,4 score=0.126707 prob=0.095638 density=1.205308 center=0.009000
turn=154 mode=HUNT rank=4 cell=1,6 score=0.126658 prob=0.095638 density=1.205308 center=0.008000
turn=154 mode=HUNT rank=5 cell=6,3 score=0.126391 prob=0.095638 density=1.205308 center=0.010000
turn=154 picked cell=7,2 target_cluster=None active_clusters=0 remaining_cells=6 scans=2
turn=154 result=MISS
turn=155 mode=HUNT rank=1 cell=6,3 score=0.133521 prob=0.097985 density=1.218050 center=0.010000
turn=155 mode=HUNT rank=2 cell=3,4 score=0.131236 prob=0.097985 density=1.218050 center=0.008000
turn=155 mode=HUNT rank=3 cell=4,4 score=0.131113 prob=0.097985 density=1.218050 center=0.009000
turn=155 mode=HUNT rank=4 cell=1,7 score=0.130147 prob=0.097985 density=1.218050 center=0.009000
turn=155 mode=HUNT rank=5 cell=0,6 score=0.130058 prob=0.097985 density=1.218050 center=0.007000
turn=155 picked cell=6,3 target_cluster=None active_clusters=0 remaining_cells=6 scans=2
turn=155 result=MISS
turn=156 mode=HUNT rank=1 cell=5,4 score=0.135861 prob=0.100460 density=1.231148 center=0.010000
turn=156 mode=HUNT rank=2 cell=1,6 score=0.135786 prob=0.100460 density=1.231148 center=0.008000
turn=156 mode=HUNT rank=3 cell=1,7 score=0.135621 prob=0.100460 density=1.231148 center=0.009000
turn=156 mode=HUNT rank=4 cell=4,4 score=0.135445 prob=0.100460 density=1.231148 center=0.009000
turn=156 mode=HUNT rank=5 cell=4,3 score=0.135430 prob=0.100460 density=1.231148 center=0.008000
turn=156 picked cell=5,4 target_cluster=None active_clusters=0 remaining_cells=6 scans=2
turn=156 result=MISS
turn=157 mode=HUNT rank=1 cell=4,3 score=0.140379 prob=0.103073 density=1.244617 center=0.008000
turn=157 mode=HUNT rank=2 cell=1,7 score=0.140149 prob=0.103073 density=1.244617 center=0.009000
turn=157 mode=HUNT rank=3 cell=3,4 score=0.139662 prob=0.103073 density=1.244617 center=0.008000
turn=157 mode=HUNT rank=4 cell=1,5 score=0.139568 prob=0.103073 density=1.244617 center=0.007000
turn=157 mode=HUNT rank=5 cell=1,6 score=0.138538 prob=0.103073 density=1.244617 center=0.008000
turn=157 picked cell=4,3 target_cluster=None active_clusters=0 remaining_cells=6 scans=2
turn=157 result=MISS
turn=158 mode=HUNT rank=1 cell=1,6 score=0.144957 prob=0.105476 density=1.258471 center=0.008000
turn=158 mode=HUNT rank=2 cell=0,6 score=0.143631 prob=0.105476 density=1.258471 center=0.007000
turn=158 mode=HUNT rank=3 cell=1,7 score=0.143556 prob=0.105476 density=1.258471 center=0.009000
turn=158 mode=HUNT rank=4 cell=1,5 score=0.143430 prob=0.105476 density=1.258471 center=0.007000
turn=158 mode=HUNT rank=5 cell=1,4 score=0.142568 prob=0.105476 density=1.258471 center=0.006000
turn=158 picked cell=1,6 target_cluster=None active_clusters=0 remaining_cells=6 scans=2
turn=158 result=MISS
turn=159 mode=HUNT rank=1 cell=3,4 score=0.149066 prob=0.107779 density=1.272727 center=0.008000
turn=159 mode=HUNT rank=2 cell=1,4 score=0.145425 prob=0.107779 density=1.272727 center=0.006000
turn=159 mode=HUNT rank=3 cell=0,4 score=0.145054 prob=0.107779 density=1.272727 center=0.005000
turn=159 mode=HUNT rank=4 cell=0,5 score=0.144991 prob=0.107779 density=1.272727 center=0.006000
turn=159 mode=HUNT rank=5 cell=3,0 score=0.144788 prob=0.107779 density=1.272727 center=0.004000
turn=159 picked cell=3,4 target_cluster=None active_clusters=0 remaining_cells=6 scans=2
turn=159 result=MISS
turn=160 mode=HUNT rank=1 cell=0,4 score=0.149708 prob=0.110223 density=1.287402 center=0.005000
turn=160 mode=HUNT rank=2 cell=1,4 score=0.148839 prob=0.110223 density=1.287402 center=0.006000
turn=160 mode=HUNT rank=3 cell=0,5 score=0.148383 prob=0.110223 density=1.287402 center=0.006000
turn=160 mode=HUNT rank=4 cell=0,3 score=0.147443 prob=0.110223 density=1.287402 center=0.004000
turn=160 mode=HUNT rank=5 cell=3,0 score=0.146449 prob=0.110223 density=1.287402 center=0.004000
turn=160 picked cell=0,4 target_cluster=None active_clusters=0 remaining_cells=6 scans=2
turn=160 result=HIT
turn=161 mode=CHASE cluster=0 cluster_len=1 cell=1,4 score=100000.094000 chase_score=5001.094000 prob=0.094000
turn=161 picked cell=1,4 target_cluster=Some(0) active_clusters=1 remaining_cells=5 scans=2
turn=161 result=MISS
turn=162 mode=CHASE cluster=0 cluster_len=1 cell=0,5 score=100000.095775 chase_score=5001.095775 prob=0.095775
turn=162 picked cell=0,5 target_cluster=Some(0) active_clusters=1 remaining_cells=5 scans=2
turn=162 result=KILL
turn=162 kill_infer inferred_len=2 committed_hits=1 cluster_hits=1
turn=163 mode=HUNT rank=1 cell=13,14 score=0.104390 prob=0.092104 density=1.000000 center=0.008000
turn=163 mode=HUNT rank=2 cell=14,13 score=0.103721 prob=0.092104 density=1.000000 center=0.008000
turn=163 mode=HUNT rank=3 cell=11,14 score=0.103510 prob=0.092104 density=1.000000 center=0.010000
turn=163 mode=HUNT rank=4 cell=13,13 score=0.102740 prob=0.092104 density=1.000000 center=0.009000
turn=163 mode=HUNT rank=5 cell=14,14 score=0.102428 prob=0.092104 density=1.000000 center=0.007000
turn=163 picked cell=13,14 target_cluster=None active_clusters=0 remaining_cells=4 scans=2
turn=163 result=MISS
turn=164 mode=HUNT rank=1 cell=11,14 score=0.107326 prob=0.095596 density=1.000000 center=0.010000
turn=164 mode=HUNT rank=2 cell=14,13 score=0.104101 prob=0.095596 density=1.000000 center=0.008000
turn=164 mode=HUNT rank=3 cell=9,14 score=0.091692 prob=0.077749 density=1.000000 center=0.012000
turn=164 mode=HUNT rank=4 cell=15,10 score=0.091395 prob=0.077749 density=1.000000 center=0.010000
turn=164 mode=HUNT rank=5 cell=14,9 score=0.091021 prob=0.077749 density=1.000000 center=0.012000
turn=164 picked cell=11,14 target_cluster=None active_clusters=0 remaining_cells=4 scans=2
turn=164 result=MISS
turn=165 mode=HUNT rank=1 cell=14,13 score=0.110680 prob=0.099389 density=1.000000 center=0.008000
turn=165 mode=HUNT rank=2 cell=14,9 score=0.094316 prob=0.080780 density=1.000000 center=0.012000
turn=165 mode=HUNT rank=3 cell=14,12 score=0.094024 prob=0.080780 density=1.000000 center=0.009000
turn=165 mode=HUNT rank=4 cell=12,13 score=0.093910 prob=0.080780 density=1.000000 center=0.010000
turn=165 mode=HUNT rank=5 cell=13,13 score=0.093658 prob=0.080780 density=1.000000 center=0.009000
turn=165 picked cell=14,13 target_cluster=None active_clusters=0 remaining_cells=4 scans=2
turn=165 result=MISS
turn=166 mode=HUNT rank=1 cell=9,14 score=0.096024 prob=0.081895 density=1.000000 center=0.012000
turn=166 mode=HUNT rank=2 cell=12,13 score=0.095753 prob=0.081895 density=1.000000 center=0.010000
turn=166 mode=HUNT rank=3 cell=14,9 score=0.094981 prob=0.081895 density=1.000000 center=0.012000
turn=166 mode=HUNT rank=4 cell=13,9 score=0.092807 prob=0.076046 density=1.000000 center=0.013000
turn=166 mode=HUNT rank=5 cell=15,12 score=0.092519 prob=0.081895 density=1.000000 center=0.008000
turn=166 picked cell=9,14 target_cluster=None active_clusters=0 remaining_cells=4 scans=2
turn=166 result=HIT
turn=167 mode=CHASE cluster=0 cluster_len=1 cell=9,15 score=100000.046249 chase_score=5000.546249 prob=0.046249
turn=167 picked cell=9,15 target_cluster=Some(0) active_clusters=1 remaining_cells=3 scans=2
turn=167 result=KILL
turn=167 kill_infer inferred_len=2 committed_hits=1 cluster_hits=1
turn=168 mode=HUNT rank=1 cell=7,9 score=0.053055 prob=0.017187 density=1.987500 center=0.016000
turn=168 mode=HUNT rank=2 cell=8,10 score=0.051296 prob=0.017187 density=1.987500 center=0.016000
turn=168 mode=HUNT rank=3 cell=5,9 score=0.049914 prob=0.017187 density=1.987500 center=0.014000
turn=168 mode=HUNT rank=4 cell=8,13 score=0.049839 prob=0.017187 density=1.987500 center=0.013000
turn=168 mode=HUNT rank=5 cell=7,7 score=0.049796 prob=0.016266 density=1.881027 center=0.015000
turn=168 picked cell=7,9 target_cluster=None active_clusters=0 remaining_cells=2 scans=2
turn=168 result=MISS
turn=169 mode=HUNT rank=1 cell=8,10 score=0.055100 prob=0.017429 density=2.000000 center=0.016000
turn=169 mode=HUNT rank=2 cell=5,9 score=0.052100 prob=0.017429 density=2.000000 center=0.014000
turn=169 mode=HUNT rank=3 cell=8,8 score=0.051274 prob=0.016392 density=1.880952 center=0.017000
turn=169 mode=HUNT rank=4 cell=8,13 score=0.050590 prob=0.017429 density=2.000000 center=0.013000
turn=169 mode=HUNT rank=5 cell=6,12 score=0.049810 prob=0.017429 density=2.000000 center=0.012000
turn=169 picked cell=8,10 target_cluster=None active_clusters=0 remaining_cells=2 scans=2
turn=169 result=MISS
turn=170 mode=HUNT rank=1 cell=8,13 score=0.052730 prob=0.017678 density=2.012821 center=0.013000
turn=170 mode=HUNT rank=2 cell=6,10 score=0.052527 prob=0.017678 density=2.012821 center=0.014000
turn=170 mode=HUNT rank=3 cell=5,9 score=0.050611 prob=0.017678 density=2.012821 center=0.014000
turn=170 mode=HUNT rank=4 cell=6,12 score=0.050497 prob=0.017678 density=2.012821 center=0.012000
turn=170 mode=HUNT rank=5 cell=5,10 score=0.050253 prob=0.017678 density=2.012821 center=0.013000
turn=170 picked cell=8,13 target_cluster=None active_clusters=0 remaining_cells=2 scans=2
turn=170 result=MISS
turn=171 mode=HUNT rank=1 cell=5,10 score=0.052895 prob=0.017935 density=2.025974 center=0.013000
turn=171 mode=HUNT rank=2 cell=6,10 score=0.052315 prob=0.017935 density=2.025974 center=0.014000
turn=171 mode=HUNT rank=3 cell=3,9 score=0.051847 prob=0.017935 density=2.025974 center=0.012000
turn=171 mode=HUNT rank=4 cell=5,9 score=0.050766 prob=0.017935 density=2.025974 center=0.014000
turn=171 mode=HUNT rank=5 cell=8,8 score=0.050269 prob=0.016654 density=1.881262 center=0.017000
turn=171 picked cell=5,10 target_cluster=None active_clusters=0 remaining_cells=2 scans=2
turn=171 result=MISS
turn=172 mode=HUNT rank=1 cell=5,9 score=0.054776 prob=0.018200 density=2.039474 center=0.014000
turn=172 mode=HUNT rank=2 cell=8,8 score=0.052508 prob=0.016791 density=1.881657 center=0.017000
turn=172 mode=HUNT rank=3 cell=3,10 score=0.052144 prob=0.018200 density=2.039474 center=0.011000
turn=172 mode=HUNT rank=4 cell=7,14 score=0.051641 prob=0.018200 density=2.039474 center=0.011000
turn=172 mode=HUNT rank=5 cell=6,10 score=0.051606 prob=0.018200 density=2.039474 center=0.014000
turn=172 picked cell=5,9 target_cluster=None active_clusters=0 remaining_cells=2 scans=2
turn=172 result=MISS
turn=173 mode=HUNT rank=1 cell=6,10 score=0.054716 prob=0.018472 density=2.053333 center=0.014000
turn=173 mode=HUNT rank=2 cell=7,14 score=0.052955 prob=0.018472 density=2.053333 center=0.011000
turn=173 mode=HUNT rank=3 cell=6,12 score=0.052731 prob=0.018472 density=2.053333 center=0.012000
turn=173 mode=HUNT rank=4 cell=8,16 score=0.052092 prob=0.018472 density=2.053333 center=0.010000
turn=173 mode=HUNT rank=5 cell=3,10 score=0.051972 prob=0.018472 density=2.053333 center=0.011000
turn=173 picked cell=6,10 target_cluster=None active_clusters=0 remaining_cells=2 scans=2
turn=173 result=MISS
turn=174 mode=HUNT rank=1 cell=8,15 score=0.053183 prob=0.018754 density=2.067568 center=0.011000
turn=174 mode=HUNT rank=2 cell=6,12 score=0.052979 prob=0.018754 density=2.067568 center=0.012000
turn=174 mode=HUNT rank=3 cell=3,10 score=0.052631 prob=0.018754 density=2.067568 center=0.011000
turn=174 mode=HUNT rank=4 cell=6,13 score=0.052585 prob=0.018754 density=2.067568 center=0.011000
turn=174 mode=HUNT rank=5 cell=7,14 score=0.052495 prob=0.018754 density=2.067568 center=0.011000
turn=174 picked cell=8,15 target_cluster=None active_clusters=0 remaining_cells=2 scans=2
turn=174 result=MISS
turn=175 mode=HUNT rank=1 cell=4,11 score=0.054249 prob=0.019044 density=2.082192 center=0.011000
turn=175 mode=HUNT rank=2 cell=7,14 score=0.054091 prob=0.019044 density=2.082192 center=0.011000
turn=175 mode=HUNT rank=3 cell=3,10 score=0.053841 prob=0.019044 density=2.082192 center=0.011000
turn=175 mode=HUNT rank=4 cell=6,12 score=0.053834 prob=0.019044 density=2.082192 center=0.012000
turn=175 mode=HUNT rank=5 cell=8,16 score=0.053784 prob=0.019044 density=2.082192 center=0.010000
turn=175 picked cell=4,11 target_cluster=None active_clusters=0 remaining_cells=2 scans=2
turn=175 result=MISS
turn=176 mode=HUNT rank=1 cell=6,12 score=0.055041 prob=0.019344 density=2.097222 center=0.012000
turn=176 mode=HUNT rank=2 cell=6,13 score=0.054630 prob=0.019344 density=2.097222 center=0.011000
turn=176 mode=HUNT rank=3 cell=3,9 score=0.054575 prob=0.019344 density=2.097222 center=0.012000
turn=176 mode=HUNT rank=4 cell=7,14 score=0.053389 prob=0.019344 density=2.097222 center=0.011000
turn=176 mode=HUNT rank=5 cell=4,13 score=0.052448 prob=0.019344 density=2.097222 center=0.009000
turn=176 picked cell=6,12 target_cluster=None active_clusters=0 remaining_cells=2 scans=2
turn=176 result=KILL
turn=177 mode=HUNT rank=1 cell=8,8 score=0.051592 prob=0.011373 density=3.000000 center=0.017000
turn=177 mode=HUNT rank=2 cell=7,7 score=0.050943 prob=0.011373 density=3.000000 center=0.015000
turn=177 mode=HUNT rank=3 cell=8,4 score=0.050801 prob=0.011373 density=3.000000 center=0.013000
turn=177 mode=HUNT rank=4 cell=6,8 score=0.050590 prob=0.011373 density=3.000000 center=0.015000
turn=177 mode=HUNT rank=5 cell=5,7 score=0.050242 prob=0.011373 density=3.000000 center=0.013000
turn=177 picked cell=8,8 target_cluster=None active_clusters=0 remaining_cells=1 scans=2
turn=177 result=MISS
turn=178 mode=HUNT rank=1 cell=8,6 score=0.053138 prob=0.011552 density=3.000000 center=0.015000
turn=178 mode=HUNT rank=2 cell=6,8 score=0.052435 prob=0.011552 density=3.000000 center=0.015000
turn=178 mode=HUNT rank=3 cell=7,7 score=0.051898 prob=0.011552 density=3.000000 center=0.015000
turn=178 mode=HUNT rank=4 cell=7,5 score=0.051463 prob=0.011552 density=3.000000 center=0.013000
turn=178 mode=HUNT rank=5 cell=4,8 score=0.050294 prob=0.011552 density=3.000000 center=0.013000
turn=178 picked cell=8,6 target_cluster=None active_clusters=0 remaining_cells=1 scans=2
turn=178 result=MISS
turn=179 mode=HUNT rank=1 cell=6,8 score=0.052888 prob=0.011736 density=3.000000 center=0.015000
turn=179 mode=HUNT rank=2 cell=6,6 score=0.052413 prob=0.011736 density=3.000000 center=0.013000
turn=179 mode=HUNT rank=3 cell=8,4 score=0.052335 prob=0.011736 density=3.000000 center=0.013000
turn=179 mode=HUNT rank=4 cell=7,7 score=0.050970 prob=0.011736 density=3.000000 center=0.015000
turn=179 mode=HUNT rank=5 cell=4,6 score=0.050460 prob=0.011736 density=3.000000 center=0.011000
turn=179 picked cell=6,8 target_cluster=None active_clusters=0 remaining_cells=1 scans=2
turn=179 result=MISS
turn=180 mode=HUNT rank=1 cell=7,7 score=0.053432 prob=0.011928 density=3.000000 center=0.015000
turn=180 mode=HUNT rank=2 cell=4,8 score=0.052180 prob=0.011928 density=3.000000 center=0.013000
turn=180 mode=HUNT rank=3 cell=6,6 score=0.052118 prob=0.011928 density=3.000000 center=0.013000
turn=180 mode=HUNT rank=4 cell=7,5 score=0.051949 prob=0.011928 density=3.000000 center=0.013000
turn=180 mode=HUNT rank=5 cell=5,7 score=0.051430 prob=0.011928 density=3.000000 center=0.013000
turn=180 picked cell=7,7 target_cluster=None active_clusters=0 remaining_cells=1 scans=2
turn=180 result=MISS
turn=181 mode=HUNT rank=1 cell=7,5 score=0.052864 prob=0.012126 density=3.000000 center=0.013000
turn=181 mode=HUNT rank=2 cell=4,8 score=0.052605 prob=0.012126 density=3.000000 center=0.013000
turn=181 mode=HUNT rank=3 cell=6,6 score=0.051670 prob=0.012126 density=3.000000 center=0.013000
turn=181 mode=HUNT rank=4 cell=7,3 score=0.051663 prob=0.012126 density=3.000000 center=0.011000
turn=181 mode=HUNT rank=5 cell=1,8 score=0.050307 prob=0.012126 density=3.000000 center=0.010000
turn=181 picked cell=7,5 target_cluster=None active_clusters=0 remaining_cells=1 scans=2
turn=181 result=MISS
turn=182 mode=HUNT rank=1 cell=5,7 score=0.052472 prob=0.012277 density=3.000000 center=0.013000
turn=182 mode=HUNT rank=2 cell=8,4 score=0.052388 prob=0.012277 density=3.000000 center=0.013000
turn=182 mode=HUNT rank=3 cell=6,6 score=0.051686 prob=0.012277 density=3.000000 center=0.013000
turn=182 mode=HUNT rank=4 cell=4,8 score=0.051184 prob=0.012277 density=3.000000 center=0.013000
turn=182 mode=HUNT rank=5 cell=6,4 score=0.050240 prob=0.012277 density=3.000000 center=0.011000
turn=182 picked cell=5,7 target_cluster=None active_clusters=0 remaining_cells=1 scans=2
turn=182 result=MISS
turn=183 mode=HUNT rank=1 cell=6,6 score=0.051935 prob=0.012392 density=3.000000 center=0.013000
turn=183 mode=HUNT rank=2 cell=8,4 score=0.051411 prob=0.012392 density=3.000000 center=0.013000
turn=183 mode=HUNT rank=3 cell=4,8 score=0.050805 prob=0.012392 density=3.000000 center=0.013000
turn=183 mode=HUNT rank=4 cell=7,3 score=0.050439 prob=0.012392 density=3.000000 center=0.011000
turn=183 mode=HUNT rank=5 cell=6,4 score=0.050005 prob=0.012392 density=3.000000 center=0.011000
turn=183 picked cell=6,6 target_cluster=None active_clusters=0 remaining_cells=1 scans=2
turn=183 result=MISS
turn=184 mode=HUNT rank=1 cell=4,8 score=0.054029 prob=0.012508 density=3.000000 center=0.013000
turn=184 mode=HUNT rank=2 cell=8,4 score=0.053466 prob=0.012508 density=3.000000 center=0.013000
turn=184 mode=HUNT rank=3 cell=3,7 score=0.052151 prob=0.012508 density=3.000000 center=0.011000
turn=184 mode=HUNT rank=4 cell=6,4 score=0.051357 prob=0.012508 density=3.000000 center=0.011000
turn=184 mode=HUNT rank=5 cell=8,2 score=0.051091 prob=0.012508 density=3.000000 center=0.011000
turn=184 picked cell=4,8 target_cluster=None active_clusters=0 remaining_cells=1 scans=2
turn=184 result=MISS
turn=185 mode=HUNT rank=1 cell=8,4 score=0.053495 prob=0.012629 density=3.000000 center=0.013000
turn=185 mode=HUNT rank=2 cell=5,5 score=0.052619 prob=0.012629 density=3.000000 center=0.011000
turn=185 mode=HUNT rank=3 cell=6,4 score=0.051113 prob=0.012629 density=3.000000 center=0.011000
turn=185 mode=HUNT rank=4 cell=7,3 score=0.051000 prob=0.012629 density=3.000000 center=0.011000
turn=185 mode=HUNT rank=5 cell=1,8 score=0.050930 prob=0.012629 density=3.000000 center=0.010000
turn=185 picked cell=8,4 target_cluster=None active_clusters=0 remaining_cells=1 scans=2
turn=185 result=MISS
turn=186 mode=HUNT rank=1 cell=5,5 score=0.053515 prob=0.012771 density=3.000000 center=0.011000
turn=186 mode=HUNT rank=2 cell=3,7 score=0.051401 prob=0.012771 density=3.000000 center=0.011000
turn=186 mode=HUNT rank=3 cell=4,4 score=0.050807 prob=0.012771 density=3.000000 center=0.009000
turn=186 mode=HUNT rank=4 cell=7,3 score=0.050801 prob=0.012771 density=3.000000 center=0.011000
turn=186 mode=HUNT rank=5 cell=8,2 score=0.050240 prob=0.012771 density=3.000000 center=0.011000
turn=186 picked cell=5,5 target_cluster=None active_clusters=0 remaining_cells=1 scans=2
turn=186 result=MISS
turn=187 mode=HUNT rank=1 cell=7,3 score=0.053859 prob=0.012915 density=3.000000 center=0.011000
turn=187 mode=HUNT rank=2 cell=8,2 score=0.051851 prob=0.012915 density=3.000000 center=0.011000
turn=187 mode=HUNT rank=3 cell=3,7 score=0.051611 prob=0.012915 density=3.000000 center=0.011000
turn=187 mode=HUNT rank=4 cell=8,0 score=0.051082 prob=0.012915 density=3.000000 center=0.009000
turn=187 mode=HUNT rank=5 cell=6,2 score=0.050864 prob=0.012915 density=3.000000 center=0.009000
turn=187 picked cell=7,3 target_cluster=None active_clusters=0 remaining_cells=1 scans=2
turn=187 result=MISS
turn=188 mode=HUNT rank=1 cell=4,6 score=0.054085 prob=0.013062 density=3.000000 center=0.011000
turn=188 mode=HUNT rank=2 cell=1,8 score=0.053029 prob=0.013062 density=3.000000 center=0.010000
turn=188 mode=HUNT rank=3 cell=6,4 score=0.052497 prob=0.013062 density=3.000000 center=0.011000
turn=188 mode=HUNT rank=4 cell=1,7 score=0.052023 prob=0.013062 density=3.000000 center=0.009000
turn=188 mode=HUNT rank=5 cell=3,7 score=0.051324 prob=0.013062 density=3.000000 center=0.011000
turn=188 picked cell=4,6 target_cluster=None active_clusters=0 remaining_cells=1 scans=2
turn=188 result=MISS
turn=189 mode=HUNT rank=1 cell=8,2 score=0.053243 prob=0.013212 density=3.000000 center=0.011000
turn=189 mode=HUNT rank=2 cell=1,7 score=0.052720 prob=0.013212 density=3.000000 center=0.009000
turn=189 mode=HUNT rank=3 cell=4,4 score=0.052335 prob=0.013212 density=3.000000 center=0.009000
turn=189 mode=HUNT rank=4 cell=1,8 score=0.052173 prob=0.013212 density=3.000000 center=0.010000
turn=189 mode=HUNT rank=5 cell=6,4 score=0.052046 prob=0.013212 density=3.000000 center=0.011000
turn=189 picked cell=8,2 target_cluster=None active_clusters=0 remaining_cells=1 scans=2
turn=189 result=MISS
turn=190 mode=HUNT rank=1 cell=6,4 score=0.054173 prob=0.013365 density=3.000000 center=0.011000
turn=190 mode=HUNT rank=2 cell=1,8 score=0.053928 prob=0.013365 density=3.000000 center=0.010000
turn=190 mode=HUNT rank=3 cell=3,7 score=0.052133 prob=0.013365 density=3.000000 center=0.011000
turn=190 mode=HUNT rank=4 cell=3,5 score=0.051962 prob=0.013365 density=3.000000 center=0.009000
turn=190 mode=HUNT rank=5 cell=7,0 score=0.051647 prob=0.013365 density=3.000000 center=0.008000
turn=190 picked cell=6,4 target_cluster=None active_clusters=0 remaining_cells=1 scans=2
turn=190 result=MISS
turn=191 mode=HUNT rank=1 cell=3,7 score=0.055221 prob=0.013520 density=3.000000 center=0.011000
turn=191 mode=HUNT rank=2 cell=3,5 score=0.053367 prob=0.013520 density=3.000000 center=0.009000
turn=191 mode=HUNT rank=3 cell=1,7 score=0.052991 prob=0.013520 density=3.000000 center=0.009000
turn=191 mode=HUNT rank=4 cell=1,8 score=0.052956 prob=0.013520 density=3.000000 center=0.010000
turn=191 mode=HUNT rank=5 cell=8,0 score=0.052793 prob=0.013520 density=3.000000 center=0.009000
turn=191 picked cell=3,7 target_cluster=None active_clusters=0 remaining_cells=1 scans=2
turn=191 result=MISS
turn=192 mode=HUNT rank=1 cell=1,7 score=0.053478 prob=0.013679 density=3.000000 center=0.009000
turn=192 mode=HUNT rank=2 cell=5,2 score=0.052678 prob=0.013679 density=3.000000 center=0.008000
turn=192 mode=HUNT rank=3 cell=6,2 score=0.052652 prob=0.013679 density=3.000000 center=0.009000
turn=192 mode=HUNT rank=4 cell=0,7 score=0.052084 prob=0.013679 density=3.000000 center=0.008000
turn=192 mode=HUNT rank=5 cell=4,4 score=0.052026 prob=0.013679 density=3.000000 center=0.009000
turn=192 picked cell=1,7 target_cluster=None active_clusters=0 remaining_cells=1 scans=2
turn=192 result=MISS
turn=193 mode=HUNT rank=1 cell=1,8 score=0.054348 prob=0.013840 density=3.000000 center=0.010000
turn=193 mode=HUNT rank=2 cell=6,2 score=0.054113 prob=0.013840 density=3.000000 center=0.009000
turn=193 mode=HUNT rank=3 cell=4,4 score=0.052966 prob=0.013840 density=3.000000 center=0.009000
turn=193 mode=HUNT rank=4 cell=5,2 score=0.052499 prob=0.013840 density=3.000000 center=0.008000
turn=193 mode=HUNT rank=5 cell=8,0 score=0.052488 prob=0.013840 density=3.000000 center=0.009000
turn=193 picked cell=1,8 target_cluster=None active_clusters=0 remaining_cells=1 scans=2
turn=193 result=MISS
turn=194 mode=HUNT rank=1 cell=8,0 score=0.054006 prob=0.014004 density=3.000000 center=0.009000
turn=194 mode=HUNT rank=2 cell=5,2 score=0.053535 prob=0.014004 density=3.000000 center=0.008000
turn=194 mode=HUNT rank=3 cell=3,5 score=0.053440 prob=0.014004 density=3.000000 center=0.009000
turn=194 mode=HUNT rank=4 cell=1,5 score=0.053198 prob=0.014004 density=3.000000 center=0.007000
turn=194 mode=HUNT rank=5 cell=6,0 score=0.052930 prob=0.014004 density=3.000000 center=0.007000
turn=194 picked cell=8,0 target_cluster=None active_clusters=0 remaining_cells=1 scans=2
turn=194 result=MISS
turn=195 mode=HUNT rank=1 cell=0,7 score=0.054402 prob=0.014172 density=3.000000 center=0.008000
turn=195 mode=HUNT rank=2 cell=5,2 score=0.053341 prob=0.014172 density=3.000000 center=0.008000
turn=195 mode=HUNT rank=3 cell=6,0 score=0.052837 prob=0.014172 density=3.000000 center=0.007000
turn=195 mode=HUNT rank=4 cell=7,0 score=0.052471 prob=0.014172 density=3.000000 center=0.008000
turn=195 mode=HUNT rank=5 cell=4,4 score=0.052431 prob=0.014172 density=3.000000 center=0.009000
turn=195 picked cell=0,7 target_cluster=None active_clusters=0 remaining_cells=1 scans=2
turn=195 result=MISS
turn=196 mode=HUNT rank=1 cell=3,5 score=0.054808 prob=0.014342 density=3.000000 center=0.009000
turn=196 mode=HUNT rank=2 cell=7,0 score=0.053347 prob=0.014342 density=3.000000 center=0.008000
turn=196 mode=HUNT rank=3 cell=4,4 score=0.053290 prob=0.014342 density=3.000000 center=0.009000
turn=196 mode=HUNT rank=4 cell=5,0 score=0.053261 prob=0.014342 density=3.000000 center=0.006000
turn=196 mode=HUNT rank=5 cell=3,3 score=0.052862 prob=0.014342 density=3.000000 center=0.007000
turn=196 picked cell=3,5 target_cluster=None active_clusters=0 remaining_cells=1 scans=2
turn=196 result=MISS
turn=197 mode=HUNT rank=1 cell=6,2 score=0.055137 prob=0.014516 density=3.000000 center=0.009000
turn=197 mode=HUNT rank=2 cell=4,2 score=0.054629 prob=0.014516 density=3.000000 center=0.007000
turn=197 mode=HUNT rank=3 cell=0,6 score=0.054605 prob=0.014516 density=3.000000 center=0.007000
turn=197 mode=HUNT rank=4 cell=4,4 score=0.053818 prob=0.014516 density=3.000000 center=0.009000
turn=197 mode=HUNT rank=5 cell=3,3 score=0.053494 prob=0.014516 density=3.000000 center=0.007000
turn=197 picked cell=6,2 target_cluster=None active_clusters=0 remaining_cells=1 scans=2
turn=197 result=MISS
turn=198 mode=HUNT rank=1 cell=4,4 score=0.056756 prob=0.014692 density=3.000000 center=0.009000
turn=198 mode=HUNT rank=2 cell=4,2 score=0.055155 prob=0.014692 density=3.000000 center=0.007000
turn=198 mode=HUNT rank=3 cell=7,0 score=0.054500 prob=0.014692 density=3.000000 center=0.008000
turn=198 mode=HUNT rank=4 cell=6,0 score=0.053921 prob=0.014692 density=3.000000 center=0.007000
turn=198 mode=HUNT rank=5 cell=0,6 score=0.053719 prob=0.014692 density=3.000000 center=0.007000
turn=198 picked cell=4,4 target_cluster=None active_clusters=0 remaining_cells=1 scans=2
turn=198 result=MISS
turn=199 mode=HUNT rank=1 cell=7,0 score=0.056117 prob=0.014872 density=3.000000 center=0.008000
turn=199 mode=HUNT rank=2 cell=0,6 score=0.055221 prob=0.014872 density=3.000000 center=0.007000
turn=199 mode=HUNT rank=3 cell=5,2 score=0.055105 prob=0.014872 density=3.000000 center=0.008000
turn=199 mode=HUNT rank=4 cell=4,2 score=0.054363 prob=0.014872 density=3.000000 center=0.007000
turn=199 mode=HUNT rank=5 cell=5,0 score=0.054324 prob=0.014872 density=3.000000 center=0.006000
turn=199 picked cell=7,0 target_cluster=None active_clusters=0 remaining_cells=1 scans=2
turn=199 result=MISS
turn=200 mode=HUNT rank=1 cell=0,6 score=0.054603 prob=0.015055 density=3.000000 center=0.007000
turn=200 mode=HUNT rank=2 cell=4,2 score=0.054434 prob=0.015055 density=3.000000 center=0.007000
turn=200 mode=HUNT rank=3 cell=4,0 score=0.054005 prob=0.015055 density=3.000000 center=0.005000
turn=200 mode=HUNT rank=4 cell=3,3 score=0.053762 prob=0.015055 density=3.000000 center=0.007000
turn=200 mode=HUNT rank=5 cell=5,2 score=0.053604 prob=0.015055 density=3.000000 center=0.008000
turn=200 picked cell=0,6 target_cluster=None active_clusters=0 remaining_cells=1 scans=2
turn=200 result=MISS
turn=201 mode=HUNT rank=1 cell=5,2 score=0.057671 prob=0.015241 density=3.000000 center=0.008000
turn=201 mode=HUNT rank=2 cell=3,3 score=0.056584 prob=0.015241 density=3.000000 center=0.007000
turn=201 mode=HUNT rank=3 cell=4,2 score=0.055785 prob=0.015241 density=3.000000 center=0.007000
turn=201 mode=HUNT rank=4 cell=1,5 score=0.055435 prob=0.015241 density=3.000000 center=0.007000
turn=201 mode=HUNT rank=5 cell=6,0 score=0.055034 prob=0.015241 density=3.000000 center=0.007000
turn=201 picked cell=5,2 target_cluster=None active_clusters=0 remaining_cells=1 scans=2
turn=201 result=MISS
turn=202 mode=HUNT rank=1 cell=3,3 score=0.055767 prob=0.015430 density=3.000000 center=0.007000
turn=202 mode=HUNT rank=2 cell=5,0 score=0.055548 prob=0.015430 density=3.000000 center=0.006000
turn=202 mode=HUNT rank=3 cell=4,2 score=0.055532 prob=0.015430 density=3.000000 center=0.007000
turn=202 mode=HUNT rank=4 cell=1,3 score=0.055024 prob=0.015430 density=3.000000 center=0.005000
turn=202 mode=HUNT rank=5 cell=1,5 score=0.053969 prob=0.015430 density=3.000000 center=0.007000
turn=202 picked cell=3,3 target_cluster=None active_clusters=0 remaining_cells=1 scans=2
turn=202 result=MISS
turn=203 mode=HUNT rank=1 cell=2,2 score=0.055769 prob=0.015622 density=3.000000 center=0.005000
turn=203 mode=HUNT rank=2 cell=4,2 score=0.055694 prob=0.015622 density=3.000000 center=0.007000
turn=203 mode=HUNT rank=3 cell=6,0 score=0.055275 prob=0.015622 density=3.000000 center=0.007000
turn=203 mode=HUNT rank=4 cell=3,0 score=0.055134 prob=0.015622 density=3.000000 center=0.004000
turn=203 mode=HUNT rank=5 cell=4,0 score=0.054080 prob=0.015622 density=3.000000 center=0.005000
turn=203 picked cell=2,2 target_cluster=None active_clusters=0 remaining_cells=1 scans=2
turn=203 result=MISS
turn=204 mode=HUNT rank=1 cell=1,5 score=0.057872 prob=0.015818 density=3.000000 center=0.007000
turn=204 mode=HUNT rank=2 cell=5,0 score=0.056901 prob=0.015818 density=3.000000 center=0.006000
turn=204 mode=HUNT rank=3 cell=4,2 score=0.054738 prob=0.015818 density=3.000000 center=0.007000
turn=204 mode=HUNT rank=4 cell=6,0 score=0.054530 prob=0.015818 density=3.000000 center=0.007000
turn=204 mode=HUNT rank=5 cell=1,3 score=0.054416 prob=0.015818 density=3.000000 center=0.005000
turn=204 picked cell=1,5 target_cluster=None active_clusters=0 remaining_cells=1 scans=2
turn=204 result=MISS
turn=205 mode=HUNT rank=1 cell=6,0 score=0.056159 prob=0.016016 density=3.000000 center=0.007000
turn=205 mode=HUNT rank=2 cell=4,2 score=0.055545 prob=0.016016 density=3.000000 center=0.007000
turn=205 mode=HUNT rank=3 cell=4,0 score=0.055216 prob=0.016016 density=3.000000 center=0.005000
turn=205 mode=HUNT rank=4 cell=3,0 score=0.054849 prob=0.016016 density=3.000000 center=0.004000
turn=205 mode=HUNT rank=5 cell=5,0 score=0.054328 prob=0.016016 density=3.000000 center=0.006000
turn=205 picked cell=6,0 target_cluster=None active_clusters=0 remaining_cells=1 scans=2
turn=205 result=MISS
turn=206 mode=HUNT rank=1 cell=4,2 score=0.058352 prob=0.016217 density=3.000000 center=0.007000
turn=206 mode=HUNT rank=2 cell=5,0 score=0.057827 prob=0.016217 density=3.000000 center=0.006000
turn=206 mode=HUNT rank=3 cell=1,3 score=0.057532 prob=0.016217 density=3.000000 center=0.005000
turn=206 mode=HUNT rank=4 cell=1,1 score=0.055383 prob=0.016217 density=3.000000 center=0.003000
turn=206 mode=HUNT rank=5 cell=3,1 score=0.054797 prob=0.016217 density=3.000000 center=0.005000
turn=206 picked cell=4,2 target_cluster=None active_clusters=0 remaining_cells=1 scans=2
turn=206 result=KILL
