turn=1 mode=SCAN region=0,0,9,19
turn=1 result=SCAN count=52
turn=2 mode=SCAN region=0,0,19,9
turn=2 result=SCAN count=45
turn=3 mode=HUNT rank=1 cell=9,10 score=2.520858 prob=2.308389 density=1.083333 center=0.019000
turn=3 mode=HUNT rank=2 cell=8,10 score=2.510079 prob=2.297696 density=1.083333 center=0.018000
turn=3 mode=HUNT rank=3 cell=9,11 score=2.505409 prob=2.295522 density=1.083333 center=0.018000
turn=3 mode=HUNT rank=4 cell=8,11 score=2.494849 prob=2.284829 density=1.083333 center=0.017000
turn=3 mode=HUNT rank=5 cell=7,10 score=2.451061 prob=2.246013 density=1.083333 center=0.017000
turn=3 picked cell=9,10 target_cluster=None active_clusters=0 remaining_cells=96 scans=2
turn=3 result=MISS
turn=4 mode=HUNT rank=1 cell=8,11 score=2.580539 prob=2.357485 density=1.086055 center=0.017000
turn=4 mode=HUNT rank=2 cell=7,11 score=2.522543 prob=2.303998 density=1.086055 center=0.016000
turn=4 mode=HUNT rank=3 cell=8,12 score=2.518540 prob=2.302302 density=1.086055 center=0.016000
turn=4 mode=HUNT rank=4 cell=7,12 score=2.459456 prob=2.248815 density=1.086055 center=0.015000
turn=4 mode=HUNT rank=5 cell=6,11 score=2.457616 prob=2.248330 density=1.086055 center=0.015000
turn=4 picked cell=8,11 target_cluster=None active_clusters=0 remaining_cells=96 scans=2
turn=4 result=MISS
turn=5 mode=HUNT rank=1 cell=7,12 score=2.540369 prob=2.315569 density=1.088805 center=0.015000
turn=5 mode=HUNT rank=2 cell=6,12 score=2.474377 prob=2.258006 density=1.088805 center=0.014000
turn=5 mode=HUNT rank=3 cell=7,13 score=2.471912 prob=2.256665 density=1.088805 center=0.014000
turn=5 mode=HUNT rank=4 cell=6,13 score=2.410536 prob=2.199102 density=1.088805 center=0.013000
turn=5 mode=HUNT rank=5 cell=5,12 score=2.360943 prob=2.154844 density=1.088805 center=0.013000
turn=5 picked cell=7,12 target_cluster=None active_clusters=0 remaining_cells=96 scans=2
turn=5 result=MISS
turn=6 mode=HUNT rank=1 cell=6,13 score=2.506453 prob=2.282858 density=1.091582 center=0.013000
turn=6 mode=HUNT rank=2 cell=5,13 score=2.391093 prob=2.175594 density=1.091582 center=0.012000
turn=6 mode=HUNT rank=3 cell=6,14 score=2.389129 prob=2.174571 density=1.091582 center=0.012000
turn=6 mode=HUNT rank=4 cell=6,9 score=2.377132 prob=2.323621 density=1.015683 center=0.016000
turn=6 mode=HUNT rank=5 cell=6,8 score=2.341386 prob=2.288911 density=1.015683 center=0.015000
turn=6 picked cell=6,13 target_cluster=None active_clusters=0 remaining_cells=96 scans=2
turn=6 result=HIT
turn=7 mode=CHASE cluster=0 cluster_len=1 cell=7,13 score=100001.254658 chase_score=5116.254658 prob=1.254658
turn=7 picked cell=7,13 target_cluster=Some(0) active_clusters=1 remaining_cells=95 scans=2
turn=7 result=HIT
turn=8 mode=CHASE cluster=0 cluster_len=2 cell=8,13 score=200001.443070 chase_score=10393.443070 prob=1.443070
turn=8 picked cell=8,13 target_cluster=Some(0) active_clusters=1 remaining_cells=94 scans=2
turn=8 result=KILL
turn=8 kill_infer inferred_len=3 committed_hits=2 cluster_hits=2
turn=9 mode=HUNT rank=1 cell=5,9 score=2.342480 prob=2.279564 density=1.020008 center=0.015000
turn=9 mode=HUNT rank=2 cell=10,9 score=2.329649 prob=2.421013 density=0.953226 center=0.019000
turn=9 mode=HUNT rank=3 cell=5,8 score=2.308525 prob=2.247434 density=1.020008 center=0.014000
turn=9 mode=HUNT rank=4 cell=10,8 score=2.300126 prob=2.390987 density=0.953226 center=0.018000
turn=9 mode=HUNT rank=5 cell=11,9 score=2.296031 prob=2.387968 density=0.953226 center=0.018000
turn=9 picked cell=5,9 target_cluster=None active_clusters=0 remaining_cells=93 scans=2
turn=9 result=MISS
turn=10 mode=HUNT rank=1 cell=10,8 score=2.377168 prob=2.466204 density=0.955584 center=0.018000
turn=10 mode=HUNT rank=2 cell=11,8 score=2.340980 prob=2.431544 density=0.955584 center=0.017000
turn=10 mode=HUNT rank=3 cell=10,14 score=2.331454 prob=2.312950 density=1.000000 center=0.015000
turn=10 mode=HUNT rank=4 cell=10,7 score=2.308617 prob=2.396866 density=0.955584 center=0.017000
turn=10 mode=HUNT rank=5 cell=11,14 score=2.292506 prob=2.276678 density=1.000000 center=0.014000
turn=10 picked cell=10,8 target_cluster=None active_clusters=0 remaining_cells=93 scans=2
turn=10 result=MISS
turn=11 mode=HUNT rank=1 cell=11,14 score=2.365783 prob=2.348985 density=1.000000 center=0.014000
turn=11 mode=HUNT rank=2 cell=11,7 score=2.358398 prob=2.443387 density=0.957967 center=0.016000
turn=11 mode=HUNT rank=3 cell=11,6 score=2.291682 prob=2.372601 density=0.957967 center=0.015000
turn=11 mode=HUNT rank=4 cell=12,7 score=2.287217 prob=2.368391 density=0.957967 center=0.015000
turn=11 mode=HUNT rank=5 cell=12,14 score=2.283743 prob=2.270699 density=1.000000 center=0.013000
turn=11 picked cell=11,14 target_cluster=None active_clusters=0 remaining_cells=93 scans=2
turn=11 result=MISS
turn=12 mode=HUNT rank=1 cell=12,7 score=2.350536 prob=2.440206 density=0.955523 center=0.015000
turn=12 mode=HUNT rank=2 cell=4,7 score=2.311425 prob=2.250772 density=1.019938 center=0.012000
turn=12 mode=HUNT rank=3 cell=6,6 score=2.299328 prob=2.241421 density=1.019938 center=0.013000
turn=12 mode=HUNT rank=4 cell=12,9 score=2.289773 prob=2.377322 density=0.955523 center=0.017000
turn=12 mode=HUNT rank=5 cell=13,9 score=2.288106 prob=2.374198 density=0.955523 center=0.016000
turn=12 picked cell=12,7 target_cluster=None active_clusters=0 remaining_cells=93 scans=2
turn=12 result=MISS
turn=13 mode=HUNT rank=1 cell=13,9 score=2.369633 prob=2.452939 density=0.957917 center=0.016000
turn=13 mode=HUNT rank=2 cell=6,6 score=2.369268 prob=2.309845 density=1.019878 center=0.013000
turn=13 mode=HUNT rank=3 cell=11,6 score=2.340638 prob=2.424381 density=0.957917 center=0.015000
turn=13 mode=HUNT rank=4 cell=14,9 score=2.322061 prob=2.404747 density=0.957917 center=0.015000
turn=13 mode=HUNT rank=5 cell=6,5 score=2.318704 prob=2.259177 density=1.019878 center=0.012000
turn=13 picked cell=13,9 target_cluster=None active_clusters=0 remaining_cells=93 scans=2
turn=13 result=HIT
turn=14 mode=CHASE cluster=0 cluster_len=1 cell=13,10 score=100002.036170 chase_score=5125.036170 prob=2.036170
turn=14 picked cell=13,10 target_cluster=Some(0) active_clusters=1 remaining_cells=92 scans=2
turn=14 result=HIT
turn=15 mode=CHASE cluster=0 cluster_len=2 cell=13,11 score=200002.176710 chase_score=10401.176710 prob=2.176710
turn=15 picked cell=13,11 target_cluster=Some(0) active_clusters=1 remaining_cells=91 scans=2
turn=15 result=MISS
turn=16 mode=CHASE cluster=0 cluster_len=2 cell=13,8 score=200001.053217 chase_score=10082.053217 prob=1.053217
turn=16 picked cell=13,8 target_cluster=Some(0) active_clusters=1 remaining_cells=91 scans=2
turn=16 result=HIT
turn=17 mode=CHASE cluster=0 cluster_len=3 cell=13,7 score=300000.857566 chase_score=10078.857566 prob=0.857566
turn=17 picked cell=13,7 target_cluster=Some(0) active_clusters=1 remaining_cells=90 scans=2
turn=17 result=HIT
turn=18 mode=CHASE cluster=0 cluster_len=4 cell=13,6 score=400002.079419 chase_score=10072.079419 prob=2.079419
turn=18 picked cell=13,6 target_cluster=Some(0) active_clusters=1 remaining_cells=89 scans=2
turn=18 result=HIT
turn=19 mode=CHASE cluster=0 cluster_len=5 cell=13,5 score=500002.092905 chase_score=10057.092905 prob=2.092905
turn=19 picked cell=13,5 target_cluster=Some(0) active_clusters=1 remaining_cells=88 scans=2
turn=19 result=HIT
turn=20 mode=CHASE cluster=0 cluster_len=6 cell=13,4 score=600002.079419 chase_score=10051.079419 prob=2.079419
turn=20 picked cell=13,4 target_cluster=Some(0) active_clusters=1 remaining_cells=87 scans=2
turn=20 result=KILL
turn=20 kill_infer inferred_len=7 committed_hits=6 cluster_hits=6
turn=21 mode=HUNT rank=1 cell=4,15 score=2.486970 prob=2.194224 density=1.127726 center=0.009000
turn=21 mode=HUNT rank=2 cell=4,10 score=2.434857 prob=2.146483 density=1.127726 center=0.014000
turn=21 mode=HUNT rank=3 cell=9,15 score=2.421349 prob=2.131967 density=1.127726 center=0.014000
turn=21 mode=HUNT rank=4 cell=4,14 score=2.405633 prob=2.121824 density=1.127726 center=0.010000
turn=21 mode=HUNT rank=5 cell=3,10 score=2.390658 prob=2.108075 density=1.127726 center=0.013000
turn=21 picked cell=4,15 target_cluster=None active_clusters=0 remaining_cells=86 scans=2
turn=21 result=HIT
turn=22 mode=CHASE cluster=0 cluster_len=1 cell=4,14 score=100001.917010 chase_score=5087.417010 prob=1.917010
turn=22 picked cell=4,14 target_cluster=Some(0) active_clusters=1 remaining_cells=85 scans=2
turn=22 result=HIT
turn=23 mode=CHASE cluster=0 cluster_len=2 cell=4,13 score=200001.429955 chase_score=10299.429955 prob=1.429955
turn=23 picked cell=4,13 target_cluster=Some(0) active_clusters=1 remaining_cells=84 scans=2
turn=23 result=HIT
turn=24 mode=CHASE cluster=0 cluster_len=3 cell=4,12 score=300001.624609 chase_score=10253.624609 prob=1.624609
turn=24 picked cell=4,12 target_cluster=Some(0) active_clusters=1 remaining_cells=83 scans=2
turn=24 result=HIT
turn=25 mode=CHASE cluster=0 cluster_len=4 cell=4,11 score=400001.812950 chase_score=10210.812950 prob=1.812950
turn=25 picked cell=4,11 target_cluster=Some(0) active_clusters=1 remaining_cells=82 scans=2
turn=25 result=HIT
turn=26 mode=CHASE cluster=0 cluster_len=5 cell=4,10 score=500001.983766 chase_score=10157.983766 prob=1.983766
turn=26 picked cell=4,10 target_cluster=Some(0) active_clusters=1 remaining_cells=81 scans=2
turn=26 result=MISS
turn=27 mode=CHASE cluster=0 cluster_len=5 cell=4,16 score=500001.529533 chase_score=10039.529533 prob=1.529533
turn=27 picked cell=4,16 target_cluster=Some(0) active_clusters=1 remaining_cells=81 scans=2
turn=27 result=HIT
turn=28 mode=CHASE cluster=0 cluster_len=6 cell=4,17 score=600001.461319 chase_score=10033.461319 prob=1.461319
turn=28 picked cell=4,17 target_cluster=Some(0) active_clusters=1 remaining_cells=80 scans=2
turn=28 result=KILL
turn=28 kill_infer inferred_len=7 committed_hits=6 cluster_hits=6
turn=29 mode=HUNT rank=1 cell=3,7 score=2.278089 prob=2.181060 density=1.038958 center=0.011000
turn=29 mode=HUNT rank=2 cell=7,3 score=2.246333 prob=2.151016 density=1.038958 center=0.011000
turn=29 mode=HUNT rank=3 cell=8,3 score=2.236893 prob=2.140663 density=1.038958 center=0.012000
turn=29 mode=HUNT rank=4 cell=3,6 score=2.212048 prob=2.116208 density=1.038958 center=0.010000
turn=29 mode=HUNT rank=5 cell=14,12 score=2.208007 prob=2.192120 density=1.000000 center=0.013000
turn=29 picked cell=3,7 target_cluster=None active_clusters=0 remaining_cells=79 scans=2
turn=29 result=MISS
turn=30 mode=HUNT rank=1 cell=7,3 score=2.353441 prob=2.240640 density=1.044494 center=0.011000
turn=30 mode=HUNT rank=2 cell=8,3 score=2.345003 prob=2.229524 density=1.044494 center=0.012000
turn=30 mode=HUNT rank=3 cell=6,3 score=2.294444 prob=2.185826 density=1.044494 center=0.010000
turn=30 mode=HUNT rank=4 cell=14,12 score=2.286428 prob=2.272779 density=1.000000 center=0.013000
turn=30 mode=HUNT rank=5 cell=6,6 score=2.265732 prob=2.156380 density=1.044494 center=0.013000
turn=30 picked cell=7,3 target_cluster=None active_clusters=0 remaining_cells=79 scans=2
turn=30 result=HIT
turn=31 mode=CHASE cluster=0 cluster_len=1 cell=8,3 score=100002.219162 chase_score=5101.719162 prob=2.219162
turn=31 picked cell=8,3 target_cluster=Some(0) active_clusters=1 remaining_cells=78 scans=2
turn=31 result=HIT
turn=32 mode=CHASE cluster=0 cluster_len=2 cell=9,3 score=200002.157182 chase_score=10331.157182 prob=2.157182
turn=32 picked cell=9,3 target_cluster=Some(0) active_clusters=1 remaining_cells=77 scans=2
turn=32 result=HIT
turn=33 mode=CHASE cluster=0 cluster_len=3 cell=6,3 score=300002.157182 chase_score=10264.157182 prob=2.157182
turn=33 picked cell=6,3 target_cluster=Some(0) active_clusters=1 remaining_cells=76 scans=2
turn=33 result=MISS
turn=34 mode=CHASE cluster=0 cluster_len=3 cell=10,3 score=300001.293484 chase_score=10065.293484 prob=1.293484
turn=34 picked cell=10,3 target_cluster=Some(0) active_clusters=1 remaining_cells=76 scans=2
turn=34 result=HIT
turn=35 mode=CHASE cluster=0 cluster_len=4 cell=11,3 score=400001.906010 chase_score=10057.906010 prob=1.906010
turn=35 picked cell=11,3 target_cluster=Some(0) active_clusters=1 remaining_cells=75 scans=2
turn=35 result=HIT
turn=36 mode=CHASE cluster=0 cluster_len=5 cell=12,3 score=500001.395693 chase_score=10042.395693 prob=1.395693
turn=36 picked cell=12,3 target_cluster=Some(0) active_clusters=1 remaining_cells=74 scans=2
turn=36 result=HIT
turn=37 mode=CHASE cluster=0 cluster_len=6 cell=13,3 score=600001.138909 chase_score=10036.138909 prob=1.138909
turn=37 picked cell=13,3 target_cluster=Some(0) active_clusters=1 remaining_cells=73 scans=2
turn=37 result=HIT
turn=38 mode=CHASE cluster=0 cluster_len=7 cell=14,3 score=700001.944387 chase_score=10029.944387 prob=1.944387
turn=38 picked cell=14,3 target_cluster=Some(0) active_clusters=1 remaining_cells=72 scans=2
turn=38 result=HIT
turn=39 mode=CHASE cluster=0 cluster_len=8 cell=15,3 score=800001.906010 chase_score=10029.906010 prob=1.906010
turn=39 picked cell=15,3 target_cluster=Some(0) active_clusters=1 remaining_cells=71 scans=2
turn=39 result=KILL
turn=39 kill_infer inferred_len=9 committed_hits=8 cluster_hits=8
turn=40 mode=HUNT rank=1 cell=14,12 score=2.126160 prob=2.111029 density=1.000000 center=0.013000
turn=40 mode=HUNT rank=2 cell=9,18 score=2.108216 prob=1.862964 density=1.123571 center=0.011000
turn=40 mode=HUNT rank=3 cell=14,15 score=2.101582 prob=2.089085 density=1.000000 center=0.010000
turn=40 mode=HUNT rank=4 cell=15,12 score=2.082644 prob=2.068081 density=1.000000 center=0.012000
turn=40 mode=HUNT rank=5 cell=12,15 score=2.057838 prob=2.043475 density=1.000000 center=0.012000
turn=40 picked cell=14,12 target_cluster=None active_clusters=0 remaining_cells=70 scans=2
turn=40 result=MISS
turn=41 mode=HUNT rank=1 cell=9,18 score=2.178880 prob=1.933513 density=1.120476 center=0.011000
turn=41 mode=HUNT rank=2 cell=12,15 score=2.136592 prob=2.122436 density=1.000000 center=0.012000
turn=41 mode=HUNT rank=3 cell=15,13 score=2.052483 prob=2.038226 density=1.000000 center=0.011000
turn=41 mode=HUNT rank=4 cell=15,15 score=2.050286 prob=2.039912 density=1.000000 center=0.009000
turn=41 mode=HUNT rank=5 cell=12,16 score=2.048868 prob=2.034886 density=1.000000 center=0.011000
turn=41 picked cell=9,18 target_cluster=None active_clusters=0 remaining_cells=70 scans=2
turn=41 result=HIT
turn=42 mode=CHASE cluster=0 cluster_len=1 cell=10,18 score=100001.885788 chase_score=5085.885788 prob=1.885788
turn=42 picked cell=10,18 target_cluster=Some(0) active_clusters=1 remaining_cells=69 scans=2
turn=42 result=HIT
turn=43 mode=CHASE cluster=0 cluster_len=2 cell=8,18 score=200001.614957 chase_score=10267.614957 prob=1.614957
turn=43 picked cell=8,18 target_cluster=Some(0) active_clusters=1 remaining_cells=68 scans=2
turn=43 result=HIT
turn=44 mode=CHASE cluster=0 cluster_len=3 cell=11,18 score=300001.552288 chase_score=10209.552288 prob=1.552288
turn=44 picked cell=11,18 target_cluster=Some(0) active_clusters=1 remaining_cells=67 scans=2
turn=44 result=HIT
turn=45 mode=CHASE cluster=0 cluster_len=4 cell=12,18 score=400001.761645 chase_score=10154.761645 prob=1.761645
turn=45 picked cell=12,18 target_cluster=Some(0) active_clusters=1 remaining_cells=66 scans=2
turn=45 result=HIT
turn=46 mode=CHASE cluster=0 cluster_len=5 cell=7,18 score=500001.534816 chase_score=10107.534816 prob=1.534816
turn=46 picked cell=7,18 target_cluster=Some(0) active_clusters=1 remaining_cells=65 scans=2
turn=46 result=HIT
turn=47 mode=CHASE cluster=0 cluster_len=6 cell=13,18 score=600001.521223 chase_score=10075.521223 prob=1.521223
turn=47 picked cell=13,18 target_cluster=Some(0) active_clusters=1 remaining_cells=64 scans=2
turn=47 result=HIT
turn=48 mode=CHASE cluster=0 cluster_len=7 cell=6,18 score=700001.454676 chase_score=10049.454676 prob=1.454676
turn=48 picked cell=6,18 target_cluster=Some(0) active_clusters=1 remaining_cells=63 scans=2
turn=48 result=HIT
turn=49 mode=CHASE cluster=0 cluster_len=8 cell=5,18 score=800001.533491 chase_score=10030.533491 prob=1.533491
turn=49 picked cell=5,18 target_cluster=Some(0) active_clusters=1 remaining_cells=62 scans=2
turn=49 result=MISS
turn=50 mode=CHASE cluster=0 cluster_len=8 cell=14,18 score=800001.387478 chase_score=10020.387478 prob=1.387478
turn=50 picked cell=14,18 target_cluster=Some(0) active_clusters=1 remaining_cells=62 scans=2
turn=50 result=HIT
turn=51 mode=CHASE cluster=0 cluster_len=9 cell=15,18 score=900001.496718 chase_score=10011.496718 prob=1.496718
turn=51 picked cell=15,18 target_cluster=Some(0) active_clusters=1 remaining_cells=61 scans=2
turn=51 result=KILL
turn=51 kill_infer inferred_len=10 committed_hits=9 cluster_hits=9
turn=52 mode=HUNT rank=1 cell=2,8 score=1.899463 prob=1.652736 density=1.140750 center=0.011000
turn=52 mode=HUNT rank=2 cell=2,6 score=1.845317 prob=1.606146 density=1.140750 center=0.009000
turn=52 mode=HUNT rank=3 cell=4,4 score=1.828322 prob=1.591659 density=1.140750 center=0.009000
turn=52 mode=HUNT rank=4 cell=4,5 score=1.826170 prob=1.591659 density=1.140750 center=0.010000
turn=52 mode=HUNT rank=5 cell=5,4 score=1.777702 prob=1.548854 density=1.140750 center=0.010000
turn=52 picked cell=2,8 target_cluster=None active_clusters=0 remaining_cells=60 scans=2
turn=52 result=HIT
turn=53 mode=CHASE cluster=0 cluster_len=1 cell=2,9 score=100001.200573 chase_score=5062.700573 prob=1.200573
turn=53 picked cell=2,9 target_cluster=Some(0) active_clusters=1 remaining_cells=59 scans=2
turn=53 result=MISS
turn=54 mode=CHASE cluster=0 cluster_len=1 cell=3,8 score=100000.811627 chase_score=5036.811627 prob=0.811627
turn=54 picked cell=3,8 target_cluster=Some(0) active_clusters=1 remaining_cells=59 scans=2
turn=54 result=KILL
turn=54 kill_infer inferred_len=2 committed_hits=1 cluster_hits=1
turn=55 mode=HUNT rank=1 cell=4,4 score=1.737381 prob=1.578711 density=1.092629 center=0.009000
turn=55 mode=HUNT rank=2 cell=4,5 score=1.735027 prob=1.578711 density=1.092629 center=0.010000
turn=55 mode=HUNT rank=3 cell=5,4 score=1.690348 prob=1.534911 density=1.092629 center=0.010000
turn=55 mode=HUNT rank=4 cell=4,6 score=1.661649 prob=1.509000 density=1.092629 center=0.011000
turn=55 mode=HUNT rank=5 cell=5,5 score=1.639051 prob=1.486271 density=1.092629 center=0.011000
turn=55 picked cell=4,4 target_cluster=None active_clusters=0 remaining_cells=58 scans=2
turn=55 result=HIT
turn=56 mode=CHASE cluster=0 cluster_len=1 cell=5,4 score=100001.490825 chase_score=5053.990825 prob=1.490825
turn=56 picked cell=5,4 target_cluster=Some(0) active_clusters=1 remaining_cells=57 scans=2
turn=56 result=MISS
turn=57 mode=CHASE cluster=0 cluster_len=1 cell=4,5 score=100001.578415 chase_score=5045.578415 prob=1.578415
turn=57 picked cell=4,5 target_cluster=Some(0) active_clusters=1 remaining_cells=57 scans=2
turn=57 result=HIT
turn=58 mode=CHASE cluster=0 cluster_len=2 cell=4,6 score=200001.508813 chase_score=10135.508813 prob=1.508813
turn=58 picked cell=4,6 target_cluster=Some(0) active_clusters=1 remaining_cells=56 scans=2
turn=58 result=HIT
turn=59 mode=CHASE cluster=0 cluster_len=3 cell=4,3 score=300000.878025 chase_score=10102.878025 prob=0.878025
turn=59 picked cell=4,3 target_cluster=Some(0) active_clusters=1 remaining_cells=55 scans=2
turn=59 result=HIT
turn=60 mode=CHASE cluster=0 cluster_len=4 cell=4,2 score=400001.388278 chase_score=10067.388278 prob=1.388278
turn=60 picked cell=4,2 target_cluster=Some(0) active_clusters=1 remaining_cells=54 scans=2
turn=60 result=HIT
turn=61 mode=CHASE cluster=0 cluster_len=5 cell=4,1 score=500001.259426 chase_score=10039.259426 prob=1.259426
turn=61 picked cell=4,1 target_cluster=Some(0) active_clusters=1 remaining_cells=53 scans=2
turn=61 result=KILL
turn=61 kill_infer inferred_len=6 committed_hits=5 cluster_hits=5
turn=62 mode=HUNT rank=1 cell=16,13 score=1.731075 prob=1.720727 density=1.000000 center=0.010000
turn=62 mode=HUNT rank=2 cell=15,13 score=1.657937 prob=1.646326 density=1.000000 center=0.011000
turn=62 mode=HUNT rank=3 cell=16,15 score=1.631491 prob=1.622176 density=1.000000 center=0.008000
turn=62 mode=HUNT rank=4 cell=17,13 score=1.616500 prob=1.606023 density=1.000000 center=0.009000
turn=62 mode=HUNT rank=5 cell=12,15 score=1.598438 prob=1.583859 density=1.000000 center=0.012000
turn=62 picked cell=16,13 target_cluster=None active_clusters=0 remaining_cells=52 scans=2
turn=62 result=MISS
turn=63 mode=HUNT rank=1 cell=12,15 score=1.680600 prob=1.664423 density=1.000000 center=0.012000
turn=63 mode=HUNT rank=2 cell=10,15 score=1.553843 prob=1.538821 density=1.000000 center=0.014000
turn=63 mode=HUNT rank=3 cell=12,16 score=1.549801 prob=1.535430 density=1.000000 center=0.011000
turn=63 mode=HUNT rank=4 cell=15,15 score=1.544214 prob=1.532823 density=1.000000 center=0.009000
turn=63 mode=HUNT rank=5 cell=17,15 score=1.538143 prob=1.530494 density=1.000000 center=0.007000
turn=63 picked cell=12,15 target_cluster=None active_clusters=0 remaining_cells=52 scans=2
turn=63 result=MISS
turn=64 mode=HUNT rank=1 cell=17,11 score=1.510333 prob=1.498522 density=1.000000 center=0.011000
turn=64 mode=HUNT rank=2 cell=1,11 score=1.502719 prob=1.397855 density=1.066783 center=0.010000
turn=64 mode=HUNT rank=3 cell=17,10 score=1.484461 prob=1.471245 density=1.000000 center=0.012000
turn=64 mode=HUNT rank=4 cell=17,14 score=1.477892 prob=1.468877 density=1.000000 center=0.008000
turn=64 mode=HUNT rank=5 cell=10,16 score=1.475224 prob=1.460840 density=1.000000 center=0.013000
turn=64 picked cell=17,11 target_cluster=None active_clusters=0 remaining_cells=52 scans=2
turn=64 result=HIT
turn=65 mode=CHASE cluster=0 cluster_len=1 cell=17,10 score=100001.485941 chase_score=5054.985941 prob=1.485941
turn=65 picked cell=17,10 target_cluster=Some(0) active_clusters=1 remaining_cells=51 scans=2
turn=65 result=HIT
turn=66 mode=CHASE cluster=0 cluster_len=2 cell=17,9 score=200001.485941 chase_score=10163.485941 prob=1.485941
turn=66 picked cell=17,9 target_cluster=Some(0) active_clusters=1 remaining_cells=50 scans=2
turn=66 result=HIT
turn=67 mode=CHASE cluster=0 cluster_len=3 cell=17,8 score=300001.485941 chase_score=10121.485941 prob=1.485941
turn=67 picked cell=17,8 target_cluster=Some(0) active_clusters=1 remaining_cells=49 scans=2
turn=67 result=HIT
turn=68 mode=CHASE cluster=0 cluster_len=4 cell=17,7 score=400001.432691 chase_score=10082.432691 prob=1.432691
turn=68 picked cell=17,7 target_cluster=Some(0) active_clusters=1 remaining_cells=48 scans=2
turn=68 result=HIT
turn=69 mode=CHASE cluster=0 cluster_len=5 cell=17,6 score=500001.379440 chase_score=10051.379440 prob=1.379440
turn=69 picked cell=17,6 target_cluster=Some(0) active_clusters=1 remaining_cells=47 scans=2
turn=69 result=HIT
turn=70 mode=CHASE cluster=0 cluster_len=6 cell=17,12 score=600001.347406 chase_score=10035.347406 prob=1.347406
turn=70 picked cell=17,12 target_cluster=Some(0) active_clusters=1 remaining_cells=46 scans=2
turn=70 result=HIT
turn=71 mode=CHASE cluster=0 cluster_len=7 cell=17,5 score=700001.293153 chase_score=10019.293153 prob=1.293153
turn=71 picked cell=17,5 target_cluster=Some(0) active_clusters=1 remaining_cells=45 scans=2
turn=71 result=MISS
turn=72 mode=CHASE cluster=0 cluster_len=7 cell=17,13 score=700001.112116 chase_score=10010.112116 prob=1.112116
turn=72 picked cell=17,13 target_cluster=Some(0) active_clusters=1 remaining_cells=45 scans=2
turn=72 result=HIT
turn=73 mode=CHASE cluster=0 cluster_len=8 cell=17,14 score=800001.459361 chase_score=10010.459361 prob=1.459361
turn=73 picked cell=17,14 target_cluster=Some(0) active_clusters=1 remaining_cells=44 scans=2
turn=73 result=KILL
turn=73 kill_infer inferred_len=9 committed_hits=8 cluster_hits=8
turn=74 mode=HUNT rank=1 cell=9,16 score=1.293185 prob=1.021199 density=1.252008 center=0.013000
turn=74 mode=HUNT rank=2 cell=1,13 score=1.204163 prob=0.953171 density=1.252008 center=0.008000
turn=74 mode=HUNT rank=3 cell=1,12 score=1.189912 prob=0.943160 density=1.252008 center=0.009000
turn=74 mode=HUNT rank=4 cell=1,11 score=1.173836 prob=0.928023 density=1.252008 center=0.010000
turn=74 mode=HUNT rank=5 cell=1,14 score=1.160175 prob=0.918962 density=1.252008 center=0.007000
turn=74 picked cell=9,16 target_cluster=None active_clusters=0 remaining_cells=43 scans=2
turn=74 result=MISS
turn=75 mode=HUNT rank=1 cell=1,13 score=1.240938 prob=0.978719 density=1.255814 center=0.008000
turn=75 mode=HUNT rank=2 cell=1,12 score=1.227505 prob=0.968245 density=1.255814 center=0.009000
turn=75 mode=HUNT rank=3 cell=1,11 score=1.207685 prob=0.952426 density=1.255814 center=0.010000
turn=75 mode=HUNT rank=4 cell=1,14 score=1.195130 prob=0.943420 density=1.255814 center=0.007000
turn=75 mode=HUNT rank=5 cell=0,13 score=1.183257 prob=0.934021 density=1.255814 center=0.007000
turn=75 picked cell=1,13 target_cluster=None active_clusters=0 remaining_cells=43 scans=2
turn=75 result=MISS
turn=76 mode=HUNT rank=1 cell=0,12 score=1.195329 prob=0.942476 density=1.259666 center=0.008000
turn=76 mode=HUNT rank=2 cell=0,11 score=1.177967 prob=0.926051 density=1.259666 center=0.009000
turn=76 mode=HUNT rank=3 cell=0,14 score=1.164256 prob=0.916827 density=1.259666 center=0.006000
turn=76 mode=HUNT rank=4 cell=0,10 score=1.145506 prob=0.901295 density=1.259666 center=0.010000
turn=76 mode=HUNT rank=5 cell=2,14 score=1.118425 prob=0.880413 density=1.259666 center=0.008000
turn=76 picked cell=0,12 target_cluster=None active_clusters=0 remaining_cells=43 scans=2
turn=76 result=MISS
turn=77 mode=HUNT rank=1 cell=2,14 score=1.158969 prob=0.907753 density=1.263566 center=0.008000
turn=77 mode=HUNT rank=2 cell=2,15 score=1.156806 prob=0.907753 density=1.263566 center=0.007000
turn=77 mode=HUNT rank=3 cell=3,15 score=1.154419 prob=0.904865 density=1.263566 center=0.008000
turn=77 mode=HUNT rank=4 cell=3,14 score=1.154300 prob=0.904865 density=1.263566 center=0.009000
turn=77 mode=HUNT rank=5 cell=3,19 score=1.151119 prob=0.906054 density=1.263566 center=0.004000
turn=77 picked cell=2,14 target_cluster=None active_clusters=0 remaining_cells=43 scans=2
turn=77 result=MISS
turn=78 mode=HUNT rank=1 cell=3,15 score=1.189218 prob=0.930581 density=1.267514 center=0.008000
turn=78 mode=HUNT rank=2 cell=3,19 score=1.188130 prob=0.931830 density=1.267514 center=0.004000
turn=78 mode=HUNT rank=3 cell=6,19 score=1.186808 prob=0.929136 density=1.267514 center=0.007000
turn=78 mode=HUNT rank=4 cell=7,19 score=1.170858 prob=0.914535 density=1.267514 center=0.008000
turn=78 mode=HUNT rank=5 cell=8,19 score=1.141226 prob=0.892664 density=1.267514 center=0.009000
turn=78 picked cell=3,15 target_cluster=None active_clusters=0 remaining_cells=43 scans=2
turn=78 result=MISS
turn=79 mode=HUNT rank=1 cell=6,19 score=1.228704 prob=0.959366 density=1.271512 center=0.007000
turn=79 mode=HUNT rank=2 cell=7,19 score=1.211244 prob=0.944076 density=1.271512 center=0.008000
turn=79 mode=HUNT rank=3 cell=8,19 score=1.180726 prob=0.921204 density=1.271512 center=0.009000
turn=79 mode=HUNT rank=4 cell=5,19 score=1.179216 prob=0.919840 density=1.271512 center=0.006000
turn=79 mode=HUNT rank=5 cell=4,19 score=1.164435 prob=0.911534 density=1.271512 center=0.005000
turn=79 picked cell=6,19 target_cluster=None active_clusters=0 remaining_cells=43 scans=2
turn=79 result=HIT
turn=80 mode=CHASE cluster=0 cluster_len=1 cell=7,19 score=100000.779669 chase_score=5036.279669 prob=0.779669
turn=80 picked cell=7,19 target_cluster=Some(0) active_clusters=1 remaining_cells=42 scans=2
turn=80 result=KILL
turn=80 kill_infer inferred_len=2 committed_hits=1 cluster_hits=1
turn=81 mode=HUNT rank=1 cell=7,7 score=1.192283 prob=1.103795 density=1.064671 center=0.015000
turn=81 mode=HUNT rank=2 cell=6,7 score=1.142773 prob=1.058591 density=1.064671 center=0.014000
turn=81 mode=HUNT rank=3 cell=6,8 score=1.070821 prob=0.990717 density=1.064671 center=0.015000
turn=81 mode=HUNT rank=4 cell=8,7 score=1.068468 prob=0.985356 density=1.064671 center=0.016000
turn=81 mode=HUNT rank=5 cell=8,6 score=1.018835 prob=0.942770 density=1.064671 center=0.015000
turn=81 picked cell=7,7 target_cluster=None active_clusters=0 remaining_cells=41 scans=2
turn=81 result=MISS
turn=82 mode=HUNT rank=1 cell=6,8 score=1.127015 prob=1.034393 density=1.071301 center=0.015000
turn=82 mode=HUNT rank=2 cell=8,6 score=1.069970 prob=0.984268 density=1.071301 center=0.015000
turn=82 mode=HUNT rank=3 cell=1,6 score=1.059410 prob=0.979957 density=1.071301 center=0.008000
turn=82 mode=HUNT rank=4 cell=5,14 score=1.050739 prob=0.833965 density=1.246699 center=0.011000
turn=82 mode=HUNT rank=5 cell=9,17 score=1.045145 prob=0.825936 density=1.246699 center=0.012000
turn=82 picked cell=6,8 target_cluster=None active_clusters=0 remaining_cells=41 scans=2
turn=82 result=MISS
turn=83 mode=HUNT rank=1 cell=8,6 score=1.136428 prob=1.037562 density=1.078034 center=0.015000
turn=83 mode=HUNT rank=2 cell=1,6 score=1.121488 prob=1.031437 density=1.078034 center=0.008000
turn=83 mode=HUNT rank=3 cell=5,14 score=1.109967 prob=0.876976 density=1.250782 center=0.011000
turn=83 mode=HUNT rank=4 cell=9,17 score=1.097045 prob=0.866172 density=1.250782 center=0.012000
turn=83 mode=HUNT rank=5 cell=15,16 score=1.083115 prob=1.074588 density=1.000000 center=0.008000
turn=83 picked cell=8,6 target_cluster=None active_clusters=0 remaining_cells=41 scans=2
turn=83 result=MISS
turn=84 mode=HUNT rank=1 cell=1,6 score=1.168929 prob=1.068052 density=1.084874 center=0.008000
turn=84 mode=HUNT rank=2 cell=5,14 score=1.150941 prob=0.906474 density=1.254917 center=0.011000
turn=84 mode=HUNT rank=3 cell=9,17 score=1.136338 prob=0.893732 density=1.254917 center=0.012000
turn=84 mode=HUNT rank=4 cell=15,16 score=1.117415 prob=1.106595 density=1.000000 center=0.008000
turn=84 mode=HUNT rank=5 cell=18,15 score=1.114931 prob=1.105698 density=1.000000 center=0.006000
turn=84 picked cell=1,6 target_cluster=None active_clusters=0 remaining_cells=41 scans=2
turn=84 result=MISS
turn=85 mode=HUNT rank=1 cell=5,14 score=1.193641 prob=0.938701 density=1.259107 center=0.011000
turn=85 mode=HUNT rank=2 cell=9,17 score=1.179844 prob=0.927444 density=1.259107 center=0.012000
turn=85 mode=HUNT rank=3 cell=15,16 score=1.154109 prob=1.145172 density=1.000000 center=0.008000
turn=85 mode=HUNT rank=4 cell=8,17 score=1.151807 prob=0.905843 density=1.259107 center=0.011000
turn=85 mode=HUNT rank=5 cell=18,15 score=1.151446 prob=1.144248 density=1.000000 center=0.006000
turn=85 picked cell=5,14 target_cluster=None active_clusters=0 remaining_cells=41 scans=2
turn=85 result=HIT
turn=86 mode=CHASE cluster=0 cluster_len=1 cell=5,13 score=100000.603623 chase_score=5028.603623 prob=0.603623
turn=86 picked cell=5,13 target_cluster=Some(0) active_clusters=1 remaining_cells=40 scans=2
turn=86 result=HIT
turn=87 mode=CHASE cluster=0 cluster_len=2 cell=5,15 score=200000.686952 chase_score=10078.686952 prob=0.686952
turn=87 picked cell=5,15 target_cluster=Some(0) active_clusters=1 remaining_cells=39 scans=2
turn=87 result=HIT
turn=88 mode=CHASE cluster=0 cluster_len=3 cell=5,12 score=300000.524251 chase_score=10052.524251 prob=0.524251
turn=88 picked cell=5,12 target_cluster=Some(0) active_clusters=1 remaining_cells=38 scans=2
turn=88 result=HIT
turn=89 mode=CHASE cluster=0 cluster_len=4 cell=5,16 score=400000.451466 chase_score=10029.451466 prob=0.451466
turn=89 picked cell=5,16 target_cluster=Some(0) active_clusters=1 remaining_cells=37 scans=2
turn=89 result=HIT
turn=90 mode=CHASE cluster=0 cluster_len=5 cell=5,11 score=500000.417798 chase_score=10014.417798 prob=0.417798
turn=90 picked cell=5,11 target_cluster=Some(0) active_clusters=1 remaining_cells=36 scans=2
turn=90 result=HIT
turn=91 mode=CHASE cluster=0 cluster_len=6 cell=5,17 score=600000.379564 chase_score=10007.379564 prob=0.379564
turn=91 picked cell=5,17 target_cluster=Some(0) active_clusters=1 remaining_cells=35 scans=2
turn=91 result=KILL
turn=91 kill_infer inferred_len=7 committed_hits=6 cluster_hits=6
turn=92 mode=HUNT rank=1 cell=9,5 score=0.936574 prob=0.803075 density=1.145420 center=0.015000
turn=92 mode=HUNT rank=2 cell=16,4 score=0.870883 prob=0.841344 density=1.022653 center=0.008000
turn=92 mode=HUNT rank=3 cell=16,2 score=0.866767 prob=0.841344 density=1.022653 center=0.006000
turn=92 mode=HUNT rank=4 cell=11,9 score=0.845225 prob=0.807190 density=1.022653 center=0.018000
turn=92 mode=HUNT rank=5 cell=18,4 score=0.827725 prob=0.800780 density=1.022653 center=0.006000
turn=92 picked cell=9,5 target_cluster=None active_clusters=0 remaining_cells=34 scans=2
turn=92 result=HIT
turn=93 mode=CHASE cluster=0 cluster_len=1 cell=8,5 score=100000.508410 chase_score=5025.008410 prob=0.508410
turn=93 picked cell=8,5 target_cluster=Some(0) active_clusters=1 remaining_cells=33 scans=2
turn=93 result=MISS
turn=94 mode=CHASE cluster=0 cluster_len=1 cell=9,6 score=100000.386594 chase_score=5015.386594 prob=0.386594
turn=94 picked cell=9,6 target_cluster=Some(0) active_clusters=1 remaining_cells=33 scans=2
turn=94 result=HIT
turn=95 mode=CHASE cluster=0 cluster_len=2 cell=9,7 score=200000.422094 chase_score=10049.422094 prob=0.422094
turn=95 picked cell=9,7 target_cluster=Some(0) active_clusters=1 remaining_cells=32 scans=2
turn=95 result=HIT
turn=96 mode=CHASE cluster=0 cluster_len=3 cell=9,8 score=300000.311938 chase_score=10038.311938 prob=0.311938
turn=96 picked cell=9,8 target_cluster=Some(0) active_clusters=1 remaining_cells=31 scans=2
turn=96 result=HIT
turn=97 mode=CHASE cluster=0 cluster_len=4 cell=9,4 score=400000.559928 chase_score=10015.559928 prob=0.559928
turn=97 picked cell=9,4 target_cluster=Some(0) active_clusters=1 remaining_cells=30 scans=2
turn=97 result=KILL
turn=97 kill_infer inferred_len=5 committed_hits=4 cluster_hits=4
turn=98 mode=HUNT rank=1 cell=10,13 score=0.743934 prob=0.726520 density=1.000000 center=0.016000
turn=98 mode=HUNT rank=2 cell=15,16 score=0.738824 prob=0.728887 density=1.000000 center=0.008000
turn=98 mode=HUNT rank=3 cell=10,12 score=0.737557 prob=0.719191 density=1.000000 center=0.017000
turn=98 mode=HUNT rank=4 cell=18,15 score=0.736308 prob=0.728887 density=1.000000 center=0.006000
turn=98 mode=HUNT rank=5 cell=16,17 score=0.732480 prob=0.724015 density=1.000000 center=0.006000
turn=98 picked cell=10,13 target_cluster=None active_clusters=0 remaining_cells=29 scans=2
turn=98 result=MISS
turn=99 mode=HUNT rank=1 cell=15,16 score=0.762998 prob=0.754708 density=1.000000 center=0.008000
turn=99 mode=HUNT rank=2 cell=18,15 score=0.762637 prob=0.754708 density=1.000000 center=0.006000
turn=99 mode=HUNT rank=3 cell=16,16 score=0.757298 prob=0.749211 density=1.000000 center=0.007000
turn=99 mode=HUNT rank=4 cell=16,17 score=0.756547 prob=0.749211 density=1.000000 center=0.006000
turn=99 mode=HUNT rank=5 cell=15,15 score=0.724150 prob=0.713290 density=1.000000 center=0.009000
turn=99 picked cell=15,16 target_cluster=None active_clusters=0 remaining_cells=29 scans=2
turn=99 result=MISS
turn=100 mode=HUNT rank=1 cell=18,15 score=0.790356 prob=0.782731 density=1.000000 center=0.006000
turn=100 mode=HUNT rank=2 cell=16,17 score=0.784406 prob=0.776523 density=1.000000 center=0.006000
turn=100 mode=HUNT rank=3 cell=16,15 score=0.684118 prob=0.672201 density=1.000000 center=0.008000
turn=100 mode=HUNT rank=4 cell=13,17 score=0.662467 prob=0.649633 density=1.000000 center=0.009000
turn=100 mode=HUNT rank=5 cell=14,17 score=0.660304 prob=0.650044 density=1.000000 center=0.008000
turn=100 picked cell=18,15 target_cluster=None active_clusters=0 remaining_cells=29 scans=2
turn=100 result=HIT
turn=101 mode=CHASE cluster=0 cluster_len=1 cell=18,16 score=100000.533449 chase_score=5020.033449 prob=0.533449
turn=101 picked cell=18,16 target_cluster=Some(0) active_clusters=1 remaining_cells=28 scans=2
turn=101 result=MISS
turn=102 mode=CHASE cluster=0 cluster_len=1 cell=17,15 score=100000.471854 chase_score=5012.971854 prob=0.471854
turn=102 picked cell=17,15 target_cluster=Some(0) active_clusters=1 remaining_cells=28 scans=2
turn=102 result=HIT
turn=103 mode=CHASE cluster=0 cluster_len=2 cell=16,15 score=200000.631376 chase_score=10039.631376 prob=0.631376
turn=103 picked cell=16,15 target_cluster=Some(0) active_clusters=1 remaining_cells=27 scans=2
turn=103 result=HIT
turn=104 mode=CHASE cluster=0 cluster_len=3 cell=15,15 score=300000.471854 chase_score=10028.471854 prob=0.471854
turn=104 picked cell=15,15 target_cluster=Some(0) active_clusters=1 remaining_cells=26 scans=2
turn=104 result=HIT
turn=105 mode=CHASE cluster=0 cluster_len=4 cell=19,15 score=400000.610702 chase_score=10010.610702 prob=0.610702
turn=105 picked cell=19,15 target_cluster=Some(0) active_clusters=1 remaining_cells=25 scans=2
turn=105 result=MISS
turn=106 mode=CHASE cluster=0 cluster_len=4 cell=14,15 score=400000.469682 chase_score=10010.469682 prob=0.469682
turn=106 picked cell=14,15 target_cluster=Some(0) active_clusters=1 remaining_cells=25 scans=2
turn=106 result=KILL
turn=106 kill_infer inferred_len=5 committed_hits=4 cluster_hits=4
turn=107 mode=HUNT rank=1 cell=16,4 score=0.620023 prob=0.590405 density=1.034409 center=0.008000
turn=107 mode=HUNT rank=2 cell=16,2 score=0.618153 prob=0.590405 density=1.034409 center=0.006000
turn=107 mode=HUNT rank=3 cell=11,9 score=0.588300 prob=0.548300 density=1.034409 center=0.018000
turn=107 mode=HUNT rank=4 cell=2,4 score=0.586490 prob=0.491587 density=1.176242 center=0.007000
turn=107 mode=HUNT rank=5 cell=2,3 score=0.584954 prob=0.491587 density=1.176242 center=0.006000
turn=107 picked cell=16,4 target_cluster=None active_clusters=0 remaining_cells=24 scans=2
turn=107 result=MISS
turn=108 mode=HUNT rank=1 cell=11,9 score=0.609248 prob=0.569035 density=1.037608 center=0.018000
turn=108 mode=HUNT rank=2 cell=2,3 score=0.608000 prob=0.508411 density=1.175895 center=0.006000
turn=108 mode=HUNT rank=3 cell=2,4 score=0.607849 prob=0.508411 density=1.175895 center=0.007000
turn=108 mode=HUNT rank=4 cell=0,5 score=0.594206 prob=0.497065 density=1.175895 center=0.006000
turn=108 mode=HUNT rank=5 cell=5,0 score=0.591209 prob=0.497065 density=1.175895 center=0.006000
turn=108 picked cell=11,9 target_cluster=None active_clusters=0 remaining_cells=24 scans=2
turn=108 result=MISS
turn=109 mode=HUNT rank=1 cell=2,4 score=0.605947 prob=0.506618 density=1.175570 center=0.007000
turn=109 mode=HUNT rank=2 cell=2,3 score=0.604076 prob=0.506618 density=1.175570 center=0.006000
turn=109 mode=HUNT rank=3 cell=5,0 score=0.593777 prob=0.496503 density=1.175570 center=0.006000
turn=109 mode=HUNT rank=4 cell=0,5 score=0.592746 prob=0.496503 density=1.175570 center=0.006000
turn=109 mode=HUNT rank=5 cell=3,0 score=0.590795 prob=0.496503 density=1.175570 center=0.004000
turn=109 picked cell=2,4 target_cluster=None active_clusters=0 remaining_cells=24 scans=2
turn=109 result=MISS
turn=110 mode=HUNT rank=1 cell=5,0 score=0.633041 prob=0.526152 density=1.183662 center=0.006000
turn=110 mode=HUNT rank=2 cell=0,5 score=0.629995 prob=0.526152 density=1.183662 center=0.006000
turn=110 mode=HUNT rank=3 cell=3,0 score=0.627087 prob=0.526152 density=1.183662 center=0.004000
turn=110 mode=HUNT rank=4 cell=9,1 score=0.600622 prob=0.495117 density=1.183662 center=0.011000
turn=110 mode=HUNT rank=5 cell=0,3 score=0.590310 prob=0.492864 density=1.183662 center=0.004000
turn=110 picked cell=5,0 target_cluster=None active_clusters=0 remaining_cells=24 scans=2
turn=110 result=MISS
turn=111 mode=HUNT rank=1 cell=0,5 score=0.658530 prob=0.543955 density=1.191895 center=0.006000
turn=111 mode=HUNT rank=2 cell=9,1 score=0.621983 prob=0.511079 density=1.191895 center=0.011000
turn=111 mode=HUNT rank=3 cell=0,3 score=0.613387 prob=0.509290 density=1.191895 center=0.004000
turn=111 mode=HUNT rank=4 cell=0,7 score=0.603782 prob=0.498352 density=1.191895 center=0.008000
turn=111 mode=HUNT rank=5 cell=8,1 score=0.594111 prob=0.487007 density=1.191895 center=0.010000
turn=111 picked cell=0,5 target_cluster=None active_clusters=0 remaining_cells=24 scans=2
turn=111 result=MISS
turn=112 mode=HUNT rank=1 cell=9,1 score=0.631962 prob=0.515603 density=1.200272 center=0.011000
turn=112 mode=HUNT rank=2 cell=8,1 score=0.600455 prob=0.491097 density=1.200272 center=0.010000
turn=112 mode=HUNT rank=3 cell=9,2 score=0.593856 prob=0.483965 density=1.200272 center=0.012000
turn=112 mode=HUNT rank=4 cell=3,3 score=0.583466 prob=0.478955 density=1.200272 center=0.007000
turn=112 mode=HUNT rank=5 cell=8,2 score=0.564978 prob=0.459458 density=1.200272 center=0.011000
turn=112 picked cell=9,1 target_cluster=None active_clusters=0 remaining_cells=24 scans=2
turn=112 result=MISS
turn=113 mode=HUNT rank=1 cell=3,3 score=0.606429 prob=0.493921 density=1.208797 center=0.007000
turn=113 mode=HUNT rank=2 cell=8,2 score=0.587336 prob=0.473944 density=1.208797 center=0.011000
turn=113 mode=HUNT rank=3 cell=18,2 score=0.571786 prob=0.535854 density=1.054251 center=0.004000
turn=113 mode=HUNT rank=4 cell=1,3 score=0.560134 prob=0.457455 density=1.208797 center=0.005000
turn=113 mode=HUNT rank=5 cell=9,2 score=0.559700 prob=0.452827 density=1.208797 center=0.012000
turn=113 picked cell=3,3 target_cluster=None active_clusters=0 remaining_cells=24 scans=2
turn=113 result=MISS
turn=114 mode=HUNT rank=1 cell=8,2 score=0.607236 prob=0.487684 density=1.217473 center=0.011000
turn=114 mode=HUNT rank=2 cell=18,2 score=0.588319 prob=0.549596 density=1.057714 center=0.004000
turn=114 mode=HUNT rank=3 cell=1,2 score=0.580973 prob=0.470629 density=1.217473 center=0.004000
turn=114 mode=HUNT rank=4 cell=9,2 score=0.579721 prob=0.465947 density=1.217473 center=0.012000
turn=114 mode=HUNT rank=5 cell=17,2 score=0.565092 prob=0.528873 density=1.057714 center=0.005000
turn=114 picked cell=8,2 target_cluster=None active_clusters=0 remaining_cells=24 scans=2
turn=114 result=MISS
turn=115 mode=HUNT rank=1 cell=18,2 score=0.603429 prob=0.564478 density=1.061224 center=0.004000
turn=115 mode=HUNT rank=2 cell=1,2 score=0.600577 prob=0.484464 density=1.226304 center=0.004000
turn=115 mode=HUNT rank=3 cell=17,2 score=0.582140 prob=0.542888 density=1.061224 center=0.005000
turn=115 mode=HUNT rank=4 cell=0,16 score=0.576395 prob=0.493922 density=1.155556 center=0.004000
turn=115 mode=HUNT rank=5 cell=16,2 score=0.570283 prob=0.530149 density=1.061224 center=0.006000
turn=115 picked cell=18,2 target_cluster=None active_clusters=0 remaining_cells=24 scans=2
turn=115 result=MISS
turn=116 mode=HUNT rank=1 cell=1,2 score=0.619603 prob=0.501802 density=1.226144 center=0.004000
turn=116 mode=HUNT rank=2 cell=17,1 score=0.594125 prob=0.551605 density=1.064783 center=0.004000
turn=116 mode=HUNT rank=3 cell=0,16 score=0.592957 prob=0.510326 density=1.151543 center=0.004000
turn=116 mode=HUNT rank=4 cell=16,1 score=0.592392 prob=0.551605 density=1.064783 center=0.005000
turn=116 mode=HUNT rank=5 cell=12,12 score=0.574644 prob=0.558175 density=1.000000 center=0.015000
turn=116 picked cell=1,2 target_cluster=None active_clusters=0 remaining_cells=24 scans=2
turn=116 result=MISS
turn=117 mode=HUNT rank=1 cell=0,16 score=0.610623 prob=0.521482 density=1.156095 center=0.004000
turn=117 mode=HUNT rank=2 cell=17,1 score=0.607968 prob=0.563187 density=1.068391 center=0.004000
turn=117 mode=HUNT rank=3 cell=16,1 score=0.607916 prob=0.563187 density=1.068391 center=0.005000
turn=117 mode=HUNT rank=4 cell=1,18 score=0.590492 prob=0.506478 density=1.156095 center=0.003000
turn=117 mode=HUNT rank=5 cell=9,0 score=0.589493 prob=0.468863 density=1.235161 center=0.010000
turn=117 picked cell=0,16 target_cluster=None active_clusters=0 remaining_cells=24 scans=2
turn=117 result=MISS
turn=118 mode=HUNT rank=1 cell=16,1 score=0.621095 prob=0.578101 density=1.064655 center=0.005000
turn=118 mode=HUNT rank=2 cell=17,1 score=0.619795 prob=0.578101 density=1.064655 center=0.004000
turn=118 mode=HUNT rank=3 cell=1,18 score=0.613474 prob=0.523644 density=1.160714 center=0.003000
turn=118 mode=HUNT rank=4 cell=9,0 score=0.608379 prob=0.482786 density=1.235760 center=0.010000
turn=118 mode=HUNT rank=5 cell=12,12 score=0.604612 prob=0.585419 density=1.000000 center=0.015000
turn=118 picked cell=16,1 target_cluster=None active_clusters=0 remaining_cells=24 scans=2
turn=118 result=MISS
turn=119 mode=HUNT rank=1 cell=9,0 score=0.631239 prob=0.500466 density=1.235625 center=0.010000
turn=119 mode=HUNT rank=2 cell=1,18 score=0.627865 prob=0.539701 density=1.156642 center=0.003000
turn=119 mode=HUNT rank=3 cell=15,8 score=0.625111 prob=0.571537 density=1.068287 center=0.013000
turn=119 mode=HUNT rank=4 cell=10,0 score=0.622908 prob=0.572023 density=1.068287 center=0.010000
turn=119 mode=HUNT rank=5 cell=12,12 score=0.621355 prob=0.605844 density=1.000000 center=0.015000
turn=119 picked cell=9,0 target_cluster=None active_clusters=0 remaining_cells=24 scans=2
turn=119 result=MISS
turn=120 mode=HUNT rank=1 cell=1,18 score=0.653155 prob=0.556733 density=1.161301 center=0.003000
turn=120 mode=HUNT rank=2 cell=15,8 score=0.646310 prob=0.589699 density=1.071970 center=0.013000
turn=120 mode=HUNT rank=3 cell=15,9 score=0.642747 prob=0.583158 density=1.071970 center=0.014000
turn=120 mode=HUNT rank=4 cell=12,12 score=0.642265 prob=0.623426 density=1.000000 center=0.015000
turn=120 mode=HUNT rank=5 cell=1,10 score=0.640883 prob=0.539373 density=1.161301 center=0.011000
turn=120 picked cell=1,18 target_cluster=None active_clusters=0 remaining_cells=24 scans=2
turn=120 result=MISS
turn=121 mode=HUNT rank=1 cell=9,12 score=0.662692 prob=0.550230 density=1.166031 center=0.017000
turn=121 mode=HUNT rank=2 cell=1,10 score=0.661072 prob=0.556100 density=1.166031 center=0.011000
turn=121 mode=HUNT rank=3 cell=12,12 score=0.660546 prob=0.641611 density=1.000000 center=0.015000
turn=121 mode=HUNT rank=4 cell=15,8 score=0.660266 prob=0.605078 density=1.068182 center=0.013000
turn=121 mode=HUNT rank=5 cell=15,9 score=0.655030 prob=0.598702 density=1.068182 center=0.014000
turn=121 picked cell=9,12 target_cluster=None active_clusters=0 remaining_cells=24 scans=2
turn=121 result=MISS
turn=122 mode=HUNT rank=1 cell=1,10 score=0.705361 prob=0.590993 density=1.170833 center=0.011000
turn=122 mode=HUNT rank=2 cell=15,8 score=0.696514 prob=0.638525 density=1.064394 center=0.013000
turn=122 mode=HUNT rank=3 cell=15,9 score=0.688714 prob=0.632157 density=1.064394 center=0.014000
turn=122 mode=HUNT rank=4 cell=8,15 score=0.682058 prob=0.567795 density=1.170833 center=0.013000
turn=122 mode=HUNT rank=5 cell=2,19 score=0.674791 prob=0.571324 density=1.170833 center=0.003000
turn=122 picked cell=1,10 target_cluster=None active_clusters=0 remaining_cells=24 scans=2
turn=122 result=MISS
turn=123 mode=HUNT rank=1 cell=15,8 score=0.707593 prob=0.653551 density=1.060606 center=0.013000
turn=123 mode=HUNT rank=2 cell=8,15 score=0.703798 prob=0.584939 density=1.175711 center=0.013000
turn=123 mode=HUNT rank=3 cell=15,9 score=0.703186 prob=0.647399 density=1.060606 center=0.014000
turn=123 mode=HUNT rank=4 cell=2,19 score=0.697243 prob=0.589114 density=1.175711 center=0.003000
turn=123 mode=HUNT rank=5 cell=13,17 score=0.691876 prob=0.682666 density=1.000000 center=0.009000
turn=123 picked cell=15,8 target_cluster=None active_clusters=0 remaining_cells=24 scans=2
turn=123 result=MISS
turn=124 mode=HUNT rank=1 cell=8,15 score=0.721946 prob=0.603965 density=1.171512 center=0.013000
turn=124 mode=HUNT rank=2 cell=13,17 score=0.720250 prob=0.709903 density=1.000000 center=0.009000
turn=124 mode=HUNT rank=3 cell=2,19 score=0.718363 prob=0.609077 density=1.171512 center=0.003000
turn=124 mode=HUNT rank=4 cell=10,17 score=0.713107 prob=0.697247 density=1.000000 center=0.012000
turn=124 mode=HUNT rank=5 cell=19,3 score=0.704980 prob=0.658134 density=1.064261 center=0.004000
turn=124 picked cell=8,15 target_cluster=None active_clusters=0 remaining_cells=24 scans=2
turn=124 result=HIT
turn=125 mode=CHASE cluster=0 cluster_len=1 cell=9,15 score=100000.453661 chase_score=5012.453661 prob=0.453661
turn=125 picked cell=9,15 target_cluster=Some(0) active_clusters=1 remaining_cells=23 scans=2
turn=125 result=HIT
turn=126 mode=CHASE cluster=0 cluster_len=2 cell=7,15 score=200000.492758 chase_score=10029.492758 prob=0.492758
turn=126 picked cell=7,15 target_cluster=Some(0) active_clusters=1 remaining_cells=22 scans=2
turn=126 result=HIT
turn=127 mode=CHASE cluster=0 cluster_len=3 cell=10,15 score=300000.492758 chase_score=10018.492758 prob=0.492758
turn=127 picked cell=10,15 target_cluster=Some(0) active_clusters=1 remaining_cells=21 scans=2
turn=127 result=KILL
turn=127 kill_infer inferred_len=4 committed_hits=3 cluster_hits=3
turn=128 mode=HUNT rank=1 cell=13,2 score=0.767652 prob=0.600324 density=1.258803 center=0.009000
turn=128 mode=HUNT rank=2 cell=19,4 score=0.763643 prob=0.599381 density=1.258803 center=0.005000
turn=128 mode=HUNT rank=3 cell=15,0 score=0.763373 prob=0.599381 density=1.258803 center=0.005000
turn=128 mode=HUNT rank=4 cell=14,0 score=0.760625 prob=0.599381 density=1.258803 center=0.006000
turn=128 mode=HUNT rank=5 cell=19,5 score=0.737700 prob=0.580684 density=1.258803 center=0.006000
turn=128 picked cell=13,2 target_cluster=None active_clusters=0 remaining_cells=20 scans=2
turn=128 result=HIT
turn=129 mode=CHASE cluster=0 cluster_len=1 cell=14,2 score=100000.507287 chase_score=5012.007287 prob=0.507287
turn=129 picked cell=14,2 target_cluster=Some(0) active_clusters=1 remaining_cells=19 scans=2
turn=129 result=MISS
turn=130 mode=CHASE cluster=0 cluster_len=1 cell=12,2 score=100000.292234 chase_score=5005.292234 prob=0.292234
turn=130 picked cell=12,2 target_cluster=Some(0) active_clusters=1 remaining_cells=19 scans=2
turn=130 result=KILL
turn=130 kill_infer inferred_len=2 committed_hits=1 cluster_hits=1
turn=131 mode=HUNT rank=1 cell=19,4 score=0.707473 prob=0.586614 density=1.195843 center=0.005000
turn=131 mode=HUNT rank=2 cell=15,0 score=0.707401 prob=0.586614 density=1.195843 center=0.005000
turn=131 mode=HUNT rank=3 cell=19,6 score=0.686156 prob=0.565428 density=1.195843 center=0.007000
turn=131 mode=HUNT rank=4 cell=14,0 score=0.685768 prob=0.567383 density=1.195843 center=0.006000
turn=131 mode=HUNT rank=5 cell=19,5 score=0.685512 prob=0.567383 density=1.195843 center=0.006000
turn=131 picked cell=19,4 target_cluster=None active_clusters=0 remaining_cells=18 scans=2
turn=131 result=MISS
turn=132 mode=HUNT rank=1 cell=15,0 score=0.749945 prob=0.620688 density=1.200081 center=0.005000
turn=132 mode=HUNT rank=2 cell=14,0 score=0.728634 prob=0.600586 density=1.200081 center=0.006000
turn=132 mode=HUNT rank=3 cell=18,7 score=0.720949 prob=0.592718 density=1.200081 center=0.009000
turn=132 mode=HUNT rank=4 cell=18,8 score=0.709502 prob=0.582339 density=1.200081 center=0.010000
turn=132 mode=HUNT rank=5 cell=8,9 score=0.690873 prob=0.468441 density=1.433959 center=0.018000
turn=132 picked cell=15,0 target_cluster=None active_clusters=0 remaining_cells=18 scans=2
turn=132 result=MISS
turn=133 mode=HUNT rank=1 cell=18,7 score=0.783166 prob=0.641455 density=1.204380 center=0.009000
turn=133 mode=HUNT rank=2 cell=18,8 score=0.772490 prob=0.630004 density=1.204380 center=0.010000
turn=133 mode=HUNT rank=3 cell=19,9 score=0.748048 prob=0.610357 density=1.204380 center=0.010000
turn=133 mode=HUNT rank=4 cell=18,9 score=0.746770 prob=0.610357 density=1.204380 center=0.011000
turn=133 mode=HUNT rank=5 cell=8,9 score=0.743132 prob=0.502892 density=1.433785 center=0.018000
turn=133 picked cell=18,7 target_cluster=None active_clusters=0 remaining_cells=18 scans=2
turn=133 result=MISS
turn=134 mode=HUNT rank=1 cell=19,9 score=0.804878 prob=0.654747 density=1.208742 center=0.010000
turn=134 mode=HUNT rank=2 cell=14,7 score=0.789361 prob=0.641033 density=1.208742 center=0.013000
turn=134 mode=HUNT rank=3 cell=8,9 score=0.783744 prob=0.533830 density=1.433649 center=0.018000
turn=134 mode=HUNT rank=4 cell=16,9 score=0.762485 prob=0.616955 density=1.208742 center=0.013000
turn=134 mode=HUNT rank=5 cell=0,8 score=0.748074 prob=0.513177 density=1.433649 center=0.009000
turn=134 picked cell=19,9 target_cluster=None active_clusters=0 remaining_cells=18 scans=2
turn=134 result=MISS
turn=135 mode=HUNT rank=1 cell=14,7 score=0.847947 prob=0.685084 density=1.213169 center=0.013000
turn=135 mode=HUNT rank=2 cell=8,9 score=0.829207 prob=0.564290 density=1.433550 center=0.018000
turn=135 mode=HUNT rank=3 cell=16,9 score=0.815868 prob=0.658961 density=1.213169 center=0.013000
turn=135 mode=HUNT rank=4 cell=0,8 score=0.792362 prob=0.544503 density=1.433550 center=0.009000
turn=135 mode=HUNT rank=5 cell=7,9 score=0.783367 prob=0.531690 density=1.433550 center=0.017000
turn=135 picked cell=14,7 target_cluster=None active_clusters=0 remaining_cells=18 scans=2
turn=135 result=MISS
turn=136 mode=HUNT rank=1 cell=8,9 score=0.873706 prob=0.595810 density=1.433491 center=0.018000
turn=136 mode=HUNT rank=2 cell=16,9 score=0.868460 prob=0.702108 density=1.217662 center=0.013000
turn=136 mode=HUNT rank=3 cell=0,8 score=0.837709 prob=0.576637 density=1.433491 center=0.009000
turn=136 mode=HUNT rank=4 cell=0,9 score=0.824476 prob=0.568037 density=1.433491 center=0.010000
turn=136 mode=HUNT rank=5 cell=7,9 score=0.822425 prob=0.561409 density=1.433491 center=0.017000
turn=136 picked cell=8,9 target_cluster=None active_clusters=0 remaining_cells=18 scans=2
turn=136 result=MISS
turn=137 mode=HUNT rank=1 cell=16,9 score=0.896494 prob=0.721018 density=1.222222 center=0.013000
turn=137 mode=HUNT rank=2 cell=0,8 score=0.871451 prob=0.594882 density=1.444938 center=0.009000
turn=137 mode=HUNT rank=3 cell=0,9 score=0.857100 prob=0.585858 density=1.444938 center=0.010000
turn=137 mode=HUNT rank=4 cell=16,8 score=0.825188 prob=0.663180 density=1.222222 center=0.012000
turn=137 mode=HUNT rank=5 cell=13,17 score=0.813534 prob=0.802576 density=1.000000 center=0.009000
turn=137 picked cell=16,9 target_cluster=None active_clusters=0 remaining_cells=18 scans=2
turn=137 result=MISS
turn=138 mode=HUNT rank=1 cell=0,8 score=0.926090 prob=0.633175 density=1.444959 center=0.009000
turn=138 mode=HUNT rank=2 cell=0,9 score=0.914866 prob=0.623468 density=1.444959 center=0.010000
turn=138 mode=HUNT rank=3 cell=13,17 score=0.870657 prob=0.858888 density=1.000000 center=0.009000
turn=138 mode=HUNT rank=4 cell=0,7 score=0.853112 prob=0.584221 density=1.444959 center=0.008000
turn=138 mode=HUNT rank=5 cell=2,0 score=0.842316 prob=0.580415 density=1.444959 center=0.003000
turn=138 picked cell=0,8 target_cluster=None active_clusters=0 remaining_cells=18 scans=2
turn=138 result=HIT
turn=139 mode=CHASE cluster=0 cluster_len=1 cell=0,9 score=100000.509069 chase_score=5009.009069 prob=0.509069
turn=139 picked cell=0,9 target_cluster=Some(0) active_clusters=1 remaining_cells=17 scans=2
turn=139 result=HIT
turn=140 mode=CHASE cluster=0 cluster_len=2 cell=0,7 score=200000.464993 chase_score=10021.464993 prob=0.464993
turn=140 picked cell=0,7 target_cluster=Some(0) active_clusters=1 remaining_cells=16 scans=2
turn=140 result=HIT
turn=141 mode=CHASE cluster=0 cluster_len=3 cell=0,10 score=300000.394735 chase_score=10014.394735 prob=0.394735
turn=141 picked cell=0,10 target_cluster=Some(0) active_clusters=1 remaining_cells=15 scans=2
turn=141 result=HIT
turn=142 mode=CHASE cluster=0 cluster_len=4 cell=0,11 score=400000.311702 chase_score=10005.311702 prob=0.311702
turn=142 picked cell=0,11 target_cluster=Some(0) active_clusters=1 remaining_cells=14 scans=2
turn=142 result=KILL
turn=142 kill_infer inferred_len=5 committed_hits=4 cluster_hits=4
turn=143 mode=HUNT rank=1 cell=17,3 score=0.423455 prob=0.336362 density=1.240310 center=0.006000
turn=143 mode=HUNT rank=2 cell=11,6 score=0.385595 prob=0.295896 density=1.240310 center=0.015000
turn=143 mode=HUNT rank=3 cell=13,14 score=0.368210 prob=0.353109 density=1.000000 center=0.012000
turn=143 mode=HUNT rank=4 cell=16,17 score=0.362865 prob=0.353109 density=1.000000 center=0.006000
turn=143 mode=HUNT rank=5 cell=13,1 score=0.362397 prob=0.282621 density=1.240310 center=0.008000
turn=143 picked cell=17,3 target_cluster=None active_clusters=0 remaining_cells=13 scans=2
turn=143 result=MISS
turn=144 mode=HUNT rank=1 cell=11,6 score=0.400068 prob=0.307449 density=1.245192 center=0.015000
turn=144 mode=HUNT rank=2 cell=13,14 score=0.379426 prob=0.365970 density=1.000000 center=0.012000
turn=144 mode=HUNT rank=3 cell=12,1 score=0.376477 prob=0.293984 density=1.245192 center=0.009000
turn=144 mode=HUNT rank=4 cell=13,1 score=0.375128 prob=0.293984 density=1.245192 center=0.008000
turn=144 mode=HUNT rank=5 cell=16,17 score=0.373492 prob=0.365970 density=1.000000 center=0.006000
turn=144 picked cell=11,6 target_cluster=None active_clusters=0 remaining_cells=13 scans=2
turn=144 result=MISS
turn=145 mode=HUNT rank=1 cell=12,1 score=0.390422 prob=0.302407 density=1.250151 center=0.009000
turn=145 mode=HUNT rank=2 cell=13,14 score=0.389751 prob=0.375048 density=1.000000 center=0.012000
turn=145 mode=HUNT rank=3 cell=13,1 score=0.387469 prob=0.302407 density=1.250151 center=0.008000
turn=145 mode=HUNT rank=4 cell=16,17 score=0.382591 prob=0.375048 density=1.000000 center=0.006000
turn=145 mode=HUNT rank=5 cell=11,1 score=0.379771 prob=0.293995 density=1.250151 center=0.010000
turn=145 picked cell=12,1 target_cluster=None active_clusters=0 remaining_cells=13 scans=2
turn=145 result=HIT
turn=146 mode=CHASE cluster=0 cluster_len=1 cell=13,1 score=100000.244950 chase_score=5006.244950 prob=0.244950
turn=146 picked cell=13,1 target_cluster=Some(0) active_clusters=1 remaining_cells=12 scans=2
turn=146 result=MISS
turn=147 mode=CHASE cluster=0 cluster_len=1 cell=11,1 score=100000.153469 chase_score=5002.403469 prob=0.153469
turn=147 picked cell=11,1 target_cluster=Some(0) active_clusters=1 remaining_cells=12 scans=2
turn=147 result=HIT
turn=148 mode=CHASE cluster=0 cluster_len=2 cell=10,1 score=200000.124265 chase_score=10003.124265 prob=0.124265
turn=148 picked cell=10,1 target_cluster=Some(0) active_clusters=1 remaining_cells=11 scans=2
turn=148 result=KILL
turn=148 kill_infer inferred_len=3 committed_hits=2 cluster_hits=2
turn=149 mode=HUNT rank=1 cell=13,14 score=0.311729 prob=0.297347 density=1.000000 center=0.012000
turn=149 mode=HUNT rank=2 cell=16,17 score=0.305953 prob=0.297347 density=1.000000 center=0.006000
turn=149 mode=HUNT rank=3 cell=12,11 score=0.286792 prob=0.269223 density=1.000000 center=0.016000
turn=149 mode=HUNT rank=4 cell=12,12 score=0.278808 prob=0.261768 density=1.000000 center=0.015000
turn=149 mode=HUNT rank=5 cell=13,17 score=0.278663 prob=0.267845 density=1.000000 center=0.009000
turn=149 picked cell=13,14 target_cluster=None active_clusters=0 remaining_cells=10 scans=2
turn=149 result=MISS
turn=150 mode=HUNT rank=1 cell=16,17 score=0.320061 prob=0.312383 density=1.000000 center=0.006000
turn=150 mode=HUNT rank=2 cell=12,11 score=0.302826 prob=0.283012 density=1.000000 center=0.016000
turn=150 mode=HUNT rank=3 cell=12,13 score=0.290345 prob=0.274449 density=1.000000 center=0.014000
turn=150 mode=HUNT rank=4 cell=12,12 score=0.289966 prob=0.274716 density=1.000000 center=0.015000
turn=150 mode=HUNT rank=5 cell=16,19 score=0.285971 prob=0.281706 density=1.000000 center=0.004000
turn=150 picked cell=16,17 target_cluster=None active_clusters=0 remaining_cells=10 scans=2
turn=150 result=MISS
turn=151 mode=HUNT rank=1 cell=12,11 score=0.320628 prob=0.304348 density=1.000000 center=0.016000
turn=151 mode=HUNT rank=2 cell=12,12 score=0.312898 prob=0.295372 density=1.000000 center=0.015000
turn=151 mode=HUNT rank=3 cell=12,13 score=0.309621 prob=0.295125 density=1.000000 center=0.014000
turn=151 mode=HUNT rank=4 cell=3,19 score=0.294896 prob=0.275335 density=1.050000 center=0.004000
turn=151 mode=HUNT rank=5 cell=2,19 score=0.293289 prob=0.275335 density=1.050000 center=0.003000
turn=151 picked cell=12,11 target_cluster=None active_clusters=0 remaining_cells=10 scans=2
turn=151 result=MISS
turn=152 mode=HUNT rank=1 cell=3,19 score=0.298470 prob=0.279374 density=1.045833 center=0.004000
turn=152 mode=HUNT rank=2 cell=2,19 score=0.296900 prob=0.279374 density=1.045833 center=0.003000
turn=152 mode=HUNT rank=3 cell=2,17 score=0.289442 prob=0.269120 density=1.045833 center=0.005000
turn=152 mode=HUNT rank=4 cell=10,17 score=0.286205 prob=0.270753 density=1.000000 center=0.012000
turn=152 mode=HUNT rank=5 cell=11,17 score=0.282435 prob=0.268568 density=1.000000 center=0.011000
turn=152 picked cell=3,19 target_cluster=None active_clusters=0 remaining_cells=10 scans=2
turn=152 result=MISS
turn=153 mode=HUNT rank=1 cell=2,17 score=0.301068 prob=0.278008 density=1.050420 center=0.005000
turn=153 mode=HUNT rank=2 cell=10,17 score=0.292653 prob=0.279999 density=1.000000 center=0.012000
turn=153 mode=HUNT rank=3 cell=11,17 score=0.292389 prob=0.277516 density=1.000000 center=0.011000
turn=153 mode=HUNT rank=4 cell=12,17 score=0.289707 prob=0.276415 density=1.000000 center=0.010000
turn=153 mode=HUNT rank=5 cell=18,11 score=0.288167 prob=0.276405 density=1.000000 center=0.010000
turn=153 picked cell=2,17 target_cluster=None active_clusters=0 remaining_cells=10 scans=2
turn=153 result=MISS
turn=154 mode=HUNT rank=1 cell=10,17 score=0.311504 prob=0.298865 density=1.000000 center=0.012000
turn=154 mode=HUNT rank=2 cell=11,17 score=0.309738 prob=0.295975 density=1.000000 center=0.011000
turn=154 mode=HUNT rank=3 cell=18,11 score=0.306422 prob=0.294491 density=1.000000 center=0.010000
turn=154 mode=HUNT rank=4 cell=12,17 score=0.304740 prob=0.294697 density=1.000000 center=0.010000
turn=154 mode=HUNT rank=5 cell=16,19 score=0.302123 prob=0.294063 density=1.000000 center=0.004000
turn=154 picked cell=10,17 target_cluster=None active_clusters=0 remaining_cells=10 scans=2
turn=154 result=MISS
turn=155 mode=HUNT rank=1 cell=18,11 score=0.322444 prob=0.308797 density=1.000000 center=0.010000
turn=155 mode=HUNT rank=2 cell=16,19 score=0.316658 prob=0.308494 density=1.000000 center=0.004000
turn=155 mode=HUNT rank=3 cell=17,19 score=0.315120 prob=0.308494 density=1.000000 center=0.003000
turn=155 mode=HUNT rank=4 cell=15,11 score=0.309257 prob=0.295324 density=1.000000 center=0.013000
turn=155 mode=HUNT rank=5 cell=3,11 score=0.301605 prob=0.271998 density=1.050847 center=0.012000
turn=155 picked cell=18,11 target_cluster=None active_clusters=0 remaining_cells=10 scans=2
turn=155 result=MISS
turn=156 mode=HUNT rank=1 cell=17,19 score=0.334242 prob=0.327132 density=1.000000 center=0.003000
turn=156 mode=HUNT rank=2 cell=16,19 score=0.332755 prob=0.327132 density=1.000000 center=0.004000
turn=156 mode=HUNT rank=3 cell=15,11 score=0.328348 prob=0.312273 density=1.000000 center=0.013000
turn=156 mode=HUNT rank=4 cell=3,11 score=0.313475 prob=0.286836 density=1.046610 center=0.012000
turn=156 mode=HUNT rank=5 cell=3,12 score=0.313269 prob=0.286836 density=1.046610 center=0.011000
turn=156 picked cell=17,19 target_cluster=None active_clusters=0 remaining_cells=10 scans=2
turn=156 result=MISS
turn=157 mode=HUNT rank=1 cell=15,11 score=0.336257 prob=0.322765 density=1.000000 center=0.013000
turn=157 mode=HUNT rank=2 cell=3,11 score=0.324581 prob=0.296118 density=1.042373 center=0.012000
turn=157 mode=HUNT rank=3 cell=3,12 score=0.323729 prob=0.296118 density=1.042373 center=0.011000
turn=157 mode=HUNT rank=4 cell=11,19 score=0.316457 prob=0.303164 density=1.000000 center=0.009000
turn=157 mode=HUNT rank=5 cell=2,0 score=0.315036 prob=0.296118 density=1.042373 center=0.003000
turn=157 picked cell=15,11 target_cluster=None active_clusters=0 remaining_cells=10 scans=2
turn=157 result=MISS
turn=158 mode=HUNT rank=1 cell=3,11 score=0.351748 prob=0.324064 density=1.038136 center=0.012000
turn=158 mode=HUNT rank=2 cell=3,12 score=0.348257 prob=0.324064 density=1.038136 center=0.011000
turn=158 mode=HUNT rank=3 cell=11,19 score=0.344545 prob=0.332033 density=1.000000 center=0.009000
turn=158 mode=HUNT rank=4 cell=12,19 score=0.341125 prob=0.330880 density=1.000000 center=0.008000
turn=158 mode=HUNT rank=5 cell=0,1 score=0.340034 prob=0.322811 density=1.033916 center=0.002000
turn=158 picked cell=3,11 target_cluster=None active_clusters=0 remaining_cells=10 scans=2
turn=158 result=MISS
turn=159 mode=HUNT rank=1 cell=11,19 score=0.363470 prob=0.351312 density=1.000000 center=0.009000
turn=159 mode=HUNT rank=2 cell=13,19 score=0.359970 prob=0.349258 density=1.000000 center=0.007000
turn=159 mode=HUNT rank=3 cell=12,19 score=0.358799 prob=0.349940 density=1.000000 center=0.008000
turn=159 mode=HUNT rank=4 cell=2,0 score=0.358257 prob=0.340600 density=1.034258 center=0.003000
turn=159 mode=HUNT rank=5 cell=6,10 score=0.354769 prob=0.322271 density=1.042735 center=0.016000
turn=159 picked cell=11,19 target_cluster=None active_clusters=0 remaining_cells=10 scans=2
turn=159 result=MISS
turn=160 mode=HUNT rank=1 cell=2,0 score=0.351259 prob=0.336798 density=1.025797 center=0.003000
turn=160 mode=HUNT rank=2 cell=0,1 score=0.350415 prob=0.336798 density=1.025797 center=0.002000
turn=160 mode=HUNT rank=3 cell=7,10 score=0.345643 prob=0.314540 density=1.038462 center=0.017000
turn=160 mode=HUNT rank=4 cell=6,10 score=0.344793 prob=0.314752 density=1.038462 center=0.016000
turn=160 mode=HUNT rank=5 cell=2,1 score=0.325110 prob=0.311390 density=1.025797 center=0.004000
turn=160 picked cell=2,0 target_cluster=None active_clusters=0 remaining_cells=10 scans=2
turn=160 result=MISS
turn=161 mode=HUNT rank=1 cell=0,1 score=0.375501 prob=0.360740 density=1.034553 center=0.002000
turn=161 mode=HUNT rank=2 cell=7,10 score=0.368671 prob=0.334679 density=1.043103 center=0.017000
turn=161 mode=HUNT rank=3 cell=6,10 score=0.368108 prob=0.334832 density=1.043103 center=0.016000
turn=161 mode=HUNT rank=4 cell=11,12 score=0.337917 prob=0.321326 density=1.000000 center=0.016000
turn=161 mode=HUNT rank=5 cell=12,13 score=0.336105 prob=0.321326 density=1.000000 center=0.014000
turn=161 picked cell=0,1 target_cluster=None active_clusters=0 remaining_cells=10 scans=2
turn=161 result=MISS
turn=162 mode=HUNT rank=1 cell=7,10 score=0.347554 prob=0.314552 density=1.047826 center=0.017000
turn=162 mode=HUNT rank=2 cell=6,10 score=0.346996 prob=0.314631 density=1.047826 center=0.016000
turn=162 mode=HUNT rank=3 cell=11,12 score=0.316983 prob=0.300425 density=1.000000 center=0.016000
turn=162 mode=HUNT rank=4 cell=11,16 score=0.316134 prob=0.300425 density=1.000000 center=0.012000
turn=162 mode=HUNT rank=5 cell=12,13 score=0.316043 prob=0.300425 density=1.000000 center=0.014000
turn=162 picked cell=7,10 target_cluster=None active_clusters=0 remaining_cells=10 scans=2
turn=162 result=MISS
turn=163 mode=HUNT rank=1 cell=11,12 score=0.330756 prob=0.314424 density=1.000000 center=0.016000
turn=163 mode=HUNT rank=2 cell=12,13 score=0.329904 prob=0.314424 density=1.000000 center=0.014000
turn=163 mode=HUNT rank=3 cell=11,16 score=0.328987 prob=0.314424 density=1.000000 center=0.012000
turn=163 mode=HUNT rank=4 cell=13,16 score=0.325184 prob=0.314424 density=1.000000 center=0.010000
turn=163 mode=HUNT rank=5 cell=9,14 score=0.318655 prob=0.286203 density=1.052632 center=0.015000
turn=163 picked cell=11,12 target_cluster=None active_clusters=0 remaining_cells=10 scans=2
turn=163 result=MISS
turn=164 mode=HUNT rank=1 cell=12,13 score=0.347298 prob=0.330347 density=1.000000 center=0.014000
turn=164 mode=HUNT rank=2 cell=13,16 score=0.344281 prob=0.330347 density=1.000000 center=0.010000
turn=164 mode=HUNT rank=3 cell=11,16 score=0.342834 prob=0.330347 density=1.000000 center=0.012000
turn=164 mode=HUNT rank=4 cell=9,14 score=0.329641 prob=0.299986 density=1.048246 center=0.015000
turn=164 mode=HUNT rank=5 cell=13,13 score=0.302772 prob=0.288107 density=1.000000 center=0.013000
turn=164 picked cell=12,13 target_cluster=None active_clusters=0 remaining_cells=10 scans=2
turn=164 result=MISS
turn=165 mode=HUNT rank=1 cell=11,16 score=0.361545 prob=0.348246 density=1.000000 center=0.012000
turn=165 mode=HUNT rank=2 cell=13,16 score=0.360314 prob=0.348246 density=1.000000 center=0.010000
turn=165 mode=HUNT rank=3 cell=9,14 score=0.344595 prob=0.315511 density=1.043860 center=0.015000
turn=165 mode=HUNT rank=4 cell=12,16 score=0.319363 prob=0.304108 density=1.000000 center=0.011000
turn=165 mode=HUNT rank=5 cell=19,12 score=0.315667 prob=0.304108 density=1.000000 center=0.008000
turn=165 picked cell=11,16 target_cluster=None active_clusters=0 remaining_cells=10 scans=2
turn=165 result=MISS
turn=166 mode=HUNT rank=1 cell=9,14 score=0.372879 prob=0.343156 density=1.039474 center=0.015000
turn=166 mode=HUNT rank=2 cell=13,17 score=0.342801 prob=0.331952 density=1.000000 center=0.009000
turn=166 mode=HUNT rank=3 cell=12,17 score=0.342643 prob=0.331952 density=1.000000 center=0.010000
turn=166 mode=HUNT rank=4 cell=19,13 score=0.340953 prob=0.331952 density=1.000000 center=0.007000
turn=166 mode=HUNT rank=5 cell=19,12 score=0.340095 prob=0.331952 density=1.000000 center=0.008000
turn=166 picked cell=9,14 target_cluster=None active_clusters=0 remaining_cells=10 scans=2
turn=166 result=MISS
turn=167 mode=HUNT rank=1 cell=13,17 score=0.359963 prob=0.346828 density=1.000000 center=0.009000
turn=167 mode=HUNT rank=2 cell=12,17 score=0.358757 prob=0.346828 density=1.000000 center=0.010000
turn=167 mode=HUNT rank=3 cell=14,17 score=0.357225 prob=0.346828 density=1.000000 center=0.008000
turn=167 mode=HUNT rank=4 cell=19,13 score=0.356911 prob=0.346828 density=1.000000 center=0.007000
turn=167 mode=HUNT rank=5 cell=19,12 score=0.356054 prob=0.346828 density=1.000000 center=0.008000
turn=167 picked cell=13,17 target_cluster=None active_clusters=0 remaining_cells=10 scans=2
turn=167 result=MISS
turn=168 mode=HUNT rank=1 cell=19,12 score=0.383240 prob=0.372102 density=1.000000 center=0.008000
turn=168 mode=HUNT rank=2 cell=19,13 score=0.381543 prob=0.372102 density=1.000000 center=0.007000
turn=168 mode=HUNT rank=3 cell=19,18 score=0.376880 prob=0.372102 density=1.000000 center=0.002000
turn=168 mode=HUNT rank=4 cell=6,17 score=0.356742 prob=0.332262 density=1.039823 center=0.009000
turn=168 mode=HUNT rank=5 cell=2,12 score=0.354668 prob=0.330108 density=1.039823 center=0.010000
turn=168 picked cell=19,12 target_cluster=None active_clusters=0 remaining_cells=10 scans=2
turn=168 result=MISS
turn=169 mode=HUNT rank=1 cell=19,18 score=0.406457 prob=0.401817 density=1.000000 center=0.002000
turn=169 mode=HUNT rank=2 cell=6,17 score=0.381746 prob=0.357955 density=1.035398 center=0.009000
turn=169 mode=HUNT rank=3 cell=2,12 score=0.378484 prob=0.353236 density=1.035398 center=0.010000
turn=169 mode=HUNT rank=4 cell=1,15 score=0.372197 prob=0.353236 density=1.035398 center=0.006000
turn=169 mode=HUNT rank=5 cell=10,11 score=0.362105 prob=0.341167 density=1.000000 center=0.018000
turn=169 picked cell=19,18 target_cluster=None active_clusters=0 remaining_cells=10 scans=2
turn=169 result=MISS
turn=170 mode=HUNT rank=1 cell=6,17 score=0.408933 prob=0.384602 density=1.030973 center=0.009000
turn=170 mode=HUNT rank=2 cell=2,12 score=0.398670 prob=0.375086 density=1.030973 center=0.010000
turn=170 mode=HUNT rank=3 cell=1,15 score=0.393690 prob=0.375086 density=1.030973 center=0.006000
turn=170 mode=HUNT rank=4 cell=13,19 score=0.384122 prob=0.373047 density=1.000000 center=0.007000
turn=170 mode=HUNT rank=5 cell=10,11 score=0.382008 prob=0.363524 density=1.000000 center=0.018000
turn=170 picked cell=6,17 target_cluster=None active_clusters=0 remaining_cells=10 scans=2
turn=170 result=MISS
turn=171 mode=HUNT rank=1 cell=2,12 score=0.428645 prob=0.402417 density=1.035714 center=0.010000
turn=171 mode=HUNT rank=2 cell=1,15 score=0.426008 prob=0.402417 density=1.035714 center=0.006000
turn=171 mode=HUNT rank=3 cell=13,19 score=0.413922 prob=0.404468 density=1.000000 center=0.007000
turn=171 mode=HUNT rank=4 cell=14,19 score=0.413590 prob=0.404468 density=1.000000 center=0.006000
turn=171 mode=HUNT rank=5 cell=15,19 score=0.411293 prob=0.404468 density=1.000000 center=0.005000
turn=171 picked cell=2,12 target_cluster=None active_clusters=0 remaining_cells=10 scans=2
turn=171 result=MISS
turn=172 mode=HUNT rank=1 cell=1,15 score=0.450781 prob=0.424289 density=1.040541 center=0.006000
turn=172 mode=HUNT rank=2 cell=13,19 score=0.437404 prob=0.426346 density=1.000000 center=0.007000
turn=172 mode=HUNT rank=3 cell=14,19 score=0.436536 prob=0.426346 density=1.000000 center=0.006000
turn=172 mode=HUNT rank=4 cell=15,19 score=0.433334 prob=0.426346 density=1.000000 center=0.005000
turn=172 mode=HUNT rank=5 cell=10,11 score=0.428225 prob=0.407345 density=1.000000 center=0.018000
turn=172 picked cell=1,15 target_cluster=None active_clusters=0 remaining_cells=10 scans=2
turn=172 result=HIT
turn=173 mode=CHASE cluster=0 cluster_len=1 cell=1,16 score=100000.343826 chase_score=5002.843826 prob=0.343826
turn=173 picked cell=1,16 target_cluster=Some(0) active_clusters=1 remaining_cells=9 scans=2
turn=173 result=KILL
turn=173 kill_infer inferred_len=2 committed_hits=1 cluster_hits=1
turn=174 mode=HUNT rank=1 cell=12,0 score=0.603835 prob=0.500205 density=1.182851 center=0.008000
turn=174 mode=HUNT rank=2 cell=11,0 score=0.601157 prob=0.500205 density=1.182851 center=0.009000
turn=174 mode=HUNT rank=3 cell=13,0 score=0.600605 prob=0.500205 density=1.182851 center=0.007000
turn=174 mode=HUNT rank=4 cell=19,0 score=0.595558 prob=0.500205 density=1.182851 center=0.001000
turn=174 mode=HUNT rank=5 cell=15,6 score=0.543835 prob=0.447825 density=1.182851 center=0.011000
turn=174 picked cell=12,0 target_cluster=None active_clusters=0 remaining_cells=8 scans=2
turn=174 result=MISS
turn=175 mode=HUNT rank=1 cell=19,0 score=0.682031 prob=0.570098 density=1.187500 center=0.001000
turn=175 mode=HUNT rank=2 cell=15,6 score=0.616281 prob=0.506497 density=1.187500 center=0.011000
turn=175 mode=HUNT rank=3 cell=15,5 score=0.614413 prob=0.506497 density=1.187500 center=0.010000
turn=175 mode=HUNT rank=4 cell=10,5 score=0.529928 prob=0.432681 density=1.187500 center=0.015000
turn=175 mode=HUNT rank=5 cell=16,7 score=0.526556 prob=0.432681 density=1.187500 center=0.011000
turn=175 picked cell=19,0 target_cluster=None active_clusters=0 remaining_cells=8 scans=2
turn=175 result=MISS
turn=176 mode=HUNT rank=1 cell=15,6 score=0.639388 prob=0.526059 density=1.192227 center=0.011000
turn=176 mode=HUNT rank=2 cell=15,5 score=0.638095 prob=0.526059 density=1.192227 center=0.010000
turn=176 mode=HUNT rank=3 cell=10,5 score=0.556332 prob=0.453515 density=1.192227 center=0.015000
turn=176 mode=HUNT rank=4 cell=16,6 score=0.554385 prob=0.453515 density=1.192227 center=0.010000
turn=176 mode=HUNT rank=5 cell=16,7 score=0.553065 prob=0.453515 density=1.192227 center=0.011000
turn=176 picked cell=15,6 target_cluster=None active_clusters=0 remaining_cells=8 scans=2
turn=176 result=HIT
turn=177 mode=CHASE cluster=0 cluster_len=1 cell=15,5 score=100000.514636 chase_score=5002.514636 prob=0.514636
turn=177 picked cell=15,5 target_cluster=Some(0) active_clusters=1 remaining_cells=7 scans=2
turn=177 result=MISS
turn=178 mode=CHASE cluster=0 cluster_len=1 cell=16,6 score=100000.474775 chase_score=5001.474775 prob=0.474775
turn=178 picked cell=16,6 target_cluster=Some(0) active_clusters=1 remaining_cells=7 scans=2
turn=178 result=HIT
turn=179 mode=CHASE cluster=0 cluster_len=2 cell=14,6 score=200000.158559 chase_score=10000.158559 prob=0.158559
turn=179 picked cell=14,6 target_cluster=Some(0) active_clusters=1 remaining_cells=6 scans=2
turn=179 result=KILL
turn=179 kill_infer inferred_len=2 committed_hits=1 cluster_hits=2
turn=180 mode=CHASE cluster=0 cluster_len=1 cell=16,7 score=100000.465851 chase_score=5001.965851 prob=0.465851
turn=180 picked cell=16,7 target_cluster=Some(0) active_clusters=1 remaining_cells=5 scans=2
turn=180 result=HIT
turn=181 mode=CHASE cluster=0 cluster_len=2 cell=16,5 score=200000.342508 chase_score=10004.342508 prob=0.342508
turn=181 picked cell=16,5 target_cluster=Some(0) active_clusters=1 remaining_cells=4 scans=2
turn=181 result=KILL
turn=181 kill_infer inferred_len=2 committed_hits=1 cluster_hits=2
turn=182 mode=CHASE cluster=0 cluster_len=1 cell=15,7 score=100000.000000 chase_score=5000.000000 prob=0.000000
turn=182 picked cell=15,7 target_cluster=Some(0) active_clusters=1 remaining_cells=3 scans=2
turn=182 result=MISS
turn=183 mode=CHASE cluster=0 cluster_len=1 cell=16,8 score=100000.000000 chase_score=5000.000000 prob=0.000000
turn=183 picked cell=16,8 target_cluster=Some(0) active_clusters=1 remaining_cells=3 scans=2
turn=183 result=MISS
turn=184 mode=HUNT rank=1 cell=13,19 score=4.008730 prob=4.000000 density=1.000000 center=0.007000
turn=184 mode=HUNT rank=2 cell=14,19 score=4.007363 prob=4.000000 density=1.000000 center=0.006000
turn=184 mode=HUNT rank=3 cell=15,19 score=4.005551 prob=4.000000 density=1.000000 center=0.005000
turn=184 mode=HUNT rank=4 cell=12,19 score=2.011687 prob=2.000000 density=1.000000 center=0.008000
turn=184 mode=HUNT rank=5 cell=16,19 score=2.006665 prob=2.000000 density=1.000000 center=0.004000
turn=184 picked cell=13,19 target_cluster=None active_clusters=1 remaining_cells=3 scans=2
turn=184 result=MISS
turn=185 mode=HUNT rank=1 cell=9,9 score=0.022577 prob=0.000000 density=0.500000 center=0.019000
turn=185 mode=HUNT rank=2 cell=8,10 score=0.021738 prob=0.000000 density=2.000000 center=0.018000
turn=185 mode=HUNT rank=3 cell=9,11 score=0.021321 prob=0.000000 density=2.000000 center=0.018000
turn=185 mode=HUNT rank=4 cell=10,11 score=0.020322 prob=0.000000 density=1.000000 center=0.018000
turn=185 mode=HUNT rank=5 cell=7,9 score=0.020113 prob=0.000000 density=0.500000 center=0.017000
turn=185 picked cell=9,9 target_cluster=None active_clusters=1 remaining_cells=3 scans=2
turn=185 result=MISS
turn=186 mode=HUNT rank=1 cell=10,10 score=0.022242 prob=0.000000 density=1.000000 center=0.019000
turn=186 mode=HUNT rank=2 cell=9,11 score=0.022048 prob=0.000000 density=2.009259 center=0.018000
turn=186 mode=HUNT rank=3 cell=10,9 score=0.021577 prob=0.000000 density=0.250000 center=0.019000
turn=186 mode=HUNT rank=4 cell=11,10 score=0.021067 prob=0.000000 density=1.000000 center=0.018000
turn=186 mode=HUNT rank=5 cell=6,10 score=0.020275 prob=0.000000 density=2.009259 center=0.016000
turn=186 picked cell=10,10 target_cluster=None active_clusters=1 remaining_cells=3 scans=2
turn=186 result=MISS
turn=187 mode=HUNT rank=1 cell=9,11 score=0.021902 prob=0.000000 density=2.000000 center=0.018000
turn=187 mode=HUNT rank=2 cell=11,10 score=0.021434 prob=0.000000 density=1.000000 center=0.018000
turn=187 mode=HUNT rank=3 cell=10,12 score=0.021277 prob=0.000000 density=1.000000 center=0.017000
turn=187 mode=HUNT rank=4 cell=10,7 score=0.021204 prob=0.000000 density=0.250000 center=0.017000
turn=187 mode=HUNT rank=5 cell=8,10 score=0.020991 prob=0.000000 density=2.000000 center=0.018000
turn=187 picked cell=9,11 target_cluster=None active_clusters=1 remaining_cells=3 scans=2
turn=187 result=MISS
turn=188 mode=HUNT rank=1 cell=10,11 score=0.021495 prob=0.000000 density=1.000000 center=0.018000
turn=188 mode=HUNT rank=2 cell=10,9 score=0.020696 prob=0.000000 density=0.250000 center=0.019000
turn=188 mode=HUNT rank=3 cell=11,10 score=0.020572 prob=0.000000 density=1.000000 center=0.018000
turn=188 mode=HUNT rank=4 cell=11,7 score=0.019811 prob=0.000000 density=0.250000 center=0.016000
turn=188 mode=HUNT rank=5 cell=6,10 score=0.019724 prob=0.000000 density=2.009346 center=0.016000
turn=188 picked cell=10,11 target_cluster=None active_clusters=1 remaining_cells=3 scans=2
turn=188 result=MISS
turn=189 mode=HUNT rank=1 cell=11,10 score=0.021404 prob=0.000000 density=1.000000 center=0.018000
turn=189 mode=HUNT rank=2 cell=10,9 score=0.021392 prob=0.000000 density=0.250000 center=0.019000
turn=189 mode=HUNT rank=3 cell=10,7 score=0.020890 prob=0.000000 density=0.250000 center=0.017000
turn=189 mode=HUNT rank=4 cell=8,8 score=0.020485 prob=0.000000 density=0.500000 center=0.017000
turn=189 mode=HUNT rank=5 cell=7,9 score=0.020295 prob=0.000000 density=0.500000 center=0.017000
turn=189 picked cell=11,10 target_cluster=None active_clusters=1 remaining_cells=3 scans=2
turn=189 result=MISS
turn=190 mode=HUNT rank=1 cell=8,10 score=0.020831 prob=0.000000 density=1.990654 center=0.018000
turn=190 mode=HUNT rank=2 cell=12,9 score=0.020452 prob=0.000000 density=0.250000 center=0.017000
turn=190 mode=HUNT rank=3 cell=7,11 score=0.020204 prob=0.000000 density=1.990654 center=0.016000
turn=190 mode=HUNT rank=4 cell=7,9 score=0.020171 prob=0.000000 density=0.497664 center=0.017000
turn=190 mode=HUNT rank=5 cell=10,7 score=0.019841 prob=0.000000 density=0.250000 center=0.017000
turn=190 picked cell=8,10 target_cluster=None active_clusters=1 remaining_cells=3 scans=2
turn=190 result=MISS
turn=191 mode=HUNT rank=1 cell=12,9 score=0.021246 prob=0.000000 density=0.250000 center=0.017000
turn=191 mode=HUNT rank=2 cell=10,9 score=0.020440 prob=0.000000 density=0.250000 center=0.019000
turn=191 mode=HUNT rank=3 cell=11,7 score=0.020161 prob=0.000000 density=0.250000 center=0.016000
turn=191 mode=HUNT rank=4 cell=11,11 score=0.020142 prob=0.000000 density=1.000000 center=0.017000
turn=191 mode=HUNT rank=5 cell=10,12 score=0.020136 prob=0.000000 density=1.000000 center=0.017000
turn=191 picked cell=12,9 target_cluster=None active_clusters=1 remaining_cells=3 scans=2
turn=191 result=MISS
turn=192 mode=HUNT rank=1 cell=10,9 score=0.021823 prob=0.000000 density=0.250000 center=0.019000
turn=192 mode=HUNT rank=2 cell=10,6 score=0.020090 prob=0.000000 density=0.250000 center=0.016000
turn=192 mode=HUNT rank=3 cell=8,8 score=0.020056 prob=0.000000 density=0.497642 center=0.017000
turn=192 mode=HUNT rank=4 cell=11,7 score=0.019367 prob=0.000000 density=0.250000 center=0.016000
turn=192 mode=HUNT rank=5 cell=12,8 score=0.019035 prob=0.000000 density=0.250000 center=0.016000
turn=192 picked cell=10,9 target_cluster=None active_clusters=1 remaining_cells=3 scans=2
turn=192 result=MISS
turn=193 mode=HUNT rank=1 cell=12,10 score=0.020679 prob=0.000000 density=1.000000 center=0.017000
turn=193 mode=HUNT rank=2 cell=14,10 score=0.019053 prob=0.000000 density=1.000000 center=0.015000
turn=193 mode=HUNT rank=3 cell=6,9 score=0.019003 prob=0.000000 density=0.495283 center=0.016000
turn=193 mode=HUNT rank=4 cell=8,8 score=0.018921 prob=0.000000 density=0.495283 center=0.017000
turn=193 mode=HUNT rank=5 cell=10,14 score=0.018791 prob=0.000000 density=1.000000 center=0.015000
turn=193 picked cell=12,10 target_cluster=None active_clusters=1 remaining_cells=3 scans=2
turn=193 result=MISS
turn=194 mode=HUNT rank=1 cell=11,7 score=0.019938 prob=0.000000 density=0.250000 center=0.016000
turn=194 mode=HUNT rank=2 cell=8,8 score=0.019686 prob=0.000000 density=0.492925 center=0.017000
turn=194 mode=HUNT rank=3 cell=6,10 score=0.019393 prob=0.000000 density=1.971698 center=0.016000
turn=194 mode=HUNT rank=4 cell=8,7 score=0.019092 prob=0.000000 density=0.492925 center=0.016000
turn=194 mode=HUNT rank=5 cell=10,7 score=0.018990 prob=0.000000 density=0.250000 center=0.017000
turn=194 picked cell=11,7 target_cluster=None active_clusters=1 remaining_cells=3 scans=2
turn=194 result=MISS
turn=195 mode=HUNT rank=1 cell=8,8 score=0.021152 prob=0.000000 density=0.490566 center=0.017000
turn=195 mode=HUNT rank=2 cell=7,11 score=0.020210 prob=0.000000 density=1.962264 center=0.016000
turn=195 mode=HUNT rank=3 cell=12,8 score=0.020079 prob=0.000000 density=0.250000 center=0.016000
turn=195 mode=HUNT rank=4 cell=11,8 score=0.020067 prob=0.000000 density=0.250000 center=0.017000
turn=195 mode=HUNT rank=5 cell=6,10 score=0.019943 prob=0.000000 density=1.962264 center=0.016000
turn=195 picked cell=8,8 target_cluster=None active_clusters=1 remaining_cells=3 scans=2
turn=195 result=MISS
turn=196 mode=HUNT rank=1 cell=10,12 score=0.021043 prob=0.000000 density=1.000000 center=0.017000
turn=196 mode=HUNT rank=2 cell=6,9 score=0.019880 prob=0.000000 density=0.492857 center=0.016000
turn=196 mode=HUNT rank=3 cell=10,7 score=0.019422 prob=0.000000 density=0.250000 center=0.017000
turn=196 mode=HUNT rank=4 cell=11,11 score=0.018924 prob=0.000000 density=1.000000 center=0.017000
turn=196 mode=HUNT rank=5 cell=11,8 score=0.018894 prob=0.000000 density=0.250000 center=0.017000
turn=196 picked cell=10,12 target_cluster=None active_clusters=1 remaining_cells=3 scans=2
turn=196 result=MISS
turn=197 mode=HUNT rank=1 cell=11,11 score=0.020312 prob=0.000000 density=1.000000 center=0.017000
turn=197 mode=HUNT rank=2 cell=9,13 score=0.020291 prob=0.000000 density=1.961905 center=0.016000
turn=197 mode=HUNT rank=3 cell=7,8 score=0.019609 prob=0.000000 density=0.490476 center=0.016000
turn=197 mode=HUNT rank=4 cell=10,6 score=0.019390 prob=0.000000 density=0.250000 center=0.016000
turn=197 mode=HUNT rank=5 cell=7,9 score=0.018238 prob=0.000000 density=0.490476 center=0.017000
turn=197 picked cell=11,11 target_cluster=None active_clusters=1 remaining_cells=3 scans=2
turn=197 result=MISS
turn=198 mode=HUNT rank=1 cell=10,7 score=0.020091 prob=0.000000 density=0.250000 center=0.017000
turn=198 mode=HUNT rank=2 cell=7,8 score=0.019656 prob=0.000000 density=0.488095 center=0.016000
turn=198 mode=HUNT rank=3 cell=10,6 score=0.019356 prob=0.000000 density=0.250000 center=0.016000
turn=198 mode=HUNT rank=4 cell=11,8 score=0.018978 prob=0.000000 density=0.250000 center=0.017000
turn=198 mode=HUNT rank=5 cell=7,11 score=0.018934 prob=0.000000 density=1.952381 center=0.016000
turn=198 picked cell=10,7 target_cluster=None active_clusters=1 remaining_cells=3 scans=2
turn=198 result=MISS
turn=199 mode=HUNT rank=1 cell=11,8 score=0.020277 prob=0.000000 density=0.250000 center=0.017000
turn=199 mode=HUNT rank=2 cell=10,6 score=0.020040 prob=0.000000 density=0.250000 center=0.016000
turn=199 mode=HUNT rank=3 cell=6,10 score=0.019640 prob=0.000000 density=1.942857 center=0.016000
turn=199 mode=HUNT rank=4 cell=9,13 score=0.018985 prob=0.000000 density=1.942857 center=0.016000
turn=199 mode=HUNT rank=5 cell=7,8 score=0.018935 prob=0.000000 density=0.485714 center=0.016000
turn=199 picked cell=11,8 target_cluster=None active_clusters=1 remaining_cells=3 scans=2
turn=199 result=MISS
turn=200 mode=HUNT rank=1 cell=8,7 score=0.020046 prob=0.000000 density=0.483333 center=0.016000
turn=200 mode=HUNT rank=2 cell=9,13 score=0.019417 prob=0.000000 density=1.933333 center=0.016000
turn=200 mode=HUNT rank=3 cell=6,9 score=0.018877 prob=0.000000 density=0.483333 center=0.016000
turn=200 mode=HUNT rank=4 cell=14,9 score=0.018635 prob=0.000000 density=0.250000 center=0.015000
turn=200 mode=HUNT rank=5 cell=8,12 score=0.018630 prob=0.000000 density=1.933333 center=0.016000
turn=200 picked cell=8,7 target_cluster=None active_clusters=1 remaining_cells=3 scans=2
turn=200 result=MISS
turn=201 mode=HUNT rank=1 cell=7,9 score=0.019580 prob=0.000000 density=0.485577 center=0.017000
turn=201 mode=HUNT rank=2 cell=8,12 score=0.019105 prob=0.000000 density=1.942308 center=0.016000
turn=201 mode=HUNT rank=3 cell=14,10 score=0.019102 prob=0.000000 density=1.000000 center=0.015000
turn=201 mode=HUNT rank=4 cell=7,8 score=0.018304 prob=0.000000 density=0.485577 center=0.016000
turn=201 mode=HUNT rank=5 cell=13,12 score=0.018213 prob=0.000000 density=1.000000 center=0.014000
turn=201 picked cell=7,9 target_cluster=None active_clusters=1 remaining_cells=3 scans=2
turn=201 result=MISS
turn=202 mode=HUNT rank=1 cell=7,8 score=0.019984 prob=0.000000 density=0.487864 center=0.016000
turn=202 mode=HUNT rank=2 cell=6,10 score=0.018549 prob=0.000000 density=1.951456 center=0.016000
turn=202 mode=HUNT rank=3 cell=10,14 score=0.018158 prob=0.000000 density=1.000000 center=0.015000
turn=202 mode=HUNT rank=4 cell=10,5 score=0.018005 prob=0.000000 density=0.250000 center=0.015000
turn=202 mode=HUNT rank=5 cell=12,6 score=0.017905 prob=0.000000 density=0.250000 center=0.014000
turn=202 picked cell=7,8 target_cluster=None active_clusters=1 remaining_cells=3 scans=2
turn=202 result=MISS
turn=203 mode=HUNT rank=1 cell=9,13 score=0.020187 prob=0.000000 density=1.960784 center=0.016000
turn=203 mode=HUNT rank=2 cell=11,13 score=0.019223 prob=0.000000 density=1.000000 center=0.015000
turn=203 mode=HUNT rank=3 cell=7,11 score=0.018768 prob=0.000000 density=1.960784 center=0.016000
turn=203 mode=HUNT rank=4 cell=10,14 score=0.018557 prob=0.000000 density=1.000000 center=0.015000
turn=203 mode=HUNT rank=5 cell=4,9 score=0.018295 prob=0.000000 density=0.490196 center=0.014000
turn=203 picked cell=9,13 target_cluster=None active_clusters=1 remaining_cells=3 scans=2
turn=203 result=MISS
turn=204 mode=HUNT rank=1 cell=6,11 score=0.019209 prob=0.000000 density=1.970297 center=0.015000
turn=204 mode=HUNT rank=2 cell=7,11 score=0.018963 prob=0.000000 density=1.970297 center=0.016000
turn=204 mode=HUNT rank=3 cell=12,8 score=0.018856 prob=0.000000 density=0.250000 center=0.016000
turn=204 mode=HUNT rank=4 cell=6,12 score=0.018267 prob=0.000000 density=1.970297 center=0.014000
turn=204 mode=HUNT rank=5 cell=10,6 score=0.018155 prob=0.000000 density=0.250000 center=0.016000
turn=204 picked cell=6,11 target_cluster=None active_clusters=1 remaining_cells=3 scans=2
turn=204 result=HIT
turn=205 mode=CHASE cluster=1 cluster_len=1 cell=6,12 score=100000.571429 chase_score=5001.571429 prob=0.571429
turn=205 picked cell=6,12 target_cluster=Some(1) active_clusters=2 remaining_cells=2 scans=2
turn=205 result=HIT
turn=206 mode=CHASE cluster=1 cluster_len=2 cell=6,10 score=200000.571429 chase_score=10004.571429 prob=0.571429
turn=206 picked cell=6,10 target_cluster=Some(1) active_clusters=2 remaining_cells=1 scans=2
turn=206 result=KILL
turn=206 kill_infer inferred_len=3 committed_hits=2 cluster_hits=2
