turn=1 mode=SCAN region=0,0,8,17
turn=1 result=SCAN count=49
turn=2 mode=SCAN region=0,0,17,8
turn=2 result=SCAN count=42
turn=3 mode=HUNT rank=1 cell=8,8 score=4.271477 prob=2.530017 density=1.680000 center=0.017000
turn=3 mode=HUNT rank=2 cell=7,8 score=4.204414 prob=2.490987 density=1.680000 center=0.016000
turn=3 mode=HUNT rank=3 cell=8,7 score=4.167878 prob=2.469486 density=1.680000 center=0.016000
turn=3 mode=HUNT rank=4 cell=6,8 score=4.119156 prob=2.442604 density=1.680000 center=0.015000
turn=3 mode=HUNT rank=5 cell=7,7 score=4.101721 prob=2.430456 density=1.680000 center=0.015000
turn=3 picked cell=8,8 target_cluster=None active_clusters=0 remaining_cells=70 scans=2
turn=3 result=MISS
turn=4 mode=HUNT rank=1 cell=7,7 score=4.298462 prob=2.531963 density=1.690451 center=0.015000
turn=4 mode=HUNT rank=2 cell=6,7 score=4.208262 prob=2.481078 density=1.690451 center=0.014000
turn=4 mode=HUNT rank=3 cell=7,6 score=4.180049 prob=2.462583 density=1.690451 center=0.014000
turn=4 mode=HUNT rank=4 cell=5,7 score=4.109159 prob=2.420699 density=1.690451 center=0.013000
turn=4 mode=HUNT rank=5 cell=6,6 score=4.090378 prob=2.411698 density=1.690451 center=0.013000
turn=4 picked cell=7,7 target_cluster=None active_clusters=0 remaining_cells=70 scans=2
turn=4 result=MISS
turn=5 mode=HUNT rank=1 cell=6,6 score=4.279121 prob=2.507313 density=1.701066 center=0.013000
turn=5 mode=HUNT rank=2 cell=5,6 score=4.173761 prob=2.444063 density=1.701066 center=0.012000
turn=5 mode=HUNT rank=3 cell=6,5 score=4.145613 prob=2.428836 density=1.701066 center=0.012000
turn=5 mode=HUNT rank=4 cell=5,5 score=4.035888 prob=2.365586 density=1.701066 center=0.011000
turn=5 mode=HUNT rank=5 cell=4,6 score=3.950004 prob=2.314132 density=1.701066 center=0.011000
turn=5 picked cell=6,6 target_cluster=None active_clusters=0 remaining_cells=70 scans=2
turn=5 result=MISS
turn=6 mode=HUNT rank=1 cell=5,5 score=4.218416 prob=2.456503 density=1.711848 center=0.011000
turn=6 mode=HUNT rank=2 cell=4,5 score=3.987520 prob=2.321310 density=1.711848 center=0.010000
turn=6 mode=HUNT rank=3 cell=5,4 score=3.968575 prob=2.310035 density=1.711848 center=0.010000
turn=6 mode=HUNT rank=4 cell=4,4 score=3.733732 prob=2.174842 density=1.711848 center=0.009000
turn=6 mode=HUNT rank=5 cell=3,5 score=3.688194 prob=2.146744 density=1.711848 center=0.009000
turn=6 picked cell=5,5 target_cluster=None active_clusters=0 remaining_cells=70 scans=2
turn=6 result=MISS
turn=7 mode=HUNT rank=1 cell=4,4 score=3.964851 prob=2.295246 density=1.722801 center=0.009000
turn=7 mode=HUNT rank=2 cell=3,4 score=3.647446 prob=2.110937 density=1.722801 center=0.008000
turn=7 mode=HUNT rank=3 cell=4,3 score=3.632085 prob=2.102766 density=1.722801 center=0.008000
turn=7 mode=HUNT rank=4 cell=4,8 score=3.509464 prob=2.028778 density=1.722801 center=0.013000
turn=7 mode=HUNT rank=5 cell=3,8 score=3.508496 prob=2.028778 density=1.722801 center=0.012000
turn=7 picked cell=4,4 target_cluster=None active_clusters=0 remaining_cells=70 scans=2
turn=7 result=HIT
turn=8 mode=CHASE cluster=0 cluster_len=1 cell=5,4 score=100001.088911 chase_score=5076.838911 prob=1.088911
turn=8 picked cell=5,4 target_cluster=Some(0) active_clusters=1 remaining_cells=69 scans=2
turn=8 result=MISS
turn=9 mode=CHASE cluster=0 cluster_len=1 cell=4,5 score=100001.107676 chase_score=5076.857676 prob=1.107676
turn=9 picked cell=4,5 target_cluster=Some(0) active_clusters=1 remaining_cells=69 scans=2
turn=9 result=HIT
turn=10 mode=CHASE cluster=0 cluster_len=2 cell=4,6 score=200001.298677 chase_score=10262.298677 prob=1.298677
turn=10 picked cell=4,6 target_cluster=Some(0) active_clusters=1 remaining_cells=68 scans=2
turn=10 result=HIT
turn=11 mode=CHASE cluster=0 cluster_len=3 cell=4,7 score=300001.485128 chase_score=10222.485128 prob=1.485128
turn=11 picked cell=4,7 target_cluster=Some(0) active_clusters=1 remaining_cells=67 scans=2
turn=11 result=HIT
turn=12 mode=CHASE cluster=0 cluster_len=4 cell=4,8 score=400001.671579 chase_score=10182.671579 prob=1.671579
turn=12 picked cell=4,8 target_cluster=Some(0) active_clusters=1 remaining_cells=66 scans=2
turn=12 result=KILL
turn=13 mode=HUNT rank=1 cell=3,9 score=3.260947 prob=2.322366 density=1.398381 center=0.012000
turn=13 mode=HUNT rank=2 cell=8,3 score=3.128329 prob=1.892967 density=1.644371 center=0.012000
turn=13 mode=HUNT rank=3 cell=3,3 score=3.093681 prob=1.877012 density=1.644371 center=0.007000
turn=13 mode=HUNT rank=4 cell=3,10 score=3.080524 prob=2.194957 density=1.398381 center=0.011000
turn=13 mode=HUNT rank=5 cell=8,2 score=3.032591 prob=1.836614 density=1.644371 center=0.011000
turn=13 picked cell=3,9 target_cluster=None active_clusters=0 remaining_cells=65 scans=2
turn=13 result=MISS
turn=14 mode=HUNT rank=1 cell=8,3 score=3.294309 prob=1.995335 density=1.644735 center=0.012000
turn=14 mode=HUNT rank=2 cell=8,2 score=3.197890 prob=1.936261 density=1.644735 center=0.011000
turn=14 mode=HUNT rank=3 cell=7,3 score=3.056423 prob=1.850745 density=1.644735 center=0.011000
turn=14 mode=HUNT rank=4 cell=5,11 score=3.033185 prob=2.150386 density=1.403158 center=0.012000
turn=14 mode=HUNT rank=5 cell=5,12 score=3.020138 prob=2.143196 density=1.403158 center=0.011000
turn=14 picked cell=8,3 target_cluster=None active_clusters=0 remaining_cells=65 scans=2
turn=14 result=HIT
turn=15 mode=CHASE cluster=0 cluster_len=1 cell=9,3 score=100002.096349 chase_score=5093.096349 prob=2.096349
turn=15 picked cell=9,3 target_cluster=Some(0) active_clusters=1 remaining_cells=64 scans=2
turn=15 result=HIT
turn=16 mode=CHASE cluster=0 cluster_len=2 cell=10,3 score=200002.004834 chase_score=10302.004834 prob=2.004834
turn=16 picked cell=10,3 target_cluster=Some(0) active_clusters=1 remaining_cells=63 scans=2
turn=16 result=MISS
turn=17 mode=CHASE cluster=0 cluster_len=2 cell=7,3 score=200000.788267 chase_score=10062.788267 prob=0.788267
turn=17 picked cell=7,3 target_cluster=Some(0) active_clusters=1 remaining_cells=63 scans=2
turn=17 result=HIT
turn=18 mode=CHASE cluster=0 cluster_len=3 cell=6,3 score=300000.788267 chase_score=10062.788267 prob=0.788267
turn=18 picked cell=6,3 target_cluster=Some(0) active_clusters=1 remaining_cells=62 scans=2
turn=18 result=HIT
turn=19 mode=CHASE cluster=0 cluster_len=4 cell=5,3 score=400000.704996 chase_score=10050.704996 prob=0.704996
turn=19 picked cell=5,3 target_cluster=Some(0) active_clusters=1 remaining_cells=61 scans=2
turn=19 result=KILL
turn=20 mode=HUNT rank=1 cell=5,11 score=3.031139 prob=2.165454 density=1.392290 center=0.012000
turn=20 mode=HUNT rank=2 cell=5,12 score=3.023428 prob=2.160645 density=1.392290 center=0.011000
turn=20 mode=HUNT rank=3 cell=2,10 score=3.002525 prob=2.148323 density=1.392290 center=0.010000
turn=20 mode=HUNT rank=4 cell=6,12 score=2.967975 prob=2.121283 density=1.392290 center=0.012000
turn=20 mode=HUNT rank=5 cell=5,10 score=2.943839 prob=2.104983 density=1.392290 center=0.013000
turn=20 picked cell=5,11 target_cluster=None active_clusters=0 remaining_cells=60 scans=2
turn=20 result=HIT
turn=21 mode=CHASE cluster=0 cluster_len=1 cell=6,11 score=100001.875128 chase_score=5074.375128 prob=1.875128
turn=21 picked cell=6,11 target_cluster=Some(0) active_clusters=1 remaining_cells=59 scans=2
turn=21 result=MISS
turn=22 mode=CHASE cluster=0 cluster_len=1 cell=5,12 score=100001.998633 chase_score=5060.998633 prob=1.998633
turn=22 picked cell=5,12 target_cluster=Some(0) active_clusters=1 remaining_cells=59 scans=2
turn=22 result=MISS
turn=23 mode=CHASE cluster=0 cluster_len=1 cell=5,10 score=100001.286198 chase_score=5009.286198 prob=1.286198
turn=23 picked cell=5,10 target_cluster=Some(0) active_clusters=1 remaining_cells=59 scans=2
turn=23 result=HIT
turn=24 mode=CHASE cluster=0 cluster_len=2 cell=5,9 score=200000.591975 chase_score=10030.591975 prob=0.591975
turn=24 picked cell=5,9 target_cluster=Some(0) active_clusters=1 remaining_cells=58 scans=2
turn=24 result=HIT
turn=25 mode=CHASE cluster=0 cluster_len=3 cell=5,8 score=300000.186331 chase_score=10030.186331 prob=0.186331
turn=25 picked cell=5,8 target_cluster=Some(0) active_clusters=1 remaining_cells=57 scans=2
turn=25 result=HIT
turn=26 mode=CHASE cluster=0 cluster_len=4 cell=5,7 score=400000.150912 chase_score=10018.150912 prob=0.150912
turn=26 picked cell=5,7 target_cluster=Some(0) active_clusters=1 remaining_cells=56 scans=2
turn=26 result=HIT
turn=27 mode=CHASE cluster=0 cluster_len=5 cell=5,6 score=500000.104685 chase_score=10018.104685 prob=0.104685
turn=27 picked cell=5,6 target_cluster=Some(0) active_clusters=1 remaining_cells=55 scans=2
turn=27 result=KILL
turn=28 mode=HUNT rank=1 cell=7,13 score=2.738729 prob=2.013006 density=1.354383 center=0.012000
turn=28 mode=HUNT rank=2 cell=1,8 score=2.723330 prob=1.782911 density=1.520831 center=0.010000
turn=28 mode=HUNT rank=3 cell=2,8 score=2.723213 prob=1.782911 density=1.520831 center=0.011000
turn=28 mode=HUNT rank=4 cell=0,8 score=2.713001 prob=1.775737 density=1.520831 center=0.009000
turn=28 mode=HUNT rank=5 cell=7,14 score=2.673520 prob=1.965400 density=1.354383 center=0.011000
turn=28 picked cell=7,13 target_cluster=None active_clusters=0 remaining_cells=54 scans=2
turn=28 result=MISS
turn=29 mode=HUNT rank=1 cell=2,8 score=2.844857 prob=1.861077 density=1.521622 center=0.011000
turn=29 mode=HUNT rank=2 cell=1,8 score=2.843304 prob=1.861077 density=1.521622 center=0.010000
turn=29 mode=HUNT rank=3 cell=0,8 score=2.830201 prob=1.853686 density=1.521622 center=0.009000
turn=29 mode=HUNT rank=4 cell=8,14 score=2.732299 prob=1.997991 density=1.359635 center=0.012000
turn=29 mode=HUNT rank=5 cell=2,7 score=2.652349 prob=1.735462 density=1.521622 center=0.010000
turn=29 picked cell=2,8 target_cluster=None active_clusters=0 remaining_cells=54 scans=2
turn=29 result=HIT
turn=30 mode=CHASE cluster=0 cluster_len=1 cell=2,9 score=100001.458284 chase_score=5079.958284 prob=1.458284
turn=30 picked cell=2,9 target_cluster=Some(0) active_clusters=1 remaining_cells=53 scans=2
turn=30 result=MISS
turn=31 mode=CHASE cluster=0 cluster_len=1 cell=2,7 score=100000.350951 chase_score=5013.600951 prob=0.350951
turn=31 picked cell=2,7 target_cluster=Some(0) active_clusters=1 remaining_cells=53 scans=2
turn=31 result=HIT
turn=32 mode=CHASE cluster=0 cluster_len=2 cell=2,6 score=200000.432798 chase_score=10051.432798 prob=0.432798
turn=32 picked cell=2,6 target_cluster=Some(0) active_clusters=1 remaining_cells=52 scans=2
turn=32 result=HIT
turn=33 mode=CHASE cluster=0 cluster_len=3 cell=2,5 score=300000.514645 chase_score=10051.514645 prob=0.514645
turn=33 picked cell=2,5 target_cluster=Some(0) active_clusters=1 remaining_cells=51 scans=2
turn=33 result=HIT
turn=34 mode=CHASE cluster=0 cluster_len=4 cell=2,4 score=400000.514645 chase_score=10039.514645 prob=0.514645
turn=34 picked cell=2,4 target_cluster=Some(0) active_clusters=1 remaining_cells=50 scans=2
turn=34 result=HIT
turn=35 mode=CHASE cluster=0 cluster_len=5 cell=2,3 score=500000.553349 chase_score=10039.553349 prob=0.553349
turn=35 picked cell=2,3 target_cluster=Some(0) active_clusters=1 remaining_cells=49 scans=2
turn=35 result=KILL
turn=36 mode=HUNT rank=1 cell=8,14 score=2.538213 prob=1.947021 density=1.295802 center=0.012000
turn=36 mode=HUNT rank=2 cell=8,15 score=2.440783 prob=1.873501 density=1.295802 center=0.011000
turn=36 mode=HUNT rank=3 cell=8,16 score=2.343421 prob=1.799981 density=1.295802 center=0.010000
turn=36 mode=HUNT rank=4 cell=0,8 score=2.240987 prob=1.690166 density=1.318856 center=0.009000
turn=36 mode=HUNT rank=5 cell=1,8 score=2.240765 prob=1.690166 density=1.318856 center=0.010000
turn=36 picked cell=8,14 target_cluster=None active_clusters=0 remaining_cells=48 scans=2
turn=36 result=HIT
turn=37 mode=CHASE cluster=0 cluster_len=1 cell=9,14 score=100002.153347 chase_score=5073.153347 prob=2.153347
turn=37 picked cell=9,14 target_cluster=Some(0) active_clusters=1 remaining_cells=47 scans=2
turn=37 result=MISS
turn=38 mode=CHASE cluster=0 cluster_len=1 cell=8,13 score=100000.608911 chase_score=5022.858911 prob=0.608911
turn=38 picked cell=8,13 target_cluster=Some(0) active_clusters=1 remaining_cells=47 scans=2
turn=38 result=HIT
turn=39 mode=CHASE cluster=0 cluster_len=2 cell=8,12 score=200001.003901 chase_score=10076.003901 prob=1.003901
turn=39 picked cell=8,12 target_cluster=Some(0) active_clusters=1 remaining_cells=46 scans=2
turn=39 result=HIT
turn=40 mode=CHASE cluster=0 cluster_len=3 cell=8,15 score=300001.826008 chase_score=10058.826008 prob=1.826008
turn=40 picked cell=8,15 target_cluster=Some(0) active_clusters=1 remaining_cells=45 scans=2
turn=40 result=MISS
turn=41 mode=CHASE cluster=0 cluster_len=3 cell=8,11 score=300000.593926 chase_score=10018.593926 prob=0.593926
turn=41 picked cell=8,11 target_cluster=Some(0) active_clusters=1 remaining_cells=45 scans=2
turn=41 result=HIT
turn=42 mode=CHASE cluster=0 cluster_len=4 cell=8,10 score=400000.754011 chase_score=10006.754011 prob=0.754011
turn=42 picked cell=8,10 target_cluster=Some(0) active_clusters=1 remaining_cells=44 scans=2
turn=42 result=HIT
turn=43 mode=CHASE cluster=0 cluster_len=5 cell=8,9 score=500000.704034 chase_score=10006.704034 prob=0.704034
turn=43 picked cell=8,9 target_cluster=Some(0) active_clusters=1 remaining_cells=43 scans=2
turn=43 result=KILL
turn=44 mode=HUNT rank=1 cell=1,8 score=2.388145 prob=1.755537 density=1.352330 center=0.010000
turn=44 mode=HUNT rank=2 cell=0,8 score=2.385051 prob=1.755537 density=1.352330 center=0.009000
turn=44 mode=HUNT rank=3 cell=8,1 score=2.341568 prob=1.723970 density=1.352330 center=0.010000
turn=44 mode=HUNT rank=4 cell=8,2 score=2.331295 prob=1.715490 density=1.352330 center=0.011000
turn=44 mode=HUNT rank=5 cell=8,0 score=2.329996 prob=1.715490 density=1.352330 center=0.009000
turn=44 picked cell=1,8 target_cluster=None active_clusters=0 remaining_cells=42 scans=2
turn=44 result=HIT
turn=45 mode=CHASE cluster=0 cluster_len=1 cell=1,9 score=100001.532339 chase_score=5065.032339 prob=1.532339
turn=45 picked cell=1,9 target_cluster=Some(0) active_clusters=1 remaining_cells=41 scans=2
turn=45 result=HIT
turn=46 mode=CHASE cluster=0 cluster_len=2 cell=1,10 score=200001.485361 chase_score=10214.485361 prob=1.485361
turn=46 picked cell=1,10 target_cluster=Some(0) active_clusters=1 remaining_cells=40 scans=2
turn=46 result=HIT
turn=47 mode=CHASE cluster=0 cluster_len=3 cell=1,7 score=300001.385746 chase_score=10175.385746 prob=1.385746
turn=47 picked cell=1,7 target_cluster=Some(0) active_clusters=1 remaining_cells=39 scans=2
turn=47 result=HIT
turn=48 mode=CHASE cluster=0 cluster_len=4 cell=1,11 score=400001.338767 chase_score=10136.338767 prob=1.338767
turn=48 picked cell=1,11 target_cluster=Some(0) active_clusters=1 remaining_cells=38 scans=2
turn=48 result=HIT
turn=49 mode=CHASE cluster=0 cluster_len=5 cell=1,6 score=500001.239152 chase_score=10109.239152 prob=1.239152
turn=49 picked cell=1,6 target_cluster=Some(0) active_clusters=1 remaining_cells=37 scans=2
turn=49 result=HIT
turn=50 mode=CHASE cluster=0 cluster_len=6 cell=1,12 score=600001.192173 chase_score=10082.192173 prob=1.192173
turn=50 picked cell=1,12 target_cluster=Some(0) active_clusters=1 remaining_cells=36 scans=2
turn=50 result=HIT
turn=51 mode=CHASE cluster=0 cluster_len=7 cell=1,5 score=700001.092558 chase_score=10055.092558 prob=1.092558
turn=51 picked cell=1,5 target_cluster=Some(0) active_clusters=1 remaining_cells=35 scans=2
turn=51 result=HIT
turn=52 mode=CHASE cluster=0 cluster_len=8 cell=1,13 score=800001.045580 chase_score=10028.045580 prob=1.045580
turn=52 picked cell=1,13 target_cluster=Some(0) active_clusters=1 remaining_cells=34 scans=2
turn=52 result=KILL
turn=53 mode=HUNT rank=1 cell=11,5 score=1.821434 prob=1.523095 density=1.186147 center=0.012000
turn=53 mode=HUNT rank=2 cell=13,5 score=1.820843 prob=1.523910 density=1.186147 center=0.010000
turn=53 mode=HUNT rank=3 cell=12,5 score=1.819667 prob=1.523910 density=1.186147 center=0.011000
turn=53 mode=HUNT rank=4 cell=14,5 score=1.819114 prob=1.523910 density=1.186147 center=0.009000
turn=53 mode=HUNT rank=5 cell=11,6 score=1.807667 prob=1.511350 density=1.186147 center=0.013000
turn=53 picked cell=11,5 target_cluster=None active_clusters=0 remaining_cells=33 scans=2
turn=53 result=MISS
turn=54 mode=HUNT rank=1 cell=12,6 score=1.927279 prob=1.606749 density=1.190771 center=0.012000
turn=54 mode=HUNT rank=2 cell=13,6 score=1.925438 prob=1.606749 density=1.190771 center=0.011000
turn=54 mode=HUNT rank=3 cell=14,6 score=1.925340 prob=1.606749 density=1.190771 center=0.010000
turn=54 mode=HUNT rank=4 cell=14,7 score=1.906884 prob=1.588939 density=1.190771 center=0.011000
turn=54 mode=HUNT rank=5 cell=12,7 score=1.906306 prob=1.588939 density=1.190771 center=0.013000
turn=54 picked cell=12,6 target_cluster=None active_clusters=0 remaining_cells=33 scans=2
turn=54 result=MISS
turn=55 mode=HUNT rank=1 cell=13,7 score=2.041484 prob=1.695162 density=1.195466 center=0.012000
turn=55 mode=HUNT rank=2 cell=14,7 score=2.040066 prob=1.695162 density=1.195466 center=0.011000
turn=55 mode=HUNT rank=3 cell=14,8 score=2.011859 prob=1.669605 density=1.195466 center=0.012000
turn=55 mode=HUNT rank=4 cell=13,8 score=2.010053 prob=1.669605 density=1.195466 center=0.013000
turn=55 mode=HUNT rank=5 cell=15,7 score=1.970086 prob=1.637683 density=1.195466 center=0.010000
turn=55 picked cell=13,7 target_cluster=None active_clusters=0 remaining_cells=33 scans=2
turn=55 result=MISS
turn=56 mode=HUNT rank=1 cell=14,8 score=2.162656 prob=1.789373 density=1.200233 center=0.012000
turn=56 mode=HUNT rank=2 cell=14,4 score=2.088430 prob=1.729863 density=1.200233 center=0.008000
turn=56 mode=HUNT rank=3 cell=15,8 score=2.086514 prob=1.728555 density=1.200233 center=0.011000
turn=56 mode=HUNT rank=4 cell=16,8 score=2.013027 prob=1.667737 density=1.200233 center=0.010000
turn=56 mode=HUNT rank=5 cell=17,8 score=1.929395 prob=1.597813 density=1.200233 center=0.009000
turn=56 picked cell=14,8 target_cluster=None active_clusters=0 remaining_cells=33 scans=2
turn=56 result=HIT
turn=57 mode=CHASE cluster=0 cluster_len=1 cell=14,9 score=100001.704992 chase_score=5047.204992 prob=1.704992
turn=57 picked cell=14,9 target_cluster=Some(0) active_clusters=1 remaining_cells=32 scans=2
turn=57 result=MISS
turn=58 mode=CHASE cluster=0 cluster_len=1 cell=15,8 score=100001.789852 chase_score=5015.789852 prob=1.789852
turn=58 picked cell=15,8 target_cluster=Some(0) active_clusters=1 remaining_cells=32 scans=2
turn=58 result=HIT
turn=59 mode=CHASE cluster=0 cluster_len=2 cell=16,8 score=200001.731489 chase_score=10043.731489 prob=1.731489
turn=59 picked cell=16,8 target_cluster=Some(0) active_clusters=1 remaining_cells=31 scans=2
turn=59 result=MISS
turn=60 mode=CHASE cluster=0 cluster_len=2 cell=13,8 score=200000.435847 chase_score=10012.435847 prob=0.435847
turn=60 picked cell=13,8 target_cluster=Some(0) active_clusters=1 remaining_cells=31 scans=2
turn=60 result=HIT
turn=61 mode=CHASE cluster=0 cluster_len=3 cell=12,8 score=300000.717912 chase_score=10012.717912 prob=0.717912
turn=61 picked cell=12,8 target_cluster=Some(0) active_clusters=1 remaining_cells=30 scans=2
turn=61 result=HIT
turn=62 mode=CHASE cluster=0 cluster_len=4 cell=11,8 score=400000.864741 chase_score=10000.864741 prob=0.864741
turn=62 picked cell=11,8 target_cluster=Some(0) active_clusters=1 remaining_cells=29 scans=2
turn=62 result=KILL
turn=63 mode=HUNT rank=1 cell=8,1 score=2.178519 prob=1.908216 density=1.134602 center=0.010000
turn=63 mode=HUNT rank=2 cell=8,2 score=2.162878 prob=1.896256 density=1.134602 center=0.011000
turn=63 mode=HUNT rank=3 cell=8,0 score=2.162672 prob=1.896256 density=1.134602 center=0.009000
turn=63 mode=HUNT rank=4 cell=0,8 score=2.150802 prob=1.885294 density=1.134602 center=0.009000
turn=63 mode=HUNT rank=5 cell=10,16 score=2.036304 prob=2.023164 density=1.000000 center=0.009000
turn=63 picked cell=8,1 target_cluster=None active_clusters=0 remaining_cells=28 scans=2
turn=63 result=MISS
turn=64 mode=HUNT rank=1 cell=8,2 score=2.401196 prob=2.085522 density=1.145135 center=0.011000
turn=64 mode=HUNT rank=2 cell=8,0 score=2.401189 prob=2.085522 density=1.145135 center=0.009000
turn=64 mode=HUNT rank=3 cell=0,8 score=2.400822 prob=2.087192 density=1.145135 center=0.009000
turn=64 mode=HUNT rank=4 cell=10,16 score=2.235882 prob=2.224404 density=1.000000 center=0.009000
turn=64 mode=HUNT rank=5 cell=9,0 score=2.234686 prob=2.078315 density=1.069106 center=0.009000
turn=64 picked cell=8,2 target_cluster=None active_clusters=0 remaining_cells=28 scans=2
turn=64 result=MISS
turn=65 mode=HUNT rank=1 cell=0,8 score=2.717050 prob=2.340556 density=1.155898 center=0.009000
turn=65 mode=HUNT rank=2 cell=8,0 score=2.711789 prob=2.338038 density=1.155898 center=0.009000
turn=65 mode=HUNT rank=3 cell=9,0 score=2.510266 prob=2.328167 density=1.073770 center=0.009000
turn=65 mode=HUNT rank=4 cell=0,9 score=2.504447 prob=2.318135 density=1.076485 center=0.009000
turn=65 mode=HUNT rank=5 cell=10,16 score=2.489852 prob=2.476955 density=1.000000 center=0.009000
turn=65 picked cell=0,8 target_cluster=None active_clusters=0 remaining_cells=28 scans=2
turn=65 result=MISS
turn=66 mode=HUNT rank=1 cell=8,0 score=3.119064 prob=2.665192 density=1.166898 center=0.009000
turn=66 mode=HUNT rank=2 cell=9,0 score=2.872693 prob=2.651887 density=1.078512 center=0.009000
turn=66 mode=HUNT rank=3 cell=7,0 score=2.852109 prob=2.433971 density=1.166898 center=0.008000
turn=66 mode=HUNT rank=4 cell=10,16 score=2.816216 prob=2.804238 density=1.000000 center=0.009000
turn=66 mode=HUNT rank=5 cell=8,16 score=2.701154 prob=2.486036 density=1.081952 center=0.010000
turn=66 picked cell=8,0 target_cluster=None active_clusters=0 remaining_cells=28 scans=2
turn=66 result=HIT
turn=67 mode=CHASE cluster=0 cluster_len=1 cell=9,0 score=100002.497534 chase_score=5044.997534 prob=2.497534
turn=67 picked cell=9,0 target_cluster=Some(0) active_clusters=1 remaining_cells=27 scans=2
turn=67 result=HIT
turn=68 mode=CHASE cluster=0 cluster_len=2 cell=7,0 score=200002.254273 chase_score=10144.254273 prob=2.254273
turn=68 picked cell=7,0 target_cluster=Some(0) active_clusters=1 remaining_cells=26 scans=2
turn=68 result=HIT
turn=69 mode=CHASE cluster=0 cluster_len=3 cell=10,0 score=300002.254273 chase_score=10118.254273 prob=2.254273
turn=69 picked cell=10,0 target_cluster=Some(0) active_clusters=1 remaining_cells=25 scans=2
turn=69 result=HIT
turn=70 mode=CHASE cluster=0 cluster_len=4 cell=11,0 score=400002.073713 chase_score=10092.073713 prob=2.073713
turn=70 picked cell=11,0 target_cluster=Some(0) active_clusters=1 remaining_cells=24 scans=2
turn=70 result=HIT
turn=71 mode=CHASE cluster=0 cluster_len=5 cell=6,0 score=500002.011013 chase_score=10074.011013 prob=2.011013
turn=71 picked cell=6,0 target_cluster=Some(0) active_clusters=1 remaining_cells=23 scans=2
turn=71 result=HIT
turn=72 mode=CHASE cluster=0 cluster_len=6 cell=12,0 score=600001.830452 chase_score=10055.830452 prob=1.830452
turn=72 picked cell=12,0 target_cluster=Some(0) active_clusters=1 remaining_cells=22 scans=2
turn=72 result=MISS
turn=73 mode=CHASE cluster=0 cluster_len=6 cell=5,0 score=600001.398123 chase_score=10019.398123 prob=1.398123
turn=73 picked cell=5,0 target_cluster=Some(0) active_clusters=1 remaining_cells=22 scans=2
turn=73 result=HIT
turn=74 mode=CHASE cluster=0 cluster_len=7 cell=4,0 score=700001.465579 chase_score=10019.465579 prob=1.465579
turn=74 picked cell=4,0 target_cluster=Some(0) active_clusters=1 remaining_cells=21 scans=2
turn=74 result=HIT
turn=75 mode=CHASE cluster=0 cluster_len=8 cell=3,0 score=800001.732169 chase_score=10019.732169 prob=1.732169
turn=75 picked cell=3,0 target_cluster=Some(0) active_clusters=1 remaining_cells=20 scans=2
turn=75 result=KILL
turn=76 mode=HUNT rank=1 cell=10,16 score=2.030748 prob=2.019524 density=1.000000 center=0.009000
turn=76 mode=HUNT rank=2 cell=10,17 score=1.788255 prob=1.779527 density=1.000000 center=0.008000
turn=76 mode=HUNT rank=3 cell=11,16 score=1.748220 prob=1.736498 density=1.000000 center=0.008000
turn=76 mode=HUNT rank=4 cell=9,16 score=1.707776 prob=1.695201 density=1.000000 center=0.010000
turn=76 mode=HUNT rank=5 cell=9,17 score=1.690077 prob=1.677951 density=1.000000 center=0.009000
turn=76 picked cell=10,16 target_cluster=None active_clusters=0 remaining_cells=19 scans=2
turn=76 result=MISS
turn=77 mode=HUNT rank=1 cell=9,17 score=2.115528 prob=2.104198 density=1.000000 center=0.009000
turn=77 mode=HUNT rank=2 cell=11,17 score=2.069923 prob=2.059433 density=1.000000 center=0.007000
turn=77 mode=HUNT rank=3 cell=17,10 score=2.018914 prob=2.010876 density=1.000000 center=0.008000
turn=77 mode=HUNT rank=4 cell=10,17 score=1.928871 prob=1.919224 density=1.000000 center=0.008000
turn=77 mode=HUNT rank=5 cell=17,11 score=1.908016 prob=1.900629 density=1.000000 center=0.007000
turn=77 picked cell=9,17 target_cluster=None active_clusters=0 remaining_cells=19 scans=2
turn=77 result=MISS
turn=78 mode=HUNT rank=1 cell=17,10 score=2.461468 prob=2.449402 density=1.000000 center=0.008000
turn=78 mode=HUNT rank=2 cell=17,11 score=2.321752 prob=2.311297 density=1.000000 center=0.007000
turn=78 mode=HUNT rank=3 cell=17,9 score=2.220940 prob=2.211056 density=1.000000 center=0.009000
turn=78 mode=HUNT rank=4 cell=17,12 score=2.159443 prob=2.151886 density=1.000000 center=0.006000
turn=78 mode=HUNT rank=5 cell=17,13 score=1.975665 prob=1.968958 density=1.000000 center=0.005000
turn=78 picked cell=17,10 target_cluster=None active_clusters=0 remaining_cells=19 scans=2
turn=78 result=MISS
turn=79 mode=HUNT rank=1 cell=10,12 score=1.973406 prob=1.956403 density=1.000000 center=0.013000
turn=79 mode=HUNT rank=2 cell=10,11 score=1.960393 prob=1.943783 density=1.000000 center=0.014000
turn=79 mode=HUNT rank=3 cell=10,13 score=1.652658 prob=1.639940 density=1.000000 center=0.012000
turn=79 mode=HUNT rank=4 cell=10,10 score=1.648631 prob=1.631376 density=1.000000 center=0.015000
turn=79 mode=HUNT rank=5 cell=10,9 score=1.609984 prob=1.592531 density=1.000000 center=0.016000
turn=79 picked cell=10,12 target_cluster=None active_clusters=0 remaining_cells=19 scans=2
turn=79 result=MISS
turn=80 mode=HUNT rank=1 cell=13,13 score=1.485425 prob=1.472252 density=1.000000 center=0.009000
turn=80 mode=HUNT rank=2 cell=12,13 score=1.483128 prob=1.472252 density=1.000000 center=0.010000
turn=80 mode=HUNT rank=3 cell=12,11 score=1.397003 prob=1.381532 density=1.000000 center=0.012000
turn=80 mode=HUNT rank=4 cell=13,11 score=1.396357 prob=1.381532 density=1.000000 center=0.011000
turn=80 mode=HUNT rank=5 cell=11,13 score=1.392925 prob=1.381532 density=1.000000 center=0.011000
turn=80 picked cell=13,13 target_cluster=None active_clusters=0 remaining_cells=19 scans=2
turn=80 result=MISS
turn=81 mode=HUNT rank=1 cell=12,11 score=1.621032 prob=1.608984 density=1.000000 center=0.012000
turn=81 mode=HUNT rank=2 cell=12,15 score=1.617857 prob=1.608984 density=1.000000 center=0.008000
turn=81 mode=HUNT rank=3 cell=11,11 score=1.518028 prob=1.502042 density=1.000000 center=0.013000
turn=81 mode=HUNT rank=4 cell=15,11 score=1.513439 prob=1.502042 density=1.000000 center=0.009000
turn=81 mode=HUNT rank=5 cell=11,15 score=1.512546 prob=1.502042 density=1.000000 center=0.009000
turn=81 picked cell=12,11 target_cluster=None active_clusters=0 remaining_cells=19 scans=2
turn=81 result=HIT
turn=82 mode=CHASE cluster=0 cluster_len=1 cell=11,11 score=100001.349576 chase_score=5010.099576 prob=1.349576
turn=82 picked cell=11,11 target_cluster=Some(0) active_clusters=1 remaining_cells=18 scans=2
turn=82 result=MISS
turn=83 mode=CHASE cluster=0 cluster_len=1 cell=12,12 score=100001.135325 chase_score=5009.885325 prob=1.135325
turn=83 picked cell=12,12 target_cluster=Some(0) active_clusters=1 remaining_cells=18 scans=2
turn=83 result=HIT
turn=84 mode=CHASE cluster=0 cluster_len=2 cell=12,10 score=200001.135325 chase_score=10026.135325 prob=1.135325
turn=84 picked cell=12,10 target_cluster=Some(0) active_clusters=1 remaining_cells=17 scans=2
turn=84 result=MISS
turn=85 mode=CHASE cluster=0 cluster_len=2 cell=12,13 score=200000.572966 chase_score=10008.572966 prob=0.572966
turn=85 picked cell=12,13 target_cluster=Some(0) active_clusters=1 remaining_cells=17 scans=2
turn=85 result=HIT
turn=86 mode=CHASE cluster=0 cluster_len=3 cell=12,14 score=300000.948762 chase_score=10008.948762 prob=0.948762
turn=86 picked cell=12,14 target_cluster=Some(0) active_clusters=1 remaining_cells=16 scans=2
turn=86 result=KILL
turn=87 mode=HUNT rank=1 cell=4,16 score=2.225763 prob=2.098014 density=1.056604 center=0.006000
turn=87 mode=HUNT rank=2 cell=6,16 score=1.735686 prob=1.631325 density=1.056604 center=0.008000
turn=87 mode=HUNT rank=3 cell=5,16 score=1.732806 prob=1.632478 density=1.056604 center=0.007000
turn=87 mode=HUNT rank=4 cell=3,16 score=1.731238 prob=1.632478 density=1.056604 center=0.005000
turn=87 mode=HUNT rank=5 cell=2,16 score=1.642163 prob=1.548114 density=1.056604 center=0.004000
turn=87 picked cell=4,16 target_cluster=None active_clusters=0 remaining_cells=15 scans=2
turn=87 result=MISS
turn=88 mode=HUNT rank=1 cell=15,15 score=2.074999 prob=2.069616 density=1.000000 center=0.005000
turn=88 mode=HUNT rank=2 cell=16,15 score=1.967408 prob=1.960476 density=1.000000 center=0.004000
turn=88 mode=HUNT rank=3 cell=9,4 score=1.955935 prob=2.703940 density=0.717718 center=0.013000
turn=88 mode=HUNT rank=4 cell=14,4 score=1.796553 prob=2.487730 density=0.717718 center=0.008000
turn=88 mode=HUNT rank=5 cell=13,4 score=1.740635 prob=2.409399 density=0.717718 center=0.009000
turn=88 picked cell=15,15 target_cluster=None active_clusters=0 remaining_cells=15 scans=2
turn=88 result=MISS
turn=89 mode=HUNT rank=1 cell=9,4 score=2.300776 prob=3.195616 density=0.714715 center=0.013000
turn=89 mode=HUNT rank=2 cell=14,4 score=2.108113 prob=2.934229 density=0.714715 center=0.008000
turn=89 mode=HUNT rank=3 cell=13,4 score=2.044079 prob=2.842794 density=0.714715 center=0.009000
turn=89 mode=HUNT rank=4 cell=0,17 score=2.031432 prob=1.919022 density=1.057778 center=0.001000
turn=89 mode=HUNT rank=5 cell=9,9 score=1.996228 prob=1.978948 density=1.000000 center=0.017000
turn=89 picked cell=9,4 target_cluster=None active_clusters=0 remaining_cells=15 scans=2
turn=89 result=HIT
turn=90 mode=CHASE cluster=0 cluster_len=1 cell=10,4 score=100002.915170 chase_score=5015.415170 prob=2.915170
turn=90 picked cell=10,4 target_cluster=Some(0) active_clusters=1 remaining_cells=14 scans=2
turn=90 result=MISS
turn=91 mode=CHASE cluster=0 cluster_len=1 cell=9,5 score=100002.367520 chase_score=5006.117520 prob=2.367520
turn=91 picked cell=9,5 target_cluster=Some(0) active_clusters=1 remaining_cells=14 scans=2
turn=91 result=HIT
turn=92 mode=CHASE cluster=0 cluster_len=2 cell=9,6 score=200002.497192 chase_score=10015.497192 prob=2.497192
turn=92 picked cell=9,6 target_cluster=Some(0) active_clusters=1 remaining_cells=13 scans=2
turn=92 result=HIT
turn=93 mode=CHASE cluster=0 cluster_len=3 cell=9,7 score=300002.626865 chase_score=10015.626865 prob=2.626865
turn=93 picked cell=9,7 target_cluster=Some(0) active_clusters=1 remaining_cells=12 scans=2
turn=93 result=HIT
turn=94 mode=CHASE cluster=0 cluster_len=4 cell=9,8 score=400002.305044 chase_score=10011.305044 prob=2.305044
turn=94 picked cell=9,8 target_cluster=Some(0) active_clusters=1 remaining_cells=11 scans=2
turn=94 result=HIT
turn=95 mode=CHASE cluster=0 cluster_len=5 cell=9,9 score=500002.434717 chase_score=10011.434717 prob=2.434717
turn=95 picked cell=9,9 target_cluster=Some(0) active_clusters=1 remaining_cells=10 scans=2
turn=95 result=HIT
turn=96 mode=CHASE cluster=0 cluster_len=6 cell=9,10 score=600002.305044 chase_score=10011.305044 prob=2.305044
turn=96 picked cell=9,10 target_cluster=Some(0) active_clusters=1 remaining_cells=9 scans=2
turn=96 result=HIT
turn=97 mode=CHASE cluster=0 cluster_len=7 cell=9,11 score=700002.175372 chase_score=10011.175372 prob=2.175372
turn=97 picked cell=9,11 target_cluster=Some(0) active_clusters=1 remaining_cells=8 scans=2
turn=97 result=KILL
turn=98 mode=HUNT rank=1 cell=3,14 score=1.175110 prob=0.535437 density=2.180952 center=0.007000
turn=98 mode=HUNT rank=2 cell=3,15 score=1.058706 prob=0.480953 density=2.180952 center=0.006000
turn=98 mode=HUNT rank=3 cell=2,14 score=1.058661 prob=0.480953 density=2.180952 center=0.006000
turn=98 mode=HUNT rank=4 cell=4,14 score=0.941989 prob=0.426470 density=2.180952 center=0.008000
turn=98 mode=HUNT rank=5 cell=3,13 score=0.940715 prob=0.426470 density=2.180952 center=0.008000
turn=98 picked cell=3,14 target_cluster=None active_clusters=0 remaining_cells=7 scans=2
turn=98 result=MISS
turn=99 mode=HUNT rank=1 cell=2,15 score=1.034760 prob=0.467932 density=2.192308 center=0.005000
turn=99 mode=HUNT rank=2 cell=6,15 score=0.904773 prob=0.407562 density=2.192308 center=0.009000
turn=99 mode=HUNT rank=3 cell=5,15 score=0.904431 prob=0.407562 density=2.192308 center=0.008000
turn=99 mode=HUNT rank=4 cell=4,13 score=0.904320 prob=0.407562 density=2.192308 center=0.009000
turn=99 mode=HUNT rank=5 cell=4,15 score=0.857247 prob=0.385992 density=2.192308 center=0.007000
turn=99 picked cell=2,15 target_cluster=None active_clusters=0 remaining_cells=7 scans=2
turn=99 result=HIT
turn=100 mode=CHASE cluster=0 cluster_len=1 cell=3,15 score=100000.119475 chase_score=5003.619475 prob=0.119475
turn=100 picked cell=3,15 target_cluster=Some(0) active_clusters=1 remaining_cells=6 scans=2
turn=100 result=MISS
turn=101 mode=CHASE cluster=0 cluster_len=1 cell=2,14 score=100000.122034 chase_score=5003.622034 prob=0.122034
turn=101 picked cell=2,14 target_cluster=Some(0) active_clusters=1 remaining_cells=6 scans=2
turn=101 result=HIT
turn=102 mode=CHASE cluster=0 cluster_len=2 cell=2,13 score=200000.144492 chase_score=10008.144492 prob=0.144492
turn=102 picked cell=2,13 target_cluster=Some(0) active_clusters=1 remaining_cells=5 scans=2
turn=102 result=MISS
turn=103 mode=CHASE cluster=0 cluster_len=2 cell=2,16 score=200000.087549 chase_score=10004.087549 prob=0.087549
turn=103 picked cell=2,16 target_cluster=Some(0) active_clusters=1 remaining_cells=5 scans=2
turn=103 result=HIT
turn=104 mode=CHASE cluster=0 cluster_len=3 cell=2,17 score=300000.125363 chase_score=10004.125363 prob=0.125363
turn=104 picked cell=2,17 target_cluster=Some(0) active_clusters=1 remaining_cells=4 scans=2
turn=104 result=KILL
turn=105 mode=HUNT rank=1 cell=3,12 score=0.202754 prob=0.083707 density=2.265306 center=0.009000
turn=105 mode=HUNT rank=2 cell=6,14 score=0.201917 prob=0.083707 density=2.265306 center=0.010000
turn=105 mode=HUNT rank=3 cell=6,16 score=0.200517 prob=0.083707 density=2.265306 center=0.008000
turn=105 mode=HUNT rank=4 cell=4,13 score=0.200026 prob=0.083707 density=2.265306 center=0.009000
turn=105 mode=HUNT rank=5 cell=5,14 score=0.199892 prob=0.083707 density=2.265306 center=0.009000
turn=105 picked cell=3,12 target_cluster=None active_clusters=0 remaining_cells=3 scans=2
turn=105 result=HIT
turn=106 mode=CHASE cluster=0 cluster_len=1 cell=3,11 score=100000.029505 chase_score=5000.529505 prob=0.029505
turn=106 picked cell=3,11 target_cluster=Some(0) active_clusters=1 remaining_cells=2 scans=2
turn=106 result=MISS
turn=107 mode=CHASE cluster=0 cluster_len=1 cell=4,12 score=100000.023693 chase_score=5000.523693 prob=0.023693
turn=107 picked cell=4,12 target_cluster=Some(0) active_clusters=1 remaining_cells=2 scans=2
turn=107 result=MISS
turn=108 mode=CHASE cluster=0 cluster_len=1 cell=2,12 score=100000.017694 chase_score=5000.517694 prob=0.017694
turn=108 picked cell=2,12 target_cluster=Some(0) active_clusters=1 remaining_cells=2 scans=2
turn=108 result=KILL
turn=109 mode=HUNT rank=1 cell=7,9 score=0.049856 prob=0.012912 density=2.319149 center=0.016000
turn=109 mode=HUNT rank=2 cell=7,11 score=0.046653 prob=0.012912 density=2.319149 center=0.014000
turn=109 mode=HUNT rank=3 cell=4,9 score=0.046460 prob=0.012912 density=2.319149 center=0.013000
turn=109 mode=HUNT rank=4 cell=6,9 score=0.046160 prob=0.012912 density=2.319149 center=0.015000
turn=109 mode=HUNT rank=5 cell=7,10 score=0.045903 prob=0.012912 density=2.319149 center=0.015000
turn=109 picked cell=7,9 target_cluster=None active_clusters=0 remaining_cells=1 scans=2
turn=109 result=MISS
turn=110 mode=HUNT rank=1 cell=6,10 score=0.048349 prob=0.013081 density=2.333333 center=0.014000
turn=110 mode=HUNT rank=2 cell=7,10 score=0.047858 prob=0.013081 density=2.333333 center=0.015000
turn=110 mode=HUNT rank=3 cell=7,11 score=0.047424 prob=0.013081 density=2.333333 center=0.014000
turn=110 mode=HUNT rank=4 cell=6,9 score=0.046875 prob=0.013081 density=2.333333 center=0.015000
turn=110 mode=HUNT rank=5 cell=4,10 score=0.046273 prob=0.013081 density=2.333333 center=0.012000
turn=110 picked cell=6,10 target_cluster=None active_clusters=0 remaining_cells=1 scans=2
turn=110 result=MISS
turn=111 mode=HUNT rank=1 cell=6,9 score=0.050117 prob=0.013255 density=2.347826 center=0.015000
turn=111 mode=HUNT rank=2 cell=7,10 score=0.048573 prob=0.013255 density=2.347826 center=0.015000
turn=111 mode=HUNT rank=3 cell=7,12 score=0.047812 prob=0.013255 density=2.347826 center=0.013000
turn=111 mode=HUNT rank=4 cell=4,10 score=0.047383 prob=0.013255 density=2.347826 center=0.012000
turn=111 mode=HUNT rank=5 cell=6,12 score=0.047107 prob=0.013255 density=2.347826 center=0.012000
turn=111 picked cell=6,9 target_cluster=None active_clusters=0 remaining_cells=1 scans=2
turn=111 result=MISS
turn=112 mode=HUNT rank=1 cell=4,9 score=0.048762 prob=0.013433 density=2.362637 center=0.013000
turn=112 mode=HUNT rank=2 cell=7,10 score=0.048385 prob=0.013433 density=2.362637 center=0.015000
turn=112 mode=HUNT rank=3 cell=4,11 score=0.046663 prob=0.013433 density=2.362637 center=0.011000
turn=112 mode=HUNT rank=4 cell=7,11 score=0.046569 prob=0.013433 density=2.362637 center=0.014000
turn=112 mode=HUNT rank=5 cell=7,12 score=0.046133 prob=0.013433 density=2.362637 center=0.013000
turn=112 picked cell=4,9 target_cluster=None active_clusters=0 remaining_cells=1 scans=2
turn=112 result=MISS
turn=113 mode=HUNT rank=1 cell=7,10 score=0.048714 prob=0.013616 density=2.377778 center=0.015000
turn=113 mode=HUNT rank=2 cell=6,12 score=0.048368 prob=0.013616 density=2.377778 center=0.012000
turn=113 mode=HUNT rank=3 cell=7,11 score=0.048134 prob=0.013616 density=2.377778 center=0.014000
turn=113 mode=HUNT rank=4 cell=7,12 score=0.047238 prob=0.013616 density=2.377778 center=0.013000
turn=113 mode=HUNT rank=5 cell=7,14 score=0.046455 prob=0.013616 density=2.377778 center=0.011000
turn=113 picked cell=7,10 target_cluster=None active_clusters=0 remaining_cells=1 scans=2
turn=113 result=MISS
turn=114 mode=HUNT rank=1 cell=7,11 score=0.050572 prob=0.013804 density=2.393258 center=0.014000
turn=114 mode=HUNT rank=2 cell=4,10 score=0.048264 prob=0.013804 density=2.393258 center=0.012000
turn=114 mode=HUNT rank=3 cell=6,12 score=0.047501 prob=0.013804 density=2.393258 center=0.012000
turn=114 mode=HUNT rank=4 cell=7,12 score=0.047375 prob=0.013804 density=2.393258 center=0.013000
turn=114 mode=HUNT rank=5 cell=6,13 score=0.047316 prob=0.013804 density=2.393258 center=0.011000
turn=114 picked cell=7,11 target_cluster=None active_clusters=0 remaining_cells=1 scans=2
turn=114 result=MISS
turn=115 mode=HUNT rank=1 cell=7,12 score=0.048853 prob=0.013997 density=2.409091 center=0.013000
turn=115 mode=HUNT rank=2 cell=6,12 score=0.048697 prob=0.013997 density=2.409091 center=0.012000
turn=115 mode=HUNT rank=3 cell=4,10 score=0.048417 prob=0.013997 density=2.409091 center=0.012000
turn=115 mode=HUNT rank=4 cell=6,13 score=0.048144 prob=0.013997 density=2.409091 center=0.011000
turn=115 mode=HUNT rank=5 cell=7,15 score=0.048002 prob=0.013997 density=2.409091 center=0.010000
turn=115 picked cell=7,12 target_cluster=None active_clusters=0 remaining_cells=1 scans=2
turn=115 result=MISS
turn=116 mode=HUNT rank=1 cell=6,14 score=0.048259 prob=0.014196 density=2.425287 center=0.010000
turn=116 mode=HUNT rank=2 cell=4,10 score=0.047687 prob=0.014196 density=2.425287 center=0.012000
turn=116 mode=HUNT rank=3 cell=4,11 score=0.047413 prob=0.014196 density=2.425287 center=0.011000
turn=116 mode=HUNT rank=4 cell=7,14 score=0.047367 prob=0.014196 density=2.425287 center=0.011000
turn=116 mode=HUNT rank=5 cell=7,16 score=0.047261 prob=0.014196 density=2.425287 center=0.009000
turn=116 picked cell=6,14 target_cluster=None active_clusters=0 remaining_cells=1 scans=2
turn=116 result=MISS
turn=117 mode=HUNT rank=1 cell=7,14 score=0.049945 prob=0.014400 density=2.441860 center=0.011000
turn=117 mode=HUNT rank=2 cell=6,13 score=0.049194 prob=0.014400 density=2.441860 center=0.011000
turn=117 mode=HUNT rank=3 cell=8,16 score=0.049065 prob=0.014400 density=2.441860 center=0.010000
turn=117 mode=HUNT rank=4 cell=5,13 score=0.048849 prob=0.014400 density=2.441860 center=0.010000
turn=117 mode=HUNT rank=5 cell=4,10 score=0.048695 prob=0.014400 density=2.441860 center=0.012000
turn=117 picked cell=7,14 target_cluster=None active_clusters=0 remaining_cells=1 scans=2
turn=117 result=MISS
turn=118 mode=HUNT rank=1 cell=4,11 score=0.050591 prob=0.014610 density=2.458824 center=0.011000
turn=118 mode=HUNT rank=2 cell=3,10 score=0.050089 prob=0.014610 density=2.458824 center=0.011000
turn=118 mode=HUNT rank=3 cell=6,12 score=0.049690 prob=0.014610 density=2.458824 center=0.012000
turn=118 mode=HUNT rank=4 cell=6,13 score=0.049082 prob=0.014610 density=2.458824 center=0.011000
turn=118 mode=HUNT rank=5 cell=4,10 score=0.048849 prob=0.014610 density=2.458824 center=0.012000
turn=118 picked cell=4,11 target_cluster=None active_clusters=0 remaining_cells=1 scans=2
turn=118 result=MISS
turn=119 mode=HUNT rank=1 cell=4,10 score=0.052013 prob=0.014827 density=2.476190 center=0.012000
turn=119 mode=HUNT rank=2 cell=7,15 score=0.049774 prob=0.014827 density=2.476190 center=0.010000
turn=119 mode=HUNT rank=3 cell=6,12 score=0.049548 prob=0.014827 density=2.476190 center=0.012000
turn=119 mode=HUNT rank=4 cell=3,13 score=0.048921 prob=0.014827 density=2.476190 center=0.008000
turn=119 mode=HUNT rank=5 cell=2,10 score=0.048914 prob=0.014827 density=2.476190 center=0.010000
turn=119 picked cell=4,10 target_cluster=None active_clusters=0 remaining_cells=1 scans=2
turn=119 result=MISS
turn=120 mode=HUNT rank=1 cell=6,13 score=0.052548 prob=0.015050 density=2.493976 center=0.011000
turn=120 mode=HUNT rank=2 cell=5,13 score=0.051722 prob=0.015050 density=2.493976 center=0.010000
turn=120 mode=HUNT rank=3 cell=6,12 score=0.051560 prob=0.015050 density=2.493976 center=0.012000
turn=120 mode=HUNT rank=4 cell=3,10 score=0.050721 prob=0.015050 density=2.493976 center=0.011000
turn=120 mode=HUNT rank=5 cell=6,15 score=0.050320 prob=0.015050 density=2.493976 center=0.009000
turn=120 picked cell=6,13 target_cluster=None active_clusters=0 remaining_cells=1 scans=2
turn=120 result=MISS
turn=121 mode=HUNT rank=1 cell=2,10 score=0.052438 prob=0.015280 density=2.500000 center=0.010000
turn=121 mode=HUNT rank=2 cell=6,15 score=0.051147 prob=0.015280 density=2.500000 center=0.009000
turn=121 mode=HUNT rank=3 cell=6,12 score=0.050968 prob=0.015280 density=2.500000 center=0.012000
turn=121 mode=HUNT rank=4 cell=2,11 score=0.050919 prob=0.015280 density=2.500000 center=0.009000
turn=121 mode=HUNT rank=5 cell=7,15 score=0.050450 prob=0.015280 density=2.500000 center=0.010000
turn=121 picked cell=2,10 target_cluster=None active_clusters=0 remaining_cells=1 scans=2
turn=121 result=MISS
turn=122 mode=HUNT rank=1 cell=3,10 score=0.054053 prob=0.015517 density=2.500000 center=0.011000
turn=122 mode=HUNT rank=2 cell=6,12 score=0.052396 prob=0.015517 density=2.500000 center=0.012000
turn=122 mode=HUNT rank=3 cell=5,13 score=0.052386 prob=0.015517 density=2.500000 center=0.010000
turn=122 mode=HUNT rank=4 cell=8,16 score=0.052276 prob=0.015517 density=2.500000 center=0.010000
turn=122 mode=HUNT rank=5 cell=2,11 score=0.051789 prob=0.015517 density=2.500000 center=0.009000
turn=122 picked cell=3,10 target_cluster=None active_clusters=0 remaining_cells=1 scans=2
turn=122 result=MISS
turn=123 mode=HUNT rank=1 cell=6,12 score=0.054537 prob=0.015762 density=2.500000 center=0.012000
turn=123 mode=HUNT rank=2 cell=5,13 score=0.053229 prob=0.015762 density=2.500000 center=0.010000
turn=123 mode=HUNT rank=3 cell=8,17 score=0.052602 prob=0.015762 density=2.500000 center=0.009000
turn=123 mode=HUNT rank=4 cell=0,9 score=0.052553 prob=0.015762 density=2.500000 center=0.009000
turn=123 mode=HUNT rank=5 cell=2,11 score=0.052457 prob=0.015762 density=2.500000 center=0.009000
turn=123 picked cell=6,12 target_cluster=None active_clusters=0 remaining_cells=1 scans=2
turn=123 result=MISS
turn=124 mode=HUNT rank=1 cell=5,13 score=0.054145 prob=0.016014 density=2.500000 center=0.010000
turn=124 mode=HUNT rank=2 cell=7,15 score=0.053971 prob=0.016014 density=2.500000 center=0.010000
turn=124 mode=HUNT rank=3 cell=6,15 score=0.052583 prob=0.016014 density=2.500000 center=0.009000
turn=124 mode=HUNT rank=4 cell=8,16 score=0.052361 prob=0.016014 density=2.500000 center=0.010000
turn=124 mode=HUNT rank=5 cell=7,16 score=0.051452 prob=0.016014 density=2.500000 center=0.009000
turn=124 picked cell=5,13 target_cluster=None active_clusters=0 remaining_cells=1 scans=2
turn=124 result=MISS
turn=125 mode=HUNT rank=1 cell=7,15 score=0.054745 prob=0.016275 density=2.500000 center=0.010000
turn=125 mode=HUNT rank=2 cell=8,16 score=0.054652 prob=0.016275 density=2.500000 center=0.010000
turn=125 mode=HUNT rank=3 cell=2,11 score=0.053405 prob=0.016275 density=2.500000 center=0.009000
turn=125 mode=HUNT rank=4 cell=5,14 score=0.052577 prob=0.016275 density=2.500000 center=0.009000
turn=125 mode=HUNT rank=5 cell=0,10 score=0.051194 prob=0.016275 density=2.500000 center=0.008000
turn=125 picked cell=7,15 target_cluster=None active_clusters=0 remaining_cells=1 scans=2
turn=125 result=MISS
turn=126 mode=HUNT rank=1 cell=8,17 score=0.054333 prob=0.016544 density=2.500000 center=0.009000
turn=126 mode=HUNT rank=2 cell=2,11 score=0.054082 prob=0.016544 density=2.500000 center=0.009000
turn=126 mode=HUNT rank=3 cell=0,10 score=0.053405 prob=0.016544 density=2.500000 center=0.008000
turn=126 mode=HUNT rank=4 cell=5,14 score=0.053279 prob=0.016544 density=2.500000 center=0.009000
turn=126 mode=HUNT rank=5 cell=3,13 score=0.053209 prob=0.016544 density=2.500000 center=0.008000
turn=126 picked cell=8,17 target_cluster=None active_clusters=0 remaining_cells=1 scans=2
turn=126 result=MISS
turn=127 mode=HUNT rank=1 cell=0,9 score=0.053889 prob=0.016822 density=2.500000 center=0.009000
turn=127 mode=HUNT rank=2 cell=6,16 score=0.053527 prob=0.016822 density=2.500000 center=0.008000
turn=127 mode=HUNT rank=3 cell=2,11 score=0.052742 prob=0.016822 density=2.500000 center=0.009000
turn=127 mode=HUNT rank=4 cell=8,16 score=0.052621 prob=0.016822 density=2.500000 center=0.010000
turn=127 mode=HUNT rank=5 cell=4,15 score=0.052469 prob=0.016822 density=2.500000 center=0.007000
turn=127 picked cell=0,9 target_cluster=None active_clusters=0 remaining_cells=1 scans=2
turn=127 result=MISS
turn=128 mode=HUNT rank=1 cell=6,15 score=0.055345 prob=0.017110 density=2.500000 center=0.009000
turn=128 mode=HUNT rank=2 cell=5,14 score=0.055284 prob=0.017110 density=2.500000 center=0.009000
turn=128 mode=HUNT rank=3 cell=4,13 score=0.055240 prob=0.017110 density=2.500000 center=0.009000
turn=128 mode=HUNT rank=4 cell=2,11 score=0.055038 prob=0.017110 density=2.500000 center=0.009000
turn=128 mode=HUNT rank=5 cell=3,13 score=0.054827 prob=0.017110 density=2.500000 center=0.008000
turn=128 picked cell=6,15 target_cluster=None active_clusters=0 remaining_cells=1 scans=2
turn=128 result=MISS
turn=129 mode=HUNT rank=1 cell=4,13 score=0.056502 prob=0.017408 density=2.500000 center=0.009000
turn=129 mode=HUNT rank=2 cell=2,11 score=0.056000 prob=0.017408 density=2.500000 center=0.009000
turn=129 mode=HUNT rank=3 cell=5,15 score=0.055780 prob=0.017408 density=2.500000 center=0.008000
turn=129 mode=HUNT rank=4 cell=6,16 score=0.055423 prob=0.017408 density=2.500000 center=0.008000
turn=129 mode=HUNT rank=5 cell=7,16 score=0.055412 prob=0.017408 density=2.500000 center=0.009000
turn=129 picked cell=4,13 target_cluster=None active_clusters=0 remaining_cells=1 scans=2
turn=129 result=MISS
turn=130 mode=HUNT rank=1 cell=7,16 score=0.057317 prob=0.017717 density=2.500000 center=0.009000
turn=130 mode=HUNT rank=2 cell=8,16 score=0.057158 prob=0.017717 density=2.500000 center=0.010000
turn=130 mode=HUNT rank=3 cell=5,14 score=0.055909 prob=0.017717 density=2.500000 center=0.009000
turn=130 mode=HUNT rank=4 cell=5,15 score=0.055683 prob=0.017717 density=2.500000 center=0.008000
turn=130 mode=HUNT rank=5 cell=0,11 score=0.055105 prob=0.017717 density=2.500000 center=0.007000
turn=130 picked cell=7,16 target_cluster=None active_clusters=0 remaining_cells=1 scans=2
turn=130 result=MISS
turn=131 mode=HUNT rank=1 cell=8,16 score=0.058875 prob=0.018036 density=2.500000 center=0.010000
turn=131 mode=HUNT rank=2 cell=2,11 score=0.057273 prob=0.018036 density=2.500000 center=0.009000
turn=131 mode=HUNT rank=3 cell=5,15 score=0.057151 prob=0.018036 density=2.500000 center=0.008000
turn=131 mode=HUNT rank=4 cell=4,14 score=0.056453 prob=0.018036 density=2.500000 center=0.008000
turn=131 mode=HUNT rank=5 cell=3,13 score=0.055829 prob=0.018036 density=2.500000 center=0.008000
turn=131 picked cell=8,16 target_cluster=None active_clusters=0 remaining_cells=1 scans=2
turn=131 result=MISS
turn=132 mode=HUNT rank=1 cell=4,14 score=0.058062 prob=0.018367 density=2.500000 center=0.008000
turn=132 mode=HUNT rank=2 cell=0,10 score=0.056657 prob=0.018367 density=2.500000 center=0.008000
turn=132 mode=HUNT rank=3 cell=4,15 score=0.056047 prob=0.018367 density=2.500000 center=0.007000
turn=132 mode=HUNT rank=4 cell=6,17 score=0.055727 prob=0.018367 density=2.500000 center=0.007000
turn=132 mode=HUNT rank=5 cell=5,14 score=0.055514 prob=0.018367 density=2.500000 center=0.009000
turn=132 picked cell=4,14 target_cluster=None active_clusters=0 remaining_cells=1 scans=2
turn=132 result=MISS
turn=133 mode=HUNT rank=1 cell=2,11 score=0.059100 prob=0.018711 density=2.500000 center=0.009000
turn=133 mode=HUNT rank=2 cell=7,17 score=0.058350 prob=0.018711 density=2.500000 center=0.008000
turn=133 mode=HUNT rank=3 cell=0,10 score=0.057629 prob=0.018711 density=2.500000 center=0.008000
turn=133 mode=HUNT rank=4 cell=0,11 score=0.057573 prob=0.018711 density=2.500000 center=0.007000
turn=133 mode=HUNT rank=5 cell=3,13 score=0.057084 prob=0.018711 density=2.500000 center=0.008000
turn=133 picked cell=2,11 target_cluster=None active_clusters=0 remaining_cells=1 scans=2
turn=133 result=MISS
turn=134 mode=HUNT rank=1 cell=7,17 score=0.058709 prob=0.019068 density=2.500000 center=0.008000
turn=134 mode=HUNT rank=2 cell=6,17 score=0.058602 prob=0.019068 density=2.500000 center=0.007000
turn=134 mode=HUNT rank=3 cell=0,10 score=0.058522 prob=0.019068 density=2.500000 center=0.008000
turn=134 mode=HUNT rank=4 cell=5,14 score=0.058494 prob=0.019068 density=2.500000 center=0.009000
turn=134 mode=HUNT rank=5 cell=3,13 score=0.058079 prob=0.019068 density=2.500000 center=0.008000
turn=134 picked cell=7,17 target_cluster=None active_clusters=0 remaining_cells=1 scans=2
turn=134 result=MISS
turn=135 mode=HUNT rank=1 cell=3,13 score=0.060317 prob=0.019438 density=2.500000 center=0.008000
turn=135 mode=HUNT rank=2 cell=5,14 score=0.060313 prob=0.019438 density=2.500000 center=0.009000
turn=135 mode=HUNT rank=3 cell=0,10 score=0.060021 prob=0.019438 density=2.500000 center=0.008000
turn=135 mode=HUNT rank=4 cell=5,16 score=0.059888 prob=0.019438 density=2.500000 center=0.007000
turn=135 mode=HUNT rank=5 cell=6,16 score=0.059502 prob=0.019438 density=2.500000 center=0.008000
turn=135 picked cell=3,13 target_cluster=None active_clusters=0 remaining_cells=1 scans=2
turn=135 result=MISS
turn=136 mode=HUNT rank=1 cell=5,14 score=0.062679 prob=0.019824 density=2.500000 center=0.009000
turn=136 mode=HUNT rank=2 cell=6,16 score=0.061213 prob=0.019824 density=2.500000 center=0.008000
turn=136 mode=HUNT rank=3 cell=0,11 score=0.060384 prob=0.019824 density=2.500000 center=0.007000
turn=136 mode=HUNT rank=4 cell=0,10 score=0.059260 prob=0.019824 density=2.500000 center=0.008000
turn=136 mode=HUNT rank=5 cell=5,17 score=0.059202 prob=0.019824 density=2.500000 center=0.006000
turn=136 picked cell=5,14 target_cluster=None active_clusters=0 remaining_cells=1 scans=2
turn=136 result=MISS
turn=137 mode=HUNT rank=1 cell=0,10 score=0.062285 prob=0.020225 density=2.500000 center=0.008000
turn=137 mode=HUNT rank=2 cell=5,15 score=0.061625 prob=0.020225 density=2.500000 center=0.008000
turn=137 mode=HUNT rank=3 cell=4,15 score=0.061495 prob=0.020225 density=2.500000 center=0.007000
turn=137 mode=HUNT rank=4 cell=6,16 score=0.061140 prob=0.020225 density=2.500000 center=0.008000
turn=137 mode=HUNT rank=5 cell=6,17 score=0.060635 prob=0.020225 density=2.500000 center=0.007000
turn=137 picked cell=0,10 target_cluster=None active_clusters=0 remaining_cells=1 scans=2
turn=137 result=MISS
turn=138 mode=HUNT rank=1 cell=6,16 score=0.063313 prob=0.020642 density=2.500000 center=0.008000
turn=138 mode=HUNT rank=2 cell=5,15 score=0.063300 prob=0.020642 density=2.500000 center=0.008000
turn=138 mode=HUNT rank=3 cell=5,17 score=0.061715 prob=0.020642 density=2.500000 center=0.006000
turn=138 mode=HUNT rank=4 cell=5,16 score=0.061587 prob=0.020642 density=2.500000 center=0.007000
turn=138 mode=HUNT rank=5 cell=4,17 score=0.060334 prob=0.020642 density=2.500000 center=0.005000
turn=138 picked cell=6,16 target_cluster=None active_clusters=0 remaining_cells=1 scans=2
turn=138 result=KILL
