turn=1 mode=SCAN region=0,0,7,16
turn=1 result=SCAN count=41
turn=2 mode=SCAN region=0,0,16,7
turn=2 result=SCAN count=45
turn=3 mode=HUNT rank=1 cell=6,6 score=3.942662 prob=2.513538 density=1.563394 center=0.013000
turn=3 mode=HUNT rank=2 cell=7,6 score=3.897605 prob=2.483316 density=1.563394 center=0.014000
turn=3 mode=HUNT rank=3 cell=6,5 score=3.893779 prob=2.480921 density=1.563394 center=0.012000
turn=3 mode=HUNT rank=4 cell=5,6 score=3.875577 prob=2.469386 density=1.563394 center=0.012000
turn=3 mode=HUNT rank=5 cell=6,7 score=3.875389 prob=2.469099 density=1.563394 center=0.014000
turn=3 picked cell=6,6 target_cluster=None active_clusters=0 remaining_cells=73 scans=2
turn=3 result=HIT
turn=4 mode=CHASE cluster=0 cluster_len=1 cell=7,6 score=100002.124624 chase_score=5090.624624 prob=2.124624
turn=4 picked cell=7,6 target_cluster=Some(0) active_clusters=1 remaining_cells=72 scans=2
turn=4 result=HIT
turn=5 mode=CHASE cluster=0 cluster_len=2 cell=8,6 score=200002.124624 chase_score=10284.124624 prob=2.124624
turn=5 picked cell=8,6 target_cluster=Some(0) active_clusters=1 remaining_cells=71 scans=2
turn=5 result=HIT
turn=6 mode=CHASE cluster=0 cluster_len=3 cell=9,6 score=300002.124624 chase_score=10214.124624 prob=2.124624
turn=6 picked cell=9,6 target_cluster=Some(0) active_clusters=1 remaining_cells=70 scans=2
turn=6 result=HIT
turn=7 mode=CHASE cluster=0 cluster_len=4 cell=10,6 score=400002.124624 chase_score=10147.124624 prob=2.124624
turn=7 picked cell=10,6 target_cluster=Some(0) active_clusters=1 remaining_cells=69 scans=2
turn=7 result=HIT
turn=8 mode=CHASE cluster=0 cluster_len=5 cell=5,6 score=500002.070427 chase_score=10080.070427 prob=2.070427
turn=8 picked cell=5,6 target_cluster=Some(0) active_clusters=1 remaining_cells=68 scans=2
turn=8 result=MISS
turn=9 mode=CHASE cluster=0 cluster_len=5 cell=11,6 score=500002.078753 chase_score=10059.078753 prob=2.078753
turn=9 picked cell=11,6 target_cluster=Some(0) active_clusters=1 remaining_cells=68 scans=2
turn=9 result=HIT
turn=10 mode=CHASE cluster=0 cluster_len=6 cell=12,6 score=600001.987122 chase_score=10022.987122 prob=1.987122
turn=10 picked cell=12,6 target_cluster=Some(0) active_clusters=1 remaining_cells=67 scans=2
turn=10 result=HIT
turn=11 mode=CHASE cluster=0 cluster_len=7 cell=13,6 score=700001.815069 chase_score=10001.815069 prob=1.815069
turn=11 picked cell=13,6 target_cluster=Some(0) active_clusters=1 remaining_cells=66 scans=2
turn=11 result=HIT
turn=12 mode=CHASE cluster=0 cluster_len=8 cell=14,6 score=800001.643016 chase_score=10001.643016 prob=1.643016
turn=12 picked cell=14,6 target_cluster=Some(0) active_clusters=1 remaining_cells=65 scans=2
turn=12 result=KILL
turn=13 mode=HUNT rank=1 cell=4,5 score=3.997367 prob=2.503561 density=1.592184 center=0.010000
turn=13 mode=HUNT rank=2 cell=4,7 score=3.976593 prob=2.488237 density=1.592184 center=0.012000
turn=13 mode=HUNT rank=3 cell=4,4 score=3.726954 prob=2.333410 density=1.592184 center=0.009000
turn=13 mode=HUNT rank=4 cell=3,5 score=3.661683 prob=2.291799 density=1.592184 center=0.009000
turn=13 mode=HUNT rank=5 cell=3,7 score=3.636650 prob=2.276475 density=1.592184 center=0.011000
turn=13 picked cell=4,5 target_cluster=None active_clusters=0 remaining_cells=64 scans=2
turn=13 result=HIT
turn=14 mode=CHASE cluster=0 cluster_len=1 cell=4,6 score=100001.178146 chase_score=5079.178146 prob=1.178146
turn=14 picked cell=4,6 target_cluster=Some(0) active_clusters=1 remaining_cells=63 scans=2
turn=14 result=HIT
turn=15 mode=CHASE cluster=0 cluster_len=2 cell=4,7 score=200002.072748 chase_score=10249.072748 prob=2.072748
turn=15 picked cell=4,7 target_cluster=Some(0) active_clusters=1 remaining_cells=62 scans=2
turn=15 result=HIT
turn=16 mode=CHASE cluster=0 cluster_len=3 cell=4,8 score=300002.072748 chase_score=10186.072748 prob=2.072748
turn=16 picked cell=4,8 target_cluster=Some(0) active_clusters=1 remaining_cells=61 scans=2
turn=16 result=HIT
turn=17 mode=CHASE cluster=0 cluster_len=4 cell=4,9 score=400002.072748 chase_score=10126.072748 prob=2.072748
turn=17 picked cell=4,9 target_cluster=Some(0) active_clusters=1 remaining_cells=60 scans=2
turn=17 result=HIT
turn=18 mode=CHASE cluster=0 cluster_len=5 cell=4,10 score=500002.072748 chase_score=10066.072748 prob=2.072748
turn=18 picked cell=4,10 target_cluster=Some(0) active_clusters=1 remaining_cells=59 scans=2
turn=18 result=MISS
turn=19 mode=CHASE cluster=0 cluster_len=5 cell=4,4 score=500001.890962 chase_score=10051.890962 prob=1.890962
turn=19 picked cell=4,4 target_cluster=Some(0) active_clusters=1 remaining_cells=59 scans=2
turn=19 result=HIT
turn=20 mode=CHASE cluster=0 cluster_len=6 cell=4,3 score=600001.750993 chase_score=10015.750993 prob=1.750993
turn=20 picked cell=4,3 target_cluster=Some(0) active_clusters=1 remaining_cells=58 scans=2
turn=20 result=KILL
turn=21 mode=HUNT rank=1 cell=6,11 score=2.507295 prob=2.049420 density=1.217123 center=0.012000
turn=21 mode=HUNT rank=2 cell=6,12 score=2.506858 prob=2.048095 density=1.217123 center=0.011000
turn=21 mode=HUNT rank=3 cell=5,11 score=2.504738 prob=2.045861 density=1.217123 center=0.011000
turn=21 mode=HUNT rank=4 cell=3,2 score=2.500290 prob=1.681298 density=1.482536 center=0.006000
turn=21 mode=HUNT rank=5 cell=5,12 score=2.498902 prob=2.044535 density=1.217123 center=0.010000
turn=21 picked cell=6,11 target_cluster=None active_clusters=0 remaining_cells=57 scans=2
turn=21 result=MISS
turn=22 mode=HUNT rank=1 cell=5,12 score=2.614636 prob=2.128536 density=1.222411 center=0.010000
turn=22 mode=HUNT rank=2 cell=3,2 score=2.596760 prob=1.744108 density=1.483483 center=0.006000
turn=22 mode=HUNT rank=3 cell=7,12 score=2.583094 prob=2.100273 density=1.222411 center=0.012000
turn=22 mode=HUNT rank=4 cell=6,2 score=2.499343 prob=1.677865 density=1.483483 center=0.009000
turn=22 mode=HUNT rank=5 cell=5,2 score=2.491179 prob=1.673837 density=1.483483 center=0.008000
turn=22 picked cell=5,12 target_cluster=None active_clusters=0 remaining_cells=57 scans=2
turn=22 result=HIT
turn=23 mode=CHASE cluster=0 cluster_len=1 cell=6,12 score=100001.213486 chase_score=5068.713486 prob=1.213486
turn=23 picked cell=6,12 target_cluster=Some(0) active_clusters=1 remaining_cells=56 scans=2
turn=23 result=MISS
turn=24 mode=CHASE cluster=0 cluster_len=1 cell=5,11 score=100001.157738 chase_score=5065.157738 prob=1.157738
turn=24 picked cell=5,11 target_cluster=Some(0) active_clusters=1 remaining_cells=56 scans=2
turn=24 result=HIT
turn=25 mode=CHASE cluster=0 cluster_len=2 cell=5,13 score=200001.973501 chase_score=10206.973501 prob=1.973501
turn=25 picked cell=5,13 target_cluster=Some(0) active_clusters=1 remaining_cells=55 scans=2
turn=25 result=HIT
turn=26 mode=CHASE cluster=0 cluster_len=3 cell=5,10 score=300001.020996 chase_score=10157.020996 prob=1.020996
turn=26 picked cell=5,10 target_cluster=Some(0) active_clusters=1 remaining_cells=54 scans=2
turn=26 result=HIT
turn=27 mode=CHASE cluster=0 cluster_len=4 cell=5,14 score=400001.780947 chase_score=10104.780947 prob=1.780947
turn=27 picked cell=5,14 target_cluster=Some(0) active_clusters=1 remaining_cells=53 scans=2
turn=27 result=HIT
turn=28 mode=CHASE cluster=0 cluster_len=5 cell=5,15 score=500001.579464 chase_score=10051.579464 prob=1.579464
turn=28 picked cell=5,15 target_cluster=Some(0) active_clusters=1 remaining_cells=52 scans=2
turn=28 result=KILL
turn=29 mode=HUNT rank=1 cell=3,2 score=2.657476 prob=1.749230 density=1.514032 center=0.006000
turn=29 mode=HUNT rank=2 cell=6,2 score=2.591245 prob=1.704568 density=1.514032 center=0.009000
turn=29 mode=HUNT rank=3 cell=6,1 score=2.574721 prob=1.692583 density=1.514032 center=0.008000
turn=29 mode=HUNT rank=4 cell=5,2 score=2.565043 prob=1.686669 density=1.514032 center=0.008000
turn=29 mode=HUNT rank=5 cell=7,2 score=2.552826 prob=1.677852 density=1.514032 center=0.010000
turn=29 picked cell=3,2 target_cluster=None active_clusters=0 remaining_cells=51 scans=2
turn=29 result=HIT
turn=30 mode=CHASE cluster=0 cluster_len=1 cell=4,2 score=100000.995650 chase_score=5049.995650 prob=0.995650
turn=30 picked cell=4,2 target_cluster=Some(0) active_clusters=1 remaining_cells=50 scans=2
turn=30 result=MISS
turn=31 mode=CHASE cluster=0 cluster_len=1 cell=3,3 score=100000.825310 chase_score=5038.075310 prob=0.825310
turn=31 picked cell=3,3 target_cluster=Some(0) active_clusters=1 remaining_cells=50 scans=2
turn=31 result=HIT
turn=32 mode=CHASE cluster=0 cluster_len=2 cell=3,4 score=200001.015842 chase_score=10145.015842 prob=1.015842
turn=32 picked cell=3,4 target_cluster=Some(0) active_clusters=1 remaining_cells=49 scans=2
turn=32 result=HIT
turn=33 mode=CHASE cluster=0 cluster_len=3 cell=3,5 score=300001.169061 chase_score=10132.169061 prob=1.169061
turn=33 picked cell=3,5 target_cluster=Some(0) active_clusters=1 remaining_cells=48 scans=2
turn=33 result=HIT
turn=34 mode=CHASE cluster=0 cluster_len=4 cell=3,6 score=400001.200441 chase_score=10092.200441 prob=1.200441
turn=34 picked cell=3,6 target_cluster=Some(0) active_clusters=1 remaining_cells=47 scans=2
turn=34 result=MISS
turn=35 mode=CHASE cluster=0 cluster_len=4 cell=3,1 score=400001.063409 chase_score=10041.063409 prob=1.063409
turn=35 picked cell=3,1 target_cluster=Some(0) active_clusters=1 remaining_cells=47 scans=2
turn=35 result=HIT
turn=36 mode=CHASE cluster=0 cluster_len=5 cell=3,0 score=500001.009122 chase_score=10031.009122 prob=1.009122
turn=36 picked cell=3,0 target_cluster=Some(0) active_clusters=1 remaining_cells=46 scans=2
turn=36 result=KILL
turn=37 mode=HUNT rank=1 cell=15,5 score=2.015223 prob=1.600466 density=1.253687 center=0.007000
turn=37 mode=HUNT rank=2 cell=15,7 score=1.982433 prob=1.573476 density=1.253687 center=0.009000
turn=37 mode=HUNT rank=3 cell=10,1 score=1.887574 prob=1.496216 density=1.253687 center=0.008000
turn=37 mode=HUNT rank=4 cell=10,3 score=1.853343 prob=1.468882 density=1.253687 center=0.010000
turn=37 mode=HUNT rank=5 cell=10,2 score=1.850671 prob=1.468882 density=1.253687 center=0.009000
turn=37 picked cell=15,5 target_cluster=None active_clusters=0 remaining_cells=45 scans=2
turn=37 result=MISS
turn=38 mode=HUNT rank=1 cell=10,1 score=1.975692 prob=1.559628 density=1.259921 center=0.008000
turn=38 mode=HUNT rank=2 cell=10,3 score=1.942849 prob=1.530876 density=1.259921 center=0.010000
turn=38 mode=HUNT rank=3 cell=10,2 score=1.938254 prob=1.530876 density=1.259921 center=0.009000
turn=38 mode=HUNT rank=4 cell=11,2 score=1.935503 prob=1.528068 density=1.259921 center=0.008000
turn=38 mode=HUNT rank=5 cell=11,3 score=1.935049 prob=1.528068 density=1.259921 center=0.009000
turn=38 picked cell=10,1 target_cluster=None active_clusters=0 remaining_cells=45 scans=2
turn=38 result=HIT
turn=39 mode=CHASE cluster=0 cluster_len=1 cell=11,1 score=100001.331951 chase_score=5053.831951 prob=1.331951
turn=39 picked cell=11,1 target_cluster=Some(0) active_clusters=1 remaining_cells=44 scans=2
turn=39 result=HIT
turn=40 mode=CHASE cluster=0 cluster_len=2 cell=9,1 score=200001.331951 chase_score=10165.331951 prob=1.331951
turn=40 picked cell=9,1 target_cluster=Some(0) active_clusters=1 remaining_cells=43 scans=2
turn=40 result=HIT
turn=41 mode=CHASE cluster=0 cluster_len=3 cell=8,1 score=300001.189589 chase_score=10121.189589 prob=1.189589
turn=41 picked cell=8,1 target_cluster=Some(0) active_clusters=1 remaining_cells=42 scans=2
turn=41 result=HIT
turn=42 mode=CHASE cluster=0 cluster_len=4 cell=12,1 score=400001.189589 chase_score=10080.189589 prob=1.189589
turn=42 picked cell=12,1 target_cluster=Some(0) active_clusters=1 remaining_cells=41 scans=2
turn=42 result=HIT
turn=43 mode=CHASE cluster=0 cluster_len=5 cell=7,1 score=500001.006524 chase_score=10039.006524 prob=1.006524
turn=43 picked cell=7,1 target_cluster=Some(0) active_clusters=1 remaining_cells=40 scans=2
turn=43 result=HIT
turn=44 mode=CHASE cluster=0 cluster_len=6 cell=13,1 score=600001.006524 chase_score=10008.006524 prob=1.006524
turn=44 picked cell=13,1 target_cluster=Some(0) active_clusters=1 remaining_cells=39 scans=2
turn=44 result=KILL
turn=45 mode=HUNT rank=1 cell=11,11 score=1.548975 prob=1.534988 density=1.000000 center=0.011000
turn=45 mode=HUNT rank=2 cell=11,12 score=1.547365 prob=1.534120 density=1.000000 center=0.010000
turn=45 mode=HUNT rank=3 cell=12,11 score=1.545031 prob=1.533909 density=1.000000 center=0.010000
turn=45 mode=HUNT rank=4 cell=12,12 score=1.543332 prob=1.533041 density=1.000000 center=0.009000
turn=45 mode=HUNT rank=5 cell=11,10 score=1.515586 prob=1.500049 density=1.000000 center=0.012000
turn=45 picked cell=11,11 target_cluster=None active_clusters=0 remaining_cells=38 scans=2
turn=45 result=HIT
turn=46 mode=CHASE cluster=0 cluster_len=1 cell=12,11 score=100001.661464 chase_score=5043.661464 prob=1.661464
turn=46 picked cell=12,11 target_cluster=Some(0) active_clusters=1 remaining_cells=37 scans=2
turn=46 result=MISS
turn=47 mode=CHASE cluster=0 cluster_len=1 cell=11,12 score=100001.740830 chase_score=5043.740830 prob=1.740830
turn=47 picked cell=11,12 target_cluster=Some(0) active_clusters=1 remaining_cells=37 scans=2
turn=47 result=HIT
turn=48 mode=CHASE cluster=0 cluster_len=2 cell=11,10 score=200001.695718 chase_score=10130.695718 prob=1.695718
turn=48 picked cell=11,10 target_cluster=Some(0) active_clusters=1 remaining_cells=36 scans=2
turn=48 result=HIT
turn=49 mode=CHASE cluster=0 cluster_len=3 cell=11,13 score=300001.695718 chase_score=10093.695718 prob=1.695718
turn=49 picked cell=11,13 target_cluster=Some(0) active_clusters=1 remaining_cells=35 scans=2
turn=49 result=HIT
turn=50 mode=CHASE cluster=0 cluster_len=4 cell=11,9 score=400001.531984 chase_score=10059.531984 prob=1.531984
turn=50 picked cell=11,9 target_cluster=Some(0) active_clusters=1 remaining_cells=34 scans=2
turn=50 result=KILL
turn=51 mode=HUNT rank=1 cell=1,5 score=2.161298 prob=1.337100 density=1.608493 center=0.007000
turn=51 mode=HUNT rank=2 cell=0,5 score=2.142725 prob=1.326655 density=1.608493 center=0.006000
turn=51 mode=HUNT rank=3 cell=2,5 score=2.142561 prob=1.326655 density=1.608493 center=0.008000
turn=51 mode=HUNT rank=4 cell=1,6 score=2.110078 prob=1.306282 density=1.608493 center=0.008000
turn=51 mode=HUNT rank=5 cell=0,6 score=2.094816 prob=1.295837 density=1.608493 center=0.007000
turn=51 picked cell=1,5 target_cluster=None active_clusters=0 remaining_cells=33 scans=2
turn=51 result=HIT
turn=52 mode=CHASE cluster=0 cluster_len=1 cell=1,6 score=100001.049534 chase_score=5038.049534 prob=1.049534
turn=52 picked cell=1,6 target_cluster=Some(0) active_clusters=1 remaining_cells=32 scans=2
turn=52 result=MISS
turn=53 mode=CHASE cluster=0 cluster_len=1 cell=1,4 score=100000.276445 chase_score=5008.776445 prob=0.276445
turn=53 picked cell=1,4 target_cluster=Some(0) active_clusters=1 remaining_cells=32 scans=2
turn=53 result=HIT
turn=54 mode=CHASE cluster=0 cluster_len=2 cell=1,3 score=200000.289561 chase_score=10032.289561 prob=0.289561
turn=54 picked cell=1,3 target_cluster=Some(0) active_clusters=1 remaining_cells=31 scans=2
turn=54 result=KILL
turn=55 mode=HUNT rank=1 cell=0,5 score=1.810519 prob=1.263082 density=1.425971 center=0.006000
turn=55 mode=HUNT rank=2 cell=2,5 score=1.809653 prob=1.263082 density=1.425971 center=0.008000
turn=55 mode=HUNT rank=3 cell=2,6 score=1.783705 prob=1.241557 density=1.425971 center=0.009000
turn=55 mode=HUNT rank=4 cell=0,6 score=1.779779 prob=1.241557 density=1.425971 center=0.007000
turn=55 mode=HUNT rank=5 cell=2,7 score=1.771660 prob=1.234992 density=1.425971 center=0.010000
turn=55 picked cell=0,5 target_cluster=None active_clusters=0 remaining_cells=30 scans=2
turn=55 result=KILL
turn=56 mode=HUNT rank=1 cell=2,5 score=1.728521 prob=1.274174 density=1.350237 center=0.008000
turn=56 mode=HUNT rank=2 cell=2,6 score=1.706008 prob=1.256218 density=1.350237 center=0.009000
turn=56 mode=HUNT rank=3 cell=2,7 score=1.704811 prob=1.254236 density=1.350237 center=0.010000
turn=56 mode=HUNT rank=4 cell=7,16 score=1.512874 prob=1.266834 density=1.185136 center=0.008000
turn=56 mode=HUNT rank=5 cell=10,7 score=1.499947 prob=1.301687 density=1.139310 center=0.014000
turn=56 picked cell=2,5 target_cluster=None active_clusters=0 remaining_cells=29 scans=2
turn=56 result=MISS
turn=57 mode=HUNT rank=1 cell=7,16 score=1.589699 prob=1.324585 density=1.191684 center=0.008000
turn=57 mode=HUNT rank=2 cell=10,7 score=1.581166 prob=1.364187 density=1.145942 center=0.014000
turn=57 mode=HUNT rank=3 cell=2,11 score=1.509661 prob=1.258760 density=1.191684 center=0.008000
turn=57 mode=HUNT rank=4 cell=0,11 score=1.497123 prob=1.249173 density=1.191684 center=0.006000
turn=57 mode=HUNT rank=5 cell=16,7 score=1.490418 prob=1.290607 density=1.145942 center=0.008000
turn=57 picked cell=7,16 target_cluster=None active_clusters=0 remaining_cells=29 scans=2
turn=57 result=MISS
turn=58 mode=HUNT rank=1 cell=10,7 score=1.643502 prob=1.424853 density=1.141066 center=0.014000
turn=58 mode=HUNT rank=2 cell=2,11 score=1.596245 prob=1.325307 density=1.198361 center=0.008000
turn=58 mode=HUNT rank=3 cell=0,11 score=1.585366 prob=1.315319 density=1.198361 center=0.006000
turn=58 mode=HUNT rank=4 cell=16,7 score=1.550594 prob=1.348216 density=1.141066 center=0.008000
turn=58 mode=HUNT rank=5 cell=10,14 score=1.475690 prob=1.466025 density=1.000000 center=0.009000
turn=58 picked cell=10,7 target_cluster=None active_clusters=0 remaining_cells=29 scans=2
turn=58 result=HIT
turn=59 mode=CHASE cluster=0 cluster_len=1 cell=9,7 score=100001.208213 chase_score=5036.708213 prob=1.208213
turn=59 picked cell=9,7 target_cluster=Some(0) active_clusters=1 remaining_cells=28 scans=2
turn=59 result=MISS
turn=60 mode=CHASE cluster=0 cluster_len=1 cell=10,8 score=100001.648309 chase_score=5009.398309 prob=1.648309
turn=60 picked cell=10,8 target_cluster=Some(0) active_clusters=1 remaining_cells=28 scans=2
turn=60 result=MISS
turn=61 mode=CHASE cluster=0 cluster_len=1 cell=11,7 score=100000.465280 chase_score=5008.215280 prob=0.465280
turn=61 picked cell=11,7 target_cluster=Some(0) active_clusters=1 remaining_cells=28 scans=2
turn=61 result=HIT
turn=62 mode=CHASE cluster=0 cluster_len=2 cell=12,7 score=200000.498532 chase_score=10029.498532 prob=0.498532
turn=62 picked cell=12,7 target_cluster=Some(0) active_clusters=1 remaining_cells=27 scans=2
turn=62 result=HIT
turn=63 mode=CHASE cluster=0 cluster_len=3 cell=13,7 score=300000.716044 chase_score=10029.716044 prob=0.716044
turn=63 picked cell=13,7 target_cluster=Some(0) active_clusters=1 remaining_cells=26 scans=2
turn=63 result=HIT
turn=64 mode=CHASE cluster=0 cluster_len=4 cell=14,7 score=400000.716044 chase_score=10029.716044 prob=0.716044
turn=64 picked cell=14,7 target_cluster=Some(0) active_clusters=1 remaining_cells=25 scans=2
turn=64 result=HIT
turn=65 mode=CHASE cluster=0 cluster_len=5 cell=15,7 score=500000.910389 chase_score=10024.910389 prob=0.910389
turn=65 picked cell=15,7 target_cluster=Some(0) active_clusters=1 remaining_cells=24 scans=2
turn=65 result=KILL
turn=66 mode=HUNT rank=1 cell=2,11 score=2.151146 prob=1.466196 density=1.459320 center=0.008000
turn=66 mode=HUNT rank=2 cell=0,11 score=2.128039 prob=1.452498 density=1.459320 center=0.006000
turn=66 mode=HUNT rank=3 cell=3,12 score=1.886895 prob=1.285162 density=1.459320 center=0.008000
turn=66 mode=HUNT rank=4 cell=2,12 score=1.885797 prob=1.285162 density=1.459320 center=0.007000
turn=66 mode=HUNT rank=5 cell=3,11 score=1.884446 prob=1.283748 density=1.459320 center=0.009000
turn=66 picked cell=2,11 target_cluster=None active_clusters=0 remaining_cells=23 scans=2
turn=66 result=MISS
turn=67 mode=HUNT rank=1 cell=0,11 score=2.240111 prob=1.521194 density=1.467391 center=0.006000
turn=67 mode=HUNT rank=2 cell=3,12 score=2.050023 prob=1.389193 density=1.467391 center=0.008000
turn=67 mode=HUNT rank=3 cell=1,12 score=2.045765 prob=1.389193 density=1.467391 center=0.006000
turn=67 mode=HUNT rank=4 cell=0,12 score=2.024058 prob=1.374509 density=1.467391 center=0.005000
turn=67 mode=HUNT rank=5 cell=3,11 score=1.953304 prob=1.323847 density=1.467391 center=0.009000
turn=67 picked cell=0,11 target_cluster=None active_clusters=0 remaining_cells=23 scans=2
turn=67 result=MISS
turn=68 mode=HUNT rank=1 cell=3,12 score=2.209384 prob=1.489298 density=1.475626 center=0.008000
turn=68 mode=HUNT rank=2 cell=1,12 score=2.206474 prob=1.489298 density=1.475626 center=0.006000
turn=68 mode=HUNT rank=3 cell=3,11 score=2.107852 prob=1.420009 density=1.475626 center=0.009000
turn=68 mode=HUNT rank=4 cell=1,11 score=2.082005 prob=1.404503 density=1.475626 center=0.007000
turn=68 mode=HUNT rank=5 cell=3,13 score=1.807420 prob=1.219158 density=1.475626 center=0.007000
turn=68 picked cell=3,12 target_cluster=None active_clusters=0 remaining_cells=23 scans=2
turn=68 result=MISS
turn=69 mode=HUNT rank=1 cell=1,12 score=2.294719 prob=1.541664 density=1.484028 center=0.006000
turn=69 mode=HUNT rank=2 cell=1,11 score=2.245919 prob=1.506914 density=1.484028 center=0.007000
turn=69 mode=HUNT rank=3 cell=1,13 score=1.949707 prob=1.307536 density=1.484028 center=0.005000
turn=69 mode=HUNT rank=4 cell=7,10 score=1.922954 prob=1.284232 density=1.484028 center=0.014000
turn=69 mode=HUNT rank=5 cell=7,11 score=1.914906 prob=1.279527 density=1.484028 center=0.013000
turn=69 picked cell=1,12 target_cluster=None active_clusters=0 remaining_cells=23 scans=2
turn=69 result=HIT
turn=70 mode=CHASE cluster=0 cluster_len=1 cell=1,11 score=100001.053390 chase_score=5029.053390 prob=1.053390
turn=70 picked cell=1,11 target_cluster=Some(0) active_clusters=1 remaining_cells=22 scans=2
turn=70 result=MISS
turn=71 mode=CHASE cluster=0 cluster_len=1 cell=1,13 score=100000.130136 chase_score=5001.880136 prob=0.130136
turn=71 picked cell=1,13 target_cluster=Some(0) active_clusters=1 remaining_cells=22 scans=2
turn=71 result=HIT
turn=72 mode=CHASE cluster=0 cluster_len=2 cell=1,14 score=200000.130136 chase_score=10005.130136 prob=0.130136
turn=72 picked cell=1,14 target_cluster=Some(0) active_clusters=1 remaining_cells=21 scans=2
turn=72 result=HIT
turn=73 mode=CHASE cluster=0 cluster_len=3 cell=1,15 score=300000.130136 chase_score=10005.130136 prob=0.130136
turn=73 picked cell=1,15 target_cluster=Some(0) active_clusters=1 remaining_cells=20 scans=2
turn=73 result=HIT
turn=74 mode=CHASE cluster=0 cluster_len=4 cell=1,16 score=400000.509051 chase_score=10005.509051 prob=0.509051
turn=74 picked cell=1,16 target_cluster=Some(0) active_clusters=1 remaining_cells=19 scans=2
turn=74 result=KILL
turn=75 mode=HUNT rank=1 cell=10,14 score=1.464240 prob=1.451784 density=1.000000 center=0.009000
turn=75 mode=HUNT rank=2 cell=10,15 score=1.291282 prob=1.279338 density=1.000000 center=0.008000
turn=75 mode=HUNT rank=3 cell=9,14 score=1.290410 prob=1.279338 density=1.000000 center=0.010000
turn=75 mode=HUNT rank=4 cell=7,10 score=1.283676 prob=0.966588 density=1.310386 center=0.014000
turn=75 mode=HUNT rank=5 cell=16,8 score=1.275473 prob=1.264051 density=1.000000 center=0.009000
turn=75 picked cell=10,14 target_cluster=None active_clusters=0 remaining_cells=18 scans=2
turn=75 result=MISS
turn=76 mode=HUNT rank=1 cell=16,8 score=1.387742 prob=1.377586 density=1.000000 center=0.009000
turn=76 mode=HUNT rank=2 cell=7,10 score=1.386216 prob=1.049625 density=1.304348 center=0.014000
turn=76 mode=HUNT rank=3 cell=9,0 score=1.367224 prob=1.299110 density=1.043478 center=0.008000
turn=76 mode=HUNT rank=4 cell=7,11 score=1.361861 prob=1.032764 density=1.304348 center=0.013000
turn=76 mode=HUNT rank=5 cell=7,12 score=1.361599 prob=1.032764 density=1.304348 center=0.012000
turn=76 picked cell=16,8 target_cluster=None active_clusters=0 remaining_cells=18 scans=2
turn=76 result=MISS
turn=77 mode=HUNT rank=1 cell=7,10 score=1.490808 prob=1.135049 density=1.298309 center=0.014000
turn=77 mode=HUNT rank=2 cell=9,0 score=1.467754 prob=1.403907 density=1.038647 center=0.008000
turn=77 mode=HUNT rank=3 cell=7,12 score=1.464123 prob=1.117029 density=1.298309 center=0.012000
turn=77 mode=HUNT rank=4 cell=7,11 score=1.463291 prob=1.117029 density=1.298309 center=0.013000
turn=77 mode=HUNT rank=5 cell=10,3 score=1.459138 prob=1.392304 density=1.038647 center=0.010000
turn=77 picked cell=7,10 target_cluster=None active_clusters=0 remaining_cells=18 scans=2
turn=77 result=HIT
turn=78 mode=CHASE cluster=0 cluster_len=1 cell=7,11 score=100000.910014 chase_score=5019.410014 prob=0.910014
turn=78 picked cell=7,11 target_cluster=Some(0) active_clusters=1 remaining_cells=17 scans=2
turn=78 result=HIT
turn=79 mode=CHASE cluster=0 cluster_len=2 cell=7,12 score=200000.910014 chase_score=10072.910014 prob=0.910014
turn=79 picked cell=7,12 target_cluster=Some(0) active_clusters=1 remaining_cells=16 scans=2
turn=79 result=MISS
turn=80 mode=CHASE cluster=0 cluster_len=2 cell=7,9 score=200000.289091 chase_score=10000.289091 prob=0.289091
turn=80 picked cell=7,9 target_cluster=Some(0) active_clusters=1 remaining_cells=16 scans=2
turn=80 result=HIT
turn=81 mode=CHASE cluster=0 cluster_len=3 cell=7,8 score=300000.061482 chase_score=10000.061482 prob=0.061482
turn=81 picked cell=7,8 target_cluster=Some(0) active_clusters=1 remaining_cells=15 scans=2
turn=81 result=HIT
turn=82 mode=CHASE cluster=0 cluster_len=4 cell=7,7 score=400000.046111 chase_score=10000.046111 prob=0.046111
turn=82 picked cell=7,7 target_cluster=Some(0) active_clusters=1 remaining_cells=14 scans=2
turn=82 result=KILL
turn=83 mode=HUNT rank=1 cell=11,4 score=1.342380 prob=1.073910 density=1.236686 center=0.010000
turn=83 mode=HUNT rank=2 cell=11,3 score=1.337275 prob=1.073910 density=1.236686 center=0.009000
turn=83 mode=HUNT rank=3 cell=10,4 score=1.333249 prob=1.068317 density=1.236686 center=0.011000
turn=83 mode=HUNT rank=4 cell=10,3 score=1.332060 prob=1.068317 density=1.236686 center=0.010000
turn=83 mode=HUNT rank=5 cell=11,2 score=1.316161 prob=1.056736 density=1.236686 center=0.008000
turn=83 picked cell=11,4 target_cluster=None active_clusters=0 remaining_cells=13 scans=2
turn=83 result=MISS
turn=84 mode=HUNT rank=1 cell=10,3 score=1.469632 prob=1.170803 density=1.244444 center=0.010000
turn=84 mode=HUNT rank=2 cell=11,3 score=1.454043 prob=1.158822 density=1.244444 center=0.009000
turn=84 mode=HUNT rank=3 cell=11,2 score=1.451233 prob=1.158822 density=1.244444 center=0.008000
turn=84 mode=HUNT rank=4 cell=10,2 score=1.447005 prob=1.152253 density=1.244444 center=0.009000
turn=84 mode=HUNT rank=5 cell=11,0 score=1.425858 prob=1.140272 density=1.244444 center=0.006000
turn=84 picked cell=10,3 target_cluster=None active_clusters=0 remaining_cells=13 scans=2
turn=84 result=MISS
turn=85 mode=HUNT rank=1 cell=11,2 score=1.634511 prob=1.295503 density=1.252377 center=0.008000
turn=85 mode=HUNT rank=2 cell=11,0 score=1.606074 prob=1.274962 density=1.252377 center=0.006000
turn=85 mode=HUNT rank=3 cell=10,2 score=1.599787 prob=1.267132 density=1.252377 center=0.009000
turn=85 mode=HUNT rank=4 cell=10,0 score=1.597308 prob=1.267132 density=1.252377 center=0.007000
turn=85 mode=HUNT rank=5 cell=9,0 score=1.583487 prob=1.256757 density=1.252377 center=0.008000
turn=85 picked cell=11,2 target_cluster=None active_clusters=0 remaining_cells=13 scans=2
turn=85 result=MISS
turn=86 mode=HUNT rank=1 cell=11,0 score=1.828321 prob=1.444595 density=1.260490 center=0.006000
turn=86 mode=HUNT rank=2 cell=10,0 score=1.818235 prob=1.435170 density=1.260490 center=0.007000
turn=86 mode=HUNT rank=3 cell=9,0 score=1.802833 prob=1.422688 density=1.260490 center=0.008000
turn=86 mode=HUNT rank=4 cell=10,5 score=1.557853 prob=1.223525 density=1.260490 center=0.012000
turn=86 mode=HUNT rank=5 cell=9,5 score=1.556829 prob=1.223525 density=1.260490 center=0.013000
turn=86 picked cell=11,0 target_cluster=None active_clusters=0 remaining_cells=13 scans=2
turn=86 result=MISS
turn=87 mode=HUNT rank=1 cell=10,5 score=1.751320 prob=1.368009 density=1.268789 center=0.012000
turn=87 mode=HUNT rank=2 cell=9,5 score=1.751103 prob=1.368009 density=1.268789 center=0.013000
turn=87 mode=HUNT rank=3 cell=16,3 score=1.435587 prob=1.127385 density=1.268789 center=0.004000
turn=87 mode=HUNT rank=4 cell=8,5 score=1.415443 prob=1.103854 density=1.268789 center=0.014000
turn=87 mode=HUNT rank=5 cell=11,5 score=1.396569 prob=1.091091 density=1.268789 center=0.011000
turn=87 picked cell=10,5 target_cluster=None active_clusters=0 remaining_cells=13 scans=2
turn=87 result=MISS
turn=88 mode=HUNT rank=1 cell=16,3 score=1.629647 prob=1.269556 density=1.277281 center=0.004000
turn=88 mode=HUNT rank=2 cell=13,15 score=1.487605 prob=1.480104 density=1.000000 center=0.005000
turn=88 mode=HUNT rank=3 cell=9,15 score=1.479116 prob=1.469585 density=1.000000 center=0.009000
turn=88 mode=HUNT rank=4 cell=11,15 score=1.476667 prob=1.469585 density=1.000000 center=0.007000
turn=88 mode=HUNT rank=5 cell=14,15 score=1.255017 prob=1.247853 density=1.000000 center=0.004000
turn=88 picked cell=16,3 target_cluster=None active_clusters=0 remaining_cells=13 scans=2
turn=88 result=MISS
turn=89 mode=HUNT rank=1 cell=13,15 score=1.653338 prob=1.646881 density=1.000000 center=0.005000
turn=89 mode=HUNT rank=2 cell=9,15 score=1.644905 prob=1.634548 density=1.000000 center=0.009000
turn=89 mode=HUNT rank=3 cell=11,15 score=1.643063 prob=1.634548 density=1.000000 center=0.007000
turn=89 mode=HUNT rank=4 cell=14,15 score=1.396157 prob=1.388246 density=1.000000 center=0.004000
turn=89 mode=HUNT rank=5 cell=8,11 score=1.393256 prob=1.375550 density=1.000000 center=0.014000
turn=89 picked cell=13,15 target_cluster=None active_clusters=0 remaining_cells=13 scans=2
turn=89 result=MISS
turn=90 mode=HUNT rank=1 cell=8,12 score=1.614528 prob=1.597847 density=1.000000 center=0.013000
turn=90 mode=HUNT rank=2 cell=8,11 score=1.614409 prob=1.597847 density=1.000000 center=0.014000
turn=90 mode=HUNT rank=3 cell=6,0 score=1.357960 prob=1.167446 density=1.156024 center=0.007000
turn=90 mode=HUNT rank=4 cell=5,0 score=1.355803 prob=1.167446 density=1.156024 center=0.006000
turn=90 mode=HUNT rank=5 cell=9,11 score=1.327551 prob=1.311808 density=1.000000 center=0.013000
turn=90 picked cell=8,12 target_cluster=None active_clusters=0 remaining_cells=13 scans=2
turn=90 result=MISS
turn=91 mode=HUNT rank=1 cell=6,0 score=1.496942 prob=1.298248 density=1.144606 center=0.007000
turn=91 mode=HUNT rank=2 cell=5,0 score=1.492534 prob=1.298248 density=1.144606 center=0.006000
turn=91 mode=HUNT rank=3 cell=9,11 score=1.485736 prob=1.471320 density=1.000000 center=0.013000
turn=91 mode=HUNT rank=4 cell=9,13 score=1.483789 prob=1.471320 density=1.000000 center=0.011000
turn=91 mode=HUNT rank=5 cell=14,11 score=1.483115 prob=1.471320 density=1.000000 center=0.008000
turn=91 picked cell=6,0 target_cluster=None active_clusters=0 remaining_cells=13 scans=2
turn=91 result=MISS
turn=92 mode=HUNT rank=1 cell=9,11 score=1.656104 prob=1.640549 density=1.000000 center=0.013000
turn=92 mode=HUNT rank=2 cell=9,13 score=1.654858 prob=1.640549 density=1.000000 center=0.011000
turn=92 mode=HUNT rank=3 cell=14,11 score=1.651314 prob=1.640549 density=1.000000 center=0.008000
turn=92 mode=HUNT rank=4 cell=15,11 score=1.648619 prob=1.640549 density=1.000000 center=0.007000
turn=92 mode=HUNT rank=5 cell=14,12 score=1.648343 prob=1.640549 density=1.000000 center=0.007000
turn=92 picked cell=9,11 target_cluster=None active_clusters=0 remaining_cells=13 scans=2
turn=92 result=MISS
turn=93 mode=HUNT rank=1 cell=15,11 score=1.905755 prob=1.895016 density=1.000000 center=0.007000
turn=93 mode=HUNT rank=2 cell=14,13 score=1.905012 prob=1.895016 density=1.000000 center=0.006000
turn=93 mode=HUNT rank=3 cell=14,11 score=1.904498 prob=1.895016 density=1.000000 center=0.008000
turn=93 mode=HUNT rank=4 cell=15,14 score=1.903026 prob=1.895016 density=1.000000 center=0.004000
turn=93 mode=HUNT rank=5 cell=14,12 score=1.902387 prob=1.895016 density=1.000000 center=0.007000
turn=93 picked cell=15,11 target_cluster=None active_clusters=0 remaining_cells=13 scans=2
turn=93 result=MISS
turn=94 mode=HUNT rank=1 cell=14,13 score=2.254289 prob=2.244358 density=1.000000 center=0.006000
turn=94 mode=HUNT rank=2 cell=14,12 score=2.253672 prob=2.244358 density=1.000000 center=0.007000
turn=94 mode=HUNT rank=3 cell=14,14 score=2.249488 prob=2.244358 density=1.000000 center=0.005000
turn=94 mode=HUNT rank=4 cell=14,11 score=2.211846 prob=2.200860 density=1.000000 center=0.008000
turn=94 mode=HUNT rank=5 cell=11,16 score=2.208093 prob=2.200860 density=1.000000 center=0.006000
turn=94 picked cell=14,13 target_cluster=None active_clusters=0 remaining_cells=13 scans=2
turn=94 result=MISS
turn=95 mode=HUNT rank=1 cell=11,16 score=2.755743 prob=2.746947 density=1.000000 center=0.006000
turn=95 mode=HUNT rank=2 cell=12,16 score=2.755179 prob=2.746947 density=1.000000 center=0.005000
turn=95 mode=HUNT rank=3 cell=16,14 score=2.752457 prob=2.746947 density=1.000000 center=0.003000
turn=95 mode=HUNT rank=4 cell=13,16 score=2.699036 prob=2.692594 density=1.000000 center=0.004000
turn=95 mode=HUNT rank=5 cell=10,16 score=2.108611 prob=2.100974 density=1.000000 center=0.007000
turn=95 picked cell=11,16 target_cluster=None active_clusters=0 remaining_cells=13 scans=2
turn=95 result=MISS
turn=96 mode=HUNT rank=1 cell=16,14 score=3.563098 prob=3.559738 density=1.000000 center=0.003000
turn=96 mode=HUNT rank=2 cell=16,12 score=2.728710 prob=2.721896 density=1.000000 center=0.005000
turn=96 mode=HUNT rank=3 cell=16,13 score=2.728219 prob=2.721896 density=1.000000 center=0.004000
turn=96 mode=HUNT rank=4 cell=16,11 score=2.662050 prob=2.652439 density=1.000000 center=0.006000
turn=96 mode=HUNT rank=5 cell=5,4 score=2.416711 prob=2.157121 density=1.114282 center=0.010000
turn=96 picked cell=16,14 target_cluster=None active_clusters=0 remaining_cells=13 scans=2
turn=96 result=MISS
turn=97 mode=HUNT rank=1 cell=5,4 score=3.203512 prob=2.893417 density=1.102941 center=0.010000
turn=97 mode=HUNT rank=2 cell=5,2 score=3.201794 prob=2.893417 density=1.102941 center=0.008000
turn=97 mode=HUNT rank=3 cell=13,10 score=2.652510 prob=2.638473 density=1.000000 center=0.010000
turn=97 mode=HUNT rank=4 cell=13,9 score=2.650034 prob=2.638473 density=1.000000 center=0.011000
turn=97 mode=HUNT rank=5 cell=13,12 score=2.647995 prob=2.638473 density=1.000000 center=0.008000
turn=97 picked cell=5,4 target_cluster=None active_clusters=0 remaining_cells=13 scans=2
turn=97 result=MISS
turn=98 mode=HUNT rank=1 cell=13,9 score=3.341035 prob=3.327963 density=1.000000 center=0.011000
turn=98 mode=HUNT rank=2 cell=13,10 score=3.338045 prob=3.327963 density=1.000000 center=0.010000
turn=98 mode=HUNT rank=3 cell=13,12 score=3.337623 prob=3.327963 density=1.000000 center=0.008000
turn=98 mode=HUNT rank=4 cell=9,15 score=3.254813 prob=3.243541 density=1.000000 center=0.009000
turn=98 mode=HUNT rank=5 cell=8,15 score=3.250334 prob=3.237352 density=1.000000 center=0.010000
turn=98 picked cell=13,9 target_cluster=None active_clusters=0 remaining_cells=13 scans=2
turn=98 result=MISS
turn=99 mode=HUNT rank=1 cell=9,15 score=4.471732 prob=4.460246 density=1.000000 center=0.009000
turn=99 mode=HUNT rank=2 cell=8,15 score=4.464757 prob=4.451475 density=1.000000 center=0.010000
turn=99 mode=HUNT rank=3 cell=10,15 score=4.324904 prob=4.313932 density=1.000000 center=0.008000
turn=99 mode=HUNT rank=4 cell=11,15 score=4.320972 prob=4.313932 density=1.000000 center=0.007000
turn=99 mode=HUNT rank=5 cell=14,4 score=4.058265 prob=3.234720 density=1.252085 center=0.007000
turn=99 picked cell=9,15 target_cluster=None active_clusters=0 remaining_cells=13 scans=2
turn=99 result=MISS
turn=100 mode=HUNT rank=1 cell=14,4 score=5.709680 prob=4.577007 density=1.245598 center=0.007000
turn=100 mode=HUNT rank=2 cell=14,3 score=5.707164 prob=4.577007 density=1.245598 center=0.006000
turn=100 mode=HUNT rank=3 cell=14,2 score=5.706848 prob=4.577007 density=1.245598 center=0.005000
turn=100 mode=HUNT rank=4 cell=14,0 score=5.415829 prob=4.343483 density=1.245598 center=0.003000
turn=100 mode=HUNT rank=5 cell=14,1 score=5.414582 prob=4.343483 density=1.245598 center=0.004000
turn=100 picked cell=14,4 target_cluster=None active_clusters=0 remaining_cells=13 scans=2
turn=100 result=MISS
turn=101 mode=HUNT rank=1 cell=9,2 score=8.434816 prob=6.716601 density=1.254221 center=0.010000
turn=101 mode=HUNT rank=2 cell=8,2 score=8.406990 prob=6.691708 density=1.254221 center=0.011000
turn=101 mode=HUNT rank=3 cell=6,2 score=7.589862 prob=6.907879 density=1.096869 center=0.009000
turn=101 mode=HUNT rank=4 cell=10,2 score=7.473120 prob=5.948676 density=1.254221 center=0.009000
turn=101 mode=HUNT rank=5 cell=7,2 score=7.247577 prob=6.595366 density=1.096869 center=0.010000
turn=101 picked cell=9,2 target_cluster=None active_clusters=0 remaining_cells=13 scans=2
turn=101 result=MISS
turn=102 mode=HUNT rank=1 cell=4,14 score=10.468300 prob=12.020210 density=0.869963 center=0.007000
turn=102 mode=HUNT rank=2 cell=4,13 score=10.467669 prob=12.020210 density=0.869963 center=0.008000
turn=102 mode=HUNT rank=3 cell=4,16 score=10.465843 prob=12.020210 density=0.869963 center=0.005000
turn=102 mode=HUNT rank=4 cell=4,15 score=10.464604 prob=12.020210 density=0.869963 center=0.006000
turn=102 mode=HUNT rank=5 cell=4,11 score=9.886651 prob=11.349052 density=0.869963 center=0.010000
turn=102 picked cell=4,14 target_cluster=None active_clusters=0 remaining_cells=13 scans=2
turn=102 result=MISS
turn=103 mode=HUNT rank=1 cell=9,4 score=0.065551 prob=0.039302 density=1.256410 center=0.012000
turn=103 mode=HUNT rank=2 cell=8,4 score=0.064094 prob=0.038671 density=1.256410 center=0.013000
turn=103 mode=HUNT rank=3 cell=8,3 score=0.061927 prob=0.038671 density=1.256410 center=0.012000
turn=103 mode=HUNT rank=4 cell=12,3 score=0.061095 prob=0.039302 density=1.256410 center=0.008000
turn=103 mode=HUNT rank=5 cell=13,3 score=0.060112 prob=0.039302 density=1.256410 center=0.007000
turn=103 picked cell=9,4 target_cluster=None active_clusters=0 remaining_cells=13 scans=2
turn=103 result=MISS
turn=104 mode=HUNT rank=1 cell=8,3 score=0.064093 prob=0.039664 density=1.265385 center=0.012000
turn=104 mode=HUNT rank=2 cell=13,3 score=0.061374 prob=0.040336 density=1.265385 center=0.007000
turn=104 mode=HUNT rank=3 cell=12,3 score=0.059511 prob=0.040336 density=1.265385 center=0.008000
turn=104 mode=HUNT rank=4 cell=15,2 score=0.058252 prob=0.040336 density=1.265385 center=0.004000
turn=104 mode=HUNT rank=5 cell=14,2 score=0.057691 prob=0.040336 density=1.265385 center=0.005000
turn=104 picked cell=8,3 target_cluster=None active_clusters=0 remaining_cells=13 scans=2
turn=104 result=MISS
turn=105 mode=HUNT rank=1 cell=12,3 score=0.063964 prob=0.041412 density=1.274586 center=0.008000
turn=105 mode=HUNT rank=2 cell=13,3 score=0.061658 prob=0.041412 density=1.274586 center=0.007000
turn=105 mode=HUNT rank=3 cell=15,1 score=0.060034 prob=0.041412 density=1.274586 center=0.003000
turn=105 mode=HUNT rank=4 cell=14,2 score=0.059691 prob=0.041412 density=1.274586 center=0.005000
turn=105 mode=HUNT rank=5 cell=15,2 score=0.058818 prob=0.041412 density=1.274586 center=0.004000
turn=105 picked cell=12,3 target_cluster=None active_clusters=0 remaining_cells=13 scans=2
turn=105 result=MISS
turn=106 mode=HUNT rank=1 cell=14,2 score=0.063594 prob=0.042564 density=1.284024 center=0.005000
turn=106 mode=HUNT rank=2 cell=15,2 score=0.060161 prob=0.042564 density=1.284024 center=0.004000
turn=106 mode=HUNT rank=3 cell=15,1 score=0.058262 prob=0.042564 density=1.284024 center=0.003000
turn=106 mode=HUNT rank=4 cell=8,5 score=0.058241 prob=0.031161 density=1.284024 center=0.014000
turn=106 mode=HUNT rank=5 cell=7,4 score=0.056638 prob=0.037394 density=1.106712 center=0.012000
turn=106 picked cell=14,2 target_cluster=None active_clusters=0 remaining_cells=13 scans=2
turn=106 result=MISS
turn=107 mode=HUNT rank=1 cell=15,1 score=0.061588 prob=0.043783 density=1.293706 center=0.003000
turn=107 mode=HUNT rank=2 cell=8,5 score=0.056947 prob=0.032026 density=1.293706 center=0.014000
turn=107 mode=HUNT rank=3 cell=7,4 score=0.055900 prob=0.038286 density=1.109062 center=0.012000
turn=107 mode=HUNT rank=4 cell=13,5 score=0.055311 prob=0.032838 density=1.293706 center=0.009000
turn=107 mode=HUNT rank=5 cell=6,2 score=0.054333 prob=0.037534 density=1.109062 center=0.009000
turn=107 picked cell=15,1 target_cluster=None active_clusters=0 remaining_cells=13 scans=2
turn=107 result=MISS
turn=108 mode=HUNT rank=1 cell=7,4 score=0.059673 prob=0.039231 density=1.111541 center=0.012000
turn=108 mode=HUNT rank=2 cell=8,5 score=0.058504 prob=0.032944 density=1.303644 center=0.014000
turn=108 mode=HUNT rank=3 cell=12,5 score=0.057837 prob=0.033807 density=1.303644 center=0.010000
turn=108 mode=HUNT rank=4 cell=13,5 score=0.056925 prob=0.033807 density=1.303644 center=0.009000
turn=108 mode=HUNT rank=5 cell=2,7 score=0.054765 prob=0.037240 density=1.111541 center=0.010000
turn=108 picked cell=7,4 target_cluster=None active_clusters=0 remaining_cells=13 scans=2
turn=108 result=MISS
turn=109 mode=HUNT rank=1 cell=8,5 score=0.058965 prob=0.033696 density=1.313846 center=0.014000
turn=109 mode=HUNT rank=2 cell=6,2 score=0.057129 prob=0.039533 density=1.127738 center=0.009000
turn=109 mode=HUNT rank=3 cell=12,5 score=0.056595 prob=0.034542 density=1.313846 center=0.010000
turn=109 mode=HUNT rank=4 cell=6,3 score=0.056205 prob=0.039533 density=1.127738 center=0.010000
turn=109 mode=HUNT rank=5 cell=13,5 score=0.055990 prob=0.034542 density=1.313846 center=0.009000
turn=109 picked cell=8,5 target_cluster=None active_clusters=0 remaining_cells=13 scans=2
turn=109 result=HIT
turn=110 mode=CHASE cluster=0 cluster_len=1 cell=7,5 score=100000.018100 chase_score=5000.518100 prob=0.018100
turn=110 picked cell=7,5 target_cluster=Some(0) active_clusters=1 remaining_cells=12 scans=2
turn=110 result=MISS
turn=111 mode=CHASE cluster=0 cluster_len=1 cell=9,5 score=100000.009132 chase_score=5000.509132 prob=0.009132
turn=111 picked cell=9,5 target_cluster=Some(0) active_clusters=1 remaining_cells=12 scans=2
turn=111 result=MISS
turn=112 mode=CHASE cluster=0 cluster_len=1 cell=8,4 score=100000.009174 chase_score=5000.509174 prob=0.009174
turn=112 picked cell=8,4 target_cluster=Some(0) active_clusters=1 remaining_cells=12 scans=2
turn=112 result=MISS
turn=113 mode=HUNT rank=1 cell=6,3 score=0.060371 prob=0.040937 density=1.160704 center=0.010000
turn=113 mode=HUNT rank=2 cell=6,2 score=0.059076 prob=0.040937 density=1.160704 center=0.009000
turn=113 mode=HUNT rank=3 cell=5,1 score=0.058386 prob=0.040937 density=1.160704 center=0.007000
turn=113 mode=HUNT rank=4 cell=2,7 score=0.057814 prob=0.039818 density=1.160704 center=0.010000
turn=113 mode=HUNT rank=5 cell=12,5 score=0.055542 prob=0.033344 density=1.260563 center=0.010000
turn=113 picked cell=6,3 target_cluster=None active_clusters=1 remaining_cells=12 scans=2
turn=113 result=HIT
turn=114 mode=CHASE cluster=1 cluster_len=1 cell=6,2 score=100000.036866 chase_score=5000.536866 prob=0.036866
turn=114 picked cell=6,2 target_cluster=Some(1) active_clusters=2 remaining_cells=11 scans=2
turn=114 result=HIT
turn=115 mode=CHASE cluster=1 cluster_len=2 cell=6,1 score=200000.018433 chase_score=10000.018433 prob=0.018433
turn=115 picked cell=6,1 target_cluster=Some(1) active_clusters=2 remaining_cells=10 scans=2
turn=115 result=HIT
turn=116 mode=CHASE cluster=1 cluster_len=3 cell=6,4 score=300000.018433 chase_score=10000.018433 prob=0.018433
turn=116 picked cell=6,4 target_cluster=Some(1) active_clusters=2 remaining_cells=9 scans=2
turn=116 result=HIT
turn=117 mode=CHASE cluster=1 cluster_len=4 cell=6,5 score=400000.018433 chase_score=10000.018433 prob=0.018433
turn=117 picked cell=6,5 target_cluster=Some(1) active_clusters=2 remaining_cells=8 scans=2
turn=117 result=KILL
turn=118 mode=HUNT rank=1 cell=9,9 score=0.101595 prob=0.084963 density=1.000000 center=0.015000
turn=118 mode=HUNT rank=2 cell=15,9 score=0.097642 prob=0.084963 density=1.000000 center=0.009000
turn=118 mode=HUNT rank=3 cell=9,13 score=0.096464 prob=0.084963 density=1.000000 center=0.011000
turn=118 mode=HUNT rank=4 cell=14,10 score=0.095113 prob=0.084963 density=1.000000 center=0.009000
turn=118 mode=HUNT rank=5 cell=13,12 score=0.094243 prob=0.084963 density=1.000000 center=0.008000
turn=118 picked cell=9,9 target_cluster=None active_clusters=1 remaining_cells=7 scans=2
turn=118 result=MISS
turn=119 mode=HUNT rank=1 cell=9,13 score=0.101207 prob=0.088793 density=1.000000 center=0.011000
turn=119 mode=HUNT rank=2 cell=14,10 score=0.100863 prob=0.088793 density=1.000000 center=0.009000
turn=119 mode=HUNT rank=3 cell=15,9 score=0.099498 prob=0.088793 density=1.000000 center=0.009000
turn=119 mode=HUNT rank=4 cell=12,14 score=0.097513 prob=0.088793 density=1.000000 center=0.007000
turn=119 mode=HUNT rank=5 cell=13,12 score=0.097072 prob=0.088793 density=1.000000 center=0.008000
turn=119 picked cell=9,13 target_cluster=None active_clusters=1 remaining_cells=7 scans=2
turn=119 result=MISS
turn=120 mode=HUNT rank=1 cell=15,9 score=0.105967 prob=0.092986 density=1.000000 center=0.009000
turn=120 mode=HUNT rank=2 cell=14,10 score=0.105718 prob=0.092986 density=1.000000 center=0.009000
turn=120 mode=HUNT rank=3 cell=13,12 score=0.102345 prob=0.092986 density=1.000000 center=0.008000
turn=120 mode=HUNT rank=4 cell=12,14 score=0.101855 prob=0.092986 density=1.000000 center=0.007000
turn=120 mode=HUNT rank=5 cell=15,15 score=0.099330 prob=0.092986 density=1.000000 center=0.003000
turn=120 picked cell=15,9 target_cluster=None active_clusters=1 remaining_cells=7 scans=2
turn=120 result=MISS
turn=121 mode=HUNT rank=1 cell=14,10 score=0.110204 prob=0.097594 density=1.000000 center=0.009000
turn=121 mode=HUNT rank=2 cell=12,14 score=0.108810 prob=0.097594 density=1.000000 center=0.007000
turn=121 mode=HUNT rank=3 cell=13,12 score=0.106750 prob=0.097594 density=1.000000 center=0.008000
turn=121 mode=HUNT rank=4 cell=15,15 score=0.102839 prob=0.097594 density=1.000000 center=0.003000
turn=121 mode=HUNT rank=5 cell=8,10 score=0.089497 prob=0.073196 density=1.000000 center=0.015000
turn=121 picked cell=14,10 target_cluster=None active_clusters=1 remaining_cells=7 scans=2
turn=121 result=MISS
turn=122 mode=HUNT rank=1 cell=13,12 score=0.112884 prob=0.102683 density=1.000000 center=0.008000
turn=122 mode=HUNT rank=2 cell=12,14 score=0.111132 prob=0.102683 density=1.000000 center=0.007000
turn=122 mode=HUNT rank=3 cell=15,15 score=0.107462 prob=0.102683 density=1.000000 center=0.003000
turn=122 mode=HUNT rank=4 cell=8,10 score=0.095244 prob=0.077012 density=1.000000 center=0.015000
turn=122 mode=HUNT rank=5 cell=12,8 score=0.093982 prob=0.077012 density=1.000000 center=0.013000
turn=122 picked cell=13,12 target_cluster=None active_clusters=1 remaining_cells=7 scans=2
turn=122 result=MISS
turn=123 mode=HUNT rank=1 cell=12,14 score=0.119363 prob=0.108332 density=1.000000 center=0.007000
turn=123 mode=HUNT rank=2 cell=15,15 score=0.114861 prob=0.108332 density=1.000000 center=0.003000
turn=123 mode=HUNT rank=3 cell=8,10 score=0.098676 prob=0.081249 density=1.000000 center=0.015000
turn=123 mode=HUNT rank=4 cell=8,14 score=0.095339 prob=0.081249 density=1.000000 center=0.011000
turn=123 mode=HUNT rank=5 cell=10,10 score=0.094691 prob=0.081249 density=1.000000 center=0.013000
turn=123 picked cell=12,14 target_cluster=None active_clusters=1 remaining_cells=7 scans=2
turn=123 result=MISS
turn=124 mode=HUNT rank=1 cell=15,15 score=0.121421 prob=0.114638 density=1.000000 center=0.003000
turn=124 mode=HUNT rank=2 cell=8,10 score=0.103208 prob=0.085979 density=1.000000 center=0.015000
turn=124 mode=HUNT rank=3 cell=10,10 score=0.103139 prob=0.085979 density=1.000000 center=0.013000
turn=124 mode=HUNT rank=4 cell=10,12 score=0.101132 prob=0.085979 density=1.000000 center=0.011000
turn=124 mode=HUNT rank=5 cell=12,8 score=0.100342 prob=0.085979 density=1.000000 center=0.013000
turn=124 picked cell=15,15 target_cluster=None active_clusters=1 remaining_cells=7 scans=2
turn=124 result=MISS
turn=125 mode=HUNT rank=1 cell=8,10 score=0.109733 prob=0.091293 density=1.000000 center=0.015000
turn=125 mode=HUNT rank=2 cell=12,8 score=0.108496 prob=0.091293 density=1.000000 center=0.013000
turn=125 mode=HUNT rank=3 cell=10,12 score=0.106315 prob=0.091293 density=1.000000 center=0.011000
turn=125 mode=HUNT rank=4 cell=10,10 score=0.104381 prob=0.091293 density=1.000000 center=0.013000
turn=125 mode=HUNT rank=5 cell=8,14 score=0.103844 prob=0.091293 density=1.000000 center=0.011000
turn=125 picked cell=8,10 target_cluster=None active_clusters=1 remaining_cells=7 scans=2
turn=125 result=HIT
turn=126 mode=CHASE cluster=1 cluster_len=1 cell=9,10 score=100000.022346 chase_score=5000.522346 prob=0.022346
turn=126 picked cell=9,10 target_cluster=Some(1) active_clusters=2 remaining_cells=6 scans=2
turn=126 result=MISS
turn=127 mode=CHASE cluster=1 cluster_len=1 cell=8,9 score=100000.022599 chase_score=5000.522599 prob=0.022599
turn=127 picked cell=8,9 target_cluster=Some(1) active_clusters=2 remaining_cells=6 scans=2
turn=127 result=HIT
turn=128 mode=CHASE cluster=1 cluster_len=2 cell=8,8 score=200000.033898 chase_score=10000.033898 prob=0.033898
turn=128 picked cell=8,8 target_cluster=Some(1) active_clusters=2 remaining_cells=5 scans=2
turn=128 result=HIT
turn=129 mode=CHASE cluster=1 cluster_len=3 cell=8,7 score=300000.011299 chase_score=10000.011299 prob=0.011299
turn=129 picked cell=8,7 target_cluster=Some(1) active_clusters=2 remaining_cells=4 scans=2
turn=129 result=HIT
turn=130 mode=CHASE cluster=1 cluster_len=4 cell=8,11 score=400000.011299 chase_score=10000.011299 prob=0.011299
turn=130 picked cell=8,11 target_cluster=Some(1) active_clusters=2 remaining_cells=3 scans=2
turn=130 result=KILL
turn=131 mode=HUNT rank=1 cell=12,8 score=0.137440 prob=0.122449 density=1.000000 center=0.013000
turn=131 mode=HUNT rank=2 cell=14,8 score=0.136536 prob=0.122449 density=1.000000 center=0.011000
turn=131 mode=HUNT rank=3 cell=8,14 score=0.136189 prob=0.122449 density=1.000000 center=0.011000
turn=131 mode=HUNT rank=4 cell=10,12 score=0.135389 prob=0.122449 density=1.000000 center=0.011000
turn=131 mode=HUNT rank=5 cell=16,10 score=0.131818 prob=0.122449 density=1.000000 center=0.007000
turn=131 picked cell=12,8 target_cluster=None active_clusters=1 remaining_cells=2 scans=2
turn=131 result=HIT
turn=132 mode=CHASE cluster=1 cluster_len=1 cell=13,8 score=100000.023256 chase_score=5000.523256 prob=0.023256
turn=132 picked cell=13,8 target_cluster=Some(1) active_clusters=2 remaining_cells=1 scans=2
turn=132 result=KILL
