GAME n=20 p=0.919621 remaining_cells=65 remaining=[0, 3, 3, 0, 0, 1, 3, 2, 0, 1, 1]
turn=1 mode=SCAN region=0,0,9,19
turn=1 result=SCAN count=36
turn=2 mode=SCAN region=0,0,19,9
turn=2 result=SCAN count=27
turn=3 picked cell=9,10 target_cluster=None active_clusters=0 remaining_cells=65 scans=2
RESULT turn=3 cell=9,10 result=MISS remaining_cells=65 active_clusters=0
turn=3 result=MISS
turn=4 picked cell=8,11 target_cluster=None active_clusters=0 remaining_cells=65 scans=2
RESULT turn=4 cell=8,11 result=MISS remaining_cells=65 active_clusters=0
turn=4 result=MISS
turn=5 picked cell=7,12 target_cluster=None active_clusters=0 remaining_cells=65 scans=2
RESULT turn=5 cell=7,12 result=MISS remaining_cells=65 active_clusters=0
turn=5 result=MISS
turn=6 picked cell=6,13 target_cluster=None active_clusters=0 remaining_cells=65 scans=2
RESULT turn=6 cell=6,13 result=HIT remaining_cells=65 active_clusters=0
turn=6 result=HIT
turn=7 mode=CHASE cluster=0 cluster_len=1 cell=7,13 score=100000.910564 chase_score=5084.160564 prob=0.910564
turn=7 picked cell=7,13 target_cluster=Some(0) active_clusters=1 remaining_cells=64 scans=2
RESULT turn=7 cell=7,13 result=HIT remaining_cells=64 active_clusters=1
turn=7 result=HIT
turn=8 mode=CHASE cluster=0 cluster_len=2 cell=8,13 score=200001.036211 chase_score=10291.036211 prob=1.036211
turn=8 picked cell=8,13 target_cluster=Some(0) active_clusters=1 remaining_cells=63 scans=2
RESULT turn=8 cell=8,13 result=HIT remaining_cells=63 active_clusters=1
turn=8 result=HIT
turn=9 mode=CHASE cluster=0 cluster_len=3 cell=9,13 score=300001.151595 chase_score=10245.151595 prob=1.151595
turn=9 picked cell=9,13 target_cluster=Some(0) active_clusters=1 remaining_cells=62 scans=2
RESULT turn=9 cell=9,13 result=HIT remaining_cells=62 active_clusters=1
turn=9 result=HIT
turn=10 mode=CHASE cluster=0 cluster_len=4 cell=10,13 score=400001.669705 chase_score=10189.669705 prob=1.669705
turn=10 picked cell=10,13 target_cluster=Some(0) active_clusters=1 remaining_cells=61 scans=2
RESULT turn=10 cell=10,13 result=HIT remaining_cells=61 active_clusters=1
turn=10 result=HIT
turn=11 mode=CHASE cluster=0 cluster_len=5 cell=11,13 score=500001.646333 chase_score=10133.646333 prob=1.646333
turn=11 picked cell=11,13 target_cluster=Some(0) active_clusters=1 remaining_cells=60 scans=2
RESULT turn=11 cell=11,13 result=HIT remaining_cells=60 active_clusters=1
turn=11 result=HIT
turn=12 mode=CHASE cluster=0 cluster_len=6 cell=12,13 score=600001.603069 chase_score=10082.603069 prob=1.603069
turn=12 picked cell=12,13 target_cluster=Some(0) active_clusters=1 remaining_cells=59 scans=2
RESULT turn=12 cell=12,13 result=HIT remaining_cells=59 active_clusters=1
turn=12 result=HIT
turn=13 mode=CHASE cluster=0 cluster_len=7 cell=13,13 score=700001.559805 chase_score=10049.559805 prob=1.559805
turn=13 picked cell=13,13 target_cluster=Some(0) active_clusters=1 remaining_cells=58 scans=2
RESULT turn=13 cell=13,13 result=HIT remaining_cells=58 active_clusters=1
turn=13 result=HIT
turn=14 mode=CHASE cluster=0 cluster_len=8 cell=5,13 score=800001.488441 chase_score=10030.488441 prob=1.488441
turn=14 picked cell=5,13 target_cluster=Some(0) active_clusters=1 remaining_cells=57 scans=2
RESULT turn=14 cell=5,13 result=HIT remaining_cells=57 active_clusters=1
turn=14 result=HIT
turn=15 mode=CHASE cluster=0 cluster_len=9 cell=14,13 score=900001.488441 chase_score=10011.488441 prob=1.488441
turn=15 picked cell=14,13 target_cluster=Some(0) active_clusters=1 remaining_cells=56 scans=2
RESULT turn=15 cell=14,13 result=MISS remaining_cells=56 active_clusters=1
turn=15 result=MISS
turn=16 mode=CHASE cluster=0 cluster_len=9 cell=4,13 score=900001.420052 chase_score=10011.420052 prob=1.420052
turn=16 picked cell=4,13 target_cluster=Some(0) active_clusters=1 remaining_cells=56 scans=2
RESULT turn=16 cell=4,13 result=KILL remaining_cells=56 active_clusters=1
turn=16 result=KILL
turn=16 kill_infer inferred_len=10 committed_hits=9 cluster_hits=9
turn=17 picked cell=6,6 target_cluster=None active_clusters=0 remaining_cells=55 scans=2
RESULT turn=17 cell=6,6 result=MISS remaining_cells=55 active_clusters=0
turn=17 result=MISS
turn=18 picked cell=7,5 target_cluster=None active_clusters=0 remaining_cells=55 scans=2
RESULT turn=18 cell=7,5 result=MISS remaining_cells=55 active_clusters=0
turn=18 result=MISS
turn=19 picked cell=5,7 target_cluster=None active_clusters=0 remaining_cells=55 scans=2
RESULT turn=19 cell=5,7 result=MISS remaining_cells=55 active_clusters=0
turn=19 result=MISS
turn=20 picked cell=8,4 target_cluster=None active_clusters=0 remaining_cells=55 scans=2
RESULT turn=20 cell=8,4 result=HIT remaining_cells=55 active_clusters=0
turn=20 result=HIT
turn=21 mode=CHASE cluster=0 cluster_len=1 cell=9,4 score=100001.256146 chase_score=5069.256146 prob=1.256146
turn=21 picked cell=9,4 target_cluster=Some(0) active_clusters=1 remaining_cells=54 scans=2
RESULT turn=21 cell=9,4 result=HIT remaining_cells=54 active_clusters=1
turn=21 result=HIT
turn=22 mode=CHASE cluster=0 cluster_len=2 cell=10,4 score=200001.363630 chase_score=10221.363630 prob=1.363630
turn=22 picked cell=10,4 target_cluster=Some(0) active_clusters=1 remaining_cells=53 scans=2
RESULT turn=22 cell=10,4 result=MISS remaining_cells=53 active_clusters=1
turn=22 result=MISS
turn=23 mode=CHASE cluster=0 cluster_len=2 cell=7,4 score=200000.372003 chase_score=10046.372003 prob=0.372003
turn=23 picked cell=7,4 target_cluster=Some(0) active_clusters=1 remaining_cells=53 scans=2
RESULT turn=23 cell=7,4 result=HIT remaining_cells=53 active_clusters=1
turn=23 result=HIT
turn=24 mode=CHASE cluster=0 cluster_len=3 cell=6,4 score=300000.524630 chase_score=10046.524630 prob=0.524630
turn=24 picked cell=6,4 target_cluster=Some(0) active_clusters=1 remaining_cells=52 scans=2
RESULT turn=24 cell=6,4 result=HIT remaining_cells=52 active_clusters=1
turn=24 result=HIT
turn=25 mode=CHASE cluster=0 cluster_len=4 cell=5,4 score=400000.665653 chase_score=10046.665653 prob=0.665653
turn=25 picked cell=5,4 target_cluster=Some(0) active_clusters=1 remaining_cells=51 scans=2
RESULT turn=25 cell=5,4 result=HIT remaining_cells=51 active_clusters=1
turn=25 result=HIT
turn=26 mode=CHASE cluster=0 cluster_len=5 cell=4,4 score=500001.081013 chase_score=10042.081013 prob=1.081013
turn=26 picked cell=4,4 target_cluster=Some(0) active_clusters=1 remaining_cells=50 scans=2
RESULT turn=26 cell=4,4 result=HIT remaining_cells=50 active_clusters=1
turn=26 result=HIT
turn=27 mode=CHASE cluster=0 cluster_len=6 cell=3,4 score=600001.027983 chase_score=10024.027983 prob=1.027983
turn=27 picked cell=3,4 target_cluster=Some(0) active_clusters=1 remaining_cells=49 scans=2
RESULT turn=27 cell=3,4 result=KILL remaining_cells=49 active_clusters=1
turn=27 result=KILL
turn=27 kill_infer inferred_len=7 committed_hits=6 cluster_hits=6
turn=28 picked cell=15,12 target_cluster=None active_clusters=0 remaining_cells=48 scans=2
RESULT turn=28 cell=15,12 result=MISS remaining_cells=48 active_clusters=0
turn=28 result=MISS
turn=29 picked cell=16,11 target_cluster=None active_clusters=0 remaining_cells=48 scans=2
RESULT turn=29 cell=16,11 result=MISS remaining_cells=48 active_clusters=0
turn=29 result=MISS
turn=30 picked cell=3,14 target_cluster=None active_clusters=0 remaining_cells=48 scans=2
RESULT turn=30 cell=3,14 result=MISS remaining_cells=48 active_clusters=0
turn=30 result=MISS
turn=31 picked cell=17,10 target_cluster=None active_clusters=0 remaining_cells=48 scans=2
RESULT turn=31 cell=17,10 result=MISS remaining_cells=48 active_clusters=0
turn=31 result=MISS
turn=32 picked cell=2,10 target_cluster=None active_clusters=0 remaining_cells=48 scans=2
RESULT turn=32 cell=2,10 result=HIT remaining_cells=48 active_clusters=0
turn=32 result=HIT
turn=33 mode=CHASE cluster=0 cluster_len=1 cell=2,9 score=100001.213874 chase_score=5058.713874 prob=1.213874
turn=33 picked cell=2,9 target_cluster=Some(0) active_clusters=1 remaining_cells=47 scans=2
RESULT turn=33 cell=2,9 result=MISS remaining_cells=47 active_clusters=1
turn=33 result=MISS
turn=34 mode=CHASE cluster=0 cluster_len=1 cell=3,10 score=100000.787270 chase_score=5027.037270 prob=0.787270
turn=34 picked cell=3,10 target_cluster=Some(0) active_clusters=1 remaining_cells=47 scans=2
RESULT turn=34 cell=3,10 result=HIT remaining_cells=47 active_clusters=1
turn=34 result=HIT
turn=35 mode=CHASE cluster=0 cluster_len=2 cell=4,10 score=200000.680714 chase_score=10099.680714 prob=0.680714
turn=35 picked cell=4,10 target_cluster=Some(0) active_clusters=1 remaining_cells=46 scans=2
RESULT turn=35 cell=4,10 result=HIT remaining_cells=46 active_clusters=1
turn=35 result=HIT
turn=36 mode=CHASE cluster=0 cluster_len=3 cell=5,10 score=300000.441178 chase_score=10094.441178 prob=0.441178
turn=36 picked cell=5,10 target_cluster=Some(0) active_clusters=1 remaining_cells=45 scans=2
RESULT turn=36 cell=5,10 result=HIT remaining_cells=45 active_clusters=1
turn=36 result=HIT
turn=37 mode=CHASE cluster=0 cluster_len=4 cell=6,10 score=400000.441178 chase_score=10071.441178 prob=0.441178
turn=37 picked cell=6,10 target_cluster=Some(0) active_clusters=1 remaining_cells=44 scans=2
RESULT turn=37 cell=6,10 result=HIT remaining_cells=44 active_clusters=1
turn=37 result=HIT
turn=38 mode=CHASE cluster=0 cluster_len=5 cell=1,10 score=500001.102283 chase_score=10042.102283 prob=1.102283
turn=38 picked cell=1,10 target_cluster=Some(0) active_clusters=1 remaining_cells=43 scans=2
RESULT turn=38 cell=1,10 result=MISS remaining_cells=43 active_clusters=1
turn=38 result=MISS
turn=39 mode=CHASE cluster=0 cluster_len=5 cell=7,10 score=500000.306919 chase_score=10025.306919 prob=0.306919
turn=39 picked cell=7,10 target_cluster=Some(0) active_clusters=1 remaining_cells=43 scans=2
RESULT turn=39 cell=7,10 result=KILL remaining_cells=43 active_clusters=1
turn=39 result=KILL
turn=39 kill_infer inferred_len=6 committed_hits=5 cluster_hits=5
turn=40 picked cell=11,8 target_cluster=None active_clusters=0 remaining_cells=42 scans=2
RESULT turn=40 cell=11,8 result=HIT remaining_cells=42 active_clusters=0
turn=40 result=HIT
turn=41 mode=CHASE cluster=0 cluster_len=1 cell=12,8 score=100001.353388 chase_score=5051.353388 prob=1.353388
turn=41 picked cell=12,8 target_cluster=Some(0) active_clusters=1 remaining_cells=41 scans=2
RESULT turn=41 cell=12,8 result=MISS remaining_cells=41 active_clusters=1
turn=41 result=MISS
turn=42 mode=CHASE cluster=0 cluster_len=1 cell=11,7 score=100001.358126 chase_score=5042.858126 prob=1.358126
turn=42 picked cell=11,7 target_cluster=Some(0) active_clusters=1 remaining_cells=41 scans=2
RESULT turn=42 cell=11,7 result=HIT remaining_cells=41 active_clusters=1
turn=42 result=HIT
turn=43 mode=CHASE cluster=0 cluster_len=2 cell=11,6 score=200001.284100 chase_score=10144.284100 prob=1.284100
turn=43 picked cell=11,6 target_cluster=Some(0) active_clusters=1 remaining_cells=40 scans=2
RESULT turn=43 cell=11,6 result=HIT remaining_cells=40 active_clusters=1
turn=43 result=HIT
turn=44 mode=CHASE cluster=0 cluster_len=3 cell=11,5 score=300001.147635 chase_score=10120.147635 prob=1.147635
turn=44 picked cell=11,5 target_cluster=Some(0) active_clusters=1 remaining_cells=39 scans=2
RESULT turn=44 cell=11,5 result=HIT remaining_cells=39 active_clusters=1
turn=44 result=HIT
turn=45 mode=CHASE cluster=0 cluster_len=4 cell=11,4 score=400000.733659 chase_score=10095.733659 prob=0.733659
turn=45 picked cell=11,4 target_cluster=Some(0) active_clusters=1 remaining_cells=38 scans=2
RESULT turn=45 cell=11,4 result=HIT remaining_cells=38 active_clusters=1
turn=45 result=HIT
turn=46 mode=CHASE cluster=0 cluster_len=5 cell=11,3 score=500001.316954 chase_score=10063.316954 prob=1.316954
turn=46 picked cell=11,3 target_cluster=Some(0) active_clusters=1 remaining_cells=37 scans=2
RESULT turn=46 cell=11,3 result=MISS remaining_cells=37 active_clusters=1
turn=46 result=MISS
turn=47 mode=CHASE cluster=0 cluster_len=5 cell=11,9 score=500001.235169 chase_score=10029.235169 prob=1.235169
turn=47 picked cell=11,9 target_cluster=Some(0) active_clusters=1 remaining_cells=37 scans=2
RESULT turn=47 cell=11,9 result=HIT remaining_cells=37 active_clusters=1
turn=47 result=HIT
turn=48 mode=CHASE cluster=0 cluster_len=6 cell=11,10 score=600000.484351 chase_score=10016.484351 prob=0.484351
turn=48 picked cell=11,10 target_cluster=Some(0) active_clusters=1 remaining_cells=36 scans=2
RESULT turn=48 cell=11,10 result=HIT remaining_cells=36 active_clusters=1
turn=48 result=HIT
turn=49 mode=CHASE cluster=0 cluster_len=7 cell=11,11 score=700000.420363 chase_score=10009.420363 prob=0.420363
turn=49 picked cell=11,11 target_cluster=Some(0) active_clusters=1 remaining_cells=35 scans=2
RESULT turn=49 cell=11,11 result=HIT remaining_cells=35 active_clusters=1
turn=49 result=HIT
turn=50 mode=CHASE cluster=0 cluster_len=8 cell=11,12 score=800000.326067 chase_score=10009.326067 prob=0.326067
turn=50 picked cell=11,12 target_cluster=Some(0) active_clusters=1 remaining_cells=34 scans=2
RESULT turn=50 cell=11,12 result=KILL remaining_cells=34 active_clusters=1
turn=50 result=KILL
turn=50 kill_infer inferred_len=9 committed_hits=8 cluster_hits=8
turn=51 picked cell=9,14 target_cluster=None active_clusters=0 remaining_cells=33 scans=2
RESULT turn=51 cell=9,14 result=MISS remaining_cells=33 active_clusters=0
turn=51 result=MISS
turn=52 picked cell=13,7 target_cluster=None active_clusters=0 remaining_cells=33 scans=2
RESULT turn=52 cell=13,7 result=MISS remaining_cells=33 active_clusters=0
turn=52 result=MISS
turn=53 picked cell=2,11 target_cluster=None active_clusters=0 remaining_cells=33 scans=2
RESULT turn=53 cell=2,11 result=MISS remaining_cells=33 active_clusters=0
turn=53 result=MISS
turn=54 picked cell=15,14 target_cluster=None active_clusters=0 remaining_cells=33 scans=2
RESULT turn=54 cell=15,14 result=MISS remaining_cells=33 active_clusters=0
turn=54 result=MISS
turn=55 picked cell=8,15 target_cluster=None active_clusters=0 remaining_cells=33 scans=2
RESULT turn=55 cell=8,15 result=MISS remaining_cells=33 active_clusters=0
turn=55 result=MISS
turn=56 picked cell=14,15 target_cluster=None active_clusters=0 remaining_cells=33 scans=2
RESULT turn=56 cell=14,15 result=MISS remaining_cells=33 active_clusters=0
turn=56 result=MISS
turn=57 picked cell=7,16 target_cluster=None active_clusters=0 remaining_cells=33 scans=2
RESULT turn=57 cell=7,16 result=HIT remaining_cells=33 active_clusters=0
turn=57 result=HIT
turn=58 mode=CHASE cluster=0 cluster_len=1 cell=6,16 score=100000.726512 chase_score=5032.726512 prob=0.726512
turn=58 picked cell=6,16 target_cluster=Some(0) active_clusters=1 remaining_cells=32 scans=2
RESULT turn=58 cell=6,16 result=HIT remaining_cells=32 active_clusters=1
turn=58 result=HIT
turn=59 mode=CHASE cluster=0 cluster_len=2 cell=5,16 score=200000.696942 chase_score=10098.696942 prob=0.696942
turn=59 picked cell=5,16 target_cluster=Some(0) active_clusters=1 remaining_cells=31 scans=2
RESULT turn=59 cell=5,16 result=MISS remaining_cells=31 active_clusters=1
turn=59 result=MISS
turn=60 mode=CHASE cluster=0 cluster_len=2 cell=8,16 score=200000.349881 chase_score=10024.349881 prob=0.349881
turn=60 picked cell=8,16 target_cluster=Some(0) active_clusters=1 remaining_cells=31 scans=2
RESULT turn=60 cell=8,16 result=HIT remaining_cells=31 active_clusters=1
turn=60 result=HIT
turn=61 mode=CHASE cluster=0 cluster_len=3 cell=9,16 score=300000.478783 chase_score=10024.478783 prob=0.478783
turn=61 picked cell=9,16 target_cluster=Some(0) active_clusters=1 remaining_cells=30 scans=2
RESULT turn=61 cell=9,16 result=HIT remaining_cells=30 active_clusters=1
turn=61 result=HIT
turn=62 mode=CHASE cluster=0 cluster_len=4 cell=10,16 score=400000.637934 chase_score=10024.637934 prob=0.637934
turn=62 picked cell=10,16 target_cluster=Some(0) active_clusters=1 remaining_cells=29 scans=2
RESULT turn=62 cell=10,16 result=HIT remaining_cells=29 active_clusters=1
turn=62 result=HIT
turn=63 mode=CHASE cluster=0 cluster_len=5 cell=11,16 score=500000.715178 chase_score=10019.715178 prob=0.715178
turn=63 picked cell=11,16 target_cluster=Some(0) active_clusters=1 remaining_cells=28 scans=2
RESULT turn=63 cell=11,16 result=KILL remaining_cells=28 active_clusters=1
turn=63 result=KILL
turn=63 kill_infer inferred_len=6 committed_hits=5 cluster_hits=5
turn=64 picked cell=14,6 target_cluster=None active_clusters=0 remaining_cells=27 scans=2
RESULT turn=64 cell=14,6 result=MISS remaining_cells=27 active_clusters=0
turn=64 result=MISS
turn=65 picked cell=12,2 target_cluster=None active_clusters=0 remaining_cells=27 scans=2
RESULT turn=65 cell=12,2 result=MISS remaining_cells=27 active_clusters=0
turn=65 result=MISS
turn=66 picked cell=15,5 target_cluster=None active_clusters=0 remaining_cells=27 scans=2
RESULT turn=66 cell=15,5 result=MISS remaining_cells=27 active_clusters=0
turn=66 result=MISS
turn=67 picked cell=18,9 target_cluster=None active_clusters=0 remaining_cells=27 scans=2
RESULT turn=67 cell=18,9 result=HIT remaining_cells=27 active_clusters=0
turn=67 result=HIT
turn=68 mode=CHASE cluster=0 cluster_len=1 cell=18,8 score=100000.735119 chase_score=5025.235119 prob=0.735119
turn=68 picked cell=18,8 target_cluster=Some(0) active_clusters=1 remaining_cells=26 scans=2
RESULT turn=68 cell=18,8 result=HIT remaining_cells=26 active_clusters=1
turn=68 result=HIT
turn=69 mode=CHASE cluster=0 cluster_len=2 cell=18,7 score=200000.672341 chase_score=10074.672341 prob=0.672341
turn=69 picked cell=18,7 target_cluster=Some(0) active_clusters=1 remaining_cells=25 scans=2
RESULT turn=69 cell=18,7 result=HIT remaining_cells=25 active_clusters=1
turn=69 result=HIT
turn=70 mode=CHASE cluster=0 cluster_len=3 cell=18,6 score=300000.624982 chase_score=10056.624982 prob=0.624982
turn=70 picked cell=18,6 target_cluster=Some(0) active_clusters=1 remaining_cells=24 scans=2
RESULT turn=70 cell=18,6 result=HIT remaining_cells=24 active_clusters=1
turn=70 result=HIT
turn=71 mode=CHASE cluster=0 cluster_len=4 cell=18,10 score=400000.586262 chase_score=10038.586262 prob=0.586262
turn=71 picked cell=18,10 target_cluster=Some(0) active_clusters=1 remaining_cells=23 scans=2
RESULT turn=71 cell=18,10 result=MISS remaining_cells=23 active_clusters=1
turn=71 result=MISS
turn=72 mode=CHASE cluster=0 cluster_len=4 cell=18,5 score=400000.477368 chase_score=10018.477368 prob=0.477368
turn=72 picked cell=18,5 target_cluster=Some(0) active_clusters=1 remaining_cells=23 scans=2
RESULT turn=72 cell=18,5 result=HIT remaining_cells=23 active_clusters=1
turn=72 result=HIT
turn=73 mode=CHASE cluster=0 cluster_len=5 cell=18,4 score=500000.646058 chase_score=10013.646058 prob=0.646058
turn=73 picked cell=18,4 target_cluster=Some(0) active_clusters=1 remaining_cells=22 scans=2
RESULT turn=73 cell=18,4 result=KILL remaining_cells=22 active_clusters=1
turn=73 result=KILL
turn=73 kill_infer inferred_len=6 committed_hits=5 cluster_hits=5
turn=74 picked cell=0,12 target_cluster=None active_clusters=0 remaining_cells=21 scans=2
RESULT turn=74 cell=0,12 result=MISS remaining_cells=21 active_clusters=0
turn=74 result=MISS
turn=75 picked cell=6,18 target_cluster=None active_clusters=0 remaining_cells=21 scans=2
RESULT turn=75 cell=6,18 result=MISS remaining_cells=21 active_clusters=0
turn=75 result=MISS
turn=76 picked cell=7,17 target_cluster=None active_clusters=0 remaining_cells=21 scans=2
RESULT turn=76 cell=7,17 result=HIT remaining_cells=21 active_clusters=0
turn=76 result=HIT
turn=77 mode=CHASE cluster=0 cluster_len=1 cell=8,17 score=100000.487010 chase_score=5017.487010 prob=0.487010
turn=77 picked cell=8,17 target_cluster=Some(0) active_clusters=1 remaining_cells=20 scans=2
RESULT turn=77 cell=8,17 result=HIT remaining_cells=20 active_clusters=1
turn=77 result=HIT
turn=78 mode=CHASE cluster=0 cluster_len=2 cell=9,17 score=200000.487010 chase_score=10050.487010 prob=0.487010
turn=78 picked cell=9,17 target_cluster=Some(0) active_clusters=1 remaining_cells=19 scans=2
RESULT turn=78 cell=9,17 result=HIT remaining_cells=19 active_clusters=1
turn=78 result=HIT
turn=79 mode=CHASE cluster=0 cluster_len=3 cell=10,17 score=300000.487010 chase_score=10038.487010 prob=0.487010
turn=79 picked cell=10,17 target_cluster=Some(0) active_clusters=1 remaining_cells=18 scans=2
RESULT turn=79 cell=10,17 result=HIT remaining_cells=18 active_clusters=1
turn=79 result=HIT
turn=80 mode=CHASE cluster=0 cluster_len=4 cell=11,17 score=400000.487010 chase_score=10026.487010 prob=0.487010
turn=80 picked cell=11,17 target_cluster=Some(0) active_clusters=1 remaining_cells=17 scans=2
RESULT turn=80 cell=11,17 result=HIT remaining_cells=17 active_clusters=1
turn=80 result=HIT
turn=81 mode=CHASE cluster=0 cluster_len=5 cell=12,17 score=500000.552809 chase_score=10014.552809 prob=0.552809
turn=81 picked cell=12,17 target_cluster=Some(0) active_clusters=1 remaining_cells=16 scans=2
RESULT turn=81 cell=12,17 result=HIT remaining_cells=16 active_clusters=1
turn=81 result=HIT
turn=82 mode=CHASE cluster=0 cluster_len=6 cell=13,17 score=600000.552809 chase_score=10007.552809 prob=0.552809
turn=82 picked cell=13,17 target_cluster=Some(0) active_clusters=1 remaining_cells=15 scans=2
RESULT turn=82 cell=13,17 result=KILL remaining_cells=15 active_clusters=1
turn=82 result=KILL
turn=82 kill_infer inferred_len=7 committed_hits=6 cluster_hits=6
turn=83 picked cell=1,5 target_cluster=None active_clusters=0 remaining_cells=14 scans=2
RESULT turn=83 cell=1,5 result=MISS remaining_cells=14 active_clusters=0
turn=83 result=MISS
turn=84 picked cell=2,3 target_cluster=None active_clusters=0 remaining_cells=14 scans=2
RESULT turn=84 cell=2,3 result=MISS remaining_cells=14 active_clusters=0
turn=84 result=MISS
turn=85 picked cell=4,8 target_cluster=None active_clusters=0 remaining_cells=14 scans=2
RESULT turn=85 cell=4,8 result=MISS remaining_cells=14 active_clusters=0
turn=85 result=MISS
turn=86 picked cell=1,15 target_cluster=None active_clusters=0 remaining_cells=14 scans=2
RESULT turn=86 cell=1,15 result=MISS remaining_cells=14 active_clusters=0
turn=86 result=MISS
turn=87 picked cell=0,6 target_cluster=None active_clusters=0 remaining_cells=14 scans=2
RESULT turn=87 cell=0,6 result=MISS remaining_cells=14 active_clusters=0
turn=87 result=MISS
turn=88 picked cell=8,9 target_cluster=None active_clusters=0 remaining_cells=14 scans=2
RESULT turn=88 cell=8,9 result=MISS remaining_cells=14 active_clusters=0
turn=88 result=MISS
turn=89 picked cell=5,2 target_cluster=None active_clusters=0 remaining_cells=14 scans=2
RESULT turn=89 cell=5,2 result=MISS remaining_cells=14 active_clusters=0
turn=89 result=MISS
turn=90 picked cell=4,1 target_cluster=None active_clusters=0 remaining_cells=14 scans=2
RESULT turn=90 cell=4,1 result=HIT remaining_cells=14 active_clusters=0
turn=90 result=HIT
turn=91 mode=CHASE cluster=0 cluster_len=1 cell=5,1 score=100000.189281 chase_score=5006.689281 prob=0.189281
turn=91 picked cell=5,1 target_cluster=Some(0) active_clusters=1 remaining_cells=13 scans=2
RESULT turn=91 cell=5,1 result=MISS remaining_cells=13 active_clusters=1
turn=91 result=MISS
turn=92 mode=CHASE cluster=0 cluster_len=1 cell=3,1 score=100000.115251 chase_score=5002.865251 prob=0.115251
turn=92 picked cell=3,1 target_cluster=Some(0) active_clusters=1 remaining_cells=13 scans=2
RESULT turn=92 cell=3,1 result=MISS remaining_cells=13 active_clusters=1
turn=92 result=MISS
turn=93 mode=CHASE cluster=0 cluster_len=1 cell=4,0 score=100000.194781 chase_score=5001.694781 prob=0.194781
turn=93 picked cell=4,0 target_cluster=Some(0) active_clusters=1 remaining_cells=13 scans=2
RESULT turn=93 cell=4,0 result=MISS remaining_cells=13 active_clusters=1
turn=93 result=MISS
turn=94 mode=CHASE cluster=0 cluster_len=1 cell=4,2 score=100000.099341 chase_score=5001.599341 prob=0.099341
turn=94 picked cell=4,2 target_cluster=Some(0) active_clusters=1 remaining_cells=13 scans=2
RESULT turn=94 cell=4,2 result=KILL remaining_cells=13 active_clusters=1
turn=94 result=KILL
turn=94 kill_infer inferred_len=2 committed_hits=1 cluster_hits=1
turn=95 picked cell=2,17 target_cluster=None active_clusters=0 remaining_cells=12 scans=2
RESULT turn=95 cell=2,17 result=HIT remaining_cells=12 active_clusters=0
turn=95 result=HIT
turn=96 mode=CHASE cluster=0 cluster_len=1 cell=2,16 score=100000.200505 chase_score=5004.950505 prob=0.200505
turn=96 picked cell=2,16 target_cluster=Some(0) active_clusters=1 remaining_cells=11 scans=2
RESULT turn=96 cell=2,16 result=MISS remaining_cells=11 active_clusters=1
turn=96 result=MISS
turn=97 mode=CHASE cluster=0 cluster_len=1 cell=3,17 score=100000.179100 chase_score=5004.929100 prob=0.179100
turn=97 picked cell=3,17 target_cluster=Some(0) active_clusters=1 remaining_cells=11 scans=2
RESULT turn=97 cell=3,17 result=HIT remaining_cells=11 active_clusters=1
turn=97 result=HIT
turn=98 mode=CHASE cluster=0 cluster_len=2 cell=4,17 score=200000.205667 chase_score=10015.205667 prob=0.205667
turn=98 picked cell=4,17 target_cluster=Some(0) active_clusters=1 remaining_cells=10 scans=2
RESULT turn=98 cell=4,17 result=HIT remaining_cells=10 active_clusters=1
turn=98 result=HIT
turn=99 mode=CHASE cluster=0 cluster_len=3 cell=1,17 score=300000.125966 chase_score=10010.125966 prob=0.125966
turn=99 picked cell=1,17 target_cluster=Some(0) active_clusters=1 remaining_cells=9 scans=2
RESULT turn=99 cell=1,17 result=HIT remaining_cells=9 active_clusters=1
turn=99 result=HIT
turn=100 mode=CHASE cluster=0 cluster_len=4 cell=0,17 score=400000.165565 chase_score=10005.165565 prob=0.165565
turn=100 picked cell=0,17 target_cluster=Some(0) active_clusters=1 remaining_cells=8 scans=2
RESULT turn=100 cell=0,17 result=KILL remaining_cells=8 active_clusters=1
turn=100 result=KILL
turn=100 kill_infer inferred_len=5 committed_hits=4 cluster_hits=4
turn=101 picked cell=15,8 target_cluster=None active_clusters=0 remaining_cells=7 scans=2
RESULT turn=101 cell=15,8 result=MISS remaining_cells=7 active_clusters=0
turn=101 result=MISS
turn=102 picked cell=13,9 target_cluster=None active_clusters=0 remaining_cells=7 scans=2
RESULT turn=102 cell=13,9 result=MISS remaining_cells=7 active_clusters=0
turn=102 result=MISS
turn=103 picked cell=13,5 target_cluster=None active_clusters=0 remaining_cells=7 scans=2
RESULT turn=103 cell=13,5 result=MISS remaining_cells=7 active_clusters=0
turn=103 result=MISS
turn=104 picked cell=14,4 target_cluster=None active_clusters=0 remaining_cells=7 scans=2
RESULT turn=104 cell=14,4 result=MISS remaining_cells=7 active_clusters=0
turn=104 result=MISS
turn=105 picked cell=16,7 target_cluster=None active_clusters=0 remaining_cells=7 scans=2
RESULT turn=105 cell=16,7 result=MISS remaining_cells=7 active_clusters=0
turn=105 result=MISS
turn=106 picked cell=11,1 target_cluster=None active_clusters=0 remaining_cells=7 scans=2
RESULT turn=106 cell=11,1 result=MISS remaining_cells=7 active_clusters=0
turn=106 result=MISS
turn=107 picked cell=10,2 target_cluster=None active_clusters=0 remaining_cells=7 scans=2
RESULT turn=107 cell=10,2 result=MISS remaining_cells=7 active_clusters=0
turn=107 result=MISS
turn=108 picked cell=16,9 target_cluster=None active_clusters=0 remaining_cells=7 scans=2
RESULT turn=108 cell=16,9 result=MISS remaining_cells=7 active_clusters=0
turn=108 result=MISS
turn=109 picked cell=13,3 target_cluster=None active_clusters=0 remaining_cells=7 scans=2
RESULT turn=109 cell=13,3 result=MISS remaining_cells=7 active_clusters=0
turn=109 result=MISS
turn=110 picked cell=16,4 target_cluster=None active_clusters=0 remaining_cells=7 scans=2
RESULT turn=110 cell=16,4 result=MISS remaining_cells=7 active_clusters=0
turn=110 result=MISS
turn=111 picked cell=16,2 target_cluster=None active_clusters=0 remaining_cells=7 scans=2
RESULT turn=111 cell=16,2 result=MISS remaining_cells=7 active_clusters=0
turn=111 result=MISS
turn=112 picked cell=17,3 target_cluster=None active_clusters=0 remaining_cells=7 scans=2
RESULT turn=112 cell=17,3 result=MISS remaining_cells=7 active_clusters=0
turn=112 result=MISS
turn=113 picked cell=14,2 target_cluster=None active_clusters=0 remaining_cells=7 scans=2
RESULT turn=113 cell=14,2 result=MISS remaining_cells=7 active_clusters=0
turn=113 result=MISS
turn=114 picked cell=15,3 target_cluster=None active_clusters=0 remaining_cells=7 scans=2
RESULT turn=114 cell=15,3 result=MISS remaining_cells=7 active_clusters=0
turn=114 result=MISS
turn=115 picked cell=13,1 target_cluster=None active_clusters=0 remaining_cells=7 scans=2
RESULT turn=115 cell=13,1 result=MISS remaining_cells=7 active_clusters=0
turn=115 result=MISS
turn=116 picked cell=15,1 target_cluster=None active_clusters=0 remaining_cells=7 scans=2
RESULT turn=116 cell=15,1 result=MISS remaining_cells=7 active_clusters=0
turn=116 result=MISS
turn=117 picked cell=18,1 target_cluster=None active_clusters=0 remaining_cells=7 scans=2
RESULT turn=117 cell=18,1 result=MISS remaining_cells=7 active_clusters=0
turn=117 result=MISS
turn=118 picked cell=12,6 target_cluster=None active_clusters=0 remaining_cells=7 scans=2
RESULT turn=118 cell=12,6 result=MISS remaining_cells=7 active_clusters=0
turn=118 result=MISS
turn=119 picked cell=10,8 target_cluster=None active_clusters=0 remaining_cells=7 scans=2
RESULT turn=119 cell=10,8 result=MISS remaining_cells=7 active_clusters=0
turn=119 result=MISS
turn=120 picked cell=10,6 target_cluster=None active_clusters=0 remaining_cells=7 scans=2
RESULT turn=120 cell=10,6 result=MISS remaining_cells=7 active_clusters=0
turn=120 result=MISS
turn=121 picked cell=14,8 target_cluster=None active_clusters=0 remaining_cells=7 scans=2
RESULT turn=121 cell=14,8 result=HIT remaining_cells=7 active_clusters=0
turn=121 result=HIT
turn=122 mode=CHASE cluster=0 cluster_len=1 cell=14,9 score=100000.043486 chase_score=5001.043486 prob=0.043486
turn=122 picked cell=14,9 target_cluster=Some(0) active_clusters=1 remaining_cells=6 scans=2
RESULT turn=122 cell=14,9 result=KILL remaining_cells=6 active_clusters=1
turn=122 result=KILL
turn=122 kill_infer inferred_len=2 committed_hits=1 cluster_hits=1
turn=123 picked cell=9,8 target_cluster=None active_clusters=0 remaining_cells=5 scans=2
RESULT turn=123 cell=9,8 result=MISS remaining_cells=5 active_clusters=0
turn=123 result=MISS
turn=124 picked cell=6,8 target_cluster=None active_clusters=0 remaining_cells=5 scans=2
RESULT turn=124 cell=6,8 result=MISS remaining_cells=5 active_clusters=0
turn=124 result=MISS
turn=125 picked cell=8,7 target_cluster=None active_clusters=0 remaining_cells=5 scans=2
RESULT turn=125 cell=8,7 result=MISS remaining_cells=5 active_clusters=0
turn=125 result=MISS
turn=126 picked cell=3,6 target_cluster=None active_clusters=0 remaining_cells=5 scans=2
RESULT turn=126 cell=3,6 result=MISS remaining_cells=5 active_clusters=0
turn=126 result=MISS
turn=127 picked cell=8,2 target_cluster=None active_clusters=0 remaining_cells=5 scans=2
RESULT turn=127 cell=8,2 result=MISS remaining_cells=5 active_clusters=0
turn=127 result=MISS
turn=128 picked cell=2,7 target_cluster=None active_clusters=0 remaining_cells=5 scans=2
RESULT turn=128 cell=2,7 result=MISS remaining_cells=5 active_clusters=0
turn=128 result=MISS
turn=129 picked cell=1,8 target_cluster=None active_clusters=0 remaining_cells=5 scans=2
RESULT turn=129 cell=1,8 result=MISS remaining_cells=5 active_clusters=0
turn=129 result=MISS
turn=130 picked cell=7,1 target_cluster=None active_clusters=0 remaining_cells=5 scans=2
RESULT turn=130 cell=7,1 result=MISS remaining_cells=5 active_clusters=0
turn=130 result=MISS
turn=131 picked cell=9,1 target_cluster=None active_clusters=0 remaining_cells=5 scans=2
RESULT turn=131 cell=9,1 result=MISS remaining_cells=5 active_clusters=0
turn=131 result=MISS
turn=132 picked cell=1,1 target_cluster=None active_clusters=0 remaining_cells=5 scans=2
RESULT turn=132 cell=1,1 result=MISS remaining_cells=5 active_clusters=0
turn=132 result=MISS
turn=133 picked cell=5,9 target_cluster=None active_clusters=0 remaining_cells=5 scans=2
RESULT turn=133 cell=5,9 result=MISS remaining_cells=5 active_clusters=0
turn=133 result=MISS
turn=134 picked cell=8,6 target_cluster=None active_clusters=0 remaining_cells=5 scans=2
RESULT turn=134 cell=8,6 result=MISS remaining_cells=5 active_clusters=0
turn=134 result=MISS
turn=135 picked cell=7,8 target_cluster=None active_clusters=0 remaining_cells=5 scans=2
RESULT turn=135 cell=7,8 result=HIT remaining_cells=5 active_clusters=0
turn=135 result=HIT
turn=136 mode=CHASE cluster=0 cluster_len=1 cell=7,7 score=100000.030421 chase_score=5000.530421 prob=0.030421
turn=136 picked cell=7,7 target_cluster=Some(0) active_clusters=1 remaining_cells=4 scans=2
RESULT turn=136 cell=7,7 result=MISS remaining_cells=4 active_clusters=1
turn=136 result=MISS
turn=137 mode=CHASE cluster=0 cluster_len=1 cell=7,9 score=100000.024905 chase_score=5000.524905 prob=0.024905
turn=137 picked cell=7,9 target_cluster=Some(0) active_clusters=1 remaining_cells=4 scans=2
RESULT turn=137 cell=7,9 result=MISS remaining_cells=4 active_clusters=1
turn=137 result=MISS
turn=138 mode=CHASE cluster=0 cluster_len=1 cell=8,8 score=100000.019259 chase_score=5000.519259 prob=0.019259
turn=138 picked cell=8,8 target_cluster=Some(0) active_clusters=1 remaining_cells=4 scans=2
RESULT turn=138 cell=8,8 result=KILL remaining_cells=4 active_clusters=1
turn=138 result=KILL
turn=138 kill_infer inferred_len=2 committed_hits=1 cluster_hits=1
turn=139 picked cell=10,9 target_cluster=None active_clusters=0 remaining_cells=3 scans=2
RESULT turn=139 cell=10,9 result=MISS remaining_cells=3 active_clusters=0
turn=139 result=MISS
turn=140 picked cell=12,9 target_cluster=None active_clusters=0 remaining_cells=3 scans=2
RESULT turn=140 cell=12,9 result=MISS remaining_cells=3 active_clusters=0
turn=140 result=MISS
turn=141 picked cell=10,7 target_cluster=None active_clusters=0 remaining_cells=3 scans=2
RESULT turn=141 cell=10,7 result=MISS remaining_cells=3 active_clusters=0
turn=141 result=MISS
turn=142 picked cell=12,7 target_cluster=None active_clusters=0 remaining_cells=3 scans=2
RESULT turn=142 cell=12,7 result=MISS remaining_cells=3 active_clusters=0
turn=142 result=MISS
turn=143 picked cell=13,8 target_cluster=None active_clusters=0 remaining_cells=3 scans=2
RESULT turn=143 cell=13,8 result=MISS remaining_cells=3 active_clusters=0
turn=143 result=MISS
turn=144 picked cell=10,5 target_cluster=None active_clusters=0 remaining_cells=3 scans=2
RESULT turn=144 cell=10,5 result=MISS remaining_cells=3 active_clusters=0
turn=144 result=MISS
turn=145 picked cell=13,6 target_cluster=None active_clusters=0 remaining_cells=3 scans=2
RESULT turn=145 cell=13,6 result=MISS remaining_cells=3 active_clusters=0
turn=145 result=MISS
turn=146 picked cell=15,7 target_cluster=None active_clusters=0 remaining_cells=3 scans=2
RESULT turn=146 cell=15,7 result=MISS remaining_cells=3 active_clusters=0
turn=146 result=MISS
turn=147 picked cell=15,9 target_cluster=None active_clusters=0 remaining_cells=3 scans=2
RESULT turn=147 cell=15,9 result=MISS remaining_cells=3 active_clusters=0
turn=147 result=MISS
turn=148 picked cell=17,9 target_cluster=None active_clusters=0 remaining_cells=3 scans=2
RESULT turn=148 cell=17,9 result=MISS remaining_cells=3 active_clusters=0
turn=148 result=MISS
turn=149 picked cell=12,4 target_cluster=None active_clusters=0 remaining_cells=3 scans=2
RESULT turn=149 cell=12,4 result=MISS remaining_cells=3 active_clusters=0
turn=149 result=MISS
turn=150 picked cell=10,3 target_cluster=None active_clusters=0 remaining_cells=3 scans=2
RESULT turn=150 cell=10,3 result=MISS remaining_cells=3 active_clusters=0
turn=150 result=MISS
turn=151 picked cell=14,7 target_cluster=None active_clusters=0 remaining_cells=3 scans=2
RESULT turn=151 cell=14,7 result=MISS remaining_cells=3 active_clusters=0
turn=151 result=MISS
turn=152 picked cell=12,5 target_cluster=None active_clusters=0 remaining_cells=3 scans=2
RESULT turn=152 cell=12,5 result=MISS remaining_cells=3 active_clusters=0
turn=152 result=MISS
turn=153 picked cell=14,5 target_cluster=None active_clusters=0 remaining_cells=3 scans=2
RESULT turn=153 cell=14,5 result=MISS remaining_cells=3 active_clusters=0
turn=153 result=MISS
turn=154 picked cell=11,2 target_cluster=None active_clusters=0 remaining_cells=3 scans=2
RESULT turn=154 cell=11,2 result=MISS remaining_cells=3 active_clusters=0
turn=154 result=MISS
turn=155 picked cell=13,4 target_cluster=None active_clusters=0 remaining_cells=3 scans=2
RESULT turn=155 cell=13,4 result=MISS remaining_cells=3 active_clusters=0
turn=155 result=MISS
turn=156 picked cell=15,6 target_cluster=None active_clusters=0 remaining_cells=3 scans=2
RESULT turn=156 cell=15,6 result=KILL remaining_cells=3 active_clusters=0
turn=156 result=KILL
turn=157 picked cell=9,9 target_cluster=None active_clusters=0 remaining_cells=2 scans=2
RESULT turn=157 cell=9,9 result=MISS remaining_cells=2 active_clusters=0
turn=157 result=MISS
turn=158 picked cell=10,10 target_cluster=None active_clusters=0 remaining_cells=2 scans=2
RESULT turn=158 cell=10,10 result=MISS remaining_cells=2 active_clusters=0
turn=158 result=MISS
turn=159 picked cell=9,7 target_cluster=None active_clusters=0 remaining_cells=2 scans=2
RESULT turn=159 cell=9,7 result=MISS remaining_cells=2 active_clusters=0
turn=159 result=MISS
turn=160 picked cell=10,11 target_cluster=None active_clusters=0 remaining_cells=2 scans=2
RESULT turn=160 cell=10,11 result=MISS remaining_cells=2 active_clusters=0
turn=160 result=MISS
turn=161 picked cell=6,9 target_cluster=None active_clusters=0 remaining_cells=2 scans=2
RESULT turn=161 cell=6,9 result=MISS remaining_cells=2 active_clusters=0
turn=161 result=MISS
turn=162 picked cell=9,6 target_cluster=None active_clusters=0 remaining_cells=2 scans=2
RESULT turn=162 cell=9,6 result=MISS remaining_cells=2 active_clusters=0
turn=162 result=MISS
turn=163 picked cell=12,10 target_cluster=None active_clusters=0 remaining_cells=2 scans=2
RESULT turn=163 cell=12,10 result=MISS remaining_cells=2 active_clusters=0
turn=163 result=MISS
turn=164 picked cell=9,5 target_cluster=None active_clusters=0 remaining_cells=2 scans=2
RESULT turn=164 cell=9,5 result=MISS remaining_cells=2 active_clusters=0
turn=164 result=MISS
turn=165 picked cell=8,5 target_cluster=None active_clusters=0 remaining_cells=2 scans=2
RESULT turn=165 cell=8,5 result=MISS remaining_cells=2 active_clusters=0
turn=165 result=MISS
turn=166 picked cell=7,6 target_cluster=None active_clusters=0 remaining_cells=2 scans=2
RESULT turn=166 cell=7,6 result=MISS remaining_cells=2 active_clusters=0
turn=166 result=MISS
turn=167 picked cell=10,12 target_cluster=None active_clusters=0 remaining_cells=2 scans=2
RESULT turn=167 cell=10,12 result=MISS remaining_cells=2 active_clusters=0
turn=167 result=MISS
turn=168 picked cell=9,11 target_cluster=None active_clusters=0 remaining_cells=2 scans=2
RESULT turn=168 cell=9,11 result=MISS remaining_cells=2 active_clusters=0
turn=168 result=MISS
turn=169 picked cell=6,7 target_cluster=None active_clusters=0 remaining_cells=2 scans=2
RESULT turn=169 cell=6,7 result=MISS remaining_cells=2 active_clusters=0
turn=169 result=MISS
turn=170 picked cell=8,10 target_cluster=None active_clusters=0 remaining_cells=2 scans=2
RESULT turn=170 cell=8,10 result=MISS remaining_cells=2 active_clusters=0
turn=170 result=MISS
turn=171 picked cell=5,8 target_cluster=None active_clusters=0 remaining_cells=2 scans=2
RESULT turn=171 cell=5,8 result=MISS remaining_cells=2 active_clusters=0
turn=171 result=MISS
turn=172 picked cell=4,9 target_cluster=None active_clusters=0 remaining_cells=2 scans=2
RESULT turn=172 cell=4,9 result=MISS remaining_cells=2 active_clusters=0
turn=172 result=MISS
turn=173 picked cell=12,11 target_cluster=None active_clusters=0 remaining_cells=2 scans=2
RESULT turn=173 cell=12,11 result=MISS remaining_cells=2 active_clusters=0
turn=173 result=MISS
turn=174 picked cell=9,12 target_cluster=None active_clusters=0 remaining_cells=2 scans=2
RESULT turn=174 cell=9,12 result=MISS remaining_cells=2 active_clusters=0
turn=174 result=MISS
turn=175 picked cell=5,6 target_cluster=None active_clusters=0 remaining_cells=2 scans=2
RESULT turn=175 cell=5,6 result=MISS remaining_cells=2 active_clusters=0
turn=175 result=MISS
turn=176 picked cell=4,7 target_cluster=None active_clusters=0 remaining_cells=2 scans=2
RESULT turn=176 cell=4,7 result=MISS remaining_cells=2 active_clusters=0
turn=176 result=MISS
turn=177 picked cell=9,3 target_cluster=None active_clusters=0 remaining_cells=2 scans=2
RESULT turn=177 cell=9,3 result=MISS remaining_cells=2 active_clusters=0
turn=177 result=MISS
turn=178 picked cell=3,9 target_cluster=None active_clusters=0 remaining_cells=2 scans=2
RESULT turn=178 cell=3,9 result=MISS remaining_cells=2 active_clusters=0
turn=178 result=MISS
turn=179 picked cell=6,5 target_cluster=None active_clusters=0 remaining_cells=2 scans=2
RESULT turn=179 cell=6,5 result=MISS remaining_cells=2 active_clusters=0
turn=179 result=MISS
turn=180 picked cell=8,12 target_cluster=None active_clusters=0 remaining_cells=2 scans=2
RESULT turn=180 cell=8,12 result=MISS remaining_cells=2 active_clusters=0
turn=180 result=MISS
turn=181 picked cell=3,8 target_cluster=None active_clusters=0 remaining_cells=2 scans=2
RESULT turn=181 cell=3,8 result=MISS remaining_cells=2 active_clusters=0
turn=181 result=MISS
turn=182 picked cell=9,2 target_cluster=None active_clusters=0 remaining_cells=2 scans=2
RESULT turn=182 cell=9,2 result=MISS remaining_cells=2 active_clusters=0
turn=182 result=MISS
turn=183 picked cell=8,3 target_cluster=None active_clusters=0 remaining_cells=2 scans=2
RESULT turn=183 cell=8,3 result=MISS remaining_cells=2 active_clusters=0
turn=183 result=MISS
turn=184 picked cell=1,9 target_cluster=None active_clusters=0 remaining_cells=2 scans=2
RESULT turn=184 cell=1,9 result=MISS remaining_cells=2 active_clusters=0
turn=184 result=MISS
turn=185 picked cell=0,9 target_cluster=None active_clusters=0 remaining_cells=2 scans=2
RESULT turn=185 cell=0,9 result=MISS remaining_cells=2 active_clusters=0
turn=185 result=MISS
turn=186 picked cell=4,6 target_cluster=None active_clusters=0 remaining_cells=2 scans=2
RESULT turn=186 cell=4,6 result=MISS remaining_cells=2 active_clusters=0
turn=186 result=MISS
turn=187 picked cell=7,3 target_cluster=None active_clusters=0 remaining_cells=2 scans=2
RESULT turn=187 cell=7,3 result=MISS remaining_cells=2 active_clusters=0
turn=187 result=MISS
turn=188 picked cell=2,8 target_cluster=None active_clusters=0 remaining_cells=2 scans=2
RESULT turn=188 cell=2,8 result=MISS remaining_cells=2 active_clusters=0
turn=188 result=MISS
turn=189 picked cell=5,5 target_cluster=None active_clusters=0 remaining_cells=2 scans=2
RESULT turn=189 cell=5,5 result=MISS remaining_cells=2 active_clusters=0
turn=189 result=MISS
turn=190 picked cell=7,2 target_cluster=None active_clusters=0 remaining_cells=2 scans=2
RESULT turn=190 cell=7,2 result=MISS remaining_cells=2 active_clusters=0
turn=190 result=MISS
turn=191 picked cell=4,5 target_cluster=None active_clusters=0 remaining_cells=2 scans=2
RESULT turn=191 cell=4,5 result=MISS remaining_cells=2 active_clusters=0
turn=191 result=MISS
turn=192 picked cell=8,1 target_cluster=None active_clusters=0 remaining_cells=2 scans=2
RESULT turn=192 cell=8,1 result=MISS remaining_cells=2 active_clusters=0
turn=192 result=MISS
turn=193 picked cell=3,7 target_cluster=None active_clusters=0 remaining_cells=2 scans=2
RESULT turn=193 cell=3,7 result=MISS remaining_cells=2 active_clusters=0
turn=193 result=MISS
turn=194 picked cell=1,7 target_cluster=None active_clusters=0 remaining_cells=2 scans=2
RESULT turn=194 cell=1,7 result=MISS remaining_cells=2 active_clusters=0
turn=194 result=MISS
turn=195 picked cell=2,6 target_cluster=None active_clusters=0 remaining_cells=2 scans=2
RESULT turn=195 cell=2,6 result=MISS remaining_cells=2 active_clusters=0
turn=195 result=MISS
turn=196 picked cell=3,5 target_cluster=None active_clusters=0 remaining_cells=2 scans=2
RESULT turn=196 cell=3,5 result=MISS remaining_cells=2 active_clusters=0
turn=196 result=MISS
turn=197 picked cell=6,3 target_cluster=None active_clusters=0 remaining_cells=2 scans=2
RESULT turn=197 cell=6,3 result=MISS remaining_cells=2 active_clusters=0
turn=197 result=MISS
turn=198 picked cell=9,0 target_cluster=None active_clusters=0 remaining_cells=2 scans=2
RESULT turn=198 cell=9,0 result=MISS remaining_cells=2 active_clusters=0
turn=198 result=MISS
turn=199 picked cell=4,3 target_cluster=None active_clusters=0 remaining_cells=2 scans=2
RESULT turn=199 cell=4,3 result=MISS remaining_cells=2 active_clusters=0
turn=199 result=MISS
turn=200 picked cell=8,0 target_cluster=None active_clusters=0 remaining_cells=2 scans=2
RESULT turn=200 cell=8,0 result=MISS remaining_cells=2 active_clusters=0
turn=200 result=MISS
turn=201 picked cell=5,3 target_cluster=None active_clusters=0 remaining_cells=2 scans=2
RESULT turn=201 cell=5,3 result=MISS remaining_cells=2 active_clusters=0
turn=201 result=MISS
turn=202 picked cell=0,8 target_cluster=None active_clusters=0 remaining_cells=2 scans=2
RESULT turn=202 cell=0,8 result=MISS remaining_cells=2 active_clusters=0
turn=202 result=MISS
turn=203 picked cell=7,0 target_cluster=None active_clusters=0 remaining_cells=2 scans=2
RESULT turn=203 cell=7,0 result=MISS remaining_cells=2 active_clusters=0
turn=203 result=MISS
turn=204 picked cell=6,1 target_cluster=None active_clusters=0 remaining_cells=2 scans=2
RESULT turn=204 cell=6,1 result=MISS remaining_cells=2 active_clusters=0
turn=204 result=MISS
turn=205 picked cell=6,2 target_cluster=None active_clusters=0 remaining_cells=2 scans=2
RESULT turn=205 cell=6,2 result=MISS remaining_cells=2 active_clusters=0
turn=205 result=MISS
turn=206 picked cell=1,6 target_cluster=None active_clusters=0 remaining_cells=2 scans=2
RESULT turn=206 cell=1,6 result=MISS remaining_cells=2 active_clusters=0
turn=206 result=MISS
turn=207 picked cell=2,4 target_cluster=None active_clusters=0 remaining_cells=2 scans=2
RESULT turn=207 cell=2,4 result=MISS remaining_cells=2 active_clusters=0
turn=207 result=MISS
turn=208 picked cell=0,7 target_cluster=None active_clusters=0 remaining_cells=2 scans=2
RESULT turn=208 cell=0,7 result=MISS remaining_cells=2 active_clusters=0
turn=208 result=MISS
turn=209 picked cell=2,5 target_cluster=None active_clusters=0 remaining_cells=2 scans=2
RESULT turn=209 cell=2,5 result=MISS remaining_cells=2 active_clusters=0
turn=209 result=MISS
turn=210 picked cell=1,4 target_cluster=None active_clusters=0 remaining_cells=2 scans=2
RESULT turn=210 cell=1,4 result=MISS remaining_cells=2 active_clusters=0
turn=210 result=MISS
turn=211 picked cell=0,5 target_cluster=None active_clusters=0 remaining_cells=2 scans=2
RESULT turn=211 cell=0,5 result=MISS remaining_cells=2 active_clusters=0
turn=211 result=MISS
turn=212 picked cell=6,0 target_cluster=None active_clusters=0 remaining_cells=2 scans=2
RESULT turn=212 cell=6,0 result=MISS remaining_cells=2 active_clusters=0
turn=212 result=MISS
turn=213 picked cell=3,2 target_cluster=None active_clusters=0 remaining_cells=2 scans=2
RESULT turn=213 cell=3,2 result=MISS remaining_cells=2 active_clusters=0
turn=213 result=MISS
turn=214 picked cell=1,3 target_cluster=None active_clusters=0 remaining_cells=2 scans=2
RESULT turn=214 cell=1,3 result=MISS remaining_cells=2 active_clusters=0
turn=214 result=MISS
turn=215 picked cell=2,2 target_cluster=None active_clusters=0 remaining_cells=2 scans=2
RESULT turn=215 cell=2,2 result=MISS remaining_cells=2 active_clusters=0
turn=215 result=MISS
turn=216 picked cell=3,3 target_cluster=None active_clusters=0 remaining_cells=2 scans=2
RESULT turn=216 cell=3,3 result=MISS remaining_cells=2 active_clusters=0
turn=216 result=MISS
turn=217 picked cell=0,4 target_cluster=None active_clusters=0 remaining_cells=2 scans=2
RESULT turn=217 cell=0,4 result=MISS remaining_cells=2 active_clusters=0
turn=217 result=MISS
turn=218 picked cell=5,0 target_cluster=None active_clusters=0 remaining_cells=2 scans=2
RESULT turn=218 cell=5,0 result=MISS remaining_cells=2 active_clusters=0
turn=218 result=MISS
turn=219 picked cell=1,2 target_cluster=None active_clusters=0 remaining_cells=2 scans=2
RESULT turn=219 cell=1,2 result=MISS remaining_cells=2 active_clusters=0
turn=219 result=MISS
turn=220 picked cell=2,0 target_cluster=None active_clusters=0 remaining_cells=2 scans=2
RESULT turn=220 cell=2,0 result=MISS remaining_cells=2 active_clusters=0
turn=220 result=MISS
turn=221 picked cell=0,2 target_cluster=None active_clusters=0 remaining_cells=2 scans=2
RESULT turn=221 cell=0,2 result=MISS remaining_cells=2 active_clusters=0
turn=221 result=MISS
turn=222 picked cell=3,0 target_cluster=None active_clusters=0 remaining_cells=2 scans=2
RESULT turn=222 cell=3,0 result=MISS remaining_cells=2 active_clusters=0
turn=222 result=MISS
turn=223 picked cell=1,0 target_cluster=None active_clusters=0 remaining_cells=2 scans=2
RESULT turn=223 cell=1,0 result=MISS remaining_cells=2 active_clusters=0
turn=223 result=MISS
turn=224 picked cell=2,1 target_cluster=None active_clusters=0 remaining_cells=2 scans=2
RESULT turn=224 cell=2,1 result=MISS remaining_cells=2 active_clusters=0
turn=224 result=MISS
turn=225 picked cell=0,3 target_cluster=None active_clusters=0 remaining_cells=2 scans=2
RESULT turn=225 cell=0,3 result=MISS remaining_cells=2 active_clusters=0
turn=225 result=MISS
turn=226 picked cell=0,1 target_cluster=None active_clusters=0 remaining_cells=2 scans=2
RESULT turn=226 cell=0,1 result=MISS remaining_cells=2 active_clusters=0
turn=226 result=MISS
turn=227 picked cell=0,0 target_cluster=None active_clusters=0 remaining_cells=2 scans=2
RESULT turn=227 cell=0,0 result=MISS remaining_cells=2 active_clusters=0
turn=227 result=MISS
turn=228 picked cell=16,8 target_cluster=None active_clusters=0 remaining_cells=2 scans=2
RESULT turn=228 cell=16,8 result=MISS remaining_cells=2 active_clusters=0
turn=228 result=MISS
turn=229 picked cell=12,3 target_cluster=None active_clusters=0 remaining_cells=2 scans=2
RESULT turn=229 cell=12,3 result=MISS remaining_cells=2 active_clusters=0
turn=229 result=MISS
turn=230 picked cell=19,8 target_cluster=None active_clusters=0 remaining_cells=2 scans=2
RESULT turn=230 cell=19,8 result=MISS remaining_cells=2 active_clusters=0
turn=230 result=MISS
turn=231 picked cell=17,7 target_cluster=None active_clusters=0 remaining_cells=2 scans=2
RESULT turn=231 cell=17,7 result=MISS remaining_cells=2 active_clusters=0
turn=231 result=MISS
turn=232 picked cell=16,6 target_cluster=None active_clusters=0 remaining_cells=2 scans=2
RESULT turn=232 cell=16,6 result=MISS remaining_cells=2 active_clusters=0
turn=232 result=MISS
turn=233 picked cell=17,8 target_cluster=None active_clusters=0 remaining_cells=2 scans=2
RESULT turn=233 cell=17,8 result=MISS remaining_cells=2 active_clusters=0
turn=233 result=MISS
turn=234 picked cell=10,1 target_cluster=None active_clusters=0 remaining_cells=2 scans=2
RESULT turn=234 cell=10,1 result=MISS remaining_cells=2 active_clusters=0
turn=234 result=MISS
turn=235 picked cell=10,0 target_cluster=None active_clusters=0 remaining_cells=2 scans=2
RESULT turn=235 cell=10,0 result=MISS remaining_cells=2 active_clusters=0
turn=235 result=MISS
turn=236 picked cell=11,0 target_cluster=None active_clusters=0 remaining_cells=2 scans=2
RESULT turn=236 cell=11,0 result=MISS remaining_cells=2 active_clusters=0
turn=236 result=MISS
turn=237 picked cell=19,9 target_cluster=None active_clusters=0 remaining_cells=2 scans=2
RESULT turn=237 cell=19,9 result=MISS remaining_cells=2 active_clusters=0
turn=237 result=MISS
turn=238 picked cell=15,4 target_cluster=None active_clusters=0 remaining_cells=2 scans=2
RESULT turn=238 cell=15,4 result=MISS remaining_cells=2 active_clusters=0
turn=238 result=MISS
turn=239 picked cell=12,1 target_cluster=None active_clusters=0 remaining_cells=2 scans=2
RESULT turn=239 cell=12,1 result=MISS remaining_cells=2 active_clusters=0
turn=239 result=MISS
turn=240 picked cell=16,5 target_cluster=None active_clusters=0 remaining_cells=2 scans=2
RESULT turn=240 cell=16,5 result=MISS remaining_cells=2 active_clusters=0
turn=240 result=MISS
turn=241 picked cell=12,0 target_cluster=None active_clusters=0 remaining_cells=2 scans=2
RESULT turn=241 cell=12,0 result=MISS remaining_cells=2 active_clusters=0
turn=241 result=MISS
turn=242 picked cell=17,6 target_cluster=None active_clusters=0 remaining_cells=2 scans=2
RESULT turn=242 cell=17,6 result=MISS remaining_cells=2 active_clusters=0
turn=242 result=MISS
turn=243 picked cell=13,2 target_cluster=None active_clusters=0 remaining_cells=2 scans=2
RESULT turn=243 cell=13,2 result=MISS remaining_cells=2 active_clusters=0
turn=243 result=MISS
turn=244 picked cell=13,0 target_cluster=None active_clusters=0 remaining_cells=2 scans=2
RESULT turn=244 cell=13,0 result=MISS remaining_cells=2 active_clusters=0
turn=244 result=MISS
turn=245 picked cell=14,3 target_cluster=None active_clusters=0 remaining_cells=2 scans=2
RESULT turn=245 cell=14,3 result=MISS remaining_cells=2 active_clusters=0
turn=245 result=MISS
turn=246 picked cell=17,5 target_cluster=None active_clusters=0 remaining_cells=2 scans=2
RESULT turn=246 cell=17,5 result=MISS remaining_cells=2 active_clusters=0
turn=246 result=MISS
turn=247 picked cell=17,4 target_cluster=None active_clusters=0 remaining_cells=2 scans=2
RESULT turn=247 cell=17,4 result=MISS remaining_cells=2 active_clusters=0
turn=247 result=MISS
turn=248 picked cell=19,7 target_cluster=None active_clusters=0 remaining_cells=2 scans=2
RESULT turn=248 cell=19,7 result=MISS remaining_cells=2 active_clusters=0
turn=248 result=MISS
turn=249 picked cell=15,2 target_cluster=None active_clusters=0 remaining_cells=2 scans=2
RESULT turn=249 cell=15,2 result=MISS remaining_cells=2 active_clusters=0
turn=249 result=MISS
turn=250 picked cell=19,5 target_cluster=None active_clusters=0 remaining_cells=2 scans=2
RESULT turn=250 cell=19,5 result=MISS remaining_cells=2 active_clusters=0
turn=250 result=MISS
turn=251 picked cell=19,4 target_cluster=None active_clusters=0 remaining_cells=2 scans=2
RESULT turn=251 cell=19,4 result=MISS remaining_cells=2 active_clusters=0
turn=251 result=MISS
turn=252 picked cell=16,3 target_cluster=None active_clusters=0 remaining_cells=2 scans=2
RESULT turn=252 cell=16,3 result=MISS remaining_cells=2 active_clusters=0
turn=252 result=MISS
turn=253 picked cell=19,6 target_cluster=None active_clusters=0 remaining_cells=2 scans=2
RESULT turn=253 cell=19,6 result=MISS remaining_cells=2 active_clusters=0
turn=253 result=MISS
turn=254 picked cell=14,1 target_cluster=None active_clusters=0 remaining_cells=2 scans=2
RESULT turn=254 cell=14,1 result=MISS remaining_cells=2 active_clusters=0
turn=254 result=MISS
turn=255 picked cell=18,3 target_cluster=None active_clusters=0 remaining_cells=2 scans=2
RESULT turn=255 cell=18,3 result=MISS remaining_cells=2 active_clusters=0
turn=255 result=MISS
turn=256 picked cell=17,2 target_cluster=None active_clusters=0 remaining_cells=2 scans=2
RESULT turn=256 cell=17,2 result=MISS remaining_cells=2 active_clusters=0
turn=256 result=MISS
turn=257 picked cell=14,0 target_cluster=None active_clusters=0 remaining_cells=2 scans=2
RESULT turn=257 cell=14,0 result=MISS remaining_cells=2 active_clusters=0
turn=257 result=MISS
turn=258 picked cell=16,1 target_cluster=None active_clusters=0 remaining_cells=2 scans=2
RESULT turn=258 cell=16,1 result=MISS remaining_cells=2 active_clusters=0
turn=258 result=MISS
turn=259 picked cell=17,1 target_cluster=None active_clusters=0 remaining_cells=2 scans=2
RESULT turn=259 cell=17,1 result=MISS remaining_cells=2 active_clusters=0
turn=259 result=MISS
turn=260 picked cell=19,3 target_cluster=None active_clusters=0 remaining_cells=2 scans=2
RESULT turn=260 cell=19,3 result=MISS remaining_cells=2 active_clusters=0
turn=260 result=MISS
turn=261 picked cell=15,0 target_cluster=None active_clusters=0 remaining_cells=2 scans=2
RESULT turn=261 cell=15,0 result=MISS remaining_cells=2 active_clusters=0
turn=261 result=MISS
turn=262 picked cell=18,2 target_cluster=None active_clusters=0 remaining_cells=2 scans=2
RESULT turn=262 cell=18,2 result=MISS remaining_cells=2 active_clusters=0
turn=262 result=MISS
turn=263 picked cell=16,0 target_cluster=None active_clusters=0 remaining_cells=2 scans=2
RESULT turn=263 cell=16,0 result=MISS remaining_cells=2 active_clusters=0
turn=263 result=MISS
turn=264 picked cell=17,0 target_cluster=None active_clusters=0 remaining_cells=2 scans=2
RESULT turn=264 cell=17,0 result=MISS remaining_cells=2 active_clusters=0
turn=264 result=MISS
turn=265 picked cell=19,2 target_cluster=None active_clusters=0 remaining_cells=2 scans=2
RESULT turn=265 cell=19,2 result=KILL remaining_cells=2 active_clusters=0
turn=265 result=KILL
turn=266 picked cell=7,11 target_cluster=None active_clusters=0 remaining_cells=1 scans=2
RESULT turn=266 cell=7,11 result=MISS remaining_cells=1 active_clusters=0
turn=266 result=MISS
turn=267 picked cell=8,14 target_cluster=None active_clusters=0 remaining_cells=1 scans=2
RESULT turn=267 cell=8,14 result=MISS remaining_cells=1 active_clusters=0
turn=267 result=MISS
turn=268 picked cell=9,15 target_cluster=None active_clusters=0 remaining_cells=1 scans=2
RESULT turn=268 cell=9,15 result=MISS remaining_cells=1 active_clusters=0
turn=268 result=MISS
turn=269 picked cell=6,11 target_cluster=None active_clusters=0 remaining_cells=1 scans=2
RESULT turn=269 cell=6,11 result=MISS remaining_cells=1 active_clusters=0
turn=269 result=MISS
turn=270 picked cell=5,11 target_cluster=None active_clusters=0 remaining_cells=1 scans=2
RESULT turn=270 cell=5,11 result=MISS remaining_cells=1 active_clusters=0
turn=270 result=MISS
turn=271 picked cell=6,12 target_cluster=None active_clusters=0 remaining_cells=1 scans=2
RESULT turn=271 cell=6,12 result=MISS remaining_cells=1 active_clusters=0
turn=271 result=MISS
turn=272 picked cell=5,12 target_cluster=None active_clusters=0 remaining_cells=1 scans=2
RESULT turn=272 cell=5,12 result=MISS remaining_cells=1 active_clusters=0
turn=272 result=MISS
turn=273 picked cell=6,14 target_cluster=None active_clusters=0 remaining_cells=1 scans=2
RESULT turn=273 cell=6,14 result=MISS remaining_cells=1 active_clusters=0
turn=273 result=MISS
turn=274 picked cell=7,15 target_cluster=None active_clusters=0 remaining_cells=1 scans=2
RESULT turn=274 cell=7,15 result=MISS remaining_cells=1 active_clusters=0
turn=274 result=MISS
turn=275 picked cell=7,14 target_cluster=None active_clusters=0 remaining_cells=1 scans=2
RESULT turn=275 cell=7,14 result=MISS remaining_cells=1 active_clusters=0
turn=275 result=MISS
turn=276 picked cell=3,11 target_cluster=None active_clusters=0 remaining_cells=1 scans=2
RESULT turn=276 cell=3,11 result=MISS remaining_cells=1 active_clusters=0
turn=276 result=MISS
turn=277 picked cell=4,12 target_cluster=None active_clusters=0 remaining_cells=1 scans=2
RESULT turn=277 cell=4,12 result=MISS remaining_cells=1 active_clusters=0
turn=277 result=MISS
turn=278 picked cell=4,11 target_cluster=None active_clusters=0 remaining_cells=1 scans=2
RESULT turn=278 cell=4,11 result=MISS remaining_cells=1 active_clusters=0
turn=278 result=MISS
turn=279 picked cell=3,13 target_cluster=None active_clusters=0 remaining_cells=1 scans=2
RESULT turn=279 cell=3,13 result=MISS remaining_cells=1 active_clusters=0
turn=279 result=MISS
turn=280 picked cell=6,15 target_cluster=None active_clusters=0 remaining_cells=1 scans=2
RESULT turn=280 cell=6,15 result=MISS remaining_cells=1 active_clusters=0
turn=280 result=MISS
turn=281 picked cell=0,10 target_cluster=None active_clusters=0 remaining_cells=1 scans=2
RESULT turn=281 cell=0,10 result=MISS remaining_cells=1 active_clusters=0
turn=281 result=MISS
turn=282 picked cell=5,15 target_cluster=None active_clusters=0 remaining_cells=1 scans=2
RESULT turn=282 cell=5,15 result=MISS remaining_cells=1 active_clusters=0
turn=282 result=MISS
turn=283 picked cell=9,18 target_cluster=None active_clusters=0 remaining_cells=1 scans=2
RESULT turn=283 cell=9,18 result=MISS remaining_cells=1 active_clusters=0
turn=283 result=MISS
turn=284 picked cell=4,14 target_cluster=None active_clusters=0 remaining_cells=1 scans=2
RESULT turn=284 cell=4,14 result=MISS remaining_cells=1 active_clusters=0
turn=284 result=MISS
turn=285 picked cell=5,14 target_cluster=None active_clusters=0 remaining_cells=1 scans=2
RESULT turn=285 cell=5,14 result=MISS remaining_cells=1 active_clusters=0
turn=285 result=MISS
turn=286 picked cell=4,15 target_cluster=None active_clusters=0 remaining_cells=1 scans=2
RESULT turn=286 cell=4,15 result=MISS remaining_cells=1 active_clusters=0
turn=286 result=MISS
turn=287 picked cell=3,12 target_cluster=None active_clusters=0 remaining_cells=1 scans=2
RESULT turn=287 cell=3,12 result=MISS remaining_cells=1 active_clusters=0
turn=287 result=MISS
turn=288 picked cell=0,11 target_cluster=None active_clusters=0 remaining_cells=1 scans=2
RESULT turn=288 cell=0,11 result=MISS remaining_cells=1 active_clusters=0
turn=288 result=MISS
turn=289 picked cell=9,19 target_cluster=None active_clusters=0 remaining_cells=1 scans=2
RESULT turn=289 cell=9,19 result=MISS remaining_cells=1 active_clusters=0
turn=289 result=MISS
turn=290 picked cell=2,12 target_cluster=None active_clusters=0 remaining_cells=1 scans=2
RESULT turn=290 cell=2,12 result=MISS remaining_cells=1 active_clusters=0
turn=290 result=MISS
turn=291 picked cell=8,18 target_cluster=None active_clusters=0 remaining_cells=1 scans=2
RESULT turn=291 cell=8,18 result=MISS remaining_cells=1 active_clusters=0
turn=291 result=MISS
turn=292 picked cell=1,11 target_cluster=None active_clusters=0 remaining_cells=1 scans=2
RESULT turn=292 cell=1,11 result=MISS remaining_cells=1 active_clusters=0
turn=292 result=MISS
turn=293 picked cell=8,19 target_cluster=None active_clusters=0 remaining_cells=1 scans=2
RESULT turn=293 cell=8,19 result=MISS remaining_cells=1 active_clusters=0
turn=293 result=MISS
turn=294 picked cell=6,17 target_cluster=None active_clusters=0 remaining_cells=1 scans=2
RESULT turn=294 cell=6,17 result=MISS remaining_cells=1 active_clusters=0
turn=294 result=MISS
turn=295 picked cell=4,16 target_cluster=None active_clusters=0 remaining_cells=1 scans=2
RESULT turn=295 cell=4,16 result=MISS remaining_cells=1 active_clusters=0
turn=295 result=MISS
turn=296 picked cell=5,17 target_cluster=None active_clusters=0 remaining_cells=1 scans=2
RESULT turn=296 cell=5,17 result=MISS remaining_cells=1 active_clusters=0
turn=296 result=MISS
turn=297 picked cell=7,18 target_cluster=None active_clusters=0 remaining_cells=1 scans=2
RESULT turn=297 cell=7,18 result=MISS remaining_cells=1 active_clusters=0
turn=297 result=MISS
turn=298 picked cell=7,19 target_cluster=None active_clusters=0 remaining_cells=1 scans=2
RESULT turn=298 cell=7,19 result=MISS remaining_cells=1 active_clusters=0
turn=298 result=MISS
turn=299 picked cell=1,12 target_cluster=None active_clusters=0 remaining_cells=1 scans=2
RESULT turn=299 cell=1,12 result=MISS remaining_cells=1 active_clusters=0
turn=299 result=MISS
turn=300 picked cell=1,13 target_cluster=None active_clusters=0 remaining_cells=1 scans=2
RESULT turn=300 cell=1,13 result=MISS remaining_cells=1 active_clusters=0
turn=300 result=MISS
turn=301 picked cell=2,13 target_cluster=None active_clusters=0 remaining_cells=1 scans=2
RESULT turn=301 cell=2,13 result=MISS remaining_cells=1 active_clusters=0
turn=301 result=MISS
turn=302 picked cell=3,15 target_cluster=None active_clusters=0 remaining_cells=1 scans=2
RESULT turn=302 cell=3,15 result=MISS remaining_cells=1 active_clusters=0
turn=302 result=MISS
turn=303 picked cell=2,14 target_cluster=None active_clusters=0 remaining_cells=1 scans=2
RESULT turn=303 cell=2,14 result=MISS remaining_cells=1 active_clusters=0
turn=303 result=MISS
turn=304 picked cell=6,19 target_cluster=None active_clusters=0 remaining_cells=1 scans=2
RESULT turn=304 cell=6,19 result=MISS remaining_cells=1 active_clusters=0
turn=304 result=MISS
turn=305 picked cell=0,13 target_cluster=None active_clusters=0 remaining_cells=1 scans=2
RESULT turn=305 cell=0,13 result=MISS remaining_cells=1 active_clusters=0
turn=305 result=MISS
turn=306 picked cell=3,16 target_cluster=None active_clusters=0 remaining_cells=1 scans=2
RESULT turn=306 cell=3,16 result=MISS remaining_cells=1 active_clusters=0
turn=306 result=MISS
turn=307 picked cell=5,18 target_cluster=None active_clusters=0 remaining_cells=1 scans=2
RESULT turn=307 cell=5,18 result=MISS remaining_cells=1 active_clusters=0
turn=307 result=MISS
turn=308 picked cell=1,14 target_cluster=None active_clusters=0 remaining_cells=1 scans=2
RESULT turn=308 cell=1,14 result=MISS remaining_cells=1 active_clusters=0
turn=308 result=MISS
turn=309 picked cell=5,19 target_cluster=None active_clusters=0 remaining_cells=1 scans=2
RESULT turn=309 cell=5,19 result=MISS remaining_cells=1 active_clusters=0
turn=309 result=MISS
turn=310 picked cell=2,15 target_cluster=None active_clusters=0 remaining_cells=1 scans=2
RESULT turn=310 cell=2,15 result=KILL remaining_cells=1 active_clusters=0
turn=310 result=KILL
