GAME n=20 p=0.583787 remaining_cells=68 remaining=[0, 2, 0, 2, 1, 1, 1, 0, 1, 3, 1]
turn=1 mode=SCAN region=0,0,9,19
turn=1 result=SCAN count=42
turn=2 mode=SCAN region=0,0,19,9
turn=2 result=SCAN count=33
turn=3 picked cell=9,10 target_cluster=None active_clusters=0 remaining_cells=68 scans=2
RESULT turn=3 cell=9,10 result=MISS remaining_cells=68 active_clusters=0
turn=3 result=MISS
turn=4 picked cell=8,11 target_cluster=None active_clusters=0 remaining_cells=68 scans=2
RESULT turn=4 cell=8,11 result=HIT remaining_cells=68 active_clusters=0
turn=4 result=HIT
turn=5 mode=CHASE cluster=0 cluster_len=1 cell=9,11 score=100001.158187 chase_score=5110.158187 prob=1.158187
turn=5 picked cell=9,11 target_cluster=Some(0) active_clusters=1 remaining_cells=67 scans=2
RESULT turn=5 cell=9,11 result=HIT remaining_cells=67 active_clusters=1
turn=5 result=HIT
turn=6 mode=CHASE cluster=0 cluster_len=2 cell=10,11 score=200002.064716 chase_score=10372.064716 prob=2.064716
turn=6 picked cell=10,11 target_cluster=Some(0) active_clusters=1 remaining_cells=66 scans=2
RESULT turn=6 cell=10,11 result=MISS remaining_cells=66 active_clusters=1
turn=6 result=MISS
turn=7 mode=CHASE cluster=0 cluster_len=2 cell=7,11 score=200001.371277 chase_score=10067.371277 prob=1.371277
turn=7 picked cell=7,11 target_cluster=Some(0) active_clusters=1 remaining_cells=66 scans=2
RESULT turn=7 cell=7,11 result=HIT remaining_cells=66 active_clusters=1
turn=7 result=HIT
turn=8 mode=CHASE cluster=0 cluster_len=3 cell=6,11 score=300001.399615 chase_score=10061.399615 prob=1.399615
turn=8 picked cell=6,11 target_cluster=Some(0) active_clusters=1 remaining_cells=65 scans=2
RESULT turn=8 cell=6,11 result=HIT remaining_cells=65 active_clusters=1
turn=8 result=HIT
turn=9 mode=CHASE cluster=0 cluster_len=4 cell=5,11 score=400001.420652 chase_score=10057.420652 prob=1.420652
turn=9 picked cell=5,11 target_cluster=Some(0) active_clusters=1 remaining_cells=64 scans=2
RESULT turn=9 cell=5,11 result=HIT remaining_cells=64 active_clusters=1
turn=9 result=HIT
turn=10 mode=CHASE cluster=0 cluster_len=5 cell=4,11 score=500001.420652 chase_score=10052.420652 prob=1.420652
turn=10 picked cell=4,11 target_cluster=Some(0) active_clusters=1 remaining_cells=63 scans=2
RESULT turn=10 cell=4,11 result=HIT remaining_cells=63 active_clusters=1
turn=10 result=HIT
turn=11 mode=CHASE cluster=0 cluster_len=6 cell=3,11 score=600001.399615 chase_score=10046.399615 prob=1.399615
turn=11 picked cell=3,11 target_cluster=Some(0) active_clusters=1 remaining_cells=62 scans=2
RESULT turn=11 cell=3,11 result=HIT remaining_cells=62 active_clusters=1
turn=11 result=HIT
turn=12 mode=CHASE cluster=0 cluster_len=7 cell=2,11 score=700001.371277 chase_score=10046.371277 prob=1.371277
turn=12 picked cell=2,11 target_cluster=Some(0) active_clusters=1 remaining_cells=61 scans=2
RESULT turn=12 cell=2,11 result=HIT remaining_cells=61 active_clusters=1
turn=12 result=HIT
turn=13 mode=CHASE cluster=0 cluster_len=8 cell=1,11 score=800001.315493 chase_score=10038.315493 prob=1.315493
turn=13 picked cell=1,11 target_cluster=Some(0) active_clusters=1 remaining_cells=60 scans=2
RESULT turn=13 cell=1,11 result=KILL remaining_cells=60 active_clusters=1
turn=13 result=KILL
turn=13 kill_infer inferred_len=9 committed_hits=8 cluster_hits=8
turn=14 picked cell=11,9 target_cluster=None active_clusters=0 remaining_cells=59 scans=2
RESULT turn=14 cell=11,9 result=MISS remaining_cells=59 active_clusters=0
turn=14 result=MISS
turn=15 picked cell=12,8 target_cluster=None active_clusters=0 remaining_cells=59 scans=2
RESULT turn=15 cell=12,8 result=MISS remaining_cells=59 active_clusters=0
turn=15 result=MISS
turn=16 picked cell=8,5 target_cluster=None active_clusters=0 remaining_cells=59 scans=2
RESULT turn=16 cell=8,5 result=MISS remaining_cells=59 active_clusters=0
turn=16 result=MISS
turn=17 picked cell=13,7 target_cluster=None active_clusters=0 remaining_cells=59 scans=2
RESULT turn=17 cell=13,7 result=MISS remaining_cells=59 active_clusters=0
turn=17 result=MISS
turn=18 picked cell=7,4 target_cluster=None active_clusters=0 remaining_cells=59 scans=2
RESULT turn=18 cell=7,4 result=MISS remaining_cells=59 active_clusters=0
turn=18 result=MISS
turn=19 picked cell=9,6 target_cluster=None active_clusters=0 remaining_cells=59 scans=2
RESULT turn=19 cell=9,6 result=MISS remaining_cells=59 active_clusters=0
turn=19 result=MISS
turn=20 picked cell=6,3 target_cluster=None active_clusters=0 remaining_cells=59 scans=2
RESULT turn=20 cell=6,3 result=MISS remaining_cells=59 active_clusters=0
turn=20 result=MISS
turn=21 picked cell=0,9 target_cluster=None active_clusters=0 remaining_cells=59 scans=2
RESULT turn=21 cell=0,9 result=MISS remaining_cells=59 active_clusters=0
turn=21 result=MISS
turn=22 picked cell=10,2 target_cluster=None active_clusters=0 remaining_cells=59 scans=2
RESULT turn=22 cell=10,2 result=MISS remaining_cells=59 active_clusters=0
turn=22 result=MISS
turn=23 picked cell=14,12 target_cluster=None active_clusters=0 remaining_cells=59 scans=2
RESULT turn=23 cell=14,12 result=MISS remaining_cells=59 active_clusters=0
turn=23 result=MISS
turn=24 picked cell=5,7 target_cluster=None active_clusters=0 remaining_cells=59 scans=2
RESULT turn=24 cell=5,7 result=MISS remaining_cells=59 active_clusters=0
turn=24 result=MISS
turn=25 picked cell=9,1 target_cluster=None active_clusters=0 remaining_cells=59 scans=2
RESULT turn=25 cell=9,1 result=HIT remaining_cells=59 active_clusters=0
turn=25 result=HIT
turn=26 mode=CHASE cluster=0 cluster_len=1 cell=8,1 score=100001.634544 chase_score=5092.634544 prob=1.634544
turn=26 picked cell=8,1 target_cluster=Some(0) active_clusters=1 remaining_cells=58 scans=2
RESULT turn=26 cell=8,1 result=MISS remaining_cells=58 active_clusters=1
turn=26 result=MISS
turn=27 mode=CHASE cluster=0 cluster_len=1 cell=10,1 score=100000.436014 chase_score=5014.686014 prob=0.436014
turn=27 picked cell=10,1 target_cluster=Some(0) active_clusters=1 remaining_cells=58 scans=2
RESULT turn=27 cell=10,1 result=HIT remaining_cells=58 active_clusters=1
turn=27 result=HIT
turn=28 mode=CHASE cluster=0 cluster_len=2 cell=11,1 score=200000.860716 chase_score=10057.860716 prob=0.860716
turn=28 picked cell=11,1 target_cluster=Some(0) active_clusters=1 remaining_cells=57 scans=2
RESULT turn=28 cell=11,1 result=HIT remaining_cells=57 active_clusters=1
turn=28 result=HIT
turn=29 mode=CHASE cluster=0 cluster_len=3 cell=12,1 score=300000.831066 chase_score=10051.831066 prob=0.831066
turn=29 picked cell=12,1 target_cluster=Some(0) active_clusters=1 remaining_cells=56 scans=2
RESULT turn=29 cell=12,1 result=HIT remaining_cells=56 active_clusters=1
turn=29 result=HIT
turn=30 mode=CHASE cluster=0 cluster_len=4 cell=13,1 score=400000.835142 chase_score=10047.835142 prob=0.835142
turn=30 picked cell=13,1 target_cluster=Some(0) active_clusters=1 remaining_cells=55 scans=2
RESULT turn=30 cell=13,1 result=HIT remaining_cells=55 active_clusters=1
turn=30 result=HIT
turn=31 mode=CHASE cluster=0 cluster_len=5 cell=14,1 score=500001.156361 chase_score=10043.156361 prob=1.156361
turn=31 picked cell=14,1 target_cluster=Some(0) active_clusters=1 remaining_cells=54 scans=2
RESULT turn=31 cell=14,1 result=KILL remaining_cells=54 active_clusters=1
turn=31 result=KILL
turn=31 kill_infer inferred_len=6 committed_hits=5 cluster_hits=5
turn=32 picked cell=9,15 target_cluster=None active_clusters=0 remaining_cells=53 scans=2
RESULT turn=32 cell=9,15 result=HIT remaining_cells=53 active_clusters=0
turn=32 result=HIT
turn=33 mode=CHASE cluster=0 cluster_len=1 cell=10,15 score=100001.824912 chase_score=5085.324912 prob=1.824912
turn=33 picked cell=10,15 target_cluster=Some(0) active_clusters=1 remaining_cells=52 scans=2
RESULT turn=33 cell=10,15 result=HIT remaining_cells=52 active_clusters=1
turn=33 result=HIT
turn=34 mode=CHASE cluster=0 cluster_len=2 cell=11,15 score=200002.060492 chase_score=10285.060492 prob=2.060492
turn=34 picked cell=11,15 target_cluster=Some(0) active_clusters=1 remaining_cells=51 scans=2
RESULT turn=34 cell=11,15 result=HIT remaining_cells=51 active_clusters=1
turn=34 result=HIT
turn=35 mode=CHASE cluster=0 cluster_len=3 cell=12,15 score=300002.091897 chase_score=10234.091897 prob=2.091897
turn=35 picked cell=12,15 target_cluster=Some(0) active_clusters=1 remaining_cells=50 scans=2
RESULT turn=35 cell=12,15 result=HIT remaining_cells=50 active_clusters=1
turn=35 result=HIT
turn=36 mode=CHASE cluster=0 cluster_len=4 cell=13,15 score=400002.091897 chase_score=10189.091897 prob=2.091897
turn=36 picked cell=13,15 target_cluster=Some(0) active_clusters=1 remaining_cells=49 scans=2
RESULT turn=36 cell=13,15 result=HIT remaining_cells=49 active_clusters=1
turn=36 result=HIT
turn=37 mode=CHASE cluster=0 cluster_len=5 cell=8,15 score=500001.776675 chase_score=10147.776675 prob=1.776675
turn=37 picked cell=8,15 target_cluster=Some(0) active_clusters=1 remaining_cells=48 scans=2
RESULT turn=37 cell=8,15 result=HIT remaining_cells=48 active_clusters=1
turn=37 result=HIT
turn=38 mode=CHASE cluster=0 cluster_len=6 cell=7,15 score=600001.649945 chase_score=10111.649945 prob=1.649945
turn=38 picked cell=7,15 target_cluster=Some(0) active_clusters=1 remaining_cells=47 scans=2
RESULT turn=38 cell=7,15 result=MISS remaining_cells=47 active_clusters=1
turn=38 result=MISS
turn=39 mode=CHASE cluster=0 cluster_len=6 cell=14,15 score=600000.975312 chase_score=10036.975312 prob=0.975312
turn=39 picked cell=14,15 target_cluster=Some(0) active_clusters=1 remaining_cells=47 scans=2
RESULT turn=39 cell=14,15 result=HIT remaining_cells=47 active_clusters=1
turn=39 result=HIT
turn=40 mode=CHASE cluster=0 cluster_len=7 cell=15,15 score=700001.842048 chase_score=10037.842048 prob=1.842048
turn=40 picked cell=15,15 target_cluster=Some(0) active_clusters=1 remaining_cells=46 scans=2
RESULT turn=40 cell=15,15 result=HIT remaining_cells=46 active_clusters=1
turn=40 result=HIT
turn=41 mode=CHASE cluster=0 cluster_len=8 cell=16,15 score=800001.793210 chase_score=10029.793210 prob=1.793210
turn=41 picked cell=16,15 target_cluster=Some(0) active_clusters=1 remaining_cells=45 scans=2
RESULT turn=41 cell=16,15 result=KILL remaining_cells=45 active_clusters=1
turn=41 result=KILL
turn=41 kill_infer inferred_len=9 committed_hits=8 cluster_hits=8
turn=42 picked cell=9,0 target_cluster=None active_clusters=0 remaining_cells=44 scans=2
RESULT turn=42 cell=9,0 result=HIT remaining_cells=44 active_clusters=0
turn=42 result=HIT
turn=43 mode=CHASE cluster=0 cluster_len=1 cell=10,0 score=100001.467761 chase_score=5066.967761 prob=1.467761
turn=43 picked cell=10,0 target_cluster=Some(0) active_clusters=1 remaining_cells=43 scans=2
RESULT turn=43 cell=10,0 result=HIT remaining_cells=43 active_clusters=1
turn=43 result=HIT
turn=44 mode=CHASE cluster=0 cluster_len=2 cell=8,0 score=200001.411935 chase_score=10221.411935 prob=1.411935
turn=44 picked cell=8,0 target_cluster=Some(0) active_clusters=1 remaining_cells=42 scans=2
RESULT turn=44 cell=8,0 result=HIT remaining_cells=42 active_clusters=1
turn=44 result=HIT
turn=45 mode=CHASE cluster=0 cluster_len=3 cell=11,0 score=300001.411935 chase_score=10179.411935 prob=1.411935
turn=45 picked cell=11,0 target_cluster=Some(0) active_clusters=1 remaining_cells=41 scans=2
RESULT turn=45 cell=11,0 result=MISS remaining_cells=41 active_clusters=1
turn=45 result=MISS
turn=46 mode=CHASE cluster=0 cluster_len=3 cell=7,0 score=300000.647766 chase_score=10036.647766 prob=0.647766
turn=46 picked cell=7,0 target_cluster=Some(0) active_clusters=1 remaining_cells=41 scans=2
RESULT turn=46 cell=7,0 result=HIT remaining_cells=41 active_clusters=1
turn=46 result=HIT
turn=47 mode=CHASE cluster=0 cluster_len=4 cell=6,0 score=400000.652304 chase_score=10032.652304 prob=0.652304
turn=47 picked cell=6,0 target_cluster=Some(0) active_clusters=1 remaining_cells=40 scans=2
RESULT turn=47 cell=6,0 result=HIT remaining_cells=40 active_clusters=1
turn=47 result=HIT
turn=48 mode=CHASE cluster=0 cluster_len=5 cell=5,0 score=500000.684894 chase_score=10027.684894 prob=0.684894
turn=48 picked cell=5,0 target_cluster=Some(0) active_clusters=1 remaining_cells=39 scans=2
RESULT turn=48 cell=5,0 result=HIT remaining_cells=39 active_clusters=1
turn=48 result=HIT
turn=49 mode=CHASE cluster=0 cluster_len=6 cell=4,0 score=600000.828900 chase_score=10027.828900 prob=0.828900
turn=49 picked cell=4,0 target_cluster=Some(0) active_clusters=1 remaining_cells=38 scans=2
RESULT turn=49 cell=4,0 result=HIT remaining_cells=38 active_clusters=1
turn=49 result=HIT
turn=50 mode=CHASE cluster=0 cluster_len=7 cell=3,0 score=700000.810336 chase_score=10027.810336 prob=0.810336
turn=50 picked cell=3,0 target_cluster=Some(0) active_clusters=1 remaining_cells=37 scans=2
RESULT turn=50 cell=3,0 result=HIT remaining_cells=37 active_clusters=1
turn=50 result=HIT
turn=51 mode=CHASE cluster=0 cluster_len=8 cell=2,0 score=800000.740089 chase_score=10019.740089 prob=0.740089
turn=51 picked cell=2,0 target_cluster=Some(0) active_clusters=1 remaining_cells=36 scans=2
RESULT turn=51 cell=2,0 result=KILL remaining_cells=36 active_clusters=1
turn=51 result=KILL
turn=51 kill_infer inferred_len=9 committed_hits=8 cluster_hits=8
turn=52 picked cell=4,8 target_cluster=None active_clusters=0 remaining_cells=35 scans=2
RESULT turn=52 cell=4,8 result=MISS remaining_cells=35 active_clusters=0
turn=52 result=MISS
turn=53 picked cell=6,12 target_cluster=None active_clusters=0 remaining_cells=35 scans=2
RESULT turn=53 cell=6,12 result=MISS remaining_cells=35 active_clusters=0
turn=53 result=MISS
turn=54 picked cell=9,18 target_cluster=None active_clusters=0 remaining_cells=35 scans=2
RESULT turn=54 cell=9,18 result=MISS remaining_cells=35 active_clusters=0
turn=54 result=MISS
turn=55 picked cell=9,13 target_cluster=None active_clusters=0 remaining_cells=35 scans=2
RESULT turn=55 cell=9,13 result=HIT remaining_cells=35 active_clusters=0
turn=55 result=HIT
turn=56 mode=CHASE cluster=0 cluster_len=1 cell=10,13 score=100001.289706 chase_score=5048.789706 prob=1.289706
turn=56 picked cell=10,13 target_cluster=Some(0) active_clusters=1 remaining_cells=34 scans=2
RESULT turn=56 cell=10,13 result=MISS remaining_cells=34 active_clusters=1
turn=56 result=MISS
turn=57 mode=CHASE cluster=0 cluster_len=1 cell=8,13 score=100000.321964 chase_score=5008.571964 prob=0.321964
turn=57 picked cell=8,13 target_cluster=Some(0) active_clusters=1 remaining_cells=34 scans=2
RESULT turn=57 cell=8,13 result=HIT remaining_cells=34 active_clusters=1
turn=57 result=HIT
turn=58 mode=CHASE cluster=0 cluster_len=2 cell=7,13 score=200000.427349 chase_score=10033.427349 prob=0.427349
turn=58 picked cell=7,13 target_cluster=Some(0) active_clusters=1 remaining_cells=33 scans=2
RESULT turn=58 cell=7,13 result=HIT remaining_cells=33 active_clusters=1
turn=58 result=HIT
turn=59 mode=CHASE cluster=0 cluster_len=3 cell=6,13 score=300000.502148 chase_score=10027.502148 prob=0.502148
turn=59 picked cell=6,13 target_cluster=Some(0) active_clusters=1 remaining_cells=32 scans=2
RESULT turn=59 cell=6,13 result=HIT remaining_cells=32 active_clusters=1
turn=59 result=HIT
turn=60 mode=CHASE cluster=0 cluster_len=4 cell=5,13 score=400000.628862 chase_score=10023.628862 prob=0.628862
turn=60 picked cell=5,13 target_cluster=Some(0) active_clusters=1 remaining_cells=31 scans=2
RESULT turn=60 cell=5,13 result=HIT remaining_cells=31 active_clusters=1
turn=60 result=HIT
turn=61 mode=CHASE cluster=0 cluster_len=5 cell=4,13 score=500000.628862 chase_score=10018.628862 prob=0.628862
turn=61 picked cell=4,13 target_cluster=Some(0) active_clusters=1 remaining_cells=30 scans=2
RESULT turn=61 cell=4,13 result=HIT remaining_cells=30 active_clusters=1
turn=61 result=HIT
turn=62 mode=CHASE cluster=0 cluster_len=6 cell=3,13 score=600000.607533 chase_score=10018.607533 prob=0.607533
turn=62 picked cell=3,13 target_cluster=Some(0) active_clusters=1 remaining_cells=29 scans=2
RESULT turn=62 cell=3,13 result=HIT remaining_cells=29 active_clusters=1
turn=62 result=HIT
turn=63 mode=CHASE cluster=0 cluster_len=7 cell=2,13 score=700000.570133 chase_score=10018.570133 prob=0.570133
turn=63 picked cell=2,13 target_cluster=Some(0) active_clusters=1 remaining_cells=28 scans=2
RESULT turn=63 cell=2,13 result=KILL remaining_cells=28 active_clusters=1
turn=63 result=KILL
turn=63 kill_infer inferred_len=8 committed_hits=7 cluster_hits=7
turn=64 picked cell=17,9 target_cluster=None active_clusters=0 remaining_cells=27 scans=2
RESULT turn=64 cell=17,9 result=MISS remaining_cells=27 active_clusters=0
turn=64 result=MISS
turn=65 picked cell=15,4 target_cluster=None active_clusters=0 remaining_cells=27 scans=2
RESULT turn=65 cell=15,4 result=HIT remaining_cells=27 active_clusters=0
turn=65 result=HIT
turn=66 mode=CHASE cluster=0 cluster_len=1 cell=15,5 score=100001.228167 chase_score=5024.728167 prob=1.228167
turn=66 picked cell=15,5 target_cluster=Some(0) active_clusters=1 remaining_cells=26 scans=2
RESULT turn=66 cell=15,5 result=MISS remaining_cells=26 active_clusters=1
turn=66 result=MISS
turn=67 mode=CHASE cluster=0 cluster_len=1 cell=16,4 score=100001.292926 chase_score=5019.792926 prob=1.292926
turn=67 picked cell=16,4 target_cluster=Some(0) active_clusters=1 remaining_cells=26 scans=2
RESULT turn=67 cell=16,4 result=HIT remaining_cells=26 active_clusters=1
turn=67 result=HIT
turn=68 mode=CHASE cluster=0 cluster_len=2 cell=14,4 score=200000.885636 chase_score=10059.885636 prob=0.885636
turn=68 picked cell=14,4 target_cluster=Some(0) active_clusters=1 remaining_cells=25 scans=2
RESULT turn=68 cell=14,4 result=HIT remaining_cells=25 active_clusters=1
turn=68 result=HIT
turn=69 mode=CHASE cluster=0 cluster_len=3 cell=17,4 score=300000.795046 chase_score=10044.795046 prob=0.795046
turn=69 picked cell=17,4 target_cluster=Some(0) active_clusters=1 remaining_cells=24 scans=2
RESULT turn=69 cell=17,4 result=HIT remaining_cells=24 active_clusters=1
turn=69 result=HIT
turn=70 mode=CHASE cluster=0 cluster_len=4 cell=13,4 score=400000.724480 chase_score=10035.724480 prob=0.724480
turn=70 picked cell=13,4 target_cluster=Some(0) active_clusters=1 remaining_cells=23 scans=2
RESULT turn=70 cell=13,4 result=HIT remaining_cells=23 active_clusters=1
turn=70 result=HIT
turn=71 mode=CHASE cluster=0 cluster_len=5 cell=12,4 score=500000.769411 chase_score=10030.769411 prob=0.769411
turn=71 picked cell=12,4 target_cluster=Some(0) active_clusters=1 remaining_cells=22 scans=2
RESULT turn=71 cell=12,4 result=HIT remaining_cells=22 active_clusters=1
turn=71 result=HIT
turn=72 mode=CHASE cluster=0 cluster_len=6 cell=11,4 score=600000.769411 chase_score=10030.769411 prob=0.769411
turn=72 picked cell=11,4 target_cluster=Some(0) active_clusters=1 remaining_cells=21 scans=2
RESULT turn=72 cell=11,4 result=HIT remaining_cells=21 active_clusters=1
turn=72 result=HIT
turn=73 mode=CHASE cluster=0 cluster_len=7 cell=10,4 score=700000.651899 chase_score=10030.651899 prob=0.651899
turn=73 picked cell=10,4 target_cluster=Some(0) active_clusters=1 remaining_cells=20 scans=2
RESULT turn=73 cell=10,4 result=HIT remaining_cells=20 active_clusters=1
turn=73 result=HIT
turn=74 mode=CHASE cluster=0 cluster_len=8 cell=18,4 score=800001.084825 chase_score=10021.084825 prob=1.084825
turn=74 picked cell=18,4 target_cluster=Some(0) active_clusters=1 remaining_cells=19 scans=2
RESULT turn=74 cell=18,4 result=HIT remaining_cells=19 active_clusters=1
turn=74 result=HIT
turn=75 mode=CHASE cluster=0 cluster_len=9 cell=19,4 score=900000.921654 chase_score=10010.921654 prob=0.921654
turn=75 picked cell=19,4 target_cluster=Some(0) active_clusters=1 remaining_cells=18 scans=2
RESULT turn=75 cell=19,4 result=MISS remaining_cells=18 active_clusters=1
turn=75 result=MISS
turn=76 mode=CHASE cluster=0 cluster_len=9 cell=9,4 score=900000.441929 chase_score=10010.441929 prob=0.441929
turn=76 picked cell=9,4 target_cluster=Some(0) active_clusters=1 remaining_cells=18 scans=2
RESULT turn=76 cell=9,4 result=KILL remaining_cells=18 active_clusters=1
turn=76 result=KILL
turn=76 kill_infer inferred_len=10 committed_hits=9 cluster_hits=9
turn=77 picked cell=3,6 target_cluster=None active_clusters=0 remaining_cells=17 scans=2
RESULT turn=77 cell=3,6 result=MISS remaining_cells=17 active_clusters=0
turn=77 result=MISS
turn=78 picked cell=5,16 target_cluster=None active_clusters=0 remaining_cells=17 scans=2
RESULT turn=78 cell=5,16 result=MISS remaining_cells=17 active_clusters=0
turn=78 result=MISS
turn=79 picked cell=4,17 target_cluster=None active_clusters=0 remaining_cells=17 scans=2
RESULT turn=79 cell=4,17 result=MISS remaining_cells=17 active_clusters=0
turn=79 result=MISS
turn=80 picked cell=2,5 target_cluster=None active_clusters=0 remaining_cells=17 scans=2
RESULT turn=80 cell=2,5 result=MISS remaining_cells=17 active_clusters=0
turn=80 result=MISS
turn=81 picked cell=4,4 target_cluster=None active_clusters=0 remaining_cells=17 scans=2
RESULT turn=81 cell=4,4 result=MISS remaining_cells=17 active_clusters=0
turn=81 result=MISS
turn=82 picked cell=6,9 target_cluster=None active_clusters=0 remaining_cells=17 scans=2
RESULT turn=82 cell=6,9 result=HIT remaining_cells=17 active_clusters=0
turn=82 result=HIT
turn=83 mode=CHASE cluster=0 cluster_len=1 cell=7,9 score=100000.282889 chase_score=5011.282889 prob=0.282889
turn=83 picked cell=7,9 target_cluster=Some(0) active_clusters=1 remaining_cells=16 scans=2
RESULT turn=83 cell=7,9 result=MISS remaining_cells=16 active_clusters=1
turn=83 result=MISS
turn=84 mode=CHASE cluster=0 cluster_len=1 cell=6,8 score=100000.256651 chase_score=5007.756651 prob=0.256651
turn=84 picked cell=6,8 target_cluster=Some(0) active_clusters=1 remaining_cells=16 scans=2
RESULT turn=84 cell=6,8 result=HIT remaining_cells=16 active_clusters=1
turn=84 result=HIT
turn=85 mode=CHASE cluster=0 cluster_len=2 cell=6,7 score=200000.220315 chase_score=10024.220315 prob=0.220315
turn=85 picked cell=6,7 target_cluster=Some(0) active_clusters=1 remaining_cells=15 scans=2
RESULT turn=85 cell=6,7 result=HIT remaining_cells=15 active_clusters=1
turn=85 result=HIT
turn=86 mode=CHASE cluster=0 cluster_len=3 cell=6,6 score=300000.255181 chase_score=10014.255181 prob=0.255181
turn=86 picked cell=6,6 target_cluster=Some(0) active_clusters=1 remaining_cells=14 scans=2
RESULT turn=86 cell=6,6 result=HIT remaining_cells=14 active_clusters=1
turn=86 result=HIT
turn=87 mode=CHASE cluster=0 cluster_len=4 cell=6,10 score=400000.207282 chase_score=10005.207282 prob=0.207282
turn=87 picked cell=6,10 target_cluster=Some(0) active_clusters=1 remaining_cells=13 scans=2
RESULT turn=87 cell=6,10 result=KILL remaining_cells=13 active_clusters=1
turn=87 result=KILL
turn=87 kill_infer inferred_len=5 committed_hits=4 cluster_hits=4
turn=88 picked cell=2,16 target_cluster=None active_clusters=0 remaining_cells=12 scans=2
RESULT turn=88 cell=2,16 result=MISS remaining_cells=12 active_clusters=0
turn=88 result=MISS
turn=89 picked cell=3,15 target_cluster=None active_clusters=0 remaining_cells=12 scans=2
RESULT turn=89 cell=3,15 result=MISS remaining_cells=12 active_clusters=0
turn=89 result=MISS
turn=90 picked cell=6,17 target_cluster=None active_clusters=0 remaining_cells=12 scans=2
RESULT turn=90 cell=6,17 result=MISS remaining_cells=12 active_clusters=0
turn=90 result=MISS
turn=91 picked cell=1,14 target_cluster=None active_clusters=0 remaining_cells=12 scans=2
RESULT turn=91 cell=1,14 result=MISS remaining_cells=12 active_clusters=0
turn=91 result=MISS
turn=92 picked cell=3,18 target_cluster=None active_clusters=0 remaining_cells=12 scans=2
RESULT turn=92 cell=3,18 result=MISS remaining_cells=12 active_clusters=0
turn=92 result=MISS
turn=93 picked cell=7,19 target_cluster=None active_clusters=0 remaining_cells=12 scans=2
RESULT turn=93 cell=7,19 result=MISS remaining_cells=12 active_clusters=0
turn=93 result=MISS
turn=94 picked cell=6,14 target_cluster=None active_clusters=0 remaining_cells=12 scans=2
RESULT turn=94 cell=6,14 result=MISS remaining_cells=12 active_clusters=0
turn=94 result=MISS
turn=95 picked cell=1,17 target_cluster=None active_clusters=0 remaining_cells=12 scans=2
RESULT turn=95 cell=1,17 result=MISS remaining_cells=12 active_clusters=0
turn=95 result=MISS
turn=96 picked cell=0,12 target_cluster=None active_clusters=0 remaining_cells=12 scans=2
RESULT turn=96 cell=0,12 result=HIT remaining_cells=12 active_clusters=0
turn=96 result=HIT
turn=97 mode=CHASE cluster=0 cluster_len=1 cell=0,13 score=100000.119973 chase_score=5006.119973 prob=0.119973
turn=97 picked cell=0,13 target_cluster=Some(0) active_clusters=1 remaining_cells=11 scans=2
RESULT turn=97 cell=0,13 result=MISS remaining_cells=11 active_clusters=1
turn=97 result=MISS
turn=98 mode=CHASE cluster=0 cluster_len=1 cell=1,12 score=100000.074737 chase_score=5002.574737 prob=0.074737
turn=98 picked cell=1,12 target_cluster=Some(0) active_clusters=1 remaining_cells=11 scans=2
RESULT turn=98 cell=1,12 result=HIT remaining_cells=11 active_clusters=1
turn=98 result=HIT
turn=99 mode=CHASE cluster=0 cluster_len=2 cell=2,12 score=200000.107235 chase_score=10010.107235 prob=0.107235
turn=99 picked cell=2,12 target_cluster=Some(0) active_clusters=1 remaining_cells=10 scans=2
RESULT turn=99 cell=2,12 result=HIT remaining_cells=10 active_clusters=1
turn=99 result=HIT
turn=100 mode=CHASE cluster=0 cluster_len=3 cell=3,12 score=300000.107235 chase_score=10004.107235 prob=0.107235
turn=100 picked cell=3,12 target_cluster=Some(0) active_clusters=1 remaining_cells=9 scans=2
RESULT turn=100 cell=3,12 result=KILL remaining_cells=9 active_clusters=1
turn=100 result=KILL
turn=100 kill_infer inferred_len=4 committed_hits=3 cluster_hits=3
turn=101 picked cell=8,8 target_cluster=None active_clusters=0 remaining_cells=8 scans=2
RESULT turn=101 cell=8,8 result=MISS remaining_cells=8 active_clusters=0
turn=101 result=MISS
turn=102 picked cell=12,10 target_cluster=None active_clusters=0 remaining_cells=8 scans=2
RESULT turn=102 cell=12,10 result=MISS remaining_cells=8 active_clusters=0
turn=102 result=MISS
turn=103 picked cell=11,12 target_cluster=None active_clusters=0 remaining_cells=8 scans=2
RESULT turn=103 cell=11,12 result=MISS remaining_cells=8 active_clusters=0
turn=103 result=MISS
turn=104 picked cell=3,3 target_cluster=None active_clusters=0 remaining_cells=8 scans=2
RESULT turn=104 cell=3,3 result=MISS remaining_cells=8 active_clusters=0
turn=104 result=MISS
turn=105 picked cell=10,7 target_cluster=None active_clusters=0 remaining_cells=8 scans=2
RESULT turn=105 cell=10,7 result=MISS remaining_cells=8 active_clusters=0
turn=105 result=MISS
turn=106 picked cell=3,9 target_cluster=None active_clusters=0 remaining_cells=8 scans=2
RESULT turn=106 cell=3,9 result=MISS remaining_cells=8 active_clusters=0
turn=106 result=MISS
turn=107 picked cell=1,8 target_cluster=None active_clusters=0 remaining_cells=8 scans=2
RESULT turn=107 cell=1,8 result=MISS remaining_cells=8 active_clusters=0
turn=107 result=MISS
turn=108 picked cell=5,5 target_cluster=None active_clusters=0 remaining_cells=8 scans=2
RESULT turn=108 cell=5,5 result=MISS remaining_cells=8 active_clusters=0
turn=108 result=MISS
turn=109 picked cell=2,7 target_cluster=None active_clusters=0 remaining_cells=8 scans=2
RESULT turn=109 cell=2,7 result=MISS remaining_cells=8 active_clusters=0
turn=109 result=MISS
turn=110 picked cell=15,8 target_cluster=None active_clusters=0 remaining_cells=8 scans=2
RESULT turn=110 cell=15,8 result=MISS remaining_cells=8 active_clusters=0
turn=110 result=MISS
turn=111 picked cell=5,2 target_cluster=None active_clusters=0 remaining_cells=8 scans=2
RESULT turn=111 cell=5,2 result=MISS remaining_cells=8 active_clusters=0
turn=111 result=MISS
turn=112 picked cell=1,4 target_cluster=None active_clusters=0 remaining_cells=8 scans=2
RESULT turn=112 cell=1,4 result=MISS remaining_cells=8 active_clusters=0
turn=112 result=MISS
turn=113 picked cell=2,2 target_cluster=None active_clusters=0 remaining_cells=8 scans=2
RESULT turn=113 cell=2,2 result=MISS remaining_cells=8 active_clusters=0
turn=113 result=MISS
turn=114 picked cell=14,9 target_cluster=None active_clusters=0 remaining_cells=8 scans=2
RESULT turn=114 cell=14,9 result=MISS remaining_cells=8 active_clusters=0
turn=114 result=MISS
turn=115 picked cell=13,11 target_cluster=None active_clusters=0 remaining_cells=8 scans=2
RESULT turn=115 cell=13,11 result=MISS remaining_cells=8 active_clusters=0
turn=115 result=MISS
turn=116 picked cell=9,12 target_cluster=None active_clusters=0 remaining_cells=8 scans=2
RESULT turn=116 cell=9,12 result=MISS remaining_cells=8 active_clusters=0
turn=116 result=MISS
turn=117 picked cell=12,13 target_cluster=None active_clusters=0 remaining_cells=8 scans=2
RESULT turn=117 cell=12,13 result=MISS remaining_cells=8 active_clusters=0
turn=117 result=MISS
turn=118 picked cell=9,14 target_cluster=None active_clusters=0 remaining_cells=8 scans=2
RESULT turn=118 cell=9,14 result=MISS remaining_cells=8 active_clusters=0
turn=118 result=MISS
turn=119 picked cell=16,7 target_cluster=None active_clusters=0 remaining_cells=8 scans=2
RESULT turn=119 cell=16,7 result=MISS remaining_cells=8 active_clusters=0
turn=119 result=MISS
turn=120 picked cell=16,10 target_cluster=None active_clusters=0 remaining_cells=8 scans=2
RESULT turn=120 cell=16,10 result=MISS remaining_cells=8 active_clusters=0
turn=120 result=MISS
turn=121 picked cell=17,13 target_cluster=None active_clusters=0 remaining_cells=8 scans=2
RESULT turn=121 cell=17,13 result=MISS remaining_cells=8 active_clusters=0
turn=121 result=MISS
turn=122 picked cell=17,16 target_cluster=None active_clusters=0 remaining_cells=8 scans=2
RESULT turn=122 cell=17,16 result=MISS remaining_cells=8 active_clusters=0
turn=122 result=MISS
turn=123 picked cell=2,10 target_cluster=None active_clusters=0 remaining_cells=8 scans=2
RESULT turn=123 cell=2,10 result=MISS remaining_cells=8 active_clusters=0
turn=123 result=MISS
turn=124 picked cell=0,6 target_cluster=None active_clusters=0 remaining_cells=8 scans=2
RESULT turn=124 cell=0,6 result=MISS remaining_cells=8 active_clusters=0
turn=124 result=MISS
turn=125 picked cell=8,17 target_cluster=None active_clusters=0 remaining_cells=8 scans=2
RESULT turn=125 cell=8,17 result=MISS remaining_cells=8 active_clusters=0
turn=125 result=MISS
turn=126 picked cell=4,1 target_cluster=None active_clusters=0 remaining_cells=8 scans=2
RESULT turn=126 cell=4,1 result=MISS remaining_cells=8 active_clusters=0
turn=126 result=MISS
turn=127 picked cell=0,3 target_cluster=None active_clusters=0 remaining_cells=8 scans=2
RESULT turn=127 cell=0,3 result=MISS remaining_cells=8 active_clusters=0
turn=127 result=MISS
turn=128 picked cell=1,1 target_cluster=None active_clusters=0 remaining_cells=8 scans=2
RESULT turn=128 cell=1,1 result=MISS remaining_cells=8 active_clusters=0
turn=128 result=MISS
turn=129 picked cell=14,6 target_cluster=None active_clusters=0 remaining_cells=8 scans=2
RESULT turn=129 cell=14,6 result=HIT remaining_cells=8 active_clusters=0
turn=129 result=HIT
turn=130 mode=CHASE cluster=0 cluster_len=1 cell=15,6 score=100000.097259 chase_score=5003.097259 prob=0.097259
turn=130 picked cell=15,6 target_cluster=Some(0) active_clusters=1 remaining_cells=7 scans=2
RESULT turn=130 cell=15,6 result=MISS remaining_cells=7 active_clusters=1
turn=130 result=MISS
turn=131 mode=CHASE cluster=0 cluster_len=1 cell=14,7 score=100000.070034 chase_score=5003.070034 prob=0.070034
turn=131 picked cell=14,7 target_cluster=Some(0) active_clusters=1 remaining_cells=7 scans=2
RESULT turn=131 cell=14,7 result=MISS remaining_cells=7 active_clusters=1
turn=131 result=MISS
turn=132 mode=CHASE cluster=0 cluster_len=1 cell=13,6 score=100000.070701 chase_score=5001.570701 prob=0.070701
turn=132 picked cell=13,6 target_cluster=Some(0) active_clusters=1 remaining_cells=7 scans=2
RESULT turn=132 cell=13,6 result=HIT remaining_cells=7 active_clusters=1
turn=132 result=HIT
turn=133 mode=CHASE cluster=0 cluster_len=2 cell=12,6 score=200000.128469 chase_score=10006.128469 prob=0.128469
turn=133 picked cell=12,6 target_cluster=Some(0) active_clusters=1 remaining_cells=6 scans=2
RESULT turn=133 cell=12,6 result=KILL remaining_cells=6 active_clusters=1
turn=133 result=KILL
turn=133 kill_infer inferred_len=3 committed_hits=2 cluster_hits=2
turn=134 picked cell=2,19 target_cluster=None active_clusters=0 remaining_cells=5 scans=2
RESULT turn=134 cell=2,19 result=MISS remaining_cells=5 active_clusters=0
turn=134 result=MISS
turn=135 picked cell=7,16 target_cluster=None active_clusters=0 remaining_cells=5 scans=2
RESULT turn=135 cell=7,16 result=MISS remaining_cells=5 active_clusters=0
turn=135 result=MISS
turn=136 picked cell=6,18 target_cluster=None active_clusters=0 remaining_cells=5 scans=2
RESULT turn=136 cell=6,18 result=MISS remaining_cells=5 active_clusters=0
turn=136 result=MISS
turn=137 picked cell=4,14 target_cluster=None active_clusters=0 remaining_cells=5 scans=2
RESULT turn=137 cell=4,14 result=MISS remaining_cells=5 active_clusters=0
turn=137 result=MISS
turn=138 picked cell=5,19 target_cluster=None active_clusters=0 remaining_cells=5 scans=2
RESULT turn=138 cell=5,19 result=HIT remaining_cells=5 active_clusters=0
turn=138 result=HIT
turn=139 mode=CHASE cluster=0 cluster_len=1 cell=4,19 score=100000.043723 chase_score=5001.543723 prob=0.043723
turn=139 picked cell=4,19 target_cluster=Some(0) active_clusters=1 remaining_cells=4 scans=2
RESULT turn=139 cell=4,19 result=HIT remaining_cells=4 active_clusters=1
turn=139 result=HIT
turn=140 mode=CHASE cluster=0 cluster_len=2 cell=3,19 score=200000.028460 chase_score=10003.028460 prob=0.028460
turn=140 picked cell=3,19 target_cluster=Some(0) active_clusters=1 remaining_cells=3 scans=2
RESULT turn=140 cell=3,19 result=KILL remaining_cells=3 active_clusters=1
turn=140 result=KILL
turn=140 kill_infer inferred_len=3 committed_hits=2 cluster_hits=2
turn=141 picked cell=9,9 target_cluster=None active_clusters=0 remaining_cells=2 scans=2
RESULT turn=141 cell=9,9 result=MISS remaining_cells=2 active_clusters=0
turn=141 result=MISS
turn=142 picked cell=9,8 target_cluster=None active_clusters=0 remaining_cells=2 scans=2
RESULT turn=142 cell=9,8 result=MISS remaining_cells=2 active_clusters=0
turn=142 result=MISS
turn=143 picked cell=10,10 target_cluster=None active_clusters=0 remaining_cells=2 scans=2
RESULT turn=143 cell=10,10 result=MISS remaining_cells=2 active_clusters=0
turn=143 result=MISS
turn=144 picked cell=8,9 target_cluster=None active_clusters=0 remaining_cells=2 scans=2
RESULT turn=144 cell=8,9 result=MISS remaining_cells=2 active_clusters=0
turn=144 result=MISS
turn=145 picked cell=8,10 target_cluster=None active_clusters=0 remaining_cells=2 scans=2
RESULT turn=145 cell=8,10 result=MISS remaining_cells=2 active_clusters=0
turn=145 result=MISS
turn=146 picked cell=9,7 target_cluster=None active_clusters=0 remaining_cells=2 scans=2
RESULT turn=146 cell=9,7 result=MISS remaining_cells=2 active_clusters=0
turn=146 result=MISS
turn=147 picked cell=8,7 target_cluster=None active_clusters=0 remaining_cells=2 scans=2
RESULT turn=147 cell=8,7 result=MISS remaining_cells=2 active_clusters=0
turn=147 result=MISS
turn=148 picked cell=7,10 target_cluster=None active_clusters=0 remaining_cells=2 scans=2
RESULT turn=148 cell=7,10 result=MISS remaining_cells=2 active_clusters=0
turn=148 result=MISS
turn=149 picked cell=11,10 target_cluster=None active_clusters=0 remaining_cells=2 scans=2
RESULT turn=149 cell=11,10 result=MISS remaining_cells=2 active_clusters=0
turn=149 result=MISS
turn=150 picked cell=10,9 target_cluster=None active_clusters=0 remaining_cells=2 scans=2
RESULT turn=150 cell=10,9 result=MISS remaining_cells=2 active_clusters=0
turn=150 result=MISS
turn=151 picked cell=8,12 target_cluster=None active_clusters=0 remaining_cells=2 scans=2
RESULT turn=151 cell=8,12 result=MISS remaining_cells=2 active_clusters=0
turn=151 result=MISS
turn=152 picked cell=7,8 target_cluster=None active_clusters=0 remaining_cells=2 scans=2
RESULT turn=152 cell=7,8 result=MISS remaining_cells=2 active_clusters=0
turn=152 result=MISS
turn=153 picked cell=7,7 target_cluster=None active_clusters=0 remaining_cells=2 scans=2
RESULT turn=153 cell=7,7 result=MISS remaining_cells=2 active_clusters=0
turn=153 result=MISS
turn=154 picked cell=11,8 target_cluster=None active_clusters=0 remaining_cells=2 scans=2
RESULT turn=154 cell=11,8 result=MISS remaining_cells=2 active_clusters=0
turn=154 result=MISS
turn=155 picked cell=10,8 target_cluster=None active_clusters=0 remaining_cells=2 scans=2
RESULT turn=155 cell=10,8 result=MISS remaining_cells=2 active_clusters=0
turn=155 result=MISS
turn=156 picked cell=11,11 target_cluster=None active_clusters=0 remaining_cells=2 scans=2
RESULT turn=156 cell=11,11 result=MISS remaining_cells=2 active_clusters=0
turn=156 result=MISS
turn=157 picked cell=7,12 target_cluster=None active_clusters=0 remaining_cells=2 scans=2
RESULT turn=157 cell=7,12 result=MISS remaining_cells=2 active_clusters=0
turn=157 result=MISS
turn=158 picked cell=8,6 target_cluster=None active_clusters=0 remaining_cells=2 scans=2
RESULT turn=158 cell=8,6 result=MISS remaining_cells=2 active_clusters=0
turn=158 result=MISS
turn=159 picked cell=5,10 target_cluster=None active_clusters=0 remaining_cells=2 scans=2
RESULT turn=159 cell=5,10 result=MISS remaining_cells=2 active_clusters=0
turn=159 result=MISS
turn=160 picked cell=10,12 target_cluster=None active_clusters=0 remaining_cells=2 scans=2
RESULT turn=160 cell=10,12 result=MISS remaining_cells=2 active_clusters=0
turn=160 result=MISS
turn=161 picked cell=9,5 target_cluster=None active_clusters=0 remaining_cells=2 scans=2
RESULT turn=161 cell=9,5 result=MISS remaining_cells=2 active_clusters=0
turn=161 result=MISS
turn=162 picked cell=5,9 target_cluster=None active_clusters=0 remaining_cells=2 scans=2
RESULT turn=162 cell=5,9 result=MISS remaining_cells=2 active_clusters=0
turn=162 result=MISS
turn=163 picked cell=8,14 target_cluster=None active_clusters=0 remaining_cells=2 scans=2
RESULT turn=163 cell=8,14 result=MISS remaining_cells=2 active_clusters=0
turn=163 result=MISS
turn=164 picked cell=7,6 target_cluster=None active_clusters=0 remaining_cells=2 scans=2
RESULT turn=164 cell=7,6 result=MISS remaining_cells=2 active_clusters=0
turn=164 result=MISS
turn=165 picked cell=7,14 target_cluster=None active_clusters=0 remaining_cells=2 scans=2
RESULT turn=165 cell=7,14 result=MISS remaining_cells=2 active_clusters=0
turn=165 result=MISS
turn=166 picked cell=5,8 target_cluster=None active_clusters=0 remaining_cells=2 scans=2
RESULT turn=166 cell=5,8 result=MISS remaining_cells=2 active_clusters=0
turn=166 result=MISS
turn=167 picked cell=12,11 target_cluster=None active_clusters=0 remaining_cells=2 scans=2
RESULT turn=167 cell=12,11 result=MISS remaining_cells=2 active_clusters=0
turn=167 result=MISS
turn=168 picked cell=12,9 target_cluster=None active_clusters=0 remaining_cells=2 scans=2
RESULT turn=168 cell=12,9 result=MISS remaining_cells=2 active_clusters=0
turn=168 result=MISS
turn=169 picked cell=4,10 target_cluster=None active_clusters=0 remaining_cells=2 scans=2
RESULT turn=169 cell=4,10 result=MISS remaining_cells=2 active_clusters=0
turn=169 result=MISS
turn=170 picked cell=4,9 target_cluster=None active_clusters=0 remaining_cells=2 scans=2
RESULT turn=170 cell=4,9 result=MISS remaining_cells=2 active_clusters=0
turn=170 result=MISS
turn=171 picked cell=5,12 target_cluster=None active_clusters=0 remaining_cells=2 scans=2
RESULT turn=171 cell=5,12 result=MISS remaining_cells=2 active_clusters=0
turn=171 result=MISS
turn=172 picked cell=12,12 target_cluster=None active_clusters=0 remaining_cells=2 scans=2
RESULT turn=172 cell=12,12 result=MISS remaining_cells=2 active_clusters=0
turn=172 result=MISS
turn=173 picked cell=7,5 target_cluster=None active_clusters=0 remaining_cells=2 scans=2
RESULT turn=173 cell=7,5 result=MISS remaining_cells=2 active_clusters=0
turn=173 result=MISS
turn=174 picked cell=5,6 target_cluster=None active_clusters=0 remaining_cells=2 scans=2
RESULT turn=174 cell=5,6 result=MISS remaining_cells=2 active_clusters=0
turn=174 result=MISS
turn=175 picked cell=11,7 target_cluster=None active_clusters=0 remaining_cells=2 scans=2
RESULT turn=175 cell=11,7 result=MISS remaining_cells=2 active_clusters=0
turn=175 result=MISS
turn=176 picked cell=4,12 target_cluster=None active_clusters=0 remaining_cells=2 scans=2
RESULT turn=176 cell=4,12 result=MISS remaining_cells=2 active_clusters=0
turn=176 result=MISS
turn=177 picked cell=8,4 target_cluster=None active_clusters=0 remaining_cells=2 scans=2
RESULT turn=177 cell=8,4 result=MISS remaining_cells=2 active_clusters=0
turn=177 result=MISS
turn=178 picked cell=6,5 target_cluster=None active_clusters=0 remaining_cells=2 scans=2
RESULT turn=178 cell=6,5 result=MISS remaining_cells=2 active_clusters=0
turn=178 result=MISS
turn=179 picked cell=9,3 target_cluster=None active_clusters=0 remaining_cells=2 scans=2
RESULT turn=179 cell=9,3 result=MISS remaining_cells=2 active_clusters=0
turn=179 result=MISS
turn=180 picked cell=3,8 target_cluster=None active_clusters=0 remaining_cells=2 scans=2
RESULT turn=180 cell=3,8 result=MISS remaining_cells=2 active_clusters=0
turn=180 result=MISS
turn=181 picked cell=8,3 target_cluster=None active_clusters=0 remaining_cells=2 scans=2
RESULT turn=181 cell=8,3 result=MISS remaining_cells=2 active_clusters=0
turn=181 result=MISS
turn=182 picked cell=4,7 target_cluster=None active_clusters=0 remaining_cells=2 scans=2
RESULT turn=182 cell=4,7 result=MISS remaining_cells=2 active_clusters=0
turn=182 result=MISS
turn=183 picked cell=2,9 target_cluster=None active_clusters=0 remaining_cells=2 scans=2
RESULT turn=183 cell=2,9 result=MISS remaining_cells=2 active_clusters=0
turn=183 result=MISS
turn=184 picked cell=9,2 target_cluster=None active_clusters=0 remaining_cells=2 scans=2
RESULT turn=184 cell=9,2 result=MISS remaining_cells=2 active_clusters=0
turn=184 result=MISS
turn=185 picked cell=6,4 target_cluster=None active_clusters=0 remaining_cells=2 scans=2
RESULT turn=185 cell=6,4 result=MISS remaining_cells=2 active_clusters=0
turn=185 result=MISS
turn=186 picked cell=1,9 target_cluster=None active_clusters=0 remaining_cells=2 scans=2
RESULT turn=186 cell=1,9 result=MISS remaining_cells=2 active_clusters=0
turn=186 result=MISS
turn=187 picked cell=4,6 target_cluster=None active_clusters=0 remaining_cells=2 scans=2
RESULT turn=187 cell=4,6 result=MISS remaining_cells=2 active_clusters=0
turn=187 result=MISS
turn=188 picked cell=8,2 target_cluster=None active_clusters=0 remaining_cells=2 scans=2
RESULT turn=188 cell=8,2 result=MISS remaining_cells=2 active_clusters=0
turn=188 result=MISS
turn=189 picked cell=7,2 target_cluster=None active_clusters=0 remaining_cells=2 scans=2
RESULT turn=189 cell=7,2 result=MISS remaining_cells=2 active_clusters=0
turn=189 result=MISS
turn=190 picked cell=3,7 target_cluster=None active_clusters=0 remaining_cells=2 scans=2
RESULT turn=190 cell=3,7 result=MISS remaining_cells=2 active_clusters=0
turn=190 result=MISS
turn=191 picked cell=2,8 target_cluster=None active_clusters=0 remaining_cells=2 scans=2
RESULT turn=191 cell=2,8 result=MISS remaining_cells=2 active_clusters=0
turn=191 result=MISS
turn=192 picked cell=7,3 target_cluster=None active_clusters=0 remaining_cells=2 scans=2
RESULT turn=192 cell=7,3 result=MISS remaining_cells=2 active_clusters=0
turn=192 result=MISS
turn=193 picked cell=4,5 target_cluster=None active_clusters=0 remaining_cells=2 scans=2
RESULT turn=193 cell=4,5 result=MISS remaining_cells=2 active_clusters=0
turn=193 result=MISS
turn=194 picked cell=2,6 target_cluster=None active_clusters=0 remaining_cells=2 scans=2
RESULT turn=194 cell=2,6 result=MISS remaining_cells=2 active_clusters=0
turn=194 result=MISS
turn=195 picked cell=6,2 target_cluster=None active_clusters=0 remaining_cells=2 scans=2
RESULT turn=195 cell=6,2 result=MISS remaining_cells=2 active_clusters=0
turn=195 result=MISS
turn=196 picked cell=5,3 target_cluster=None active_clusters=0 remaining_cells=2 scans=2
RESULT turn=196 cell=5,3 result=MISS remaining_cells=2 active_clusters=0
turn=196 result=MISS
turn=197 picked cell=5,4 target_cluster=None active_clusters=0 remaining_cells=2 scans=2
RESULT turn=197 cell=5,4 result=MISS remaining_cells=2 active_clusters=0
turn=197 result=MISS
turn=198 picked cell=1,7 target_cluster=None active_clusters=0 remaining_cells=2 scans=2
RESULT turn=198 cell=1,7 result=MISS remaining_cells=2 active_clusters=0
turn=198 result=MISS
turn=199 picked cell=3,5 target_cluster=None active_clusters=0 remaining_cells=2 scans=2
RESULT turn=199 cell=3,5 result=MISS remaining_cells=2 active_clusters=0
turn=199 result=MISS
turn=200 picked cell=0,7 target_cluster=None active_clusters=0 remaining_cells=2 scans=2
RESULT turn=200 cell=0,7 result=MISS remaining_cells=2 active_clusters=0
turn=200 result=MISS
turn=201 picked cell=3,4 target_cluster=None active_clusters=0 remaining_cells=2 scans=2
RESULT turn=201 cell=3,4 result=MISS remaining_cells=2 active_clusters=0
turn=201 result=MISS
turn=202 picked cell=7,1 target_cluster=None active_clusters=0 remaining_cells=2 scans=2
RESULT turn=202 cell=7,1 result=MISS remaining_cells=2 active_clusters=0
turn=202 result=MISS
turn=203 picked cell=6,1 target_cluster=None active_clusters=0 remaining_cells=2 scans=2
RESULT turn=203 cell=6,1 result=MISS remaining_cells=2 active_clusters=0
turn=203 result=MISS
turn=204 picked cell=1,6 target_cluster=None active_clusters=0 remaining_cells=2 scans=2
RESULT turn=204 cell=1,6 result=MISS remaining_cells=2 active_clusters=0
turn=204 result=MISS
turn=205 picked cell=0,8 target_cluster=None active_clusters=0 remaining_cells=2 scans=2
RESULT turn=205 cell=0,8 result=MISS remaining_cells=2 active_clusters=0
turn=205 result=MISS
turn=206 picked cell=4,3 target_cluster=None active_clusters=0 remaining_cells=2 scans=2
RESULT turn=206 cell=4,3 result=MISS remaining_cells=2 active_clusters=0
turn=206 result=MISS
turn=207 picked cell=1,5 target_cluster=None active_clusters=0 remaining_cells=2 scans=2
RESULT turn=207 cell=1,5 result=MISS remaining_cells=2 active_clusters=0
turn=207 result=MISS
turn=208 picked cell=3,2 target_cluster=None active_clusters=0 remaining_cells=2 scans=2
RESULT turn=208 cell=3,2 result=MISS remaining_cells=2 active_clusters=0
turn=208 result=MISS
turn=209 picked cell=5,1 target_cluster=None active_clusters=0 remaining_cells=2 scans=2
RESULT turn=209 cell=5,1 result=MISS remaining_cells=2 active_clusters=0
turn=209 result=MISS
turn=210 picked cell=4,2 target_cluster=None active_clusters=0 remaining_cells=2 scans=2
RESULT turn=210 cell=4,2 result=MISS remaining_cells=2 active_clusters=0
turn=210 result=MISS
turn=211 picked cell=2,3 target_cluster=None active_clusters=0 remaining_cells=2 scans=2
RESULT turn=211 cell=2,3 result=MISS remaining_cells=2 active_clusters=0
turn=211 result=MISS
turn=212 picked cell=2,4 target_cluster=None active_clusters=0 remaining_cells=2 scans=2
RESULT turn=212 cell=2,4 result=MISS remaining_cells=2 active_clusters=0
turn=212 result=MISS
turn=213 picked cell=1,3 target_cluster=None active_clusters=0 remaining_cells=2 scans=2
RESULT turn=213 cell=1,3 result=MISS remaining_cells=2 active_clusters=0
turn=213 result=MISS
turn=214 picked cell=0,4 target_cluster=None active_clusters=0 remaining_cells=2 scans=2
RESULT turn=214 cell=0,4 result=MISS remaining_cells=2 active_clusters=0
turn=214 result=MISS
turn=215 picked cell=0,5 target_cluster=None active_clusters=0 remaining_cells=2 scans=2
RESULT turn=215 cell=0,5 result=MISS remaining_cells=2 active_clusters=0
turn=215 result=MISS
turn=216 picked cell=3,1 target_cluster=None active_clusters=0 remaining_cells=2 scans=2
RESULT turn=216 cell=3,1 result=MISS remaining_cells=2 active_clusters=0
turn=216 result=MISS
turn=217 picked cell=2,1 target_cluster=None active_clusters=0 remaining_cells=2 scans=2
RESULT turn=217 cell=2,1 result=MISS remaining_cells=2 active_clusters=0
turn=217 result=MISS
turn=218 picked cell=1,2 target_cluster=None active_clusters=0 remaining_cells=2 scans=2
RESULT turn=218 cell=1,2 result=MISS remaining_cells=2 active_clusters=0
turn=218 result=MISS
turn=219 picked cell=0,1 target_cluster=None active_clusters=0 remaining_cells=2 scans=2
RESULT turn=219 cell=0,1 result=MISS remaining_cells=2 active_clusters=0
turn=219 result=MISS
turn=220 picked cell=0,2 target_cluster=None active_clusters=0 remaining_cells=2 scans=2
RESULT turn=220 cell=0,2 result=MISS remaining_cells=2 active_clusters=0
turn=220 result=MISS
turn=221 picked cell=1,0 target_cluster=None active_clusters=0 remaining_cells=2 scans=2
RESULT turn=221 cell=1,0 result=MISS remaining_cells=2 active_clusters=0
turn=221 result=MISS
turn=222 picked cell=0,0 target_cluster=None active_clusters=0 remaining_cells=2 scans=2
RESULT turn=222 cell=0,0 result=MISS remaining_cells=2 active_clusters=0
turn=222 result=MISS
turn=223 picked cell=9,16 target_cluster=None active_clusters=0 remaining_cells=2 scans=2
RESULT turn=223 cell=9,16 result=MISS remaining_cells=2 active_clusters=0
turn=223 result=MISS
turn=224 picked cell=3,10 target_cluster=None active_clusters=0 remaining_cells=2 scans=2
RESULT turn=224 cell=3,10 result=MISS remaining_cells=2 active_clusters=0
turn=224 result=MISS
turn=225 picked cell=6,15 target_cluster=None active_clusters=0 remaining_cells=2 scans=2
RESULT turn=225 cell=6,15 result=MISS remaining_cells=2 active_clusters=0
turn=225 result=MISS
turn=226 picked cell=8,16 target_cluster=None active_clusters=0 remaining_cells=2 scans=2
RESULT turn=226 cell=8,16 result=MISS remaining_cells=2 active_clusters=0
turn=226 result=MISS
turn=227 picked cell=5,14 target_cluster=None active_clusters=0 remaining_cells=2 scans=2
RESULT turn=227 cell=5,14 result=MISS remaining_cells=2 active_clusters=0
turn=227 result=MISS
turn=228 picked cell=9,17 target_cluster=None active_clusters=0 remaining_cells=2 scans=2
RESULT turn=228 cell=9,17 result=MISS remaining_cells=2 active_clusters=0
turn=228 result=MISS
turn=229 picked cell=5,15 target_cluster=None active_clusters=0 remaining_cells=2 scans=2
RESULT turn=229 cell=5,15 result=MISS remaining_cells=2 active_clusters=0
turn=229 result=MISS
turn=230 picked cell=0,10 target_cluster=None active_clusters=0 remaining_cells=2 scans=2
RESULT turn=230 cell=0,10 result=MISS remaining_cells=2 active_clusters=0
turn=230 result=MISS
turn=231 picked cell=7,17 target_cluster=None active_clusters=0 remaining_cells=2 scans=2
RESULT turn=231 cell=7,17 result=MISS remaining_cells=2 active_clusters=0
turn=231 result=MISS
turn=232 picked cell=8,19 target_cluster=None active_clusters=0 remaining_cells=2 scans=2
RESULT turn=232 cell=8,19 result=MISS remaining_cells=2 active_clusters=0
turn=232 result=MISS
turn=233 picked cell=8,18 target_cluster=None active_clusters=0 remaining_cells=2 scans=2
RESULT turn=233 cell=8,18 result=MISS remaining_cells=2 active_clusters=0
turn=233 result=MISS
turn=234 picked cell=6,16 target_cluster=None active_clusters=0 remaining_cells=2 scans=2
RESULT turn=234 cell=6,16 result=MISS remaining_cells=2 active_clusters=0
turn=234 result=MISS
turn=235 picked cell=1,10 target_cluster=None active_clusters=0 remaining_cells=2 scans=2
RESULT turn=235 cell=1,10 result=MISS remaining_cells=2 active_clusters=0
turn=235 result=MISS
turn=236 picked cell=4,15 target_cluster=None active_clusters=0 remaining_cells=2 scans=2
RESULT turn=236 cell=4,15 result=MISS remaining_cells=2 active_clusters=0
turn=236 result=MISS
turn=237 picked cell=9,19 target_cluster=None active_clusters=0 remaining_cells=2 scans=2
RESULT turn=237 cell=9,19 result=MISS remaining_cells=2 active_clusters=0
turn=237 result=MISS
turn=238 picked cell=3,16 target_cluster=None active_clusters=0 remaining_cells=2 scans=2
RESULT turn=238 cell=3,16 result=MISS remaining_cells=2 active_clusters=0
turn=238 result=MISS
turn=239 picked cell=3,14 target_cluster=None active_clusters=0 remaining_cells=2 scans=2
RESULT turn=239 cell=3,14 result=MISS remaining_cells=2 active_clusters=0
turn=239 result=MISS
turn=240 picked cell=2,14 target_cluster=None active_clusters=0 remaining_cells=2 scans=2
RESULT turn=240 cell=2,14 result=MISS remaining_cells=2 active_clusters=0
turn=240 result=MISS
turn=241 picked cell=0,11 target_cluster=None active_clusters=0 remaining_cells=2 scans=2
RESULT turn=241 cell=0,11 result=MISS remaining_cells=2 active_clusters=0
turn=241 result=MISS
turn=242 picked cell=7,18 target_cluster=None active_clusters=0 remaining_cells=2 scans=2
RESULT turn=242 cell=7,18 result=MISS remaining_cells=2 active_clusters=0
turn=242 result=MISS
turn=243 picked cell=1,13 target_cluster=None active_clusters=0 remaining_cells=2 scans=2
RESULT turn=243 cell=1,13 result=MISS remaining_cells=2 active_clusters=0
turn=243 result=MISS
turn=244 picked cell=5,17 target_cluster=None active_clusters=0 remaining_cells=2 scans=2
RESULT turn=244 cell=5,17 result=MISS remaining_cells=2 active_clusters=0
turn=244 result=MISS
turn=245 picked cell=4,16 target_cluster=None active_clusters=0 remaining_cells=2 scans=2
RESULT turn=245 cell=4,16 result=MISS remaining_cells=2 active_clusters=0
turn=245 result=MISS
turn=246 picked cell=5,18 target_cluster=None active_clusters=0 remaining_cells=2 scans=2
RESULT turn=246 cell=5,18 result=MISS remaining_cells=2 active_clusters=0
turn=246 result=MISS
turn=247 picked cell=3,17 target_cluster=None active_clusters=0 remaining_cells=2 scans=2
RESULT turn=247 cell=3,17 result=MISS remaining_cells=2 active_clusters=0
turn=247 result=MISS
turn=248 picked cell=6,19 target_cluster=None active_clusters=0 remaining_cells=2 scans=2
RESULT turn=248 cell=6,19 result=MISS remaining_cells=2 active_clusters=0
turn=248 result=MISS
turn=249 picked cell=4,18 target_cluster=None active_clusters=0 remaining_cells=2 scans=2
RESULT turn=249 cell=4,18 result=KILL remaining_cells=2 active_clusters=0
turn=249 result=KILL
turn=250 picked cell=10,6 target_cluster=None active_clusters=0 remaining_cells=1 scans=2
RESULT turn=250 cell=10,6 result=MISS remaining_cells=1 active_clusters=0
turn=250 result=MISS
turn=251 picked cell=10,5 target_cluster=None active_clusters=0 remaining_cells=1 scans=2
RESULT turn=251 cell=10,5 result=MISS remaining_cells=1 active_clusters=0
turn=251 result=MISS
turn=252 picked cell=13,9 target_cluster=None active_clusters=0 remaining_cells=1 scans=2
RESULT turn=252 cell=13,9 result=MISS remaining_cells=1 active_clusters=0
turn=252 result=MISS
turn=253 picked cell=11,6 target_cluster=None active_clusters=0 remaining_cells=1 scans=2
RESULT turn=253 cell=11,6 result=MISS remaining_cells=1 active_clusters=0
turn=253 result=MISS
turn=254 picked cell=13,8 target_cluster=None active_clusters=0 remaining_cells=1 scans=2
RESULT turn=254 cell=13,8 result=MISS remaining_cells=1 active_clusters=0
turn=254 result=MISS
turn=255 picked cell=12,7 target_cluster=None active_clusters=0 remaining_cells=1 scans=2
RESULT turn=255 cell=12,7 result=MISS remaining_cells=1 active_clusters=0
turn=255 result=MISS
turn=256 picked cell=12,5 target_cluster=None active_clusters=0 remaining_cells=1 scans=2
RESULT turn=256 cell=12,5 result=MISS remaining_cells=1 active_clusters=0
turn=256 result=MISS
turn=257 picked cell=14,8 target_cluster=None active_clusters=0 remaining_cells=1 scans=2
RESULT turn=257 cell=14,8 result=MISS remaining_cells=1 active_clusters=0
turn=257 result=MISS
turn=258 picked cell=11,5 target_cluster=None active_clusters=0 remaining_cells=1 scans=2
RESULT turn=258 cell=11,5 result=MISS remaining_cells=1 active_clusters=0
turn=258 result=MISS
turn=259 picked cell=11,3 target_cluster=None active_clusters=0 remaining_cells=1 scans=2
RESULT turn=259 cell=11,3 result=MISS remaining_cells=1 active_clusters=0
turn=259 result=MISS
turn=260 picked cell=10,3 target_cluster=None active_clusters=0 remaining_cells=1 scans=2
RESULT turn=260 cell=10,3 result=MISS remaining_cells=1 active_clusters=0
turn=260 result=MISS
turn=261 picked cell=16,8 target_cluster=None active_clusters=0 remaining_cells=1 scans=2
RESULT turn=261 cell=16,8 result=MISS remaining_cells=1 active_clusters=0
turn=261 result=MISS
turn=262 picked cell=15,9 target_cluster=None active_clusters=0 remaining_cells=1 scans=2
RESULT turn=262 cell=15,9 result=MISS remaining_cells=1 active_clusters=0
turn=262 result=MISS
turn=263 picked cell=14,5 target_cluster=None active_clusters=0 remaining_cells=1 scans=2
RESULT turn=263 cell=14,5 result=MISS remaining_cells=1 active_clusters=0
turn=263 result=MISS
turn=264 picked cell=16,9 target_cluster=None active_clusters=0 remaining_cells=1 scans=2
RESULT turn=264 cell=16,9 result=MISS remaining_cells=1 active_clusters=0
turn=264 result=MISS
turn=265 picked cell=18,9 target_cluster=None active_clusters=0 remaining_cells=1 scans=2
RESULT turn=265 cell=18,9 result=MISS remaining_cells=1 active_clusters=0
turn=265 result=MISS
turn=266 picked cell=15,7 target_cluster=None active_clusters=0 remaining_cells=1 scans=2
RESULT turn=266 cell=15,7 result=MISS remaining_cells=1 active_clusters=0
turn=266 result=MISS
turn=267 picked cell=19,9 target_cluster=None active_clusters=0 remaining_cells=1 scans=2
RESULT turn=267 cell=19,9 result=MISS remaining_cells=1 active_clusters=0
turn=267 result=MISS
turn=268 picked cell=13,5 target_cluster=None active_clusters=0 remaining_cells=1 scans=2
RESULT turn=268 cell=13,5 result=MISS remaining_cells=1 active_clusters=0
turn=268 result=MISS
turn=269 picked cell=11,2 target_cluster=None active_clusters=0 remaining_cells=1 scans=2
RESULT turn=269 cell=11,2 result=MISS remaining_cells=1 active_clusters=0
turn=269 result=MISS
turn=270 picked cell=17,8 target_cluster=None active_clusters=0 remaining_cells=1 scans=2
RESULT turn=270 cell=17,8 result=MISS remaining_cells=1 active_clusters=0
turn=270 result=MISS
turn=271 picked cell=12,3 target_cluster=None active_clusters=0 remaining_cells=1 scans=2
RESULT turn=271 cell=12,3 result=MISS remaining_cells=1 active_clusters=0
turn=271 result=MISS
turn=272 picked cell=12,2 target_cluster=None active_clusters=0 remaining_cells=1 scans=2
RESULT turn=272 cell=12,2 result=MISS remaining_cells=1 active_clusters=0
turn=272 result=MISS
turn=273 picked cell=18,8 target_cluster=None active_clusters=0 remaining_cells=1 scans=2
RESULT turn=273 cell=18,8 result=MISS remaining_cells=1 active_clusters=0
turn=273 result=MISS
turn=274 picked cell=13,3 target_cluster=None active_clusters=0 remaining_cells=1 scans=2
RESULT turn=274 cell=13,3 result=MISS remaining_cells=1 active_clusters=0
turn=274 result=MISS
turn=275 picked cell=17,7 target_cluster=None active_clusters=0 remaining_cells=1 scans=2
RESULT turn=275 cell=17,7 result=MISS remaining_cells=1 active_clusters=0
turn=275 result=MISS
turn=276 picked cell=16,6 target_cluster=None active_clusters=0 remaining_cells=1 scans=2
RESULT turn=276 cell=16,6 result=MISS remaining_cells=1 active_clusters=0
turn=276 result=MISS
turn=277 picked cell=17,6 target_cluster=None active_clusters=0 remaining_cells=1 scans=2
RESULT turn=277 cell=17,6 result=MISS remaining_cells=1 active_clusters=0
turn=277 result=MISS
turn=278 picked cell=14,3 target_cluster=None active_clusters=0 remaining_cells=1 scans=2
RESULT turn=278 cell=14,3 result=MISS remaining_cells=1 active_clusters=0
turn=278 result=MISS
turn=279 picked cell=18,7 target_cluster=None active_clusters=0 remaining_cells=1 scans=2
RESULT turn=279 cell=18,7 result=MISS remaining_cells=1 active_clusters=0
turn=279 result=MISS
turn=280 picked cell=13,2 target_cluster=None active_clusters=0 remaining_cells=1 scans=2
RESULT turn=280 cell=13,2 result=MISS remaining_cells=1 active_clusters=0
turn=280 result=MISS
turn=281 picked cell=19,8 target_cluster=None active_clusters=0 remaining_cells=1 scans=2
RESULT turn=281 cell=19,8 result=KILL remaining_cells=1 active_clusters=0
turn=281 result=KILL
