GAME n=17 p=0.327604 remaining_cells=40 remaining=[0, 2, 1, 1, 2, 1, 2, 0, 1]
turn=1 mode=SCAN region=0,0,7,16
turn=1 result=SCAN count=15
turn=2 mode=SCAN region=0,0,16,7
turn=2 result=SCAN count=21
turn=3 picked cell=9,7 target_cluster=None active_clusters=0 remaining_cells=40 scans=2
RESULT turn=3 cell=9,7 result=MISS remaining_cells=40 active_clusters=0
turn=3 result=MISS
turn=4 picked cell=10,6 target_cluster=None active_clusters=0 remaining_cells=40 scans=2
RESULT turn=4 cell=10,6 result=MISS remaining_cells=40 active_clusters=0
turn=4 result=MISS
turn=5 picked cell=8,5 target_cluster=None active_clusters=0 remaining_cells=40 scans=2
RESULT turn=5 cell=8,5 result=MISS remaining_cells=40 active_clusters=0
turn=5 result=MISS
turn=6 picked cell=11,4 target_cluster=None active_clusters=0 remaining_cells=40 scans=2
RESULT turn=6 cell=11,4 result=HIT remaining_cells=40 active_clusters=0
turn=6 result=HIT
turn=7 mode=CHASE cluster=0 cluster_len=1 cell=10,4 score=100000.672208 chase_score=5040.672208 prob=0.672208
turn=7 picked cell=10,4 target_cluster=Some(0) active_clusters=1 remaining_cells=39 scans=2
RESULT turn=7 cell=10,4 result=MISS remaining_cells=39 active_clusters=1
turn=7 result=MISS
turn=8 mode=CHASE cluster=0 cluster_len=1 cell=11,5 score=100000.792110 chase_score=5038.792110 prob=0.792110
turn=8 picked cell=11,5 target_cluster=Some(0) active_clusters=1 remaining_cells=39 scans=2
RESULT turn=8 cell=11,5 result=HIT remaining_cells=39 active_clusters=1
turn=8 result=HIT
turn=9 mode=CHASE cluster=0 cluster_len=2 cell=11,6 score=200000.639786 chase_score=10122.639786 prob=0.639786
turn=9 picked cell=11,6 target_cluster=Some(0) active_clusters=1 remaining_cells=38 scans=2
RESULT turn=9 cell=11,6 result=HIT remaining_cells=38 active_clusters=1
turn=9 result=HIT
turn=10 mode=CHASE cluster=0 cluster_len=3 cell=11,7 score=300000.743322 chase_score=10094.743322 prob=0.743322
turn=10 picked cell=11,7 target_cluster=Some(0) active_clusters=1 remaining_cells=37 scans=2
RESULT turn=10 cell=11,7 result=HIT remaining_cells=37 active_clusters=1
turn=10 result=HIT
turn=11 mode=CHASE cluster=0 cluster_len=4 cell=11,8 score=400001.113455 chase_score=10062.113455 prob=1.113455
turn=11 picked cell=11,8 target_cluster=Some(0) active_clusters=1 remaining_cells=36 scans=2
RESULT turn=11 cell=11,8 result=HIT remaining_cells=36 active_clusters=1
turn=11 result=HIT
turn=12 mode=CHASE cluster=0 cluster_len=5 cell=11,9 score=500001.113455 chase_score=10037.113455 prob=1.113455
turn=12 picked cell=11,9 target_cluster=Some(0) active_clusters=1 remaining_cells=35 scans=2
RESULT turn=12 cell=11,9 result=MISS remaining_cells=35 active_clusters=1
turn=12 result=MISS
turn=13 mode=CHASE cluster=0 cluster_len=5 cell=11,3 score=500000.914347 chase_score=10020.914347 prob=0.914347
turn=13 picked cell=11,3 target_cluster=Some(0) active_clusters=1 remaining_cells=35 scans=2
RESULT turn=13 cell=11,3 result=HIT remaining_cells=35 active_clusters=1
turn=13 result=HIT
turn=14 mode=CHASE cluster=0 cluster_len=6 cell=11,2 score=600000.845656 chase_score=10008.845656 prob=0.845656
turn=14 picked cell=11,2 target_cluster=Some(0) active_clusters=1 remaining_cells=34 scans=2
RESULT turn=14 cell=11,2 result=HIT remaining_cells=34 active_clusters=1
turn=14 result=HIT
turn=15 mode=CHASE cluster=0 cluster_len=7 cell=11,1 score=700000.769498 chase_score=10008.769498 prob=0.769498
turn=15 picked cell=11,1 target_cluster=Some(0) active_clusters=1 remaining_cells=33 scans=2
RESULT turn=15 cell=11,1 result=KILL remaining_cells=33 active_clusters=1
turn=15 result=KILL
turn=15 kill_infer inferred_len=8 committed_hits=7 cluster_hits=7
turn=16 picked cell=8,11 target_cluster=None active_clusters=0 remaining_cells=32 scans=2
RESULT turn=16 cell=8,11 result=MISS remaining_cells=32 active_clusters=0
turn=16 result=MISS
turn=17 picked cell=10,10 target_cluster=None active_clusters=0 remaining_cells=32 scans=2
RESULT turn=17 cell=10,10 result=MISS remaining_cells=32 active_clusters=0
turn=17 result=MISS
turn=18 picked cell=9,12 target_cluster=None active_clusters=0 remaining_cells=32 scans=2
RESULT turn=18 cell=9,12 result=HIT remaining_cells=32 active_clusters=0
turn=18 result=HIT
turn=19 mode=CHASE cluster=0 cluster_len=1 cell=10,12 score=100000.571762 chase_score=5028.571762 prob=0.571762
turn=19 picked cell=10,12 target_cluster=Some(0) active_clusters=1 remaining_cells=31 scans=2
RESULT turn=19 cell=10,12 result=MISS remaining_cells=31 active_clusters=1
turn=19 result=MISS
turn=20 mode=CHASE cluster=0 cluster_len=1 cell=9,13 score=100000.783678 chase_score=5025.783678 prob=0.783678
turn=20 picked cell=9,13 target_cluster=Some(0) active_clusters=1 remaining_cells=31 scans=2
RESULT turn=20 cell=9,13 result=HIT remaining_cells=31 active_clusters=1
turn=20 result=HIT
turn=21 mode=CHASE cluster=0 cluster_len=2 cell=9,11 score=200000.439819 chase_score=10082.439819 prob=0.439819
turn=21 picked cell=9,11 target_cluster=Some(0) active_clusters=1 remaining_cells=30 scans=2
RESULT turn=21 cell=9,11 result=MISS remaining_cells=30 active_clusters=1
turn=21 result=MISS
turn=22 mode=CHASE cluster=0 cluster_len=2 cell=9,14 score=200000.545658 chase_score=10016.545658 prob=0.545658
turn=22 picked cell=9,14 target_cluster=Some(0) active_clusters=1 remaining_cells=30 scans=2
RESULT turn=22 cell=9,14 result=HIT remaining_cells=30 active_clusters=1
turn=22 result=HIT
turn=23 mode=CHASE cluster=0 cluster_len=3 cell=9,15 score=300000.537564 chase_score=10013.537564 prob=0.537564
turn=23 picked cell=9,15 target_cluster=Some(0) active_clusters=1 remaining_cells=29 scans=2
RESULT turn=23 cell=9,15 result=KILL remaining_cells=29 active_clusters=1
turn=23 result=KILL
turn=23 kill_infer inferred_len=4 committed_hits=3 cluster_hits=3
turn=24 picked cell=5,6 target_cluster=None active_clusters=0 remaining_cells=28 scans=2
RESULT turn=24 cell=5,6 result=MISS remaining_cells=28 active_clusters=0
turn=24 result=MISS
turn=25 picked cell=4,4 target_cluster=None active_clusters=0 remaining_cells=28 scans=2
RESULT turn=25 cell=4,4 result=HIT remaining_cells=28 active_clusters=0
turn=25 result=HIT
turn=26 mode=CHASE cluster=0 cluster_len=1 cell=4,5 score=100000.735177 chase_score=5025.735177 prob=0.735177
turn=26 picked cell=4,5 target_cluster=Some(0) active_clusters=1 remaining_cells=27 scans=2
RESULT turn=26 cell=4,5 result=MISS remaining_cells=27 active_clusters=1
turn=26 result=MISS
turn=27 mode=CHASE cluster=0 cluster_len=1 cell=5,4 score=100000.551758 chase_score=5025.551758 prob=0.551758
turn=27 picked cell=5,4 target_cluster=Some(0) active_clusters=1 remaining_cells=27 scans=2
RESULT turn=27 cell=5,4 result=HIT remaining_cells=27 active_clusters=1
turn=27 result=HIT
turn=28 mode=CHASE cluster=0 cluster_len=2 cell=3,4 score=200000.758508 chase_score=10074.758508 prob=0.758508
turn=28 picked cell=3,4 target_cluster=Some(0) active_clusters=1 remaining_cells=26 scans=2
RESULT turn=28 cell=3,4 result=HIT remaining_cells=26 active_clusters=1
turn=28 result=HIT
turn=29 mode=CHASE cluster=0 cluster_len=3 cell=6,4 score=300000.758508 chase_score=10050.758508 prob=0.758508
turn=29 picked cell=6,4 target_cluster=Some(0) active_clusters=1 remaining_cells=25 scans=2
RESULT turn=29 cell=6,4 result=MISS remaining_cells=25 active_clusters=1
turn=29 result=MISS
turn=30 mode=CHASE cluster=0 cluster_len=3 cell=2,4 score=300000.589702 chase_score=10021.589702 prob=0.589702
turn=30 picked cell=2,4 target_cluster=Some(0) active_clusters=1 remaining_cells=25 scans=2
RESULT turn=30 cell=2,4 result=KILL remaining_cells=25 active_clusters=1
turn=30 result=KILL
turn=30 kill_infer inferred_len=4 committed_hits=3 cluster_hits=3
turn=31 picked cell=6,9 target_cluster=None active_clusters=0 remaining_cells=24 scans=2
RESULT turn=31 cell=6,9 result=MISS remaining_cells=24 active_clusters=0
turn=31 result=MISS
turn=32 picked cell=7,8 target_cluster=None active_clusters=0 remaining_cells=24 scans=2
RESULT turn=32 cell=7,8 result=HIT remaining_cells=24 active_clusters=0
turn=32 result=HIT
turn=33 mode=CHASE cluster=0 cluster_len=1 cell=7,7 score=100000.648848 chase_score=5022.648848 prob=0.648848
turn=33 picked cell=7,7 target_cluster=Some(0) active_clusters=1 remaining_cells=23 scans=2
RESULT turn=33 cell=7,7 result=MISS remaining_cells=23 active_clusters=1
turn=33 result=MISS
turn=34 mode=CHASE cluster=0 cluster_len=1 cell=6,8 score=100000.448940 chase_score=5019.448940 prob=0.448940
turn=34 picked cell=6,8 target_cluster=Some(0) active_clusters=1 remaining_cells=23 scans=2
RESULT turn=34 cell=6,8 result=MISS remaining_cells=23 active_clusters=1
turn=34 result=MISS
turn=35 mode=CHASE cluster=0 cluster_len=1 cell=7,9 score=100000.217755 chase_score=5005.717755 prob=0.217755
turn=35 picked cell=7,9 target_cluster=Some(0) active_clusters=1 remaining_cells=23 scans=2
RESULT turn=35 cell=7,9 result=HIT remaining_cells=23 active_clusters=1
turn=35 result=HIT
turn=36 mode=CHASE cluster=0 cluster_len=2 cell=7,10 score=200000.563416 chase_score=10020.563416 prob=0.563416
turn=36 picked cell=7,10 target_cluster=Some(0) active_clusters=1 remaining_cells=22 scans=2
RESULT turn=36 cell=7,10 result=HIT remaining_cells=22 active_clusters=1
turn=36 result=HIT
turn=37 mode=CHASE cluster=0 cluster_len=3 cell=7,11 score=300000.458874 chase_score=10017.458874 prob=0.458874
turn=37 picked cell=7,11 target_cluster=Some(0) active_clusters=1 remaining_cells=21 scans=2
RESULT turn=37 cell=7,11 result=KILL remaining_cells=21 active_clusters=1
turn=37 result=KILL
turn=37 kill_infer inferred_len=3 committed_hits=2 cluster_hits=3
turn=38 mode=CHASE cluster=0 cluster_len=1 cell=8,8 score=100000.063092 chase_score=5000.563092 prob=0.063092
turn=38 picked cell=8,8 target_cluster=Some(0) active_clusters=1 remaining_cells=20 scans=2
RESULT turn=38 cell=8,8 result=MISS remaining_cells=20 active_clusters=1
turn=38 result=MISS
turn=39 picked cell=13,11 target_cluster=None active_clusters=1 remaining_cells=20 scans=2
RESULT turn=39 cell=13,11 result=MISS remaining_cells=20 active_clusters=1
turn=39 result=MISS
turn=40 picked cell=9,0 target_cluster=None active_clusters=1 remaining_cells=20 scans=2
RESULT turn=40 cell=9,0 result=MISS remaining_cells=20 active_clusters=1
turn=40 result=MISS
turn=41 picked cell=12,10 target_cluster=None active_clusters=1 remaining_cells=20 scans=2
RESULT turn=41 cell=12,10 result=MISS remaining_cells=20 active_clusters=1
turn=41 result=MISS
turn=42 picked cell=12,5 target_cluster=None active_clusters=1 remaining_cells=20 scans=2
RESULT turn=42 cell=12,5 result=HIT remaining_cells=20 active_clusters=1
turn=42 result=HIT
turn=43 mode=CHASE cluster=1 cluster_len=1 cell=12,4 score=100000.515327 chase_score=5021.015327 prob=0.515327
turn=43 picked cell=12,4 target_cluster=Some(1) active_clusters=2 remaining_cells=19 scans=2
RESULT turn=43 cell=12,4 result=HIT remaining_cells=19 active_clusters=2
turn=43 result=HIT
turn=44 mode=CHASE cluster=1 cluster_len=2 cell=12,3 score=200000.424580 chase_score=10063.424580 prob=0.424580
turn=44 picked cell=12,3 target_cluster=Some(1) active_clusters=2 remaining_cells=18 scans=2
RESULT turn=44 cell=12,3 result=MISS remaining_cells=18 active_clusters=2
turn=44 result=MISS
turn=45 mode=CHASE cluster=1 cluster_len=2 cell=12,6 score=200000.180671 chase_score=10017.180671 prob=0.180671
turn=45 picked cell=12,6 target_cluster=Some(1) active_clusters=2 remaining_cells=18 scans=2
RESULT turn=45 cell=12,6 result=HIT remaining_cells=18 active_clusters=2
turn=45 result=HIT
turn=46 mode=CHASE cluster=1 cluster_len=3 cell=12,7 score=300000.180671 chase_score=10017.180671 prob=0.180671
turn=46 picked cell=12,7 target_cluster=Some(1) active_clusters=2 remaining_cells=17 scans=2
RESULT turn=46 cell=12,7 result=HIT remaining_cells=17 active_clusters=2
turn=46 result=HIT
turn=47 mode=CHASE cluster=1 cluster_len=4 cell=12,8 score=400000.180671 chase_score=10017.180671 prob=0.180671
turn=47 picked cell=12,8 target_cluster=Some(1) active_clusters=2 remaining_cells=16 scans=2
RESULT turn=47 cell=12,8 result=HIT remaining_cells=16 active_clusters=2
turn=47 result=HIT
turn=48 mode=CHASE cluster=1 cluster_len=5 cell=12,9 score=500000.147977 chase_score=10012.147977 prob=0.147977
turn=48 picked cell=12,9 target_cluster=Some(1) active_clusters=2 remaining_cells=15 scans=2
RESULT turn=48 cell=12,9 result=KILL remaining_cells=15 active_clusters=2
turn=48 result=KILL
turn=48 kill_infer inferred_len=6 committed_hits=5 cluster_hits=5
turn=49 picked cell=5,12 target_cluster=None active_clusters=1 remaining_cells=14 scans=2
RESULT turn=49 cell=5,12 result=MISS remaining_cells=14 active_clusters=1
turn=49 result=MISS
turn=50 picked cell=4,13 target_cluster=None active_clusters=1 remaining_cells=14 scans=2
RESULT turn=50 cell=4,13 result=HIT remaining_cells=14 active_clusters=1
turn=50 result=HIT
turn=51 mode=CHASE cluster=1 cluster_len=1 cell=3,13 score=100000.535198 chase_score=5012.035198 prob=0.535198
turn=51 picked cell=3,13 target_cluster=Some(1) active_clusters=2 remaining_cells=13 scans=2
RESULT turn=51 cell=3,13 result=MISS remaining_cells=13 active_clusters=2
turn=51 result=MISS
turn=52 mode=CHASE cluster=1 cluster_len=1 cell=4,12 score=100000.387689 chase_score=5011.887689 prob=0.387689
turn=52 picked cell=4,12 target_cluster=Some(1) active_clusters=2 remaining_cells=13 scans=2
RESULT turn=52 cell=4,12 result=MISS remaining_cells=13 active_clusters=2
turn=52 result=MISS
turn=53 mode=CHASE cluster=1 cluster_len=1 cell=5,13 score=100000.068800 chase_score=5001.818800 prob=0.068800
turn=53 picked cell=5,13 target_cluster=Some(1) active_clusters=2 remaining_cells=13 scans=2
RESULT turn=53 cell=5,13 result=KILL remaining_cells=13 active_clusters=2
turn=53 result=KILL
turn=53 kill_infer inferred_len=2 committed_hits=1 cluster_hits=1
turn=54 picked cell=13,5 target_cluster=None active_clusters=1 remaining_cells=12 scans=2
RESULT turn=54 cell=13,5 result=MISS remaining_cells=12 active_clusters=1
turn=54 result=MISS
turn=55 picked cell=9,2 target_cluster=None active_clusters=1 remaining_cells=12 scans=2
RESULT turn=55 cell=9,2 result=MISS remaining_cells=12 active_clusters=1
turn=55 result=MISS
turn=56 picked cell=14,5 target_cluster=None active_clusters=1 remaining_cells=12 scans=2
RESULT turn=56 cell=14,5 result=MISS remaining_cells=12 active_clusters=1
turn=56 result=MISS
turn=57 picked cell=11,13 target_cluster=None active_clusters=1 remaining_cells=12 scans=2
RESULT turn=57 cell=11,13 result=MISS remaining_cells=12 active_clusters=1
turn=57 result=MISS
turn=58 picked cell=14,12 target_cluster=None active_clusters=1 remaining_cells=12 scans=2
RESULT turn=58 cell=14,12 result=HIT remaining_cells=12 active_clusters=1
turn=58 result=HIT
turn=59 mode=CHASE cluster=1 cluster_len=1 cell=14,11 score=100000.449295 chase_score=5012.949295 prob=0.449295
turn=59 picked cell=14,11 target_cluster=Some(1) active_clusters=2 remaining_cells=11 scans=2
RESULT turn=59 cell=14,11 result=HIT remaining_cells=11 active_clusters=2
turn=59 result=HIT
turn=60 mode=CHASE cluster=1 cluster_len=2 cell=14,10 score=200000.404542 chase_score=10039.404542 prob=0.404542
turn=60 picked cell=14,10 target_cluster=Some(1) active_clusters=2 remaining_cells=10 scans=2
RESULT turn=60 cell=14,10 result=HIT remaining_cells=10 active_clusters=2
turn=60 result=HIT
turn=61 mode=CHASE cluster=1 cluster_len=3 cell=14,13 score=300000.359789 chase_score=10028.359789 prob=0.359789
turn=61 picked cell=14,13 target_cluster=Some(1) active_clusters=2 remaining_cells=9 scans=2
RESULT turn=61 cell=14,13 result=MISS remaining_cells=9 active_clusters=2
turn=61 result=MISS
turn=62 mode=CHASE cluster=1 cluster_len=3 cell=14,9 score=300000.211689 chase_score=10011.211689 prob=0.211689
turn=62 picked cell=14,9 target_cluster=Some(1) active_clusters=2 remaining_cells=9 scans=2
RESULT turn=62 cell=14,9 result=HIT remaining_cells=9 active_clusters=2
turn=62 result=HIT
turn=63 mode=CHASE cluster=1 cluster_len=4 cell=14,8 score=400000.211689 chase_score=10011.211689 prob=0.211689
turn=63 picked cell=14,8 target_cluster=Some(1) active_clusters=2 remaining_cells=8 scans=2
RESULT turn=63 cell=14,8 result=KILL remaining_cells=8 active_clusters=2
turn=63 result=KILL
turn=63 kill_infer inferred_len=5 committed_hits=4 cluster_hits=4
turn=64 picked cell=7,3 target_cluster=None active_clusters=1 remaining_cells=7 scans=2
RESULT turn=64 cell=7,3 result=MISS remaining_cells=7 active_clusters=1
turn=64 result=MISS
turn=65 picked cell=5,2 target_cluster=None active_clusters=1 remaining_cells=7 scans=2
RESULT turn=65 cell=5,2 result=HIT remaining_cells=7 active_clusters=1
turn=65 result=HIT
turn=66 mode=CHASE cluster=1 cluster_len=1 cell=4,2 score=100000.229275 chase_score=5006.229275 prob=0.229275
turn=66 picked cell=4,2 target_cluster=Some(1) active_clusters=2 remaining_cells=6 scans=2
RESULT turn=66 cell=4,2 result=MISS remaining_cells=6 active_clusters=2
turn=66 result=MISS
turn=67 mode=CHASE cluster=1 cluster_len=1 cell=5,1 score=100000.345401 chase_score=5000.345401 prob=0.345401
turn=67 picked cell=5,1 target_cluster=Some(1) active_clusters=2 remaining_cells=6 scans=2
RESULT turn=67 cell=5,1 result=HIT remaining_cells=6 active_clusters=2
turn=67 result=HIT
turn=68 mode=CHASE cluster=1 cluster_len=2 cell=5,0 score=200000.237547 chase_score=10000.237547 prob=0.237547
turn=68 picked cell=5,0 target_cluster=Some(1) active_clusters=2 remaining_cells=5 scans=2
RESULT turn=68 cell=5,0 result=HIT remaining_cells=5 active_clusters=2
turn=68 result=HIT
turn=69 mode=CHASE cluster=1 cluster_len=3 cell=5,3 score=300000.129692 chase_score=10000.129692 prob=0.129692
turn=69 picked cell=5,3 target_cluster=Some(1) active_clusters=2 remaining_cells=4 scans=2
RESULT turn=69 cell=5,3 result=HIT remaining_cells=4 active_clusters=2
turn=69 result=HIT
turn=70 mode=CHASE cluster=1 cluster_len=4 cell=6,1 score=400000.291474 chase_score=5000.291474 prob=0.291474
turn=70 picked cell=6,1 target_cluster=Some(1) active_clusters=2 remaining_cells=3 scans=2
RESULT turn=70 cell=6,1 result=MISS remaining_cells=3 active_clusters=2
turn=70 result=MISS
turn=71 mode=CHASE cluster=1 cluster_len=4 cell=4,0 score=400000.248779 chase_score=5000.248779 prob=0.248779
turn=71 picked cell=4,0 target_cluster=Some(1) active_clusters=2 remaining_cells=3 scans=2
RESULT turn=71 cell=4,0 result=MISS remaining_cells=3 active_clusters=2
turn=71 result=MISS
turn=72 mode=CHASE cluster=1 cluster_len=4 cell=4,3 score=400000.141010 chase_score=5000.141010 prob=0.141010
turn=72 picked cell=4,3 target_cluster=Some(1) active_clusters=2 remaining_cells=3 scans=2
RESULT turn=72 cell=4,3 result=MISS remaining_cells=3 active_clusters=2
turn=72 result=MISS
turn=73 mode=CHASE cluster=1 cluster_len=4 cell=4,1 score=400000.083832 chase_score=5000.083832 prob=0.083832
turn=73 picked cell=4,1 target_cluster=Some(1) active_clusters=2 remaining_cells=3 scans=2
RESULT turn=73 cell=4,1 result=MISS remaining_cells=3 active_clusters=2
turn=73 result=MISS
turn=74 mode=CHASE cluster=1 cluster_len=4 cell=6,2 score=400000.024060 chase_score=5000.024060 prob=0.024060
turn=74 picked cell=6,2 target_cluster=Some(1) active_clusters=2 remaining_cells=3 scans=2
RESULT turn=74 cell=6,2 result=MISS remaining_cells=3 active_clusters=2
turn=74 result=MISS
turn=75 mode=CHASE cluster=1 cluster_len=4 cell=6,0 score=400000.024082 chase_score=5000.024082 prob=0.024082
turn=75 picked cell=6,0 target_cluster=Some(1) active_clusters=2 remaining_cells=3 scans=2
RESULT turn=75 cell=6,0 result=MISS remaining_cells=3 active_clusters=2
turn=75 result=MISS
turn=76 mode=CHASE cluster=1 cluster_len=4 cell=6,3 score=400000.024104 chase_score=5000.024104 prob=0.024104
turn=76 picked cell=6,3 target_cluster=Some(1) active_clusters=2 remaining_cells=3 scans=2
RESULT turn=76 cell=6,3 result=MISS remaining_cells=3 active_clusters=2
turn=76 result=MISS
turn=77 picked cell=15,5 target_cluster=None active_clusters=2 remaining_cells=3 scans=2
RESULT turn=77 cell=15,5 result=MISS remaining_cells=3 active_clusters=2
turn=77 result=MISS
turn=78 picked cell=16,5 target_cluster=None active_clusters=2 remaining_cells=3 scans=2
RESULT turn=78 cell=16,5 result=MISS remaining_cells=3 active_clusters=2
turn=78 result=MISS
turn=79 picked cell=1,7 target_cluster=None active_clusters=2 remaining_cells=3 scans=2
RESULT turn=79 cell=1,7 result=MISS remaining_cells=3 active_clusters=2
turn=79 result=MISS
turn=80 picked cell=0,5 target_cluster=None active_clusters=2 remaining_cells=3 scans=2
RESULT turn=80 cell=0,5 result=MISS remaining_cells=3 active_clusters=2
turn=80 result=MISS
turn=81 picked cell=15,11 target_cluster=None active_clusters=2 remaining_cells=3 scans=2
RESULT turn=81 cell=15,11 result=MISS remaining_cells=3 active_clusters=2
turn=81 result=MISS
turn=82 picked cell=16,11 target_cluster=None active_clusters=2 remaining_cells=3 scans=2
RESULT turn=82 cell=16,11 result=MISS remaining_cells=3 active_clusters=2
turn=82 result=MISS
turn=83 picked cell=12,16 target_cluster=None active_clusters=2 remaining_cells=3 scans=2
RESULT turn=83 cell=12,16 result=MISS remaining_cells=3 active_clusters=2
turn=83 result=MISS
turn=84 picked cell=11,0 target_cluster=None active_clusters=2 remaining_cells=3 scans=2
RESULT turn=84 cell=11,0 result=MISS remaining_cells=3 active_clusters=2
turn=84 result=MISS
turn=85 picked cell=2,10 target_cluster=None active_clusters=2 remaining_cells=3 scans=2
RESULT turn=85 cell=2,10 result=MISS remaining_cells=3 active_clusters=2
turn=85 result=MISS
turn=86 picked cell=6,16 target_cluster=None active_clusters=2 remaining_cells=3 scans=2
RESULT turn=86 cell=6,16 result=MISS remaining_cells=3 active_clusters=2
turn=86 result=MISS
turn=87 picked cell=0,11 target_cluster=None active_clusters=2 remaining_cells=3 scans=2
RESULT turn=87 cell=0,11 result=MISS remaining_cells=3 active_clusters=2
turn=87 result=MISS
turn=88 picked cell=3,7 target_cluster=None active_clusters=2 remaining_cells=3 scans=2
RESULT turn=88 cell=3,7 result=MISS remaining_cells=3 active_clusters=2
turn=88 result=MISS
turn=89 picked cell=1,5 target_cluster=None active_clusters=2 remaining_cells=3 scans=2
RESULT turn=89 cell=1,5 result=MISS remaining_cells=3 active_clusters=2
turn=89 result=MISS
turn=90 picked cell=1,11 target_cluster=None active_clusters=2 remaining_cells=3 scans=2
RESULT turn=90 cell=1,11 result=MISS remaining_cells=3 active_clusters=2
turn=90 result=MISS
turn=91 picked cell=11,14 target_cluster=None active_clusters=2 remaining_cells=3 scans=2
RESULT turn=91 cell=11,14 result=MISS remaining_cells=3 active_clusters=2
turn=91 result=MISS
turn=92 picked cell=11,15 target_cluster=None active_clusters=2 remaining_cells=3 scans=2
RESULT turn=92 cell=11,15 result=MISS remaining_cells=3 active_clusters=2
turn=92 result=MISS
turn=93 picked cell=5,14 target_cluster=None active_clusters=2 remaining_cells=3 scans=2
RESULT turn=93 cell=5,14 result=MISS remaining_cells=3 active_clusters=2
turn=93 result=MISS
turn=94 picked cell=4,15 target_cluster=None active_clusters=2 remaining_cells=3 scans=2
RESULT turn=94 cell=4,15 result=MISS remaining_cells=3 active_clusters=2
turn=94 result=MISS
turn=95 picked cell=4,9 target_cluster=None active_clusters=2 remaining_cells=3 scans=2
RESULT turn=95 cell=4,9 result=MISS remaining_cells=3 active_clusters=2
turn=95 result=MISS
turn=96 picked cell=2,16 target_cluster=None active_clusters=2 remaining_cells=3 scans=2
RESULT turn=96 cell=2,16 result=MISS remaining_cells=3 active_clusters=2
turn=96 result=MISS
turn=97 picked cell=6,10 target_cluster=None active_clusters=2 remaining_cells=3 scans=2
RESULT turn=97 cell=6,10 result=MISS remaining_cells=3 active_clusters=2
turn=97 result=MISS
turn=98 picked cell=3,8 target_cluster=None active_clusters=2 remaining_cells=3 scans=2
RESULT turn=98 cell=3,8 result=MISS remaining_cells=3 active_clusters=2
turn=98 result=MISS
turn=99 picked cell=8,7 target_cluster=None active_clusters=2 remaining_cells=3 scans=2
RESULT turn=99 cell=8,7 result=MISS remaining_cells=3 active_clusters=2
turn=99 result=MISS
turn=100 picked cell=8,6 target_cluster=None active_clusters=2 remaining_cells=3 scans=2
RESULT turn=100 cell=8,6 result=MISS remaining_cells=3 active_clusters=2
turn=100 result=MISS
turn=101 picked cell=10,7 target_cluster=None active_clusters=2 remaining_cells=3 scans=2
RESULT turn=101 cell=10,7 result=MISS remaining_cells=3 active_clusters=2
turn=101 result=MISS
turn=102 picked cell=9,6 target_cluster=None active_clusters=2 remaining_cells=3 scans=2
RESULT turn=102 cell=9,6 result=MISS remaining_cells=3 active_clusters=2
turn=102 result=MISS
turn=103 picked cell=9,5 target_cluster=None active_clusters=2 remaining_cells=3 scans=2
RESULT turn=103 cell=9,5 result=MISS remaining_cells=3 active_clusters=2
turn=103 result=MISS
turn=104 picked cell=8,4 target_cluster=None active_clusters=2 remaining_cells=3 scans=2
RESULT turn=104 cell=8,4 result=MISS remaining_cells=3 active_clusters=2
turn=104 result=MISS
turn=105 picked cell=8,3 target_cluster=None active_clusters=2 remaining_cells=3 scans=2
RESULT turn=105 cell=8,3 result=MISS remaining_cells=3 active_clusters=2
turn=105 result=MISS
turn=106 picked cell=9,4 target_cluster=None active_clusters=2 remaining_cells=3 scans=2
RESULT turn=106 cell=9,4 result=MISS remaining_cells=3 active_clusters=2
turn=106 result=MISS
turn=107 picked cell=9,3 target_cluster=None active_clusters=2 remaining_cells=3 scans=2
RESULT turn=107 cell=9,3 result=MISS remaining_cells=3 active_clusters=2
turn=107 result=MISS
turn=108 picked cell=10,5 target_cluster=None active_clusters=2 remaining_cells=3 scans=2
RESULT turn=108 cell=10,5 result=MISS remaining_cells=3 active_clusters=2
turn=108 result=MISS
turn=109 picked cell=8,2 target_cluster=None active_clusters=2 remaining_cells=3 scans=2
RESULT turn=109 cell=8,2 result=MISS remaining_cells=3 active_clusters=2
turn=109 result=MISS
turn=110 picked cell=14,7 target_cluster=None active_clusters=2 remaining_cells=3 scans=2
RESULT turn=110 cell=14,7 result=MISS remaining_cells=3 active_clusters=2
turn=110 result=MISS
turn=111 picked cell=8,0 target_cluster=None active_clusters=2 remaining_cells=3 scans=2
RESULT turn=111 cell=8,0 result=MISS remaining_cells=3 active_clusters=2
turn=111 result=MISS
turn=112 picked cell=13,6 target_cluster=None active_clusters=2 remaining_cells=3 scans=2
RESULT turn=112 cell=13,6 result=MISS remaining_cells=3 active_clusters=2
turn=112 result=MISS
turn=113 picked cell=8,1 target_cluster=None active_clusters=2 remaining_cells=3 scans=2
RESULT turn=113 cell=8,1 result=MISS remaining_cells=3 active_clusters=2
turn=113 result=MISS
turn=114 picked cell=13,7 target_cluster=None active_clusters=2 remaining_cells=3 scans=2
RESULT turn=114 cell=13,7 result=MISS remaining_cells=3 active_clusters=2
turn=114 result=MISS
turn=115 picked cell=9,1 target_cluster=None active_clusters=2 remaining_cells=3 scans=2
RESULT turn=115 cell=9,1 result=MISS remaining_cells=3 active_clusters=2
turn=115 result=MISS
turn=116 picked cell=14,6 target_cluster=None active_clusters=2 remaining_cells=3 scans=2
RESULT turn=116 cell=14,6 result=MISS remaining_cells=3 active_clusters=2
turn=116 result=MISS
turn=117 picked cell=10,1 target_cluster=None active_clusters=2 remaining_cells=3 scans=2
RESULT turn=117 cell=10,1 result=MISS remaining_cells=3 active_clusters=2
turn=117 result=MISS
turn=118 picked cell=10,3 target_cluster=None active_clusters=2 remaining_cells=3 scans=2
RESULT turn=118 cell=10,3 result=KILL remaining_cells=3 active_clusters=2
turn=118 result=KILL
turn=119 picked cell=6,7 target_cluster=None active_clusters=2 remaining_cells=2 scans=2
RESULT turn=119 cell=6,7 result=MISS remaining_cells=2 active_clusters=2
turn=119 result=MISS
turn=120 picked cell=7,6 target_cluster=None active_clusters=2 remaining_cells=2 scans=2
RESULT turn=120 cell=7,6 result=MISS remaining_cells=2 active_clusters=2
turn=120 result=MISS
turn=121 picked cell=8,9 target_cluster=None active_clusters=2 remaining_cells=2 scans=2
RESULT turn=121 cell=8,9 result=MISS remaining_cells=2 active_clusters=2
turn=121 result=MISS
turn=122 picked cell=7,5 target_cluster=None active_clusters=2 remaining_cells=2 scans=2
RESULT turn=122 cell=7,5 result=MISS remaining_cells=2 active_clusters=2
turn=122 result=MISS
turn=123 picked cell=9,8 target_cluster=None active_clusters=2 remaining_cells=2 scans=2
RESULT turn=123 cell=9,8 result=MISS remaining_cells=2 active_clusters=2
turn=123 result=MISS
turn=124 picked cell=5,7 target_cluster=None active_clusters=2 remaining_cells=2 scans=2
RESULT turn=124 cell=5,7 result=MISS remaining_cells=2 active_clusters=2
turn=124 result=MISS
turn=125 picked cell=7,4 target_cluster=None active_clusters=2 remaining_cells=2 scans=2
RESULT turn=125 cell=7,4 result=MISS remaining_cells=2 active_clusters=2
turn=125 result=MISS
turn=126 picked cell=9,9 target_cluster=None active_clusters=2 remaining_cells=2 scans=2
RESULT turn=126 cell=9,9 result=MISS remaining_cells=2 active_clusters=2
turn=126 result=MISS
turn=127 picked cell=6,6 target_cluster=None active_clusters=2 remaining_cells=2 scans=2
RESULT turn=127 cell=6,6 result=MISS remaining_cells=2 active_clusters=2
turn=127 result=MISS
turn=128 picked cell=10,8 target_cluster=None active_clusters=2 remaining_cells=2 scans=2
RESULT turn=128 cell=10,8 result=MISS remaining_cells=2 active_clusters=2
turn=128 result=MISS
turn=129 picked cell=6,5 target_cluster=None active_clusters=2 remaining_cells=2 scans=2
RESULT turn=129 cell=6,5 result=MISS remaining_cells=2 active_clusters=2
turn=129 result=MISS
turn=130 picked cell=8,10 target_cluster=None active_clusters=2 remaining_cells=2 scans=2
RESULT turn=130 cell=8,10 result=MISS remaining_cells=2 active_clusters=2
turn=130 result=MISS
turn=131 picked cell=4,7 target_cluster=None active_clusters=2 remaining_cells=2 scans=2
RESULT turn=131 cell=4,7 result=MISS remaining_cells=2 active_clusters=2
turn=131 result=MISS
turn=132 picked cell=4,6 target_cluster=None active_clusters=2 remaining_cells=2 scans=2
RESULT turn=132 cell=4,6 result=MISS remaining_cells=2 active_clusters=2
turn=132 result=MISS
turn=133 picked cell=5,5 target_cluster=None active_clusters=2 remaining_cells=2 scans=2
RESULT turn=133 cell=5,5 result=KILL remaining_cells=2 active_clusters=2
turn=133 result=KILL
turn=134 picked cell=5,9 target_cluster=None active_clusters=2 remaining_cells=1 scans=2
RESULT turn=134 cell=5,9 result=MISS remaining_cells=1 active_clusters=2
turn=134 result=MISS
turn=135 picked cell=5,8 target_cluster=None active_clusters=2 remaining_cells=1 scans=2
RESULT turn=135 cell=5,8 result=MISS remaining_cells=1 active_clusters=2
turn=135 result=MISS
turn=136 picked cell=8,12 target_cluster=None active_clusters=2 remaining_cells=1 scans=2
RESULT turn=136 cell=8,12 result=MISS remaining_cells=1 active_clusters=2
turn=136 result=MISS
turn=137 picked cell=10,9 target_cluster=None active_clusters=2 remaining_cells=1 scans=2
RESULT turn=137 cell=10,9 result=MISS remaining_cells=1 active_clusters=2
turn=137 result=MISS
turn=138 picked cell=4,8 target_cluster=None active_clusters=2 remaining_cells=1 scans=2
RESULT turn=138 cell=4,8 result=MISS remaining_cells=1 active_clusters=2
turn=138 result=MISS
turn=139 picked cell=8,13 target_cluster=None active_clusters=2 remaining_cells=1 scans=2
RESULT turn=139 cell=8,13 result=MISS remaining_cells=1 active_clusters=2
turn=139 result=MISS
turn=140 picked cell=5,10 target_cluster=None active_clusters=2 remaining_cells=1 scans=2
RESULT turn=140 cell=5,10 result=MISS remaining_cells=1 active_clusters=2
turn=140 result=MISS
turn=141 picked cell=9,10 target_cluster=None active_clusters=2 remaining_cells=1 scans=2
RESULT turn=141 cell=9,10 result=MISS remaining_cells=1 active_clusters=2
turn=141 result=MISS
turn=142 picked cell=7,12 target_cluster=None active_clusters=2 remaining_cells=1 scans=2
RESULT turn=142 cell=7,12 result=MISS remaining_cells=1 active_clusters=2
turn=142 result=MISS
turn=143 picked cell=6,11 target_cluster=None active_clusters=2 remaining_cells=1 scans=2
RESULT turn=143 cell=6,11 result=MISS remaining_cells=1 active_clusters=2
turn=143 result=MISS
turn=144 picked cell=4,10 target_cluster=None active_clusters=2 remaining_cells=1 scans=2
RESULT turn=144 cell=4,10 result=MISS remaining_cells=1 active_clusters=2
turn=144 result=MISS
turn=145 picked cell=13,8 target_cluster=None active_clusters=2 remaining_cells=1 scans=2
RESULT turn=145 cell=13,8 result=MISS remaining_cells=1 active_clusters=2
turn=145 result=MISS
turn=146 picked cell=10,11 target_cluster=None active_clusters=2 remaining_cells=1 scans=2
RESULT turn=146 cell=10,11 result=MISS remaining_cells=1 active_clusters=2
turn=146 result=MISS
turn=147 picked cell=2,8 target_cluster=None active_clusters=2 remaining_cells=1 scans=2
RESULT turn=147 cell=2,8 result=MISS remaining_cells=1 active_clusters=2
turn=147 result=MISS
turn=148 picked cell=5,11 target_cluster=None active_clusters=2 remaining_cells=1 scans=2
RESULT turn=148 cell=5,11 result=MISS remaining_cells=1 active_clusters=2
turn=148 result=MISS
turn=149 picked cell=6,12 target_cluster=None active_clusters=2 remaining_cells=1 scans=2
RESULT turn=149 cell=6,12 result=MISS remaining_cells=1 active_clusters=2
turn=149 result=MISS
turn=150 picked cell=11,10 target_cluster=None active_clusters=2 remaining_cells=1 scans=2
RESULT turn=150 cell=11,10 result=MISS remaining_cells=1 active_clusters=2
turn=150 result=MISS
turn=151 picked cell=11,12 target_cluster=None active_clusters=2 remaining_cells=1 scans=2
RESULT turn=151 cell=11,12 result=MISS remaining_cells=1 active_clusters=2
turn=151 result=MISS
turn=152 picked cell=3,9 target_cluster=None active_clusters=2 remaining_cells=1 scans=2
RESULT turn=152 cell=3,9 result=MISS remaining_cells=1 active_clusters=2
turn=152 result=MISS
turn=153 picked cell=2,9 target_cluster=None active_clusters=2 remaining_cells=1 scans=2
RESULT turn=153 cell=2,9 result=MISS remaining_cells=1 active_clusters=2
turn=153 result=MISS
turn=154 picked cell=3,6 target_cluster=None active_clusters=2 remaining_cells=1 scans=2
RESULT turn=154 cell=3,6 result=MISS remaining_cells=1 active_clusters=2
turn=154 result=MISS
turn=155 picked cell=13,9 target_cluster=None active_clusters=2 remaining_cells=1 scans=2
RESULT turn=155 cell=13,9 result=MISS remaining_cells=1 active_clusters=2
turn=155 result=MISS
turn=156 picked cell=11,11 target_cluster=None active_clusters=2 remaining_cells=1 scans=2
RESULT turn=156 cell=11,11 result=MISS remaining_cells=1 active_clusters=2
turn=156 result=MISS
turn=157 picked cell=8,14 target_cluster=None active_clusters=2 remaining_cells=1 scans=2
RESULT turn=157 cell=8,14 result=MISS remaining_cells=1 active_clusters=2
turn=157 result=MISS
turn=158 picked cell=12,11 target_cluster=None active_clusters=2 remaining_cells=1 scans=2
RESULT turn=158 cell=12,11 result=MISS remaining_cells=1 active_clusters=2
turn=158 result=MISS
turn=159 picked cell=8,15 target_cluster=None active_clusters=2 remaining_cells=1 scans=2
RESULT turn=159 cell=8,15 result=MISS remaining_cells=1 active_clusters=2
turn=159 result=MISS
turn=160 picked cell=15,8 target_cluster=None active_clusters=2 remaining_cells=1 scans=2
RESULT turn=160 cell=15,8 result=MISS remaining_cells=1 active_clusters=2
turn=160 result=MISS
turn=161 picked cell=6,13 target_cluster=None active_clusters=2 remaining_cells=1 scans=2
RESULT turn=161 cell=6,13 result=MISS remaining_cells=1 active_clusters=2
turn=161 result=MISS
turn=162 picked cell=7,13 target_cluster=None active_clusters=2 remaining_cells=1 scans=2
RESULT turn=162 cell=7,13 result=MISS remaining_cells=1 active_clusters=2
turn=162 result=MISS
turn=163 picked cell=6,14 target_cluster=None active_clusters=2 remaining_cells=1 scans=2
RESULT turn=163 cell=6,14 result=MISS remaining_cells=1 active_clusters=2
turn=163 result=MISS
turn=164 picked cell=13,10 target_cluster=None active_clusters=2 remaining_cells=1 scans=2
RESULT turn=164 cell=13,10 result=MISS remaining_cells=1 active_clusters=2
turn=164 result=MISS
turn=165 picked cell=3,10 target_cluster=None active_clusters=2 remaining_cells=1 scans=2
RESULT turn=165 cell=3,10 result=MISS remaining_cells=1 active_clusters=2
turn=165 result=MISS
turn=166 picked cell=15,7 target_cluster=None active_clusters=2 remaining_cells=1 scans=2
RESULT turn=166 cell=15,7 result=MISS remaining_cells=1 active_clusters=2
turn=166 result=MISS
turn=167 picked cell=1,8 target_cluster=None active_clusters=2 remaining_cells=1 scans=2
RESULT turn=167 cell=1,8 result=MISS remaining_cells=1 active_clusters=2
turn=167 result=MISS
turn=168 picked cell=3,11 target_cluster=None active_clusters=2 remaining_cells=1 scans=2
RESULT turn=168 cell=3,11 result=MISS remaining_cells=1 active_clusters=2
turn=168 result=MISS
turn=169 picked cell=4,11 target_cluster=None active_clusters=2 remaining_cells=1 scans=2
RESULT turn=169 cell=4,11 result=MISS remaining_cells=1 active_clusters=2
turn=169 result=MISS
turn=170 picked cell=1,9 target_cluster=None active_clusters=2 remaining_cells=1 scans=2
RESULT turn=170 cell=1,9 result=MISS remaining_cells=1 active_clusters=2
turn=170 result=MISS
turn=171 picked cell=7,2 target_cluster=None active_clusters=2 remaining_cells=1 scans=2
RESULT turn=171 cell=7,2 result=MISS remaining_cells=1 active_clusters=2
turn=171 result=MISS
turn=172 picked cell=7,14 target_cluster=None active_clusters=2 remaining_cells=1 scans=2
RESULT turn=172 cell=7,14 result=MISS remaining_cells=1 active_clusters=2
turn=172 result=MISS
turn=173 picked cell=0,9 target_cluster=None active_clusters=2 remaining_cells=1 scans=2
RESULT turn=173 cell=0,9 result=MISS remaining_cells=1 active_clusters=2
turn=173 result=MISS
turn=174 picked cell=2,6 target_cluster=None active_clusters=2 remaining_cells=1 scans=2
RESULT turn=174 cell=2,6 result=MISS remaining_cells=1 active_clusters=2
turn=174 result=MISS
turn=175 picked cell=2,7 target_cluster=None active_clusters=2 remaining_cells=1 scans=2
RESULT turn=175 cell=2,7 result=MISS remaining_cells=1 active_clusters=2
turn=175 result=MISS
turn=176 picked cell=10,13 target_cluster=None active_clusters=2 remaining_cells=1 scans=2
RESULT turn=176 cell=10,13 result=MISS remaining_cells=1 active_clusters=2
turn=176 result=MISS
turn=177 picked cell=16,8 target_cluster=None active_clusters=2 remaining_cells=1 scans=2
RESULT turn=177 cell=16,8 result=MISS remaining_cells=1 active_clusters=2
turn=177 result=MISS
turn=178 picked cell=3,5 target_cluster=None active_clusters=2 remaining_cells=1 scans=2
RESULT turn=178 cell=3,5 result=MISS remaining_cells=1 active_clusters=2
turn=178 result=MISS
turn=179 picked cell=12,12 target_cluster=None active_clusters=2 remaining_cells=1 scans=2
RESULT turn=179 cell=12,12 result=MISS remaining_cells=1 active_clusters=2
turn=179 result=MISS
turn=180 picked cell=10,2 target_cluster=None active_clusters=2 remaining_cells=1 scans=2
RESULT turn=180 cell=10,2 result=MISS remaining_cells=1 active_clusters=2
turn=180 result=MISS
turn=181 picked cell=15,9 target_cluster=None active_clusters=2 remaining_cells=1 scans=2
RESULT turn=181 cell=15,9 result=MISS remaining_cells=1 active_clusters=2
turn=181 result=MISS
turn=182 picked cell=9,16 target_cluster=None active_clusters=2 remaining_cells=1 scans=2
RESULT turn=182 cell=9,16 result=MISS remaining_cells=1 active_clusters=2
turn=182 result=MISS
turn=183 picked cell=7,15 target_cluster=None active_clusters=2 remaining_cells=1 scans=2
RESULT turn=183 cell=7,15 result=MISS remaining_cells=1 active_clusters=2
turn=183 result=MISS
turn=184 picked cell=10,14 target_cluster=None active_clusters=2 remaining_cells=1 scans=2
RESULT turn=184 cell=10,14 result=MISS remaining_cells=1 active_clusters=2
turn=184 result=MISS
turn=185 picked cell=8,16 target_cluster=None active_clusters=2 remaining_cells=1 scans=2
RESULT turn=185 cell=8,16 result=MISS remaining_cells=1 active_clusters=2
turn=185 result=MISS
turn=186 picked cell=12,13 target_cluster=None active_clusters=2 remaining_cells=1 scans=2
RESULT turn=186 cell=12,13 result=MISS remaining_cells=1 active_clusters=2
turn=186 result=MISS
turn=187 picked cell=7,1 target_cluster=None active_clusters=2 remaining_cells=1 scans=2
RESULT turn=187 cell=7,1 result=MISS remaining_cells=1 active_clusters=2
turn=187 result=MISS
turn=188 picked cell=16,9 target_cluster=None active_clusters=2 remaining_cells=1 scans=2
RESULT turn=188 cell=16,9 result=MISS remaining_cells=1 active_clusters=2
turn=188 result=MISS
turn=189 picked cell=2,5 target_cluster=None active_clusters=2 remaining_cells=1 scans=2
RESULT turn=189 cell=2,5 result=MISS remaining_cells=1 active_clusters=2
turn=189 result=MISS
turn=190 picked cell=10,15 target_cluster=None active_clusters=2 remaining_cells=1 scans=2
RESULT turn=190 cell=10,15 result=MISS remaining_cells=1 active_clusters=2
turn=190 result=MISS
turn=191 picked cell=1,10 target_cluster=None active_clusters=2 remaining_cells=1 scans=2
RESULT turn=191 cell=1,10 result=MISS remaining_cells=1 active_clusters=2
turn=191 result=MISS
turn=192 picked cell=15,6 target_cluster=None active_clusters=2 remaining_cells=1 scans=2
RESULT turn=192 cell=15,6 result=MISS remaining_cells=1 active_clusters=2
turn=192 result=MISS
turn=193 picked cell=13,4 target_cluster=None active_clusters=2 remaining_cells=1 scans=2
RESULT turn=193 cell=13,4 result=MISS remaining_cells=1 active_clusters=2
turn=193 result=MISS
turn=194 picked cell=0,8 target_cluster=None active_clusters=2 remaining_cells=1 scans=2
RESULT turn=194 cell=0,8 result=MISS remaining_cells=1 active_clusters=2
turn=194 result=MISS
turn=195 picked cell=2,11 target_cluster=None active_clusters=2 remaining_cells=1 scans=2
RESULT turn=195 cell=2,11 result=MISS remaining_cells=1 active_clusters=2
turn=195 result=MISS
turn=196 picked cell=7,16 target_cluster=None active_clusters=2 remaining_cells=1 scans=2
RESULT turn=196 cell=7,16 result=MISS remaining_cells=1 active_clusters=2
turn=196 result=MISS
turn=197 picked cell=0,7 target_cluster=None active_clusters=2 remaining_cells=1 scans=2
RESULT turn=197 cell=0,7 result=MISS remaining_cells=1 active_clusters=2
turn=197 result=MISS
turn=198 picked cell=15,10 target_cluster=None active_clusters=2 remaining_cells=1 scans=2
RESULT turn=198 cell=15,10 result=MISS remaining_cells=1 active_clusters=2
turn=198 result=MISS
turn=199 picked cell=10,16 target_cluster=None active_clusters=2 remaining_cells=1 scans=2
RESULT turn=199 cell=10,16 result=MISS remaining_cells=1 active_clusters=2
turn=199 result=MISS
turn=200 picked cell=7,0 target_cluster=None active_clusters=2 remaining_cells=1 scans=2
RESULT turn=200 cell=7,0 result=MISS remaining_cells=1 active_clusters=2
turn=200 result=MISS
turn=201 picked cell=13,12 target_cluster=None active_clusters=2 remaining_cells=1 scans=2
RESULT turn=201 cell=13,12 result=MISS remaining_cells=1 active_clusters=2
turn=201 result=MISS
turn=202 picked cell=1,6 target_cluster=None active_clusters=2 remaining_cells=1 scans=2
RESULT turn=202 cell=1,6 result=MISS remaining_cells=1 active_clusters=2
turn=202 result=MISS
turn=203 picked cell=6,15 target_cluster=None active_clusters=2 remaining_cells=1 scans=2
RESULT turn=203 cell=6,15 result=MISS remaining_cells=1 active_clusters=2
turn=203 result=MISS
turn=204 picked cell=14,4 target_cluster=None active_clusters=2 remaining_cells=1 scans=2
RESULT turn=204 cell=14,4 result=MISS remaining_cells=1 active_clusters=2
turn=204 result=MISS
turn=205 picked cell=11,16 target_cluster=None active_clusters=2 remaining_cells=1 scans=2
RESULT turn=205 cell=11,16 result=MISS remaining_cells=1 active_clusters=2
turn=205 result=MISS
turn=206 picked cell=0,10 target_cluster=None active_clusters=2 remaining_cells=1 scans=2
RESULT turn=206 cell=0,10 result=MISS remaining_cells=1 active_clusters=2
turn=206 result=MISS
turn=207 picked cell=10,0 target_cluster=None active_clusters=2 remaining_cells=1 scans=2
RESULT turn=207 cell=10,0 result=MISS remaining_cells=1 active_clusters=2
turn=207 result=MISS
turn=208 picked cell=16,7 target_cluster=None active_clusters=2 remaining_cells=1 scans=2
RESULT turn=208 cell=16,7 result=MISS remaining_cells=1 active_clusters=2
turn=208 result=MISS
turn=209 picked cell=4,14 target_cluster=None active_clusters=2 remaining_cells=1 scans=2
RESULT turn=209 cell=4,14 result=MISS remaining_cells=1 active_clusters=2
turn=209 result=MISS
turn=210 picked cell=13,13 target_cluster=None active_clusters=2 remaining_cells=1 scans=2
RESULT turn=210 cell=13,13 result=MISS remaining_cells=1 active_clusters=2
turn=210 result=MISS
turn=211 picked cell=3,12 target_cluster=None active_clusters=2 remaining_cells=1 scans=2
RESULT turn=211 cell=3,12 result=MISS remaining_cells=1 active_clusters=2
turn=211 result=MISS
turn=212 picked cell=12,14 target_cluster=None active_clusters=2 remaining_cells=1 scans=2
RESULT turn=212 cell=12,14 result=MISS remaining_cells=1 active_clusters=2
turn=212 result=MISS
turn=213 picked cell=2,12 target_cluster=None active_clusters=2 remaining_cells=1 scans=2
RESULT turn=213 cell=2,12 result=MISS remaining_cells=1 active_clusters=2
turn=213 result=MISS
turn=214 picked cell=2,13 target_cluster=None active_clusters=2 remaining_cells=1 scans=2
RESULT turn=214 cell=2,13 result=MISS remaining_cells=1 active_clusters=2
turn=214 result=MISS
turn=215 picked cell=0,6 target_cluster=None active_clusters=2 remaining_cells=1 scans=2
RESULT turn=215 cell=0,6 result=MISS remaining_cells=1 active_clusters=2
turn=215 result=MISS
turn=216 picked cell=12,2 target_cluster=None active_clusters=2 remaining_cells=1 scans=2
RESULT turn=216 cell=12,2 result=MISS remaining_cells=1 active_clusters=2
turn=216 result=MISS
turn=217 picked cell=5,15 target_cluster=None active_clusters=2 remaining_cells=1 scans=2
RESULT turn=217 cell=5,15 result=MISS remaining_cells=1 active_clusters=2
turn=217 result=MISS
turn=218 picked cell=13,3 target_cluster=None active_clusters=2 remaining_cells=1 scans=2
RESULT turn=218 cell=13,3 result=MISS remaining_cells=1 active_clusters=2
turn=218 result=MISS
turn=219 picked cell=13,2 target_cluster=None active_clusters=2 remaining_cells=1 scans=2
RESULT turn=219 cell=13,2 result=MISS remaining_cells=1 active_clusters=2
turn=219 result=MISS
turn=220 picked cell=2,3 target_cluster=None active_clusters=2 remaining_cells=1 scans=2
RESULT turn=220 cell=2,3 result=MISS remaining_cells=1 active_clusters=2
turn=220 result=MISS
turn=221 picked cell=16,10 target_cluster=None active_clusters=2 remaining_cells=1 scans=2
RESULT turn=221 cell=16,10 result=MISS remaining_cells=1 active_clusters=2
turn=221 result=MISS
turn=222 picked cell=16,6 target_cluster=None active_clusters=2 remaining_cells=1 scans=2
RESULT turn=222 cell=16,6 result=MISS remaining_cells=1 active_clusters=2
turn=222 result=MISS
turn=223 picked cell=3,3 target_cluster=None active_clusters=2 remaining_cells=1 scans=2
RESULT turn=223 cell=3,3 result=MISS remaining_cells=1 active_clusters=2
turn=223 result=MISS
turn=224 picked cell=13,14 target_cluster=None active_clusters=2 remaining_cells=1 scans=2
RESULT turn=224 cell=13,14 result=MISS remaining_cells=1 active_clusters=2
turn=224 result=MISS
turn=225 picked cell=12,15 target_cluster=None active_clusters=2 remaining_cells=1 scans=2
RESULT turn=225 cell=12,15 result=MISS remaining_cells=1 active_clusters=2
turn=225 result=MISS
turn=226 picked cell=3,14 target_cluster=None active_clusters=2 remaining_cells=1 scans=2
RESULT turn=226 cell=3,14 result=MISS remaining_cells=1 active_clusters=2
turn=226 result=MISS
turn=227 picked cell=4,16 target_cluster=None active_clusters=2 remaining_cells=1 scans=2
RESULT turn=227 cell=4,16 result=MISS remaining_cells=1 active_clusters=2
turn=227 result=MISS
turn=228 picked cell=15,12 target_cluster=None active_clusters=2 remaining_cells=1 scans=2
RESULT turn=228 cell=15,12 result=KILL remaining_cells=1 active_clusters=2
turn=228 result=KILL
