GAME n=18 p=0.390285 remaining_cells=86 remaining=[0, 1, 2, 3, 3, 1, 3, 3, 2, 0]
turn=1 mode=SCAN region=0,0,8,17
turn=1 result=SCAN count=47
turn=2 mode=SCAN region=0,0,17,8
turn=2 result=SCAN count=43
turn=3 picked cell=7,7 target_cluster=None active_clusters=0 remaining_cells=86 scans=2
RESULT turn=3 cell=7,7 result=MISS remaining_cells=86 active_clusters=0
turn=3 result=MISS
turn=4 picked cell=8,8 target_cluster=None active_clusters=0 remaining_cells=86 scans=2
RESULT turn=4 cell=8,8 result=MISS remaining_cells=86 active_clusters=0
turn=4 result=MISS
turn=5 picked cell=6,9 target_cluster=None active_clusters=0 remaining_cells=86 scans=2
RESULT turn=5 cell=6,9 result=MISS remaining_cells=86 active_clusters=0
turn=5 result=MISS
turn=6 picked cell=5,10 target_cluster=None active_clusters=0 remaining_cells=86 scans=2
RESULT turn=6 cell=5,10 result=HIT remaining_cells=86 active_clusters=0
turn=6 result=HIT
turn=7 mode=CHASE cluster=0 cluster_len=1 cell=5,11 score=100002.225430 chase_score=5103.725430 prob=2.225430
turn=7 picked cell=5,11 target_cluster=Some(0) active_clusters=1 remaining_cells=85 scans=2
RESULT turn=7 cell=5,11 result=MISS remaining_cells=85 active_clusters=1
turn=7 result=MISS
turn=8 mode=CHASE cluster=0 cluster_len=1 cell=6,10 score=100001.407281 chase_score=5098.907281 prob=1.407281
turn=8 picked cell=6,10 target_cluster=Some(0) active_clusters=1 remaining_cells=85 scans=2
RESULT turn=8 cell=6,10 result=HIT remaining_cells=85 active_clusters=1
turn=8 result=HIT
turn=9 mode=CHASE cluster=0 cluster_len=2 cell=7,10 score=200001.860729 chase_score=10322.860729 prob=1.860729
turn=9 picked cell=7,10 target_cluster=Some(0) active_clusters=1 remaining_cells=84 scans=2
RESULT turn=9 cell=7,10 result=HIT remaining_cells=84 active_clusters=1
turn=9 result=HIT
turn=10 mode=CHASE cluster=0 cluster_len=3 cell=4,10 score=300002.195875 chase_score=10242.195875 prob=2.195875
turn=10 picked cell=4,10 target_cluster=Some(0) active_clusters=1 remaining_cells=83 scans=2
RESULT turn=10 cell=4,10 result=HIT remaining_cells=83 active_clusters=1
turn=10 result=HIT
turn=11 mode=CHASE cluster=0 cluster_len=4 cell=3,10 score=400002.041770 chase_score=10170.041770 prob=2.041770
turn=11 picked cell=3,10 target_cluster=Some(0) active_clusters=1 remaining_cells=82 scans=2
RESULT turn=11 cell=3,10 result=HIT remaining_cells=82 active_clusters=1
turn=11 result=HIT
turn=12 mode=CHASE cluster=0 cluster_len=5 cell=2,10 score=500001.860729 chase_score=10109.860729 prob=1.860729
turn=12 picked cell=2,10 target_cluster=Some(0) active_clusters=1 remaining_cells=81 scans=2
RESULT turn=12 cell=2,10 result=HIT remaining_cells=81 active_clusters=1
turn=12 result=HIT
turn=13 mode=CHASE cluster=0 cluster_len=6 cell=1,10 score=600001.660192 chase_score=10054.660192 prob=1.660192
turn=13 picked cell=1,10 target_cluster=Some(0) active_clusters=1 remaining_cells=80 scans=2
RESULT turn=13 cell=1,10 result=MISS remaining_cells=80 active_clusters=1
turn=13 result=MISS
turn=14 mode=CHASE cluster=0 cluster_len=6 cell=8,10 score=600001.653020 chase_score=10038.653020 prob=1.653020
turn=14 picked cell=8,10 target_cluster=Some(0) active_clusters=1 remaining_cells=80 scans=2
RESULT turn=14 cell=8,10 result=HIT remaining_cells=80 active_clusters=1
turn=14 result=HIT
turn=15 mode=CHASE cluster=0 cluster_len=7 cell=9,10 score=700002.537987 chase_score=10018.537987 prob=2.537987
turn=15 picked cell=9,10 target_cluster=Some(0) active_clusters=1 remaining_cells=79 scans=2
RESULT turn=15 cell=9,10 result=KILL remaining_cells=79 active_clusters=1
turn=15 result=KILL
turn=15 kill_infer inferred_len=8 committed_hits=7 cluster_hits=7
turn=16 picked cell=10,6 target_cluster=None active_clusters=0 remaining_cells=78 scans=2
RESULT turn=16 cell=10,6 result=HIT remaining_cells=78 active_clusters=0
turn=16 result=HIT
turn=17 mode=CHASE cluster=0 cluster_len=1 cell=11,6 score=100002.345726 chase_score=5089.845726 prob=2.345726
turn=17 picked cell=11,6 target_cluster=Some(0) active_clusters=1 remaining_cells=77 scans=2
RESULT turn=17 cell=11,6 result=MISS remaining_cells=77 active_clusters=1
turn=17 result=MISS
turn=18 mode=CHASE cluster=0 cluster_len=1 cell=10,7 score=100001.882342 chase_score=5089.382342 prob=1.882342
turn=18 picked cell=10,7 target_cluster=Some(0) active_clusters=1 remaining_cells=77 scans=2
RESULT turn=18 cell=10,7 result=HIT remaining_cells=77 active_clusters=1
turn=18 result=HIT
turn=19 mode=CHASE cluster=0 cluster_len=2 cell=10,5 score=200002.364048 chase_score=10275.364048 prob=2.364048
turn=19 picked cell=10,5 target_cluster=Some(0) active_clusters=1 remaining_cells=76 scans=2
RESULT turn=19 cell=10,5 result=HIT remaining_cells=76 active_clusters=1
turn=19 result=HIT
turn=20 mode=CHASE cluster=0 cluster_len=3 cell=10,4 score=300002.222428 chase_score=10202.222428 prob=2.222428
turn=20 picked cell=10,4 target_cluster=Some(0) active_clusters=1 remaining_cells=75 scans=2
RESULT turn=20 cell=10,4 result=HIT remaining_cells=75 active_clusters=1
turn=20 result=HIT
turn=21 mode=CHASE cluster=0 cluster_len=4 cell=10,3 score=400002.067524 chase_score=10138.067524 prob=2.067524
turn=21 picked cell=10,3 target_cluster=Some(0) active_clusters=1 remaining_cells=74 scans=2
RESULT turn=21 cell=10,3 result=HIT remaining_cells=74 active_clusters=1
turn=21 result=HIT
turn=22 mode=CHASE cluster=0 cluster_len=5 cell=10,2 score=500001.882342 chase_score=10085.882342 prob=1.882342
turn=22 picked cell=10,2 target_cluster=Some(0) active_clusters=1 remaining_cells=73 scans=2
RESULT turn=22 cell=10,2 result=MISS remaining_cells=73 active_clusters=1
turn=22 result=MISS
turn=23 mode=CHASE cluster=0 cluster_len=5 cell=10,8 score=500001.603292 chase_score=10048.603292 prob=1.603292
turn=23 picked cell=10,8 target_cluster=Some(0) active_clusters=1 remaining_cells=73 scans=2
RESULT turn=23 cell=10,8 result=HIT remaining_cells=73 active_clusters=1
turn=23 result=HIT
turn=24 mode=CHASE cluster=0 cluster_len=6 cell=10,9 score=600002.100528 chase_score=10031.100528 prob=2.100528
turn=24 picked cell=10,9 target_cluster=Some(0) active_clusters=1 remaining_cells=72 scans=2
RESULT turn=24 cell=10,9 result=KILL remaining_cells=72 active_clusters=1
turn=24 result=KILL
turn=24 kill_infer inferred_len=7 committed_hits=6 cluster_hits=6
turn=25 picked cell=5,4 target_cluster=None active_clusters=0 remaining_cells=71 scans=2
RESULT turn=25 cell=5,4 result=MISS remaining_cells=71 active_clusters=0
turn=25 result=MISS
turn=26 picked cell=4,5 target_cluster=None active_clusters=0 remaining_cells=71 scans=2
RESULT turn=26 cell=4,5 result=MISS remaining_cells=71 active_clusters=0
turn=26 result=MISS
turn=27 picked cell=12,11 target_cluster=None active_clusters=0 remaining_cells=71 scans=2
RESULT turn=27 cell=12,11 result=MISS remaining_cells=71 active_clusters=0
turn=27 result=MISS
turn=28 picked cell=6,1 target_cluster=None active_clusters=0 remaining_cells=71 scans=2
RESULT turn=28 cell=6,1 result=HIT remaining_cells=71 active_clusters=0
turn=28 result=HIT
turn=29 mode=CHASE cluster=0 cluster_len=1 cell=7,1 score=100001.745905 chase_score=5078.745905 prob=1.745905
turn=29 picked cell=7,1 target_cluster=Some(0) active_clusters=1 remaining_cells=70 scans=2
RESULT turn=29 cell=7,1 result=HIT remaining_cells=70 active_clusters=1
turn=29 result=HIT
turn=30 mode=CHASE cluster=0 cluster_len=2 cell=8,1 score=200001.836448 chase_score=10239.836448 prob=1.836448
turn=30 picked cell=8,1 target_cluster=Some(0) active_clusters=1 remaining_cells=69 scans=2
RESULT turn=30 cell=8,1 result=HIT remaining_cells=69 active_clusters=1
turn=30 result=HIT
turn=31 mode=CHASE cluster=0 cluster_len=3 cell=9,1 score=300001.871963 chase_score=10173.871963 prob=1.871963
turn=31 picked cell=9,1 target_cluster=Some(0) active_clusters=1 remaining_cells=68 scans=2
RESULT turn=31 cell=9,1 result=MISS remaining_cells=68 active_clusters=1
turn=31 result=MISS
turn=32 mode=CHASE cluster=0 cluster_len=3 cell=5,1 score=300000.945702 chase_score=10057.945702 prob=0.945702
turn=32 picked cell=5,1 target_cluster=Some(0) active_clusters=1 remaining_cells=68 scans=2
RESULT turn=32 cell=5,1 result=HIT remaining_cells=68 active_clusters=1
turn=32 result=HIT
turn=33 mode=CHASE cluster=0 cluster_len=4 cell=4,1 score=400001.016557 chase_score=10046.016557 prob=1.016557
turn=33 picked cell=4,1 target_cluster=Some(0) active_clusters=1 remaining_cells=67 scans=2
RESULT turn=33 cell=4,1 result=HIT remaining_cells=67 active_clusters=1
turn=33 result=HIT
turn=34 mode=CHASE cluster=0 cluster_len=5 cell=3,1 score=500001.336878 chase_score=10041.336878 prob=1.336878
turn=34 picked cell=3,1 target_cluster=Some(0) active_clusters=1 remaining_cells=66 scans=2
RESULT turn=34 cell=3,1 result=HIT remaining_cells=66 active_clusters=1
turn=34 result=HIT
turn=35 mode=CHASE cluster=0 cluster_len=6 cell=2,1 score=600001.216875 chase_score=10023.216875 prob=1.216875
turn=35 picked cell=2,1 target_cluster=Some(0) active_clusters=1 remaining_cells=65 scans=2
RESULT turn=35 cell=2,1 result=KILL remaining_cells=65 active_clusters=1
turn=35 result=KILL
turn=35 kill_infer inferred_len=7 committed_hits=6 cluster_hits=6
turn=36 picked cell=11,12 target_cluster=None active_clusters=0 remaining_cells=64 scans=2
RESULT turn=36 cell=11,12 result=MISS remaining_cells=64 active_clusters=0
turn=36 result=MISS
turn=37 picked cell=13,13 target_cluster=None active_clusters=0 remaining_cells=64 scans=2
RESULT turn=37 cell=13,13 result=HIT remaining_cells=64 active_clusters=0
turn=37 result=HIT
turn=38 mode=CHASE cluster=0 cluster_len=1 cell=12,13 score=100001.487178 chase_score=5062.237178 prob=1.487178
turn=38 picked cell=12,13 target_cluster=Some(0) active_clusters=1 remaining_cells=63 scans=2
RESULT turn=38 cell=12,13 result=HIT remaining_cells=63 active_clusters=1
turn=38 result=HIT
turn=39 mode=CHASE cluster=0 cluster_len=2 cell=11,13 score=200001.390467 chase_score=10196.390467 prob=1.390467
turn=39 picked cell=11,13 target_cluster=Some(0) active_clusters=1 remaining_cells=62 scans=2
RESULT turn=39 cell=11,13 result=HIT remaining_cells=62 active_clusters=1
turn=39 result=HIT
turn=40 mode=CHASE cluster=0 cluster_len=3 cell=10,13 score=300001.988845 chase_score=10145.988845 prob=1.988845
turn=40 picked cell=10,13 target_cluster=Some(0) active_clusters=1 remaining_cells=61 scans=2
RESULT turn=40 cell=10,13 result=HIT remaining_cells=61 active_clusters=1
turn=40 result=HIT
turn=41 mode=CHASE cluster=0 cluster_len=4 cell=14,13 score=400001.988845 chase_score=10095.988845 prob=1.988845
turn=41 picked cell=14,13 target_cluster=Some(0) active_clusters=1 remaining_cells=60 scans=2
RESULT turn=41 cell=14,13 result=MISS remaining_cells=60 active_clusters=1
turn=41 result=MISS
turn=42 mode=CHASE cluster=0 cluster_len=4 cell=9,13 score=400001.580671 chase_score=10039.580671 prob=1.580671
turn=42 picked cell=9,13 target_cluster=Some(0) active_clusters=1 remaining_cells=60 scans=2
RESULT turn=42 cell=9,13 result=HIT remaining_cells=60 active_clusters=1
turn=42 result=HIT
turn=43 mode=CHASE cluster=0 cluster_len=5 cell=8,13 score=500001.729237 chase_score=10034.729237 prob=1.729237
turn=43 picked cell=8,13 target_cluster=Some(0) active_clusters=1 remaining_cells=59 scans=2
RESULT turn=43 cell=8,13 result=KILL remaining_cells=59 active_clusters=1
turn=43 result=KILL
turn=43 kill_infer inferred_len=6 committed_hits=5 cluster_hits=5
turn=44 picked cell=7,14 target_cluster=None active_clusters=0 remaining_cells=58 scans=2
RESULT turn=44 cell=7,14 result=HIT remaining_cells=58 active_clusters=0
turn=44 result=HIT
turn=45 mode=CHASE cluster=0 cluster_len=1 cell=6,14 score=100001.787196 chase_score=5060.787196 prob=1.787196
turn=45 picked cell=6,14 target_cluster=Some(0) active_clusters=1 remaining_cells=57 scans=2
RESULT turn=45 cell=6,14 result=HIT remaining_cells=57 active_clusters=1
turn=45 result=HIT
turn=46 mode=CHASE cluster=0 cluster_len=2 cell=5,14 score=200001.553208 chase_score=10180.553208 prob=1.553208
turn=46 picked cell=5,14 target_cluster=Some(0) active_clusters=1 remaining_cells=56 scans=2
RESULT turn=46 cell=5,14 result=MISS remaining_cells=56 active_clusters=1
turn=46 result=MISS
turn=47 mode=CHASE cluster=0 cluster_len=2 cell=8,14 score=200000.834400 chase_score=10053.834400 prob=0.834400
turn=47 picked cell=8,14 target_cluster=Some(0) active_clusters=1 remaining_cells=56 scans=2
RESULT turn=47 cell=8,14 result=HIT remaining_cells=56 active_clusters=1
turn=47 result=HIT
turn=48 mode=CHASE cluster=0 cluster_len=3 cell=9,14 score=300001.039928 chase_score=10045.039928 prob=1.039928
turn=48 picked cell=9,14 target_cluster=Some(0) active_clusters=1 remaining_cells=55 scans=2
RESULT turn=48 cell=9,14 result=HIT remaining_cells=55 active_clusters=1
turn=48 result=HIT
turn=49 mode=CHASE cluster=0 cluster_len=4 cell=10,14 score=400001.200217 chase_score=10033.200217 prob=1.200217
turn=49 picked cell=10,14 target_cluster=Some(0) active_clusters=1 remaining_cells=54 scans=2
RESULT turn=49 cell=10,14 result=HIT remaining_cells=54 active_clusters=1
turn=49 result=HIT
turn=50 mode=CHASE cluster=0 cluster_len=5 cell=11,14 score=500001.291478 chase_score=10028.291478 prob=1.291478
turn=50 picked cell=11,14 target_cluster=Some(0) active_clusters=1 remaining_cells=53 scans=2
RESULT turn=50 cell=11,14 result=HIT remaining_cells=53 active_clusters=1
turn=50 result=HIT
turn=51 mode=CHASE cluster=0 cluster_len=6 cell=12,14 score=600001.291478 chase_score=10016.291478 prob=1.291478
turn=51 picked cell=12,14 target_cluster=Some(0) active_clusters=1 remaining_cells=52 scans=2
RESULT turn=51 cell=12,14 result=KILL remaining_cells=52 active_clusters=1
turn=51 result=KILL
turn=51 kill_infer inferred_len=7 committed_hits=6 cluster_hits=6
turn=52 picked cell=3,6 target_cluster=None active_clusters=0 remaining_cells=51 scans=2
RESULT turn=52 cell=3,6 result=MISS remaining_cells=51 active_clusters=0
turn=52 result=MISS
turn=53 picked cell=0,8 target_cluster=None active_clusters=0 remaining_cells=51 scans=2
RESULT turn=53 cell=0,8 result=HIT remaining_cells=51 active_clusters=0
turn=53 result=HIT
turn=54 mode=CHASE cluster=0 cluster_len=1 cell=0,9 score=100001.364819 chase_score=5049.864819 prob=1.364819
turn=54 picked cell=0,9 target_cluster=Some(0) active_clusters=1 remaining_cells=50 scans=2
RESULT turn=54 cell=0,9 result=HIT remaining_cells=50 active_clusters=1
turn=54 result=HIT
turn=55 mode=CHASE cluster=0 cluster_len=2 cell=0,7 score=200001.364819 chase_score=10145.364819 prob=1.364819
turn=55 picked cell=0,7 target_cluster=Some(0) active_clusters=1 remaining_cells=49 scans=2
RESULT turn=55 cell=0,7 result=MISS remaining_cells=49 active_clusters=1
turn=55 result=MISS
turn=56 mode=CHASE cluster=0 cluster_len=2 cell=0,10 score=200000.695299 chase_score=10046.695299 prob=0.695299
turn=56 picked cell=0,10 target_cluster=Some(0) active_clusters=1 remaining_cells=49 scans=2
RESULT turn=56 cell=0,10 result=HIT remaining_cells=49 active_clusters=1
turn=56 result=HIT
turn=57 mode=CHASE cluster=0 cluster_len=3 cell=0,11 score=300000.946961 chase_score=10037.946961 prob=0.946961
turn=57 picked cell=0,11 target_cluster=Some(0) active_clusters=1 remaining_cells=48 scans=2
RESULT turn=57 cell=0,11 result=KILL remaining_cells=48 active_clusters=1
turn=57 result=KILL
turn=57 kill_infer inferred_len=4 committed_hits=3 cluster_hits=3
turn=58 picked cell=15,7 target_cluster=None active_clusters=0 remaining_cells=47 scans=2
RESULT turn=58 cell=15,7 result=HIT remaining_cells=47 active_clusters=0
turn=58 result=HIT
turn=59 mode=CHASE cluster=0 cluster_len=1 cell=15,8 score=100001.662289 chase_score=5047.162289 prob=1.662289
turn=59 picked cell=15,8 target_cluster=Some(0) active_clusters=1 remaining_cells=46 scans=2
RESULT turn=59 cell=15,8 result=HIT remaining_cells=46 active_clusters=1
turn=59 result=HIT
turn=60 mode=CHASE cluster=0 cluster_len=2 cell=15,9 score=200001.662289 chase_score=10137.662289 prob=1.662289
turn=60 picked cell=15,9 target_cluster=Some(0) active_clusters=1 remaining_cells=45 scans=2
RESULT turn=60 cell=15,9 result=MISS remaining_cells=45 active_clusters=1
turn=60 result=MISS
turn=61 mode=CHASE cluster=0 cluster_len=2 cell=15,6 score=200001.012434 chase_score=10043.012434 prob=1.012434
turn=61 picked cell=15,6 target_cluster=Some(0) active_clusters=1 remaining_cells=45 scans=2
RESULT turn=61 cell=15,6 result=KILL remaining_cells=45 active_clusters=1
turn=61 result=KILL
turn=61 kill_infer inferred_len=3 committed_hits=2 cluster_hits=2
turn=62 picked cell=1,3 target_cluster=None active_clusters=0 remaining_cells=44 scans=2
RESULT turn=62 cell=1,3 result=MISS remaining_cells=44 active_clusters=0
turn=62 result=MISS
turn=63 picked cell=7,0 target_cluster=None active_clusters=0 remaining_cells=44 scans=2
RESULT turn=63 cell=7,0 result=MISS remaining_cells=44 active_clusters=0
turn=63 result=MISS
turn=64 picked cell=14,5 target_cluster=None active_clusters=0 remaining_cells=44 scans=2
RESULT turn=64 cell=14,5 result=MISS remaining_cells=44 active_clusters=0
turn=64 result=MISS
turn=65 picked cell=13,4 target_cluster=None active_clusters=0 remaining_cells=44 scans=2
RESULT turn=65 cell=13,4 result=MISS remaining_cells=44 active_clusters=0
turn=65 result=MISS
turn=66 picked cell=4,15 target_cluster=None active_clusters=0 remaining_cells=44 scans=2
RESULT turn=66 cell=4,15 result=MISS remaining_cells=44 active_clusters=0
turn=66 result=MISS
turn=67 picked cell=6,2 target_cluster=None active_clusters=0 remaining_cells=44 scans=2
RESULT turn=67 cell=6,2 result=HIT remaining_cells=44 active_clusters=0
turn=67 result=HIT
turn=68 mode=CHASE cluster=0 cluster_len=1 cell=5,2 score=100001.216643 chase_score=5034.216643 prob=1.216643
turn=68 picked cell=5,2 target_cluster=Some(0) active_clusters=1 remaining_cells=43 scans=2
RESULT turn=68 cell=5,2 result=HIT remaining_cells=43 active_clusters=1
turn=68 result=HIT
turn=69 mode=CHASE cluster=0 cluster_len=2 cell=4,2 score=200001.248459 chase_score=10110.248459 prob=1.248459
turn=69 picked cell=4,2 target_cluster=Some(0) active_clusters=1 remaining_cells=42 scans=2
RESULT turn=69 cell=4,2 result=HIT remaining_cells=42 active_clusters=1
turn=69 result=HIT
turn=70 mode=CHASE cluster=0 cluster_len=3 cell=3,2 score=300001.173095 chase_score=10079.173095 prob=1.173095
turn=70 picked cell=3,2 target_cluster=Some(0) active_clusters=1 remaining_cells=41 scans=2
RESULT turn=70 cell=3,2 result=HIT remaining_cells=41 active_clusters=1
turn=70 result=HIT
turn=71 mode=CHASE cluster=0 cluster_len=4 cell=2,2 score=400001.212053 chase_score=10054.212053 prob=1.212053
turn=71 picked cell=2,2 target_cluster=Some(0) active_clusters=1 remaining_cells=40 scans=2
RESULT turn=71 cell=2,2 result=HIT remaining_cells=40 active_clusters=1
turn=71 result=HIT
turn=72 mode=CHASE cluster=0 cluster_len=5 cell=7,2 score=500001.037153 chase_score=10037.037153 prob=1.037153
turn=72 picked cell=7,2 target_cluster=Some(0) active_clusters=1 remaining_cells=39 scans=2
RESULT turn=72 cell=7,2 result=HIT remaining_cells=39 active_clusters=1
turn=72 result=HIT
turn=73 mode=CHASE cluster=0 cluster_len=6 cell=8,2 score=600000.840727 chase_score=10016.840727 prob=0.840727
turn=73 picked cell=8,2 target_cluster=Some(0) active_clusters=1 remaining_cells=38 scans=2
RESULT turn=73 cell=8,2 result=MISS remaining_cells=38 active_clusters=1
turn=73 result=MISS
turn=74 mode=CHASE cluster=0 cluster_len=6 cell=1,2 score=600000.599379 chase_score=10008.599379 prob=0.599379
turn=74 picked cell=1,2 target_cluster=Some(0) active_clusters=1 remaining_cells=38 scans=2
RESULT turn=74 cell=1,2 result=KILL remaining_cells=38 active_clusters=1
turn=74 result=KILL
turn=74 kill_infer inferred_len=6 committed_hits=5 cluster_hits=6
turn=75 mode=CHASE cluster=0 cluster_len=1 cell=7,3 score=100000.877063 chase_score=5006.627063 prob=0.877063
turn=75 picked cell=7,3 target_cluster=Some(0) active_clusters=1 remaining_cells=37 scans=2
RESULT turn=75 cell=7,3 result=MISS remaining_cells=37 active_clusters=1
turn=75 result=MISS
turn=76 picked cell=6,12 target_cluster=None active_clusters=1 remaining_cells=37 scans=2
RESULT turn=76 cell=6,12 result=MISS remaining_cells=37 active_clusters=1
turn=76 result=MISS
turn=77 picked cell=16,10 target_cluster=None active_clusters=1 remaining_cells=37 scans=2
RESULT turn=77 cell=16,10 result=MISS remaining_cells=37 active_clusters=1
turn=77 result=MISS
turn=78 picked cell=7,16 target_cluster=None active_clusters=1 remaining_cells=37 scans=2
RESULT turn=78 cell=7,16 result=MISS remaining_cells=37 active_clusters=1
turn=78 result=MISS
turn=79 picked cell=8,17 target_cluster=None active_clusters=1 remaining_cells=37 scans=2
RESULT turn=79 cell=8,17 result=HIT remaining_cells=37 active_clusters=1
turn=79 result=HIT
turn=80 mode=CHASE cluster=1 cluster_len=1 cell=9,17 score=100002.142654 chase_score=5038.642654 prob=2.142654
turn=80 picked cell=9,17 target_cluster=Some(1) active_clusters=2 remaining_cells=36 scans=2
RESULT turn=80 cell=9,17 result=HIT remaining_cells=36 active_clusters=2
turn=80 result=HIT
turn=81 mode=CHASE cluster=1 cluster_len=2 cell=10,17 score=200002.142654 chase_score=10111.142654 prob=2.142654
turn=81 picked cell=10,17 target_cluster=Some(1) active_clusters=2 remaining_cells=35 scans=2
RESULT turn=81 cell=10,17 result=HIT remaining_cells=35 active_clusters=2
turn=81 result=HIT
turn=82 mode=CHASE cluster=1 cluster_len=3 cell=7,17 score=300002.072807 chase_score=10078.072807 prob=2.072807
turn=82 picked cell=7,17 target_cluster=Some(1) active_clusters=2 remaining_cells=34 scans=2
RESULT turn=82 cell=7,17 result=HIT remaining_cells=34 active_clusters=2
turn=82 result=HIT
turn=83 mode=CHASE cluster=1 cluster_len=4 cell=6,17 score=400002.012302 chase_score=10051.012302 prob=2.012302
turn=83 picked cell=6,17 target_cluster=Some(1) active_clusters=2 remaining_cells=33 scans=2
RESULT turn=83 cell=6,17 result=MISS remaining_cells=33 active_clusters=2
turn=83 result=MISS
turn=84 mode=CHASE cluster=1 cluster_len=4 cell=11,17 score=400001.738075 chase_score=10020.738075 prob=1.738075
turn=84 picked cell=11,17 target_cluster=Some(1) active_clusters=2 remaining_cells=33 scans=2
RESULT turn=84 cell=11,17 result=KILL remaining_cells=33 active_clusters=2
turn=84 result=KILL
turn=84 kill_infer inferred_len=5 committed_hits=4 cluster_hits=4
turn=85 picked cell=17,7 target_cluster=None active_clusters=1 remaining_cells=32 scans=2
RESULT turn=85 cell=17,7 result=HIT remaining_cells=32 active_clusters=1
turn=85 result=HIT
turn=86 mode=CHASE cluster=1 cluster_len=1 cell=17,8 score=100002.428026 chase_score=5033.928026 prob=2.428026
turn=86 picked cell=17,8 target_cluster=Some(1) active_clusters=2 remaining_cells=31 scans=2
RESULT turn=86 cell=17,8 result=HIT remaining_cells=31 active_clusters=2
turn=86 result=HIT
turn=87 mode=CHASE cluster=1 cluster_len=2 cell=17,9 score=200002.428026 chase_score=10096.428026 prob=2.428026
turn=87 picked cell=17,9 target_cluster=Some(1) active_clusters=2 remaining_cells=30 scans=2
RESULT turn=87 cell=17,9 result=HIT remaining_cells=30 active_clusters=2
turn=87 result=HIT
turn=88 mode=CHASE cluster=1 cluster_len=3 cell=17,10 score=300002.393557 chase_score=10068.393557 prob=2.393557
turn=88 picked cell=17,10 target_cluster=Some(1) active_clusters=2 remaining_cells=29 scans=2
RESULT turn=88 cell=17,10 result=HIT remaining_cells=29 active_clusters=2
turn=88 result=HIT
turn=89 mode=CHASE cluster=1 cluster_len=4 cell=17,11 score=400002.388029 chase_score=10046.388029 prob=2.388029
turn=89 picked cell=17,11 target_cluster=Some(1) active_clusters=2 remaining_cells=28 scans=2
RESULT turn=89 cell=17,11 result=HIT remaining_cells=28 active_clusters=2
turn=89 result=HIT
turn=90 mode=CHASE cluster=1 cluster_len=5 cell=17,12 score=500002.291120 chase_score=10032.291120 prob=2.291120
turn=90 picked cell=17,12 target_cluster=Some(1) active_clusters=2 remaining_cells=27 scans=2
RESULT turn=90 cell=17,12 result=MISS remaining_cells=27 active_clusters=2
turn=90 result=MISS
turn=91 mode=CHASE cluster=1 cluster_len=5 cell=17,6 score=500001.999502 chase_score=10015.999502 prob=1.999502
turn=91 picked cell=17,6 target_cluster=Some(1) active_clusters=2 remaining_cells=27 scans=2
RESULT turn=91 cell=17,6 result=KILL remaining_cells=27 active_clusters=2
turn=91 result=KILL
turn=91 kill_infer inferred_len=6 committed_hits=5 cluster_hits=5
turn=92 picked cell=12,3 target_cluster=None active_clusters=1 remaining_cells=26 scans=2
RESULT turn=92 cell=12,3 result=HIT remaining_cells=26 active_clusters=1
turn=92 result=HIT
turn=93 mode=CHASE cluster=1 cluster_len=1 cell=12,4 score=100001.626513 chase_score=5019.626513 prob=1.626513
turn=93 picked cell=12,4 target_cluster=Some(1) active_clusters=2 remaining_cells=25 scans=2
RESULT turn=93 cell=12,4 result=MISS remaining_cells=25 active_clusters=2
turn=93 result=MISS
turn=94 mode=CHASE cluster=1 cluster_len=1 cell=13,3 score=100000.856594 chase_score=5008.856594 prob=0.856594
turn=94 picked cell=13,3 target_cluster=Some(1) active_clusters=2 remaining_cells=25 scans=2
RESULT turn=94 cell=13,3 result=HIT remaining_cells=25 active_clusters=2
turn=94 result=HIT
turn=95 mode=CHASE cluster=1 cluster_len=2 cell=14,3 score=200001.178820 chase_score=10023.178820 prob=1.178820
turn=95 picked cell=14,3 target_cluster=Some(1) active_clusters=2 remaining_cells=24 scans=2
RESULT turn=95 cell=14,3 result=HIT remaining_cells=24 active_clusters=2
turn=95 result=HIT
turn=96 mode=CHASE cluster=1 cluster_len=3 cell=15,3 score=300001.250758 chase_score=10009.250758 prob=1.250758
turn=96 picked cell=15,3 target_cluster=Some(1) active_clusters=2 remaining_cells=23 scans=2
RESULT turn=96 cell=15,3 result=HIT remaining_cells=23 active_clusters=2
turn=96 result=HIT
turn=97 mode=CHASE cluster=1 cluster_len=4 cell=16,3 score=400002.020772 chase_score=10002.020772 prob=2.020772
turn=97 picked cell=16,3 target_cluster=Some(1) active_clusters=2 remaining_cells=22 scans=2
RESULT turn=97 cell=16,3 result=MISS remaining_cells=22 active_clusters=2
turn=97 result=MISS
turn=98 mode=CHASE cluster=1 cluster_len=4 cell=11,3 score=400000.973248 chase_score=10000.973248 prob=0.973248
turn=98 picked cell=11,3 target_cluster=Some(1) active_clusters=2 remaining_cells=22 scans=2
RESULT turn=98 cell=11,3 result=HIT remaining_cells=22 active_clusters=2
turn=98 result=HIT
turn=99 mode=CHASE cluster=1 cluster_len=5 cell=14,2 score=500001.420872 chase_score=5001.420872 prob=1.420872
turn=99 picked cell=14,2 target_cluster=Some(1) active_clusters=2 remaining_cells=21 scans=2
RESULT turn=99 cell=14,2 result=MISS remaining_cells=21 active_clusters=2
turn=99 result=MISS
turn=100 mode=CHASE cluster=1 cluster_len=5 cell=15,4 score=500000.915825 chase_score=5000.915825 prob=0.915825
turn=100 picked cell=15,4 target_cluster=Some(1) active_clusters=2 remaining_cells=21 scans=2
RESULT turn=100 cell=15,4 result=MISS remaining_cells=21 active_clusters=2
turn=100 result=MISS
turn=101 mode=CHASE cluster=1 cluster_len=5 cell=11,2 score=500000.866548 chase_score=5000.866548 prob=0.866548
turn=101 picked cell=11,2 target_cluster=Some(1) active_clusters=2 remaining_cells=21 scans=2
RESULT turn=101 cell=11,2 result=MISS remaining_cells=21 active_clusters=2
turn=101 result=MISS
turn=102 mode=CHASE cluster=1 cluster_len=5 cell=15,2 score=500000.551232 chase_score=5000.551232 prob=0.551232
turn=102 picked cell=15,2 target_cluster=Some(1) active_clusters=2 remaining_cells=21 scans=2
RESULT turn=102 cell=15,2 result=MISS remaining_cells=21 active_clusters=2
turn=102 result=MISS
turn=103 mode=CHASE cluster=1 cluster_len=5 cell=12,2 score=500000.469271 chase_score=5000.469271 prob=0.469271
turn=103 picked cell=12,2 target_cluster=Some(1) active_clusters=2 remaining_cells=21 scans=2
RESULT turn=103 cell=12,2 result=MISS remaining_cells=21 active_clusters=2
turn=103 result=MISS
turn=104 mode=CHASE cluster=1 cluster_len=5 cell=13,2 score=500000.416958 chase_score=5000.416958 prob=0.416958
turn=104 picked cell=13,2 target_cluster=Some(1) active_clusters=2 remaining_cells=21 scans=2
RESULT turn=104 cell=13,2 result=MISS remaining_cells=21 active_clusters=2
turn=104 result=MISS
turn=105 mode=CHASE cluster=1 cluster_len=5 cell=11,4 score=500000.215634 chase_score=5000.215634 prob=0.215634
turn=105 picked cell=11,4 target_cluster=Some(1) active_clusters=2 remaining_cells=21 scans=2
RESULT turn=105 cell=11,4 result=MISS remaining_cells=21 active_clusters=2
turn=105 result=MISS
turn=106 mode=CHASE cluster=1 cluster_len=5 cell=14,4 score=500000.079039 chase_score=5000.079039 prob=0.079039
turn=106 picked cell=14,4 target_cluster=Some(1) active_clusters=2 remaining_cells=21 scans=2
RESULT turn=106 cell=14,4 result=MISS remaining_cells=21 active_clusters=2
turn=106 result=MISS
turn=107 picked cell=8,15 target_cluster=None active_clusters=2 remaining_cells=21 scans=2
RESULT turn=107 cell=8,15 result=MISS remaining_cells=21 active_clusters=2
turn=107 result=MISS
turn=108 picked cell=3,13 target_cluster=None active_clusters=2 remaining_cells=21 scans=2
RESULT turn=108 cell=3,13 result=MISS remaining_cells=21 active_clusters=2
turn=108 result=MISS
turn=109 picked cell=6,6 target_cluster=None active_clusters=2 remaining_cells=21 scans=2
RESULT turn=109 cell=6,6 result=HIT remaining_cells=21 active_clusters=2
turn=109 result=HIT
turn=110 mode=CHASE cluster=2 cluster_len=1 cell=6,5 score=100001.310636 chase_score=5011.310636 prob=1.310636
turn=110 picked cell=6,5 target_cluster=Some(2) active_clusters=3 remaining_cells=20 scans=2
RESULT turn=110 cell=6,5 result=MISS remaining_cells=20 active_clusters=3
turn=110 result=MISS
turn=111 mode=CHASE cluster=2 cluster_len=1 cell=7,6 score=100000.925058 chase_score=5010.925058 prob=0.925058
turn=111 picked cell=7,6 target_cluster=Some(2) active_clusters=3 remaining_cells=20 scans=2
RESULT turn=111 cell=7,6 result=HIT remaining_cells=20 active_clusters=3
turn=111 result=HIT
turn=112 mode=CHASE cluster=2 cluster_len=2 cell=5,6 score=200001.107062 chase_score=10023.107062 prob=1.107062
turn=112 picked cell=5,6 target_cluster=Some(2) active_clusters=3 remaining_cells=19 scans=2
RESULT turn=112 cell=5,6 result=MISS remaining_cells=19 active_clusters=3
turn=112 result=MISS
turn=113 mode=CHASE cluster=2 cluster_len=2 cell=8,6 score=200000.987308 chase_score=10014.987308 prob=0.987308
turn=113 picked cell=8,6 target_cluster=Some(2) active_clusters=3 remaining_cells=19 scans=2
RESULT turn=113 cell=8,6 result=KILL remaining_cells=19 active_clusters=3
turn=113 result=KILL
turn=113 kill_infer inferred_len=3 committed_hits=2 cluster_hits=2
turn=114 picked cell=15,16 target_cluster=None active_clusters=2 remaining_cells=18 scans=2
RESULT turn=114 cell=15,16 result=MISS remaining_cells=18 active_clusters=2
turn=114 result=MISS
turn=115 picked cell=2,14 target_cluster=None active_clusters=2 remaining_cells=18 scans=2
RESULT turn=115 cell=2,14 result=MISS remaining_cells=18 active_clusters=2
turn=115 result=MISS
turn=116 picked cell=3,16 target_cluster=None active_clusters=2 remaining_cells=18 scans=2
RESULT turn=116 cell=3,16 result=MISS remaining_cells=18 active_clusters=2
turn=116 result=MISS
turn=117 picked cell=13,15 target_cluster=None active_clusters=2 remaining_cells=18 scans=2
RESULT turn=117 cell=13,15 result=MISS remaining_cells=18 active_clusters=2
turn=117 result=MISS
turn=118 picked cell=11,0 target_cluster=None active_clusters=2 remaining_cells=18 scans=2
RESULT turn=118 cell=11,0 result=MISS remaining_cells=18 active_clusters=2
turn=118 result=MISS
turn=119 picked cell=13,10 target_cluster=None active_clusters=2 remaining_cells=18 scans=2
RESULT turn=119 cell=13,10 result=MISS remaining_cells=18 active_clusters=2
turn=119 result=MISS
turn=120 picked cell=9,4 target_cluster=None active_clusters=2 remaining_cells=18 scans=2
RESULT turn=120 cell=9,4 result=MISS remaining_cells=18 active_clusters=2
turn=120 result=MISS
turn=121 picked cell=13,1 target_cluster=None active_clusters=2 remaining_cells=18 scans=2
RESULT turn=121 cell=13,1 result=MISS remaining_cells=18 active_clusters=2
turn=121 result=MISS
turn=122 picked cell=4,8 target_cluster=None active_clusters=2 remaining_cells=18 scans=2
RESULT turn=122 cell=4,8 result=MISS remaining_cells=18 active_clusters=2
turn=122 result=MISS
turn=123 picked cell=2,7 target_cluster=None active_clusters=2 remaining_cells=18 scans=2
RESULT turn=123 cell=2,7 result=HIT remaining_cells=18 active_clusters=2
turn=123 result=HIT
turn=124 mode=CHASE cluster=2 cluster_len=1 cell=2,6 score=100000.452952 chase_score=5008.952952 prob=0.452952
turn=124 picked cell=2,6 target_cluster=Some(2) active_clusters=3 remaining_cells=17 scans=2
RESULT turn=124 cell=2,6 result=MISS remaining_cells=17 active_clusters=3
turn=124 result=MISS
turn=125 mode=CHASE cluster=2 cluster_len=1 cell=3,7 score=100000.394067 chase_score=5006.894067 prob=0.394067
turn=125 picked cell=3,7 target_cluster=Some(2) active_clusters=3 remaining_cells=17 scans=2
RESULT turn=125 cell=3,7 result=HIT remaining_cells=17 active_clusters=3
turn=125 result=HIT
turn=126 mode=CHASE cluster=2 cluster_len=2 cell=4,7 score=200000.372651 chase_score=10019.372651 prob=0.372651
turn=126 picked cell=4,7 target_cluster=Some(2) active_clusters=3 remaining_cells=16 scans=2
RESULT turn=126 cell=4,7 result=HIT remaining_cells=16 active_clusters=3
turn=126 result=HIT
turn=127 mode=CHASE cluster=2 cluster_len=3 cell=1,7 score=300000.469489 chase_score=10008.469489 prob=0.469489
turn=127 picked cell=1,7 target_cluster=Some(2) active_clusters=3 remaining_cells=15 scans=2
RESULT turn=127 cell=1,7 result=MISS remaining_cells=15 active_clusters=3
turn=127 result=MISS
turn=128 mode=CHASE cluster=2 cluster_len=3 cell=5,7 score=300000.308123 chase_score=10008.308123 prob=0.308123
turn=128 picked cell=5,7 target_cluster=Some(2) active_clusters=3 remaining_cells=15 scans=2
RESULT turn=128 cell=5,7 result=KILL remaining_cells=15 active_clusters=3
turn=128 result=KILL
turn=128 kill_infer inferred_len=4 committed_hits=3 cluster_hits=3
turn=129 picked cell=1,15 target_cluster=None active_clusters=2 remaining_cells=14 scans=2
RESULT turn=129 cell=1,15 result=MISS remaining_cells=14 active_clusters=2
turn=129 result=MISS
turn=130 picked cell=4,12 target_cluster=None active_clusters=2 remaining_cells=14 scans=2
RESULT turn=130 cell=4,12 result=MISS remaining_cells=14 active_clusters=2
turn=130 result=MISS
turn=131 picked cell=2,17 target_cluster=None active_clusters=2 remaining_cells=14 scans=2
RESULT turn=131 cell=2,17 result=MISS remaining_cells=14 active_clusters=2
turn=131 result=MISS
turn=132 picked cell=1,12 target_cluster=None active_clusters=2 remaining_cells=14 scans=2
RESULT turn=132 cell=1,12 result=MISS remaining_cells=14 active_clusters=2
turn=132 result=MISS
turn=133 picked cell=0,14 target_cluster=None active_clusters=2 remaining_cells=14 scans=2
RESULT turn=133 cell=0,14 result=MISS remaining_cells=14 active_clusters=2
turn=133 result=MISS
turn=134 picked cell=16,14 target_cluster=None active_clusters=2 remaining_cells=14 scans=2
RESULT turn=134 cell=16,14 result=MISS remaining_cells=14 active_clusters=2
turn=134 result=MISS
turn=135 picked cell=8,11 target_cluster=None active_clusters=2 remaining_cells=14 scans=2
RESULT turn=135 cell=8,11 result=MISS remaining_cells=14 active_clusters=2
turn=135 result=MISS
turn=136 picked cell=15,12 target_cluster=None active_clusters=2 remaining_cells=14 scans=2
RESULT turn=136 cell=15,12 result=MISS remaining_cells=14 active_clusters=2
turn=136 result=MISS
turn=137 picked cell=3,9 target_cluster=None active_clusters=2 remaining_cells=14 scans=2
RESULT turn=137 cell=3,9 result=MISS remaining_cells=14 active_clusters=2
turn=137 result=MISS
turn=138 picked cell=14,9 target_cluster=None active_clusters=2 remaining_cells=14 scans=2
RESULT turn=138 cell=14,9 result=HIT remaining_cells=14 active_clusters=2
turn=138 result=HIT
turn=139 mode=CHASE cluster=2 cluster_len=1 cell=14,8 score=100000.438214 chase_score=5005.938214 prob=0.438214
turn=139 picked cell=14,8 target_cluster=Some(2) active_clusters=3 remaining_cells=13 scans=2
RESULT turn=139 cell=14,8 result=MISS remaining_cells=13 active_clusters=3
turn=139 result=MISS
turn=140 mode=CHASE cluster=2 cluster_len=1 cell=13,9 score=100000.304945 chase_score=5003.054945 prob=0.304945
turn=140 picked cell=13,9 target_cluster=Some(2) active_clusters=3 remaining_cells=13 scans=2
RESULT turn=140 cell=13,9 result=HIT remaining_cells=13 active_clusters=3
turn=140 result=HIT
turn=141 mode=CHASE cluster=2 cluster_len=2 cell=12,9 score=200000.421775 chase_score=10007.421775 prob=0.421775
turn=141 picked cell=12,9 target_cluster=Some(2) active_clusters=3 remaining_cells=12 scans=2
RESULT turn=141 cell=12,9 result=HIT remaining_cells=12 active_clusters=3
turn=141 result=HIT
turn=142 mode=CHASE cluster=2 cluster_len=3 cell=11,9 score=300000.392075 chase_score=10004.392075 prob=0.392075
turn=142 picked cell=11,9 target_cluster=Some(2) active_clusters=3 remaining_cells=11 scans=2
RESULT turn=142 cell=11,9 result=KILL remaining_cells=11 active_clusters=3
turn=142 result=KILL
turn=142 kill_infer inferred_len=4 committed_hits=3 cluster_hits=3
turn=143 picked cell=2,11 target_cluster=None active_clusters=2 remaining_cells=10 scans=2
RESULT turn=143 cell=2,11 result=MISS remaining_cells=10 active_clusters=2
turn=143 result=MISS
turn=144 picked cell=5,16 target_cluster=None active_clusters=2 remaining_cells=10 scans=2
RESULT turn=144 cell=5,16 result=HIT remaining_cells=10 active_clusters=2
turn=144 result=HIT
turn=145 mode=CHASE cluster=2 cluster_len=1 cell=5,17 score=100000.103244 chase_score=5001.853244 prob=0.103244
turn=145 picked cell=5,17 target_cluster=Some(2) active_clusters=3 remaining_cells=9 scans=2
RESULT turn=145 cell=5,17 result=HIT remaining_cells=9 active_clusters=3
turn=145 result=HIT
turn=146 mode=CHASE cluster=2 cluster_len=2 cell=5,15 score=200000.103244 chase_score=10003.103244 prob=0.103244
turn=146 picked cell=5,15 target_cluster=Some(2) active_clusters=3 remaining_cells=8 scans=2
RESULT turn=146 cell=5,15 result=KILL remaining_cells=8 active_clusters=3
turn=146 result=KILL
turn=146 kill_infer inferred_len=3 committed_hits=2 cluster_hits=2
turn=147 picked cell=2,4 target_cluster=None active_clusters=2 remaining_cells=7 scans=2
RESULT turn=147 cell=2,4 result=MISS remaining_cells=7 active_clusters=2
turn=147 result=MISS
turn=148 picked cell=1,5 target_cluster=None active_clusters=2 remaining_cells=7 scans=2
RESULT turn=148 cell=1,5 result=MISS remaining_cells=7 active_clusters=2
turn=148 result=MISS
turn=149 picked cell=6,8 target_cluster=None active_clusters=2 remaining_cells=7 scans=2
RESULT turn=149 cell=6,8 result=MISS remaining_cells=7 active_clusters=2
turn=149 result=MISS
turn=150 picked cell=8,4 target_cluster=None active_clusters=2 remaining_cells=7 scans=2
RESULT turn=150 cell=8,4 result=MISS remaining_cells=7 active_clusters=2
turn=150 result=MISS
turn=151 picked cell=3,4 target_cluster=None active_clusters=2 remaining_cells=7 scans=2
RESULT turn=151 cell=3,4 result=MISS remaining_cells=7 active_clusters=2
turn=151 result=MISS
turn=152 picked cell=2,8 target_cluster=None active_clusters=2 remaining_cells=7 scans=2
RESULT turn=152 cell=2,8 result=MISS remaining_cells=7 active_clusters=2
turn=152 result=MISS
turn=153 picked cell=4,3 target_cluster=None active_clusters=2 remaining_cells=7 scans=2
RESULT turn=153 cell=4,3 result=MISS remaining_cells=7 active_clusters=2
turn=153 result=MISS
turn=154 picked cell=0,4 target_cluster=None active_clusters=2 remaining_cells=7 scans=2
RESULT turn=154 cell=0,4 result=MISS remaining_cells=7 active_clusters=2
turn=154 result=MISS
turn=155 picked cell=1,0 target_cluster=None active_clusters=2 remaining_cells=7 scans=2
RESULT turn=155 cell=1,0 result=MISS remaining_cells=7 active_clusters=2
turn=155 result=MISS
turn=156 picked cell=0,1 target_cluster=None active_clusters=2 remaining_cells=7 scans=2
RESULT turn=156 cell=0,1 result=MISS remaining_cells=7 active_clusters=2
turn=156 result=MISS
turn=157 picked cell=7,5 target_cluster=None active_clusters=2 remaining_cells=7 scans=2
RESULT turn=157 cell=7,5 result=MISS remaining_cells=7 active_clusters=2
turn=157 result=MISS
turn=158 picked cell=6,4 target_cluster=None active_clusters=2 remaining_cells=7 scans=2
RESULT turn=158 cell=6,4 result=MISS remaining_cells=7 active_clusters=2
turn=158 result=MISS
turn=159 picked cell=0,6 target_cluster=None active_clusters=2 remaining_cells=7 scans=2
RESULT turn=159 cell=0,6 result=MISS remaining_cells=7 active_clusters=2
turn=159 result=MISS
turn=160 picked cell=5,0 target_cluster=None active_clusters=2 remaining_cells=7 scans=2
RESULT turn=160 cell=5,0 result=MISS remaining_cells=7 active_clusters=2
turn=160 result=MISS
turn=161 picked cell=3,0 target_cluster=None active_clusters=2 remaining_cells=7 scans=2
RESULT turn=161 cell=3,0 result=MISS remaining_cells=7 active_clusters=2
turn=161 result=MISS
turn=162 picked cell=7,12 target_cluster=None active_clusters=2 remaining_cells=7 scans=2
RESULT turn=162 cell=7,12 result=MISS remaining_cells=7 active_clusters=2
turn=162 result=MISS
turn=163 picked cell=5,13 target_cluster=None active_clusters=2 remaining_cells=7 scans=2
RESULT turn=163 cell=5,13 result=MISS remaining_cells=7 active_clusters=2
turn=163 result=MISS
turn=164 picked cell=1,13 target_cluster=None active_clusters=2 remaining_cells=7 scans=2
RESULT turn=164 cell=1,13 result=HIT remaining_cells=7 active_clusters=2
turn=164 result=HIT
turn=165 mode=CHASE cluster=2 cluster_len=1 cell=2,13 score=100000.058048 chase_score=5001.058048 prob=0.058048
turn=165 picked cell=2,13 target_cluster=Some(2) active_clusters=3 remaining_cells=6 scans=2
RESULT turn=165 cell=2,13 result=MISS remaining_cells=6 active_clusters=3
turn=165 result=MISS
turn=166 mode=CHASE cluster=2 cluster_len=1 cell=0,13 score=100000.058761 chase_score=5001.058761 prob=0.058761
turn=166 picked cell=0,13 target_cluster=Some(2) active_clusters=3 remaining_cells=6 scans=2
RESULT turn=166 cell=0,13 result=KILL remaining_cells=6 active_clusters=3
turn=166 result=KILL
turn=166 kill_infer inferred_len=2 committed_hits=1 cluster_hits=1
turn=167 picked cell=5,3 target_cluster=None active_clusters=2 remaining_cells=5 scans=2
RESULT turn=167 cell=5,3 result=MISS remaining_cells=5 active_clusters=2
turn=167 result=MISS
turn=168 picked cell=2,5 target_cluster=None active_clusters=2 remaining_cells=5 scans=2
RESULT turn=168 cell=2,5 result=MISS remaining_cells=5 active_clusters=2
turn=168 result=MISS
turn=169 picked cell=3,3 target_cluster=None active_clusters=2 remaining_cells=5 scans=2
RESULT turn=169 cell=3,3 result=MISS remaining_cells=5 active_clusters=2
turn=169 result=MISS
turn=170 picked cell=0,3 target_cluster=None active_clusters=2 remaining_cells=5 scans=2
RESULT turn=170 cell=0,3 result=KILL remaining_cells=5 active_clusters=2
turn=170 result=KILL
turn=171 picked cell=13,7 target_cluster=None active_clusters=2 remaining_cells=4 scans=2
RESULT turn=171 cell=13,7 result=MISS remaining_cells=4 active_clusters=2
turn=171 result=MISS
turn=172 picked cell=16,5 target_cluster=None active_clusters=2 remaining_cells=4 scans=2
RESULT turn=172 cell=16,5 result=MISS remaining_cells=4 active_clusters=2
turn=172 result=MISS
turn=173 picked cell=16,1 target_cluster=None active_clusters=2 remaining_cells=4 scans=2
RESULT turn=173 cell=16,1 result=MISS remaining_cells=4 active_clusters=2
turn=173 result=MISS
turn=174 picked cell=9,7 target_cluster=None active_clusters=2 remaining_cells=4 scans=2
RESULT turn=174 cell=9,7 result=MISS remaining_cells=4 active_clusters=2
turn=174 result=MISS
turn=175 picked cell=1,16 target_cluster=None active_clusters=2 remaining_cells=4 scans=2
RESULT turn=175 cell=1,16 result=MISS remaining_cells=4 active_clusters=2
turn=175 result=MISS
turn=176 picked cell=12,8 target_cluster=None active_clusters=2 remaining_cells=4 scans=2
RESULT turn=176 cell=12,8 result=MISS remaining_cells=4 active_clusters=2
turn=176 result=MISS
turn=177 picked cell=12,6 target_cluster=None active_clusters=2 remaining_cells=4 scans=2
RESULT turn=177 cell=12,6 result=MISS remaining_cells=4 active_clusters=2
turn=177 result=MISS
turn=178 picked cell=17,4 target_cluster=None active_clusters=2 remaining_cells=4 scans=2
RESULT turn=178 cell=17,4 result=MISS remaining_cells=4 active_clusters=2
turn=178 result=MISS
turn=179 picked cell=14,0 target_cluster=None active_clusters=2 remaining_cells=4 scans=2
RESULT turn=179 cell=14,0 result=MISS remaining_cells=4 active_clusters=2
turn=179 result=MISS
turn=180 picked cell=17,2 target_cluster=None active_clusters=2 remaining_cells=4 scans=2
RESULT turn=180 cell=17,2 result=MISS remaining_cells=4 active_clusters=2
turn=180 result=MISS
turn=181 picked cell=7,9 target_cluster=None active_clusters=2 remaining_cells=4 scans=2
RESULT turn=181 cell=7,9 result=MISS remaining_cells=4 active_clusters=2
turn=181 result=MISS
turn=182 picked cell=5,9 target_cluster=None active_clusters=2 remaining_cells=4 scans=2
RESULT turn=182 cell=5,9 result=HIT remaining_cells=4 active_clusters=2
turn=182 result=HIT
turn=183 mode=CHASE cluster=2 cluster_len=1 cell=4,9 score=100000.017544 chase_score=5000.517544 prob=0.017544
turn=183 picked cell=4,9 target_cluster=Some(2) active_clusters=3 remaining_cells=3 scans=2
RESULT turn=183 cell=4,9 result=MISS remaining_cells=3 active_clusters=3
turn=183 result=MISS
turn=184 mode=CHASE cluster=2 cluster_len=1 cell=5,8 score=100000.017699 chase_score=5000.517699 prob=0.017699
turn=184 picked cell=5,8 target_cluster=Some(2) active_clusters=3 remaining_cells=3 scans=2
RESULT turn=184 cell=5,8 result=KILL remaining_cells=3 active_clusters=3
turn=184 result=KILL
turn=184 kill_infer inferred_len=2 committed_hits=1 cluster_hits=1
turn=185 picked cell=9,8 target_cluster=None active_clusters=2 remaining_cells=2 scans=2
RESULT turn=185 cell=9,8 result=MISS remaining_cells=2 active_clusters=2
turn=185 result=MISS
turn=186 picked cell=7,11 target_cluster=None active_clusters=2 remaining_cells=2 scans=2
RESULT turn=186 cell=7,11 result=MISS remaining_cells=2 active_clusters=2
turn=186 result=MISS
turn=187 picked cell=8,9 target_cluster=None active_clusters=2 remaining_cells=2 scans=2
RESULT turn=187 cell=8,9 result=MISS remaining_cells=2 active_clusters=2
turn=187 result=MISS
turn=188 picked cell=11,8 target_cluster=None active_clusters=2 remaining_cells=2 scans=2
RESULT turn=188 cell=11,8 result=MISS remaining_cells=2 active_clusters=2
turn=188 result=MISS
turn=189 picked cell=8,7 target_cluster=None active_clusters=2 remaining_cells=2 scans=2
RESULT turn=189 cell=8,7 result=MISS remaining_cells=2 active_clusters=2
turn=189 result=MISS
turn=190 picked cell=9,9 target_cluster=None active_clusters=2 remaining_cells=2 scans=2
RESULT turn=190 cell=9,9 result=MISS remaining_cells=2 active_clusters=2
turn=190 result=MISS
turn=191 picked cell=10,10 target_cluster=None active_clusters=2 remaining_cells=2 scans=2
RESULT turn=191 cell=10,10 result=MISS remaining_cells=2 active_clusters=2
turn=191 result=MISS
turn=192 picked cell=7,8 target_cluster=None active_clusters=2 remaining_cells=2 scans=2
RESULT turn=192 cell=7,8 result=MISS remaining_cells=2 active_clusters=2
turn=192 result=MISS
turn=193 picked cell=9,5 target_cluster=None active_clusters=2 remaining_cells=2 scans=2
RESULT turn=193 cell=9,5 result=MISS remaining_cells=2 active_clusters=2
turn=193 result=MISS
turn=194 picked cell=9,11 target_cluster=None active_clusters=2 remaining_cells=2 scans=2
RESULT turn=194 cell=9,11 result=MISS remaining_cells=2 active_clusters=2
turn=194 result=MISS
turn=195 picked cell=8,12 target_cluster=None active_clusters=2 remaining_cells=2 scans=2
RESULT turn=195 cell=8,12 result=MISS remaining_cells=2 active_clusters=2
turn=195 result=MISS
turn=196 picked cell=10,11 target_cluster=None active_clusters=2 remaining_cells=2 scans=2
RESULT turn=196 cell=10,11 result=MISS remaining_cells=2 active_clusters=2
turn=196 result=MISS
turn=197 picked cell=9,12 target_cluster=None active_clusters=2 remaining_cells=2 scans=2
RESULT turn=197 cell=9,12 result=MISS remaining_cells=2 active_clusters=2
turn=197 result=MISS
turn=198 picked cell=9,6 target_cluster=None active_clusters=2 remaining_cells=2 scans=2
RESULT turn=198 cell=9,6 result=MISS remaining_cells=2 active_clusters=2
turn=198 result=MISS
turn=199 picked cell=11,7 target_cluster=None active_clusters=2 remaining_cells=2 scans=2
RESULT turn=199 cell=11,7 result=MISS remaining_cells=2 active_clusters=2
turn=199 result=MISS
turn=200 picked cell=8,5 target_cluster=None active_clusters=2 remaining_cells=2 scans=2
RESULT turn=200 cell=8,5 result=MISS remaining_cells=2 active_clusters=2
turn=200 result=MISS
turn=201 picked cell=11,11 target_cluster=None active_clusters=2 remaining_cells=2 scans=2
RESULT turn=201 cell=11,11 result=MISS remaining_cells=2 active_clusters=2
turn=201 result=MISS
turn=202 picked cell=6,7 target_cluster=None active_clusters=2 remaining_cells=2 scans=2
RESULT turn=202 cell=6,7 result=MISS remaining_cells=2 active_clusters=2
turn=202 result=MISS
turn=203 picked cell=10,12 target_cluster=None active_clusters=2 remaining_cells=2 scans=2
RESULT turn=203 cell=10,12 result=MISS remaining_cells=2 active_clusters=2
turn=203 result=MISS
turn=204 picked cell=11,10 target_cluster=None active_clusters=2 remaining_cells=2 scans=2
RESULT turn=204 cell=11,10 result=MISS remaining_cells=2 active_clusters=2
turn=204 result=MISS
turn=205 picked cell=12,7 target_cluster=None active_clusters=2 remaining_cells=2 scans=2
RESULT turn=205 cell=12,7 result=MISS remaining_cells=2 active_clusters=2
turn=205 result=MISS
turn=206 picked cell=6,11 target_cluster=None active_clusters=2 remaining_cells=2 scans=2
RESULT turn=206 cell=6,11 result=MISS remaining_cells=2 active_clusters=2
turn=206 result=MISS
turn=207 picked cell=12,10 target_cluster=None active_clusters=2 remaining_cells=2 scans=2
RESULT turn=207 cell=12,10 result=MISS remaining_cells=2 active_clusters=2
turn=207 result=MISS
turn=208 picked cell=8,3 target_cluster=None active_clusters=2 remaining_cells=2 scans=2
RESULT turn=208 cell=8,3 result=HIT remaining_cells=2 active_clusters=2
turn=208 result=HIT
turn=209 mode=CHASE cluster=2 cluster_len=1 cell=9,3 score=100000.000000 chase_score=5000.000000 prob=0.000000
turn=209 picked cell=9,3 target_cluster=Some(2) active_clusters=3 remaining_cells=1 scans=2
RESULT turn=209 cell=9,3 result=KILL remaining_cells=1 active_clusters=3
turn=209 result=KILL
turn=209 kill_infer inferred_len=2 committed_hits=1 cluster_hits=1
