GAME n=19 p=0.246647 remaining_cells=112 remaining=[0, 3, 3, 3, 3, 1, 1, 4, 2, 3]
turn=1 mode=SCAN region=0,0,8,8
turn=1 result=SCAN count=17
turn=2 mode=SCAN region=0,9,8,18
turn=2 result=SCAN count=34
turn=3 mode=SCAN region=9,0,18,8
turn=3 result=SCAN count=34
turn=4 mode=SCAN region=9,9,18,18
turn=4 result=SCAN count=27
turn=5 picked cell=11,8 target_cluster=None active_clusters=0 remaining_cells=112 scans=4
RESULT turn=5 cell=11,8 result=MISS remaining_cells=112 active_clusters=0
turn=5 result=MISS
turn=6 picked cell=10,7 target_cluster=None active_clusters=0 remaining_cells=112 scans=4
RESULT turn=6 cell=10,7 result=MISS remaining_cells=112 active_clusters=0
turn=6 result=MISS
turn=7 picked cell=8,11 target_cluster=None active_clusters=0 remaining_cells=112 scans=4
RESULT turn=7 cell=8,11 result=HIT remaining_cells=112 active_clusters=0
turn=7 result=HIT
turn=8 mode=CHASE cluster=0 cluster_len=1 cell=8,10 score=100003.234437 chase_score=5154.734437 prob=3.234437
turn=8 picked cell=8,10 target_cluster=Some(0) active_clusters=1 remaining_cells=111 scans=4
RESULT turn=8 cell=8,10 result=HIT remaining_cells=111 active_clusters=1
turn=8 result=HIT
turn=9 mode=CHASE cluster=0 cluster_len=2 cell=8,9 score=200003.234437 chase_score=10500.234437 prob=3.234437
turn=9 picked cell=8,9 target_cluster=Some(0) active_clusters=1 remaining_cells=110 scans=4
RESULT turn=9 cell=8,9 result=MISS remaining_cells=110 active_clusters=1
turn=9 result=MISS
turn=10 mode=CHASE cluster=0 cluster_len=2 cell=8,12 score=200002.238494 chase_score=10105.238494 prob=2.238494
turn=10 picked cell=8,12 target_cluster=Some(0) active_clusters=1 remaining_cells=110 scans=4
RESULT turn=10 cell=8,12 result=HIT remaining_cells=110 active_clusters=1
turn=10 result=HIT
turn=11 mode=CHASE cluster=0 cluster_len=3 cell=8,13 score=300002.286312 chase_score=10096.286312 prob=2.286312
turn=11 picked cell=8,13 target_cluster=Some(0) active_clusters=1 remaining_cells=109 scans=4
RESULT turn=11 cell=8,13 result=HIT remaining_cells=109 active_clusters=1
turn=11 result=HIT
turn=12 mode=CHASE cluster=0 cluster_len=4 cell=8,14 score=400002.296782 chase_score=10084.296782 prob=2.296782
turn=12 picked cell=8,14 target_cluster=Some(0) active_clusters=1 remaining_cells=108 scans=4
RESULT turn=12 cell=8,14 result=HIT remaining_cells=108 active_clusters=1
turn=12 result=HIT
turn=13 mode=CHASE cluster=0 cluster_len=5 cell=8,15 score=500002.286312 chase_score=10079.286312 prob=2.286312
turn=13 picked cell=8,15 target_cluster=Some(0) active_clusters=1 remaining_cells=107 scans=4
RESULT turn=13 cell=8,15 result=HIT remaining_cells=107 active_clusters=1
turn=13 result=HIT
turn=14 mode=CHASE cluster=0 cluster_len=6 cell=8,16 score=600002.238494 chase_score=10073.238494 prob=2.238494
turn=14 picked cell=8,16 target_cluster=Some(0) active_clusters=1 remaining_cells=106 scans=4
RESULT turn=14 cell=8,16 result=HIT remaining_cells=106 active_clusters=1
turn=14 result=HIT
turn=15 mode=CHASE cluster=0 cluster_len=7 cell=8,17 score=700002.109316 chase_score=10045.109316 prob=2.109316
turn=15 picked cell=8,17 target_cluster=Some(0) active_clusters=1 remaining_cells=105 scans=4
RESULT turn=15 cell=8,17 result=KILL remaining_cells=105 active_clusters=1
turn=15 result=KILL
turn=15 kill_infer inferred_len=8 committed_hits=7 cluster_hits=7
turn=16 picked cell=12,6 target_cluster=None active_clusters=0 remaining_cells=104 scans=4
RESULT turn=16 cell=12,6 result=MISS remaining_cells=104 active_clusters=0
turn=16 result=MISS
turn=17 picked cell=9,5 target_cluster=None active_clusters=0 remaining_cells=104 scans=4
RESULT turn=17 cell=9,5 result=MISS remaining_cells=104 active_clusters=0
turn=17 result=MISS
turn=18 picked cell=13,4 target_cluster=None active_clusters=0 remaining_cells=104 scans=4
RESULT turn=18 cell=13,4 result=MISS remaining_cells=104 active_clusters=0
turn=18 result=MISS
turn=19 picked cell=14,3 target_cluster=None active_clusters=0 remaining_cells=104 scans=4
RESULT turn=19 cell=14,3 result=HIT remaining_cells=104 active_clusters=0
turn=19 result=HIT
turn=20 mode=CHASE cluster=0 cluster_len=1 cell=13,3 score=100001.645565 chase_score=5107.895565 prob=1.645565
turn=20 picked cell=13,3 target_cluster=Some(0) active_clusters=1 remaining_cells=103 scans=4
RESULT turn=20 cell=13,3 result=HIT remaining_cells=103 active_clusters=1
turn=20 result=HIT
turn=21 mode=CHASE cluster=0 cluster_len=2 cell=12,3 score=200002.001844 chase_score=10389.001844 prob=2.001844
turn=21 picked cell=12,3 target_cluster=Some(0) active_clusters=1 remaining_cells=102 scans=4
RESULT turn=21 cell=12,3 result=HIT remaining_cells=102 active_clusters=1
turn=21 result=HIT
turn=22 mode=CHASE cluster=0 cluster_len=3 cell=11,3 score=300002.395268 chase_score=10329.395268 prob=2.395268
turn=22 picked cell=11,3 target_cluster=Some(0) active_clusters=1 remaining_cells=101 scans=4
RESULT turn=22 cell=11,3 result=HIT remaining_cells=101 active_clusters=1
turn=22 result=HIT
turn=23 mode=CHASE cluster=0 cluster_len=4 cell=10,3 score=400002.353523 chase_score=10270.353523 prob=2.353523
turn=23 picked cell=10,3 target_cluster=Some(0) active_clusters=1 remaining_cells=100 scans=4
RESULT turn=23 cell=10,3 result=HIT remaining_cells=100 active_clusters=1
turn=23 result=HIT
turn=24 mode=CHASE cluster=0 cluster_len=5 cell=15,3 score=500002.259994 chase_score=10196.259994 prob=2.259994
turn=24 picked cell=15,3 target_cluster=Some(0) active_clusters=1 remaining_cells=99 scans=4
RESULT turn=24 cell=15,3 result=HIT remaining_cells=99 active_clusters=1
turn=24 result=HIT
turn=25 mode=CHASE cluster=0 cluster_len=6 cell=9,3 score=600002.134420 chase_score=10127.134420 prob=2.134420
turn=25 picked cell=9,3 target_cluster=Some(0) active_clusters=1 remaining_cells=98 scans=4
RESULT turn=25 cell=9,3 result=KILL remaining_cells=98 active_clusters=1
turn=25 result=KILL
turn=25 kill_infer inferred_len=7 committed_hits=6 cluster_hits=6
turn=26 picked cell=16,7 target_cluster=None active_clusters=0 remaining_cells=97 scans=4
RESULT turn=26 cell=16,7 result=MISS remaining_cells=97 active_clusters=0
turn=26 result=MISS
turn=27 picked cell=17,8 target_cluster=None active_clusters=0 remaining_cells=97 scans=4
RESULT turn=27 cell=17,8 result=HIT remaining_cells=97 active_clusters=0
turn=27 result=HIT
turn=28 mode=CHASE cluster=0 cluster_len=1 cell=17,9 score=100002.644731 chase_score=5129.644731 prob=2.644731
turn=28 picked cell=17,9 target_cluster=Some(0) active_clusters=1 remaining_cells=96 scans=4
RESULT turn=28 cell=17,9 result=HIT remaining_cells=96 active_clusters=1
turn=28 result=HIT
turn=29 mode=CHASE cluster=0 cluster_len=2 cell=17,10 score=200002.644731 chase_score=10416.644731 prob=2.644731
turn=29 picked cell=17,10 target_cluster=Some(0) active_clusters=1 remaining_cells=95 scans=4
RESULT turn=29 cell=17,10 result=MISS remaining_cells=95 active_clusters=1
turn=29 result=MISS
turn=30 mode=CHASE cluster=0 cluster_len=2 cell=17,7 score=200000.839425 chase_score=10088.839425 prob=0.839425
turn=30 picked cell=17,7 target_cluster=Some(0) active_clusters=1 remaining_cells=95 scans=4
RESULT turn=30 cell=17,7 result=HIT remaining_cells=95 active_clusters=1
turn=30 result=HIT
turn=31 mode=CHASE cluster=0 cluster_len=3 cell=17,6 score=300001.150296 chase_score=10080.150296 prob=1.150296
turn=31 picked cell=17,6 target_cluster=Some(0) active_clusters=1 remaining_cells=94 scans=4
RESULT turn=31 cell=17,6 result=HIT remaining_cells=94 active_clusters=1
turn=31 result=HIT
turn=32 mode=CHASE cluster=0 cluster_len=4 cell=17,5 score=400001.505684 chase_score=10068.505684 prob=1.505684
turn=32 picked cell=17,5 target_cluster=Some(0) active_clusters=1 remaining_cells=93 scans=4
RESULT turn=32 cell=17,5 result=HIT remaining_cells=93 active_clusters=1
turn=32 result=HIT
turn=33 mode=CHASE cluster=0 cluster_len=5 cell=17,4 score=500001.150296 chase_score=10063.150296 prob=1.150296
turn=33 picked cell=17,4 target_cluster=Some(0) active_clusters=1 remaining_cells=92 scans=4
RESULT turn=33 cell=17,4 result=HIT remaining_cells=92 active_clusters=1
turn=33 result=HIT
turn=34 mode=CHASE cluster=0 cluster_len=6 cell=17,3 score=600001.013224 chase_score=10057.013224 prob=1.013224
turn=34 picked cell=17,3 target_cluster=Some(0) active_clusters=1 remaining_cells=91 scans=4
RESULT turn=34 cell=17,3 result=HIT remaining_cells=91 active_clusters=1
turn=34 result=HIT
turn=35 mode=CHASE cluster=0 cluster_len=7 cell=17,2 score=700001.446456 chase_score=10036.446456 prob=1.446456
turn=35 picked cell=17,2 target_cluster=Some(0) active_clusters=1 remaining_cells=90 scans=4
RESULT turn=35 cell=17,2 result=HIT remaining_cells=90 active_clusters=1
turn=35 result=HIT
turn=36 mode=CHASE cluster=0 cluster_len=8 cell=17,1 score=800001.259093 chase_score=10028.259093 prob=1.259093
turn=36 picked cell=17,1 target_cluster=Some(0) active_clusters=1 remaining_cells=89 scans=4
RESULT turn=36 cell=17,1 result=KILL remaining_cells=89 active_clusters=1
turn=36 result=KILL
turn=36 kill_infer inferred_len=9 committed_hits=8 cluster_hits=8
turn=37 picked cell=4,10 target_cluster=None active_clusters=0 remaining_cells=88 scans=4
RESULT turn=37 cell=4,10 result=MISS remaining_cells=88 active_clusters=0
turn=37 result=MISS
turn=38 picked cell=3,11 target_cluster=None active_clusters=0 remaining_cells=88 scans=4
RESULT turn=38 cell=3,11 result=MISS remaining_cells=88 active_clusters=0
turn=38 result=MISS
turn=39 picked cell=5,12 target_cluster=None active_clusters=0 remaining_cells=88 scans=4
RESULT turn=39 cell=5,12 result=MISS remaining_cells=88 active_clusters=0
turn=39 result=MISS
turn=40 picked cell=2,9 target_cluster=None active_clusters=0 remaining_cells=88 scans=4
RESULT turn=40 cell=2,9 result=HIT remaining_cells=88 active_clusters=0
turn=40 result=HIT
turn=41 mode=CHASE cluster=0 cluster_len=1 cell=2,8 score=100002.919104 chase_score=5111.919104 prob=2.919104
turn=41 picked cell=2,8 target_cluster=Some(0) active_clusters=1 remaining_cells=87 scans=4
RESULT turn=41 cell=2,8 result=HIT remaining_cells=87 active_clusters=1
turn=41 result=HIT
turn=42 mode=CHASE cluster=0 cluster_len=2 cell=2,7 score=200002.753814 chase_score=10353.753814 prob=2.753814
turn=42 picked cell=2,7 target_cluster=Some(0) active_clusters=1 remaining_cells=86 scans=4
RESULT turn=42 cell=2,7 result=MISS remaining_cells=86 active_clusters=1
turn=42 result=MISS
turn=43 mode=CHASE cluster=0 cluster_len=2 cell=2,10 score=200001.082060 chase_score=10080.082060 prob=1.082060
turn=43 picked cell=2,10 target_cluster=Some(0) active_clusters=1 remaining_cells=86 scans=4
RESULT turn=43 cell=2,10 result=HIT remaining_cells=86 active_clusters=1
turn=43 result=HIT
turn=44 mode=CHASE cluster=0 cluster_len=3 cell=2,11 score=300001.190278 chase_score=10071.190278 prob=1.190278
turn=44 picked cell=2,11 target_cluster=Some(0) active_clusters=1 remaining_cells=85 scans=4
RESULT turn=44 cell=2,11 result=HIT remaining_cells=85 active_clusters=1
turn=44 result=HIT
turn=45 mode=CHASE cluster=0 cluster_len=4 cell=2,12 score=400001.469262 chase_score=10059.469262 prob=1.469262
turn=45 picked cell=2,12 target_cluster=Some(0) active_clusters=1 remaining_cells=84 scans=4
RESULT turn=45 cell=2,12 result=HIT remaining_cells=84 active_clusters=1
turn=45 result=HIT
turn=46 mode=CHASE cluster=0 cluster_len=5 cell=2,13 score=500001.818345 chase_score=10054.818345 prob=1.818345
turn=46 picked cell=2,13 target_cluster=Some(0) active_clusters=1 remaining_cells=83 scans=4
RESULT turn=46 cell=2,13 result=HIT remaining_cells=83 active_clusters=1
turn=46 result=HIT
turn=47 mode=CHASE cluster=0 cluster_len=6 cell=2,14 score=600001.797220 chase_score=10048.797220 prob=1.797220
turn=47 picked cell=2,14 target_cluster=Some(0) active_clusters=1 remaining_cells=82 scans=4
RESULT turn=47 cell=2,14 result=HIT remaining_cells=82 active_clusters=1
turn=47 result=HIT
turn=48 mode=CHASE cluster=0 cluster_len=7 cell=2,15 score=700001.679447 chase_score=10027.679447 prob=1.679447
turn=48 picked cell=2,15 target_cluster=Some(0) active_clusters=1 remaining_cells=81 scans=4
RESULT turn=48 cell=2,15 result=KILL remaining_cells=81 active_clusters=1
turn=48 result=KILL
turn=48 kill_infer inferred_len=8 committed_hits=7 cluster_hits=7
turn=49 picked cell=14,11 target_cluster=None active_clusters=0 remaining_cells=80 scans=4
RESULT turn=49 cell=14,11 result=MISS remaining_cells=80 active_clusters=0
turn=49 result=MISS
turn=50 picked cell=15,12 target_cluster=None active_clusters=0 remaining_cells=80 scans=4
RESULT turn=50 cell=15,12 result=HIT remaining_cells=80 active_clusters=0
turn=50 result=HIT
turn=51 mode=CHASE cluster=0 cluster_len=1 cell=15,11 score=100001.888015 chase_score=5092.388015 prob=1.888015
turn=51 picked cell=15,11 target_cluster=Some(0) active_clusters=1 remaining_cells=79 scans=4
RESULT turn=51 cell=15,11 result=HIT remaining_cells=79 active_clusters=1
turn=51 result=HIT
turn=52 mode=CHASE cluster=0 cluster_len=2 cell=15,10 score=200002.231780 chase_score=10305.231780 prob=2.231780
turn=52 picked cell=15,10 target_cluster=Some(0) active_clusters=1 remaining_cells=78 scans=4
RESULT turn=52 cell=15,10 result=HIT remaining_cells=78 active_clusters=1
turn=52 result=HIT
turn=53 mode=CHASE cluster=0 cluster_len=3 cell=15,13 score=300002.604541 chase_score=10234.604541 prob=2.604541
turn=53 picked cell=15,13 target_cluster=Some(0) active_clusters=1 remaining_cells=77 scans=4
RESULT turn=53 cell=15,13 result=MISS remaining_cells=77 active_clusters=1
turn=53 result=MISS
turn=54 mode=CHASE cluster=0 cluster_len=3 cell=15,9 score=300001.299872 chase_score=10063.299872 prob=1.299872
turn=54 picked cell=15,9 target_cluster=Some(0) active_clusters=1 remaining_cells=77 scans=4
RESULT turn=54 cell=15,9 result=HIT remaining_cells=77 active_clusters=1
turn=54 result=HIT
turn=55 mode=CHASE cluster=0 cluster_len=4 cell=15,8 score=400001.069207 chase_score=10051.069207 prob=1.069207
turn=55 picked cell=15,8 target_cluster=Some(0) active_clusters=1 remaining_cells=76 scans=4
RESULT turn=55 cell=15,8 result=HIT remaining_cells=76 active_clusters=1
turn=55 result=HIT
turn=56 mode=CHASE cluster=0 cluster_len=5 cell=15,7 score=500000.961014 chase_score=10045.961014 prob=0.961014
turn=56 picked cell=15,7 target_cluster=Some(0) active_clusters=1 remaining_cells=75 scans=4
RESULT turn=56 cell=15,7 result=HIT remaining_cells=75 active_clusters=1
turn=56 result=HIT
turn=57 mode=CHASE cluster=0 cluster_len=6 cell=15,6 score=600000.906520 chase_score=10039.906520 prob=0.906520
turn=57 picked cell=15,6 target_cluster=Some(0) active_clusters=1 remaining_cells=74 scans=4
RESULT turn=57 cell=15,6 result=HIT remaining_cells=74 active_clusters=1
turn=57 result=HIT
turn=58 mode=CHASE cluster=0 cluster_len=7 cell=15,5 score=700000.919516 chase_score=10018.919516 prob=0.919516
turn=58 picked cell=15,5 target_cluster=Some(0) active_clusters=1 remaining_cells=73 scans=4
RESULT turn=58 cell=15,5 result=KILL remaining_cells=73 active_clusters=1
turn=58 result=KILL
turn=58 kill_infer inferred_len=7 committed_hits=6 cluster_hits=7
turn=59 mode=CHASE cluster=0 cluster_len=1 cell=14,12 score=100001.188691 chase_score=5050.188691 prob=1.188691
turn=59 picked cell=14,12 target_cluster=Some(0) active_clusters=1 remaining_cells=72 scans=4
RESULT turn=59 cell=14,12 result=MISS remaining_cells=72 active_clusters=1
turn=59 result=MISS
turn=60 mode=CHASE cluster=0 cluster_len=1 cell=16,12 score=100001.316678 chase_score=5008.066678 prob=1.316678
turn=60 picked cell=16,12 target_cluster=Some(0) active_clusters=1 remaining_cells=72 scans=4
RESULT turn=60 cell=16,12 result=MISS remaining_cells=72 active_clusters=1
turn=60 result=MISS
turn=61 picked cell=7,18 target_cluster=None active_clusters=1 remaining_cells=72 scans=4
RESULT turn=61 cell=7,18 result=HIT remaining_cells=72 active_clusters=1
turn=61 result=HIT
turn=62 mode=CHASE cluster=1 cluster_len=1 cell=8,18 score=100001.975987 chase_score=5086.475987 prob=1.975987
turn=62 picked cell=8,18 target_cluster=Some(1) active_clusters=2 remaining_cells=71 scans=4
RESULT turn=62 cell=8,18 result=HIT remaining_cells=71 active_clusters=2
turn=62 result=HIT
turn=63 mode=CHASE cluster=1 cluster_len=2 cell=9,18 score=200002.286240 chase_score=10270.286240 prob=2.286240
turn=63 picked cell=9,18 target_cluster=Some(1) active_clusters=2 remaining_cells=70 scans=4
RESULT turn=63 cell=9,18 result=HIT remaining_cells=70 active_clusters=2
turn=63 result=HIT
turn=64 mode=CHASE cluster=1 cluster_len=3 cell=10,18 score=300002.286240 chase_score=10206.286240 prob=2.286240
turn=64 picked cell=10,18 target_cluster=Some(1) active_clusters=2 remaining_cells=69 scans=4
RESULT turn=64 cell=10,18 result=HIT remaining_cells=69 active_clusters=2
turn=64 result=HIT
turn=65 mode=CHASE cluster=1 cluster_len=4 cell=11,18 score=400002.182300 chase_score=10151.182300 prob=2.182300
turn=65 picked cell=11,18 target_cluster=Some(1) active_clusters=2 remaining_cells=68 scans=4
RESULT turn=65 cell=11,18 result=HIT remaining_cells=68 active_clusters=2
turn=65 result=HIT
turn=66 mode=CHASE cluster=1 cluster_len=5 cell=6,18 score=500002.078360 chase_score=10108.078360 prob=2.078360
turn=66 picked cell=6,18 target_cluster=Some(1) active_clusters=2 remaining_cells=67 scans=4
RESULT turn=66 cell=6,18 result=HIT remaining_cells=67 active_clusters=2
turn=66 result=HIT
turn=67 mode=CHASE cluster=1 cluster_len=6 cell=12,18 score=600002.078360 chase_score=10070.078360 prob=2.078360
turn=67 picked cell=12,18 target_cluster=Some(1) active_clusters=2 remaining_cells=66 scans=4
RESULT turn=67 cell=12,18 result=MISS remaining_cells=66 active_clusters=2
turn=67 result=MISS
turn=68 mode=CHASE cluster=1 cluster_len=6 cell=5,18 score=600001.593001 chase_score=10033.593001 prob=1.593001
turn=68 picked cell=5,18 target_cluster=Some(1) active_clusters=2 remaining_cells=66 scans=4
RESULT turn=68 cell=5,18 result=HIT remaining_cells=66 active_clusters=2
turn=68 result=HIT
turn=69 mode=CHASE cluster=1 cluster_len=7 cell=4,18 score=700001.566414 chase_score=10019.566414 prob=1.566414
turn=69 picked cell=4,18 target_cluster=Some(1) active_clusters=2 remaining_cells=65 scans=4
RESULT turn=69 cell=4,18 result=HIT remaining_cells=65 active_clusters=2
turn=69 result=HIT
turn=70 mode=CHASE cluster=1 cluster_len=8 cell=3,18 score=800001.451349 chase_score=10019.451349 prob=1.451349
turn=70 picked cell=3,18 target_cluster=Some(1) active_clusters=2 remaining_cells=64 scans=4
RESULT turn=70 cell=3,18 result=KILL remaining_cells=64 active_clusters=2
turn=70 result=KILL
turn=70 kill_infer inferred_len=9 committed_hits=8 cluster_hits=8
turn=71 picked cell=6,6 target_cluster=None active_clusters=1 remaining_cells=63 scans=4
RESULT turn=71 cell=6,6 result=MISS remaining_cells=63 active_clusters=1
turn=71 result=MISS
turn=72 picked cell=7,4 target_cluster=None active_clusters=1 remaining_cells=63 scans=4
RESULT turn=72 cell=7,4 result=MISS remaining_cells=63 active_clusters=1
turn=72 result=MISS
turn=73 picked cell=13,14 target_cluster=None active_clusters=1 remaining_cells=63 scans=4
RESULT turn=73 cell=13,14 result=HIT remaining_cells=63 active_clusters=1
turn=73 result=HIT
turn=74 mode=CHASE cluster=1 cluster_len=1 cell=13,13 score=100001.820395 chase_score=5058.070395 prob=1.820395
turn=74 picked cell=13,13 target_cluster=Some(1) active_clusters=2 remaining_cells=62 scans=4
RESULT turn=74 cell=13,13 result=HIT remaining_cells=62 active_clusters=2
turn=74 result=HIT
turn=75 mode=CHASE cluster=1 cluster_len=2 cell=13,12 score=200001.739408 chase_score=10188.739408 prob=1.739408
turn=75 picked cell=13,12 target_cluster=Some(1) active_clusters=2 remaining_cells=61 scans=4
RESULT turn=75 cell=13,12 result=HIT remaining_cells=61 active_clusters=2
turn=75 result=HIT
turn=76 mode=CHASE cluster=1 cluster_len=3 cell=13,11 score=300001.739408 chase_score=10142.739408 prob=1.739408
turn=76 picked cell=13,11 target_cluster=Some(1) active_clusters=2 remaining_cells=60 scans=4
RESULT turn=76 cell=13,11 result=MISS remaining_cells=60 active_clusters=2
turn=76 result=MISS
turn=77 mode=CHASE cluster=1 cluster_len=3 cell=13,15 score=300001.695723 chase_score=10038.695723 prob=1.695723
turn=77 picked cell=13,15 target_cluster=Some(1) active_clusters=2 remaining_cells=60 scans=4
RESULT turn=77 cell=13,15 result=KILL remaining_cells=60 active_clusters=2
turn=77 result=KILL
turn=77 kill_infer inferred_len=4 committed_hits=3 cluster_hits=3
turn=78 picked cell=8,2 target_cluster=None active_clusters=1 remaining_cells=59 scans=4
RESULT turn=78 cell=8,2 result=MISS remaining_cells=59 active_clusters=1
turn=78 result=MISS
turn=79 picked cell=10,0 target_cluster=None active_clusters=1 remaining_cells=59 scans=4
RESULT turn=79 cell=10,0 result=MISS remaining_cells=59 active_clusters=1
turn=79 result=MISS
turn=80 picked cell=5,5 target_cluster=None active_clusters=1 remaining_cells=59 scans=4
RESULT turn=80 cell=5,5 result=MISS remaining_cells=59 active_clusters=1
turn=80 result=MISS
turn=81 picked cell=9,1 target_cluster=None active_clusters=1 remaining_cells=59 scans=4
RESULT turn=81 cell=9,1 result=MISS remaining_cells=59 active_clusters=1
turn=81 result=MISS
turn=82 picked cell=18,8 target_cluster=None active_clusters=1 remaining_cells=59 scans=4
RESULT turn=82 cell=18,8 result=MISS remaining_cells=59 active_clusters=1
turn=82 result=MISS
turn=83 picked cell=1,6 target_cluster=None active_clusters=1 remaining_cells=59 scans=4
RESULT turn=83 cell=1,6 result=HIT remaining_cells=59 active_clusters=1
turn=83 result=HIT
turn=84 mode=CHASE cluster=1 cluster_len=1 cell=1,7 score=100002.660047 chase_score=5063.910047 prob=2.660047
turn=84 picked cell=1,7 target_cluster=Some(1) active_clusters=2 remaining_cells=58 scans=4
RESULT turn=84 cell=1,7 result=HIT remaining_cells=58 active_clusters=2
turn=84 result=HIT
turn=85 mode=CHASE cluster=1 cluster_len=2 cell=1,8 score=200002.777942 chase_score=10199.777942 prob=2.777942
turn=85 picked cell=1,8 target_cluster=Some(1) active_clusters=2 remaining_cells=57 scans=4
RESULT turn=85 cell=1,8 result=HIT remaining_cells=57 active_clusters=2
turn=85 result=HIT
turn=86 mode=CHASE cluster=1 cluster_len=3 cell=1,9 score=300002.777942 chase_score=10148.777942 prob=2.777942
turn=86 picked cell=1,9 target_cluster=Some(1) active_clusters=2 remaining_cells=56 scans=4
RESULT turn=86 cell=1,9 result=HIT remaining_cells=56 active_clusters=2
turn=86 result=HIT
turn=87 mode=CHASE cluster=1 cluster_len=4 cell=1,10 score=400002.777942 chase_score=10106.777942 prob=2.777942
turn=87 picked cell=1,10 target_cluster=Some(1) active_clusters=2 remaining_cells=55 scans=4
RESULT turn=87 cell=1,10 result=HIT remaining_cells=55 active_clusters=2
turn=87 result=HIT
turn=88 mode=CHASE cluster=1 cluster_len=5 cell=1,11 score=500002.660047 chase_score=10072.660047 prob=2.660047
turn=88 picked cell=1,11 target_cluster=Some(1) active_clusters=2 remaining_cells=54 scans=4
RESULT turn=88 cell=1,11 result=HIT remaining_cells=54 active_clusters=2
turn=88 result=HIT
turn=89 mode=CHASE cluster=1 cluster_len=6 cell=1,5 score=600002.558639 chase_score=10043.558639 prob=2.558639
turn=89 picked cell=1,5 target_cluster=Some(1) active_clusters=2 remaining_cells=53 scans=4
RESULT turn=89 cell=1,5 result=HIT remaining_cells=53 active_clusters=2
turn=89 result=HIT
turn=90 mode=CHASE cluster=1 cluster_len=7 cell=1,12 score=700002.542151 chase_score=10020.542151 prob=2.542151
turn=90 picked cell=1,12 target_cluster=Some(1) active_clusters=2 remaining_cells=52 scans=4
RESULT turn=90 cell=1,12 result=HIT remaining_cells=52 active_clusters=2
turn=90 result=HIT
turn=91 mode=CHASE cluster=1 cluster_len=8 cell=1,4 score=800002.516652 chase_score=10011.516652 prob=2.516652
turn=91 picked cell=1,4 target_cluster=Some(1) active_clusters=2 remaining_cells=51 scans=4
RESULT turn=91 cell=1,4 result=KILL remaining_cells=51 active_clusters=2
turn=91 result=KILL
turn=91 kill_infer inferred_len=9 committed_hits=8 cluster_hits=8
turn=92 picked cell=9,8 target_cluster=None active_clusters=1 remaining_cells=50 scans=4
RESULT turn=92 cell=9,8 result=MISS remaining_cells=50 active_clusters=1
turn=92 result=MISS
turn=93 picked cell=10,12 target_cluster=None active_clusters=1 remaining_cells=50 scans=4
RESULT turn=93 cell=10,12 result=MISS remaining_cells=50 active_clusters=1
turn=93 result=MISS
turn=94 picked cell=12,10 target_cluster=None active_clusters=1 remaining_cells=50 scans=4
RESULT turn=94 cell=12,10 result=MISS remaining_cells=50 active_clusters=1
turn=94 result=MISS
turn=95 picked cell=9,13 target_cluster=None active_clusters=1 remaining_cells=50 scans=4
RESULT turn=95 cell=9,13 result=MISS remaining_cells=50 active_clusters=1
turn=95 result=MISS
turn=96 picked cell=11,13 target_cluster=None active_clusters=1 remaining_cells=50 scans=4
RESULT turn=96 cell=11,13 result=HIT remaining_cells=50 active_clusters=1
turn=96 result=HIT
turn=97 mode=CHASE cluster=1 cluster_len=1 cell=11,14 score=100001.334350 chase_score=5034.834350 prob=1.334350
turn=97 picked cell=11,14 target_cluster=Some(1) active_clusters=2 remaining_cells=49 scans=4
RESULT turn=97 cell=11,14 result=MISS remaining_cells=49 active_clusters=2
turn=97 result=MISS
turn=98 mode=CHASE cluster=1 cluster_len=1 cell=11,12 score=100000.339312 chase_score=5007.339312 prob=0.339312
turn=98 picked cell=11,12 target_cluster=Some(1) active_clusters=2 remaining_cells=49 scans=4
RESULT turn=98 cell=11,12 result=MISS remaining_cells=49 active_clusters=2
turn=98 result=MISS
turn=99 mode=CHASE cluster=1 cluster_len=1 cell=12,13 score=100000.791282 chase_score=5004.541282 prob=0.791282
turn=99 picked cell=12,13 target_cluster=Some(1) active_clusters=2 remaining_cells=49 scans=4
RESULT turn=99 cell=12,13 result=HIT remaining_cells=49 active_clusters=2
turn=99 result=HIT
turn=100 mode=CHASE cluster=1 cluster_len=2 cell=10,13 score=200000.263725 chase_score=10009.263725 prob=0.263725
turn=100 picked cell=10,13 target_cluster=Some(1) active_clusters=2 remaining_cells=48 scans=4
RESULT turn=100 cell=10,13 result=KILL remaining_cells=48 active_clusters=2
turn=100 result=KILL
turn=100 kill_infer inferred_len=3 committed_hits=2 cluster_hits=2
turn=101 picked cell=13,7 target_cluster=None active_clusters=1 remaining_cells=47 scans=4
RESULT turn=101 cell=13,7 result=MISS remaining_cells=47 active_clusters=1
turn=101 result=MISS
turn=102 picked cell=16,0 target_cluster=None active_clusters=1 remaining_cells=47 scans=4
RESULT turn=102 cell=16,0 result=MISS remaining_cells=47 active_clusters=1
turn=102 result=MISS
turn=103 picked cell=11,5 target_cluster=None active_clusters=1 remaining_cells=47 scans=4
RESULT turn=103 cell=11,5 result=MISS remaining_cells=47 active_clusters=1
turn=103 result=MISS
turn=104 picked cell=14,8 target_cluster=None active_clusters=1 remaining_cells=47 scans=4
RESULT turn=104 cell=14,8 result=MISS remaining_cells=47 active_clusters=1
turn=104 result=MISS
turn=105 picked cell=12,2 target_cluster=None active_clusters=1 remaining_cells=47 scans=4
RESULT turn=105 cell=12,2 result=MISS remaining_cells=47 active_clusters=1
turn=105 result=MISS
turn=106 picked cell=18,4 target_cluster=None active_clusters=1 remaining_cells=47 scans=4
RESULT turn=106 cell=18,4 result=HIT remaining_cells=47 active_clusters=1
turn=106 result=HIT
turn=107 mode=CHASE cluster=1 cluster_len=1 cell=18,3 score=100001.054406 chase_score=5028.054406 prob=1.054406
turn=107 picked cell=18,3 target_cluster=Some(1) active_clusters=2 remaining_cells=46 scans=4
RESULT turn=107 cell=18,3 result=HIT remaining_cells=46 active_clusters=2
turn=107 result=HIT
turn=108 mode=CHASE cluster=1 cluster_len=2 cell=18,2 score=200000.962730 chase_score=10083.962730 prob=0.962730
turn=108 picked cell=18,2 target_cluster=Some(1) active_clusters=2 remaining_cells=45 scans=4
RESULT turn=108 cell=18,2 result=HIT remaining_cells=45 active_clusters=2
turn=108 result=HIT
turn=109 mode=CHASE cluster=1 cluster_len=3 cell=18,5 score=300000.962730 chase_score=10064.962730 prob=0.962730
turn=109 picked cell=18,5 target_cluster=Some(1) active_clusters=2 remaining_cells=44 scans=4
RESULT turn=109 cell=18,5 result=HIT remaining_cells=44 active_clusters=2
turn=109 result=HIT
turn=110 mode=CHASE cluster=1 cluster_len=4 cell=18,1 score=400000.780192 chase_score=10045.780192 prob=0.780192
turn=110 picked cell=18,1 target_cluster=Some(1) active_clusters=2 remaining_cells=43 scans=4
RESULT turn=110 cell=18,1 result=HIT remaining_cells=43 active_clusters=2
turn=110 result=HIT
turn=111 mode=CHASE cluster=1 cluster_len=5 cell=18,6 score=500000.780192 chase_score=10034.780192 prob=0.780192
turn=111 picked cell=18,6 target_cluster=Some(1) active_clusters=2 remaining_cells=42 scans=4
RESULT turn=111 cell=18,6 result=HIT remaining_cells=42 active_clusters=2
turn=111 result=HIT
turn=112 mode=CHASE cluster=1 cluster_len=6 cell=18,0 score=600000.438713 chase_score=10014.438713 prob=0.438713
turn=112 picked cell=18,0 target_cluster=Some(1) active_clusters=2 remaining_cells=41 scans=4
RESULT turn=112 cell=18,0 result=MISS remaining_cells=41 active_clusters=2
turn=112 result=MISS
turn=113 mode=CHASE cluster=1 cluster_len=6 cell=18,7 score=600000.410015 chase_score=10014.410015 prob=0.410015
turn=113 picked cell=18,7 target_cluster=Some(1) active_clusters=2 remaining_cells=41 scans=4
RESULT turn=113 cell=18,7 result=KILL remaining_cells=41 active_clusters=2
turn=113 result=KILL
turn=113 kill_infer inferred_len=7 committed_hits=6 cluster_hits=6
turn=114 picked cell=7,7 target_cluster=None active_clusters=1 remaining_cells=40 scans=4
RESULT turn=114 cell=7,7 result=MISS remaining_cells=40 active_clusters=1
turn=114 result=MISS
turn=115 picked cell=4,3 target_cluster=None active_clusters=1 remaining_cells=40 scans=4
RESULT turn=115 cell=4,3 result=MISS remaining_cells=40 active_clusters=1
turn=115 result=MISS
turn=116 picked cell=6,11 target_cluster=None active_clusters=1 remaining_cells=40 scans=4
RESULT turn=116 cell=6,11 result=MISS remaining_cells=40 active_clusters=1
turn=116 result=MISS
turn=117 picked cell=7,13 target_cluster=None active_clusters=1 remaining_cells=40 scans=4
RESULT turn=117 cell=7,13 result=MISS remaining_cells=40 active_clusters=1
turn=117 result=MISS
turn=118 picked cell=3,4 target_cluster=None active_clusters=1 remaining_cells=40 scans=4
RESULT turn=118 cell=3,4 result=MISS remaining_cells=40 active_clusters=1
turn=118 result=MISS
turn=119 picked cell=4,16 target_cluster=None active_clusters=1 remaining_cells=40 scans=4
RESULT turn=119 cell=4,16 result=MISS remaining_cells=40 active_clusters=1
turn=119 result=MISS
turn=120 picked cell=14,16 target_cluster=None active_clusters=1 remaining_cells=40 scans=4
RESULT turn=120 cell=14,16 result=HIT remaining_cells=40 active_clusters=1
turn=120 result=HIT
turn=121 mode=CHASE cluster=1 cluster_len=1 cell=13,16 score=100001.744122 chase_score=5031.744122 prob=1.744122
turn=121 picked cell=13,16 target_cluster=Some(1) active_clusters=2 remaining_cells=39 scans=4
RESULT turn=121 cell=13,16 result=HIT remaining_cells=39 active_clusters=2
turn=121 result=HIT
turn=122 mode=CHASE cluster=1 cluster_len=2 cell=15,16 score=200001.928554 chase_score=10090.928554 prob=1.928554
turn=122 picked cell=15,16 target_cluster=Some(1) active_clusters=2 remaining_cells=38 scans=4
RESULT turn=122 cell=15,16 result=MISS remaining_cells=38 active_clusters=2
turn=122 result=MISS
turn=123 mode=CHASE cluster=1 cluster_len=2 cell=12,16 score=200000.967144 chase_score=10025.967144 prob=0.967144
turn=123 picked cell=12,16 target_cluster=Some(1) active_clusters=2 remaining_cells=38 scans=4
RESULT turn=123 cell=12,16 result=HIT remaining_cells=38 active_clusters=2
turn=123 result=HIT
turn=124 mode=CHASE cluster=1 cluster_len=3 cell=11,16 score=300000.843274 chase_score=10019.843274 prob=0.843274
turn=124 picked cell=11,16 target_cluster=Some(1) active_clusters=2 remaining_cells=37 scans=4
RESULT turn=124 cell=11,16 result=HIT remaining_cells=37 active_clusters=2
turn=124 result=HIT
turn=125 mode=CHASE cluster=1 cluster_len=4 cell=10,16 score=400000.843274 chase_score=10011.843274 prob=0.843274
turn=125 picked cell=10,16 target_cluster=Some(1) active_clusters=2 remaining_cells=36 scans=4
RESULT turn=125 cell=10,16 result=HIT remaining_cells=36 active_clusters=2
turn=125 result=HIT
turn=126 mode=CHASE cluster=1 cluster_len=5 cell=9,16 score=500000.617930 chase_score=10006.617930 prob=0.617930
turn=126 picked cell=9,16 target_cluster=Some(1) active_clusters=2 remaining_cells=35 scans=4
RESULT turn=126 cell=9,16 result=KILL remaining_cells=35 active_clusters=2
turn=126 result=KILL
turn=126 kill_infer inferred_len=6 committed_hits=5 cluster_hits=5
turn=127 picked cell=2,2 target_cluster=None active_clusters=1 remaining_cells=34 scans=4
RESULT turn=127 cell=2,2 result=MISS remaining_cells=34 active_clusters=1
turn=127 result=MISS
turn=128 picked cell=0,6 target_cluster=None active_clusters=1 remaining_cells=34 scans=4
RESULT turn=128 cell=0,6 result=MISS remaining_cells=34 active_clusters=1
turn=128 result=MISS
turn=129 picked cell=5,0 target_cluster=None active_clusters=1 remaining_cells=34 scans=4
RESULT turn=129 cell=5,0 result=MISS remaining_cells=34 active_clusters=1
turn=129 result=MISS
turn=130 picked cell=6,1 target_cluster=None active_clusters=1 remaining_cells=34 scans=4
RESULT turn=130 cell=6,1 result=MISS remaining_cells=34 active_clusters=1
turn=130 result=MISS
turn=131 picked cell=0,13 target_cluster=None active_clusters=1 remaining_cells=34 scans=4
RESULT turn=131 cell=0,13 result=MISS remaining_cells=34 active_clusters=1
turn=131 result=MISS
turn=132 picked cell=3,17 target_cluster=None active_clusters=1 remaining_cells=34 scans=4
RESULT turn=132 cell=3,17 result=MISS remaining_cells=34 active_clusters=1
turn=132 result=MISS
turn=133 picked cell=5,8 target_cluster=None active_clusters=1 remaining_cells=34 scans=4
RESULT turn=133 cell=5,8 result=KILL remaining_cells=34 active_clusters=1
turn=133 result=KILL
turn=134 picked cell=13,1 target_cluster=None active_clusters=1 remaining_cells=33 scans=4
RESULT turn=134 cell=13,1 result=HIT remaining_cells=33 active_clusters=1
turn=134 result=HIT
turn=135 mode=CHASE cluster=1 cluster_len=1 cell=14,1 score=100001.880406 chase_score=5017.880406 prob=1.880406
turn=135 picked cell=14,1 target_cluster=Some(1) active_clusters=2 remaining_cells=32 scans=4
RESULT turn=135 cell=14,1 result=HIT remaining_cells=32 active_clusters=2
turn=135 result=HIT
turn=136 mode=CHASE cluster=1 cluster_len=2 cell=12,1 score=200001.705692 chase_score=10045.705692 prob=1.705692
turn=136 picked cell=12,1 target_cluster=Some(1) active_clusters=2 remaining_cells=31 scans=4
RESULT turn=136 cell=12,1 result=HIT remaining_cells=31 active_clusters=2
turn=136 result=HIT
turn=137 mode=CHASE cluster=1 cluster_len=3 cell=11,1 score=300001.549447 chase_score=10026.549447 prob=1.549447
turn=137 picked cell=11,1 target_cluster=Some(1) active_clusters=2 remaining_cells=30 scans=4
RESULT turn=137 cell=11,1 result=HIT remaining_cells=30 active_clusters=2
turn=137 result=HIT
turn=138 mode=CHASE cluster=1 cluster_len=4 cell=15,1 score=400001.549447 chase_score=10013.549447 prob=1.549447
turn=138 picked cell=15,1 target_cluster=Some(1) active_clusters=2 remaining_cells=29 scans=4
RESULT turn=138 cell=15,1 result=HIT remaining_cells=29 active_clusters=2
turn=138 result=HIT
turn=139 mode=CHASE cluster=1 cluster_len=5 cell=16,1 score=500001.290278 chase_score=10008.290278 prob=1.290278
turn=139 picked cell=16,1 target_cluster=Some(1) active_clusters=2 remaining_cells=28 scans=4
RESULT turn=139 cell=16,1 result=HIT remaining_cells=28 active_clusters=2
turn=139 result=HIT
turn=140 mode=CHASE cluster=1 cluster_len=6 cell=10,1 score=600000.959320 chase_score=10007.959320 prob=0.959320
turn=140 picked cell=10,1 target_cluster=Some(1) active_clusters=2 remaining_cells=27 scans=4
RESULT turn=140 cell=10,1 result=KILL remaining_cells=27 active_clusters=2
turn=140 result=KILL
turn=140 kill_infer inferred_len=7 committed_hits=6 cluster_hits=6
turn=141 picked cell=6,14 target_cluster=None active_clusters=1 remaining_cells=26 scans=4
RESULT turn=141 cell=6,14 result=MISS remaining_cells=26 active_clusters=1
turn=141 result=MISS
turn=142 picked cell=5,15 target_cluster=None active_clusters=1 remaining_cells=26 scans=4
RESULT turn=142 cell=5,15 result=HIT remaining_cells=26 active_clusters=1
turn=142 result=HIT
turn=143 mode=CHASE cluster=1 cluster_len=1 cell=4,15 score=100000.647150 chase_score=5010.397150 prob=0.647150
turn=143 picked cell=4,15 target_cluster=Some(1) active_clusters=2 remaining_cells=25 scans=4
RESULT turn=143 cell=4,15 result=HIT remaining_cells=25 active_clusters=2
turn=143 result=HIT
turn=144 mode=CHASE cluster=1 cluster_len=2 cell=6,15 score=200000.498289 chase_score=10027.498289 prob=0.498289
turn=144 picked cell=6,15 target_cluster=Some(1) active_clusters=2 remaining_cells=24 scans=4
RESULT turn=144 cell=6,15 result=HIT remaining_cells=24 active_clusters=2
turn=144 result=HIT
turn=145 mode=CHASE cluster=1 cluster_len=3 cell=3,15 score=300000.647150 chase_score=10013.647150 prob=0.647150
turn=145 picked cell=3,15 target_cluster=Some(1) active_clusters=2 remaining_cells=23 scans=4
RESULT turn=145 cell=3,15 result=KILL remaining_cells=23 active_clusters=2
turn=145 result=KILL
turn=145 kill_infer inferred_len=4 committed_hits=3 cluster_hits=3
turn=146 picked cell=8,6 target_cluster=None active_clusters=1 remaining_cells=22 scans=4
RESULT turn=146 cell=8,6 result=HIT remaining_cells=22 active_clusters=1
turn=146 result=HIT
turn=147 mode=CHASE cluster=1 cluster_len=1 cell=8,5 score=100000.616623 chase_score=5010.616623 prob=0.616623
turn=147 picked cell=8,5 target_cluster=Some(1) active_clusters=2 remaining_cells=21 scans=4
RESULT turn=147 cell=8,5 result=HIT remaining_cells=21 active_clusters=2
turn=147 result=HIT
turn=148 mode=CHASE cluster=1 cluster_len=2 cell=8,4 score=200000.646977 chase_score=10024.646977 prob=0.646977
turn=148 picked cell=8,4 target_cluster=Some(1) active_clusters=2 remaining_cells=20 scans=4
RESULT turn=148 cell=8,4 result=KILL remaining_cells=20 active_clusters=2
turn=148 result=KILL
turn=148 kill_infer inferred_len=3 committed_hits=2 cluster_hits=2
turn=149 picked cell=4,7 target_cluster=None active_clusters=1 remaining_cells=19 scans=4
RESULT turn=149 cell=4,7 result=MISS remaining_cells=19 active_clusters=1
turn=149 result=MISS
turn=150 picked cell=3,1 target_cluster=None active_clusters=1 remaining_cells=19 scans=4
RESULT turn=150 cell=3,1 result=MISS remaining_cells=19 active_clusters=1
turn=150 result=MISS
turn=151 picked cell=7,8 target_cluster=None active_clusters=1 remaining_cells=19 scans=4
RESULT turn=151 cell=7,8 result=MISS remaining_cells=19 active_clusters=1
turn=151 result=MISS
turn=152 picked cell=0,3 target_cluster=None active_clusters=1 remaining_cells=19 scans=4
RESULT turn=152 cell=0,3 result=HIT remaining_cells=19 active_clusters=1
turn=152 result=HIT
turn=153 mode=CHASE cluster=1 cluster_len=1 cell=0,2 score=100000.622063 chase_score=5009.122063 prob=0.622063
turn=153 picked cell=0,2 target_cluster=Some(1) active_clusters=2 remaining_cells=18 scans=4
RESULT turn=153 cell=0,2 result=HIT remaining_cells=18 active_clusters=2
turn=153 result=HIT
turn=154 mode=CHASE cluster=1 cluster_len=2 cell=0,1 score=200000.570984 chase_score=10021.570984 prob=0.570984
turn=154 picked cell=0,1 target_cluster=Some(1) active_clusters=2 remaining_cells=17 scans=4
RESULT turn=154 cell=0,1 result=HIT remaining_cells=17 active_clusters=2
turn=154 result=HIT
turn=155 mode=CHASE cluster=1 cluster_len=3 cell=0,4 score=300000.490544 chase_score=10014.490544 prob=0.490544
turn=155 picked cell=0,4 target_cluster=Some(1) active_clusters=2 remaining_cells=16 scans=4
RESULT turn=155 cell=0,4 result=HIT remaining_cells=16 active_clusters=2
turn=155 result=HIT
turn=156 mode=CHASE cluster=1 cluster_len=4 cell=0,0 score=400000.490544 chase_score=10005.490544 prob=0.490544
turn=156 picked cell=0,0 target_cluster=Some(1) active_clusters=2 remaining_cells=15 scans=4
RESULT turn=156 cell=0,0 result=MISS remaining_cells=15 active_clusters=2
turn=156 result=MISS
turn=157 mode=CHASE cluster=1 cluster_len=4 cell=0,5 score=400000.271398 chase_score=10005.271398 prob=0.271398
turn=157 picked cell=0,5 target_cluster=Some(1) active_clusters=2 remaining_cells=15 scans=4
RESULT turn=157 cell=0,5 result=KILL remaining_cells=15 active_clusters=2
turn=157 result=KILL
turn=157 kill_infer inferred_len=5 committed_hits=4 cluster_hits=4
turn=158 picked cell=10,9 target_cluster=None active_clusters=1 remaining_cells=14 scans=4
RESULT turn=158 cell=10,9 result=MISS remaining_cells=14 active_clusters=1
turn=158 result=MISS
turn=159 picked cell=6,9 target_cluster=None active_clusters=1 remaining_cells=14 scans=4
RESULT turn=159 cell=6,9 result=MISS remaining_cells=14 active_clusters=1
turn=159 result=MISS
turn=160 picked cell=7,10 target_cluster=None active_clusters=1 remaining_cells=14 scans=4
RESULT turn=160 cell=7,10 result=MISS remaining_cells=14 active_clusters=1
turn=160 result=MISS
turn=161 picked cell=1,16 target_cluster=None active_clusters=1 remaining_cells=14 scans=4
RESULT turn=161 cell=1,16 result=MISS remaining_cells=14 active_clusters=1
turn=161 result=MISS
turn=162 picked cell=17,14 target_cluster=None active_clusters=1 remaining_cells=14 scans=4
RESULT turn=162 cell=17,14 result=MISS remaining_cells=14 active_clusters=1
turn=162 result=MISS
turn=163 picked cell=16,15 target_cluster=None active_clusters=1 remaining_cells=14 scans=4
RESULT turn=163 cell=16,15 result=MISS remaining_cells=14 active_clusters=1
turn=163 result=MISS
turn=164 picked cell=9,11 target_cluster=None active_clusters=1 remaining_cells=14 scans=4
RESULT turn=164 cell=9,11 result=MISS remaining_cells=14 active_clusters=1
turn=164 result=MISS
turn=165 picked cell=4,13 target_cluster=None active_clusters=1 remaining_cells=14 scans=4
RESULT turn=165 cell=4,13 result=MISS remaining_cells=14 active_clusters=1
turn=165 result=MISS
turn=166 picked cell=13,9 target_cluster=None active_clusters=1 remaining_cells=14 scans=4
RESULT turn=166 cell=13,9 result=MISS remaining_cells=14 active_clusters=1
turn=166 result=MISS
turn=167 picked cell=3,9 target_cluster=None active_clusters=1 remaining_cells=14 scans=4
RESULT turn=167 cell=3,9 result=MISS remaining_cells=14 active_clusters=1
turn=167 result=MISS
turn=168 picked cell=7,16 target_cluster=None active_clusters=1 remaining_cells=14 scans=4
RESULT turn=168 cell=7,16 result=MISS remaining_cells=14 active_clusters=1
turn=168 result=MISS
turn=169 picked cell=18,13 target_cluster=None active_clusters=1 remaining_cells=14 scans=4
RESULT turn=169 cell=18,13 result=MISS remaining_cells=14 active_clusters=1
turn=169 result=MISS
turn=170 picked cell=16,17 target_cluster=None active_clusters=1 remaining_cells=14 scans=4
RESULT turn=170 cell=16,17 result=MISS remaining_cells=14 active_clusters=1
turn=170 result=MISS
turn=171 picked cell=12,17 target_cluster=None active_clusters=1 remaining_cells=14 scans=4
RESULT turn=171 cell=12,17 result=MISS remaining_cells=14 active_clusters=1
turn=171 result=MISS
turn=172 picked cell=15,18 target_cluster=None active_clusters=1 remaining_cells=14 scans=4
RESULT turn=172 cell=15,18 result=HIT remaining_cells=14 active_clusters=1
turn=172 result=HIT
turn=173 mode=CHASE cluster=1 cluster_len=1 cell=16,18 score=100000.483847 chase_score=5006.483847 prob=0.483847
turn=173 picked cell=16,18 target_cluster=Some(1) active_clusters=2 remaining_cells=13 scans=4
RESULT turn=173 cell=16,18 result=HIT remaining_cells=13 active_clusters=2
turn=173 result=HIT
turn=174 mode=CHASE cluster=1 cluster_len=2 cell=17,18 score=200000.534607 chase_score=10011.534607 prob=0.534607
turn=174 picked cell=17,18 target_cluster=Some(1) active_clusters=2 remaining_cells=12 scans=4
RESULT turn=174 cell=17,18 result=KILL remaining_cells=12 active_clusters=2
turn=174 result=KILL
turn=174 kill_infer inferred_len=3 committed_hits=2 cluster_hits=2
turn=175 picked cell=0,10 target_cluster=None active_clusters=1 remaining_cells=11 scans=4
RESULT turn=175 cell=0,10 result=MISS remaining_cells=11 active_clusters=1
turn=175 result=MISS
turn=176 picked cell=0,15 target_cluster=None active_clusters=1 remaining_cells=11 scans=4
RESULT turn=176 cell=0,15 result=MISS remaining_cells=11 active_clusters=1
turn=176 result=MISS
turn=177 picked cell=6,17 target_cluster=None active_clusters=1 remaining_cells=11 scans=4
RESULT turn=177 cell=6,17 result=MISS remaining_cells=11 active_clusters=1
turn=177 result=MISS
turn=178 picked cell=5,10 target_cluster=None active_clusters=1 remaining_cells=11 scans=4
RESULT turn=178 cell=5,10 result=MISS remaining_cells=11 active_clusters=1
turn=178 result=MISS
turn=179 picked cell=1,14 target_cluster=None active_clusters=1 remaining_cells=11 scans=4
RESULT turn=179 cell=1,14 result=MISS remaining_cells=11 active_clusters=1
turn=179 result=MISS
turn=180 picked cell=2,17 target_cluster=None active_clusters=1 remaining_cells=11 scans=4
RESULT turn=180 cell=2,17 result=MISS remaining_cells=11 active_clusters=1
turn=180 result=MISS
turn=181 picked cell=1,18 target_cluster=None active_clusters=1 remaining_cells=11 scans=4
RESULT turn=181 cell=1,18 result=MISS remaining_cells=11 active_clusters=1
turn=181 result=MISS
turn=182 picked cell=0,17 target_cluster=None active_clusters=1 remaining_cells=11 scans=4
RESULT turn=182 cell=0,17 result=MISS remaining_cells=11 active_clusters=1
turn=182 result=MISS
turn=183 picked cell=6,12 target_cluster=None active_clusters=1 remaining_cells=11 scans=4
RESULT turn=183 cell=6,12 result=MISS remaining_cells=11 active_clusters=1
turn=183 result=MISS
turn=184 picked cell=5,13 target_cluster=None active_clusters=1 remaining_cells=11 scans=4
RESULT turn=184 cell=5,13 result=MISS remaining_cells=11 active_clusters=1
turn=184 result=MISS
turn=185 picked cell=4,11 target_cluster=None active_clusters=1 remaining_cells=11 scans=4
RESULT turn=185 cell=4,11 result=MISS remaining_cells=11 active_clusters=1
turn=185 result=MISS
turn=186 picked cell=3,12 target_cluster=None active_clusters=1 remaining_cells=11 scans=4
RESULT turn=186 cell=3,12 result=MISS remaining_cells=11 active_clusters=1
turn=186 result=MISS
turn=187 picked cell=4,14 target_cluster=None active_clusters=1 remaining_cells=11 scans=4
RESULT turn=187 cell=4,14 result=MISS remaining_cells=11 active_clusters=1
turn=187 result=MISS
turn=188 picked cell=5,16 target_cluster=None active_clusters=1 remaining_cells=11 scans=4
RESULT turn=188 cell=5,16 result=MISS remaining_cells=11 active_clusters=1
turn=188 result=MISS
turn=189 picked cell=4,9 target_cluster=None active_clusters=1 remaining_cells=11 scans=4
RESULT turn=189 cell=4,9 result=HIT remaining_cells=11 active_clusters=1
turn=189 result=HIT
turn=190 mode=CHASE cluster=1 cluster_len=1 cell=4,8 score=100000.175790 chase_score=5001.675790 prob=0.175790
turn=190 picked cell=4,8 target_cluster=Some(1) active_clusters=2 remaining_cells=10 scans=4
RESULT turn=190 cell=4,8 result=MISS remaining_cells=10 active_clusters=2
turn=190 result=MISS
turn=191 mode=CHASE cluster=1 cluster_len=1 cell=5,9 score=100000.107779 chase_score=5001.607779 prob=0.107779
turn=191 picked cell=5,9 target_cluster=Some(1) active_clusters=2 remaining_cells=10 scans=4
RESULT turn=191 cell=5,9 result=KILL remaining_cells=10 active_clusters=2
turn=191 result=KILL
turn=191 kill_infer inferred_len=2 committed_hits=1 cluster_hits=1
turn=192 picked cell=18,15 target_cluster=None active_clusters=1 remaining_cells=9 scans=4
RESULT turn=192 cell=18,15 result=MISS remaining_cells=9 active_clusters=1
turn=192 result=MISS
turn=193 picked cell=5,2 target_cluster=None active_clusters=1 remaining_cells=9 scans=4
RESULT turn=193 cell=5,2 result=MISS remaining_cells=9 active_clusters=1
turn=193 result=MISS
turn=194 picked cell=10,15 target_cluster=None active_clusters=1 remaining_cells=9 scans=4
RESULT turn=194 cell=10,15 result=MISS remaining_cells=9 active_clusters=1
turn=194 result=MISS
turn=195 picked cell=7,11 target_cluster=None active_clusters=1 remaining_cells=9 scans=4
RESULT turn=195 cell=7,11 result=MISS remaining_cells=9 active_clusters=1
turn=195 result=MISS
turn=196 picked cell=7,14 target_cluster=None active_clusters=1 remaining_cells=9 scans=4
RESULT turn=196 cell=7,14 result=MISS remaining_cells=9 active_clusters=1
turn=196 result=MISS
turn=197 picked cell=3,14 target_cluster=None active_clusters=1 remaining_cells=9 scans=4
RESULT turn=197 cell=3,14 result=MISS remaining_cells=9 active_clusters=1
turn=197 result=MISS
turn=198 picked cell=5,17 target_cluster=None active_clusters=1 remaining_cells=9 scans=4
RESULT turn=198 cell=5,17 result=MISS remaining_cells=9 active_clusters=1
turn=198 result=MISS
turn=199 picked cell=0,12 target_cluster=None active_clusters=1 remaining_cells=9 scans=4
RESULT turn=199 cell=0,12 result=MISS remaining_cells=9 active_clusters=1
turn=199 result=MISS
turn=200 picked cell=2,16 target_cluster=None active_clusters=1 remaining_cells=9 scans=4
RESULT turn=200 cell=2,16 result=HIT remaining_cells=9 active_clusters=1
turn=200 result=HIT
turn=201 mode=CHASE cluster=1 cluster_len=1 cell=3,16 score=100000.101586 chase_score=5001.101586 prob=0.101586
turn=201 picked cell=3,16 target_cluster=Some(1) active_clusters=2 remaining_cells=8 scans=4
RESULT turn=201 cell=3,16 result=KILL remaining_cells=8 active_clusters=2
turn=201 result=KILL
turn=201 kill_infer inferred_len=2 committed_hits=1 cluster_hits=1
turn=202 picked cell=16,10 target_cluster=None active_clusters=1 remaining_cells=7 scans=4
RESULT turn=202 cell=16,10 result=MISS remaining_cells=7 active_clusters=1
turn=202 result=MISS
turn=203 picked cell=18,11 target_cluster=None active_clusters=1 remaining_cells=7 scans=4
RESULT turn=203 cell=18,11 result=MISS remaining_cells=7 active_clusters=1
turn=203 result=MISS
turn=204 picked cell=3,6 target_cluster=None active_clusters=1 remaining_cells=7 scans=4
RESULT turn=204 cell=3,6 result=MISS remaining_cells=7 active_clusters=1
turn=204 result=MISS
turn=205 picked cell=6,3 target_cluster=None active_clusters=1 remaining_cells=7 scans=4
RESULT turn=205 cell=6,3 result=MISS remaining_cells=7 active_clusters=1
turn=205 result=MISS
turn=206 picked cell=7,0 target_cluster=None active_clusters=1 remaining_cells=7 scans=4
RESULT turn=206 cell=7,0 result=MISS remaining_cells=7 active_clusters=1
turn=206 result=MISS
turn=207 picked cell=1,0 target_cluster=None active_clusters=1 remaining_cells=7 scans=4
RESULT turn=207 cell=1,0 result=MISS remaining_cells=7 active_clusters=1
turn=207 result=MISS
turn=208 picked cell=2,5 target_cluster=None active_clusters=1 remaining_cells=7 scans=4
RESULT turn=208 cell=2,5 result=MISS remaining_cells=7 active_clusters=1
turn=208 result=MISS
turn=209 picked cell=17,16 target_cluster=None active_clusters=1 remaining_cells=7 scans=4
RESULT turn=209 cell=17,16 result=MISS remaining_cells=7 active_clusters=1
turn=209 result=MISS
turn=210 picked cell=10,10 target_cluster=None active_clusters=1 remaining_cells=7 scans=4
RESULT turn=210 cell=10,10 result=HIT remaining_cells=7 active_clusters=1
turn=210 result=HIT
turn=211 mode=CHASE cluster=1 cluster_len=1 cell=11,10 score=100000.367948 chase_score=5000.867948 prob=0.367948
turn=211 picked cell=11,10 target_cluster=Some(1) active_clusters=2 remaining_cells=6 scans=4
RESULT turn=211 cell=11,10 result=HIT remaining_cells=6 active_clusters=2
turn=211 result=HIT
turn=212 mode=CHASE cluster=1 cluster_len=2 cell=9,10 score=200000.292154 chase_score=10000.292154 prob=0.292154
turn=212 picked cell=9,10 target_cluster=Some(1) active_clusters=2 remaining_cells=5 scans=4
RESULT turn=212 cell=9,10 result=KILL remaining_cells=5 active_clusters=2
turn=212 result=KILL
turn=212 kill_infer inferred_len=2 committed_hits=1 cluster_hits=2
turn=213 mode=CHASE cluster=1 cluster_len=1 cell=11,11 score=100000.199078 chase_score=5000.199078 prob=0.199078
turn=213 picked cell=11,11 target_cluster=Some(1) active_clusters=2 remaining_cells=4 scans=4
RESULT turn=213 cell=11,11 result=MISS remaining_cells=4 active_clusters=2
turn=213 result=MISS
turn=214 mode=CHASE cluster=1 cluster_len=1 cell=11,9 score=100000.199134 chase_score=5000.199134 prob=0.199134
turn=214 picked cell=11,9 target_cluster=Some(1) active_clusters=2 remaining_cells=4 scans=4
RESULT turn=214 cell=11,9 result=MISS remaining_cells=4 active_clusters=2
turn=214 result=MISS
turn=215 picked cell=16,5 target_cluster=None active_clusters=2 remaining_cells=4 scans=4
RESULT turn=215 cell=16,5 result=MISS remaining_cells=4 active_clusters=2
turn=215 result=MISS
turn=216 picked cell=13,0 target_cluster=None active_clusters=2 remaining_cells=4 scans=4
RESULT turn=216 cell=13,0 result=MISS remaining_cells=4 active_clusters=2
turn=216 result=MISS
turn=217 picked cell=11,4 target_cluster=None active_clusters=2 remaining_cells=4 scans=4
RESULT turn=217 cell=11,4 result=MISS remaining_cells=4 active_clusters=2
turn=217 result=MISS
turn=218 picked cell=14,7 target_cluster=None active_clusters=2 remaining_cells=4 scans=4
RESULT turn=218 cell=14,7 result=MISS remaining_cells=4 active_clusters=2
turn=218 result=MISS
turn=219 picked cell=13,2 target_cluster=None active_clusters=2 remaining_cells=4 scans=4
RESULT turn=219 cell=13,2 result=MISS remaining_cells=4 active_clusters=2
turn=219 result=MISS
turn=220 picked cell=8,7 target_cluster=None active_clusters=2 remaining_cells=4 scans=4
RESULT turn=220 cell=8,7 result=MISS remaining_cells=4 active_clusters=2
turn=220 result=MISS
turn=221 picked cell=8,8 target_cluster=None active_clusters=2 remaining_cells=4 scans=4
RESULT turn=221 cell=8,8 result=MISS remaining_cells=4 active_clusters=2
turn=221 result=MISS
turn=222 picked cell=5,7 target_cluster=None active_clusters=2 remaining_cells=4 scans=4
RESULT turn=222 cell=5,7 result=MISS remaining_cells=4 active_clusters=2
turn=222 result=MISS
turn=223 picked cell=7,6 target_cluster=None active_clusters=2 remaining_cells=4 scans=4
RESULT turn=223 cell=7,6 result=MISS remaining_cells=4 active_clusters=2
turn=223 result=MISS
turn=224 picked cell=6,7 target_cluster=None active_clusters=2 remaining_cells=4 scans=4
RESULT turn=224 cell=6,7 result=MISS remaining_cells=4 active_clusters=2
turn=224 result=MISS
turn=225 picked cell=6,8 target_cluster=None active_clusters=2 remaining_cells=4 scans=4
RESULT turn=225 cell=6,8 result=MISS remaining_cells=4 active_clusters=2
turn=225 result=MISS
turn=226 picked cell=3,8 target_cluster=None active_clusters=2 remaining_cells=4 scans=4
RESULT turn=226 cell=3,8 result=MISS remaining_cells=4 active_clusters=2
turn=226 result=MISS
turn=227 picked cell=6,5 target_cluster=None active_clusters=2 remaining_cells=4 scans=4
RESULT turn=227 cell=6,5 result=MISS remaining_cells=4 active_clusters=2
turn=227 result=MISS
turn=228 picked cell=7,5 target_cluster=None active_clusters=2 remaining_cells=4 scans=4
RESULT turn=228 cell=7,5 result=MISS remaining_cells=4 active_clusters=2
turn=228 result=MISS
turn=229 picked cell=5,6 target_cluster=None active_clusters=2 remaining_cells=4 scans=4
RESULT turn=229 cell=5,6 result=MISS remaining_cells=4 active_clusters=2
turn=229 result=MISS
turn=230 picked cell=8,3 target_cluster=None active_clusters=2 remaining_cells=4 scans=4
RESULT turn=230 cell=8,3 result=MISS remaining_cells=4 active_clusters=2
turn=230 result=MISS
turn=231 picked cell=3,7 target_cluster=None active_clusters=2 remaining_cells=4 scans=4
RESULT turn=231 cell=3,7 result=MISS remaining_cells=4 active_clusters=2
turn=231 result=MISS
turn=232 picked cell=8,1 target_cluster=None active_clusters=2 remaining_cells=4 scans=4
RESULT turn=232 cell=8,1 result=MISS remaining_cells=4 active_clusters=2
turn=232 result=MISS
turn=233 picked cell=4,6 target_cluster=None active_clusters=2 remaining_cells=4 scans=4
RESULT turn=233 cell=4,6 result=MISS remaining_cells=4 active_clusters=2
turn=233 result=MISS
turn=234 picked cell=6,4 target_cluster=None active_clusters=2 remaining_cells=4 scans=4
RESULT turn=234 cell=6,4 result=MISS remaining_cells=4 active_clusters=2
turn=234 result=MISS
turn=235 picked cell=7,3 target_cluster=None active_clusters=2 remaining_cells=4 scans=4
RESULT turn=235 cell=7,3 result=MISS remaining_cells=4 active_clusters=2
turn=235 result=MISS
turn=236 picked cell=5,4 target_cluster=None active_clusters=2 remaining_cells=4 scans=4
RESULT turn=236 cell=5,4 result=MISS remaining_cells=4 active_clusters=2
turn=236 result=MISS
turn=237 picked cell=4,5 target_cluster=None active_clusters=2 remaining_cells=4 scans=4
RESULT turn=237 cell=4,5 result=MISS remaining_cells=4 active_clusters=2
turn=237 result=MISS
turn=238 picked cell=0,8 target_cluster=None active_clusters=2 remaining_cells=4 scans=4
RESULT turn=238 cell=0,8 result=MISS remaining_cells=4 active_clusters=2
turn=238 result=MISS
turn=239 picked cell=5,3 target_cluster=None active_clusters=2 remaining_cells=4 scans=4
RESULT turn=239 cell=5,3 result=MISS remaining_cells=4 active_clusters=2
turn=239 result=MISS
turn=240 picked cell=6,2 target_cluster=None active_clusters=2 remaining_cells=4 scans=4
RESULT turn=240 cell=6,2 result=MISS remaining_cells=4 active_clusters=2
turn=240 result=MISS
turn=241 picked cell=7,2 target_cluster=None active_clusters=2 remaining_cells=4 scans=4
RESULT turn=241 cell=7,2 result=MISS remaining_cells=4 active_clusters=2
turn=241 result=MISS
turn=242 picked cell=3,5 target_cluster=None active_clusters=2 remaining_cells=4 scans=4
RESULT turn=242 cell=3,5 result=MISS remaining_cells=4 active_clusters=2
turn=242 result=MISS
turn=243 picked cell=2,6 target_cluster=None active_clusters=2 remaining_cells=4 scans=4
RESULT turn=243 cell=2,6 result=MISS remaining_cells=4 active_clusters=2
turn=243 result=MISS
turn=244 picked cell=4,4 target_cluster=None active_clusters=2 remaining_cells=4 scans=4
RESULT turn=244 cell=4,4 result=MISS remaining_cells=4 active_clusters=2
turn=244 result=MISS
turn=245 picked cell=8,0 target_cluster=None active_clusters=2 remaining_cells=4 scans=4
RESULT turn=245 cell=8,0 result=MISS remaining_cells=4 active_clusters=2
turn=245 result=MISS
turn=246 picked cell=7,1 target_cluster=None active_clusters=2 remaining_cells=4 scans=4
RESULT turn=246 cell=7,1 result=MISS remaining_cells=4 active_clusters=2
turn=246 result=MISS
turn=247 picked cell=0,7 target_cluster=None active_clusters=2 remaining_cells=4 scans=4
RESULT turn=247 cell=0,7 result=MISS remaining_cells=4 active_clusters=2
turn=247 result=MISS
turn=248 picked cell=4,2 target_cluster=None active_clusters=2 remaining_cells=4 scans=4
RESULT turn=248 cell=4,2 result=MISS remaining_cells=4 active_clusters=2
turn=248 result=MISS
turn=249 picked cell=3,2 target_cluster=None active_clusters=2 remaining_cells=4 scans=4
RESULT turn=249 cell=3,2 result=HIT remaining_cells=4 active_clusters=2
turn=249 result=HIT
turn=250 mode=CHASE cluster=2 cluster_len=1 cell=3,3 score=100000.016807 chase_score=5000.016807 prob=0.016807
turn=250 picked cell=3,3 target_cluster=Some(2) active_clusters=3 remaining_cells=3 scans=4
RESULT turn=250 cell=3,3 result=KILL remaining_cells=3 active_clusters=3
turn=250 result=KILL
turn=250 kill_infer inferred_len=2 committed_hits=1 cluster_hits=1
turn=251 picked cell=7,9 target_cluster=None active_clusters=2 remaining_cells=2 scans=4
RESULT turn=251 cell=7,9 result=KILL remaining_cells=2 active_clusters=2
turn=251 result=KILL
turn=252 picked cell=9,9 target_cluster=None active_clusters=2 remaining_cells=1 scans=4
RESULT turn=252 cell=9,9 result=MISS remaining_cells=1 active_clusters=2
turn=252 result=MISS
turn=253 picked cell=9,7 target_cluster=None active_clusters=2 remaining_cells=1 scans=4
RESULT turn=253 cell=9,7 result=MISS remaining_cells=1 active_clusters=2
turn=253 result=MISS
turn=254 picked cell=10,8 target_cluster=None active_clusters=2 remaining_cells=1 scans=4
RESULT turn=254 cell=10,8 result=MISS remaining_cells=1 active_clusters=2
turn=254 result=MISS
turn=255 picked cell=10,11 target_cluster=None active_clusters=2 remaining_cells=1 scans=4
RESULT turn=255 cell=10,11 result=MISS remaining_cells=1 active_clusters=2
turn=255 result=MISS
turn=256 picked cell=9,6 target_cluster=None active_clusters=2 remaining_cells=1 scans=4
RESULT turn=256 cell=9,6 result=MISS remaining_cells=1 active_clusters=2
turn=256 result=MISS
turn=257 picked cell=12,9 target_cluster=None active_clusters=2 remaining_cells=1 scans=4
RESULT turn=257 cell=12,9 result=MISS remaining_cells=1 active_clusters=2
turn=257 result=MISS
turn=258 picked cell=9,12 target_cluster=None active_clusters=2 remaining_cells=1 scans=4
RESULT turn=258 cell=9,12 result=MISS remaining_cells=1 active_clusters=2
turn=258 result=MISS
turn=259 picked cell=12,8 target_cluster=None active_clusters=2 remaining_cells=1 scans=4
RESULT turn=259 cell=12,8 result=MISS remaining_cells=1 active_clusters=2
turn=259 result=MISS
turn=260 picked cell=11,7 target_cluster=None active_clusters=2 remaining_cells=1 scans=4
RESULT turn=260 cell=11,7 result=MISS remaining_cells=1 active_clusters=2
turn=260 result=MISS
turn=261 picked cell=10,5 target_cluster=None active_clusters=2 remaining_cells=1 scans=4
RESULT turn=261 cell=10,5 result=MISS remaining_cells=1 active_clusters=2
turn=261 result=MISS
turn=262 picked cell=6,10 target_cluster=None active_clusters=2 remaining_cells=1 scans=4
RESULT turn=262 cell=6,10 result=MISS remaining_cells=1 active_clusters=2
turn=262 result=MISS
turn=263 picked cell=9,4 target_cluster=None active_clusters=2 remaining_cells=1 scans=4
RESULT turn=263 cell=9,4 result=MISS remaining_cells=1 active_clusters=2
turn=263 result=MISS
turn=264 picked cell=13,10 target_cluster=None active_clusters=2 remaining_cells=1 scans=4
RESULT turn=264 cell=13,10 result=MISS remaining_cells=1 active_clusters=2
turn=264 result=MISS
turn=265 picked cell=9,14 target_cluster=None active_clusters=2 remaining_cells=1 scans=4
RESULT turn=265 cell=9,14 result=MISS remaining_cells=1 active_clusters=2
turn=265 result=MISS
turn=266 picked cell=14,9 target_cluster=None active_clusters=2 remaining_cells=1 scans=4
RESULT turn=266 cell=14,9 result=MISS remaining_cells=1 active_clusters=2
turn=266 result=MISS
turn=267 picked cell=12,11 target_cluster=None active_clusters=2 remaining_cells=1 scans=4
RESULT turn=267 cell=12,11 result=MISS remaining_cells=1 active_clusters=2
turn=267 result=MISS
turn=268 picked cell=10,6 target_cluster=None active_clusters=2 remaining_cells=1 scans=4
RESULT turn=268 cell=10,6 result=MISS remaining_cells=1 active_clusters=2
turn=268 result=MISS
turn=269 picked cell=12,7 target_cluster=None active_clusters=2 remaining_cells=1 scans=4
RESULT turn=269 cell=12,7 result=MISS remaining_cells=1 active_clusters=2
turn=269 result=MISS
turn=270 picked cell=13,8 target_cluster=None active_clusters=2 remaining_cells=1 scans=4
RESULT turn=270 cell=13,8 result=MISS remaining_cells=1 active_clusters=2
turn=270 result=MISS
turn=271 picked cell=3,10 target_cluster=None active_clusters=2 remaining_cells=1 scans=4
RESULT turn=271 cell=3,10 result=MISS remaining_cells=1 active_clusters=2
turn=271 result=MISS
turn=272 picked cell=11,6 target_cluster=None active_clusters=2 remaining_cells=1 scans=4
RESULT turn=272 cell=11,6 result=MISS remaining_cells=1 active_clusters=2
turn=272 result=MISS
turn=273 picked cell=7,12 target_cluster=None active_clusters=2 remaining_cells=1 scans=4
RESULT turn=273 cell=7,12 result=MISS remaining_cells=1 active_clusters=2
turn=273 result=MISS
turn=274 picked cell=13,6 target_cluster=None active_clusters=2 remaining_cells=1 scans=4
RESULT turn=274 cell=13,6 result=MISS remaining_cells=1 active_clusters=2
turn=274 result=MISS
turn=275 picked cell=10,4 target_cluster=None active_clusters=2 remaining_cells=1 scans=4
RESULT turn=275 cell=10,4 result=MISS remaining_cells=1 active_clusters=2
turn=275 result=MISS
turn=276 picked cell=10,14 target_cluster=None active_clusters=2 remaining_cells=1 scans=4
RESULT turn=276 cell=10,14 result=MISS remaining_cells=1 active_clusters=2
turn=276 result=MISS
turn=277 picked cell=14,10 target_cluster=None active_clusters=2 remaining_cells=1 scans=4
RESULT turn=277 cell=14,10 result=MISS remaining_cells=1 active_clusters=2
turn=277 result=MISS
turn=278 picked cell=9,15 target_cluster=None active_clusters=2 remaining_cells=1 scans=4
RESULT turn=278 cell=9,15 result=MISS remaining_cells=1 active_clusters=2
turn=278 result=MISS
turn=279 picked cell=5,11 target_cluster=None active_clusters=2 remaining_cells=1 scans=4
RESULT turn=279 cell=5,11 result=MISS remaining_cells=1 active_clusters=2
turn=279 result=MISS
turn=280 picked cell=16,9 target_cluster=None active_clusters=2 remaining_cells=1 scans=4
RESULT turn=280 cell=16,9 result=MISS remaining_cells=1 active_clusters=2
turn=280 result=MISS
turn=281 picked cell=6,13 target_cluster=None active_clusters=2 remaining_cells=1 scans=4
RESULT turn=281 cell=6,13 result=MISS remaining_cells=1 active_clusters=2
turn=281 result=MISS
turn=282 picked cell=4,12 target_cluster=None active_clusters=2 remaining_cells=1 scans=4
RESULT turn=282 cell=4,12 result=MISS remaining_cells=1 active_clusters=2
turn=282 result=MISS
turn=283 picked cell=16,8 target_cluster=None active_clusters=2 remaining_cells=1 scans=4
RESULT turn=283 cell=16,8 result=MISS remaining_cells=1 active_clusters=2
turn=283 result=MISS
turn=284 picked cell=12,5 target_cluster=None active_clusters=2 remaining_cells=1 scans=4
RESULT turn=284 cell=12,5 result=MISS remaining_cells=1 active_clusters=2
turn=284 result=MISS
turn=285 picked cell=9,2 target_cluster=None active_clusters=2 remaining_cells=1 scans=4
RESULT turn=285 cell=9,2 result=MISS remaining_cells=1 active_clusters=2
turn=285 result=MISS
turn=286 picked cell=12,4 target_cluster=None active_clusters=2 remaining_cells=1 scans=4
RESULT turn=286 cell=12,4 result=MISS remaining_cells=1 active_clusters=2
turn=286 result=MISS
turn=287 picked cell=12,12 target_cluster=None active_clusters=2 remaining_cells=1 scans=4
RESULT turn=287 cell=12,12 result=MISS remaining_cells=1 active_clusters=2
turn=287 result=MISS
turn=288 picked cell=7,15 target_cluster=None active_clusters=2 remaining_cells=1 scans=4
RESULT turn=288 cell=7,15 result=MISS remaining_cells=1 active_clusters=2
turn=288 result=MISS
turn=289 picked cell=12,14 target_cluster=None active_clusters=2 remaining_cells=1 scans=4
RESULT turn=289 cell=12,14 result=MISS remaining_cells=1 active_clusters=2
turn=289 result=MISS
turn=290 picked cell=9,17 target_cluster=None active_clusters=2 remaining_cells=1 scans=4
RESULT turn=290 cell=9,17 result=MISS remaining_cells=1 active_clusters=2
turn=290 result=MISS
turn=291 picked cell=14,6 target_cluster=None active_clusters=2 remaining_cells=1 scans=4
RESULT turn=291 cell=14,6 result=MISS remaining_cells=1 active_clusters=2
turn=291 result=MISS
turn=292 picked cell=13,5 target_cluster=None active_clusters=2 remaining_cells=1 scans=4
RESULT turn=292 cell=13,5 result=MISS remaining_cells=1 active_clusters=2
turn=292 result=MISS
turn=293 picked cell=11,15 target_cluster=None active_clusters=2 remaining_cells=1 scans=4
RESULT turn=293 cell=11,15 result=MISS remaining_cells=1 active_clusters=2
turn=293 result=MISS
turn=294 picked cell=18,9 target_cluster=None active_clusters=2 remaining_cells=1 scans=4
RESULT turn=294 cell=18,9 result=MISS remaining_cells=1 active_clusters=2
turn=294 result=MISS
turn=295 picked cell=10,2 target_cluster=None active_clusters=2 remaining_cells=1 scans=4
RESULT turn=295 cell=10,2 result=MISS remaining_cells=1 active_clusters=2
turn=295 result=MISS
turn=296 picked cell=16,11 target_cluster=None active_clusters=2 remaining_cells=1 scans=4
RESULT turn=296 cell=16,11 result=MISS remaining_cells=1 active_clusters=2
turn=296 result=MISS
turn=297 picked cell=14,13 target_cluster=None active_clusters=2 remaining_cells=1 scans=4
RESULT turn=297 cell=14,13 result=MISS remaining_cells=1 active_clusters=2
turn=297 result=MISS
turn=298 picked cell=5,14 target_cluster=None active_clusters=2 remaining_cells=1 scans=4
RESULT turn=298 cell=5,14 result=MISS remaining_cells=1 active_clusters=2
turn=298 result=MISS
turn=299 picked cell=10,17 target_cluster=None active_clusters=2 remaining_cells=1 scans=4
RESULT turn=299 cell=10,17 result=MISS remaining_cells=1 active_clusters=2
turn=299 result=MISS
turn=300 picked cell=9,0 target_cluster=None active_clusters=2 remaining_cells=1 scans=4
RESULT turn=300 cell=9,0 result=MISS remaining_cells=1 active_clusters=2
turn=300 result=MISS
turn=301 picked cell=12,15 target_cluster=None active_clusters=2 remaining_cells=1 scans=4
RESULT turn=301 cell=12,15 result=MISS remaining_cells=1 active_clusters=2
turn=301 result=MISS
turn=302 picked cell=14,5 target_cluster=None active_clusters=2 remaining_cells=1 scans=4
RESULT turn=302 cell=14,5 result=MISS remaining_cells=1 active_clusters=2
turn=302 result=MISS
turn=303 picked cell=17,11 target_cluster=None active_clusters=2 remaining_cells=1 scans=4
RESULT turn=303 cell=17,11 result=MISS remaining_cells=1 active_clusters=2
turn=303 result=MISS
turn=304 picked cell=11,2 target_cluster=None active_clusters=2 remaining_cells=1 scans=4
RESULT turn=304 cell=11,2 result=MISS remaining_cells=1 active_clusters=2
turn=304 result=MISS
turn=305 picked cell=0,9 target_cluster=None active_clusters=2 remaining_cells=1 scans=4
RESULT turn=305 cell=0,9 result=MISS remaining_cells=1 active_clusters=2
turn=305 result=MISS
turn=306 picked cell=6,16 target_cluster=None active_clusters=2 remaining_cells=1 scans=4
RESULT turn=306 cell=6,16 result=MISS remaining_cells=1 active_clusters=2
turn=306 result=MISS
turn=307 picked cell=14,4 target_cluster=None active_clusters=2 remaining_cells=1 scans=4
RESULT turn=307 cell=14,4 result=MISS remaining_cells=1 active_clusters=2
turn=307 result=MISS
turn=308 picked cell=14,14 target_cluster=None active_clusters=2 remaining_cells=1 scans=4
RESULT turn=308 cell=14,14 result=MISS remaining_cells=1 active_clusters=2
turn=308 result=MISS
turn=309 picked cell=18,10 target_cluster=None active_clusters=2 remaining_cells=1 scans=4
RESULT turn=309 cell=18,10 result=MISS remaining_cells=1 active_clusters=2
turn=309 result=MISS
turn=310 picked cell=3,13 target_cluster=None active_clusters=2 remaining_cells=1 scans=4
RESULT turn=310 cell=3,13 result=MISS remaining_cells=1 active_clusters=2
turn=310 result=MISS
turn=311 picked cell=7,17 target_cluster=None active_clusters=2 remaining_cells=1 scans=4
RESULT turn=311 cell=7,17 result=MISS remaining_cells=1 active_clusters=2
turn=311 result=MISS
turn=312 picked cell=14,15 target_cluster=None active_clusters=2 remaining_cells=1 scans=4
RESULT turn=312 cell=14,15 result=MISS remaining_cells=1 active_clusters=2
turn=312 result=MISS
turn=313 picked cell=11,17 target_cluster=None active_clusters=2 remaining_cells=1 scans=4
RESULT turn=313 cell=11,17 result=MISS remaining_cells=1 active_clusters=2
turn=313 result=MISS
turn=314 picked cell=16,6 target_cluster=None active_clusters=2 remaining_cells=1 scans=4
RESULT turn=314 cell=16,6 result=MISS remaining_cells=1 active_clusters=2
turn=314 result=MISS
turn=315 picked cell=14,2 target_cluster=None active_clusters=2 remaining_cells=1 scans=4
RESULT turn=315 cell=14,2 result=MISS remaining_cells=1 active_clusters=2
turn=315 result=MISS
turn=316 picked cell=15,4 target_cluster=None active_clusters=2 remaining_cells=1 scans=4
RESULT turn=316 cell=15,4 result=MISS remaining_cells=1 active_clusters=2
turn=316 result=MISS
turn=317 picked cell=0,11 target_cluster=None active_clusters=2 remaining_cells=1 scans=4
RESULT turn=317 cell=0,11 result=MISS remaining_cells=1 active_clusters=2
turn=317 result=MISS
turn=318 picked cell=15,14 target_cluster=None active_clusters=2 remaining_cells=1 scans=4
RESULT turn=318 cell=15,14 result=MISS remaining_cells=1 active_clusters=2
turn=318 result=MISS
turn=319 picked cell=17,12 target_cluster=None active_clusters=2 remaining_cells=1 scans=4
RESULT turn=319 cell=17,12 result=MISS remaining_cells=1 active_clusters=2
turn=319 result=MISS
turn=320 picked cell=6,0 target_cluster=None active_clusters=2 remaining_cells=1 scans=4
RESULT turn=320 cell=6,0 result=MISS remaining_cells=1 active_clusters=2
turn=320 result=MISS
turn=321 picked cell=13,17 target_cluster=None active_clusters=2 remaining_cells=1 scans=4
RESULT turn=321 cell=13,17 result=MISS remaining_cells=1 active_clusters=2
turn=321 result=MISS
turn=322 picked cell=15,15 target_cluster=None active_clusters=2 remaining_cells=1 scans=4
RESULT turn=322 cell=15,15 result=MISS remaining_cells=1 active_clusters=2
turn=322 result=MISS
turn=323 picked cell=16,13 target_cluster=None active_clusters=2 remaining_cells=1 scans=4
RESULT turn=323 cell=16,13 result=MISS remaining_cells=1 active_clusters=2
turn=323 result=MISS
turn=324 picked cell=11,0 target_cluster=None active_clusters=2 remaining_cells=1 scans=4
RESULT turn=324 cell=11,0 result=MISS remaining_cells=1 active_clusters=2
turn=324 result=MISS
turn=325 picked cell=12,0 target_cluster=None active_clusters=2 remaining_cells=1 scans=4
RESULT turn=325 cell=12,0 result=MISS remaining_cells=1 active_clusters=2
turn=325 result=MISS
turn=326 picked cell=16,14 target_cluster=None active_clusters=2 remaining_cells=1 scans=4
RESULT turn=326 cell=16,14 result=MISS remaining_cells=1 active_clusters=2
turn=326 result=MISS
turn=327 picked cell=2,4 target_cluster=None active_clusters=2 remaining_cells=1 scans=4
RESULT turn=327 cell=2,4 result=MISS remaining_cells=1 active_clusters=2
turn=327 result=MISS
turn=328 picked cell=18,12 target_cluster=None active_clusters=2 remaining_cells=1 scans=4
RESULT turn=328 cell=18,12 result=MISS remaining_cells=1 active_clusters=2
turn=328 result=MISS
turn=329 picked cell=5,1 target_cluster=None active_clusters=2 remaining_cells=1 scans=4
RESULT turn=329 cell=5,1 result=MISS remaining_cells=1 active_clusters=2
turn=329 result=MISS
turn=330 picked cell=1,13 target_cluster=None active_clusters=2 remaining_cells=1 scans=4
RESULT turn=330 cell=1,13 result=MISS remaining_cells=1 active_clusters=2
turn=330 result=MISS
turn=331 picked cell=17,13 target_cluster=None active_clusters=2 remaining_cells=1 scans=4
RESULT turn=331 cell=17,13 result=MISS remaining_cells=1 active_clusters=2
turn=331 result=MISS
turn=332 picked cell=16,4 target_cluster=None active_clusters=2 remaining_cells=1 scans=4
RESULT turn=332 cell=16,4 result=MISS remaining_cells=1 active_clusters=2
turn=332 result=MISS
turn=333 picked cell=4,17 target_cluster=None active_clusters=2 remaining_cells=1 scans=4
RESULT turn=333 cell=4,17 result=MISS remaining_cells=1 active_clusters=2
turn=333 result=MISS
turn=334 picked cell=15,2 target_cluster=None active_clusters=2 remaining_cells=1 scans=4
RESULT turn=334 cell=15,2 result=MISS remaining_cells=1 active_clusters=2
turn=334 result=MISS
turn=335 picked cell=13,18 target_cluster=None active_clusters=2 remaining_cells=1 scans=4
RESULT turn=335 cell=13,18 result=MISS remaining_cells=1 active_clusters=2
turn=335 result=MISS
turn=336 picked cell=16,3 target_cluster=None active_clusters=2 remaining_cells=1 scans=4
RESULT turn=336 cell=16,3 result=MISS remaining_cells=1 active_clusters=2
turn=336 result=MISS
turn=337 picked cell=4,1 target_cluster=None active_clusters=2 remaining_cells=1 scans=4
RESULT turn=337 cell=4,1 result=MISS remaining_cells=1 active_clusters=2
turn=337 result=MISS
turn=338 picked cell=15,17 target_cluster=None active_clusters=2 remaining_cells=1 scans=4
RESULT turn=338 cell=15,17 result=MISS remaining_cells=1 active_clusters=2
turn=338 result=MISS
turn=339 picked cell=18,14 target_cluster=None active_clusters=2 remaining_cells=1 scans=4
RESULT turn=339 cell=18,14 result=MISS remaining_cells=1 active_clusters=2
turn=339 result=MISS
turn=340 picked cell=2,3 target_cluster=None active_clusters=2 remaining_cells=1 scans=4
RESULT turn=340 cell=2,3 result=MISS remaining_cells=1 active_clusters=2
turn=340 result=MISS
turn=341 picked cell=17,15 target_cluster=None active_clusters=2 remaining_cells=1 scans=4
RESULT turn=341 cell=17,15 result=MISS remaining_cells=1 active_clusters=2
turn=341 result=MISS
turn=342 picked cell=14,17 target_cluster=None active_clusters=2 remaining_cells=1 scans=4
RESULT turn=342 cell=14,17 result=MISS remaining_cells=1 active_clusters=2
turn=342 result=MISS
turn=343 picked cell=14,0 target_cluster=None active_clusters=2 remaining_cells=1 scans=4
RESULT turn=343 cell=14,0 result=MISS remaining_cells=1 active_clusters=2
turn=343 result=MISS
turn=344 picked cell=16,16 target_cluster=None active_clusters=2 remaining_cells=1 scans=4
RESULT turn=344 cell=16,16 result=MISS remaining_cells=1 active_clusters=2
turn=344 result=MISS
turn=345 picked cell=0,14 target_cluster=None active_clusters=2 remaining_cells=1 scans=4
RESULT turn=345 cell=0,14 result=MISS remaining_cells=1 active_clusters=2
turn=345 result=MISS
turn=346 picked cell=14,18 target_cluster=None active_clusters=2 remaining_cells=1 scans=4
RESULT turn=346 cell=14,18 result=MISS remaining_cells=1 active_clusters=2
turn=346 result=MISS
turn=347 picked cell=1,3 target_cluster=None active_clusters=2 remaining_cells=1 scans=4
RESULT turn=347 cell=1,3 result=MISS remaining_cells=1 active_clusters=2
turn=347 result=MISS
turn=348 picked cell=16,2 target_cluster=None active_clusters=2 remaining_cells=1 scans=4
RESULT turn=348 cell=16,2 result=MISS remaining_cells=1 active_clusters=2
turn=348 result=MISS
turn=349 picked cell=3,0 target_cluster=None active_clusters=2 remaining_cells=1 scans=4
RESULT turn=349 cell=3,0 result=MISS remaining_cells=1 active_clusters=2
turn=349 result=MISS
turn=350 picked cell=1,2 target_cluster=None active_clusters=2 remaining_cells=1 scans=4
RESULT turn=350 cell=1,2 result=MISS remaining_cells=1 active_clusters=2
turn=350 result=MISS
turn=351 picked cell=4,0 target_cluster=None active_clusters=2 remaining_cells=1 scans=4
RESULT turn=351 cell=4,0 result=MISS remaining_cells=1 active_clusters=2
turn=351 result=MISS
turn=352 picked cell=1,17 target_cluster=None active_clusters=2 remaining_cells=1 scans=4
RESULT turn=352 cell=1,17 result=MISS remaining_cells=1 active_clusters=2
turn=352 result=MISS
turn=353 picked cell=15,0 target_cluster=None active_clusters=2 remaining_cells=1 scans=4
RESULT turn=353 cell=15,0 result=MISS remaining_cells=1 active_clusters=2
turn=353 result=MISS
turn=354 picked cell=1,15 target_cluster=None active_clusters=2 remaining_cells=1 scans=4
RESULT turn=354 cell=1,15 result=MISS remaining_cells=1 active_clusters=2
turn=354 result=MISS
turn=355 picked cell=18,16 target_cluster=None active_clusters=2 remaining_cells=1 scans=4
RESULT turn=355 cell=18,16 result=MISS remaining_cells=1 active_clusters=2
turn=355 result=MISS
turn=356 picked cell=17,17 target_cluster=None active_clusters=2 remaining_cells=1 scans=4
RESULT turn=356 cell=17,17 result=MISS remaining_cells=1 active_clusters=2
turn=356 result=MISS
turn=357 picked cell=0,16 target_cluster=None active_clusters=2 remaining_cells=1 scans=4
RESULT turn=357 cell=0,16 result=MISS remaining_cells=1 active_clusters=2
turn=357 result=MISS
turn=358 picked cell=2,0 target_cluster=None active_clusters=2 remaining_cells=1 scans=4
RESULT turn=358 cell=2,0 result=MISS remaining_cells=1 active_clusters=2
turn=358 result=MISS
turn=359 picked cell=2,18 target_cluster=None active_clusters=2 remaining_cells=1 scans=4
RESULT turn=359 cell=2,18 result=MISS remaining_cells=1 active_clusters=2
turn=359 result=MISS
turn=360 picked cell=2,1 target_cluster=None active_clusters=2 remaining_cells=1 scans=4
RESULT turn=360 cell=2,1 result=MISS remaining_cells=1 active_clusters=2
turn=360 result=MISS
turn=361 picked cell=1,1 target_cluster=None active_clusters=2 remaining_cells=1 scans=4
RESULT turn=361 cell=1,1 result=MISS remaining_cells=1 active_clusters=2
turn=361 result=MISS
turn=362 picked cell=0,18 target_cluster=None active_clusters=2 remaining_cells=1 scans=4
RESULT turn=362 cell=0,18 result=MISS remaining_cells=1 active_clusters=2
turn=362 result=MISS
turn=363 picked cell=17,0 target_cluster=None active_clusters=2 remaining_cells=1 scans=4
RESULT turn=363 cell=17,0 result=KILL remaining_cells=1 active_clusters=2
turn=363 result=KILL
