GAME n=18 p=0.368047 remaining_cells=122 remaining=[0, 1, 2, 4, 4, 2, 3, 4, 3, 1]
turn=1 mode=SCAN region=0,0,8,17
turn=1 result=SCAN count=72
turn=2 mode=SCAN region=0,0,17,8
turn=2 result=SCAN count=69
turn=3 picked cell=7,7 target_cluster=None active_clusters=0 remaining_cells=122 scans=2
RESULT turn=3 cell=7,7 result=HIT remaining_cells=122 active_clusters=0
turn=3 result=HIT
turn=4 mode=CHASE cluster=0 cluster_len=1 cell=8,7 score=100003.355495 chase_score=5156.855495 prob=3.355495
turn=4 picked cell=8,7 target_cluster=Some(0) active_clusters=1 remaining_cells=121 scans=2
RESULT turn=4 cell=8,7 result=HIT remaining_cells=121 active_clusters=1
turn=4 result=HIT
turn=5 mode=CHASE cluster=0 cluster_len=2 cell=9,7 score=200003.355495 chase_score=10496.355495 prob=3.355495
turn=5 picked cell=9,7 target_cluster=Some(0) active_clusters=1 remaining_cells=120 scans=2
RESULT turn=5 cell=9,7 result=HIT remaining_cells=120 active_clusters=1
turn=5 result=HIT
turn=6 mode=CHASE cluster=0 cluster_len=3 cell=10,7 score=300003.332667 chase_score=10379.332667 prob=3.332667
turn=6 picked cell=10,7 target_cluster=Some(0) active_clusters=1 remaining_cells=119 scans=2
RESULT turn=6 cell=10,7 result=HIT remaining_cells=119 active_clusters=1
turn=6 result=HIT
turn=7 mode=CHASE cluster=0 cluster_len=4 cell=6,7 score=400003.251996 chase_score=10274.251996 prob=3.251996
turn=7 picked cell=6,7 target_cluster=Some(0) active_clusters=1 remaining_cells=118 scans=2
RESULT turn=7 cell=6,7 result=MISS remaining_cells=118 active_clusters=1
turn=7 result=MISS
turn=8 mode=CHASE cluster=0 cluster_len=4 cell=11,7 score=400002.907641 chase_score=10091.907641 prob=2.907641
turn=8 picked cell=11,7 target_cluster=Some(0) active_clusters=1 remaining_cells=118 scans=2
RESULT turn=8 cell=11,7 result=HIT remaining_cells=118 active_clusters=1
turn=8 result=HIT
turn=9 mode=CHASE cluster=0 cluster_len=5 cell=12,7 score=500002.948702 chase_score=10081.948702 prob=2.948702
turn=9 picked cell=12,7 target_cluster=Some(0) active_clusters=1 remaining_cells=117 scans=2
RESULT turn=9 cell=12,7 result=HIT remaining_cells=117 active_clusters=1
turn=9 result=HIT
turn=10 mode=CHASE cluster=0 cluster_len=6 cell=13,7 score=600002.907641 chase_score=10063.907641 prob=2.907641
turn=10 picked cell=13,7 target_cluster=Some(0) active_clusters=1 remaining_cells=116 scans=2
RESULT turn=10 cell=13,7 result=KILL remaining_cells=116 active_clusters=1
turn=10 result=KILL
turn=10 kill_infer inferred_len=7 committed_hits=6 cluster_hits=6
turn=11 picked cell=5,8 target_cluster=None active_clusters=0 remaining_cells=115 scans=2
RESULT turn=11 cell=5,8 result=MISS remaining_cells=115 active_clusters=0
turn=11 result=MISS
turn=12 picked cell=4,6 target_cluster=None active_clusters=0 remaining_cells=115 scans=2
RESULT turn=12 cell=4,6 result=MISS remaining_cells=115 active_clusters=0
turn=12 result=MISS
turn=13 picked cell=3,5 target_cluster=None active_clusters=0 remaining_cells=115 scans=2
RESULT turn=13 cell=3,5 result=HIT remaining_cells=115 active_clusters=0
turn=13 result=HIT
turn=14 mode=CHASE cluster=0 cluster_len=1 cell=3,6 score=100001.932284 chase_score=5134.432284 prob=1.932284
turn=14 picked cell=3,6 target_cluster=Some(0) active_clusters=1 remaining_cells=114 scans=2
RESULT turn=14 cell=3,6 result=HIT remaining_cells=114 active_clusters=1
turn=14 result=HIT
turn=15 mode=CHASE cluster=0 cluster_len=2 cell=3,7 score=200002.283751 chase_score=10451.283751 prob=2.283751
turn=15 picked cell=3,7 target_cluster=Some(0) active_clusters=1 remaining_cells=113 scans=2
RESULT turn=15 cell=3,7 result=MISS remaining_cells=113 active_clusters=1
turn=15 result=MISS
turn=16 mode=CHASE cluster=0 cluster_len=2 cell=3,4 score=200001.728154 chase_score=10078.728154 prob=1.728154
turn=16 picked cell=3,4 target_cluster=Some(0) active_clusters=1 remaining_cells=113 scans=2
RESULT turn=16 cell=3,4 result=HIT remaining_cells=113 active_clusters=1
turn=16 result=HIT
turn=17 mode=CHASE cluster=0 cluster_len=3 cell=3,3 score=300001.768461 chase_score=10066.768461 prob=1.768461
turn=17 picked cell=3,3 target_cluster=Some(0) active_clusters=1 remaining_cells=112 scans=2
RESULT turn=17 cell=3,3 result=MISS remaining_cells=112 active_clusters=1
turn=17 result=MISS
turn=18 mode=CHASE cluster=0 cluster_len=3 cell=2,5 score=300002.735832 chase_score=5002.735832 prob=2.735832
turn=18 picked cell=2,5 target_cluster=Some(0) active_clusters=1 remaining_cells=112 scans=2
RESULT turn=18 cell=2,5 result=HIT remaining_cells=112 active_clusters=1
turn=18 result=HIT
turn=19 mode=CHASE cluster=0 cluster_len=4 cell=2,4 score=400002.511872 chase_score=5002.511872 prob=2.511872
turn=19 picked cell=2,4 target_cluster=Some(0) active_clusters=1 remaining_cells=111 scans=2
RESULT turn=19 cell=2,4 result=HIT remaining_cells=111 active_clusters=1
turn=19 result=HIT
turn=20 mode=CHASE cluster=0 cluster_len=5 cell=1,5 score=500002.414670 chase_score=5002.414670 prob=2.414670
turn=20 picked cell=1,5 target_cluster=Some(0) active_clusters=1 remaining_cells=110 scans=2
RESULT turn=20 cell=1,5 result=HIT remaining_cells=110 active_clusters=1
turn=20 result=HIT
turn=21 mode=CHASE cluster=0 cluster_len=6 cell=1,4 score=600002.190710 chase_score=5002.190710 prob=2.190710
turn=21 picked cell=1,4 target_cluster=Some(0) active_clusters=1 remaining_cells=109 scans=2
RESULT turn=21 cell=1,4 result=HIT remaining_cells=109 active_clusters=1
turn=21 result=HIT
turn=22 mode=CHASE cluster=0 cluster_len=7 cell=0,5 score=700002.084059 chase_score=5002.084059 prob=2.084059
turn=22 picked cell=0,5 target_cluster=Some(0) active_clusters=1 remaining_cells=108 scans=2
RESULT turn=22 cell=0,5 result=HIT remaining_cells=108 active_clusters=1
turn=22 result=HIT
turn=23 mode=CHASE cluster=0 cluster_len=8 cell=2,6 score=800002.045150 chase_score=5002.045150 prob=2.045150
turn=23 picked cell=2,6 target_cluster=Some(0) active_clusters=1 remaining_cells=107 scans=2
RESULT turn=23 cell=2,6 result=HIT remaining_cells=107 active_clusters=1
turn=23 result=HIT
turn=24 mode=CHASE cluster=0 cluster_len=9 cell=2,7 score=900002.075005 chase_score=5002.075005 prob=2.075005
turn=24 picked cell=2,7 target_cluster=Some(0) active_clusters=1 remaining_cells=106 scans=2
RESULT turn=24 cell=2,7 result=MISS remaining_cells=106 active_clusters=1
turn=24 result=MISS
turn=25 mode=CHASE cluster=0 cluster_len=9 cell=1,6 score=900002.090523 chase_score=5002.090523 prob=2.090523
turn=25 picked cell=1,6 target_cluster=Some(0) active_clusters=1 remaining_cells=106 scans=2
RESULT turn=25 cell=1,6 result=HIT remaining_cells=106 active_clusters=1
turn=25 result=HIT
turn=26 mode=CHASE cluster=0 cluster_len=10 cell=1,7 score=1000002.092084 chase_score=5002.092084 prob=2.092084
turn=26 picked cell=1,7 target_cluster=Some(0) active_clusters=1 remaining_cells=105 scans=2
RESULT turn=26 cell=1,7 result=MISS remaining_cells=105 active_clusters=1
turn=26 result=MISS
turn=27 mode=CHASE cluster=0 cluster_len=10 cell=0,6 score=1000002.097905 chase_score=5002.097905 prob=2.097905
turn=27 picked cell=0,6 target_cluster=Some(0) active_clusters=1 remaining_cells=105 scans=2
RESULT turn=27 cell=0,6 result=KILL remaining_cells=105 active_clusters=1
turn=27 result=KILL
turn=27 kill_infer inferred_len=4 committed_hits=3 cluster_hits=10
turn=28 mode=CHASE cluster=0 cluster_len=7 cell=4,4 score=700001.862144 chase_score=5001.862144 prob=1.862144
turn=28 picked cell=4,4 target_cluster=Some(0) active_clusters=1 remaining_cells=104 scans=2
RESULT turn=28 cell=4,4 result=HIT remaining_cells=104 active_clusters=1
turn=28 result=HIT
turn=29 mode=CHASE cluster=0 cluster_len=8 cell=5,4 score=800002.588368 chase_score=5002.588368 prob=2.588368
turn=29 picked cell=5,4 target_cluster=Some(0) active_clusters=1 remaining_cells=103 scans=2
RESULT turn=29 cell=5,4 result=HIT remaining_cells=103 active_clusters=1
turn=29 result=HIT
turn=30 mode=CHASE cluster=0 cluster_len=9 cell=5,5 score=900002.527201 chase_score=5002.527201 prob=2.527201
turn=30 picked cell=5,5 target_cluster=Some(0) active_clusters=1 remaining_cells=102 scans=2
RESULT turn=30 cell=5,5 result=HIT remaining_cells=102 active_clusters=1
turn=30 result=HIT
turn=31 mode=CHASE cluster=0 cluster_len=10 cell=6,4 score=1000002.507243 chase_score=5002.507243 prob=2.507243
turn=31 picked cell=6,4 target_cluster=Some(0) active_clusters=1 remaining_cells=101 scans=2
RESULT turn=31 cell=6,4 result=HIT remaining_cells=101 active_clusters=1
turn=31 result=HIT
turn=32 mode=CHASE cluster=0 cluster_len=11 cell=7,4 score=1100002.626577 chase_score=5002.626577 prob=2.626577
turn=32 picked cell=7,4 target_cluster=Some(0) active_clusters=1 remaining_cells=100 scans=2
RESULT turn=32 cell=7,4 result=HIT remaining_cells=100 active_clusters=1
turn=32 result=HIT
turn=33 mode=CHASE cluster=0 cluster_len=12 cell=8,4 score=1200002.661146 chase_score=5002.661146 prob=2.661146
turn=33 picked cell=8,4 target_cluster=Some(0) active_clusters=1 remaining_cells=99 scans=2
RESULT turn=33 cell=8,4 result=MISS remaining_cells=99 active_clusters=1
turn=33 result=MISS
turn=34 mode=CHASE cluster=0 cluster_len=12 cell=7,5 score=1200002.604917 chase_score=5002.604917 prob=2.604917
turn=34 picked cell=7,5 target_cluster=Some(0) active_clusters=1 remaining_cells=99 scans=2
RESULT turn=34 cell=7,5 result=HIT remaining_cells=99 active_clusters=1
turn=34 result=HIT
turn=35 mode=CHASE cluster=0 cluster_len=13 cell=6,5 score=1300002.481776 chase_score=5002.481776 prob=2.481776
turn=35 picked cell=6,5 target_cluster=Some(0) active_clusters=1 remaining_cells=98 scans=2
RESULT turn=35 cell=6,5 result=HIT remaining_cells=98 active_clusters=1
turn=35 result=HIT
turn=36 mode=CHASE cluster=0 cluster_len=14 cell=8,5 score=1400002.259298 chase_score=5002.259298 prob=2.259298
turn=36 picked cell=8,5 target_cluster=Some(0) active_clusters=1 remaining_cells=97 scans=2
RESULT turn=36 cell=8,5 result=MISS remaining_cells=97 active_clusters=1
turn=36 result=MISS
turn=37 mode=CHASE cluster=0 cluster_len=14 cell=7,3 score=1400001.934378 chase_score=5001.934378 prob=1.934378
turn=37 picked cell=7,3 target_cluster=Some(0) active_clusters=1 remaining_cells=97 scans=2
RESULT turn=37 cell=7,3 result=MISS remaining_cells=97 active_clusters=1
turn=37 result=MISS
turn=38 mode=CHASE cluster=0 cluster_len=14 cell=7,6 score=1400001.146265 chase_score=5001.146265 prob=1.146265
turn=38 picked cell=7,6 target_cluster=Some(0) active_clusters=1 remaining_cells=97 scans=2
RESULT turn=38 cell=7,6 result=MISS remaining_cells=97 active_clusters=1
turn=38 result=MISS
turn=39 mode=CHASE cluster=0 cluster_len=14 cell=4,5 score=1400000.974756 chase_score=5000.974756 prob=0.974756
turn=39 picked cell=4,5 target_cluster=Some(0) active_clusters=1 remaining_cells=97 scans=2
RESULT turn=39 cell=4,5 result=KILL remaining_cells=97 active_clusters=1
turn=39 result=KILL
turn=39 kill_infer inferred_len=8 committed_hits=7 cluster_hits=14
turn=40 mode=CHASE cluster=0 cluster_len=7 cell=0,4 score=700000.423696 chase_score=10016.423696 prob=0.423696
turn=40 picked cell=0,4 target_cluster=Some(0) active_clusters=1 remaining_cells=96 scans=2
RESULT turn=40 cell=0,4 result=KILL remaining_cells=96 active_clusters=1
turn=40 result=KILL
turn=40 kill_infer inferred_len=8 committed_hits=7 cluster_hits=7
turn=41 picked cell=8,12 target_cluster=None active_clusters=0 remaining_cells=95 scans=2
RESULT turn=41 cell=8,12 result=MISS remaining_cells=95 active_clusters=0
turn=41 result=MISS
turn=42 picked cell=7,13 target_cluster=None active_clusters=0 remaining_cells=95 scans=2
RESULT turn=42 cell=7,13 result=HIT remaining_cells=95 active_clusters=0
turn=42 result=HIT
turn=43 mode=CHASE cluster=0 cluster_len=1 cell=8,13 score=100002.085906 chase_score=5114.085906 prob=2.085906
turn=43 picked cell=8,13 target_cluster=Some(0) active_clusters=1 remaining_cells=94 scans=2
RESULT turn=43 cell=8,13 result=MISS remaining_cells=94 active_clusters=1
turn=43 result=MISS
turn=44 mode=CHASE cluster=0 cluster_len=1 cell=7,12 score=100001.563859 chase_score=5081.563859 prob=1.563859
turn=44 picked cell=7,12 target_cluster=Some(0) active_clusters=1 remaining_cells=94 scans=2
RESULT turn=44 cell=7,12 result=HIT remaining_cells=94 active_clusters=1
turn=44 result=HIT
turn=45 mode=CHASE cluster=0 cluster_len=2 cell=7,11 score=200003.157277 chase_score=10267.157277 prob=3.157277
turn=45 picked cell=7,11 target_cluster=Some(0) active_clusters=1 remaining_cells=93 scans=2
RESULT turn=45 cell=7,11 result=HIT remaining_cells=93 active_clusters=1
turn=45 result=HIT
turn=46 mode=CHASE cluster=0 cluster_len=3 cell=7,14 score=300003.157277 chase_score=10215.157277 prob=3.157277
turn=46 picked cell=7,14 target_cluster=Some(0) active_clusters=1 remaining_cells=92 scans=2
RESULT turn=46 cell=7,14 result=HIT remaining_cells=92 active_clusters=1
turn=46 result=HIT
turn=47 mode=CHASE cluster=0 cluster_len=4 cell=7,10 score=400002.943496 chase_score=10153.943496 prob=2.943496
turn=47 picked cell=7,10 target_cluster=Some(0) active_clusters=1 remaining_cells=91 scans=2
RESULT turn=47 cell=7,10 result=MISS remaining_cells=91 active_clusters=1
turn=47 result=MISS
turn=48 mode=CHASE cluster=0 cluster_len=4 cell=7,15 score=400002.635424 chase_score=10051.635424 prob=2.635424
turn=48 picked cell=7,15 target_cluster=Some(0) active_clusters=1 remaining_cells=91 scans=2
RESULT turn=48 cell=7,15 result=HIT remaining_cells=91 active_clusters=1
turn=48 result=HIT
turn=49 mode=CHASE cluster=0 cluster_len=5 cell=7,16 score=500002.525968 chase_score=10041.525968 prob=2.525968
turn=49 picked cell=7,16 target_cluster=Some(0) active_clusters=1 remaining_cells=90 scans=2
RESULT turn=49 cell=7,16 result=KILL remaining_cells=90 active_clusters=1
turn=49 result=KILL
turn=49 kill_infer inferred_len=6 committed_hits=5 cluster_hits=5
turn=50 picked cell=14,8 target_cluster=None active_clusters=0 remaining_cells=89 scans=2
RESULT turn=50 cell=14,8 result=HIT remaining_cells=89 active_clusters=0
turn=50 result=HIT
turn=51 mode=CHASE cluster=0 cluster_len=1 cell=14,9 score=100003.721137 chase_score=5108.221137 prob=3.721137
turn=51 picked cell=14,9 target_cluster=Some(0) active_clusters=1 remaining_cells=88 scans=2
RESULT turn=51 cell=14,9 result=HIT remaining_cells=88 active_clusters=1
turn=51 result=HIT
turn=52 mode=CHASE cluster=0 cluster_len=2 cell=14,10 score=200003.521543 chase_score=10333.521543 prob=3.521543
turn=52 picked cell=14,10 target_cluster=Some(0) active_clusters=1 remaining_cells=87 scans=2
RESULT turn=52 cell=14,10 result=HIT remaining_cells=87 active_clusters=1
turn=52 result=HIT
turn=53 mode=CHASE cluster=0 cluster_len=3 cell=14,11 score=300003.427513 chase_score=10249.427513 prob=3.427513
turn=53 picked cell=14,11 target_cluster=Some(0) active_clusters=1 remaining_cells=86 scans=2
RESULT turn=53 cell=14,11 result=MISS remaining_cells=86 active_clusters=1
turn=53 result=MISS
turn=54 mode=CHASE cluster=0 cluster_len=3 cell=14,7 score=300001.552230 chase_score=10073.552230 prob=1.552230
turn=54 picked cell=14,7 target_cluster=Some(0) active_clusters=1 remaining_cells=86 scans=2
RESULT turn=54 cell=14,7 result=HIT remaining_cells=86 active_clusters=1
turn=54 result=HIT
turn=55 mode=CHASE cluster=0 cluster_len=4 cell=14,6 score=400002.989344 chase_score=10062.989344 prob=2.989344
turn=55 picked cell=14,6 target_cluster=Some(0) active_clusters=1 remaining_cells=85 scans=2
RESULT turn=55 cell=14,6 result=HIT remaining_cells=85 active_clusters=1
turn=55 result=HIT
turn=56 mode=CHASE cluster=0 cluster_len=5 cell=14,5 score=500002.841259 chase_score=10052.841259 prob=2.841259
turn=56 picked cell=14,5 target_cluster=Some(0) active_clusters=1 remaining_cells=84 scans=2
RESULT turn=56 cell=14,5 result=KILL remaining_cells=84 active_clusters=1
turn=56 result=KILL
turn=56 kill_infer inferred_len=6 committed_hits=5 cluster_hits=5
turn=57 picked cell=4,9 target_cluster=None active_clusters=0 remaining_cells=83 scans=2
RESULT turn=57 cell=4,9 result=HIT remaining_cells=83 active_clusters=0
turn=57 result=HIT
turn=58 mode=CHASE cluster=0 cluster_len=1 cell=5,9 score=100002.478952 chase_score=5083.478952 prob=2.478952
turn=58 picked cell=5,9 target_cluster=Some(0) active_clusters=1 remaining_cells=82 scans=2
RESULT turn=58 cell=5,9 result=MISS remaining_cells=82 active_clusters=1
turn=58 result=MISS
turn=59 mode=CHASE cluster=0 cluster_len=1 cell=4,10 score=100002.158648 chase_score=5058.658648 prob=2.158648
turn=59 picked cell=4,10 target_cluster=Some(0) active_clusters=1 remaining_cells=82 scans=2
RESULT turn=59 cell=4,10 result=MISS remaining_cells=82 active_clusters=1
turn=59 result=MISS
turn=60 mode=CHASE cluster=0 cluster_len=1 cell=3,9 score=100001.137148 chase_score=5010.637148 prob=1.137148
turn=60 picked cell=3,9 target_cluster=Some(0) active_clusters=1 remaining_cells=82 scans=2
RESULT turn=60 cell=3,9 result=MISS remaining_cells=82 active_clusters=1
turn=60 result=MISS
turn=61 mode=CHASE cluster=0 cluster_len=1 cell=4,8 score=100000.247488 chase_score=5004.247488 prob=0.247488
turn=61 picked cell=4,8 target_cluster=Some(0) active_clusters=1 remaining_cells=82 scans=2
RESULT turn=61 cell=4,8 result=HIT remaining_cells=82 active_clusters=1
turn=61 result=HIT
turn=62 mode=CHASE cluster=0 cluster_len=2 cell=4,7 score=200000.085843 chase_score=10012.085843 prob=0.085843
turn=62 picked cell=4,7 target_cluster=Some(0) active_clusters=1 remaining_cells=81 scans=2
RESULT turn=62 cell=4,7 result=KILL remaining_cells=81 active_clusters=1
turn=62 result=KILL
turn=62 kill_infer inferred_len=3 committed_hits=2 cluster_hits=2
turn=63 picked cell=6,17 target_cluster=None active_clusters=0 remaining_cells=80 scans=2
RESULT turn=63 cell=6,17 result=HIT remaining_cells=80 active_clusters=0
turn=63 result=HIT
turn=64 mode=CHASE cluster=0 cluster_len=1 cell=7,17 score=100002.608252 chase_score=5095.858252 prob=2.608252
turn=64 picked cell=7,17 target_cluster=Some(0) active_clusters=1 remaining_cells=79 scans=2
RESULT turn=64 cell=7,17 result=HIT remaining_cells=79 active_clusters=1
turn=64 result=HIT
turn=65 mode=CHASE cluster=0 cluster_len=2 cell=8,17 score=200002.782197 chase_score=10305.782197 prob=2.782197
turn=65 picked cell=8,17 target_cluster=Some(0) active_clusters=1 remaining_cells=78 scans=2
RESULT turn=65 cell=8,17 result=HIT remaining_cells=78 active_clusters=1
turn=65 result=HIT
turn=66 mode=CHASE cluster=0 cluster_len=3 cell=9,17 score=300003.104074 chase_score=10231.104074 prob=3.104074
turn=66 picked cell=9,17 target_cluster=Some(0) active_clusters=1 remaining_cells=77 scans=2
RESULT turn=66 cell=9,17 result=HIT remaining_cells=77 active_clusters=1
turn=66 result=HIT
turn=67 mode=CHASE cluster=0 cluster_len=4 cell=10,17 score=400003.034393 chase_score=10165.034393 prob=3.034393
turn=67 picked cell=10,17 target_cluster=Some(0) active_clusters=1 remaining_cells=76 scans=2
RESULT turn=67 cell=10,17 result=HIT remaining_cells=76 active_clusters=1
turn=67 result=HIT
turn=68 mode=CHASE cluster=0 cluster_len=5 cell=11,17 score=500002.911276 chase_score=10110.911276 prob=2.911276
turn=68 picked cell=11,17 target_cluster=Some(0) active_clusters=1 remaining_cells=75 scans=2
RESULT turn=68 cell=11,17 result=MISS remaining_cells=75 active_clusters=1
turn=68 result=MISS
turn=69 mode=CHASE cluster=0 cluster_len=5 cell=5,17 score=500002.270216 chase_score=10046.270216 prob=2.270216
turn=69 picked cell=5,17 target_cluster=Some(0) active_clusters=1 remaining_cells=75 scans=2
RESULT turn=69 cell=5,17 result=HIT remaining_cells=75 active_clusters=1
turn=69 result=HIT
turn=70 mode=CHASE cluster=0 cluster_len=6 cell=4,17 score=600002.181309 chase_score=10040.181309 prob=2.181309
turn=70 picked cell=4,17 target_cluster=Some(0) active_clusters=1 remaining_cells=74 scans=2
RESULT turn=70 cell=4,17 result=KILL remaining_cells=74 active_clusters=1
turn=70 result=KILL
turn=70 kill_infer inferred_len=7 committed_hits=6 cluster_hits=6
turn=71 picked cell=8,2 target_cluster=None active_clusters=0 remaining_cells=73 scans=2
RESULT turn=71 cell=8,2 result=HIT remaining_cells=73 active_clusters=0
turn=71 result=HIT
turn=72 mode=CHASE cluster=0 cluster_len=1 cell=9,2 score=100003.337357 chase_score=5088.337357 prob=3.337357
turn=72 picked cell=9,2 target_cluster=Some(0) active_clusters=1 remaining_cells=72 scans=2
RESULT turn=72 cell=9,2 result=HIT remaining_cells=72 active_clusters=1
turn=72 result=HIT
turn=73 mode=CHASE cluster=0 cluster_len=2 cell=10,2 score=200003.257322 chase_score=10271.257322 prob=3.257322
turn=73 picked cell=10,2 target_cluster=Some(0) active_clusters=1 remaining_cells=71 scans=2
RESULT turn=73 cell=10,2 result=HIT remaining_cells=71 active_clusters=1
turn=73 result=HIT
turn=74 mode=CHASE cluster=0 cluster_len=3 cell=11,2 score=300003.116622 chase_score=10203.116622 prob=3.116622
turn=74 picked cell=11,2 target_cluster=Some(0) active_clusters=1 remaining_cells=70 scans=2
RESULT turn=74 cell=11,2 result=HIT remaining_cells=70 active_clusters=1
turn=74 result=HIT
turn=75 mode=CHASE cluster=0 cluster_len=4 cell=12,2 score=400002.885522 chase_score=10143.885522 prob=2.885522
turn=75 picked cell=12,2 target_cluster=Some(0) active_clusters=1 remaining_cells=69 scans=2
RESULT turn=75 cell=12,2 result=HIT remaining_cells=69 active_clusters=1
turn=75 result=HIT
turn=76 mode=CHASE cluster=0 cluster_len=5 cell=7,2 score=500002.672893 chase_score=10096.672893 prob=2.672893
turn=76 picked cell=7,2 target_cluster=Some(0) active_clusters=1 remaining_cells=68 scans=2
RESULT turn=76 cell=7,2 result=HIT remaining_cells=68 active_clusters=1
turn=76 result=HIT
turn=77 mode=CHASE cluster=0 cluster_len=6 cell=6,2 score=600002.646783 chase_score=10059.646783 prob=2.646783
turn=77 picked cell=6,2 target_cluster=Some(0) active_clusters=1 remaining_cells=67 scans=2
RESULT turn=77 cell=6,2 result=HIT remaining_cells=67 active_clusters=1
turn=77 result=HIT
turn=78 mode=CHASE cluster=0 cluster_len=7 cell=13,2 score=700002.620243 chase_score=10028.620243 prob=2.620243
turn=78 picked cell=13,2 target_cluster=Some(0) active_clusters=1 remaining_cells=66 scans=2
RESULT turn=78 cell=13,2 result=HIT remaining_cells=66 active_clusters=1
turn=78 result=HIT
turn=79 mode=CHASE cluster=0 cluster_len=8 cell=5,2 score=800002.415683 chase_score=10011.415683 prob=2.415683
turn=79 picked cell=5,2 target_cluster=Some(0) active_clusters=1 remaining_cells=65 scans=2
RESULT turn=79 cell=5,2 result=KILL remaining_cells=65 active_clusters=1
turn=79 result=KILL
turn=79 kill_infer inferred_len=9 committed_hits=8 cluster_hits=8
turn=80 picked cell=2,12 target_cluster=None active_clusters=0 remaining_cells=64 scans=2
RESULT turn=80 cell=2,12 result=MISS remaining_cells=64 active_clusters=0
turn=80 result=MISS
turn=81 picked cell=15,12 target_cluster=None active_clusters=0 remaining_cells=64 scans=2
RESULT turn=81 cell=15,12 result=MISS remaining_cells=64 active_clusters=0
turn=81 result=MISS
turn=82 picked cell=12,14 target_cluster=None active_clusters=0 remaining_cells=64 scans=2
RESULT turn=82 cell=12,14 result=MISS remaining_cells=64 active_clusters=0
turn=82 result=MISS
turn=83 picked cell=1,13 target_cluster=None active_clusters=0 remaining_cells=64 scans=2
RESULT turn=83 cell=1,13 result=HIT remaining_cells=64 active_clusters=0
turn=83 result=HIT
turn=84 mode=CHASE cluster=0 cluster_len=1 cell=1,12 score=100001.627576 chase_score=5053.627576 prob=1.627576
turn=84 picked cell=1,12 target_cluster=Some(0) active_clusters=1 remaining_cells=63 scans=2
RESULT turn=84 cell=1,12 result=HIT remaining_cells=63 active_clusters=1
turn=84 result=HIT
turn=85 mode=CHASE cluster=0 cluster_len=2 cell=1,11 score=200002.075641 chase_score=10169.075641 prob=2.075641
turn=85 picked cell=1,11 target_cluster=Some(0) active_clusters=1 remaining_cells=62 scans=2
RESULT turn=85 cell=1,11 result=HIT remaining_cells=62 active_clusters=1
turn=85 result=HIT
turn=86 mode=CHASE cluster=0 cluster_len=3 cell=1,14 score=300002.075641 chase_score=10132.075641 prob=2.075641
turn=86 picked cell=1,14 target_cluster=Some(0) active_clusters=1 remaining_cells=61 scans=2
RESULT turn=86 cell=1,14 result=HIT remaining_cells=61 active_clusters=1
turn=86 result=HIT
turn=87 mode=CHASE cluster=0 cluster_len=4 cell=1,15 score=400001.799162 chase_score=10089.799162 prob=1.799162
turn=87 picked cell=1,15 target_cluster=Some(0) active_clusters=1 remaining_cells=60 scans=2
RESULT turn=87 cell=1,15 result=HIT remaining_cells=60 active_clusters=1
turn=87 result=HIT
turn=88 mode=CHASE cluster=0 cluster_len=5 cell=1,10 score=500001.421444 chase_score=10059.421444 prob=1.421444
turn=88 picked cell=1,10 target_cluster=Some(0) active_clusters=1 remaining_cells=59 scans=2
RESULT turn=88 cell=1,10 result=MISS remaining_cells=59 active_clusters=1
turn=88 result=MISS
turn=89 mode=CHASE cluster=0 cluster_len=5 cell=1,16 score=500001.170449 chase_score=10021.170449 prob=1.170449
turn=89 picked cell=1,16 target_cluster=Some(0) active_clusters=1 remaining_cells=59 scans=2
RESULT turn=89 cell=1,16 result=KILL remaining_cells=59 active_clusters=1
turn=89 result=KILL
turn=89 kill_infer inferred_len=6 committed_hits=5 cluster_hits=5
turn=90 picked cell=15,4 target_cluster=None active_clusters=0 remaining_cells=58 scans=2
RESULT turn=90 cell=15,4 result=MISS remaining_cells=58 active_clusters=0
turn=90 result=MISS
turn=91 picked cell=13,13 target_cluster=None active_clusters=0 remaining_cells=58 scans=2
RESULT turn=91 cell=13,13 result=MISS remaining_cells=58 active_clusters=0
turn=91 result=MISS
turn=92 picked cell=7,1 target_cluster=None active_clusters=0 remaining_cells=58 scans=2
RESULT turn=92 cell=7,1 result=HIT remaining_cells=58 active_clusters=0
turn=92 result=HIT
turn=93 mode=CHASE cluster=0 cluster_len=1 cell=8,1 score=100002.704521 chase_score=5062.204521 prob=2.704521
turn=93 picked cell=8,1 target_cluster=Some(0) active_clusters=1 remaining_cells=57 scans=2
RESULT turn=93 cell=8,1 result=HIT remaining_cells=57 active_clusters=1
turn=93 result=HIT
turn=94 mode=CHASE cluster=0 cluster_len=2 cell=9,1 score=200002.704521 chase_score=10183.704521 prob=2.704521
turn=94 picked cell=9,1 target_cluster=Some(0) active_clusters=1 remaining_cells=56 scans=2
RESULT turn=94 cell=9,1 result=HIT remaining_cells=56 active_clusters=1
turn=94 result=HIT
turn=95 mode=CHASE cluster=0 cluster_len=3 cell=10,1 score=300002.704521 chase_score=10130.704521 prob=2.704521
turn=95 picked cell=10,1 target_cluster=Some(0) active_clusters=1 remaining_cells=55 scans=2
RESULT turn=95 cell=10,1 result=HIT remaining_cells=55 active_clusters=1
turn=95 result=HIT
turn=96 mode=CHASE cluster=0 cluster_len=4 cell=6,1 score=400002.610969 chase_score=10086.610969 prob=2.610969
turn=96 picked cell=6,1 target_cluster=Some(0) active_clusters=1 remaining_cells=54 scans=2
RESULT turn=96 cell=6,1 result=KILL remaining_cells=54 active_clusters=1
turn=96 result=KILL
turn=96 kill_infer inferred_len=5 committed_hits=4 cluster_hits=4
turn=97 picked cell=16,10 target_cluster=None active_clusters=0 remaining_cells=53 scans=2
RESULT turn=97 cell=16,10 result=MISS remaining_cells=53 active_clusters=0
turn=97 result=MISS
turn=98 picked cell=17,9 target_cluster=None active_clusters=0 remaining_cells=53 scans=2
RESULT turn=98 cell=17,9 result=MISS remaining_cells=53 active_clusters=0
turn=98 result=MISS
turn=99 picked cell=11,15 target_cluster=None active_clusters=0 remaining_cells=53 scans=2
RESULT turn=99 cell=11,15 result=MISS remaining_cells=53 active_clusters=0
turn=99 result=MISS
turn=100 picked cell=7,0 target_cluster=None active_clusters=0 remaining_cells=53 scans=2
RESULT turn=100 cell=7,0 result=HIT remaining_cells=53 active_clusters=0
turn=100 result=HIT
turn=101 mode=CHASE cluster=0 cluster_len=1 cell=8,0 score=100004.062860 chase_score=5058.562860 prob=4.062860
turn=101 picked cell=8,0 target_cluster=Some(0) active_clusters=1 remaining_cells=52 scans=2
RESULT turn=101 cell=8,0 result=HIT remaining_cells=52 active_clusters=1
turn=101 result=HIT
turn=102 mode=CHASE cluster=0 cluster_len=2 cell=9,0 score=200004.062860 chase_score=10170.062860 prob=4.062860
turn=102 picked cell=9,0 target_cluster=Some(0) active_clusters=1 remaining_cells=51 scans=2
RESULT turn=102 cell=9,0 result=HIT remaining_cells=51 active_clusters=1
turn=102 result=HIT
turn=103 mode=CHASE cluster=0 cluster_len=3 cell=10,0 score=300004.062860 chase_score=10122.062860 prob=4.062860
turn=103 picked cell=10,0 target_cluster=Some(0) active_clusters=1 remaining_cells=50 scans=2
RESULT turn=103 cell=10,0 result=MISS remaining_cells=50 active_clusters=1
turn=103 result=MISS
turn=104 mode=CHASE cluster=0 cluster_len=3 cell=6,0 score=300002.617959 chase_score=10041.617959 prob=2.617959
turn=104 picked cell=6,0 target_cluster=Some(0) active_clusters=1 remaining_cells=50 scans=2
RESULT turn=104 cell=6,0 result=HIT remaining_cells=50 active_clusters=1
turn=104 result=HIT
turn=105 mode=CHASE cluster=0 cluster_len=4 cell=5,0 score=400002.708553 chase_score=10029.708553 prob=2.708553
turn=105 picked cell=5,0 target_cluster=Some(0) active_clusters=1 remaining_cells=49 scans=2
RESULT turn=105 cell=5,0 result=KILL remaining_cells=49 active_clusters=1
turn=105 result=KILL
turn=105 kill_infer inferred_len=5 committed_hits=4 cluster_hits=4
turn=106 picked cell=14,16 target_cluster=None active_clusters=0 remaining_cells=48 scans=2
RESULT turn=106 cell=14,16 result=MISS remaining_cells=48 active_clusters=0
turn=106 result=MISS
turn=107 picked cell=10,9 target_cluster=None active_clusters=0 remaining_cells=48 scans=2
RESULT turn=107 cell=10,9 result=HIT remaining_cells=48 active_clusters=0
turn=107 result=HIT
turn=108 mode=CHASE cluster=0 cluster_len=1 cell=9,9 score=100003.515909 chase_score=5027.015909 prob=3.515909
turn=108 picked cell=9,9 target_cluster=Some(0) active_clusters=1 remaining_cells=47 scans=2
RESULT turn=108 cell=9,9 result=HIT remaining_cells=47 active_clusters=1
turn=108 result=HIT
turn=109 mode=CHASE cluster=0 cluster_len=2 cell=11,9 score=200002.561927 chase_score=10071.561927 prob=2.561927
turn=109 picked cell=11,9 target_cluster=Some(0) active_clusters=1 remaining_cells=46 scans=2
RESULT turn=109 cell=11,9 result=HIT remaining_cells=46 active_clusters=1
turn=109 result=HIT
turn=110 mode=CHASE cluster=0 cluster_len=3 cell=8,9 score=300002.114653 chase_score=10050.114653 prob=2.114653
turn=110 picked cell=8,9 target_cluster=Some(0) active_clusters=1 remaining_cells=45 scans=2
RESULT turn=110 cell=8,9 result=HIT remaining_cells=45 active_clusters=1
turn=110 result=HIT
turn=111 mode=CHASE cluster=0 cluster_len=4 cell=12,9 score=400002.015807 chase_score=10038.015807 prob=2.015807
turn=111 picked cell=12,9 target_cluster=Some(0) active_clusters=1 remaining_cells=44 scans=2
RESULT turn=111 cell=12,9 result=HIT remaining_cells=44 active_clusters=1
turn=111 result=HIT
turn=112 mode=CHASE cluster=0 cluster_len=5 cell=7,9 score=500001.491127 chase_score=10037.491127 prob=1.491127
turn=112 picked cell=7,9 target_cluster=Some(0) active_clusters=1 remaining_cells=43 scans=2
RESULT turn=112 cell=7,9 result=HIT remaining_cells=43 active_clusters=1
turn=112 result=HIT
turn=113 mode=CHASE cluster=0 cluster_len=6 cell=6,9 score=600002.543955 chase_score=10024.543955 prob=2.543955
turn=113 picked cell=6,9 target_cluster=Some(0) active_clusters=1 remaining_cells=42 scans=2
RESULT turn=113 cell=6,9 result=HIT remaining_cells=42 active_clusters=1
turn=113 result=HIT
turn=114 mode=CHASE cluster=0 cluster_len=7 cell=13,9 score=700001.427895 chase_score=10009.427895 prob=1.427895
turn=114 picked cell=13,9 target_cluster=Some(0) active_clusters=1 remaining_cells=41 scans=2
RESULT turn=114 cell=13,9 result=KILL remaining_cells=41 active_clusters=1
turn=114 result=KILL
turn=114 kill_infer inferred_len=8 committed_hits=7 cluster_hits=7
turn=115 picked cell=16,3 target_cluster=None active_clusters=0 remaining_cells=40 scans=2
RESULT turn=115 cell=16,3 result=MISS remaining_cells=40 active_clusters=0
turn=115 result=MISS
turn=116 picked cell=0,12 target_cluster=None active_clusters=0 remaining_cells=40 scans=2
RESULT turn=116 cell=0,12 result=HIT remaining_cells=40 active_clusters=0
turn=116 result=HIT
turn=117 mode=CHASE cluster=0 cluster_len=1 cell=0,13 score=100003.315632 chase_score=5035.315632 prob=3.315632
turn=117 picked cell=0,13 target_cluster=Some(0) active_clusters=1 remaining_cells=39 scans=2
RESULT turn=117 cell=0,13 result=HIT remaining_cells=39 active_clusters=1
turn=117 result=HIT
turn=118 mode=CHASE cluster=0 cluster_len=2 cell=0,11 score=200003.315632 chase_score=10106.315632 prob=3.315632
turn=118 picked cell=0,11 target_cluster=Some(0) active_clusters=1 remaining_cells=38 scans=2
RESULT turn=118 cell=0,11 result=HIT remaining_cells=38 active_clusters=1
turn=118 result=HIT
turn=119 mode=CHASE cluster=0 cluster_len=3 cell=0,10 score=300002.877994 chase_score=10070.877994 prob=2.877994
turn=119 picked cell=0,10 target_cluster=Some(0) active_clusters=1 remaining_cells=37 scans=2
RESULT turn=119 cell=0,10 result=HIT remaining_cells=37 active_clusters=1
turn=119 result=HIT
turn=120 mode=CHASE cluster=0 cluster_len=4 cell=0,14 score=400002.877994 chase_score=10044.877994 prob=2.877994
turn=120 picked cell=0,14 target_cluster=Some(0) active_clusters=1 remaining_cells=36 scans=2
RESULT turn=120 cell=0,14 result=HIT remaining_cells=36 active_clusters=1
turn=120 result=HIT
turn=121 mode=CHASE cluster=0 cluster_len=5 cell=0,9 score=500002.436677 chase_score=10030.436677 prob=2.436677
turn=121 picked cell=0,9 target_cluster=Some(0) active_clusters=1 remaining_cells=35 scans=2
RESULT turn=121 cell=0,9 result=HIT remaining_cells=35 active_clusters=1
turn=121 result=HIT
turn=122 mode=CHASE cluster=0 cluster_len=6 cell=0,15 score=600002.274142 chase_score=10016.274142 prob=2.274142
turn=122 picked cell=0,15 target_cluster=Some(0) active_clusters=1 remaining_cells=34 scans=2
RESULT turn=122 cell=0,15 result=HIT remaining_cells=34 active_clusters=1
turn=122 result=HIT
turn=123 mode=CHASE cluster=0 cluster_len=7 cell=0,8 score=700001.884746 chase_score=10001.884746 prob=1.884746
turn=123 picked cell=0,8 target_cluster=Some(0) active_clusters=1 remaining_cells=33 scans=2
RESULT turn=123 cell=0,8 result=HIT remaining_cells=33 active_clusters=1
turn=123 result=HIT
turn=124 mode=CHASE cluster=0 cluster_len=8 cell=0,16 score=800001.555997 chase_score=10001.555997 prob=1.555997
turn=124 picked cell=0,16 target_cluster=Some(0) active_clusters=1 remaining_cells=32 scans=2
RESULT turn=124 cell=0,16 result=KILL remaining_cells=32 active_clusters=1
turn=124 result=KILL
turn=124 kill_infer inferred_len=7 committed_hits=6 cluster_hits=8
turn=125 mode=CHASE cluster=0 cluster_len=2 cell=0,7 score=200000.114352 chase_score=10009.114352 prob=0.114352
turn=125 picked cell=0,7 target_cluster=Some(0) active_clusters=1 remaining_cells=31 scans=2
RESULT turn=125 cell=0,7 result=MISS remaining_cells=31 active_clusters=1
turn=125 result=MISS
turn=126 mode=CHASE cluster=0 cluster_len=2 cell=1,8 score=200000.355232 chase_score=5000.355232 prob=0.355232
turn=126 picked cell=1,8 target_cluster=Some(0) active_clusters=1 remaining_cells=31 scans=2
RESULT turn=126 cell=1,8 result=MISS remaining_cells=31 active_clusters=1
turn=126 result=MISS
turn=127 mode=CHASE cluster=0 cluster_len=2 cell=1,9 score=200000.144321 chase_score=5000.144321 prob=0.144321
turn=127 picked cell=1,9 target_cluster=Some(0) active_clusters=1 remaining_cells=31 scans=2
RESULT turn=127 cell=1,9 result=MISS remaining_cells=31 active_clusters=1
turn=127 result=MISS
turn=128 picked cell=10,8 target_cluster=None active_clusters=1 remaining_cells=31 scans=2
RESULT turn=128 cell=10,8 result=MISS remaining_cells=31 active_clusters=1
turn=128 result=MISS
turn=129 picked cell=10,11 target_cluster=None active_clusters=1 remaining_cells=31 scans=2
RESULT turn=129 cell=10,11 result=MISS remaining_cells=31 active_clusters=1
turn=129 result=MISS
turn=130 picked cell=9,13 target_cluster=None active_clusters=1 remaining_cells=31 scans=2
RESULT turn=130 cell=9,13 result=MISS remaining_cells=31 active_clusters=1
turn=130 result=MISS
turn=131 picked cell=12,3 target_cluster=None active_clusters=1 remaining_cells=31 scans=2
RESULT turn=131 cell=12,3 result=MISS remaining_cells=31 active_clusters=1
turn=131 result=MISS
turn=132 picked cell=15,8 target_cluster=None active_clusters=1 remaining_cells=31 scans=2
RESULT turn=132 cell=15,8 result=HIT remaining_cells=31 active_clusters=1
turn=132 result=HIT
turn=133 mode=CHASE cluster=1 cluster_len=1 cell=15,7 score=100001.244042 chase_score=5017.494042 prob=1.244042
turn=133 picked cell=15,7 target_cluster=Some(1) active_clusters=2 remaining_cells=30 scans=2
RESULT turn=133 cell=15,7 result=HIT remaining_cells=30 active_clusters=2
turn=133 result=HIT
turn=134 mode=CHASE cluster=1 cluster_len=2 cell=15,9 score=200001.152422 chase_score=10041.152422 prob=1.152422
turn=134 picked cell=15,9 target_cluster=Some(1) active_clusters=2 remaining_cells=29 scans=2
RESULT turn=134 cell=15,9 result=HIT remaining_cells=29 active_clusters=2
turn=134 result=HIT
turn=135 mode=CHASE cluster=1 cluster_len=3 cell=15,6 score=300001.010665 chase_score=10020.010665 prob=1.010665
turn=135 picked cell=15,6 target_cluster=Some(1) active_clusters=2 remaining_cells=28 scans=2
RESULT turn=135 cell=15,6 result=HIT remaining_cells=28 active_clusters=2
turn=135 result=HIT
turn=136 mode=CHASE cluster=1 cluster_len=4 cell=15,10 score=400000.881598 chase_score=10007.881598 prob=0.881598
turn=136 picked cell=15,10 target_cluster=Some(1) active_clusters=2 remaining_cells=27 scans=2
RESULT turn=136 cell=15,10 result=HIT remaining_cells=27 active_clusters=2
turn=136 result=HIT
turn=137 mode=CHASE cluster=1 cluster_len=5 cell=15,5 score=500000.739841 chase_score=10007.739841 prob=0.739841
turn=137 picked cell=15,5 target_cluster=Some(1) active_clusters=2 remaining_cells=26 scans=2
RESULT turn=137 cell=15,5 result=HIT remaining_cells=26 active_clusters=2
turn=137 result=HIT
turn=138 mode=CHASE cluster=1 cluster_len=6 cell=15,11 score=600000.739841 chase_score=10007.739841 prob=0.739841
turn=138 picked cell=15,11 target_cluster=Some(1) active_clusters=2 remaining_cells=25 scans=2
RESULT turn=138 cell=15,11 result=KILL remaining_cells=25 active_clusters=2
turn=138 result=KILL
turn=138 kill_infer inferred_len=7 committed_hits=6 cluster_hits=6
turn=139 picked cell=11,12 target_cluster=None active_clusters=1 remaining_cells=24 scans=2
RESULT turn=139 cell=11,12 result=MISS remaining_cells=24 active_clusters=1
turn=139 result=MISS
turn=140 picked cell=11,6 target_cluster=None active_clusters=1 remaining_cells=24 scans=2
RESULT turn=140 cell=11,6 result=MISS remaining_cells=24 active_clusters=1
turn=140 result=MISS
turn=141 picked cell=10,5 target_cluster=None active_clusters=1 remaining_cells=24 scans=2
RESULT turn=141 cell=10,5 result=MISS remaining_cells=24 active_clusters=1
turn=141 result=MISS
turn=142 picked cell=14,1 target_cluster=None active_clusters=1 remaining_cells=24 scans=2
RESULT turn=142 cell=14,1 result=MISS remaining_cells=24 active_clusters=1
turn=142 result=MISS
turn=143 picked cell=16,14 target_cluster=None active_clusters=1 remaining_cells=24 scans=2
RESULT turn=143 cell=16,14 result=MISS remaining_cells=24 active_clusters=1
turn=143 result=MISS
turn=144 picked cell=9,4 target_cluster=None active_clusters=1 remaining_cells=24 scans=2
RESULT turn=144 cell=9,4 result=MISS remaining_cells=24 active_clusters=1
turn=144 result=MISS
turn=145 picked cell=15,15 target_cluster=None active_clusters=1 remaining_cells=24 scans=2
RESULT turn=145 cell=15,15 result=MISS remaining_cells=24 active_clusters=1
turn=145 result=MISS
turn=146 picked cell=15,0 target_cluster=None active_clusters=1 remaining_cells=24 scans=2
RESULT turn=146 cell=15,0 result=MISS remaining_cells=24 active_clusters=1
turn=146 result=MISS
turn=147 picked cell=17,2 target_cluster=None active_clusters=1 remaining_cells=24 scans=2
RESULT turn=147 cell=17,2 result=MISS remaining_cells=24 active_clusters=1
turn=147 result=MISS
turn=148 picked cell=17,13 target_cluster=None active_clusters=1 remaining_cells=24 scans=2
RESULT turn=148 cell=17,13 result=MISS remaining_cells=24 active_clusters=1
turn=148 result=MISS
turn=149 picked cell=13,4 target_cluster=None active_clusters=1 remaining_cells=24 scans=2
RESULT turn=149 cell=13,4 result=HIT remaining_cells=24 active_clusters=1
turn=149 result=HIT
turn=150 mode=CHASE cluster=1 cluster_len=1 cell=12,4 score=100000.723617 chase_score=5012.223617 prob=0.723617
turn=150 picked cell=12,4 target_cluster=Some(1) active_clusters=2 remaining_cells=23 scans=2
RESULT turn=150 cell=12,4 result=MISS remaining_cells=23 active_clusters=2
turn=150 result=MISS
turn=151 mode=CHASE cluster=1 cluster_len=1 cell=13,5 score=100000.507631 chase_score=5009.007631 prob=0.507631
turn=151 picked cell=13,5 target_cluster=Some(1) active_clusters=2 remaining_cells=23 scans=2
RESULT turn=151 cell=13,5 result=HIT remaining_cells=23 active_clusters=2
turn=151 result=HIT
turn=152 mode=CHASE cluster=1 cluster_len=2 cell=13,3 score=200000.394211 chase_score=10021.394211 prob=0.394211
turn=152 picked cell=13,3 target_cluster=Some(1) active_clusters=2 remaining_cells=22 scans=2
RESULT turn=152 cell=13,3 result=KILL remaining_cells=22 active_clusters=2
turn=152 result=KILL
turn=152 kill_infer inferred_len=3 committed_hits=2 cluster_hits=2
turn=153 picked cell=11,10 target_cluster=None active_clusters=1 remaining_cells=21 scans=2
RESULT turn=153 cell=11,10 result=HIT remaining_cells=21 active_clusters=1
turn=153 result=HIT
turn=154 mode=CHASE cluster=1 cluster_len=1 cell=10,10 score=100000.728268 chase_score=5013.728268 prob=0.728268
turn=154 picked cell=10,10 target_cluster=Some(1) active_clusters=2 remaining_cells=20 scans=2
RESULT turn=154 cell=10,10 result=KILL remaining_cells=20 active_clusters=2
turn=154 result=KILL
turn=154 kill_infer inferred_len=2 committed_hits=1 cluster_hits=1
turn=155 picked cell=3,13 target_cluster=None active_clusters=1 remaining_cells=19 scans=2
RESULT turn=155 cell=3,13 result=MISS remaining_cells=19 active_clusters=1
turn=155 result=MISS
turn=156 picked cell=10,16 target_cluster=None active_clusters=1 remaining_cells=19 scans=2
RESULT turn=156 cell=10,16 result=MISS remaining_cells=19 active_clusters=1
turn=156 result=MISS
turn=157 picked cell=4,14 target_cluster=None active_clusters=1 remaining_cells=19 scans=2
RESULT turn=157 cell=4,14 result=MISS remaining_cells=19 active_clusters=1
turn=157 result=MISS
turn=158 picked cell=2,1 target_cluster=None active_clusters=1 remaining_cells=19 scans=2
RESULT turn=158 cell=2,1 result=MISS remaining_cells=19 active_clusters=1
turn=158 result=MISS
turn=159 picked cell=17,6 target_cluster=None active_clusters=1 remaining_cells=19 scans=2
RESULT turn=159 cell=17,6 result=MISS remaining_cells=19 active_clusters=1
turn=159 result=MISS
turn=160 picked cell=16,7 target_cluster=None active_clusters=1 remaining_cells=19 scans=2
RESULT turn=160 cell=16,7 result=MISS remaining_cells=19 active_clusters=1
turn=160 result=MISS
turn=161 picked cell=5,12 target_cluster=None active_clusters=1 remaining_cells=19 scans=2
RESULT turn=161 cell=5,12 result=HIT remaining_cells=19 active_clusters=1
turn=161 result=HIT
turn=162 mode=CHASE cluster=1 cluster_len=1 cell=5,13 score=100001.495788 chase_score=5013.995788 prob=1.495788
turn=162 picked cell=5,13 target_cluster=Some(1) active_clusters=2 remaining_cells=18 scans=2
RESULT turn=162 cell=5,13 result=HIT remaining_cells=18 active_clusters=2
turn=162 result=HIT
turn=163 mode=CHASE cluster=1 cluster_len=2 cell=5,11 score=200001.495788 chase_score=10031.495788 prob=1.495788
turn=163 picked cell=5,11 target_cluster=Some(1) active_clusters=2 remaining_cells=17 scans=2
RESULT turn=163 cell=5,11 result=HIT remaining_cells=17 active_clusters=2
turn=163 result=HIT
turn=164 mode=CHASE cluster=1 cluster_len=3 cell=5,14 score=300001.127073 chase_score=10013.127073 prob=1.127073
turn=164 picked cell=5,14 target_cluster=Some(1) active_clusters=2 remaining_cells=16 scans=2
RESULT turn=164 cell=5,14 result=MISS remaining_cells=16 active_clusters=2
turn=164 result=MISS
turn=165 mode=CHASE cluster=1 cluster_len=3 cell=5,10 score=300000.454105 chase_score=10012.454105 prob=0.454105
turn=165 picked cell=5,10 target_cluster=Some(1) active_clusters=2 remaining_cells=16 scans=2
RESULT turn=165 cell=5,10 result=KILL remaining_cells=16 active_clusters=2
turn=165 result=KILL
turn=165 kill_infer inferred_len=4 committed_hits=3 cluster_hits=3
turn=166 picked cell=13,17 target_cluster=None active_clusters=1 remaining_cells=15 scans=2
RESULT turn=166 cell=13,17 result=MISS remaining_cells=15 active_clusters=1
turn=166 result=MISS
turn=167 picked cell=10,14 target_cluster=None active_clusters=1 remaining_cells=15 scans=2
RESULT turn=167 cell=10,14 result=HIT remaining_cells=15 active_clusters=1
turn=167 result=HIT
turn=168 mode=CHASE cluster=1 cluster_len=1 cell=9,14 score=100000.655050 chase_score=5006.155050 prob=0.655050
turn=168 picked cell=9,14 target_cluster=Some(1) active_clusters=2 remaining_cells=14 scans=2
RESULT turn=168 cell=9,14 result=HIT remaining_cells=14 active_clusters=2
turn=168 result=HIT
turn=169 mode=CHASE cluster=1 cluster_len=2 cell=8,14 score=200000.522234 chase_score=10014.522234 prob=0.522234
turn=169 picked cell=8,14 target_cluster=Some(1) active_clusters=2 remaining_cells=13 scans=2
RESULT turn=169 cell=8,14 result=HIT remaining_cells=13 active_clusters=2
turn=169 result=HIT
turn=170 mode=CHASE cluster=1 cluster_len=3 cell=11,14 score=300000.417999 chase_score=10008.417999 prob=0.417999
turn=170 picked cell=11,14 target_cluster=Some(1) active_clusters=2 remaining_cells=12 scans=2
RESULT turn=170 cell=11,14 result=KILL remaining_cells=12 active_clusters=2
turn=170 result=KILL
turn=170 kill_infer inferred_len=4 committed_hits=3 cluster_hits=3
turn=171 picked cell=12,0 target_cluster=None active_clusters=1 remaining_cells=11 scans=2
RESULT turn=171 cell=12,0 result=MISS remaining_cells=11 active_clusters=1
turn=171 result=MISS
turn=172 picked cell=10,3 target_cluster=None active_clusters=1 remaining_cells=11 scans=2
RESULT turn=172 cell=10,3 result=HIT remaining_cells=11 active_clusters=1
turn=172 result=HIT
turn=173 mode=CHASE cluster=1 cluster_len=1 cell=9,3 score=100000.378084 chase_score=5004.878084 prob=0.378084
turn=173 picked cell=9,3 target_cluster=Some(1) active_clusters=2 remaining_cells=10 scans=2
RESULT turn=173 cell=9,3 result=HIT remaining_cells=10 active_clusters=2
turn=173 result=HIT
turn=174 mode=CHASE cluster=1 cluster_len=2 cell=11,3 score=200000.378084 chase_score=10010.378084 prob=0.378084
turn=174 picked cell=11,3 target_cluster=Some(1) active_clusters=2 remaining_cells=9 scans=2
RESULT turn=174 cell=11,3 result=HIT remaining_cells=9 active_clusters=2
turn=174 result=HIT
turn=175 mode=CHASE cluster=1 cluster_len=3 cell=8,3 score=300000.257654 chase_score=10004.257654 prob=0.257654
turn=175 picked cell=8,3 target_cluster=Some(1) active_clusters=2 remaining_cells=8 scans=2
RESULT turn=175 cell=8,3 result=KILL remaining_cells=8 active_clusters=2
turn=175 result=KILL
turn=175 kill_infer inferred_len=4 committed_hits=3 cluster_hits=3
turn=176 picked cell=15,2 target_cluster=None active_clusters=1 remaining_cells=7 scans=2
RESULT turn=176 cell=15,2 result=MISS remaining_cells=7 active_clusters=1
turn=176 result=MISS
turn=177 picked cell=16,1 target_cluster=None active_clusters=1 remaining_cells=7 scans=2
RESULT turn=177 cell=16,1 result=MISS remaining_cells=7 active_clusters=1
turn=177 result=MISS
turn=178 picked cell=14,3 target_cluster=None active_clusters=1 remaining_cells=7 scans=2
RESULT turn=178 cell=14,3 result=MISS remaining_cells=7 active_clusters=1
turn=178 result=MISS
turn=179 picked cell=17,4 target_cluster=None active_clusters=1 remaining_cells=7 scans=2
RESULT turn=179 cell=17,4 result=MISS remaining_cells=7 active_clusters=1
turn=179 result=MISS
turn=180 picked cell=16,5 target_cluster=None active_clusters=1 remaining_cells=7 scans=2
RESULT turn=180 cell=16,5 result=MISS remaining_cells=7 active_clusters=1
turn=180 result=MISS
turn=181 picked cell=12,8 target_cluster=None active_clusters=1 remaining_cells=7 scans=2
RESULT turn=181 cell=12,8 result=MISS remaining_cells=7 active_clusters=1
turn=181 result=MISS
turn=182 picked cell=11,1 target_cluster=None active_clusters=1 remaining_cells=7 scans=2
RESULT turn=182 cell=11,1 result=HIT remaining_cells=7 active_clusters=1
turn=182 result=HIT
turn=183 mode=CHASE cluster=1 cluster_len=1 cell=12,1 score=100000.135644 chase_score=5002.135644 prob=0.135644
turn=183 picked cell=12,1 target_cluster=Some(1) active_clusters=2 remaining_cells=6 scans=2
RESULT turn=183 cell=12,1 result=HIT remaining_cells=6 active_clusters=2
turn=183 result=HIT
turn=184 mode=CHASE cluster=1 cluster_len=2 cell=13,1 score=200000.135644 chase_score=10006.135644 prob=0.135644
turn=184 picked cell=13,1 target_cluster=Some(1) active_clusters=2 remaining_cells=5 scans=2
RESULT turn=184 cell=13,1 result=KILL remaining_cells=5 active_clusters=2
turn=184 result=KILL
turn=184 kill_infer inferred_len=3 committed_hits=2 cluster_hits=2
turn=185 picked cell=12,11 target_cluster=None active_clusters=1 remaining_cells=4 scans=2
RESULT turn=185 cell=12,11 result=MISS remaining_cells=4 active_clusters=1
turn=185 result=MISS
turn=186 picked cell=14,14 target_cluster=None active_clusters=1 remaining_cells=4 scans=2
RESULT turn=186 cell=14,14 result=MISS remaining_cells=4 active_clusters=1
turn=186 result=MISS
turn=187 picked cell=16,17 target_cluster=None active_clusters=1 remaining_cells=4 scans=2
RESULT turn=187 cell=16,17 result=MISS remaining_cells=4 active_clusters=1
turn=187 result=MISS
turn=188 picked cell=17,16 target_cluster=None active_clusters=1 remaining_cells=4 scans=2
RESULT turn=188 cell=17,16 result=MISS remaining_cells=4 active_clusters=1
turn=188 result=MISS
turn=189 picked cell=12,16 target_cluster=None active_clusters=1 remaining_cells=4 scans=2
RESULT turn=189 cell=12,16 result=HIT remaining_cells=4 active_clusters=1
turn=189 result=HIT
turn=190 mode=CHASE cluster=1 cluster_len=1 cell=13,16 score=100000.153849 chase_score=5001.403849 prob=0.153849
turn=190 picked cell=13,16 target_cluster=Some(1) active_clusters=2 remaining_cells=3 scans=2
RESULT turn=190 cell=13,16 result=MISS remaining_cells=3 active_clusters=2
turn=190 result=MISS
turn=191 mode=CHASE cluster=1 cluster_len=1 cell=12,15 score=100000.158859 chase_score=5001.408859 prob=0.158859
turn=191 picked cell=12,15 target_cluster=Some(1) active_clusters=2 remaining_cells=3 scans=2
RESULT turn=191 cell=12,15 result=MISS remaining_cells=3 active_clusters=2
turn=191 result=MISS
turn=192 mode=CHASE cluster=1 cluster_len=1 cell=11,16 score=100000.039809 chase_score=5000.539809 prob=0.039809
turn=192 picked cell=11,16 target_cluster=Some(1) active_clusters=2 remaining_cells=3 scans=2
RESULT turn=192 cell=11,16 result=KILL remaining_cells=3 active_clusters=2
turn=192 result=KILL
turn=192 kill_infer inferred_len=2 committed_hits=1 cluster_hits=1
turn=193 picked cell=1,2 target_cluster=None active_clusters=1 remaining_cells=2 scans=2
RESULT turn=193 cell=1,2 result=MISS remaining_cells=2 active_clusters=1
turn=193 result=MISS
turn=194 picked cell=4,2 target_cluster=None active_clusters=1 remaining_cells=2 scans=2
RESULT turn=194 cell=4,2 result=MISS remaining_cells=2 active_clusters=1
turn=194 result=MISS
turn=195 picked cell=3,0 target_cluster=None active_clusters=1 remaining_cells=2 scans=2
RESULT turn=195 cell=3,0 result=MISS remaining_cells=2 active_clusters=1
turn=195 result=MISS
turn=196 picked cell=8,8 target_cluster=None active_clusters=1 remaining_cells=2 scans=2
RESULT turn=196 cell=8,8 result=MISS remaining_cells=2 active_clusters=1
turn=196 result=MISS
turn=197 picked cell=0,3 target_cluster=None active_clusters=1 remaining_cells=2 scans=2
RESULT turn=197 cell=0,3 result=MISS remaining_cells=2 active_clusters=1
turn=197 result=MISS
turn=198 picked cell=0,0 target_cluster=None active_clusters=1 remaining_cells=2 scans=2
RESULT turn=198 cell=0,0 result=MISS remaining_cells=2 active_clusters=1
turn=198 result=MISS
turn=199 picked cell=6,3 target_cluster=None active_clusters=1 remaining_cells=2 scans=2
RESULT turn=199 cell=6,3 result=MISS remaining_cells=2 active_clusters=1
turn=199 result=MISS
turn=200 picked cell=5,1 target_cluster=None active_clusters=1 remaining_cells=2 scans=2
RESULT turn=200 cell=5,1 result=MISS remaining_cells=2 active_clusters=1
turn=200 result=MISS
turn=201 picked cell=8,6 target_cluster=None active_clusters=1 remaining_cells=2 scans=2
RESULT turn=201 cell=8,6 result=MISS remaining_cells=2 active_clusters=1
turn=201 result=MISS
turn=202 picked cell=2,8 target_cluster=None active_clusters=1 remaining_cells=2 scans=2
RESULT turn=202 cell=2,8 result=MISS remaining_cells=2 active_clusters=1
turn=202 result=MISS
turn=203 picked cell=3,16 target_cluster=None active_clusters=1 remaining_cells=2 scans=2
RESULT turn=203 cell=3,16 result=MISS remaining_cells=2 active_clusters=1
turn=203 result=MISS
turn=204 picked cell=2,15 target_cluster=None active_clusters=1 remaining_cells=2 scans=2
RESULT turn=204 cell=2,15 result=MISS remaining_cells=2 active_clusters=1
turn=204 result=MISS
turn=205 picked cell=6,13 target_cluster=None active_clusters=1 remaining_cells=2 scans=2
RESULT turn=205 cell=6,13 result=MISS remaining_cells=2 active_clusters=1
turn=205 result=MISS
turn=206 picked cell=3,11 target_cluster=None active_clusters=1 remaining_cells=2 scans=2
RESULT turn=206 cell=3,11 result=MISS remaining_cells=2 active_clusters=1
turn=206 result=MISS
turn=207 picked cell=5,15 target_cluster=None active_clusters=1 remaining_cells=2 scans=2
RESULT turn=207 cell=5,15 result=MISS remaining_cells=2 active_clusters=1
turn=207 result=MISS
turn=208 picked cell=6,16 target_cluster=None active_clusters=1 remaining_cells=2 scans=2
RESULT turn=208 cell=6,16 result=MISS remaining_cells=2 active_clusters=1
turn=208 result=MISS
turn=209 picked cell=2,17 target_cluster=None active_clusters=1 remaining_cells=2 scans=2
RESULT turn=209 cell=2,17 result=MISS remaining_cells=2 active_clusters=1
turn=209 result=MISS
turn=210 picked cell=7,8 target_cluster=None active_clusters=1 remaining_cells=2 scans=2
RESULT turn=210 cell=7,8 result=MISS remaining_cells=2 active_clusters=1
turn=210 result=MISS
turn=211 picked cell=6,8 target_cluster=None active_clusters=1 remaining_cells=2 scans=2
RESULT turn=211 cell=6,8 result=MISS remaining_cells=2 active_clusters=1
turn=211 result=MISS
turn=212 picked cell=5,7 target_cluster=None active_clusters=1 remaining_cells=2 scans=2
RESULT turn=212 cell=5,7 result=MISS remaining_cells=2 active_clusters=1
turn=212 result=MISS
turn=213 picked cell=6,6 target_cluster=None active_clusters=1 remaining_cells=2 scans=2
RESULT turn=213 cell=6,6 result=MISS remaining_cells=2 active_clusters=1
turn=213 result=MISS
turn=214 picked cell=3,8 target_cluster=None active_clusters=1 remaining_cells=2 scans=2
RESULT turn=214 cell=3,8 result=MISS remaining_cells=2 active_clusters=1
turn=214 result=MISS
turn=215 picked cell=5,6 target_cluster=None active_clusters=1 remaining_cells=2 scans=2
RESULT turn=215 cell=5,6 result=MISS remaining_cells=2 active_clusters=1
turn=215 result=MISS
turn=216 picked cell=5,3 target_cluster=None active_clusters=1 remaining_cells=2 scans=2
RESULT turn=216 cell=5,3 result=MISS remaining_cells=2 active_clusters=1
turn=216 result=MISS
turn=217 picked cell=4,3 target_cluster=None active_clusters=1 remaining_cells=2 scans=2
RESULT turn=217 cell=4,3 result=MISS remaining_cells=2 active_clusters=1
turn=217 result=MISS
turn=218 picked cell=4,1 target_cluster=None active_clusters=1 remaining_cells=2 scans=2
RESULT turn=218 cell=4,1 result=MISS remaining_cells=2 active_clusters=1
turn=218 result=MISS
turn=219 picked cell=2,3 target_cluster=None active_clusters=1 remaining_cells=2 scans=2
RESULT turn=219 cell=2,3 result=KILL remaining_cells=2 active_clusters=1
turn=219 result=KILL
turn=220 picked cell=13,12 target_cluster=None active_clusters=1 remaining_cells=1 scans=2
RESULT turn=220 cell=13,12 result=MISS remaining_cells=1 active_clusters=1
turn=220 result=MISS
turn=221 picked cell=16,13 target_cluster=None active_clusters=1 remaining_cells=1 scans=2
RESULT turn=221 cell=16,13 result=MISS remaining_cells=1 active_clusters=1
turn=221 result=MISS
turn=222 picked cell=9,10 target_cluster=None active_clusters=1 remaining_cells=1 scans=2
RESULT turn=222 cell=9,10 result=MISS remaining_cells=1 active_clusters=1
turn=222 result=MISS
turn=223 picked cell=10,13 target_cluster=None active_clusters=1 remaining_cells=1 scans=2
RESULT turn=223 cell=10,13 result=MISS remaining_cells=1 active_clusters=1
turn=223 result=MISS
turn=224 picked cell=17,11 target_cluster=None active_clusters=1 remaining_cells=1 scans=2
RESULT turn=224 cell=17,11 result=MISS remaining_cells=1 active_clusters=1
turn=224 result=MISS
turn=225 picked cell=9,8 target_cluster=None active_clusters=1 remaining_cells=1 scans=2
RESULT turn=225 cell=9,8 result=MISS remaining_cells=1 active_clusters=1
turn=225 result=MISS
turn=226 picked cell=9,11 target_cluster=None active_clusters=1 remaining_cells=1 scans=2
RESULT turn=226 cell=9,11 result=MISS remaining_cells=1 active_clusters=1
turn=226 result=MISS
turn=227 picked cell=8,11 target_cluster=None active_clusters=1 remaining_cells=1 scans=2
RESULT turn=227 cell=8,11 result=MISS remaining_cells=1 active_clusters=1
turn=227 result=MISS
turn=228 picked cell=8,10 target_cluster=None active_clusters=1 remaining_cells=1 scans=2
RESULT turn=228 cell=8,10 result=MISS remaining_cells=1 active_clusters=1
turn=228 result=MISS
turn=229 picked cell=9,5 target_cluster=None active_clusters=1 remaining_cells=1 scans=2
RESULT turn=229 cell=9,5 result=MISS remaining_cells=1 active_clusters=1
turn=229 result=MISS
turn=230 picked cell=9,12 target_cluster=None active_clusters=1 remaining_cells=1 scans=2
RESULT turn=230 cell=9,12 result=MISS remaining_cells=1 active_clusters=1
turn=230 result=MISS
turn=231 picked cell=11,8 target_cluster=None active_clusters=1 remaining_cells=1 scans=2
RESULT turn=231 cell=11,8 result=MISS remaining_cells=1 active_clusters=1
turn=231 result=MISS
turn=232 picked cell=9,6 target_cluster=None active_clusters=1 remaining_cells=1 scans=2
RESULT turn=232 cell=9,6 result=MISS remaining_cells=1 active_clusters=1
turn=232 result=MISS
turn=233 picked cell=10,6 target_cluster=None active_clusters=1 remaining_cells=1 scans=2
RESULT turn=233 cell=10,6 result=MISS remaining_cells=1 active_clusters=1
turn=233 result=MISS
turn=234 picked cell=12,10 target_cluster=None active_clusters=1 remaining_cells=1 scans=2
RESULT turn=234 cell=12,10 result=MISS remaining_cells=1 active_clusters=1
turn=234 result=MISS
turn=235 picked cell=6,10 target_cluster=None active_clusters=1 remaining_cells=1 scans=2
RESULT turn=235 cell=6,10 result=MISS remaining_cells=1 active_clusters=1
turn=235 result=MISS
turn=236 picked cell=6,11 target_cluster=None active_clusters=1 remaining_cells=1 scans=2
RESULT turn=236 cell=6,11 result=MISS remaining_cells=1 active_clusters=1
turn=236 result=MISS
turn=237 picked cell=6,12 target_cluster=None active_clusters=1 remaining_cells=1 scans=2
RESULT turn=237 cell=6,12 result=MISS remaining_cells=1 active_clusters=1
turn=237 result=MISS
turn=238 picked cell=11,11 target_cluster=None active_clusters=1 remaining_cells=1 scans=2
RESULT turn=238 cell=11,11 result=MISS remaining_cells=1 active_clusters=1
turn=238 result=MISS
turn=239 picked cell=13,8 target_cluster=None active_clusters=1 remaining_cells=1 scans=2
RESULT turn=239 cell=13,8 result=MISS remaining_cells=1 active_clusters=1
turn=239 result=MISS
turn=240 picked cell=10,12 target_cluster=None active_clusters=1 remaining_cells=1 scans=2
RESULT turn=240 cell=10,12 result=MISS remaining_cells=1 active_clusters=1
turn=240 result=MISS
turn=241 picked cell=11,5 target_cluster=None active_clusters=1 remaining_cells=1 scans=2
RESULT turn=241 cell=11,5 result=MISS remaining_cells=1 active_clusters=1
turn=241 result=MISS
turn=242 picked cell=12,5 target_cluster=None active_clusters=1 remaining_cells=1 scans=2
RESULT turn=242 cell=12,5 result=MISS remaining_cells=1 active_clusters=1
turn=242 result=MISS
turn=243 picked cell=13,11 target_cluster=None active_clusters=1 remaining_cells=1 scans=2
RESULT turn=243 cell=13,11 result=MISS remaining_cells=1 active_clusters=1
turn=243 result=MISS
turn=244 picked cell=13,10 target_cluster=None active_clusters=1 remaining_cells=1 scans=2
RESULT turn=244 cell=13,10 result=MISS remaining_cells=1 active_clusters=1
turn=244 result=MISS
turn=245 picked cell=13,6 target_cluster=None active_clusters=1 remaining_cells=1 scans=2
RESULT turn=245 cell=13,6 result=MISS remaining_cells=1 active_clusters=1
turn=245 result=MISS
turn=246 picked cell=12,6 target_cluster=None active_clusters=1 remaining_cells=1 scans=2
RESULT turn=246 cell=12,6 result=MISS remaining_cells=1 active_clusters=1
turn=246 result=MISS
turn=247 picked cell=3,10 target_cluster=None active_clusters=1 remaining_cells=1 scans=2
RESULT turn=247 cell=3,10 result=MISS remaining_cells=1 active_clusters=1
turn=247 result=MISS
turn=248 picked cell=10,4 target_cluster=None active_clusters=1 remaining_cells=1 scans=2
RESULT turn=248 cell=10,4 result=MISS remaining_cells=1 active_clusters=1
turn=248 result=MISS
turn=249 picked cell=2,9 target_cluster=None active_clusters=1 remaining_cells=1 scans=2
RESULT turn=249 cell=2,9 result=MISS remaining_cells=1 active_clusters=1
turn=249 result=MISS
turn=250 picked cell=12,12 target_cluster=None active_clusters=1 remaining_cells=1 scans=2
RESULT turn=250 cell=12,12 result=MISS remaining_cells=1 active_clusters=1
turn=250 result=MISS
turn=251 picked cell=11,13 target_cluster=None active_clusters=1 remaining_cells=1 scans=2
RESULT turn=251 cell=11,13 result=MISS remaining_cells=1 active_clusters=1
turn=251 result=MISS
turn=252 picked cell=4,11 target_cluster=None active_clusters=1 remaining_cells=1 scans=2
RESULT turn=252 cell=4,11 result=MISS remaining_cells=1 active_clusters=1
turn=252 result=MISS
turn=253 picked cell=9,15 target_cluster=None active_clusters=1 remaining_cells=1 scans=2
RESULT turn=253 cell=9,15 result=MISS remaining_cells=1 active_clusters=1
turn=253 result=MISS
turn=254 picked cell=16,9 target_cluster=None active_clusters=1 remaining_cells=1 scans=2
RESULT turn=254 cell=16,9 result=MISS remaining_cells=1 active_clusters=1
turn=254 result=MISS
turn=255 picked cell=11,4 target_cluster=None active_clusters=1 remaining_cells=1 scans=2
RESULT turn=255 cell=11,4 result=MISS remaining_cells=1 active_clusters=1
turn=255 result=MISS
turn=256 picked cell=2,10 target_cluster=None active_clusters=1 remaining_cells=1 scans=2
RESULT turn=256 cell=2,10 result=MISS remaining_cells=1 active_clusters=1
turn=256 result=MISS
turn=257 picked cell=4,12 target_cluster=None active_clusters=1 remaining_cells=1 scans=2
RESULT turn=257 cell=4,12 result=MISS remaining_cells=1 active_clusters=1
turn=257 result=MISS
turn=258 picked cell=8,16 target_cluster=None active_clusters=1 remaining_cells=1 scans=2
RESULT turn=258 cell=8,16 result=MISS remaining_cells=1 active_clusters=1
turn=258 result=MISS
turn=259 picked cell=8,15 target_cluster=None active_clusters=1 remaining_cells=1 scans=2
RESULT turn=259 cell=8,15 result=MISS remaining_cells=1 active_clusters=1
turn=259 result=MISS
turn=260 picked cell=10,15 target_cluster=None active_clusters=1 remaining_cells=1 scans=2
RESULT turn=260 cell=10,15 result=MISS remaining_cells=1 active_clusters=1
turn=260 result=MISS
turn=261 picked cell=16,8 target_cluster=None active_clusters=1 remaining_cells=1 scans=2
RESULT turn=261 cell=16,8 result=MISS remaining_cells=1 active_clusters=1
turn=261 result=MISS
turn=262 picked cell=12,13 target_cluster=None active_clusters=1 remaining_cells=1 scans=2
RESULT turn=262 cell=12,13 result=MISS remaining_cells=1 active_clusters=1
turn=262 result=MISS
turn=263 picked cell=9,16 target_cluster=None active_clusters=1 remaining_cells=1 scans=2
RESULT turn=263 cell=9,16 result=MISS remaining_cells=1 active_clusters=1
turn=263 result=MISS
turn=264 picked cell=6,14 target_cluster=None active_clusters=1 remaining_cells=1 scans=2
RESULT turn=264 cell=6,14 result=MISS remaining_cells=1 active_clusters=1
turn=264 result=MISS
turn=265 picked cell=2,11 target_cluster=None active_clusters=1 remaining_cells=1 scans=2
RESULT turn=265 cell=2,11 result=MISS remaining_cells=1 active_clusters=1
turn=265 result=MISS
turn=266 picked cell=4,13 target_cluster=None active_clusters=1 remaining_cells=1 scans=2
RESULT turn=266 cell=4,13 result=MISS remaining_cells=1 active_clusters=1
turn=266 result=MISS
turn=267 picked cell=3,12 target_cluster=None active_clusters=1 remaining_cells=1 scans=2
RESULT turn=267 cell=3,12 result=MISS remaining_cells=1 active_clusters=1
turn=267 result=MISS
turn=268 picked cell=14,12 target_cluster=None active_clusters=1 remaining_cells=1 scans=2
RESULT turn=268 cell=14,12 result=MISS remaining_cells=1 active_clusters=1
turn=268 result=MISS
turn=269 picked cell=6,15 target_cluster=None active_clusters=1 remaining_cells=1 scans=2
RESULT turn=269 cell=6,15 result=MISS remaining_cells=1 active_clusters=1
turn=269 result=MISS
turn=270 picked cell=14,13 target_cluster=None active_clusters=1 remaining_cells=1 scans=2
RESULT turn=270 cell=14,13 result=MISS remaining_cells=1 active_clusters=1
turn=270 result=MISS
turn=271 picked cell=17,7 target_cluster=None active_clusters=1 remaining_cells=1 scans=2
RESULT turn=271 cell=17,7 result=MISS remaining_cells=1 active_clusters=1
turn=271 result=MISS
turn=272 picked cell=14,4 target_cluster=None active_clusters=1 remaining_cells=1 scans=2
RESULT turn=272 cell=14,4 result=MISS remaining_cells=1 active_clusters=1
turn=272 result=MISS
turn=273 picked cell=2,13 target_cluster=None active_clusters=1 remaining_cells=1 scans=2
RESULT turn=273 cell=2,13 result=MISS remaining_cells=1 active_clusters=1
turn=273 result=MISS
turn=274 picked cell=3,14 target_cluster=None active_clusters=1 remaining_cells=1 scans=2
RESULT turn=274 cell=3,14 result=MISS remaining_cells=1 active_clusters=1
turn=274 result=MISS
turn=275 picked cell=17,8 target_cluster=None active_clusters=1 remaining_cells=1 scans=2
RESULT turn=275 cell=17,8 result=MISS remaining_cells=1 active_clusters=1
turn=275 result=MISS
turn=276 picked cell=16,11 target_cluster=None active_clusters=1 remaining_cells=1 scans=2
RESULT turn=276 cell=16,11 result=MISS remaining_cells=1 active_clusters=1
turn=276 result=MISS
turn=277 picked cell=17,10 target_cluster=None active_clusters=1 remaining_cells=1 scans=2
RESULT turn=277 cell=17,10 result=MISS remaining_cells=1 active_clusters=1
turn=277 result=MISS
turn=278 picked cell=16,12 target_cluster=None active_clusters=1 remaining_cells=1 scans=2
RESULT turn=278 cell=16,12 result=MISS remaining_cells=1 active_clusters=1
turn=278 result=MISS
turn=279 picked cell=16,6 target_cluster=None active_clusters=1 remaining_cells=1 scans=2
RESULT turn=279 cell=16,6 result=MISS remaining_cells=1 active_clusters=1
turn=279 result=MISS
turn=280 picked cell=11,0 target_cluster=None active_clusters=1 remaining_cells=1 scans=2
RESULT turn=280 cell=11,0 result=MISS remaining_cells=1 active_clusters=1
turn=280 result=MISS
turn=281 picked cell=5,16 target_cluster=None active_clusters=1 remaining_cells=1 scans=2
RESULT turn=281 cell=5,16 result=MISS remaining_cells=1 active_clusters=1
turn=281 result=MISS
turn=282 picked cell=4,15 target_cluster=None active_clusters=1 remaining_cells=1 scans=2
RESULT turn=282 cell=4,15 result=MISS remaining_cells=1 active_clusters=1
turn=282 result=MISS
turn=283 picked cell=13,14 target_cluster=None active_clusters=1 remaining_cells=1 scans=2
RESULT turn=283 cell=13,14 result=MISS remaining_cells=1 active_clusters=1
turn=283 result=MISS
turn=284 picked cell=13,15 target_cluster=None active_clusters=1 remaining_cells=1 scans=2
RESULT turn=284 cell=13,15 result=MISS remaining_cells=1 active_clusters=1
turn=284 result=MISS
turn=285 picked cell=2,14 target_cluster=None active_clusters=1 remaining_cells=1 scans=2
RESULT turn=285 cell=2,14 result=MISS remaining_cells=1 active_clusters=1
turn=285 result=MISS
turn=286 picked cell=17,5 target_cluster=None active_clusters=1 remaining_cells=1 scans=2
RESULT turn=286 cell=17,5 result=MISS remaining_cells=1 active_clusters=1
turn=286 result=MISS
turn=287 picked cell=4,16 target_cluster=None active_clusters=1 remaining_cells=1 scans=2
RESULT turn=287 cell=4,16 result=MISS remaining_cells=1 active_clusters=1
turn=287 result=MISS
turn=288 picked cell=12,17 target_cluster=None active_clusters=1 remaining_cells=1 scans=2
RESULT turn=288 cell=12,17 result=MISS remaining_cells=1 active_clusters=1
turn=288 result=MISS
turn=289 picked cell=15,13 target_cluster=None active_clusters=1 remaining_cells=1 scans=2
RESULT turn=289 cell=15,13 result=MISS remaining_cells=1 active_clusters=1
turn=289 result=MISS
turn=290 picked cell=15,14 target_cluster=None active_clusters=1 remaining_cells=1 scans=2
RESULT turn=290 cell=15,14 result=MISS remaining_cells=1 active_clusters=1
turn=290 result=MISS
turn=291 picked cell=15,3 target_cluster=None active_clusters=1 remaining_cells=1 scans=2
RESULT turn=291 cell=15,3 result=MISS remaining_cells=1 active_clusters=1
turn=291 result=MISS
turn=292 picked cell=14,2 target_cluster=None active_clusters=1 remaining_cells=1 scans=2
RESULT turn=292 cell=14,2 result=KILL remaining_cells=1 active_clusters=1
turn=292 result=KILL
