GAME n=19 p=0.157327 remaining_cells=120 remaining=[0, 1, 2, 2, 2, 3, 5, 2, 3, 2]
turn=1 mode=SCAN region=0,0,8,8
turn=1 result=SCAN count=37
turn=2 mode=SCAN region=0,9,8,18
turn=2 result=SCAN count=16
turn=3 mode=SCAN region=9,0,18,8
turn=3 result=SCAN count=37
turn=4 mode=SCAN region=9,9,18,18
turn=4 result=SCAN count=30
turn=5 picked cell=8,6 target_cluster=None active_clusters=0 remaining_cells=120 scans=4
RESULT turn=5 cell=8,6 result=HIT remaining_cells=120 active_clusters=0
turn=5 result=HIT
turn=6 mode=CHASE cluster=0 cluster_len=1 cell=9,6 score=100003.010103 chase_score=5164.510103 prob=3.010103
turn=6 picked cell=9,6 target_cluster=Some(0) active_clusters=1 remaining_cells=119 scans=4
RESULT turn=6 cell=9,6 result=MISS remaining_cells=119 active_clusters=1
turn=6 result=MISS
turn=7 mode=CHASE cluster=0 cluster_len=1 cell=8,7 score=100003.193051 chase_score=5160.193051 prob=3.193051
turn=7 picked cell=8,7 target_cluster=Some(0) active_clusters=1 remaining_cells=119 scans=4
RESULT turn=7 cell=8,7 result=HIT remaining_cells=119 active_clusters=1
turn=7 result=HIT
turn=8 mode=CHASE cluster=0 cluster_len=2 cell=8,8 score=200003.234440 chase_score=10530.234440 prob=3.234440
turn=8 picked cell=8,8 target_cluster=Some(0) active_clusters=1 remaining_cells=118 scans=4
RESULT turn=8 cell=8,8 result=MISS remaining_cells=118 active_clusters=1
turn=8 result=MISS
turn=9 mode=CHASE cluster=0 cluster_len=2 cell=8,5 score=200002.158642 chase_score=10099.158642 prob=2.158642
turn=9 picked cell=8,5 target_cluster=Some(0) active_clusters=1 remaining_cells=118 scans=4
RESULT turn=9 cell=8,5 result=HIT remaining_cells=118 active_clusters=1
turn=9 result=HIT
turn=10 mode=CHASE cluster=0 cluster_len=3 cell=8,4 score=300002.204112 chase_score=10093.204112 prob=2.204112
turn=10 picked cell=8,4 target_cluster=Some(0) active_clusters=1 remaining_cells=117 scans=4
RESULT turn=10 cell=8,4 result=HIT remaining_cells=117 active_clusters=1
turn=10 result=HIT
turn=11 mode=CHASE cluster=0 cluster_len=4 cell=8,3 score=400002.204112 chase_score=10085.204112 prob=2.204112
turn=11 picked cell=8,3 target_cluster=Some(0) active_clusters=1 remaining_cells=116 scans=4
RESULT turn=11 cell=8,3 result=HIT remaining_cells=116 active_clusters=1
turn=11 result=HIT
turn=12 mode=CHASE cluster=0 cluster_len=5 cell=8,2 score=500002.158642 chase_score=10070.158642 prob=2.158642
turn=12 picked cell=8,2 target_cluster=Some(0) active_clusters=1 remaining_cells=115 scans=4
RESULT turn=12 cell=8,2 result=MISS remaining_cells=115 active_clusters=1
turn=12 result=MISS
turn=13 mode=CHASE cluster=0 cluster_len=5 cell=7,7 score=500003.319450 chase_score=5003.319450 prob=3.319450
turn=13 picked cell=7,7 target_cluster=Some(0) active_clusters=1 remaining_cells=115 scans=4
RESULT turn=13 cell=7,7 result=HIT remaining_cells=115 active_clusters=1
turn=13 result=HIT
turn=14 mode=CHASE cluster=0 cluster_len=6 cell=6,7 score=600003.219896 chase_score=5003.219896 prob=3.219896
turn=14 picked cell=6,7 target_cluster=Some(0) active_clusters=1 remaining_cells=114 scans=4
RESULT turn=14 cell=6,7 result=HIT remaining_cells=114 active_clusters=1
turn=14 result=HIT
turn=15 mode=CHASE cluster=0 cluster_len=7 cell=7,5 score=700003.089454 chase_score=5003.089454 prob=3.089454
turn=15 picked cell=7,5 target_cluster=Some(0) active_clusters=1 remaining_cells=113 scans=4
RESULT turn=15 cell=7,5 result=HIT remaining_cells=113 active_clusters=1
turn=15 result=HIT
turn=16 mode=CHASE cluster=0 cluster_len=8 cell=5,7 score=800003.089454 chase_score=5003.089454 prob=3.089454
turn=16 picked cell=5,7 target_cluster=Some(0) active_clusters=1 remaining_cells=112 scans=4
RESULT turn=16 cell=5,7 result=MISS remaining_cells=112 active_clusters=1
turn=16 result=MISS
turn=17 mode=CHASE cluster=0 cluster_len=8 cell=6,5 score=800003.079254 chase_score=5003.079254 prob=3.079254
turn=17 picked cell=6,5 target_cluster=Some(0) active_clusters=1 remaining_cells=112 scans=4
RESULT turn=17 cell=6,5 result=HIT remaining_cells=112 active_clusters=1
turn=17 result=HIT
turn=18 mode=CHASE cluster=0 cluster_len=9 cell=7,4 score=900002.982270 chase_score=5002.982270 prob=2.982270
turn=18 picked cell=7,4 target_cluster=Some(0) active_clusters=1 remaining_cells=111 scans=4
RESULT turn=18 cell=7,4 result=HIT remaining_cells=111 active_clusters=1
turn=18 result=HIT
turn=19 mode=CHASE cluster=0 cluster_len=10 cell=6,4 score=1000002.879363 chase_score=5002.879363 prob=2.879363
turn=19 picked cell=6,4 target_cluster=Some(0) active_clusters=1 remaining_cells=110 scans=4
RESULT turn=19 cell=6,4 result=HIT remaining_cells=110 active_clusters=1
turn=19 result=HIT
turn=20 mode=CHASE cluster=0 cluster_len=11 cell=7,3 score=1100002.751093 chase_score=5002.751093 prob=2.751093
turn=20 picked cell=7,3 target_cluster=Some(0) active_clusters=1 remaining_cells=109 scans=4
RESULT turn=20 cell=7,3 result=HIT remaining_cells=109 active_clusters=1
turn=20 result=HIT
turn=21 mode=CHASE cluster=0 cluster_len=12 cell=6,3 score=1200002.648186 chase_score=5002.648186 prob=2.648186
turn=21 picked cell=6,3 target_cluster=Some(0) active_clusters=1 remaining_cells=108 scans=4
RESULT turn=21 cell=6,3 result=HIT remaining_cells=108 active_clusters=1
turn=21 result=HIT
turn=22 mode=CHASE cluster=0 cluster_len=13 cell=6,6 score=1300002.252446 chase_score=5002.252446 prob=2.252446
turn=22 picked cell=6,6 target_cluster=Some(0) active_clusters=1 remaining_cells=107 scans=4
RESULT turn=22 cell=6,6 result=HIT remaining_cells=107 active_clusters=1
turn=22 result=HIT
turn=23 mode=CHASE cluster=0 cluster_len=14 cell=6,8 score=1400002.141935 chase_score=5002.141935 prob=2.141935
turn=23 picked cell=6,8 target_cluster=Some(0) active_clusters=1 remaining_cells=106 scans=4
RESULT turn=23 cell=6,8 result=MISS remaining_cells=106 active_clusters=1
turn=23 result=MISS
turn=24 mode=CHASE cluster=0 cluster_len=14 cell=7,6 score=1400002.138444 chase_score=5002.138444 prob=2.138444
turn=24 picked cell=7,6 target_cluster=Some(0) active_clusters=1 remaining_cells=106 scans=4
RESULT turn=24 cell=7,6 result=HIT remaining_cells=106 active_clusters=1
turn=24 result=HIT
turn=25 mode=CHASE cluster=0 cluster_len=15 cell=9,3 score=1500002.023381 chase_score=5002.023381 prob=2.023381
turn=25 picked cell=9,3 target_cluster=Some(0) active_clusters=1 remaining_cells=105 scans=4
RESULT turn=25 cell=9,3 result=HIT remaining_cells=105 active_clusters=1
turn=25 result=HIT
turn=26 mode=CHASE cluster=0 cluster_len=16 cell=10,3 score=1600002.853276 chase_score=5002.853276 prob=2.853276
turn=26 picked cell=10,3 target_cluster=Some(0) active_clusters=1 remaining_cells=104 scans=4
RESULT turn=26 cell=10,3 result=MISS remaining_cells=104 active_clusters=1
turn=26 result=MISS
turn=27 mode=CHASE cluster=0 cluster_len=16 cell=9,4 score=1600002.047590 chase_score=5002.047590 prob=2.047590
turn=27 picked cell=9,4 target_cluster=Some(0) active_clusters=1 remaining_cells=104 scans=4
RESULT turn=27 cell=9,4 result=HIT remaining_cells=104 active_clusters=1
turn=27 result=HIT
turn=28 mode=CHASE cluster=0 cluster_len=17 cell=10,4 score=1700002.120142 chase_score=5002.120142 prob=2.120142
turn=28 picked cell=10,4 target_cluster=Some(0) active_clusters=1 remaining_cells=103 scans=4
RESULT turn=28 cell=10,4 result=MISS remaining_cells=103 active_clusters=1
turn=28 result=MISS
turn=29 mode=CHASE cluster=0 cluster_len=17 cell=9,5 score=1700002.020118 chase_score=5002.020118 prob=2.020118
turn=29 picked cell=9,5 target_cluster=Some(0) active_clusters=1 remaining_cells=103 scans=4
RESULT turn=29 cell=9,5 result=MISS remaining_cells=103 active_clusters=1
turn=29 result=MISS
turn=30 mode=CHASE cluster=0 cluster_len=17 cell=7,8 score=1700001.918247 chase_score=5001.918247 prob=1.918247
turn=30 picked cell=7,8 target_cluster=Some(0) active_clusters=1 remaining_cells=103 scans=4
RESULT turn=30 cell=7,8 result=MISS remaining_cells=103 active_clusters=1
turn=30 result=MISS
turn=31 mode=CHASE cluster=0 cluster_len=17 cell=5,3 score=1700001.499415 chase_score=5001.499415 prob=1.499415
turn=31 picked cell=5,3 target_cluster=Some(0) active_clusters=1 remaining_cells=103 scans=4
RESULT turn=31 cell=5,3 result=HIT remaining_cells=103 active_clusters=1
turn=31 result=HIT
turn=32 mode=CHASE cluster=0 cluster_len=18 cell=4,3 score=1800002.247063 chase_score=5002.247063 prob=2.247063
turn=32 picked cell=4,3 target_cluster=Some(0) active_clusters=1 remaining_cells=102 scans=4
RESULT turn=32 cell=4,3 result=HIT remaining_cells=102 active_clusters=1
turn=32 result=HIT
turn=33 mode=CHASE cluster=0 cluster_len=19 cell=4,4 score=1900002.504194 chase_score=5002.504194 prob=2.504194
turn=33 picked cell=4,4 target_cluster=Some(0) active_clusters=1 remaining_cells=101 scans=4
RESULT turn=33 cell=4,4 result=HIT remaining_cells=101 active_clusters=1
turn=33 result=HIT
turn=34 mode=CHASE cluster=0 cluster_len=20 cell=4,5 score=2000002.504194 chase_score=5002.504194 prob=2.504194
turn=34 picked cell=4,5 target_cluster=Some(0) active_clusters=1 remaining_cells=100 scans=4
RESULT turn=34 cell=4,5 result=HIT remaining_cells=100 active_clusters=1
turn=34 result=HIT
turn=35 mode=CHASE cluster=0 cluster_len=21 cell=4,6 score=2100002.655576 chase_score=5002.655576 prob=2.655576
turn=35 picked cell=4,6 target_cluster=Some(0) active_clusters=1 remaining_cells=99 scans=4
RESULT turn=35 cell=4,6 result=HIT remaining_cells=99 active_clusters=1
turn=35 result=HIT
turn=36 mode=CHASE cluster=0 cluster_len=22 cell=3,6 score=2200002.621442 chase_score=5002.621442 prob=2.621442
turn=36 picked cell=3,6 target_cluster=Some(0) active_clusters=1 remaining_cells=98 scans=4
RESULT turn=36 cell=3,6 result=HIT remaining_cells=98 active_clusters=1
turn=36 result=HIT
turn=37 mode=CHASE cluster=0 cluster_len=23 cell=2,6 score=2300002.498217 chase_score=5002.498217 prob=2.498217
turn=37 picked cell=2,6 target_cluster=Some(0) active_clusters=1 remaining_cells=97 scans=4
RESULT turn=37 cell=2,6 result=HIT remaining_cells=97 active_clusters=1
turn=37 result=HIT
turn=38 mode=CHASE cluster=0 cluster_len=24 cell=3,5 score=2400002.470060 chase_score=5002.470060 prob=2.470060
turn=38 picked cell=3,5 target_cluster=Some(0) active_clusters=1 remaining_cells=96 scans=4
RESULT turn=38 cell=3,5 result=MISS remaining_cells=96 active_clusters=1
turn=38 result=MISS
turn=39 mode=CHASE cluster=0 cluster_len=24 cell=1,6 score=2400002.377990 chase_score=5002.377990 prob=2.377990
turn=39 picked cell=1,6 target_cluster=Some(0) active_clusters=1 remaining_cells=96 scans=4
RESULT turn=39 cell=1,6 result=HIT remaining_cells=96 active_clusters=1
turn=39 result=HIT
turn=40 mode=CHASE cluster=0 cluster_len=25 cell=0,6 score=2500002.129224 chase_score=5002.129224 prob=2.129224
turn=40 picked cell=0,6 target_cluster=Some(0) active_clusters=1 remaining_cells=95 scans=4
RESULT turn=40 cell=0,6 result=HIT remaining_cells=95 active_clusters=1
turn=40 result=HIT
turn=41 mode=CHASE cluster=0 cluster_len=26 cell=2,7 score=2600002.071792 chase_score=5002.071792 prob=2.071792
turn=41 picked cell=2,7 target_cluster=Some(0) active_clusters=1 remaining_cells=94 scans=4
RESULT turn=41 cell=2,7 result=MISS remaining_cells=94 active_clusters=1
turn=41 result=MISS
turn=42 mode=CHASE cluster=0 cluster_len=26 cell=4,7 score=2600001.993729 chase_score=5001.993729 prob=1.993729
turn=42 picked cell=4,7 target_cluster=Some(0) active_clusters=1 remaining_cells=94 scans=4
RESULT turn=42 cell=4,7 result=MISS remaining_cells=94 active_clusters=1
turn=42 result=MISS
turn=43 mode=CHASE cluster=0 cluster_len=26 cell=1,7 score=2600002.033999 chase_score=5002.033999 prob=2.033999
turn=43 picked cell=1,7 target_cluster=Some(0) active_clusters=1 remaining_cells=94 scans=4
RESULT turn=43 cell=1,7 result=MISS remaining_cells=94 active_clusters=1
turn=43 result=MISS
turn=44 mode=CHASE cluster=0 cluster_len=26 cell=0,7 score=2600002.067451 chase_score=5002.067451 prob=2.067451
turn=44 picked cell=0,7 target_cluster=Some(0) active_clusters=1 remaining_cells=94 scans=4
RESULT turn=44 cell=0,7 result=HIT remaining_cells=94 active_clusters=1
turn=44 result=HIT
turn=45 mode=CHASE cluster=0 cluster_len=27 cell=0,8 score=2700002.278949 chase_score=5002.278949 prob=2.278949
turn=45 picked cell=0,8 target_cluster=Some(0) active_clusters=1 remaining_cells=93 scans=4
RESULT turn=45 cell=0,8 result=HIT remaining_cells=93 active_clusters=1
turn=45 result=HIT
turn=46 mode=CHASE cluster=0 cluster_len=28 cell=0,9 score=2800002.444394 chase_score=5002.444394 prob=2.444394
turn=46 picked cell=0,9 target_cluster=Some(0) active_clusters=1 remaining_cells=92 scans=4
RESULT turn=46 cell=0,9 result=HIT remaining_cells=92 active_clusters=1
turn=46 result=HIT
turn=47 mode=CHASE cluster=0 cluster_len=29 cell=0,10 score=2900002.444394 chase_score=5002.444394 prob=2.444394
turn=47 picked cell=0,10 target_cluster=Some(0) active_clusters=1 remaining_cells=91 scans=4
RESULT turn=47 cell=0,10 result=HIT remaining_cells=91 active_clusters=1
turn=47 result=HIT
turn=48 mode=CHASE cluster=0 cluster_len=30 cell=0,11 score=3000002.387358 chase_score=5002.387358 prob=2.387358
turn=48 picked cell=0,11 target_cluster=Some(0) active_clusters=1 remaining_cells=90 scans=4
RESULT turn=48 cell=0,11 result=KILL remaining_cells=90 active_clusters=1
turn=48 result=KILL
turn=48 kill_infer inferred_len=6 committed_hits=5 cluster_hits=30
turn=49 mode=CHASE cluster=0 cluster_len=25 cell=9,7 score=2500001.570478 chase_score=5001.570478 prob=1.570478
turn=49 picked cell=9,7 target_cluster=Some(0) active_clusters=1 remaining_cells=89 scans=4
RESULT turn=49 cell=9,7 result=HIT remaining_cells=89 active_clusters=1
turn=49 result=HIT
turn=50 mode=CHASE cluster=0 cluster_len=26 cell=10,7 score=2600002.477838 chase_score=5002.477838 prob=2.477838
turn=50 picked cell=10,7 target_cluster=Some(0) active_clusters=1 remaining_cells=88 scans=4
RESULT turn=50 cell=10,7 result=HIT remaining_cells=88 active_clusters=1
turn=50 result=HIT
turn=51 mode=CHASE cluster=0 cluster_len=27 cell=11,7 score=2700003.777570 chase_score=5003.777570 prob=3.777570
turn=51 picked cell=11,7 target_cluster=Some(0) active_clusters=1 remaining_cells=87 scans=4
RESULT turn=51 cell=11,7 result=HIT remaining_cells=87 active_clusters=1
turn=51 result=HIT
turn=52 mode=CHASE cluster=0 cluster_len=28 cell=12,7 score=2800003.817652 chase_score=5003.817652 prob=3.817652
turn=52 picked cell=12,7 target_cluster=Some(0) active_clusters=1 remaining_cells=86 scans=4
RESULT turn=52 cell=12,7 result=HIT remaining_cells=86 active_clusters=1
turn=52 result=HIT
turn=53 mode=CHASE cluster=0 cluster_len=29 cell=13,7 score=2900003.777570 chase_score=5003.777570 prob=3.777570
turn=53 picked cell=13,7 target_cluster=Some(0) active_clusters=1 remaining_cells=85 scans=4
RESULT turn=53 cell=13,7 result=HIT remaining_cells=85 active_clusters=1
turn=53 result=HIT
turn=54 mode=CHASE cluster=0 cluster_len=30 cell=14,7 score=3000003.598886 chase_score=5003.598886 prob=3.598886
turn=54 picked cell=14,7 target_cluster=Some(0) active_clusters=1 remaining_cells=84 scans=4
RESULT turn=54 cell=14,7 result=KILL remaining_cells=84 active_clusters=1
turn=54 result=KILL
turn=54 kill_infer inferred_len=9 committed_hits=8 cluster_hits=30
turn=55 mode=CHASE cluster=0 cluster_len=22 cell=5,4 score=2200001.630248 chase_score=5001.630248 prob=1.630248
turn=55 picked cell=5,4 target_cluster=Some(0) active_clusters=1 remaining_cells=83 scans=4
RESULT turn=55 cell=5,4 result=HIT remaining_cells=83 active_clusters=1
turn=55 result=HIT
turn=56 mode=CHASE cluster=0 cluster_len=23 cell=3,3 score=2300001.217944 chase_score=5001.217944 prob=1.217944
turn=56 picked cell=3,3 target_cluster=Some(0) active_clusters=1 remaining_cells=82 scans=4
RESULT turn=56 cell=3,3 result=KILL remaining_cells=82 active_clusters=1
turn=56 result=KILL
turn=56 kill_infer inferred_len=7 committed_hits=6 cluster_hits=23
turn=57 mode=CHASE cluster=0 cluster_len=17 cell=3,4 score=1700001.025690 chase_score=5001.025690 prob=1.025690
turn=57 picked cell=3,4 target_cluster=Some(0) active_clusters=1 remaining_cells=81 scans=4
RESULT turn=57 cell=3,4 result=KILL remaining_cells=81 active_clusters=1
turn=57 result=KILL
turn=57 kill_infer inferred_len=7 committed_hits=6 cluster_hits=17
turn=58 mode=CHASE cluster=0 cluster_len=6 cell=5,6 score=600000.644131 chase_score=5000.644131 prob=0.644131
turn=58 mode=CHASE cluster=1 cluster_len=5 cell=5,6 score=500000.644131 chase_score=5000.644131 prob=0.644131
turn=58 picked cell=5,6 target_cluster=Some(0) active_clusters=2 remaining_cells=80 scans=4
RESULT turn=58 cell=5,6 result=KILL remaining_cells=80 active_clusters=2
turn=58 result=KILL
turn=58 kill_infer inferred_len=4 committed_hits=3 cluster_hits=6
turn=59 mode=CHASE cluster=0 cluster_len=5 cell=3,7 score=500000.555375 chase_score=5000.555375 prob=0.555375
turn=59 mode=CHASE cluster=1 cluster_len=3 cell=5,5 score=300000.122206 chase_score=10019.122206 prob=0.122206
turn=59 picked cell=3,7 target_cluster=Some(0) active_clusters=2 remaining_cells=79 scans=4
RESULT turn=59 cell=3,7 result=MISS remaining_cells=79 active_clusters=2
turn=59 result=MISS
turn=60 mode=CHASE cluster=0 cluster_len=5 cell=1,5 score=500000.351498 chase_score=5000.351498 prob=0.351498
turn=60 mode=CHASE cluster=1 cluster_len=3 cell=5,5 score=300000.122933 chase_score=10019.122933 prob=0.122933
turn=60 picked cell=1,5 target_cluster=Some(0) active_clusters=2 remaining_cells=79 scans=4
RESULT turn=60 cell=1,5 result=MISS remaining_cells=79 active_clusters=2
turn=60 result=MISS
turn=61 mode=CHASE cluster=0 cluster_len=5 cell=2,5 score=500000.316597 chase_score=5000.316597 prob=0.316597
turn=61 mode=CHASE cluster=1 cluster_len=3 cell=5,5 score=300000.123394 chase_score=10019.123394 prob=0.123394
turn=61 picked cell=2,5 target_cluster=Some(0) active_clusters=2 remaining_cells=79 scans=4
RESULT turn=61 cell=2,5 result=MISS remaining_cells=79 active_clusters=2
turn=61 result=MISS
turn=62 mode=CHASE cluster=0 cluster_len=5 cell=5,5 score=500000.123803 chase_score=5000.123803 prob=0.123803
turn=62 mode=CHASE cluster=1 cluster_len=3 cell=5,5 score=300000.123803 chase_score=10019.123803 prob=0.123803
turn=62 picked cell=5,5 target_cluster=Some(0) active_clusters=2 remaining_cells=79 scans=4
RESULT turn=62 cell=5,5 result=KILL remaining_cells=79 active_clusters=2
turn=62 result=KILL
turn=62 kill_infer inferred_len=2 committed_hits=1 cluster_hits=5
turn=63 picked cell=15,8 target_cluster=None active_clusters=2 remaining_cells=78 scans=4
RESULT turn=63 cell=15,8 result=HIT remaining_cells=78 active_clusters=2
turn=63 result=HIT
turn=64 mode=CHASE cluster=2 cluster_len=1 cell=15,9 score=100002.866171 chase_score=5114.366171 prob=2.866171
turn=64 picked cell=15,9 target_cluster=Some(2) active_clusters=3 remaining_cells=77 scans=4
RESULT turn=64 cell=15,9 result=MISS remaining_cells=77 active_clusters=3
turn=64 result=MISS
turn=65 mode=CHASE cluster=2 cluster_len=1 cell=14,8 score=100001.362441 chase_score=5069.362441 prob=1.362441
turn=65 picked cell=14,8 target_cluster=Some(2) active_clusters=3 remaining_cells=77 scans=4
RESULT turn=65 cell=14,8 result=HIT remaining_cells=77 active_clusters=3
turn=65 result=HIT
turn=66 mode=CHASE cluster=2 cluster_len=2 cell=13,8 score=200001.362441 chase_score=10246.362441 prob=1.362441
turn=66 picked cell=13,8 target_cluster=Some(2) active_clusters=3 remaining_cells=76 scans=4
RESULT turn=66 cell=13,8 result=HIT remaining_cells=76 active_clusters=3
turn=66 result=HIT
turn=67 mode=CHASE cluster=2 cluster_len=3 cell=16,8 score=300002.684716 chase_score=10198.684716 prob=2.684716
turn=67 picked cell=16,8 target_cluster=Some(2) active_clusters=3 remaining_cells=75 scans=4
RESULT turn=67 cell=16,8 result=HIT remaining_cells=75 active_clusters=3
turn=67 result=HIT
turn=68 mode=CHASE cluster=2 cluster_len=4 cell=12,8 score=400001.238839 chase_score=10154.238839 prob=1.238839
turn=68 picked cell=12,8 target_cluster=Some(2) active_clusters=3 remaining_cells=74 scans=4
RESULT turn=68 cell=12,8 result=HIT remaining_cells=74 active_clusters=3
turn=68 result=HIT
turn=69 mode=CHASE cluster=2 cluster_len=5 cell=11,8 score=500001.103635 chase_score=10115.103635 prob=1.103635
turn=69 picked cell=11,8 target_cluster=Some(2) active_clusters=3 remaining_cells=73 scans=4
RESULT turn=69 cell=11,8 result=MISS remaining_cells=73 active_clusters=3
turn=69 result=MISS
turn=70 mode=CHASE cluster=2 cluster_len=5 cell=17,8 score=500002.216007 chase_score=10026.216007 prob=2.216007
turn=70 picked cell=17,8 target_cluster=Some(2) active_clusters=3 remaining_cells=73 scans=4
RESULT turn=70 cell=17,8 result=KILL remaining_cells=73 active_clusters=3
turn=70 result=KILL
turn=70 kill_infer inferred_len=6 committed_hits=5 cluster_hits=5
turn=71 picked cell=10,13 target_cluster=None active_clusters=2 remaining_cells=72 scans=4
RESULT turn=71 cell=10,13 result=HIT remaining_cells=72 active_clusters=2
turn=71 result=HIT
turn=72 mode=CHASE cluster=2 cluster_len=1 cell=9,13 score=100003.211998 chase_score=5107.211998 prob=3.211998
turn=72 picked cell=9,13 target_cluster=Some(2) active_clusters=3 remaining_cells=71 scans=4
RESULT turn=72 cell=9,13 result=MISS remaining_cells=71 active_clusters=3
turn=72 result=MISS
turn=73 mode=CHASE cluster=2 cluster_len=1 cell=10,14 score=100003.313602 chase_score=5078.063602 prob=3.313602
turn=73 picked cell=10,14 target_cluster=Some(2) active_clusters=3 remaining_cells=71 scans=4
RESULT turn=73 cell=10,14 result=HIT remaining_cells=71 active_clusters=3
turn=73 result=HIT
turn=74 mode=CHASE cluster=2 cluster_len=2 cell=10,12 score=200003.313602 chase_score=10257.313602 prob=3.313602
turn=74 picked cell=10,12 target_cluster=Some(2) active_clusters=3 remaining_cells=70 scans=4
RESULT turn=74 cell=10,12 result=HIT remaining_cells=70 active_clusters=3
turn=74 result=HIT
turn=75 mode=CHASE cluster=2 cluster_len=3 cell=10,11 score=300003.195006 chase_score=10214.195006 prob=3.195006
turn=75 picked cell=10,11 target_cluster=Some(2) active_clusters=3 remaining_cells=69 scans=4
RESULT turn=75 cell=10,11 result=HIT remaining_cells=69 active_clusters=3
turn=75 result=HIT
turn=76 mode=CHASE cluster=2 cluster_len=4 cell=10,15 score=400003.195006 chase_score=10177.195006 prob=3.195006
turn=76 picked cell=10,15 target_cluster=Some(2) active_clusters=3 remaining_cells=68 scans=4
RESULT turn=76 cell=10,15 result=HIT remaining_cells=68 active_clusters=3
turn=76 result=HIT
turn=77 mode=CHASE cluster=2 cluster_len=5 cell=10,10 score=500002.956979 chase_score=10119.956979 prob=2.956979
turn=77 picked cell=10,10 target_cluster=Some(2) active_clusters=3 remaining_cells=67 scans=4
RESULT turn=77 cell=10,10 result=HIT remaining_cells=67 active_clusters=3
turn=77 result=HIT
turn=78 mode=CHASE cluster=2 cluster_len=6 cell=10,16 score=600002.956979 chase_score=10077.956979 prob=2.956979
turn=78 picked cell=10,16 target_cluster=Some(2) active_clusters=3 remaining_cells=66 scans=4
RESULT turn=78 cell=10,16 result=MISS remaining_cells=66 active_clusters=3
turn=78 result=MISS
turn=79 mode=CHASE cluster=2 cluster_len=6 cell=10,9 score=600001.969969 chase_score=10025.969969 prob=1.969969
turn=79 picked cell=10,9 target_cluster=Some(2) active_clusters=3 remaining_cells=66 scans=4
RESULT turn=79 cell=10,9 result=HIT remaining_cells=66 active_clusters=3
turn=79 result=HIT
turn=80 mode=CHASE cluster=2 cluster_len=7 cell=10,8 score=700000.284394 chase_score=10024.284394 prob=0.284394
turn=80 picked cell=10,8 target_cluster=Some(2) active_clusters=3 remaining_cells=65 scans=4
RESULT turn=80 cell=10,8 result=KILL remaining_cells=65 active_clusters=3
turn=80 result=KILL
turn=80 kill_infer inferred_len=8 committed_hits=7 cluster_hits=7
turn=81 picked cell=15,5 target_cluster=None active_clusters=2 remaining_cells=64 scans=4
RESULT turn=81 cell=15,5 result=MISS remaining_cells=64 active_clusters=2
turn=81 result=MISS
turn=82 picked cell=18,6 target_cluster=None active_clusters=2 remaining_cells=64 scans=4
RESULT turn=82 cell=18,6 result=MISS remaining_cells=64 active_clusters=2
turn=82 result=MISS
turn=83 picked cell=11,1 target_cluster=None active_clusters=2 remaining_cells=64 scans=4
RESULT turn=83 cell=11,1 result=HIT remaining_cells=64 active_clusters=2
turn=83 result=HIT
turn=84 mode=CHASE cluster=2 cluster_len=1 cell=10,1 score=100002.592813 chase_score=5092.592813 prob=2.592813
turn=84 picked cell=10,1 target_cluster=Some(2) active_clusters=3 remaining_cells=63 scans=4
RESULT turn=84 cell=10,1 result=HIT remaining_cells=63 active_clusters=3
turn=84 result=HIT
turn=85 mode=CHASE cluster=2 cluster_len=2 cell=12,1 score=200002.722159 chase_score=10292.722159 prob=2.722159
turn=85 picked cell=12,1 target_cluster=Some(2) active_clusters=3 remaining_cells=62 scans=4
RESULT turn=85 cell=12,1 result=HIT remaining_cells=62 active_clusters=3
turn=85 result=HIT
turn=86 mode=CHASE cluster=2 cluster_len=3 cell=9,1 score=300002.592813 chase_score=10224.592813 prob=2.592813
turn=86 picked cell=9,1 target_cluster=Some(2) active_clusters=3 remaining_cells=61 scans=4
RESULT turn=86 cell=9,1 result=HIT remaining_cells=61 active_clusters=3
turn=86 result=HIT
turn=87 mode=CHASE cluster=2 cluster_len=4 cell=8,1 score=400002.560378 chase_score=10162.560378 prob=2.560378
turn=87 picked cell=8,1 target_cluster=Some(2) active_clusters=3 remaining_cells=60 scans=4
RESULT turn=87 cell=8,1 result=HIT remaining_cells=60 active_clusters=3
turn=87 result=HIT
turn=88 mode=CHASE cluster=2 cluster_len=5 cell=13,1 score=500002.544587 chase_score=10104.544587 prob=2.544587
turn=88 picked cell=13,1 target_cluster=Some(2) active_clusters=3 remaining_cells=59 scans=4
RESULT turn=88 cell=13,1 result=HIT remaining_cells=59 active_clusters=3
turn=88 result=HIT
turn=89 mode=CHASE cluster=2 cluster_len=6 cell=7,1 score=600002.519757 chase_score=10061.519757 prob=2.519757
turn=89 picked cell=7,1 target_cluster=Some(2) active_clusters=3 remaining_cells=58 scans=4
RESULT turn=89 cell=7,1 result=KILL remaining_cells=58 active_clusters=3
turn=89 result=KILL
turn=89 kill_infer inferred_len=6 committed_hits=5 cluster_hits=6
turn=90 mode=CHASE cluster=2 cluster_len=1 cell=13,2 score=100001.924099 chase_score=5020.924099 prob=1.924099
turn=90 picked cell=13,2 target_cluster=Some(2) active_clusters=3 remaining_cells=57 scans=4
RESULT turn=90 cell=13,2 result=MISS remaining_cells=57 active_clusters=3
turn=90 result=MISS
turn=91 mode=CHASE cluster=2 cluster_len=1 cell=14,1 score=100000.750002 chase_score=5010.500002 prob=0.750002
turn=91 picked cell=14,1 target_cluster=Some(2) active_clusters=3 remaining_cells=57 scans=4
RESULT turn=91 cell=14,1 result=HIT remaining_cells=57 active_clusters=3
turn=91 result=HIT
turn=92 mode=CHASE cluster=2 cluster_len=2 cell=15,1 score=200000.581972 chase_score=10037.581972 prob=0.581972
turn=92 picked cell=15,1 target_cluster=Some(2) active_clusters=3 remaining_cells=56 scans=4
RESULT turn=92 cell=15,1 result=HIT remaining_cells=56 active_clusters=3
turn=92 result=HIT
turn=93 mode=CHASE cluster=2 cluster_len=3 cell=16,1 score=300000.915641 chase_score=10031.915641 prob=0.915641
turn=93 picked cell=16,1 target_cluster=Some(2) active_clusters=3 remaining_cells=55 scans=4
RESULT turn=93 cell=16,1 result=HIT remaining_cells=55 active_clusters=3
turn=93 result=HIT
turn=94 mode=CHASE cluster=2 cluster_len=4 cell=17,1 score=400000.868581 chase_score=10027.868581 prob=0.868581
turn=94 picked cell=17,1 target_cluster=Some(2) active_clusters=3 remaining_cells=54 scans=4
RESULT turn=94 cell=17,1 result=KILL remaining_cells=54 active_clusters=3
turn=94 result=KILL
turn=94 kill_infer inferred_len=5 committed_hits=4 cluster_hits=4
turn=95 picked cell=11,17 target_cluster=None active_clusters=2 remaining_cells=53 scans=4
RESULT turn=95 cell=11,17 result=MISS remaining_cells=53 active_clusters=2
turn=95 result=MISS
turn=96 picked cell=12,13 target_cluster=None active_clusters=2 remaining_cells=53 scans=4
RESULT turn=96 cell=12,13 result=HIT remaining_cells=53 active_clusters=2
turn=96 result=HIT
turn=97 mode=CHASE cluster=2 cluster_len=1 cell=12,14 score=100001.952556 chase_score=5049.952556 prob=1.952556
turn=97 picked cell=12,14 target_cluster=Some(2) active_clusters=3 remaining_cells=52 scans=4
RESULT turn=97 cell=12,14 result=HIT remaining_cells=52 active_clusters=3
turn=97 result=HIT
turn=98 mode=CHASE cluster=2 cluster_len=2 cell=12,12 score=200001.821550 chase_score=10159.821550 prob=1.821550
turn=98 picked cell=12,12 target_cluster=Some(2) active_clusters=3 remaining_cells=51 scans=4
RESULT turn=98 cell=12,12 result=HIT remaining_cells=51 active_clusters=3
turn=98 result=HIT
turn=99 mode=CHASE cluster=2 cluster_len=3 cell=12,15 score=300001.821550 chase_score=10127.821550 prob=1.821550
turn=99 picked cell=12,15 target_cluster=Some(2) active_clusters=3 remaining_cells=50 scans=4
RESULT turn=99 cell=12,15 result=HIT remaining_cells=50 active_clusters=3
turn=99 result=HIT
turn=100 mode=CHASE cluster=2 cluster_len=4 cell=12,11 score=400001.669459 chase_score=10101.669459 prob=1.669459
turn=100 picked cell=12,11 target_cluster=Some(2) active_clusters=3 remaining_cells=49 scans=4
RESULT turn=100 cell=12,11 result=HIT remaining_cells=49 active_clusters=3
turn=100 result=HIT
turn=101 mode=CHASE cluster=2 cluster_len=5 cell=12,16 score=500001.669459 chase_score=10079.669459 prob=1.669459
turn=101 picked cell=12,16 target_cluster=Some(2) active_clusters=3 remaining_cells=48 scans=4
RESULT turn=101 cell=12,16 result=HIT remaining_cells=48 active_clusters=3
turn=101 result=HIT
turn=102 mode=CHASE cluster=2 cluster_len=6 cell=12,10 score=600001.356734 chase_score=10051.356734 prob=1.356734
turn=102 picked cell=12,10 target_cluster=Some(2) active_clusters=3 remaining_cells=47 scans=4
RESULT turn=102 cell=12,10 result=MISS remaining_cells=47 active_clusters=3
turn=102 result=MISS
turn=103 mode=CHASE cluster=2 cluster_len=6 cell=12,17 score=600000.731021 chase_score=10016.731021 prob=0.731021
turn=103 picked cell=12,17 target_cluster=Some(2) active_clusters=3 remaining_cells=47 scans=4
RESULT turn=103 cell=12,17 result=HIT remaining_cells=47 active_clusters=3
turn=103 result=HIT
turn=104 mode=CHASE cluster=2 cluster_len=7 cell=12,18 score=700002.903428 chase_score=10018.903428 prob=2.903428
turn=104 picked cell=12,18 target_cluster=Some(2) active_clusters=3 remaining_cells=46 scans=4
RESULT turn=104 cell=12,18 result=KILL remaining_cells=46 active_clusters=3
turn=104 result=KILL
turn=104 kill_infer inferred_len=8 committed_hits=7 cluster_hits=7
turn=105 picked cell=11,0 target_cluster=None active_clusters=2 remaining_cells=45 scans=4
RESULT turn=105 cell=11,0 result=HIT remaining_cells=45 active_clusters=2
turn=105 result=HIT
turn=106 mode=CHASE cluster=2 cluster_len=1 cell=10,0 score=100002.396090 chase_score=5065.896090 prob=2.396090
turn=106 picked cell=10,0 target_cluster=Some(2) active_clusters=3 remaining_cells=44 scans=4
RESULT turn=106 cell=10,0 result=HIT remaining_cells=44 active_clusters=3
turn=106 result=HIT
turn=107 mode=CHASE cluster=2 cluster_len=2 cell=9,0 score=200002.396090 chase_score=10205.396090 prob=2.396090
turn=107 picked cell=9,0 target_cluster=Some(2) active_clusters=3 remaining_cells=43 scans=4
RESULT turn=107 cell=9,0 result=HIT remaining_cells=43 active_clusters=3
turn=107 result=HIT
turn=108 mode=CHASE cluster=2 cluster_len=3 cell=8,0 score=300002.396090 chase_score=10156.396090 prob=2.396090
turn=108 picked cell=8,0 target_cluster=Some(2) active_clusters=3 remaining_cells=42 scans=4
RESULT turn=108 cell=8,0 result=MISS remaining_cells=42 active_clusters=3
turn=108 result=MISS
turn=109 mode=CHASE cluster=2 cluster_len=3 cell=12,0 score=300001.214579 chase_score=10044.214579 prob=1.214579
turn=109 picked cell=12,0 target_cluster=Some(2) active_clusters=3 remaining_cells=42 scans=4
RESULT turn=109 cell=12,0 result=HIT remaining_cells=42 active_clusters=3
turn=109 result=HIT
turn=110 mode=CHASE cluster=2 cluster_len=4 cell=13,0 score=400001.353160 chase_score=10040.353160 prob=1.353160
turn=110 picked cell=13,0 target_cluster=Some(2) active_clusters=3 remaining_cells=41 scans=4
RESULT turn=110 cell=13,0 result=KILL remaining_cells=41 active_clusters=3
turn=110 result=KILL
turn=110 kill_infer inferred_len=5 committed_hits=4 cluster_hits=4
turn=111 picked cell=13,13 target_cluster=None active_clusters=2 remaining_cells=40 scans=4
RESULT turn=111 cell=13,13 result=MISS remaining_cells=40 active_clusters=2
turn=111 result=MISS
turn=112 picked cell=14,12 target_cluster=None active_clusters=2 remaining_cells=40 scans=4
RESULT turn=112 cell=14,12 result=MISS remaining_cells=40 active_clusters=2
turn=112 result=MISS
turn=113 picked cell=5,10 target_cluster=None active_clusters=2 remaining_cells=40 scans=4
RESULT turn=113 cell=5,10 result=MISS remaining_cells=40 active_clusters=2
turn=113 result=MISS
turn=114 picked cell=4,11 target_cluster=None active_clusters=2 remaining_cells=40 scans=4
RESULT turn=114 cell=4,11 result=MISS remaining_cells=40 active_clusters=2
turn=114 result=MISS
turn=115 picked cell=18,10 target_cluster=None active_clusters=2 remaining_cells=40 scans=4
RESULT turn=115 cell=18,10 result=MISS remaining_cells=40 active_clusters=2
turn=115 result=MISS
turn=116 picked cell=6,12 target_cluster=None active_clusters=2 remaining_cells=40 scans=4
RESULT turn=116 cell=6,12 result=MISS remaining_cells=40 active_clusters=2
turn=116 result=MISS
turn=117 picked cell=16,11 target_cluster=None active_clusters=2 remaining_cells=40 scans=4
RESULT turn=117 cell=16,11 result=MISS remaining_cells=40 active_clusters=2
turn=117 result=MISS
turn=118 picked cell=15,14 target_cluster=None active_clusters=2 remaining_cells=40 scans=4
RESULT turn=118 cell=15,14 result=MISS remaining_cells=40 active_clusters=2
turn=118 result=MISS
turn=119 picked cell=3,14 target_cluster=None active_clusters=2 remaining_cells=40 scans=4
RESULT turn=119 cell=3,14 result=MISS remaining_cells=40 active_clusters=2
turn=119 result=MISS
turn=120 picked cell=2,15 target_cluster=None active_clusters=2 remaining_cells=40 scans=4
RESULT turn=120 cell=2,15 result=MISS remaining_cells=40 active_clusters=2
turn=120 result=MISS
turn=121 picked cell=17,13 target_cluster=None active_clusters=2 remaining_cells=40 scans=4
RESULT turn=121 cell=17,13 result=HIT remaining_cells=40 active_clusters=2
turn=121 result=HIT
turn=122 mode=CHASE cluster=2 cluster_len=1 cell=17,14 score=100002.767764 chase_score=5039.767764 prob=2.767764
turn=122 picked cell=17,14 target_cluster=Some(2) active_clusters=3 remaining_cells=39 scans=4
RESULT turn=122 cell=17,14 result=HIT remaining_cells=39 active_clusters=3
turn=122 result=HIT
turn=123 mode=CHASE cluster=2 cluster_len=2 cell=17,15 score=200002.975553 chase_score=10121.975553 prob=2.975553
turn=123 picked cell=17,15 target_cluster=Some(2) active_clusters=3 remaining_cells=38 scans=4
RESULT turn=123 cell=17,15 result=HIT remaining_cells=38 active_clusters=3
turn=123 result=HIT
turn=124 mode=CHASE cluster=2 cluster_len=3 cell=17,16 score=300002.708027 chase_score=10094.708027 prob=2.708027
turn=124 picked cell=17,16 target_cluster=Some(2) active_clusters=3 remaining_cells=37 scans=4
RESULT turn=124 cell=17,16 result=HIT remaining_cells=37 active_clusters=3
turn=124 result=HIT
turn=125 mode=CHASE cluster=2 cluster_len=4 cell=17,12 score=400002.648522 chase_score=10073.648522 prob=2.648522
turn=125 picked cell=17,12 target_cluster=Some(2) active_clusters=3 remaining_cells=36 scans=4
RESULT turn=125 cell=17,12 result=HIT remaining_cells=36 active_clusters=3
turn=125 result=HIT
turn=126 mode=CHASE cluster=2 cluster_len=5 cell=17,11 score=500002.195396 chase_score=10056.195396 prob=2.195396
turn=126 picked cell=17,11 target_cluster=Some(2) active_clusters=3 remaining_cells=35 scans=4
RESULT turn=126 cell=17,11 result=HIT remaining_cells=35 active_clusters=3
turn=126 result=HIT
turn=127 mode=CHASE cluster=2 cluster_len=6 cell=17,17 score=600002.203159 chase_score=10036.203159 prob=2.203159
turn=127 picked cell=17,17 target_cluster=Some(2) active_clusters=3 remaining_cells=34 scans=4
RESULT turn=127 cell=17,17 result=HIT remaining_cells=34 active_clusters=3
turn=127 result=HIT
turn=128 mode=CHASE cluster=2 cluster_len=7 cell=17,10 score=700001.854793 chase_score=10027.854793 prob=1.854793
turn=128 picked cell=17,10 target_cluster=Some(2) active_clusters=3 remaining_cells=33 scans=4
RESULT turn=128 cell=17,10 result=HIT remaining_cells=33 active_clusters=3
turn=128 result=HIT
turn=129 mode=CHASE cluster=2 cluster_len=8 cell=17,18 score=800001.377189 chase_score=10010.377189 prob=1.377189
turn=129 picked cell=17,18 target_cluster=Some(2) active_clusters=3 remaining_cells=32 scans=4
RESULT turn=129 cell=17,18 result=KILL remaining_cells=32 active_clusters=3
turn=129 result=KILL
turn=129 kill_infer inferred_len=9 committed_hits=8 cluster_hits=8
turn=130 picked cell=8,13 target_cluster=None active_clusters=2 remaining_cells=31 scans=4
RESULT turn=130 cell=8,13 result=MISS remaining_cells=31 active_clusters=2
turn=130 result=MISS
turn=131 picked cell=7,14 target_cluster=None active_clusters=2 remaining_cells=31 scans=4
RESULT turn=131 cell=7,14 result=MISS remaining_cells=31 active_clusters=2
turn=131 result=MISS
turn=132 picked cell=1,13 target_cluster=None active_clusters=2 remaining_cells=31 scans=4
RESULT turn=132 cell=1,13 result=MISS remaining_cells=31 active_clusters=2
turn=132 result=MISS
turn=133 picked cell=5,16 target_cluster=None active_clusters=2 remaining_cells=31 scans=4
RESULT turn=133 cell=5,16 result=MISS remaining_cells=31 active_clusters=2
turn=133 result=MISS
turn=134 picked cell=3,9 target_cluster=None active_clusters=2 remaining_cells=31 scans=4
RESULT turn=134 cell=3,9 result=MISS remaining_cells=31 active_clusters=2
turn=134 result=MISS
turn=135 picked cell=4,17 target_cluster=None active_clusters=2 remaining_cells=31 scans=4
RESULT turn=135 cell=4,17 result=HIT remaining_cells=31 active_clusters=2
turn=135 result=HIT
turn=136 mode=CHASE cluster=2 cluster_len=1 cell=5,17 score=100003.699770 chase_score=5038.199770 prob=3.699770
turn=136 picked cell=5,17 target_cluster=Some(2) active_clusters=3 remaining_cells=30 scans=4
RESULT turn=136 cell=5,17 result=HIT remaining_cells=30 active_clusters=3
turn=136 result=HIT
turn=137 mode=CHASE cluster=2 cluster_len=2 cell=6,17 score=200004.143712 chase_score=10113.143712 prob=4.143712
turn=137 picked cell=6,17 target_cluster=Some(2) active_clusters=3 remaining_cells=29 scans=4
RESULT turn=137 cell=6,17 result=HIT remaining_cells=29 active_clusters=3
turn=137 result=HIT
turn=138 mode=CHASE cluster=2 cluster_len=3 cell=3,17 score=300003.378835 chase_score=10085.378835 prob=3.378835
turn=138 picked cell=3,17 target_cluster=Some(2) active_clusters=3 remaining_cells=28 scans=4
RESULT turn=138 cell=3,17 result=HIT remaining_cells=28 active_clusters=3
turn=138 result=HIT
turn=139 mode=CHASE cluster=2 cluster_len=4 cell=7,17 score=400003.378835 chase_score=10064.378835 prob=3.378835
turn=139 picked cell=7,17 target_cluster=Some(2) active_clusters=3 remaining_cells=27 scans=4
RESULT turn=139 cell=7,17 result=HIT remaining_cells=27 active_clusters=3
turn=139 result=HIT
turn=140 mode=CHASE cluster=2 cluster_len=5 cell=8,17 score=500002.806840 chase_score=10038.806840 prob=2.806840
turn=140 picked cell=8,17 target_cluster=Some(2) active_clusters=3 remaining_cells=26 scans=4
RESULT turn=140 cell=8,17 result=MISS remaining_cells=26 active_clusters=3
turn=140 result=MISS
turn=141 mode=CHASE cluster=2 cluster_len=5 cell=2,17 score=500002.177086 chase_score=10022.177086 prob=2.177086
turn=141 picked cell=2,17 target_cluster=Some(2) active_clusters=3 remaining_cells=26 scans=4
RESULT turn=141 cell=2,17 result=KILL remaining_cells=26 active_clusters=3
turn=141 result=KILL
turn=141 kill_infer inferred_len=6 committed_hits=5 cluster_hits=5
turn=142 picked cell=14,6 target_cluster=None active_clusters=2 remaining_cells=25 scans=4
RESULT turn=142 cell=14,6 result=HIT remaining_cells=25 active_clusters=2
turn=142 result=HIT
turn=143 mode=CHASE cluster=2 cluster_len=1 cell=13,6 score=100002.382528 chase_score=5020.382528 prob=2.382528
turn=143 picked cell=13,6 target_cluster=Some(2) active_clusters=3 remaining_cells=24 scans=4
RESULT turn=143 cell=13,6 result=HIT remaining_cells=24 active_clusters=3
turn=143 result=HIT
turn=144 mode=CHASE cluster=2 cluster_len=2 cell=12,6 score=200002.303290 chase_score=10057.303290 prob=2.303290
turn=144 picked cell=12,6 target_cluster=Some(2) active_clusters=3 remaining_cells=23 scans=4
RESULT turn=144 cell=12,6 result=HIT remaining_cells=23 active_clusters=3
turn=144 result=HIT
turn=145 mode=CHASE cluster=2 cluster_len=3 cell=15,6 score=300002.001676 chase_score=10042.001676 prob=2.001676
turn=145 picked cell=15,6 target_cluster=Some(2) active_clusters=3 remaining_cells=22 scans=4
RESULT turn=145 cell=15,6 result=HIT remaining_cells=22 active_clusters=3
turn=145 result=HIT
turn=146 mode=CHASE cluster=2 cluster_len=4 cell=16,6 score=400002.339147 chase_score=10027.339147 prob=2.339147
turn=146 picked cell=16,6 target_cluster=Some(2) active_clusters=3 remaining_cells=21 scans=4
RESULT turn=146 cell=16,6 result=MISS remaining_cells=21 active_clusters=3
turn=146 result=MISS
turn=147 mode=CHASE cluster=2 cluster_len=4 cell=11,6 score=400001.300301 chase_score=10012.300301 prob=1.300301
turn=147 picked cell=11,6 target_cluster=Some(2) active_clusters=3 remaining_cells=21 scans=4
RESULT turn=147 cell=11,6 result=HIT remaining_cells=21 active_clusters=3
turn=147 result=HIT
turn=148 mode=CHASE cluster=2 cluster_len=5 cell=10,6 score=500000.614344 chase_score=10006.614344 prob=0.614344
turn=148 picked cell=10,6 target_cluster=Some(2) active_clusters=3 remaining_cells=20 scans=4
RESULT turn=148 cell=10,6 result=KILL remaining_cells=20 active_clusters=3
turn=148 result=KILL
turn=148 kill_infer inferred_len=6 committed_hits=5 cluster_hits=5
turn=149 picked cell=4,18 target_cluster=None active_clusters=2 remaining_cells=19 scans=4
RESULT turn=149 cell=4,18 result=MISS remaining_cells=19 active_clusters=2
turn=149 result=MISS
turn=150 picked cell=2,2 target_cluster=None active_clusters=2 remaining_cells=19 scans=4
RESULT turn=150 cell=2,2 result=MISS remaining_cells=19 active_clusters=2
turn=150 result=MISS
turn=151 picked cell=3,0 target_cluster=None active_clusters=2 remaining_cells=19 scans=4
RESULT turn=151 cell=3,0 result=HIT remaining_cells=19 active_clusters=2
turn=151 result=HIT
turn=152 mode=CHASE cluster=2 cluster_len=1 cell=4,0 score=100001.975212 chase_score=5015.475212 prob=1.975212
turn=152 picked cell=4,0 target_cluster=Some(2) active_clusters=3 remaining_cells=18 scans=4
RESULT turn=152 cell=4,0 result=MISS remaining_cells=18 active_clusters=3
turn=152 result=MISS
turn=153 mode=CHASE cluster=2 cluster_len=1 cell=2,0 score=100000.394889 chase_score=5003.394889 prob=0.394889
turn=153 picked cell=2,0 target_cluster=Some(2) active_clusters=3 remaining_cells=18 scans=4
RESULT turn=153 cell=2,0 result=HIT remaining_cells=18 active_clusters=3
turn=153 result=HIT
turn=154 mode=CHASE cluster=2 cluster_len=2 cell=1,0 score=200000.675436 chase_score=10010.675436 prob=0.675436
turn=154 picked cell=1,0 target_cluster=Some(2) active_clusters=3 remaining_cells=17 scans=4
RESULT turn=154 cell=1,0 result=KILL remaining_cells=17 active_clusters=3
turn=154 result=KILL
turn=154 kill_infer inferred_len=3 committed_hits=2 cluster_hits=2
turn=155 picked cell=11,12 target_cluster=None active_clusters=2 remaining_cells=16 scans=4
RESULT turn=155 cell=11,12 result=MISS remaining_cells=16 active_clusters=2
turn=155 result=MISS
turn=156 picked cell=18,14 target_cluster=None active_clusters=2 remaining_cells=16 scans=4
RESULT turn=156 cell=18,14 result=MISS remaining_cells=16 active_clusters=2
turn=156 result=MISS
turn=157 picked cell=2,12 target_cluster=None active_clusters=2 remaining_cells=16 scans=4
RESULT turn=157 cell=2,12 result=HIT remaining_cells=16 active_clusters=2
turn=157 result=HIT
turn=158 mode=CHASE cluster=2 cluster_len=1 cell=2,11 score=100001.858570 chase_score=5010.608570 prob=1.858570
turn=158 picked cell=2,11 target_cluster=Some(2) active_clusters=3 remaining_cells=15 scans=4
RESULT turn=158 cell=2,11 result=MISS remaining_cells=15 active_clusters=3
turn=158 result=MISS
turn=159 mode=CHASE cluster=2 cluster_len=1 cell=3,12 score=100001.864448 chase_score=5009.364448 prob=1.864448
turn=159 picked cell=3,12 target_cluster=Some(2) active_clusters=3 remaining_cells=15 scans=4
RESULT turn=159 cell=3,12 result=HIT remaining_cells=15 active_clusters=3
turn=159 result=HIT
turn=160 mode=CHASE cluster=2 cluster_len=2 cell=1,12 score=200001.649508 chase_score=10022.649508 prob=1.649508
turn=160 picked cell=1,12 target_cluster=Some(2) active_clusters=3 remaining_cells=14 scans=4
RESULT turn=160 cell=1,12 result=HIT remaining_cells=14 active_clusters=3
turn=160 result=HIT
turn=161 mode=CHASE cluster=2 cluster_len=3 cell=4,12 score=300001.649508 chase_score=10015.649508 prob=1.649508
turn=161 picked cell=4,12 target_cluster=Some(2) active_clusters=3 remaining_cells=13 scans=4
RESULT turn=161 cell=4,12 result=KILL remaining_cells=13 active_clusters=3
turn=161 result=KILL
turn=161 kill_infer inferred_len=4 committed_hits=3 cluster_hits=3
turn=162 picked cell=16,15 target_cluster=None active_clusters=2 remaining_cells=12 scans=4
RESULT turn=162 cell=16,15 result=MISS remaining_cells=12 active_clusters=2
turn=162 result=MISS
turn=163 picked cell=14,16 target_cluster=None active_clusters=2 remaining_cells=12 scans=4
RESULT turn=163 cell=14,16 result=MISS remaining_cells=12 active_clusters=2
turn=163 result=MISS
turn=164 picked cell=9,18 target_cluster=None active_clusters=2 remaining_cells=12 scans=4
RESULT turn=164 cell=9,18 result=MISS remaining_cells=12 active_clusters=2
turn=164 result=MISS
turn=165 picked cell=9,11 target_cluster=None active_clusters=2 remaining_cells=12 scans=4
RESULT turn=165 cell=9,11 result=MISS remaining_cells=12 active_clusters=2
turn=165 result=MISS
turn=166 picked cell=13,15 target_cluster=None active_clusters=2 remaining_cells=12 scans=4
RESULT turn=166 cell=13,15 result=MISS remaining_cells=12 active_clusters=2
turn=166 result=MISS
turn=167 picked cell=15,17 target_cluster=None active_clusters=2 remaining_cells=12 scans=4
RESULT turn=167 cell=15,17 result=MISS remaining_cells=12 active_clusters=2
turn=167 result=MISS
turn=168 picked cell=14,10 target_cluster=None active_clusters=2 remaining_cells=12 scans=4
RESULT turn=168 cell=14,10 result=MISS remaining_cells=12 active_clusters=2
turn=168 result=MISS
turn=169 picked cell=9,15 target_cluster=None active_clusters=2 remaining_cells=12 scans=4
RESULT turn=169 cell=9,15 result=MISS remaining_cells=12 active_clusters=2
turn=169 result=MISS
turn=170 picked cell=13,9 target_cluster=None active_clusters=2 remaining_cells=12 scans=4
RESULT turn=170 cell=13,9 result=MISS remaining_cells=12 active_clusters=2
turn=170 result=MISS
turn=171 picked cell=15,11 target_cluster=None active_clusters=2 remaining_cells=12 scans=4
RESULT turn=171 cell=15,11 result=MISS remaining_cells=12 active_clusters=2
turn=171 result=MISS
turn=172 picked cell=14,4 target_cluster=None active_clusters=2 remaining_cells=12 scans=4
RESULT turn=172 cell=14,4 result=MISS remaining_cells=12 active_clusters=2
turn=172 result=MISS
turn=173 picked cell=17,3 target_cluster=None active_clusters=2 remaining_cells=12 scans=4
RESULT turn=173 cell=17,3 result=MISS remaining_cells=12 active_clusters=2
turn=173 result=MISS
turn=174 picked cell=9,9 target_cluster=None active_clusters=2 remaining_cells=12 scans=4
RESULT turn=174 cell=9,9 result=MISS remaining_cells=12 active_clusters=2
turn=174 result=MISS
turn=175 picked cell=16,13 target_cluster=None active_clusters=2 remaining_cells=12 scans=4
RESULT turn=175 cell=16,13 result=MISS remaining_cells=12 active_clusters=2
turn=175 result=MISS
turn=176 picked cell=14,18 target_cluster=None active_clusters=2 remaining_cells=12 scans=4
RESULT turn=176 cell=14,18 result=HIT remaining_cells=12 active_clusters=2
turn=176 result=HIT
turn=177 mode=CHASE cluster=2 cluster_len=1 cell=15,18 score=100000.159483 chase_score=5002.159483 prob=0.159483
turn=177 picked cell=15,18 target_cluster=Some(2) active_clusters=3 remaining_cells=11 scans=4
RESULT turn=177 cell=15,18 result=KILL remaining_cells=11 active_clusters=3
turn=177 result=KILL
turn=177 kill_infer inferred_len=2 committed_hits=1 cluster_hits=1
turn=178 picked cell=0,16 target_cluster=None active_clusters=2 remaining_cells=10 scans=4
RESULT turn=178 cell=0,16 result=MISS remaining_cells=10 active_clusters=2
turn=178 result=MISS
turn=179 picked cell=5,13 target_cluster=None active_clusters=2 remaining_cells=10 scans=4
RESULT turn=179 cell=5,13 result=MISS remaining_cells=10 active_clusters=2
turn=179 result=MISS
turn=180 picked cell=18,2 target_cluster=None active_clusters=2 remaining_cells=10 scans=4
RESULT turn=180 cell=18,2 result=MISS remaining_cells=10 active_clusters=2
turn=180 result=MISS
turn=181 picked cell=6,15 target_cluster=None active_clusters=2 remaining_cells=10 scans=4
RESULT turn=181 cell=6,15 result=MISS remaining_cells=10 active_clusters=2
turn=181 result=MISS
turn=182 picked cell=7,9 target_cluster=None active_clusters=2 remaining_cells=10 scans=4
RESULT turn=182 cell=7,9 result=MISS remaining_cells=10 active_clusters=2
turn=182 result=MISS
turn=183 picked cell=12,3 target_cluster=None active_clusters=2 remaining_cells=10 scans=4
RESULT turn=183 cell=12,3 result=MISS remaining_cells=10 active_clusters=2
turn=183 result=MISS
turn=184 picked cell=1,16 target_cluster=None active_clusters=2 remaining_cells=10 scans=4
RESULT turn=184 cell=1,16 result=MISS remaining_cells=10 active_clusters=2
turn=184 result=MISS
turn=185 picked cell=11,5 target_cluster=None active_clusters=2 remaining_cells=10 scans=4
RESULT turn=185 cell=11,5 result=MISS remaining_cells=10 active_clusters=2
turn=185 result=MISS
turn=186 picked cell=16,0 target_cluster=None active_clusters=2 remaining_cells=10 scans=4
RESULT turn=186 cell=16,0 result=MISS remaining_cells=10 active_clusters=2
turn=186 result=MISS
turn=187 picked cell=4,1 target_cluster=None active_clusters=2 remaining_cells=10 scans=4
RESULT turn=187 cell=4,1 result=MISS remaining_cells=10 active_clusters=2
turn=187 result=MISS
turn=188 picked cell=0,3 target_cluster=None active_clusters=2 remaining_cells=10 scans=4
RESULT turn=188 cell=0,3 result=MISS remaining_cells=10 active_clusters=2
turn=188 result=MISS
turn=189 picked cell=11,14 target_cluster=None active_clusters=2 remaining_cells=10 scans=4
RESULT turn=189 cell=11,14 result=MISS remaining_cells=10 active_clusters=2
turn=189 result=MISS
turn=190 picked cell=18,17 target_cluster=None active_clusters=2 remaining_cells=10 scans=4
RESULT turn=190 cell=18,17 result=HIT remaining_cells=10 active_clusters=2
turn=190 result=HIT
turn=191 mode=CHASE cluster=2 cluster_len=1 cell=18,16 score=100000.597593 chase_score=5002.097593 prob=0.597593
turn=191 picked cell=18,16 target_cluster=Some(2) active_clusters=3 remaining_cells=9 scans=4
RESULT turn=191 cell=18,16 result=HIT remaining_cells=9 active_clusters=3
turn=191 result=HIT
turn=192 mode=CHASE cluster=2 cluster_len=2 cell=18,15 score=200000.369947 chase_score=10003.369947 prob=0.369947
turn=192 picked cell=18,15 target_cluster=Some(2) active_clusters=3 remaining_cells=8 scans=4
RESULT turn=192 cell=18,15 result=HIT remaining_cells=8 active_clusters=3
turn=192 result=HIT
turn=193 mode=CHASE cluster=2 cluster_len=3 cell=18,18 score=300000.369947 chase_score=10000.369947 prob=0.369947
turn=193 picked cell=18,18 target_cluster=Some(2) active_clusters=3 remaining_cells=7 scans=4
RESULT turn=193 cell=18,18 result=KILL remaining_cells=7 active_clusters=3
turn=193 result=KILL
turn=193 kill_infer inferred_len=3 committed_hits=2 cluster_hits=3
turn=194 picked cell=4,8 target_cluster=None active_clusters=3 remaining_cells=6 scans=4
RESULT turn=194 cell=4,8 result=HIT remaining_cells=6 active_clusters=3
turn=194 result=HIT
turn=195 mode=CHASE cluster=3 cluster_len=1 cell=5,8 score=100002.505556 chase_score=5003.755556 prob=2.505556
turn=195 picked cell=5,8 target_cluster=Some(3) active_clusters=4 remaining_cells=5 scans=4
RESULT turn=195 cell=5,8 result=MISS remaining_cells=5 active_clusters=4
turn=195 result=MISS
turn=196 mode=CHASE cluster=3 cluster_len=1 cell=3,8 score=100000.717877 chase_score=5000.717877 prob=0.717877
turn=196 picked cell=3,8 target_cluster=Some(3) active_clusters=4 remaining_cells=5 scans=4
RESULT turn=196 cell=3,8 result=MISS remaining_cells=5 active_clusters=4
turn=196 result=MISS
turn=197 mode=CHASE cluster=3 cluster_len=1 cell=4,9 score=100000.717897 chase_score=5000.717897 prob=0.717897
turn=197 picked cell=4,9 target_cluster=Some(3) active_clusters=4 remaining_cells=5 scans=4
RESULT turn=197 cell=4,9 result=HIT remaining_cells=5 active_clusters=4
turn=197 result=HIT
turn=198 mode=CHASE cluster=3 cluster_len=2 cell=4,10 score=200000.717897 chase_score=10000.717897 prob=0.717897
turn=198 picked cell=4,10 target_cluster=Some(3) active_clusters=4 remaining_cells=4 scans=4
RESULT turn=198 cell=4,10 result=KILL remaining_cells=4 active_clusters=4
turn=198 result=KILL
turn=198 kill_infer inferred_len=3 committed_hits=2 cluster_hits=2
turn=199 picked cell=9,8 target_cluster=None active_clusters=3 remaining_cells=3 scans=4
RESULT turn=199 cell=9,8 result=MISS remaining_cells=3 active_clusters=3
turn=199 result=MISS
turn=200 picked cell=9,10 target_cluster=None active_clusters=3 remaining_cells=3 scans=4
RESULT turn=200 cell=9,10 result=MISS remaining_cells=3 active_clusters=3
turn=200 result=MISS
turn=201 picked cell=12,9 target_cluster=None active_clusters=3 remaining_cells=3 scans=4
RESULT turn=201 cell=12,9 result=MISS remaining_cells=3 active_clusters=3
turn=201 result=MISS
turn=202 picked cell=8,9 target_cluster=None active_clusters=3 remaining_cells=3 scans=4
RESULT turn=202 cell=8,9 result=MISS remaining_cells=3 active_clusters=3
turn=202 result=MISS
turn=203 picked cell=6,9 target_cluster=None active_clusters=3 remaining_cells=3 scans=4
RESULT turn=203 cell=6,9 result=MISS remaining_cells=3 active_clusters=3
turn=203 result=MISS
turn=204 picked cell=8,10 target_cluster=None active_clusters=3 remaining_cells=3 scans=4
RESULT turn=204 cell=8,10 result=MISS remaining_cells=3 active_clusters=3
turn=204 result=MISS
turn=205 picked cell=7,10 target_cluster=None active_clusters=3 remaining_cells=3 scans=4
RESULT turn=205 cell=7,10 result=MISS remaining_cells=3 active_clusters=3
turn=205 result=MISS
turn=206 picked cell=11,10 target_cluster=None active_clusters=3 remaining_cells=3 scans=4
RESULT turn=206 cell=11,10 result=MISS remaining_cells=3 active_clusters=3
turn=206 result=MISS
turn=207 picked cell=8,11 target_cluster=None active_clusters=3 remaining_cells=3 scans=4
RESULT turn=207 cell=8,11 result=MISS remaining_cells=3 active_clusters=3
turn=207 result=MISS
turn=208 picked cell=9,12 target_cluster=None active_clusters=3 remaining_cells=3 scans=4
RESULT turn=208 cell=9,12 result=MISS remaining_cells=3 active_clusters=3
turn=208 result=MISS
turn=209 picked cell=11,9 target_cluster=None active_clusters=3 remaining_cells=3 scans=4
RESULT turn=209 cell=11,9 result=MISS remaining_cells=3 active_clusters=3
turn=209 result=MISS
turn=210 picked cell=5,9 target_cluster=None active_clusters=3 remaining_cells=3 scans=4
RESULT turn=210 cell=5,9 result=MISS remaining_cells=3 active_clusters=3
turn=210 result=MISS
turn=211 picked cell=11,11 target_cluster=None active_clusters=3 remaining_cells=3 scans=4
RESULT turn=211 cell=11,11 result=MISS remaining_cells=3 active_clusters=3
turn=211 result=MISS
turn=212 picked cell=8,12 target_cluster=None active_clusters=3 remaining_cells=3 scans=4
RESULT turn=212 cell=8,12 result=MISS remaining_cells=3 active_clusters=3
turn=212 result=MISS
turn=213 picked cell=6,10 target_cluster=None active_clusters=3 remaining_cells=3 scans=4
RESULT turn=213 cell=6,10 result=MISS remaining_cells=3 active_clusters=3
turn=213 result=MISS
turn=214 picked cell=7,11 target_cluster=None active_clusters=3 remaining_cells=3 scans=4
RESULT turn=214 cell=7,11 result=MISS remaining_cells=3 active_clusters=3
turn=214 result=MISS
turn=215 picked cell=7,13 target_cluster=None active_clusters=3 remaining_cells=3 scans=4
RESULT turn=215 cell=7,13 result=MISS remaining_cells=3 active_clusters=3
turn=215 result=MISS
turn=216 picked cell=9,14 target_cluster=None active_clusters=3 remaining_cells=3 scans=4
RESULT turn=216 cell=9,14 result=MISS remaining_cells=3 active_clusters=3
turn=216 result=MISS
turn=217 picked cell=13,10 target_cluster=None active_clusters=3 remaining_cells=3 scans=4
RESULT turn=217 cell=13,10 result=MISS remaining_cells=3 active_clusters=3
turn=217 result=MISS
turn=218 picked cell=10,5 target_cluster=None active_clusters=3 remaining_cells=3 scans=4
RESULT turn=218 cell=10,5 result=MISS remaining_cells=3 active_clusters=3
turn=218 result=MISS
turn=219 picked cell=6,11 target_cluster=None active_clusters=3 remaining_cells=3 scans=4
RESULT turn=219 cell=6,11 result=MISS remaining_cells=3 active_clusters=3
turn=219 result=MISS
turn=220 picked cell=14,9 target_cluster=None active_clusters=3 remaining_cells=3 scans=4
RESULT turn=220 cell=14,9 result=MISS remaining_cells=3 active_clusters=3
turn=220 result=MISS
turn=221 picked cell=7,12 target_cluster=None active_clusters=3 remaining_cells=3 scans=4
RESULT turn=221 cell=7,12 result=MISS remaining_cells=3 active_clusters=3
turn=221 result=MISS
turn=222 picked cell=11,13 target_cluster=None active_clusters=3 remaining_cells=3 scans=4
RESULT turn=222 cell=11,13 result=MISS remaining_cells=3 active_clusters=3
turn=222 result=MISS
turn=223 picked cell=8,14 target_cluster=None active_clusters=3 remaining_cells=3 scans=4
RESULT turn=223 cell=8,14 result=MISS remaining_cells=3 active_clusters=3
turn=223 result=MISS
turn=224 picked cell=13,11 target_cluster=None active_clusters=3 remaining_cells=3 scans=4
RESULT turn=224 cell=13,11 result=MISS remaining_cells=3 active_clusters=3
turn=224 result=MISS
turn=225 picked cell=5,11 target_cluster=None active_clusters=3 remaining_cells=3 scans=4
RESULT turn=225 cell=5,11 result=MISS remaining_cells=3 active_clusters=3
turn=225 result=MISS
turn=226 picked cell=5,12 target_cluster=None active_clusters=3 remaining_cells=3 scans=4
RESULT turn=226 cell=5,12 result=MISS remaining_cells=3 active_clusters=3
turn=226 result=MISS
turn=227 picked cell=3,10 target_cluster=None active_clusters=3 remaining_cells=3 scans=4
RESULT turn=227 cell=3,10 result=MISS remaining_cells=3 active_clusters=3
turn=227 result=MISS
turn=228 picked cell=9,2 target_cluster=None active_clusters=3 remaining_cells=3 scans=4
RESULT turn=228 cell=9,2 result=MISS remaining_cells=3 active_clusters=3
turn=228 result=MISS
turn=229 picked cell=9,16 target_cluster=None active_clusters=3 remaining_cells=3 scans=4
RESULT turn=229 cell=9,16 result=MISS remaining_cells=3 active_clusters=3
turn=229 result=MISS
turn=230 picked cell=13,12 target_cluster=None active_clusters=3 remaining_cells=3 scans=4
RESULT turn=230 cell=13,12 result=MISS remaining_cells=3 active_clusters=3
turn=230 result=MISS
turn=231 picked cell=2,8 target_cluster=None active_clusters=3 remaining_cells=3 scans=4
RESULT turn=231 cell=2,8 result=MISS remaining_cells=3 active_clusters=3
turn=231 result=MISS
turn=232 picked cell=6,13 target_cluster=None active_clusters=3 remaining_cells=3 scans=4
RESULT turn=232 cell=6,13 result=MISS remaining_cells=3 active_clusters=3
turn=232 result=MISS
turn=233 picked cell=15,10 target_cluster=None active_clusters=3 remaining_cells=3 scans=4
RESULT turn=233 cell=15,10 result=MISS remaining_cells=3 active_clusters=3
turn=233 result=MISS
turn=234 picked cell=14,11 target_cluster=None active_clusters=3 remaining_cells=3 scans=4
RESULT turn=234 cell=14,11 result=MISS remaining_cells=3 active_clusters=3
turn=234 result=MISS
turn=235 picked cell=2,9 target_cluster=None active_clusters=3 remaining_cells=3 scans=4
RESULT turn=235 cell=2,9 result=KILL remaining_cells=3 active_clusters=3
turn=235 result=KILL
turn=236 picked cell=11,15 target_cluster=None active_clusters=3 remaining_cells=2 scans=4
RESULT turn=236 cell=11,15 result=MISS remaining_cells=2 active_clusters=3
turn=236 result=MISS
turn=237 picked cell=8,15 target_cluster=None active_clusters=3 remaining_cells=2 scans=4
RESULT turn=237 cell=8,15 result=MISS remaining_cells=2 active_clusters=3
turn=237 result=MISS
turn=238 picked cell=16,9 target_cluster=None active_clusters=3 remaining_cells=2 scans=4
RESULT turn=238 cell=16,9 result=MISS remaining_cells=2 active_clusters=3
turn=238 result=MISS
turn=239 picked cell=12,5 target_cluster=None active_clusters=3 remaining_cells=2 scans=4
RESULT turn=239 cell=12,5 result=HIT remaining_cells=2 active_clusters=3
turn=239 result=HIT
turn=240 mode=CHASE cluster=3 cluster_len=1 cell=13,5 score=100000.000000 chase_score=5000.000000 prob=0.000000
turn=240 picked cell=13,5 target_cluster=Some(3) active_clusters=4 remaining_cells=1 scans=4
RESULT turn=240 cell=13,5 result=MISS remaining_cells=1 active_clusters=4
turn=240 result=MISS
turn=241 mode=CHASE cluster=3 cluster_len=1 cell=12,4 score=100000.000000 chase_score=5000.000000 prob=0.000000
turn=241 picked cell=12,4 target_cluster=Some(3) active_clusters=4 remaining_cells=1 scans=4
RESULT turn=241 cell=12,4 result=KILL remaining_cells=1 active_clusters=4
turn=241 result=KILL
turn=241 kill_infer inferred_len=2 committed_hits=1 cluster_hits=1
