GAME n=18 p=0.692638 remaining_cells=93 remaining=[0, 2, 0, 1, 2, 1, 1, 1, 1, 6]
turn=1 mode=SCAN region=0,0,8,17
turn=1 result=SCAN count=45
turn=2 mode=SCAN region=0,0,17,8
turn=2 result=SCAN count=50
turn=3 picked cell=9,8 target_cluster=None active_clusters=0 remaining_cells=93 scans=2
RESULT turn=3 cell=9,8 result=HIT remaining_cells=93 active_clusters=0
turn=3 result=HIT
turn=4 mode=CHASE cluster=0 cluster_len=1 cell=8,8 score=100003.659078 chase_score=5156.159078 prob=3.659078
turn=4 picked cell=8,8 target_cluster=Some(0) active_clusters=1 remaining_cells=92 scans=2
RESULT turn=4 cell=8,8 result=MISS remaining_cells=92 active_clusters=1
turn=4 result=MISS
turn=5 mode=CHASE cluster=0 cluster_len=1 cell=9,9 score=100003.830578 chase_score=5156.330578 prob=3.830578
turn=5 picked cell=9,9 target_cluster=Some(0) active_clusters=1 remaining_cells=92 scans=2
RESULT turn=5 cell=9,9 result=HIT remaining_cells=92 active_clusters=1
turn=5 result=HIT
turn=6 mode=CHASE cluster=0 cluster_len=2 cell=9,7 score=200003.678071 chase_score=10522.678071 prob=3.678071
turn=6 picked cell=9,7 target_cluster=Some(0) active_clusters=1 remaining_cells=91 scans=2
RESULT turn=6 cell=9,7 result=HIT remaining_cells=91 active_clusters=1
turn=6 result=HIT
turn=7 mode=CHASE cluster=0 cluster_len=3 cell=9,10 score=300003.678071 chase_score=10431.678071 prob=3.678071
turn=7 picked cell=9,10 target_cluster=Some(0) active_clusters=1 remaining_cells=90 scans=2
RESULT turn=7 cell=9,10 result=HIT remaining_cells=90 active_clusters=1
turn=7 result=HIT
turn=8 mode=CHASE cluster=0 cluster_len=4 cell=9,6 score=400003.504139 chase_score=10343.504139 prob=3.504139
turn=8 picked cell=9,6 target_cluster=Some(0) active_clusters=1 remaining_cells=89 scans=2
RESULT turn=8 cell=9,6 result=HIT remaining_cells=89 active_clusters=1
turn=8 result=HIT
turn=9 mode=CHASE cluster=0 cluster_len=5 cell=9,11 score=500003.504139 chase_score=10263.504139 prob=3.504139
turn=9 picked cell=9,11 target_cluster=Some(0) active_clusters=1 remaining_cells=88 scans=2
RESULT turn=9 cell=9,11 result=HIT remaining_cells=88 active_clusters=1
turn=9 result=HIT
turn=10 mode=CHASE cluster=0 cluster_len=6 cell=9,5 score=600003.312298 chase_score=10188.312298 prob=3.312298
turn=10 picked cell=9,5 target_cluster=Some(0) active_clusters=1 remaining_cells=87 scans=2
RESULT turn=10 cell=9,5 result=HIT remaining_cells=87 active_clusters=1
turn=10 result=HIT
turn=11 mode=CHASE cluster=0 cluster_len=7 cell=9,12 score=700003.312298 chase_score=10119.312298 prob=3.312298
turn=11 picked cell=9,12 target_cluster=Some(0) active_clusters=1 remaining_cells=86 scans=2
RESULT turn=11 cell=9,12 result=MISS remaining_cells=86 active_clusters=1
turn=11 result=MISS
turn=12 mode=CHASE cluster=0 cluster_len=7 cell=9,4 score=700003.069904 chase_score=10065.069904 prob=3.069904
turn=12 picked cell=9,4 target_cluster=Some(0) active_clusters=1 remaining_cells=86 scans=2
RESULT turn=12 cell=9,4 result=HIT remaining_cells=86 active_clusters=1
turn=12 result=HIT
turn=13 mode=CHASE cluster=0 cluster_len=8 cell=9,3 score=800003.001634 chase_score=10057.001634 prob=3.001634
turn=13 picked cell=9,3 target_cluster=Some(0) active_clusters=1 remaining_cells=85 scans=2
RESULT turn=13 cell=9,3 result=KILL remaining_cells=85 active_clusters=1
turn=13 result=KILL
turn=13 kill_infer inferred_len=9 committed_hits=8 cluster_hits=8
turn=14 picked cell=7,13 target_cluster=None active_clusters=0 remaining_cells=84 scans=2
RESULT turn=14 cell=7,13 result=HIT remaining_cells=84 active_clusters=0
turn=14 result=HIT
turn=15 mode=CHASE cluster=0 cluster_len=1 cell=8,13 score=100002.744746 chase_score=5137.244746 prob=2.744746
turn=15 picked cell=8,13 target_cluster=Some(0) active_clusters=1 remaining_cells=83 scans=2
RESULT turn=15 cell=8,13 result=MISS remaining_cells=83 active_clusters=1
turn=15 result=MISS
turn=16 mode=CHASE cluster=0 cluster_len=1 cell=7,12 score=100002.079456 chase_score=5097.079456 prob=2.079456
turn=16 picked cell=7,12 target_cluster=Some(0) active_clusters=1 remaining_cells=83 scans=2
RESULT turn=16 cell=7,12 result=HIT remaining_cells=83 active_clusters=1
turn=16 result=HIT
turn=17 mode=CHASE cluster=0 cluster_len=2 cell=7,11 score=200002.305853 chase_score=10360.305853 prob=2.305853
turn=17 picked cell=7,11 target_cluster=Some(0) active_clusters=1 remaining_cells=82 scans=2
RESULT turn=17 cell=7,11 result=HIT remaining_cells=82 active_clusters=1
turn=17 result=HIT
turn=18 mode=CHASE cluster=0 cluster_len=3 cell=7,10 score=300002.509094 chase_score=10331.509094 prob=2.509094
turn=18 picked cell=7,10 target_cluster=Some(0) active_clusters=1 remaining_cells=81 scans=2
RESULT turn=18 cell=7,10 result=HIT remaining_cells=81 active_clusters=1
turn=18 result=HIT
turn=19 mode=CHASE cluster=0 cluster_len=4 cell=7,9 score=400002.683933 chase_score=10297.683933 prob=2.683933
turn=19 picked cell=7,9 target_cluster=Some(0) active_clusters=1 remaining_cells=80 scans=2
RESULT turn=19 cell=7,9 result=HIT remaining_cells=80 active_clusters=1
turn=19 result=HIT
turn=20 mode=CHASE cluster=0 cluster_len=5 cell=7,14 score=500003.257987 chase_score=10227.257987 prob=3.257987
turn=20 picked cell=7,14 target_cluster=Some(0) active_clusters=1 remaining_cells=79 scans=2
RESULT turn=20 cell=7,14 result=HIT remaining_cells=79 active_clusters=1
turn=20 result=HIT
turn=21 mode=CHASE cluster=0 cluster_len=6 cell=7,15 score=600002.975094 chase_score=10160.975094 prob=2.975094
turn=21 picked cell=7,15 target_cluster=Some(0) active_clusters=1 remaining_cells=78 scans=2
RESULT turn=21 cell=7,15 result=HIT remaining_cells=78 active_clusters=1
turn=21 result=HIT
turn=22 mode=CHASE cluster=0 cluster_len=7 cell=7,16 score=700002.683933 chase_score=10100.683933 prob=2.683933
turn=22 picked cell=7,16 target_cluster=Some(0) active_clusters=1 remaining_cells=77 scans=2
RESULT turn=22 cell=7,16 result=HIT remaining_cells=77 active_clusters=1
turn=22 result=HIT
turn=23 mode=CHASE cluster=0 cluster_len=8 cell=7,8 score=800002.392772 chase_score=10047.392772 prob=2.392772
turn=23 picked cell=7,8 target_cluster=Some(0) active_clusters=1 remaining_cells=76 scans=2
RESULT turn=23 cell=7,8 result=MISS remaining_cells=76 active_clusters=1
turn=23 result=MISS
turn=24 mode=CHASE cluster=0 cluster_len=8 cell=7,17 score=800002.474329 chase_score=10047.474329 prob=2.474329
turn=24 picked cell=7,17 target_cluster=Some(0) active_clusters=1 remaining_cells=76 scans=2
RESULT turn=24 cell=7,17 result=KILL remaining_cells=76 active_clusters=1
turn=24 result=KILL
turn=24 kill_infer inferred_len=9 committed_hits=8 cluster_hits=8
turn=25 picked cell=10,2 target_cluster=None active_clusters=0 remaining_cells=75 scans=2
RESULT turn=25 cell=10,2 result=HIT remaining_cells=75 active_clusters=0
turn=25 result=HIT
turn=26 mode=CHASE cluster=0 cluster_len=1 cell=9,2 score=100002.362327 chase_score=5118.862327 prob=2.362327
turn=26 picked cell=9,2 target_cluster=Some(0) active_clusters=1 remaining_cells=74 scans=2
RESULT turn=26 cell=9,2 result=HIT remaining_cells=74 active_clusters=1
turn=26 result=HIT
turn=27 mode=CHASE cluster=0 cluster_len=2 cell=11,2 score=200002.896589 chase_score=10395.896589 prob=2.896589
turn=27 picked cell=11,2 target_cluster=Some(0) active_clusters=1 remaining_cells=73 scans=2
RESULT turn=27 cell=11,2 result=MISS remaining_cells=73 active_clusters=1
turn=27 result=MISS
turn=28 mode=CHASE cluster=0 cluster_len=2 cell=8,2 score=200001.282192 chase_score=10074.282192 prob=1.282192
turn=28 picked cell=8,2 target_cluster=Some(0) active_clusters=1 remaining_cells=73 scans=2
RESULT turn=28 cell=8,2 result=HIT remaining_cells=73 active_clusters=1
turn=28 result=HIT
turn=29 mode=CHASE cluster=0 cluster_len=3 cell=7,2 score=300001.412385 chase_score=10071.412385 prob=1.412385
turn=29 picked cell=7,2 target_cluster=Some(0) active_clusters=1 remaining_cells=72 scans=2
RESULT turn=29 cell=7,2 result=HIT remaining_cells=72 active_clusters=1
turn=29 result=HIT
turn=30 mode=CHASE cluster=0 cluster_len=4 cell=6,2 score=400002.109119 chase_score=10064.109119 prob=2.109119
turn=30 picked cell=6,2 target_cluster=Some(0) active_clusters=1 remaining_cells=71 scans=2
RESULT turn=30 cell=6,2 result=HIT remaining_cells=71 active_clusters=1
turn=30 result=HIT
turn=31 mode=CHASE cluster=0 cluster_len=5 cell=5,2 score=500002.131482 chase_score=10059.131482 prob=2.131482
turn=31 picked cell=5,2 target_cluster=Some(0) active_clusters=1 remaining_cells=70 scans=2
RESULT turn=31 cell=5,2 result=HIT remaining_cells=70 active_clusters=1
turn=31 result=HIT
turn=32 mode=CHASE cluster=0 cluster_len=6 cell=4,2 score=600002.109119 chase_score=10053.109119 prob=2.109119
turn=32 picked cell=4,2 target_cluster=Some(0) active_clusters=1 remaining_cells=69 scans=2
RESULT turn=32 cell=4,2 result=HIT remaining_cells=69 active_clusters=1
turn=32 result=HIT
turn=33 mode=CHASE cluster=0 cluster_len=7 cell=3,2 score=700002.041085 chase_score=10046.041085 prob=2.041085
turn=33 picked cell=3,2 target_cluster=Some(0) active_clusters=1 remaining_cells=68 scans=2
RESULT turn=33 cell=3,2 result=HIT remaining_cells=68 active_clusters=1
turn=33 result=HIT
turn=34 mode=CHASE cluster=0 cluster_len=8 cell=2,2 score=800001.910892 chase_score=10037.910892 prob=1.910892
turn=34 picked cell=2,2 target_cluster=Some(0) active_clusters=1 remaining_cells=67 scans=2
RESULT turn=34 cell=2,2 result=KILL remaining_cells=67 active_clusters=1
turn=34 result=KILL
turn=34 kill_infer inferred_len=9 committed_hits=8 cluster_hits=8
turn=35 picked cell=13,8 target_cluster=None active_clusters=0 remaining_cells=66 scans=2
RESULT turn=35 cell=13,8 result=MISS remaining_cells=66 active_clusters=0
turn=35 result=MISS
turn=36 picked cell=14,7 target_cluster=None active_clusters=0 remaining_cells=66 scans=2
RESULT turn=36 cell=14,7 result=HIT remaining_cells=66 active_clusters=0
turn=36 result=HIT
turn=37 mode=CHASE cluster=0 cluster_len=1 cell=14,8 score=100002.383903 chase_score=5100.883903 prob=2.383903
turn=37 picked cell=14,8 target_cluster=Some(0) active_clusters=1 remaining_cells=65 scans=2
RESULT turn=37 cell=14,8 result=MISS remaining_cells=65 active_clusters=1
turn=37 result=MISS
turn=38 mode=CHASE cluster=0 cluster_len=1 cell=15,7 score=100002.685059 chase_score=5023.935059 prob=2.685059
turn=38 picked cell=15,7 target_cluster=Some(0) active_clusters=1 remaining_cells=65 scans=2
RESULT turn=38 cell=15,7 result=HIT remaining_cells=65 active_clusters=1
turn=38 result=HIT
turn=39 mode=CHASE cluster=0 cluster_len=2 cell=13,7 score=200000.606174 chase_score=10074.606174 prob=0.606174
turn=39 picked cell=13,7 target_cluster=Some(0) active_clusters=1 remaining_cells=64 scans=2
RESULT turn=39 cell=13,7 result=HIT remaining_cells=64 active_clusters=1
turn=39 result=HIT
turn=40 mode=CHASE cluster=0 cluster_len=3 cell=12,7 score=300002.685059 chase_score=10060.685059 prob=2.685059
turn=40 picked cell=12,7 target_cluster=Some(0) active_clusters=1 remaining_cells=63 scans=2
RESULT turn=40 cell=12,7 result=HIT remaining_cells=63 active_clusters=1
turn=40 result=HIT
turn=41 mode=CHASE cluster=0 cluster_len=4 cell=16,7 score=400002.596097 chase_score=10041.596097 prob=2.596097
turn=41 picked cell=16,7 target_cluster=Some(0) active_clusters=1 remaining_cells=62 scans=2
RESULT turn=41 cell=16,7 result=HIT remaining_cells=62 active_clusters=1
turn=41 result=HIT
turn=42 mode=CHASE cluster=0 cluster_len=5 cell=11,7 score=500001.886551 chase_score=10029.886551 prob=1.886551
turn=42 picked cell=11,7 target_cluster=Some(0) active_clusters=1 remaining_cells=61 scans=2
RESULT turn=42 cell=11,7 result=KILL remaining_cells=61 active_clusters=1
turn=42 result=KILL
turn=42 kill_infer inferred_len=6 committed_hits=5 cluster_hits=5
turn=43 picked cell=17,9 target_cluster=None active_clusters=0 remaining_cells=60 scans=2
RESULT turn=43 cell=17,9 result=HIT remaining_cells=60 active_clusters=0
turn=43 result=HIT
turn=44 mode=CHASE cluster=0 cluster_len=1 cell=17,8 score=100002.902430 chase_score=5093.902430 prob=2.902430
turn=44 picked cell=17,8 target_cluster=Some(0) active_clusters=1 remaining_cells=59 scans=2
RESULT turn=44 cell=17,8 result=HIT remaining_cells=59 active_clusters=1
turn=44 result=HIT
turn=45 mode=CHASE cluster=0 cluster_len=2 cell=17,10 score=200002.852450 chase_score=10308.852450 prob=2.852450
turn=45 picked cell=17,10 target_cluster=Some(0) active_clusters=1 remaining_cells=58 scans=2
RESULT turn=45 cell=17,10 result=HIT remaining_cells=58 active_clusters=1
turn=45 result=HIT
turn=46 mode=CHASE cluster=0 cluster_len=3 cell=17,7 score=300002.683298 chase_score=10250.683298 prob=2.683298
turn=46 picked cell=17,7 target_cluster=Some(0) active_clusters=1 remaining_cells=57 scans=2
RESULT turn=46 cell=17,7 result=HIT remaining_cells=57 active_clusters=1
turn=46 result=HIT
turn=47 mode=CHASE cluster=0 cluster_len=4 cell=17,6 score=400002.593849 chase_score=10195.593849 prob=2.593849
turn=47 picked cell=17,6 target_cluster=Some(0) active_clusters=1 remaining_cells=56 scans=2
RESULT turn=47 cell=17,6 result=HIT remaining_cells=56 active_clusters=1
turn=47 result=HIT
turn=48 mode=CHASE cluster=0 cluster_len=5 cell=17,11 score=500002.593849 chase_score=10148.593849 prob=2.593849
turn=48 picked cell=17,11 target_cluster=Some(0) active_clusters=1 remaining_cells=55 scans=2
RESULT turn=48 cell=17,11 result=HIT remaining_cells=55 active_clusters=1
turn=48 result=HIT
turn=49 mode=CHASE cluster=0 cluster_len=6 cell=17,5 score=600002.294688 chase_score=10106.294688 prob=2.294688
turn=49 picked cell=17,5 target_cluster=Some(0) active_clusters=1 remaining_cells=54 scans=2
RESULT turn=49 cell=17,5 result=HIT remaining_cells=54 active_clusters=1
turn=49 result=HIT
turn=50 mode=CHASE cluster=0 cluster_len=7 cell=17,12 score=700002.294688 chase_score=10064.294688 prob=2.294688
turn=50 picked cell=17,12 target_cluster=Some(0) active_clusters=1 remaining_cells=53 scans=2
RESULT turn=50 cell=17,12 result=HIT remaining_cells=53 active_clusters=1
turn=50 result=HIT
turn=51 mode=CHASE cluster=0 cluster_len=8 cell=17,13 score=800002.201186 chase_score=10029.201186 prob=2.201186
turn=51 picked cell=17,13 target_cluster=Some(0) active_clusters=1 remaining_cells=52 scans=2
RESULT turn=51 cell=17,13 result=KILL remaining_cells=52 active_clusters=1
turn=51 result=KILL
turn=51 kill_infer inferred_len=9 committed_hits=8 cluster_hits=8
turn=52 picked cell=1,7 target_cluster=None active_clusters=0 remaining_cells=51 scans=2
RESULT turn=52 cell=1,7 result=HIT remaining_cells=51 active_clusters=0
turn=52 result=HIT
turn=53 mode=CHASE cluster=0 cluster_len=1 cell=1,8 score=100002.638511 chase_score=5075.638511 prob=2.638511
turn=53 picked cell=1,8 target_cluster=Some(0) active_clusters=1 remaining_cells=50 scans=2
RESULT turn=53 cell=1,8 result=HIT remaining_cells=50 active_clusters=1
turn=53 result=HIT
turn=54 mode=CHASE cluster=0 cluster_len=2 cell=1,9 score=200002.638511 chase_score=10245.638511 prob=2.638511
turn=54 picked cell=1,9 target_cluster=Some(0) active_clusters=1 remaining_cells=49 scans=2
RESULT turn=54 cell=1,9 result=HIT remaining_cells=49 active_clusters=1
turn=54 result=HIT
turn=55 mode=CHASE cluster=0 cluster_len=3 cell=1,6 score=300002.591795 chase_score=10196.591795 prob=2.591795
turn=55 picked cell=1,6 target_cluster=Some(0) active_clusters=1 remaining_cells=48 scans=2
RESULT turn=55 cell=1,6 result=HIT remaining_cells=48 active_clusters=1
turn=55 result=HIT
turn=56 mode=CHASE cluster=0 cluster_len=4 cell=1,10 score=400002.490949 chase_score=10150.490949 prob=2.490949
turn=56 picked cell=1,10 target_cluster=Some(0) active_clusters=1 remaining_cells=47 scans=2
RESULT turn=56 cell=1,10 result=HIT remaining_cells=47 active_clusters=1
turn=56 result=HIT
turn=57 mode=CHASE cluster=0 cluster_len=5 cell=1,5 score=500002.343386 chase_score=10112.343386 prob=2.343386
turn=57 picked cell=1,5 target_cluster=Some(0) active_clusters=1 remaining_cells=46 scans=2
RESULT turn=57 cell=1,5 result=HIT remaining_cells=46 active_clusters=1
turn=57 result=HIT
turn=58 mode=CHASE cluster=0 cluster_len=6 cell=1,11 score=600002.285823 chase_score=10079.285823 prob=2.285823
turn=58 picked cell=1,11 target_cluster=Some(0) active_clusters=1 remaining_cells=45 scans=2
RESULT turn=58 cell=1,11 result=HIT remaining_cells=45 active_clusters=1
turn=58 result=HIT
turn=59 mode=CHASE cluster=0 cluster_len=7 cell=1,4 score=700002.094977 chase_score=10046.094977 prob=2.094977
turn=59 picked cell=1,4 target_cluster=Some(0) active_clusters=1 remaining_cells=44 scans=2
RESULT turn=59 cell=1,4 result=HIT remaining_cells=44 active_clusters=1
turn=59 result=HIT
turn=60 mode=CHASE cluster=0 cluster_len=8 cell=1,12 score=800002.037414 chase_score=10020.037414 prob=2.037414
turn=60 picked cell=1,12 target_cluster=Some(0) active_clusters=1 remaining_cells=43 scans=2
RESULT turn=60 cell=1,12 result=MISS remaining_cells=43 active_clusters=1
turn=60 result=MISS
turn=61 mode=CHASE cluster=0 cluster_len=8 cell=1,3 score=800001.937237 chase_score=10019.937237 prob=1.937237
turn=61 picked cell=1,3 target_cluster=Some(0) active_clusters=1 remaining_cells=43 scans=2
RESULT turn=61 cell=1,3 result=KILL remaining_cells=43 active_clusters=1
turn=61 result=KILL
turn=61 kill_infer inferred_len=9 committed_hits=8 cluster_hits=8
turn=62 picked cell=10,10 target_cluster=None active_clusters=0 remaining_cells=42 scans=2
RESULT turn=62 cell=10,10 result=MISS remaining_cells=42 active_clusters=0
turn=62 result=MISS
turn=63 picked cell=12,14 target_cluster=None active_clusters=0 remaining_cells=42 scans=2
RESULT turn=63 cell=12,14 result=MISS remaining_cells=42 active_clusters=0
turn=63 result=MISS
turn=64 picked cell=9,1 target_cluster=None active_clusters=0 remaining_cells=42 scans=2
RESULT turn=64 cell=9,1 result=MISS remaining_cells=42 active_clusters=0
turn=64 result=MISS
turn=65 picked cell=9,0 target_cluster=None active_clusters=0 remaining_cells=42 scans=2
RESULT turn=65 cell=9,0 result=MISS remaining_cells=42 active_clusters=0
turn=65 result=MISS
turn=66 picked cell=0,9 target_cluster=None active_clusters=0 remaining_cells=42 scans=2
RESULT turn=66 cell=0,9 result=HIT remaining_cells=42 active_clusters=0
turn=66 result=HIT
turn=67 mode=CHASE cluster=0 cluster_len=1 cell=0,8 score=100002.693510 chase_score=5057.693510 prob=2.693510
turn=67 picked cell=0,8 target_cluster=Some(0) active_clusters=1 remaining_cells=41 scans=2
RESULT turn=67 cell=0,8 result=HIT remaining_cells=41 active_clusters=1
turn=67 result=HIT
turn=68 mode=CHASE cluster=0 cluster_len=2 cell=0,7 score=200002.574847 chase_score=10182.574847 prob=2.574847
turn=68 picked cell=0,7 target_cluster=Some(0) active_clusters=1 remaining_cells=40 scans=2
RESULT turn=68 cell=0,7 result=HIT remaining_cells=40 active_clusters=1
turn=68 result=HIT
turn=69 mode=CHASE cluster=0 cluster_len=3 cell=0,10 score=300002.574847 chase_score=10142.574847 prob=2.574847
turn=69 picked cell=0,10 target_cluster=Some(0) active_clusters=1 remaining_cells=39 scans=2
RESULT turn=69 cell=0,10 result=HIT remaining_cells=39 active_clusters=1
turn=69 result=HIT
turn=70 mode=CHASE cluster=0 cluster_len=4 cell=0,6 score=400002.367501 chase_score=10105.367501 prob=2.367501
turn=70 picked cell=0,6 target_cluster=Some(0) active_clusters=1 remaining_cells=38 scans=2
RESULT turn=70 cell=0,6 result=HIT remaining_cells=38 active_clusters=1
turn=70 result=HIT
turn=71 mode=CHASE cluster=0 cluster_len=5 cell=0,11 score=500002.367501 chase_score=10076.367501 prob=2.367501
turn=71 picked cell=0,11 target_cluster=Some(0) active_clusters=1 remaining_cells=37 scans=2
RESULT turn=71 cell=0,11 result=HIT remaining_cells=37 active_clusters=1
turn=71 result=HIT
turn=72 mode=CHASE cluster=0 cluster_len=6 cell=0,5 score=600002.097238 chase_score=10052.097238 prob=2.097238
turn=72 picked cell=0,5 target_cluster=Some(0) active_clusters=1 remaining_cells=36 scans=2
RESULT turn=72 cell=0,5 result=HIT remaining_cells=36 active_clusters=1
turn=72 result=HIT
turn=73 mode=CHASE cluster=0 cluster_len=7 cell=0,12 score=700002.097238 chase_score=10028.097238 prob=2.097238
turn=73 picked cell=0,12 target_cluster=Some(0) active_clusters=1 remaining_cells=35 scans=2
RESULT turn=73 cell=0,12 result=KILL remaining_cells=35 active_clusters=1
turn=73 result=KILL
turn=73 kill_infer inferred_len=8 committed_hits=7 cluster_hits=7
turn=74 picked cell=11,11 target_cluster=None active_clusters=0 remaining_cells=34 scans=2
RESULT turn=74 cell=11,11 result=HIT remaining_cells=34 active_clusters=0
turn=74 result=HIT
turn=75 mode=CHASE cluster=0 cluster_len=1 cell=11,12 score=100001.266299 chase_score=5025.266299 prob=1.266299
turn=75 picked cell=11,12 target_cluster=Some(0) active_clusters=1 remaining_cells=33 scans=2
RESULT turn=75 cell=11,12 result=MISS remaining_cells=33 active_clusters=1
turn=75 result=MISS
turn=76 mode=CHASE cluster=0 cluster_len=1 cell=12,11 score=100000.718091 chase_score=5010.468091 prob=0.718091
turn=76 picked cell=12,11 target_cluster=Some(0) active_clusters=1 remaining_cells=33 scans=2
RESULT turn=76 cell=12,11 result=MISS remaining_cells=33 active_clusters=1
turn=76 result=MISS
turn=77 mode=CHASE cluster=0 cluster_len=1 cell=11,10 score=100000.229862 chase_score=5002.979862 prob=0.229862
turn=77 picked cell=11,10 target_cluster=Some(0) active_clusters=1 remaining_cells=33 scans=2
RESULT turn=77 cell=11,10 result=HIT remaining_cells=33 active_clusters=1
turn=77 result=HIT
turn=78 mode=CHASE cluster=0 cluster_len=2 cell=11,9 score=200000.409427 chase_score=10011.409427 prob=0.409427
turn=78 picked cell=11,9 target_cluster=Some(0) active_clusters=1 remaining_cells=32 scans=2
RESULT turn=78 cell=11,9 result=HIT remaining_cells=32 active_clusters=1
turn=78 result=HIT
turn=79 mode=CHASE cluster=0 cluster_len=3 cell=11,8 score=300000.118047 chase_score=10008.118047 prob=0.118047
turn=79 picked cell=11,8 target_cluster=Some(0) active_clusters=1 remaining_cells=31 scans=2
RESULT turn=79 cell=11,8 result=KILL remaining_cells=31 active_clusters=1
turn=79 result=KILL
turn=79 kill_infer inferred_len=4 committed_hits=3 cluster_hits=3
turn=80 picked cell=6,11 target_cluster=None active_clusters=0 remaining_cells=30 scans=2
RESULT turn=80 cell=6,11 result=MISS remaining_cells=30 active_clusters=0
turn=80 result=MISS
turn=81 picked cell=5,10 target_cluster=None active_clusters=0 remaining_cells=30 scans=2
RESULT turn=81 cell=5,10 result=MISS remaining_cells=30 active_clusters=0
turn=81 result=MISS
turn=82 picked cell=13,15 target_cluster=None active_clusters=0 remaining_cells=30 scans=2
RESULT turn=82 cell=13,15 result=MISS remaining_cells=30 active_clusters=0
turn=82 result=MISS
turn=83 picked cell=4,9 target_cluster=None active_clusters=0 remaining_cells=30 scans=2
RESULT turn=83 cell=4,9 result=MISS remaining_cells=30 active_clusters=0
turn=83 result=MISS
turn=84 picked cell=14,16 target_cluster=None active_clusters=0 remaining_cells=30 scans=2
RESULT turn=84 cell=14,16 result=MISS remaining_cells=30 active_clusters=0
turn=84 result=MISS
turn=85 picked cell=15,13 target_cluster=None active_clusters=0 remaining_cells=30 scans=2
RESULT turn=85 cell=15,13 result=HIT remaining_cells=30 active_clusters=0
turn=85 result=HIT
turn=86 mode=CHASE cluster=0 cluster_len=1 cell=15,12 score=100002.033731 chase_score=5023.033731 prob=2.033731
turn=86 picked cell=15,12 target_cluster=Some(0) active_clusters=1 remaining_cells=29 scans=2
RESULT turn=86 cell=15,12 result=HIT remaining_cells=29 active_clusters=1
turn=86 result=HIT
turn=87 mode=CHASE cluster=0 cluster_len=2 cell=15,14 score=200002.002713 chase_score=10074.002713 prob=2.002713
turn=87 picked cell=15,14 target_cluster=Some(0) active_clusters=1 remaining_cells=28 scans=2
RESULT turn=87 cell=15,14 result=HIT remaining_cells=28 active_clusters=1
turn=87 result=HIT
turn=88 mode=CHASE cluster=0 cluster_len=3 cell=15,11 score=300001.847212 chase_score=10061.847212 prob=1.847212
turn=88 picked cell=15,11 target_cluster=Some(0) active_clusters=1 remaining_cells=27 scans=2
RESULT turn=88 cell=15,11 result=HIT remaining_cells=27 active_clusters=1
turn=88 result=HIT
turn=89 mode=CHASE cluster=0 cluster_len=4 cell=15,10 score=400001.724427 chase_score=10045.724427 prob=1.724427
turn=89 picked cell=15,10 target_cluster=Some(0) active_clusters=1 remaining_cells=26 scans=2
RESULT turn=89 cell=15,10 result=HIT remaining_cells=26 active_clusters=1
turn=89 result=HIT
turn=90 mode=CHASE cluster=0 cluster_len=5 cell=15,15 score=500001.605683 chase_score=10033.605683 prob=1.605683
turn=90 picked cell=15,15 target_cluster=Some(0) active_clusters=1 remaining_cells=25 scans=2
RESULT turn=90 cell=15,15 result=HIT remaining_cells=25 active_clusters=1
turn=90 result=HIT
turn=91 mode=CHASE cluster=0 cluster_len=6 cell=15,9 score=600001.446141 chase_score=10026.446141 prob=1.446141
turn=91 picked cell=15,9 target_cluster=Some(0) active_clusters=1 remaining_cells=24 scans=2
RESULT turn=91 cell=15,9 result=HIT remaining_cells=24 active_clusters=1
turn=91 result=HIT
turn=92 mode=CHASE cluster=0 cluster_len=7 cell=15,16 score=700001.239671 chase_score=10019.239671 prob=1.239671
turn=92 picked cell=15,16 target_cluster=Some(0) active_clusters=1 remaining_cells=23 scans=2
RESULT turn=92 cell=15,16 result=HIT remaining_cells=23 active_clusters=1
turn=92 result=HIT
turn=93 mode=CHASE cluster=0 cluster_len=8 cell=15,17 score=800002.059400 chase_score=10011.059400 prob=2.059400
turn=93 picked cell=15,17 target_cluster=Some(0) active_clusters=1 remaining_cells=22 scans=2
RESULT turn=93 cell=15,17 result=MISS remaining_cells=22 active_clusters=1
turn=93 result=MISS
turn=94 mode=CHASE cluster=0 cluster_len=8 cell=15,8 score=800000.704485 chase_score=10009.704485 prob=0.704485
turn=94 picked cell=15,8 target_cluster=Some(0) active_clusters=1 remaining_cells=22 scans=2
RESULT turn=94 cell=15,8 result=KILL remaining_cells=22 active_clusters=1
turn=94 result=KILL
turn=94 kill_infer inferred_len=9 committed_hits=8 cluster_hits=8
turn=95 picked cell=6,7 target_cluster=None active_clusters=0 remaining_cells=21 scans=2
RESULT turn=95 cell=6,7 result=MISS remaining_cells=21 active_clusters=0
turn=95 result=MISS
turn=96 picked cell=3,8 target_cluster=None active_clusters=0 remaining_cells=21 scans=2
RESULT turn=96 cell=3,8 result=MISS remaining_cells=21 active_clusters=0
turn=96 result=MISS
turn=97 picked cell=5,6 target_cluster=None active_clusters=0 remaining_cells=21 scans=2
RESULT turn=97 cell=5,6 result=MISS remaining_cells=21 active_clusters=0
turn=97 result=MISS
turn=98 picked cell=10,6 target_cluster=None active_clusters=0 remaining_cells=21 scans=2
RESULT turn=98 cell=10,6 result=MISS remaining_cells=21 active_clusters=0
turn=98 result=MISS
turn=99 picked cell=2,8 target_cluster=None active_clusters=0 remaining_cells=21 scans=2
RESULT turn=99 cell=2,8 result=MISS remaining_cells=21 active_clusters=0
turn=99 result=MISS
turn=100 picked cell=14,3 target_cluster=None active_clusters=0 remaining_cells=21 scans=2
RESULT turn=100 cell=14,3 result=MISS remaining_cells=21 active_clusters=0
turn=100 result=MISS
turn=101 picked cell=13,4 target_cluster=None active_clusters=0 remaining_cells=21 scans=2
RESULT turn=101 cell=13,4 result=MISS remaining_cells=21 active_clusters=0
turn=101 result=MISS
turn=102 picked cell=4,1 target_cluster=None active_clusters=0 remaining_cells=21 scans=2
RESULT turn=102 cell=4,1 result=MISS remaining_cells=21 active_clusters=0
turn=102 result=MISS
turn=103 picked cell=4,0 target_cluster=None active_clusters=0 remaining_cells=21 scans=2
RESULT turn=103 cell=4,0 result=MISS remaining_cells=21 active_clusters=0
turn=103 result=MISS
turn=104 picked cell=3,13 target_cluster=None active_clusters=0 remaining_cells=21 scans=2
RESULT turn=104 cell=3,13 result=MISS remaining_cells=21 active_clusters=0
turn=104 result=MISS
turn=105 picked cell=2,14 target_cluster=None active_clusters=0 remaining_cells=21 scans=2
RESULT turn=105 cell=2,14 result=HIT remaining_cells=21 active_clusters=0
turn=105 result=HIT
turn=106 mode=CHASE cluster=0 cluster_len=1 cell=2,13 score=100001.160789 chase_score=5015.910789 prob=1.160789
turn=106 picked cell=2,13 target_cluster=Some(0) active_clusters=1 remaining_cells=20 scans=2
RESULT turn=106 cell=2,13 result=MISS remaining_cells=20 active_clusters=1
turn=106 result=MISS
turn=107 mode=CHASE cluster=0 cluster_len=1 cell=3,14 score=100000.750958 chase_score=5010.750958 prob=0.750958
turn=107 picked cell=3,14 target_cluster=Some(0) active_clusters=1 remaining_cells=20 scans=2
RESULT turn=107 cell=3,14 result=MISS remaining_cells=20 active_clusters=1
turn=107 result=MISS
turn=108 mode=CHASE cluster=0 cluster_len=1 cell=2,15 score=100000.804853 chase_score=5002.554853 prob=0.804853
turn=108 picked cell=2,15 target_cluster=Some(0) active_clusters=1 remaining_cells=20 scans=2
RESULT turn=108 cell=2,15 result=HIT remaining_cells=20 active_clusters=1
turn=108 result=HIT
turn=109 mode=CHASE cluster=0 cluster_len=2 cell=2,16 score=200000.804853 chase_score=10007.804853 prob=0.804853
turn=109 picked cell=2,16 target_cluster=Some(0) active_clusters=1 remaining_cells=19 scans=2
RESULT turn=109 cell=2,16 result=HIT remaining_cells=19 active_clusters=1
turn=109 result=HIT
turn=110 mode=CHASE cluster=0 cluster_len=3 cell=2,17 score=300000.772936 chase_score=10004.772936 prob=0.772936
turn=110 picked cell=2,17 target_cluster=Some(0) active_clusters=1 remaining_cells=18 scans=2
RESULT turn=110 cell=2,17 result=KILL remaining_cells=18 active_clusters=1
turn=110 result=KILL
turn=110 kill_infer inferred_len=4 committed_hits=3 cluster_hits=3
turn=111 picked cell=12,5 target_cluster=None active_clusters=0 remaining_cells=17 scans=2
RESULT turn=111 cell=12,5 result=MISS remaining_cells=17 active_clusters=0
turn=111 result=MISS
turn=112 picked cell=15,1 target_cluster=None active_clusters=0 remaining_cells=17 scans=2
RESULT turn=112 cell=15,1 result=MISS remaining_cells=17 active_clusters=0
turn=112 result=MISS
turn=113 picked cell=16,0 target_cluster=None active_clusters=0 remaining_cells=17 scans=2
RESULT turn=113 cell=16,0 result=KILL remaining_cells=17 active_clusters=0
turn=113 result=KILL
turn=114 picked cell=4,5 target_cluster=None active_clusters=0 remaining_cells=16 scans=2
RESULT turn=114 cell=4,5 result=MISS remaining_cells=16 active_clusters=0
turn=114 result=MISS
turn=115 picked cell=6,4 target_cluster=None active_clusters=0 remaining_cells=16 scans=2
RESULT turn=115 cell=6,4 result=MISS remaining_cells=16 active_clusters=0
turn=115 result=MISS
turn=116 picked cell=16,12 target_cluster=None active_clusters=0 remaining_cells=16 scans=2
RESULT turn=116 cell=16,12 result=MISS remaining_cells=16 active_clusters=0
turn=116 result=MISS
turn=117 picked cell=5,3 target_cluster=None active_clusters=0 remaining_cells=16 scans=2
RESULT turn=117 cell=5,3 result=HIT remaining_cells=16 active_clusters=0
turn=117 result=HIT
turn=118 mode=CHASE cluster=0 cluster_len=1 cell=6,3 score=100001.437387 chase_score=5008.437387 prob=1.437387
turn=118 picked cell=6,3 target_cluster=Some(0) active_clusters=1 remaining_cells=15 scans=2
RESULT turn=118 cell=6,3 result=HIT remaining_cells=15 active_clusters=1
turn=118 result=HIT
turn=119 mode=CHASE cluster=0 cluster_len=2 cell=4,3 score=200001.437387 chase_score=10026.437387 prob=1.437387
turn=119 picked cell=4,3 target_cluster=Some(0) active_clusters=1 remaining_cells=14 scans=2
RESULT turn=119 cell=4,3 result=HIT remaining_cells=14 active_clusters=1
turn=119 result=HIT
turn=120 mode=CHASE cluster=0 cluster_len=3 cell=3,3 score=300001.437387 chase_score=10018.437387 prob=1.437387
turn=120 picked cell=3,3 target_cluster=Some(0) active_clusters=1 remaining_cells=13 scans=2
RESULT turn=120 cell=3,3 result=HIT remaining_cells=13 active_clusters=1
turn=120 result=HIT
turn=121 mode=CHASE cluster=0 cluster_len=4 cell=7,3 score=400001.437387 chase_score=10013.437387 prob=1.437387
turn=121 picked cell=7,3 target_cluster=Some(0) active_clusters=1 remaining_cells=12 scans=2
RESULT turn=121 cell=7,3 result=HIT remaining_cells=12 active_clusters=1
turn=121 result=HIT
turn=122 mode=CHASE cluster=0 cluster_len=5 cell=2,3 score=500001.195077 chase_score=10008.195077 prob=1.195077
turn=122 picked cell=2,3 target_cluster=Some(0) active_clusters=1 remaining_cells=11 scans=2
RESULT turn=122 cell=2,3 result=HIT remaining_cells=11 active_clusters=1
turn=122 result=HIT
turn=123 mode=CHASE cluster=0 cluster_len=6 cell=8,3 score=600001.195077 chase_score=10008.195077 prob=1.195077
turn=123 picked cell=8,3 target_cluster=Some(0) active_clusters=1 remaining_cells=10 scans=2
RESULT turn=123 cell=8,3 result=KILL remaining_cells=10 active_clusters=1
turn=123 result=KILL
turn=123 kill_infer inferred_len=7 committed_hits=6 cluster_hits=6
turn=124 picked cell=16,2 target_cluster=None active_clusters=0 remaining_cells=9 scans=2
RESULT turn=124 cell=16,2 result=MISS remaining_cells=9 active_clusters=0
turn=124 result=MISS
turn=125 picked cell=10,13 target_cluster=None active_clusters=0 remaining_cells=9 scans=2
RESULT turn=125 cell=10,13 result=MISS remaining_cells=9 active_clusters=0
turn=125 result=MISS
turn=126 picked cell=12,0 target_cluster=None active_clusters=0 remaining_cells=9 scans=2
RESULT turn=126 cell=12,0 result=MISS remaining_cells=9 active_clusters=0
turn=126 result=MISS
turn=127 picked cell=15,6 target_cluster=None active_clusters=0 remaining_cells=9 scans=2
RESULT turn=127 cell=15,6 result=HIT remaining_cells=9 active_clusters=0
turn=127 result=HIT
turn=128 mode=CHASE cluster=0 cluster_len=1 cell=14,6 score=100000.420361 chase_score=5004.420361 prob=0.420361
turn=128 picked cell=14,6 target_cluster=Some(0) active_clusters=1 remaining_cells=8 scans=2
RESULT turn=128 cell=14,6 result=HIT remaining_cells=8 active_clusters=1
turn=128 result=HIT
turn=129 mode=CHASE cluster=0 cluster_len=2 cell=13,6 score=200000.382883 chase_score=10013.382883 prob=0.382883
turn=129 picked cell=13,6 target_cluster=Some(0) active_clusters=1 remaining_cells=7 scans=2
RESULT turn=129 cell=13,6 result=HIT remaining_cells=7 active_clusters=1
turn=129 result=HIT
turn=130 mode=CHASE cluster=0 cluster_len=3 cell=12,6 score=300000.345404 chase_score=10010.345404 prob=0.345404
turn=130 picked cell=12,6 target_cluster=Some(0) active_clusters=1 remaining_cells=6 scans=2
RESULT turn=130 cell=12,6 result=HIT remaining_cells=6 active_clusters=1
turn=130 result=HIT
turn=131 mode=CHASE cluster=0 cluster_len=4 cell=11,6 score=400000.220739 chase_score=10005.220739 prob=0.220739
turn=131 picked cell=11,6 target_cluster=Some(0) active_clusters=1 remaining_cells=5 scans=2
RESULT turn=131 cell=11,6 result=KILL remaining_cells=5 active_clusters=1
turn=131 result=KILL
turn=131 kill_infer inferred_len=5 committed_hits=4 cluster_hits=4
turn=132 picked cell=13,10 target_cluster=None active_clusters=0 remaining_cells=4 scans=2
RESULT turn=132 cell=13,10 result=MISS remaining_cells=4 active_clusters=0
turn=132 result=MISS
turn=133 picked cell=9,15 target_cluster=None active_clusters=0 remaining_cells=4 scans=2
RESULT turn=133 cell=9,15 result=MISS remaining_cells=4 active_clusters=0
turn=133 result=MISS
turn=134 picked cell=13,13 target_cluster=None active_clusters=0 remaining_cells=4 scans=2
RESULT turn=134 cell=13,13 result=MISS remaining_cells=4 active_clusters=0
turn=134 result=MISS
turn=135 picked cell=14,12 target_cluster=None active_clusters=0 remaining_cells=4 scans=2
RESULT turn=135 cell=14,12 result=MISS remaining_cells=4 active_clusters=0
turn=135 result=MISS
turn=136 picked cell=11,16 target_cluster=None active_clusters=0 remaining_cells=4 scans=2
RESULT turn=136 cell=11,16 result=MISS remaining_cells=4 active_clusters=0
turn=136 result=MISS
turn=137 picked cell=12,17 target_cluster=None active_clusters=0 remaining_cells=4 scans=2
RESULT turn=137 cell=12,17 result=MISS remaining_cells=4 active_clusters=0
turn=137 result=MISS
turn=138 picked cell=10,14 target_cluster=None active_clusters=0 remaining_cells=4 scans=2
RESULT turn=138 cell=10,14 result=MISS remaining_cells=4 active_clusters=0
turn=138 result=MISS
turn=139 picked cell=14,9 target_cluster=None active_clusters=0 remaining_cells=4 scans=2
RESULT turn=139 cell=14,9 result=MISS remaining_cells=4 active_clusters=0
turn=139 result=MISS
turn=140 picked cell=11,15 target_cluster=None active_clusters=0 remaining_cells=4 scans=2
RESULT turn=140 cell=11,15 result=MISS remaining_cells=4 active_clusters=0
turn=140 result=MISS
turn=141 picked cell=10,17 target_cluster=None active_clusters=0 remaining_cells=4 scans=2
RESULT turn=141 cell=10,17 result=HIT remaining_cells=4 active_clusters=0
turn=141 result=HIT
turn=142 mode=CHASE cluster=0 cluster_len=1 cell=9,17 score=100000.059696 chase_score=5001.559696 prob=0.059696
turn=142 picked cell=9,17 target_cluster=Some(0) active_clusters=1 remaining_cells=3 scans=2
RESULT turn=142 cell=9,17 result=HIT remaining_cells=3 active_clusters=1
turn=142 result=HIT
turn=143 mode=CHASE cluster=0 cluster_len=2 cell=8,17 score=200000.059696 chase_score=10003.059696 prob=0.059696
turn=143 picked cell=8,17 target_cluster=Some(0) active_clusters=1 remaining_cells=2 scans=2
RESULT turn=143 cell=8,17 result=MISS remaining_cells=2 active_clusters=1
turn=143 result=MISS
turn=144 mode=CHASE cluster=0 cluster_len=2 cell=11,17 score=200000.035706 chase_score=10003.035706 prob=0.035706
turn=144 picked cell=11,17 target_cluster=Some(0) active_clusters=1 remaining_cells=2 scans=2
RESULT turn=144 cell=11,17 result=KILL remaining_cells=2 active_clusters=1
turn=144 result=KILL
turn=144 kill_infer inferred_len=3 committed_hits=2 cluster_hits=2
turn=145 picked cell=8,9 target_cluster=None active_clusters=0 remaining_cells=1 scans=2
RESULT turn=145 cell=8,9 result=MISS remaining_cells=1 active_clusters=0
turn=145 result=MISS
turn=146 picked cell=6,10 target_cluster=None active_clusters=0 remaining_cells=1 scans=2
RESULT turn=146 cell=6,10 result=KILL remaining_cells=1 active_clusters=0
turn=146 result=KILL
