GAME n=18 p=0.238442 remaining_cells=42 remaining=[0, 1, 1, 2, 1, 3, 1, 0, 1, 0]
turn=1 mode=SCAN region=0,0,8,8
turn=1 result=SCAN count=4
turn=2 mode=SCAN region=0,9,8,17
turn=2 result=SCAN count=19
turn=3 mode=SCAN region=9,0,17,8
turn=3 result=SCAN count=9
turn=4 mode=SCAN region=9,9,17,17
turn=4 result=SCAN count=10
turn=5 picked cell=6,12 target_cluster=None active_clusters=0 remaining_cells=42 scans=4
RESULT turn=5 cell=6,12 result=MISS remaining_cells=42 active_clusters=0
turn=5 result=MISS
turn=6 picked cell=5,13 target_cluster=None active_clusters=0 remaining_cells=42 scans=4
RESULT turn=6 cell=5,13 result=MISS remaining_cells=42 active_clusters=0
turn=6 result=MISS
turn=7 picked cell=7,11 target_cluster=None active_clusters=0 remaining_cells=42 scans=4
RESULT turn=7 cell=7,11 result=MISS remaining_cells=42 active_clusters=0
turn=7 result=MISS
turn=8 picked cell=4,10 target_cluster=None active_clusters=0 remaining_cells=42 scans=4
RESULT turn=8 cell=4,10 result=MISS remaining_cells=42 active_clusters=0
turn=8 result=MISS
turn=9 picked cell=8,14 target_cluster=None active_clusters=0 remaining_cells=42 scans=4
RESULT turn=9 cell=8,14 result=MISS remaining_cells=42 active_clusters=0
turn=9 result=MISS
turn=10 picked cell=3,9 target_cluster=None active_clusters=0 remaining_cells=42 scans=4
RESULT turn=10 cell=3,9 result=HIT remaining_cells=42 active_clusters=0
turn=10 result=HIT
turn=11 mode=CHASE cluster=0 cluster_len=1 cell=3,8 score=100000.885868 chase_score=5043.885868 prob=0.885868
turn=11 picked cell=3,8 target_cluster=Some(0) active_clusters=1 remaining_cells=41 scans=4
RESULT turn=11 cell=3,8 result=HIT remaining_cells=41 active_clusters=1
turn=11 result=HIT
turn=12 mode=CHASE cluster=0 cluster_len=2 cell=3,7 score=200000.885868 chase_score=10131.885868 prob=0.885868
turn=12 picked cell=3,7 target_cluster=Some(0) active_clusters=1 remaining_cells=40 scans=4
RESULT turn=12 cell=3,7 result=HIT remaining_cells=40 active_clusters=1
turn=12 result=HIT
turn=13 mode=CHASE cluster=0 cluster_len=3 cell=3,6 score=300000.864133 chase_score=10092.864133 prob=0.864133
turn=13 picked cell=3,6 target_cluster=Some(0) active_clusters=1 remaining_cells=39 scans=4
RESULT turn=13 cell=3,6 result=KILL remaining_cells=39 active_clusters=1
turn=13 result=KILL
turn=13 kill_infer inferred_len=4 committed_hits=3 cluster_hits=3
turn=14 picked cell=4,15 target_cluster=None active_clusters=0 remaining_cells=38 scans=4
RESULT turn=14 cell=4,15 result=MISS remaining_cells=38 active_clusters=0
turn=14 result=MISS
turn=15 picked cell=2,11 target_cluster=None active_clusters=0 remaining_cells=38 scans=4
RESULT turn=15 cell=2,11 result=MISS remaining_cells=38 active_clusters=0
turn=15 result=MISS
turn=16 picked cell=7,16 target_cluster=None active_clusters=0 remaining_cells=38 scans=4
RESULT turn=16 cell=7,16 result=MISS remaining_cells=38 active_clusters=0
turn=16 result=MISS
turn=17 picked cell=1,12 target_cluster=None active_clusters=0 remaining_cells=38 scans=4
RESULT turn=17 cell=1,12 result=HIT remaining_cells=38 active_clusters=0
turn=17 result=HIT
turn=18 mode=CHASE cluster=0 cluster_len=1 cell=1,11 score=100000.530316 chase_score=5038.530316 prob=0.530316
turn=18 picked cell=1,11 target_cluster=Some(0) active_clusters=1 remaining_cells=37 scans=4
RESULT turn=18 cell=1,11 result=HIT remaining_cells=37 active_clusters=1
turn=18 result=HIT
turn=19 mode=CHASE cluster=0 cluster_len=2 cell=1,10 score=200000.588207 chase_score=10123.588207 prob=0.588207
turn=19 picked cell=1,10 target_cluster=Some(0) active_clusters=1 remaining_cells=36 scans=4
RESULT turn=19 cell=1,10 result=HIT remaining_cells=36 active_clusters=1
turn=19 result=HIT
turn=20 mode=CHASE cluster=0 cluster_len=3 cell=1,9 score=300000.574045 chase_score=10088.574045 prob=0.574045
turn=20 picked cell=1,9 target_cluster=Some(0) active_clusters=1 remaining_cells=35 scans=4
RESULT turn=20 cell=1,9 result=HIT remaining_cells=35 active_clusters=1
turn=20 result=HIT
turn=21 mode=CHASE cluster=0 cluster_len=4 cell=1,8 score=400000.574045 chase_score=10059.574045 prob=0.574045
turn=21 picked cell=1,8 target_cluster=Some(0) active_clusters=1 remaining_cells=34 scans=4
RESULT turn=21 cell=1,8 result=MISS remaining_cells=34 active_clusters=1
turn=21 result=MISS
turn=22 mode=CHASE cluster=0 cluster_len=4 cell=1,13 score=400000.451577 chase_score=10029.451577 prob=0.451577
turn=22 picked cell=1,13 target_cluster=Some(0) active_clusters=1 remaining_cells=34 scans=4
RESULT turn=22 cell=1,13 result=HIT remaining_cells=34 active_clusters=1
turn=22 result=HIT
turn=23 mode=CHASE cluster=0 cluster_len=5 cell=1,14 score=500000.510845 chase_score=10014.510845 prob=0.510845
turn=23 picked cell=1,14 target_cluster=Some(0) active_clusters=1 remaining_cells=33 scans=4
RESULT turn=23 cell=1,14 result=HIT remaining_cells=33 active_clusters=1
turn=23 result=HIT
turn=24 mode=CHASE cluster=0 cluster_len=6 cell=1,15 score=600000.315565 chase_score=10008.315565 prob=0.315565
turn=24 picked cell=1,15 target_cluster=Some(0) active_clusters=1 remaining_cells=32 scans=4
RESULT turn=24 cell=1,15 result=HIT remaining_cells=32 active_clusters=1
turn=24 result=HIT
turn=25 mode=CHASE cluster=0 cluster_len=7 cell=1,16 score=700000.357740 chase_score=10008.357740 prob=0.357740
turn=25 picked cell=1,16 target_cluster=Some(0) active_clusters=1 remaining_cells=31 scans=4
RESULT turn=25 cell=1,16 result=HIT remaining_cells=31 active_clusters=1
turn=25 result=HIT
turn=26 mode=CHASE cluster=0 cluster_len=8 cell=1,17 score=800000.307894 chase_score=10000.307894 prob=0.307894
turn=26 picked cell=1,17 target_cluster=Some(0) active_clusters=1 remaining_cells=30 scans=4
RESULT turn=26 cell=1,17 result=KILL remaining_cells=30 active_clusters=1
turn=26 result=KILL
turn=26 kill_infer inferred_len=8 committed_hits=7 cluster_hits=8
turn=27 mode=CHASE cluster=0 cluster_len=1 cell=0,9 score=100000.362691 chase_score=5002.362691 prob=0.362691
turn=27 picked cell=0,9 target_cluster=Some(0) active_clusters=1 remaining_cells=29 scans=4
RESULT turn=27 cell=0,9 result=HIT remaining_cells=29 active_clusters=1
turn=27 result=HIT
turn=28 mode=CHASE cluster=0 cluster_len=2 cell=2,9 score=200000.168390 chase_score=10006.168390 prob=0.168390
turn=28 picked cell=2,9 target_cluster=Some(0) active_clusters=1 remaining_cells=28 scans=4
RESULT turn=28 cell=2,9 result=HIT remaining_cells=28 active_clusters=1
turn=28 result=HIT
turn=29 mode=CHASE cluster=0 cluster_len=3 cell=0,10 score=300000.344447 chase_score=5000.344447 prob=0.344447
turn=29 picked cell=0,10 target_cluster=Some(0) active_clusters=1 remaining_cells=27 scans=4
RESULT turn=29 cell=0,10 result=MISS remaining_cells=27 active_clusters=1
turn=29 result=MISS
turn=30 mode=CHASE cluster=0 cluster_len=3 cell=2,8 score=300000.221540 chase_score=5000.221540 prob=0.221540
turn=30 picked cell=2,8 target_cluster=Some(0) active_clusters=1 remaining_cells=27 scans=4
RESULT turn=30 cell=2,8 result=MISS remaining_cells=27 active_clusters=1
turn=30 result=MISS
turn=31 mode=CHASE cluster=0 cluster_len=3 cell=0,8 score=300000.153246 chase_score=5000.153246 prob=0.153246
turn=31 picked cell=0,8 target_cluster=Some(0) active_clusters=1 remaining_cells=27 scans=4
RESULT turn=31 cell=0,8 result=MISS remaining_cells=27 active_clusters=1
turn=31 result=MISS
turn=32 mode=CHASE cluster=0 cluster_len=3 cell=2,10 score=300000.013282 chase_score=5000.013282 prob=0.013282
turn=32 picked cell=2,10 target_cluster=Some(0) active_clusters=1 remaining_cells=27 scans=4
RESULT turn=32 cell=2,10 result=MISS remaining_cells=27 active_clusters=1
turn=32 result=MISS
turn=33 picked cell=10,10 target_cluster=None active_clusters=1 remaining_cells=27 scans=4
RESULT turn=33 cell=10,10 result=HIT remaining_cells=27 active_clusters=1
turn=33 result=HIT
turn=34 mode=CHASE cluster=1 cluster_len=1 cell=11,10 score=100000.703124 chase_score=5026.703124 prob=0.703124
turn=34 picked cell=11,10 target_cluster=Some(1) active_clusters=2 remaining_cells=26 scans=4
RESULT turn=34 cell=11,10 result=HIT remaining_cells=26 active_clusters=2
turn=34 result=HIT
turn=35 mode=CHASE cluster=1 cluster_len=2 cell=12,10 score=200000.703124 chase_score=10075.703124 prob=0.703124
turn=35 picked cell=12,10 target_cluster=Some(1) active_clusters=2 remaining_cells=25 scans=4
RESULT turn=35 cell=12,10 result=MISS remaining_cells=25 active_clusters=2
turn=35 result=MISS
turn=36 mode=CHASE cluster=1 cluster_len=2 cell=9,10 score=200000.572426 chase_score=10027.572426 prob=0.572426
turn=36 picked cell=9,10 target_cluster=Some(1) active_clusters=2 remaining_cells=25 scans=4
RESULT turn=36 cell=9,10 result=KILL remaining_cells=25 active_clusters=2
turn=36 result=KILL
turn=36 kill_infer inferred_len=3 committed_hits=2 cluster_hits=2
turn=37 picked cell=8,9 target_cluster=None active_clusters=1 remaining_cells=24 scans=4
RESULT turn=37 cell=8,9 result=MISS remaining_cells=24 active_clusters=1
turn=37 result=MISS
turn=38 picked cell=10,5 target_cluster=None active_clusters=1 remaining_cells=24 scans=4
RESULT turn=38 cell=10,5 result=HIT remaining_cells=24 active_clusters=1
turn=38 result=HIT
turn=39 mode=CHASE cluster=1 cluster_len=1 cell=11,5 score=100000.723454 chase_score=5025.223454 prob=0.723454
turn=39 picked cell=11,5 target_cluster=Some(1) active_clusters=2 remaining_cells=23 scans=4
RESULT turn=39 cell=11,5 result=HIT remaining_cells=23 active_clusters=2
turn=39 result=HIT
turn=40 mode=CHASE cluster=1 cluster_len=2 cell=9,5 score=200000.723454 chase_score=10072.723454 prob=0.723454
turn=40 picked cell=9,5 target_cluster=Some(1) active_clusters=2 remaining_cells=22 scans=4
RESULT turn=40 cell=9,5 result=MISS remaining_cells=22 active_clusters=2
turn=40 result=MISS
turn=41 mode=CHASE cluster=1 cluster_len=2 cell=12,5 score=200000.594546 chase_score=10024.594546 prob=0.594546
turn=41 picked cell=12,5 target_cluster=Some(1) active_clusters=2 remaining_cells=22 scans=4
RESULT turn=41 cell=12,5 result=MISS remaining_cells=22 active_clusters=2
turn=41 result=MISS
turn=42 mode=CHASE cluster=1 cluster_len=2 cell=10,4 score=200000.763454 chase_score=5000.763454 prob=0.763454
turn=42 picked cell=10,4 target_cluster=Some(1) active_clusters=2 remaining_cells=22 scans=4
RESULT turn=42 cell=10,4 result=MISS remaining_cells=22 active_clusters=2
turn=42 result=MISS
turn=43 mode=CHASE cluster=1 cluster_len=2 cell=11,6 score=200000.719684 chase_score=5000.719684 prob=0.719684
turn=43 picked cell=11,6 target_cluster=Some(1) active_clusters=2 remaining_cells=22 scans=4
RESULT turn=43 cell=11,6 result=HIT remaining_cells=22 active_clusters=2
turn=43 result=HIT
turn=44 mode=CHASE cluster=1 cluster_len=3 cell=11,7 score=300000.650452 chase_score=5000.650452 prob=0.650452
turn=44 picked cell=11,7 target_cluster=Some(1) active_clusters=2 remaining_cells=21 scans=4
RESULT turn=44 cell=11,7 result=HIT remaining_cells=21 active_clusters=2
turn=44 result=HIT
turn=45 mode=CHASE cluster=1 cluster_len=4 cell=11,8 score=400000.572930 chase_score=5000.572930 prob=0.572930
turn=45 picked cell=11,8 target_cluster=Some(1) active_clusters=2 remaining_cells=20 scans=4
RESULT turn=45 cell=11,8 result=HIT remaining_cells=20 active_clusters=2
turn=45 result=HIT
turn=46 mode=CHASE cluster=1 cluster_len=5 cell=10,7 score=500000.490968 chase_score=5000.490968 prob=0.490968
turn=46 picked cell=10,7 target_cluster=Some(1) active_clusters=2 remaining_cells=19 scans=4
RESULT turn=46 cell=10,7 result=HIT remaining_cells=19 active_clusters=2
turn=46 result=HIT
turn=47 mode=CHASE cluster=1 cluster_len=6 cell=10,6 score=600000.482678 chase_score=5000.482678 prob=0.482678
turn=47 picked cell=10,6 target_cluster=Some(1) active_clusters=2 remaining_cells=18 scans=4
RESULT turn=47 cell=10,6 result=HIT remaining_cells=18 active_clusters=2
turn=47 result=HIT
turn=48 mode=CHASE cluster=1 cluster_len=7 cell=10,8 score=700000.482678 chase_score=5000.482678 prob=0.482678
turn=48 picked cell=10,8 target_cluster=Some(1) active_clusters=2 remaining_cells=17 scans=4
RESULT turn=48 cell=10,8 result=HIT remaining_cells=17 active_clusters=2
turn=48 result=HIT
turn=49 mode=CHASE cluster=1 cluster_len=8 cell=11,4 score=800000.469166 chase_score=5000.469166 prob=0.469166
turn=49 picked cell=11,4 target_cluster=Some(1) active_clusters=2 remaining_cells=16 scans=4
RESULT turn=49 cell=11,4 result=KILL remaining_cells=16 active_clusters=2
turn=49 result=KILL
turn=49 kill_infer inferred_len=5 committed_hits=4 cluster_hits=8
turn=50 mode=CHASE cluster=1 cluster_len=4 cell=10,9 score=400000.198475 chase_score=10010.198475 prob=0.198475
turn=50 picked cell=10,9 target_cluster=Some(1) active_clusters=2 remaining_cells=15 scans=4
RESULT turn=50 cell=10,9 result=KILL remaining_cells=15 active_clusters=2
turn=50 result=KILL
turn=50 kill_infer inferred_len=5 committed_hits=4 cluster_hits=4
turn=51 picked cell=3,14 target_cluster=None active_clusters=1 remaining_cells=14 scans=4
RESULT turn=51 cell=3,14 result=MISS remaining_cells=14 active_clusters=1
turn=51 result=MISS
turn=52 picked cell=6,17 target_cluster=None active_clusters=1 remaining_cells=14 scans=4
RESULT turn=52 cell=6,17 result=MISS remaining_cells=14 active_clusters=1
turn=52 result=MISS
turn=53 picked cell=5,9 target_cluster=None active_clusters=1 remaining_cells=14 scans=4
RESULT turn=53 cell=5,9 result=HIT remaining_cells=14 active_clusters=1
turn=53 result=HIT
turn=54 mode=CHASE cluster=1 cluster_len=1 cell=5,8 score=100000.351944 chase_score=5013.351944 prob=0.351944
turn=54 picked cell=5,8 target_cluster=Some(1) active_clusters=2 remaining_cells=13 scans=4
RESULT turn=54 cell=5,8 result=MISS remaining_cells=13 active_clusters=2
turn=54 result=MISS
turn=55 mode=CHASE cluster=1 cluster_len=1 cell=6,9 score=100000.209357 chase_score=5002.209357 prob=0.209357
turn=55 picked cell=6,9 target_cluster=Some(1) active_clusters=2 remaining_cells=13 scans=4
RESULT turn=55 cell=6,9 result=MISS remaining_cells=13 active_clusters=2
turn=55 result=MISS
turn=56 mode=CHASE cluster=1 cluster_len=1 cell=5,10 score=100000.052732 chase_score=5001.302732 prob=0.052732
turn=56 picked cell=5,10 target_cluster=Some(1) active_clusters=2 remaining_cells=13 scans=4
RESULT turn=56 cell=5,10 result=MISS remaining_cells=13 active_clusters=2
turn=56 result=MISS
turn=57 mode=CHASE cluster=1 cluster_len=1 cell=4,9 score=100000.072140 chase_score=5000.572140 prob=0.072140
turn=57 picked cell=4,9 target_cluster=Some(1) active_clusters=2 remaining_cells=13 scans=4
RESULT turn=57 cell=4,9 result=KILL remaining_cells=13 active_clusters=2
turn=57 result=KILL
turn=57 kill_infer inferred_len=2 committed_hits=1 cluster_hits=1
turn=58 picked cell=11,12 target_cluster=None active_clusters=1 remaining_cells=12 scans=4
RESULT turn=58 cell=11,12 result=MISS remaining_cells=12 active_clusters=1
turn=58 result=MISS
turn=59 picked cell=9,15 target_cluster=None active_clusters=1 remaining_cells=12 scans=4
RESULT turn=59 cell=9,15 result=HIT remaining_cells=12 active_clusters=1
turn=59 result=HIT
turn=60 mode=CHASE cluster=1 cluster_len=1 cell=10,15 score=100000.440697 chase_score=5014.440697 prob=0.440697
turn=60 picked cell=10,15 target_cluster=Some(1) active_clusters=2 remaining_cells=11 scans=4
RESULT turn=60 cell=10,15 result=HIT remaining_cells=11 active_clusters=2
turn=60 result=HIT
turn=61 mode=CHASE cluster=1 cluster_len=2 cell=11,15 score=200000.347151 chase_score=10042.347151 prob=0.347151
turn=61 picked cell=11,15 target_cluster=Some(1) active_clusters=2 remaining_cells=10 scans=4
RESULT turn=61 cell=11,15 result=MISS remaining_cells=10 active_clusters=2
turn=61 result=MISS
turn=62 mode=CHASE cluster=1 cluster_len=2 cell=8,15 score=200000.115986 chase_score=10014.115986 prob=0.115986
turn=62 picked cell=8,15 target_cluster=Some(1) active_clusters=2 remaining_cells=10 scans=4
RESULT turn=62 cell=8,15 result=HIT remaining_cells=10 active_clusters=2
turn=62 result=HIT
turn=63 mode=CHASE cluster=1 cluster_len=3 cell=7,15 score=300000.115986 chase_score=10011.115986 prob=0.115986
turn=63 picked cell=7,15 target_cluster=Some(1) active_clusters=2 remaining_cells=9 scans=4
RESULT turn=63 cell=7,15 result=HIT remaining_cells=9 active_clusters=2
turn=63 result=HIT
turn=64 mode=CHASE cluster=1 cluster_len=4 cell=6,15 score=400000.115986 chase_score=10011.115986 prob=0.115986
turn=64 picked cell=6,15 target_cluster=Some(1) active_clusters=2 remaining_cells=8 scans=4
RESULT turn=64 cell=6,15 result=KILL remaining_cells=8 active_clusters=2
turn=64 result=KILL
turn=64 kill_infer inferred_len=5 committed_hits=4 cluster_hits=4
turn=65 picked cell=12,13 target_cluster=None active_clusters=1 remaining_cells=7 scans=4
RESULT turn=65 cell=12,13 result=MISS remaining_cells=7 active_clusters=1
turn=65 result=MISS
turn=66 picked cell=12,17 target_cluster=None active_clusters=1 remaining_cells=7 scans=4
RESULT turn=66 cell=12,17 result=MISS remaining_cells=7 active_clusters=1
turn=66 result=MISS
turn=67 picked cell=13,14 target_cluster=None active_clusters=1 remaining_cells=7 scans=4
RESULT turn=67 cell=13,14 result=MISS remaining_cells=7 active_clusters=1
turn=67 result=MISS
turn=68 picked cell=14,11 target_cluster=None active_clusters=1 remaining_cells=7 scans=4
RESULT turn=68 cell=14,11 result=MISS remaining_cells=7 active_clusters=1
turn=68 result=MISS
turn=69 picked cell=15,12 target_cluster=None active_clusters=1 remaining_cells=7 scans=4
RESULT turn=69 cell=15,12 result=MISS remaining_cells=7 active_clusters=1
turn=69 result=MISS
turn=70 picked cell=14,16 target_cluster=None active_clusters=1 remaining_cells=7 scans=4
RESULT turn=70 cell=14,16 result=HIT remaining_cells=7 active_clusters=1
turn=70 result=HIT
turn=71 mode=CHASE cluster=1 cluster_len=1 cell=13,16 score=100000.232422 chase_score=5007.732422 prob=0.232422
turn=71 picked cell=13,16 target_cluster=Some(1) active_clusters=2 remaining_cells=6 scans=4
RESULT turn=71 cell=13,16 result=HIT remaining_cells=6 active_clusters=2
turn=71 result=HIT
turn=72 mode=CHASE cluster=1 cluster_len=2 cell=12,16 score=200000.232422 chase_score=10027.232422 prob=0.232422
turn=72 picked cell=12,16 target_cluster=Some(1) active_clusters=2 remaining_cells=5 scans=4
RESULT turn=72 cell=12,16 result=MISS remaining_cells=5 active_clusters=2
turn=72 result=MISS
turn=73 mode=CHASE cluster=1 cluster_len=2 cell=15,16 score=200000.071803 chase_score=10003.071803 prob=0.071803
turn=73 picked cell=15,16 target_cluster=Some(1) active_clusters=2 remaining_cells=5 scans=4
RESULT turn=73 cell=15,16 result=HIT remaining_cells=5 active_clusters=2
turn=73 result=HIT
turn=74 mode=CHASE cluster=1 cluster_len=3 cell=16,16 score=300000.131034 chase_score=10000.131034 prob=0.131034
turn=74 picked cell=16,16 target_cluster=Some(1) active_clusters=2 remaining_cells=4 scans=4
RESULT turn=74 cell=16,16 result=KILL remaining_cells=4 active_clusters=2
turn=74 result=KILL
turn=74 kill_infer inferred_len=3 committed_hits=2 cluster_hits=3
turn=75 mode=CHASE cluster=1 cluster_len=1 cell=13,15 score=100000.047392 chase_score=5000.047392 prob=0.047392
turn=75 picked cell=13,15 target_cluster=Some(1) active_clusters=2 remaining_cells=3 scans=4
RESULT turn=75 cell=13,15 result=MISS remaining_cells=3 active_clusters=2
turn=75 result=MISS
turn=76 mode=CHASE cluster=1 cluster_len=1 cell=13,17 score=100000.008417 chase_score=5000.008417 prob=0.008417
turn=76 picked cell=13,17 target_cluster=Some(1) active_clusters=2 remaining_cells=3 scans=4
RESULT turn=76 cell=13,17 result=MISS remaining_cells=3 active_clusters=2
turn=76 result=MISS
turn=77 picked cell=0,12 target_cluster=None active_clusters=2 remaining_cells=3 scans=4
RESULT turn=77 cell=0,12 result=MISS remaining_cells=3 active_clusters=2
turn=77 result=MISS
turn=78 picked cell=7,5 target_cluster=None active_clusters=2 remaining_cells=3 scans=4
RESULT turn=78 cell=7,5 result=MISS remaining_cells=3 active_clusters=2
turn=78 result=MISS
turn=79 picked cell=4,4 target_cluster=None active_clusters=2 remaining_cells=3 scans=4
RESULT turn=79 cell=4,4 result=MISS remaining_cells=3 active_clusters=2
turn=79 result=MISS
turn=80 picked cell=5,3 target_cluster=None active_clusters=2 remaining_cells=3 scans=4
RESULT turn=80 cell=5,3 result=MISS remaining_cells=3 active_clusters=2
turn=80 result=MISS
turn=81 picked cell=6,2 target_cluster=None active_clusters=2 remaining_cells=3 scans=4
RESULT turn=81 cell=6,2 result=MISS remaining_cells=3 active_clusters=2
turn=81 result=MISS
turn=82 picked cell=2,5 target_cluster=None active_clusters=2 remaining_cells=3 scans=4
RESULT turn=82 cell=2,5 result=MISS remaining_cells=3 active_clusters=2
turn=82 result=MISS
turn=83 picked cell=3,0 target_cluster=None active_clusters=2 remaining_cells=3 scans=4
RESULT turn=83 cell=3,0 result=MISS remaining_cells=3 active_clusters=2
turn=83 result=MISS
turn=84 picked cell=2,13 target_cluster=None active_clusters=2 remaining_cells=3 scans=4
RESULT turn=84 cell=2,13 result=MISS remaining_cells=3 active_clusters=2
turn=84 result=MISS
turn=85 picked cell=8,5 target_cluster=None active_clusters=2 remaining_cells=3 scans=4
RESULT turn=85 cell=8,5 result=MISS remaining_cells=3 active_clusters=2
turn=85 result=MISS
turn=86 picked cell=5,1 target_cluster=None active_clusters=2 remaining_cells=3 scans=4
RESULT turn=86 cell=5,1 result=MISS remaining_cells=3 active_clusters=2
turn=86 result=MISS
turn=87 picked cell=1,2 target_cluster=None active_clusters=2 remaining_cells=3 scans=4
RESULT turn=87 cell=1,2 result=MISS remaining_cells=3 active_clusters=2
turn=87 result=MISS
turn=88 picked cell=0,5 target_cluster=None active_clusters=2 remaining_cells=3 scans=4
RESULT turn=88 cell=0,5 result=MISS remaining_cells=3 active_clusters=2
turn=88 result=MISS
turn=89 picked cell=6,8 target_cluster=None active_clusters=2 remaining_cells=3 scans=4
RESULT turn=89 cell=6,8 result=MISS remaining_cells=3 active_clusters=2
turn=89 result=MISS
turn=90 picked cell=8,10 target_cluster=None active_clusters=2 remaining_cells=3 scans=4
RESULT turn=90 cell=8,10 result=MISS remaining_cells=3 active_clusters=2
turn=90 result=MISS
turn=91 picked cell=7,10 target_cluster=None active_clusters=2 remaining_cells=3 scans=4
RESULT turn=91 cell=7,10 result=MISS remaining_cells=3 active_clusters=2
turn=91 result=MISS
turn=92 picked cell=8,11 target_cluster=None active_clusters=2 remaining_cells=3 scans=4
RESULT turn=92 cell=8,11 result=MISS remaining_cells=3 active_clusters=2
turn=92 result=MISS
turn=93 picked cell=7,9 target_cluster=None active_clusters=2 remaining_cells=3 scans=4
RESULT turn=93 cell=7,9 result=HIT remaining_cells=3 active_clusters=2
turn=93 result=HIT
turn=94 mode=CHASE cluster=2 cluster_len=1 cell=7,8 score=100000.013637 chase_score=5000.013637 prob=0.013637
turn=94 picked cell=7,8 target_cluster=Some(2) active_clusters=3 remaining_cells=2 scans=4
RESULT turn=94 cell=7,8 result=KILL remaining_cells=2 active_clusters=3
turn=94 result=KILL
turn=94 kill_infer inferred_len=2 committed_hits=1 cluster_hits=1
turn=95 picked cell=9,9 target_cluster=None active_clusters=2 remaining_cells=1 scans=4
RESULT turn=95 cell=9,9 result=MISS remaining_cells=1 active_clusters=2
turn=95 result=MISS
turn=96 picked cell=9,8 target_cluster=None active_clusters=2 remaining_cells=1 scans=4
RESULT turn=96 cell=9,8 result=MISS remaining_cells=1 active_clusters=2
turn=96 result=MISS
turn=97 picked cell=8,8 target_cluster=None active_clusters=2 remaining_cells=1 scans=4
RESULT turn=97 cell=8,8 result=MISS remaining_cells=1 active_clusters=2
turn=97 result=MISS
turn=98 picked cell=9,7 target_cluster=None active_clusters=2 remaining_cells=1 scans=4
RESULT turn=98 cell=9,7 result=MISS remaining_cells=1 active_clusters=2
turn=98 result=MISS
turn=99 picked cell=7,7 target_cluster=None active_clusters=2 remaining_cells=1 scans=4
RESULT turn=99 cell=7,7 result=MISS remaining_cells=1 active_clusters=2
turn=99 result=MISS
turn=100 picked cell=8,6 target_cluster=None active_clusters=2 remaining_cells=1 scans=4
RESULT turn=100 cell=8,6 result=MISS remaining_cells=1 active_clusters=2
turn=100 result=MISS
turn=101 picked cell=11,9 target_cluster=None active_clusters=2 remaining_cells=1 scans=4
RESULT turn=101 cell=11,9 result=MISS remaining_cells=1 active_clusters=2
turn=101 result=MISS
turn=102 picked cell=8,7 target_cluster=None active_clusters=2 remaining_cells=1 scans=4
RESULT turn=102 cell=8,7 result=MISS remaining_cells=1 active_clusters=2
turn=102 result=MISS
turn=103 picked cell=9,11 target_cluster=None active_clusters=2 remaining_cells=1 scans=4
RESULT turn=103 cell=9,11 result=MISS remaining_cells=1 active_clusters=2
turn=103 result=MISS
turn=104 picked cell=8,12 target_cluster=None active_clusters=2 remaining_cells=1 scans=4
RESULT turn=104 cell=8,12 result=MISS remaining_cells=1 active_clusters=2
turn=104 result=MISS
turn=105 picked cell=9,12 target_cluster=None active_clusters=2 remaining_cells=1 scans=4
RESULT turn=105 cell=9,12 result=MISS remaining_cells=1 active_clusters=2
turn=105 result=MISS
turn=106 picked cell=9,6 target_cluster=None active_clusters=2 remaining_cells=1 scans=4
RESULT turn=106 cell=9,6 result=MISS remaining_cells=1 active_clusters=2
turn=106 result=MISS
turn=107 picked cell=12,7 target_cluster=None active_clusters=2 remaining_cells=1 scans=4
RESULT turn=107 cell=12,7 result=MISS remaining_cells=1 active_clusters=2
turn=107 result=MISS
turn=108 picked cell=12,8 target_cluster=None active_clusters=2 remaining_cells=1 scans=4
RESULT turn=108 cell=12,8 result=MISS remaining_cells=1 active_clusters=2
turn=108 result=MISS
turn=109 picked cell=6,7 target_cluster=None active_clusters=2 remaining_cells=1 scans=4
RESULT turn=109 cell=6,7 result=MISS remaining_cells=1 active_clusters=2
turn=109 result=MISS
turn=110 picked cell=13,8 target_cluster=None active_clusters=2 remaining_cells=1 scans=4
RESULT turn=110 cell=13,8 result=MISS remaining_cells=1 active_clusters=2
turn=110 result=MISS
turn=111 picked cell=6,11 target_cluster=None active_clusters=2 remaining_cells=1 scans=4
RESULT turn=111 cell=6,11 result=MISS remaining_cells=1 active_clusters=2
turn=111 result=MISS
turn=112 picked cell=10,11 target_cluster=None active_clusters=2 remaining_cells=1 scans=4
RESULT turn=112 cell=10,11 result=MISS remaining_cells=1 active_clusters=2
turn=112 result=MISS
turn=113 picked cell=6,10 target_cluster=None active_clusters=2 remaining_cells=1 scans=4
RESULT turn=113 cell=6,10 result=MISS remaining_cells=1 active_clusters=2
turn=113 result=MISS
turn=114 picked cell=12,9 target_cluster=None active_clusters=2 remaining_cells=1 scans=4
RESULT turn=114 cell=12,9 result=MISS remaining_cells=1 active_clusters=2
turn=114 result=MISS
turn=115 picked cell=8,4 target_cluster=None active_clusters=2 remaining_cells=1 scans=4
RESULT turn=115 cell=8,4 result=MISS remaining_cells=1 active_clusters=2
turn=115 result=MISS
turn=116 picked cell=7,12 target_cluster=None active_clusters=2 remaining_cells=1 scans=4
RESULT turn=116 cell=7,12 result=MISS remaining_cells=1 active_clusters=2
turn=116 result=MISS
turn=117 picked cell=4,8 target_cluster=None active_clusters=2 remaining_cells=1 scans=4
RESULT turn=117 cell=4,8 result=MISS remaining_cells=1 active_clusters=2
turn=117 result=MISS
turn=118 picked cell=13,9 target_cluster=None active_clusters=2 remaining_cells=1 scans=4
RESULT turn=118 cell=13,9 result=MISS remaining_cells=1 active_clusters=2
turn=118 result=MISS
turn=119 picked cell=6,6 target_cluster=None active_clusters=2 remaining_cells=1 scans=4
RESULT turn=119 cell=6,6 result=MISS remaining_cells=1 active_clusters=2
turn=119 result=MISS
turn=120 picked cell=7,6 target_cluster=None active_clusters=2 remaining_cells=1 scans=4
RESULT turn=120 cell=7,6 result=MISS remaining_cells=1 active_clusters=2
turn=120 result=MISS
turn=121 picked cell=9,4 target_cluster=None active_clusters=2 remaining_cells=1 scans=4
RESULT turn=121 cell=9,4 result=MISS remaining_cells=1 active_clusters=2
turn=121 result=MISS
turn=122 picked cell=5,6 target_cluster=None active_clusters=2 remaining_cells=1 scans=4
RESULT turn=122 cell=5,6 result=MISS remaining_cells=1 active_clusters=2
turn=122 result=MISS
turn=123 picked cell=13,7 target_cluster=None active_clusters=2 remaining_cells=1 scans=4
RESULT turn=123 cell=13,7 result=MISS remaining_cells=1 active_clusters=2
turn=123 result=MISS
turn=124 picked cell=12,6 target_cluster=None active_clusters=2 remaining_cells=1 scans=4
RESULT turn=124 cell=12,6 result=MISS remaining_cells=1 active_clusters=2
turn=124 result=MISS
turn=125 picked cell=9,13 target_cluster=None active_clusters=2 remaining_cells=1 scans=4
RESULT turn=125 cell=9,13 result=MISS remaining_cells=1 active_clusters=2
turn=125 result=MISS
turn=126 picked cell=10,12 target_cluster=None active_clusters=2 remaining_cells=1 scans=4
RESULT turn=126 cell=10,12 result=MISS remaining_cells=1 active_clusters=2
turn=126 result=MISS
turn=127 picked cell=11,11 target_cluster=None active_clusters=2 remaining_cells=1 scans=4
RESULT turn=127 cell=11,11 result=MISS remaining_cells=1 active_clusters=2
turn=127 result=MISS
turn=128 picked cell=4,7 target_cluster=None active_clusters=2 remaining_cells=1 scans=4
RESULT turn=128 cell=4,7 result=MISS remaining_cells=1 active_clusters=2
turn=128 result=MISS
turn=129 picked cell=5,7 target_cluster=None active_clusters=2 remaining_cells=1 scans=4
RESULT turn=129 cell=5,7 result=MISS remaining_cells=1 active_clusters=2
turn=129 result=MISS
turn=130 picked cell=9,14 target_cluster=None active_clusters=2 remaining_cells=1 scans=4
RESULT turn=130 cell=9,14 result=MISS remaining_cells=1 active_clusters=2
turn=130 result=MISS
turn=131 picked cell=12,11 target_cluster=None active_clusters=2 remaining_cells=1 scans=4
RESULT turn=131 cell=12,11 result=MISS remaining_cells=1 active_clusters=2
turn=131 result=MISS
turn=132 picked cell=7,13 target_cluster=None active_clusters=2 remaining_cells=1 scans=4
RESULT turn=132 cell=7,13 result=MISS remaining_cells=1 active_clusters=2
turn=132 result=MISS
turn=133 picked cell=9,3 target_cluster=None active_clusters=2 remaining_cells=1 scans=4
RESULT turn=133 cell=9,3 result=MISS remaining_cells=1 active_clusters=2
turn=133 result=MISS
turn=134 picked cell=5,11 target_cluster=None active_clusters=2 remaining_cells=1 scans=4
RESULT turn=134 cell=5,11 result=MISS remaining_cells=1 active_clusters=2
turn=134 result=MISS
turn=135 picked cell=7,4 target_cluster=None active_clusters=2 remaining_cells=1 scans=4
RESULT turn=135 cell=7,4 result=MISS remaining_cells=1 active_clusters=2
turn=135 result=MISS
turn=136 picked cell=13,10 target_cluster=None active_clusters=2 remaining_cells=1 scans=4
RESULT turn=136 cell=13,10 result=MISS remaining_cells=1 active_clusters=2
turn=136 result=MISS
turn=137 picked cell=14,9 target_cluster=None active_clusters=2 remaining_cells=1 scans=4
RESULT turn=137 cell=14,9 result=MISS remaining_cells=1 active_clusters=2
turn=137 result=MISS
turn=138 picked cell=8,13 target_cluster=None active_clusters=2 remaining_cells=1 scans=4
RESULT turn=138 cell=8,13 result=MISS remaining_cells=1 active_clusters=2
turn=138 result=MISS
turn=139 picked cell=14,8 target_cluster=None active_clusters=2 remaining_cells=1 scans=4
RESULT turn=139 cell=14,8 result=MISS remaining_cells=1 active_clusters=2
turn=139 result=MISS
turn=140 picked cell=15,8 target_cluster=None active_clusters=2 remaining_cells=1 scans=4
RESULT turn=140 cell=15,8 result=MISS remaining_cells=1 active_clusters=2
turn=140 result=MISS
turn=141 picked cell=9,2 target_cluster=None active_clusters=2 remaining_cells=1 scans=4
RESULT turn=141 cell=9,2 result=MISS remaining_cells=1 active_clusters=2
turn=141 result=MISS
turn=142 picked cell=14,10 target_cluster=None active_clusters=2 remaining_cells=1 scans=4
RESULT turn=142 cell=14,10 result=MISS remaining_cells=1 active_clusters=2
turn=142 result=MISS
turn=143 picked cell=8,3 target_cluster=None active_clusters=2 remaining_cells=1 scans=4
RESULT turn=143 cell=8,3 result=MISS remaining_cells=1 active_clusters=2
turn=143 result=MISS
turn=144 picked cell=10,3 target_cluster=None active_clusters=2 remaining_cells=1 scans=4
RESULT turn=144 cell=10,3 result=MISS remaining_cells=1 active_clusters=2
turn=144 result=MISS
turn=145 picked cell=15,9 target_cluster=None active_clusters=2 remaining_cells=1 scans=4
RESULT turn=145 cell=15,9 result=MISS remaining_cells=1 active_clusters=2
turn=145 result=MISS
turn=146 picked cell=13,6 target_cluster=None active_clusters=2 remaining_cells=1 scans=4
RESULT turn=146 cell=13,6 result=MISS remaining_cells=1 active_clusters=2
turn=146 result=MISS
turn=147 picked cell=14,7 target_cluster=None active_clusters=2 remaining_cells=1 scans=4
RESULT turn=147 cell=14,7 result=MISS remaining_cells=1 active_clusters=2
turn=147 result=MISS
turn=148 picked cell=10,13 target_cluster=None active_clusters=2 remaining_cells=1 scans=4
RESULT turn=148 cell=10,13 result=MISS remaining_cells=1 active_clusters=2
turn=148 result=MISS
turn=149 picked cell=6,5 target_cluster=None active_clusters=2 remaining_cells=1 scans=4
RESULT turn=149 cell=6,5 result=MISS remaining_cells=1 active_clusters=2
turn=149 result=MISS
turn=150 picked cell=5,12 target_cluster=None active_clusters=2 remaining_cells=1 scans=4
RESULT turn=150 cell=5,12 result=MISS remaining_cells=1 active_clusters=2
turn=150 result=MISS
turn=151 picked cell=7,14 target_cluster=None active_clusters=2 remaining_cells=1 scans=4
RESULT turn=151 cell=7,14 result=MISS remaining_cells=1 active_clusters=2
turn=151 result=MISS
turn=152 picked cell=13,11 target_cluster=None active_clusters=2 remaining_cells=1 scans=4
RESULT turn=152 cell=13,11 result=MISS remaining_cells=1 active_clusters=2
turn=152 result=MISS
turn=153 picked cell=6,4 target_cluster=None active_clusters=2 remaining_cells=1 scans=4
RESULT turn=153 cell=6,4 result=MISS remaining_cells=1 active_clusters=2
turn=153 result=MISS
turn=154 picked cell=11,14 target_cluster=None active_clusters=2 remaining_cells=1 scans=4
RESULT turn=154 cell=11,14 result=MISS remaining_cells=1 active_clusters=2
turn=154 result=MISS
turn=155 picked cell=11,13 target_cluster=None active_clusters=2 remaining_cells=1 scans=4
RESULT turn=155 cell=11,13 result=MISS remaining_cells=1 active_clusters=2
turn=155 result=MISS
turn=156 picked cell=6,13 target_cluster=None active_clusters=2 remaining_cells=1 scans=4
RESULT turn=156 cell=6,13 result=MISS remaining_cells=1 active_clusters=2
turn=156 result=MISS
turn=157 picked cell=12,12 target_cluster=None active_clusters=2 remaining_cells=1 scans=4
RESULT turn=157 cell=12,12 result=MISS remaining_cells=1 active_clusters=2
turn=157 result=MISS
turn=158 picked cell=4,11 target_cluster=None active_clusters=2 remaining_cells=1 scans=4
RESULT turn=158 cell=4,11 result=MISS remaining_cells=1 active_clusters=2
turn=158 result=MISS
turn=159 picked cell=10,14 target_cluster=None active_clusters=2 remaining_cells=1 scans=4
RESULT turn=159 cell=10,14 result=MISS remaining_cells=1 active_clusters=2
turn=159 result=MISS
turn=160 picked cell=8,2 target_cluster=None active_clusters=2 remaining_cells=1 scans=4
RESULT turn=160 cell=8,2 result=MISS remaining_cells=1 active_clusters=2
turn=160 result=MISS
turn=161 picked cell=4,6 target_cluster=None active_clusters=2 remaining_cells=1 scans=4
RESULT turn=161 cell=4,6 result=MISS remaining_cells=1 active_clusters=2
turn=161 result=MISS
turn=162 picked cell=14,6 target_cluster=None active_clusters=2 remaining_cells=1 scans=4
RESULT turn=162 cell=14,6 result=MISS remaining_cells=1 active_clusters=2
turn=162 result=MISS
turn=163 picked cell=7,3 target_cluster=None active_clusters=2 remaining_cells=1 scans=4
RESULT turn=163 cell=7,3 result=MISS remaining_cells=1 active_clusters=2
turn=163 result=MISS
turn=164 picked cell=11,3 target_cluster=None active_clusters=2 remaining_cells=1 scans=4
RESULT turn=164 cell=11,3 result=MISS remaining_cells=1 active_clusters=2
turn=164 result=MISS
turn=165 picked cell=5,5 target_cluster=None active_clusters=2 remaining_cells=1 scans=4
RESULT turn=165 cell=5,5 result=MISS remaining_cells=1 active_clusters=2
turn=165 result=MISS
turn=166 picked cell=2,7 target_cluster=None active_clusters=2 remaining_cells=1 scans=4
RESULT turn=166 cell=2,7 result=MISS remaining_cells=1 active_clusters=2
turn=166 result=MISS
turn=167 picked cell=12,4 target_cluster=None active_clusters=2 remaining_cells=1 scans=4
RESULT turn=167 cell=12,4 result=MISS remaining_cells=1 active_clusters=2
turn=167 result=MISS
turn=168 picked cell=3,10 target_cluster=None active_clusters=2 remaining_cells=1 scans=4
RESULT turn=168 cell=3,10 result=MISS remaining_cells=1 active_clusters=2
turn=168 result=MISS
turn=169 picked cell=6,3 target_cluster=None active_clusters=2 remaining_cells=1 scans=4
RESULT turn=169 cell=6,3 result=MISS remaining_cells=1 active_clusters=2
turn=169 result=MISS
turn=170 picked cell=10,2 target_cluster=None active_clusters=2 remaining_cells=1 scans=4
RESULT turn=170 cell=10,2 result=MISS remaining_cells=1 active_clusters=2
turn=170 result=MISS
turn=171 picked cell=7,2 target_cluster=None active_clusters=2 remaining_cells=1 scans=4
RESULT turn=171 cell=7,2 result=MISS remaining_cells=1 active_clusters=2
turn=171 result=MISS
turn=172 picked cell=4,12 target_cluster=None active_clusters=2 remaining_cells=1 scans=4
RESULT turn=172 cell=4,12 result=MISS remaining_cells=1 active_clusters=2
turn=172 result=MISS
turn=173 picked cell=5,4 target_cluster=None active_clusters=2 remaining_cells=1 scans=4
RESULT turn=173 cell=5,4 result=MISS remaining_cells=1 active_clusters=2
turn=173 result=MISS
turn=174 picked cell=16,9 target_cluster=None active_clusters=2 remaining_cells=1 scans=4
RESULT turn=174 cell=16,9 result=MISS remaining_cells=1 active_clusters=2
turn=174 result=MISS
turn=175 picked cell=15,10 target_cluster=None active_clusters=2 remaining_cells=1 scans=4
RESULT turn=175 cell=15,10 result=MISS remaining_cells=1 active_clusters=2
turn=175 result=MISS
turn=176 picked cell=15,6 target_cluster=None active_clusters=2 remaining_cells=1 scans=4
RESULT turn=176 cell=15,6 result=MISS remaining_cells=1 active_clusters=2
turn=176 result=MISS
turn=177 picked cell=9,1 target_cluster=None active_clusters=2 remaining_cells=1 scans=4
RESULT turn=177 cell=9,1 result=MISS remaining_cells=1 active_clusters=2
turn=177 result=MISS
turn=178 picked cell=8,16 target_cluster=None active_clusters=2 remaining_cells=1 scans=4
RESULT turn=178 cell=8,16 result=MISS remaining_cells=1 active_clusters=2
turn=178 result=MISS
turn=179 picked cell=8,1 target_cluster=None active_clusters=2 remaining_cells=1 scans=4
RESULT turn=179 cell=8,1 result=MISS remaining_cells=1 active_clusters=2
turn=179 result=MISS
turn=180 picked cell=9,16 target_cluster=None active_clusters=2 remaining_cells=1 scans=4
RESULT turn=180 cell=9,16 result=MISS remaining_cells=1 active_clusters=2
turn=180 result=MISS
turn=181 picked cell=15,7 target_cluster=None active_clusters=2 remaining_cells=1 scans=4
RESULT turn=181 cell=15,7 result=MISS remaining_cells=1 active_clusters=2
turn=181 result=MISS
turn=182 picked cell=16,8 target_cluster=None active_clusters=2 remaining_cells=1 scans=4
RESULT turn=182 cell=16,8 result=MISS remaining_cells=1 active_clusters=2
turn=182 result=MISS
turn=183 picked cell=13,5 target_cluster=None active_clusters=2 remaining_cells=1 scans=4
RESULT turn=183 cell=13,5 result=MISS remaining_cells=1 active_clusters=2
turn=183 result=MISS
turn=184 picked cell=1,7 target_cluster=None active_clusters=2 remaining_cells=1 scans=4
RESULT turn=184 cell=1,7 result=MISS remaining_cells=1 active_clusters=2
turn=184 result=MISS
turn=185 picked cell=16,7 target_cluster=None active_clusters=2 remaining_cells=1 scans=4
RESULT turn=185 cell=16,7 result=MISS remaining_cells=1 active_clusters=2
turn=185 result=MISS
turn=186 picked cell=13,12 target_cluster=None active_clusters=2 remaining_cells=1 scans=4
RESULT turn=186 cell=13,12 result=MISS remaining_cells=1 active_clusters=2
turn=186 result=MISS
turn=187 picked cell=3,11 target_cluster=None active_clusters=2 remaining_cells=1 scans=4
RESULT turn=187 cell=3,11 result=MISS remaining_cells=1 active_clusters=2
turn=187 result=MISS
turn=188 picked cell=11,2 target_cluster=None active_clusters=2 remaining_cells=1 scans=4
RESULT turn=188 cell=11,2 result=MISS remaining_cells=1 active_clusters=2
turn=188 result=MISS
turn=189 picked cell=4,5 target_cluster=None active_clusters=2 remaining_cells=1 scans=4
RESULT turn=189 cell=4,5 result=MISS remaining_cells=1 active_clusters=2
turn=189 result=MISS
turn=190 picked cell=6,14 target_cluster=None active_clusters=2 remaining_cells=1 scans=4
RESULT turn=190 cell=6,14 result=MISS remaining_cells=1 active_clusters=2
turn=190 result=MISS
turn=191 picked cell=13,4 target_cluster=None active_clusters=2 remaining_cells=1 scans=4
RESULT turn=191 cell=13,4 result=MISS remaining_cells=1 active_clusters=2
turn=191 result=MISS
turn=192 picked cell=4,13 target_cluster=None active_clusters=2 remaining_cells=1 scans=4
RESULT turn=192 cell=4,13 result=MISS remaining_cells=1 active_clusters=2
turn=192 result=MISS
turn=193 picked cell=16,10 target_cluster=None active_clusters=2 remaining_cells=1 scans=4
RESULT turn=193 cell=16,10 result=MISS remaining_cells=1 active_clusters=2
turn=193 result=MISS
turn=194 picked cell=17,9 target_cluster=None active_clusters=2 remaining_cells=1 scans=4
RESULT turn=194 cell=17,9 result=MISS remaining_cells=1 active_clusters=2
turn=194 result=MISS
turn=195 picked cell=14,12 target_cluster=None active_clusters=2 remaining_cells=1 scans=4
RESULT turn=195 cell=14,12 result=MISS remaining_cells=1 active_clusters=2
turn=195 result=MISS
turn=196 picked cell=13,13 target_cluster=None active_clusters=2 remaining_cells=1 scans=4
RESULT turn=196 cell=13,13 result=MISS remaining_cells=1 active_clusters=2
turn=196 result=MISS
turn=197 picked cell=3,12 target_cluster=None active_clusters=2 remaining_cells=1 scans=4
RESULT turn=197 cell=3,12 result=MISS remaining_cells=1 active_clusters=2
turn=197 result=MISS
turn=198 picked cell=10,1 target_cluster=None active_clusters=2 remaining_cells=1 scans=4
RESULT turn=198 cell=10,1 result=MISS remaining_cells=1 active_clusters=2
turn=198 result=MISS
turn=199 picked cell=8,17 target_cluster=None active_clusters=2 remaining_cells=1 scans=4
RESULT turn=199 cell=8,17 result=MISS remaining_cells=1 active_clusters=2
turn=199 result=MISS
turn=200 picked cell=5,14 target_cluster=None active_clusters=2 remaining_cells=1 scans=4
RESULT turn=200 cell=5,14 result=MISS remaining_cells=1 active_clusters=2
turn=200 result=MISS
turn=201 picked cell=9,17 target_cluster=None active_clusters=2 remaining_cells=1 scans=4
RESULT turn=201 cell=9,17 result=MISS remaining_cells=1 active_clusters=2
turn=201 result=MISS
turn=202 picked cell=9,0 target_cluster=None active_clusters=2 remaining_cells=1 scans=4
RESULT turn=202 cell=9,0 result=MISS remaining_cells=1 active_clusters=2
turn=202 result=MISS
turn=203 picked cell=15,11 target_cluster=None active_clusters=2 remaining_cells=1 scans=4
RESULT turn=203 cell=15,11 result=MISS remaining_cells=1 active_clusters=2
turn=203 result=MISS
turn=204 picked cell=12,3 target_cluster=None active_clusters=2 remaining_cells=1 scans=4
RESULT turn=204 cell=12,3 result=MISS remaining_cells=1 active_clusters=2
turn=204 result=MISS
turn=205 picked cell=12,14 target_cluster=None active_clusters=2 remaining_cells=1 scans=4
RESULT turn=205 cell=12,14 result=MISS remaining_cells=1 active_clusters=2
turn=205 result=MISS
turn=206 picked cell=2,6 target_cluster=None active_clusters=2 remaining_cells=1 scans=4
RESULT turn=206 cell=2,6 result=MISS remaining_cells=1 active_clusters=2
turn=206 result=MISS
turn=207 picked cell=8,0 target_cluster=None active_clusters=2 remaining_cells=1 scans=4
RESULT turn=207 cell=8,0 result=MISS remaining_cells=1 active_clusters=2
turn=207 result=MISS
turn=208 picked cell=5,2 target_cluster=None active_clusters=2 remaining_cells=1 scans=4
RESULT turn=208 cell=5,2 result=MISS remaining_cells=1 active_clusters=2
turn=208 result=MISS
turn=209 picked cell=10,16 target_cluster=None active_clusters=2 remaining_cells=1 scans=4
RESULT turn=209 cell=10,16 result=MISS remaining_cells=1 active_clusters=2
turn=209 result=MISS
turn=210 picked cell=3,5 target_cluster=None active_clusters=2 remaining_cells=1 scans=4
RESULT turn=210 cell=3,5 result=MISS remaining_cells=1 active_clusters=2
turn=210 result=MISS
turn=211 picked cell=17,8 target_cluster=None active_clusters=2 remaining_cells=1 scans=4
RESULT turn=211 cell=17,8 result=MISS remaining_cells=1 active_clusters=2
turn=211 result=MISS
turn=212 picked cell=7,1 target_cluster=None active_clusters=2 remaining_cells=1 scans=4
RESULT turn=212 cell=7,1 result=MISS remaining_cells=1 active_clusters=2
turn=212 result=MISS
turn=213 picked cell=14,5 target_cluster=None active_clusters=2 remaining_cells=1 scans=4
RESULT turn=213 cell=14,5 result=MISS remaining_cells=1 active_clusters=2
turn=213 result=MISS
turn=214 picked cell=7,0 target_cluster=None active_clusters=2 remaining_cells=1 scans=4
RESULT turn=214 cell=7,0 result=MISS remaining_cells=1 active_clusters=2
turn=214 result=MISS
turn=215 picked cell=6,1 target_cluster=None active_clusters=2 remaining_cells=1 scans=4
RESULT turn=215 cell=6,1 result=MISS remaining_cells=1 active_clusters=2
turn=215 result=MISS
turn=216 picked cell=5,15 target_cluster=None active_clusters=2 remaining_cells=1 scans=4
RESULT turn=216 cell=5,15 result=MISS remaining_cells=1 active_clusters=2
turn=216 result=MISS
turn=217 picked cell=6,16 target_cluster=None active_clusters=2 remaining_cells=1 scans=4
RESULT turn=217 cell=6,16 result=MISS remaining_cells=1 active_clusters=2
turn=217 result=MISS
turn=218 picked cell=17,10 target_cluster=None active_clusters=2 remaining_cells=1 scans=4
RESULT turn=218 cell=17,10 result=MISS remaining_cells=1 active_clusters=2
turn=218 result=MISS
turn=219 picked cell=10,17 target_cluster=None active_clusters=2 remaining_cells=1 scans=4
RESULT turn=219 cell=10,17 result=MISS remaining_cells=1 active_clusters=2
turn=219 result=MISS
turn=220 picked cell=3,13 target_cluster=None active_clusters=2 remaining_cells=1 scans=4
RESULT turn=220 cell=3,13 result=MISS remaining_cells=1 active_clusters=2
turn=220 result=MISS
turn=221 picked cell=12,15 target_cluster=None active_clusters=2 remaining_cells=1 scans=4
RESULT turn=221 cell=12,15 result=MISS remaining_cells=1 active_clusters=2
turn=221 result=MISS
turn=222 picked cell=14,4 target_cluster=None active_clusters=2 remaining_cells=1 scans=4
RESULT turn=222 cell=14,4 result=MISS remaining_cells=1 active_clusters=2
turn=222 result=MISS
turn=223 picked cell=2,12 target_cluster=None active_clusters=2 remaining_cells=1 scans=4
RESULT turn=223 cell=2,12 result=MISS remaining_cells=1 active_clusters=2
turn=223 result=MISS
turn=224 picked cell=12,2 target_cluster=None active_clusters=2 remaining_cells=1 scans=4
RESULT turn=224 cell=12,2 result=MISS remaining_cells=1 active_clusters=2
turn=224 result=MISS
turn=225 picked cell=3,4 target_cluster=None active_clusters=2 remaining_cells=1 scans=4
RESULT turn=225 cell=3,4 result=MISS remaining_cells=1 active_clusters=2
turn=225 result=MISS
turn=226 picked cell=4,3 target_cluster=None active_clusters=2 remaining_cells=1 scans=4
RESULT turn=226 cell=4,3 result=MISS remaining_cells=1 active_clusters=2
turn=226 result=MISS
turn=227 picked cell=0,7 target_cluster=None active_clusters=2 remaining_cells=1 scans=4
RESULT turn=227 cell=0,7 result=MISS remaining_cells=1 active_clusters=2
turn=227 result=MISS
turn=228 picked cell=13,2 target_cluster=None active_clusters=2 remaining_cells=1 scans=4
RESULT turn=228 cell=13,2 result=MISS remaining_cells=1 active_clusters=2
turn=228 result=MISS
turn=229 picked cell=15,5 target_cluster=None active_clusters=2 remaining_cells=1 scans=4
RESULT turn=229 cell=15,5 result=MISS remaining_cells=1 active_clusters=2
turn=229 result=MISS
turn=230 picked cell=11,16 target_cluster=None active_clusters=2 remaining_cells=1 scans=4
RESULT turn=230 cell=11,16 result=MISS remaining_cells=1 active_clusters=2
turn=230 result=MISS
turn=231 picked cell=16,11 target_cluster=None active_clusters=2 remaining_cells=1 scans=4
RESULT turn=231 cell=16,11 result=MISS remaining_cells=1 active_clusters=2
turn=231 result=MISS
turn=232 picked cell=4,14 target_cluster=None active_clusters=2 remaining_cells=1 scans=4
RESULT turn=232 cell=4,14 result=MISS remaining_cells=1 active_clusters=2
turn=232 result=MISS
turn=233 picked cell=13,3 target_cluster=None active_clusters=2 remaining_cells=1 scans=4
RESULT turn=233 cell=13,3 result=MISS remaining_cells=1 active_clusters=2
turn=233 result=MISS
turn=234 picked cell=17,7 target_cluster=None active_clusters=2 remaining_cells=1 scans=4
RESULT turn=234 cell=17,7 result=MISS remaining_cells=1 active_clusters=2
turn=234 result=MISS
turn=235 picked cell=14,13 target_cluster=None active_clusters=2 remaining_cells=1 scans=4
RESULT turn=235 cell=14,13 result=MISS remaining_cells=1 active_clusters=2
turn=235 result=MISS
turn=236 picked cell=1,6 target_cluster=None active_clusters=2 remaining_cells=1 scans=4
RESULT turn=236 cell=1,6 result=MISS remaining_cells=1 active_clusters=2
turn=236 result=MISS
turn=237 picked cell=7,17 target_cluster=None active_clusters=2 remaining_cells=1 scans=4
RESULT turn=237 cell=7,17 result=MISS remaining_cells=1 active_clusters=2
turn=237 result=MISS
turn=238 picked cell=10,0 target_cluster=None active_clusters=2 remaining_cells=1 scans=4
RESULT turn=238 cell=10,0 result=MISS remaining_cells=1 active_clusters=2
turn=238 result=MISS
turn=239 picked cell=16,6 target_cluster=None active_clusters=2 remaining_cells=1 scans=4
RESULT turn=239 cell=16,6 result=MISS remaining_cells=1 active_clusters=2
turn=239 result=MISS
turn=240 picked cell=16,12 target_cluster=None active_clusters=2 remaining_cells=1 scans=4
RESULT turn=240 cell=16,12 result=MISS remaining_cells=1 active_clusters=2
turn=240 result=MISS
turn=241 picked cell=17,11 target_cluster=None active_clusters=2 remaining_cells=1 scans=4
RESULT turn=241 cell=17,11 result=MISS remaining_cells=1 active_clusters=2
turn=241 result=MISS
turn=242 picked cell=11,1 target_cluster=None active_clusters=2 remaining_cells=1 scans=4
RESULT turn=242 cell=11,1 result=MISS remaining_cells=1 active_clusters=2
turn=242 result=MISS
turn=243 picked cell=11,0 target_cluster=None active_clusters=2 remaining_cells=1 scans=4
RESULT turn=243 cell=11,0 result=MISS remaining_cells=1 active_clusters=2
turn=243 result=MISS
turn=244 picked cell=17,6 target_cluster=None active_clusters=2 remaining_cells=1 scans=4
RESULT turn=244 cell=17,6 result=MISS remaining_cells=1 active_clusters=2
turn=244 result=MISS
turn=245 picked cell=6,0 target_cluster=None active_clusters=2 remaining_cells=1 scans=4
RESULT turn=245 cell=6,0 result=MISS remaining_cells=1 active_clusters=2
turn=245 result=MISS
turn=246 picked cell=4,2 target_cluster=None active_clusters=2 remaining_cells=1 scans=4
RESULT turn=246 cell=4,2 result=MISS remaining_cells=1 active_clusters=2
turn=246 result=MISS
turn=247 picked cell=12,1 target_cluster=None active_clusters=2 remaining_cells=1 scans=4
RESULT turn=247 cell=12,1 result=MISS remaining_cells=1 active_clusters=2
turn=247 result=MISS
turn=248 picked cell=14,14 target_cluster=None active_clusters=2 remaining_cells=1 scans=4
RESULT turn=248 cell=14,14 result=MISS remaining_cells=1 active_clusters=2
turn=248 result=MISS
turn=249 picked cell=5,16 target_cluster=None active_clusters=2 remaining_cells=1 scans=4
RESULT turn=249 cell=5,16 result=MISS remaining_cells=1 active_clusters=2
turn=249 result=MISS
turn=250 picked cell=2,4 target_cluster=None active_clusters=2 remaining_cells=1 scans=4
RESULT turn=250 cell=2,4 result=MISS remaining_cells=1 active_clusters=2
turn=250 result=MISS
turn=251 picked cell=12,0 target_cluster=None active_clusters=2 remaining_cells=1 scans=4
RESULT turn=251 cell=12,0 result=MISS remaining_cells=1 active_clusters=2
turn=251 result=MISS
turn=252 picked cell=2,14 target_cluster=None active_clusters=2 remaining_cells=1 scans=4
RESULT turn=252 cell=2,14 result=MISS remaining_cells=1 active_clusters=2
turn=252 result=MISS
turn=253 picked cell=14,3 target_cluster=None active_clusters=2 remaining_cells=1 scans=4
RESULT turn=253 cell=14,3 result=MISS remaining_cells=1 active_clusters=2
turn=253 result=MISS
turn=254 picked cell=16,5 target_cluster=None active_clusters=2 remaining_cells=1 scans=4
RESULT turn=254 cell=16,5 result=MISS remaining_cells=1 active_clusters=2
turn=254 result=MISS
turn=255 picked cell=15,13 target_cluster=None active_clusters=2 remaining_cells=1 scans=4
RESULT turn=255 cell=15,13 result=MISS remaining_cells=1 active_clusters=2
turn=255 result=MISS
turn=256 picked cell=0,11 target_cluster=None active_clusters=2 remaining_cells=1 scans=4
RESULT turn=256 cell=0,11 result=MISS remaining_cells=1 active_clusters=2
turn=256 result=MISS
turn=257 picked cell=11,17 target_cluster=None active_clusters=2 remaining_cells=1 scans=4
RESULT turn=257 cell=11,17 result=MISS remaining_cells=1 active_clusters=2
turn=257 result=MISS
turn=258 picked cell=16,4 target_cluster=None active_clusters=2 remaining_cells=1 scans=4
RESULT turn=258 cell=16,4 result=MISS remaining_cells=1 active_clusters=2
turn=258 result=MISS
turn=259 picked cell=3,3 target_cluster=None active_clusters=2 remaining_cells=1 scans=4
RESULT turn=259 cell=3,3 result=MISS remaining_cells=1 active_clusters=2
turn=259 result=MISS
turn=260 picked cell=1,5 target_cluster=None active_clusters=2 remaining_cells=1 scans=4
RESULT turn=260 cell=1,5 result=MISS remaining_cells=1 active_clusters=2
turn=260 result=MISS
turn=261 picked cell=15,4 target_cluster=None active_clusters=2 remaining_cells=1 scans=4
RESULT turn=261 cell=15,4 result=MISS remaining_cells=1 active_clusters=2
turn=261 result=MISS
turn=262 picked cell=14,15 target_cluster=None active_clusters=2 remaining_cells=1 scans=4
RESULT turn=262 cell=14,15 result=MISS remaining_cells=1 active_clusters=2
turn=262 result=MISS
turn=263 picked cell=0,6 target_cluster=None active_clusters=2 remaining_cells=1 scans=4
RESULT turn=263 cell=0,6 result=MISS remaining_cells=1 active_clusters=2
turn=263 result=MISS
turn=264 picked cell=4,1 target_cluster=None active_clusters=2 remaining_cells=1 scans=4
RESULT turn=264 cell=4,1 result=MISS remaining_cells=1 active_clusters=2
turn=264 result=MISS
turn=265 picked cell=17,12 target_cluster=None active_clusters=2 remaining_cells=1 scans=4
RESULT turn=265 cell=17,12 result=MISS remaining_cells=1 active_clusters=2
turn=265 result=MISS
turn=266 picked cell=3,2 target_cluster=None active_clusters=2 remaining_cells=1 scans=4
RESULT turn=266 cell=3,2 result=MISS remaining_cells=1 active_clusters=2
turn=266 result=MISS
turn=267 picked cell=14,2 target_cluster=None active_clusters=2 remaining_cells=1 scans=4
RESULT turn=267 cell=14,2 result=MISS remaining_cells=1 active_clusters=2
turn=267 result=MISS
turn=268 picked cell=4,16 target_cluster=None active_clusters=2 remaining_cells=1 scans=4
RESULT turn=268 cell=4,16 result=MISS remaining_cells=1 active_clusters=2
turn=268 result=MISS
turn=269 picked cell=16,13 target_cluster=None active_clusters=2 remaining_cells=1 scans=4
RESULT turn=269 cell=16,13 result=MISS remaining_cells=1 active_clusters=2
turn=269 result=MISS
turn=270 picked cell=15,3 target_cluster=None active_clusters=2 remaining_cells=1 scans=4
RESULT turn=270 cell=15,3 result=MISS remaining_cells=1 active_clusters=2
turn=270 result=MISS
turn=271 picked cell=1,4 target_cluster=None active_clusters=2 remaining_cells=1 scans=4
RESULT turn=271 cell=1,4 result=MISS remaining_cells=1 active_clusters=2
turn=271 result=MISS
turn=272 picked cell=5,17 target_cluster=None active_clusters=2 remaining_cells=1 scans=4
RESULT turn=272 cell=5,17 result=MISS remaining_cells=1 active_clusters=2
turn=272 result=MISS
turn=273 picked cell=17,5 target_cluster=None active_clusters=2 remaining_cells=1 scans=4
RESULT turn=273 cell=17,5 result=MISS remaining_cells=1 active_clusters=2
turn=273 result=MISS
turn=274 picked cell=5,0 target_cluster=None active_clusters=2 remaining_cells=1 scans=4
RESULT turn=274 cell=5,0 result=MISS remaining_cells=1 active_clusters=2
turn=274 result=MISS
turn=275 picked cell=13,1 target_cluster=None active_clusters=2 remaining_cells=1 scans=4
RESULT turn=275 cell=13,1 result=MISS remaining_cells=1 active_clusters=2
turn=275 result=MISS
turn=276 picked cell=3,15 target_cluster=None active_clusters=2 remaining_cells=1 scans=4
RESULT turn=276 cell=3,15 result=MISS remaining_cells=1 active_clusters=2
turn=276 result=MISS
turn=277 picked cell=2,3 target_cluster=None active_clusters=2 remaining_cells=1 scans=4
RESULT turn=277 cell=2,3 result=MISS remaining_cells=1 active_clusters=2
turn=277 result=MISS
turn=278 picked cell=2,15 target_cluster=None active_clusters=2 remaining_cells=1 scans=4
RESULT turn=278 cell=2,15 result=MISS remaining_cells=1 active_clusters=2
turn=278 result=MISS
turn=279 picked cell=1,3 target_cluster=None active_clusters=2 remaining_cells=1 scans=4
RESULT turn=279 cell=1,3 result=MISS remaining_cells=1 active_clusters=2
turn=279 result=MISS
turn=280 picked cell=13,0 target_cluster=None active_clusters=2 remaining_cells=1 scans=4
RESULT turn=280 cell=13,0 result=MISS remaining_cells=1 active_clusters=2
turn=280 result=MISS
turn=281 picked cell=2,2 target_cluster=None active_clusters=2 remaining_cells=1 scans=4
RESULT turn=281 cell=2,2 result=MISS remaining_cells=1 active_clusters=2
turn=281 result=MISS
turn=282 picked cell=15,2 target_cluster=None active_clusters=2 remaining_cells=1 scans=4
RESULT turn=282 cell=15,2 result=MISS remaining_cells=1 active_clusters=2
turn=282 result=MISS
turn=283 picked cell=14,1 target_cluster=None active_clusters=2 remaining_cells=1 scans=4
RESULT turn=283 cell=14,1 result=MISS remaining_cells=1 active_clusters=2
turn=283 result=MISS
turn=284 picked cell=15,15 target_cluster=None active_clusters=2 remaining_cells=1 scans=4
RESULT turn=284 cell=15,15 result=MISS remaining_cells=1 active_clusters=2
turn=284 result=MISS
turn=285 picked cell=3,16 target_cluster=None active_clusters=2 remaining_cells=1 scans=4
RESULT turn=285 cell=3,16 result=MISS remaining_cells=1 active_clusters=2
turn=285 result=MISS
turn=286 picked cell=17,13 target_cluster=None active_clusters=2 remaining_cells=1 scans=4
RESULT turn=286 cell=17,13 result=MISS remaining_cells=1 active_clusters=2
turn=286 result=MISS
turn=287 picked cell=4,0 target_cluster=None active_clusters=2 remaining_cells=1 scans=4
RESULT turn=287 cell=4,0 result=MISS remaining_cells=1 active_clusters=2
turn=287 result=MISS
turn=288 picked cell=4,17 target_cluster=None active_clusters=2 remaining_cells=1 scans=4
RESULT turn=288 cell=4,17 result=MISS remaining_cells=1 active_clusters=2
turn=288 result=MISS
turn=289 picked cell=0,4 target_cluster=None active_clusters=2 remaining_cells=1 scans=4
RESULT turn=289 cell=0,4 result=MISS remaining_cells=1 active_clusters=2
turn=289 result=MISS
turn=290 picked cell=16,3 target_cluster=None active_clusters=2 remaining_cells=1 scans=4
RESULT turn=290 cell=16,3 result=MISS remaining_cells=1 active_clusters=2
turn=290 result=MISS
turn=291 picked cell=0,13 target_cluster=None active_clusters=2 remaining_cells=1 scans=4
RESULT turn=291 cell=0,13 result=KILL remaining_cells=1 active_clusters=2
turn=291 result=KILL
