GAME n=20 p=0.872209 remaining_cells=97 remaining=[0, 1, 0, 2, 3, 1, 2, 2, 1, 1, 3]
turn=1 mode=SCAN region=0,0,9,19
turn=1 result=SCAN count=31
turn=2 mode=SCAN region=0,0,19,9
turn=2 result=SCAN count=56
turn=3 picked cell=10,9 target_cluster=None active_clusters=0 remaining_cells=97 scans=2
RESULT turn=3 cell=10,9 result=MISS remaining_cells=97 active_clusters=0
turn=3 result=MISS
turn=4 picked cell=11,8 target_cluster=None active_clusters=0 remaining_cells=97 scans=2
RESULT turn=4 cell=11,8 result=MISS remaining_cells=97 active_clusters=0
turn=4 result=MISS
turn=5 picked cell=12,7 target_cluster=None active_clusters=0 remaining_cells=97 scans=2
RESULT turn=5 cell=12,7 result=HIT remaining_cells=97 active_clusters=0
turn=5 result=HIT
turn=6 mode=CHASE cluster=0 cluster_len=1 cell=11,7 score=100001.550611 chase_score=5146.550611 prob=1.550611
turn=6 picked cell=11,7 target_cluster=Some(0) active_clusters=1 remaining_cells=96 scans=2
RESULT turn=6 cell=11,7 result=HIT remaining_cells=96 active_clusters=1
turn=6 result=HIT
turn=7 mode=CHASE cluster=0 cluster_len=2 cell=10,7 score=200001.749542 chase_score=10515.749542 prob=1.749542
turn=7 picked cell=10,7 target_cluster=Some(0) active_clusters=1 remaining_cells=95 scans=2
RESULT turn=7 cell=10,7 result=HIT remaining_cells=95 active_clusters=1
turn=7 result=HIT
turn=8 mode=CHASE cluster=0 cluster_len=3 cell=9,7 score=300002.858336 chase_score=10420.858336 prob=2.858336
turn=8 picked cell=9,7 target_cluster=Some(0) active_clusters=1 remaining_cells=94 scans=2
RESULT turn=8 cell=9,7 result=MISS remaining_cells=94 active_clusters=1
turn=8 result=MISS
turn=9 mode=CHASE cluster=0 cluster_len=3 cell=13,7 score=300001.935197 chase_score=10091.935197 prob=1.935197
turn=9 picked cell=13,7 target_cluster=Some(0) active_clusters=1 remaining_cells=94 scans=2
RESULT turn=9 cell=13,7 result=HIT remaining_cells=94 active_clusters=1
turn=9 result=HIT
turn=10 mode=CHASE cluster=0 cluster_len=4 cell=14,7 score=400001.968671 chase_score=10079.968671 prob=1.968671
turn=10 picked cell=14,7 target_cluster=Some(0) active_clusters=1 remaining_cells=93 scans=2
RESULT turn=10 cell=14,7 result=HIT remaining_cells=93 active_clusters=1
turn=10 result=HIT
turn=11 mode=CHASE cluster=0 cluster_len=5 cell=15,7 score=500001.968671 chase_score=10074.968671 prob=1.968671
turn=11 picked cell=15,7 target_cluster=Some(0) active_clusters=1 remaining_cells=92 scans=2
RESULT turn=11 cell=15,7 result=HIT remaining_cells=92 active_clusters=1
turn=11 result=HIT
turn=12 mode=CHASE cluster=0 cluster_len=6 cell=16,7 score=600001.935197 chase_score=10062.935197 prob=1.935197
turn=12 picked cell=16,7 target_cluster=Some(0) active_clusters=1 remaining_cells=91 scans=2
RESULT turn=12 cell=16,7 result=HIT remaining_cells=91 active_clusters=1
turn=12 result=HIT
turn=13 mode=CHASE cluster=0 cluster_len=7 cell=17,7 score=700001.850408 chase_score=10048.850408 prob=1.850408
turn=13 picked cell=17,7 target_cluster=Some(0) active_clusters=1 remaining_cells=90 scans=2
RESULT turn=13 cell=17,7 result=HIT remaining_cells=90 active_clusters=1
turn=13 result=HIT
turn=14 mode=CHASE cluster=0 cluster_len=8 cell=18,7 score=800001.737441 chase_score=10040.737441 prob=1.737441
turn=14 picked cell=18,7 target_cluster=Some(0) active_clusters=1 remaining_cells=89 scans=2
RESULT turn=14 cell=18,7 result=HIT remaining_cells=89 active_clusters=1
turn=14 result=HIT
turn=15 mode=CHASE cluster=0 cluster_len=9 cell=19,7 score=900001.604015 chase_score=10031.604015 prob=1.604015
turn=15 picked cell=19,7 target_cluster=Some(0) active_clusters=1 remaining_cells=88 scans=2
RESULT turn=15 cell=19,7 result=KILL remaining_cells=88 active_clusters=1
turn=15 result=KILL
turn=15 kill_infer inferred_len=10 committed_hits=9 cluster_hits=9
turn=16 picked cell=12,13 target_cluster=None active_clusters=0 remaining_cells=87 scans=2
RESULT turn=16 cell=12,13 result=MISS remaining_cells=87 active_clusters=0
turn=16 result=MISS
turn=17 picked cell=13,14 target_cluster=None active_clusters=0 remaining_cells=87 scans=2
RESULT turn=17 cell=13,14 result=HIT remaining_cells=87 active_clusters=0
turn=17 result=HIT
turn=18 mode=CHASE cluster=0 cluster_len=1 cell=12,14 score=100001.500388 chase_score=5119.250388 prob=1.500388
turn=18 picked cell=12,14 target_cluster=Some(0) active_clusters=1 remaining_cells=86 scans=2
RESULT turn=18 cell=12,14 result=HIT remaining_cells=86 active_clusters=1
turn=18 result=HIT
turn=19 mode=CHASE cluster=0 cluster_len=2 cell=11,14 score=200002.306117 chase_score=10416.306117 prob=2.306117
turn=19 picked cell=11,14 target_cluster=Some(0) active_clusters=1 remaining_cells=85 scans=2
RESULT turn=19 cell=11,14 result=HIT remaining_cells=85 active_clusters=1
turn=19 result=HIT
turn=20 mode=CHASE cluster=0 cluster_len=3 cell=10,14 score=300002.199719 chase_score=10350.199719 prob=2.199719
turn=20 picked cell=10,14 target_cluster=Some(0) active_clusters=1 remaining_cells=84 scans=2
RESULT turn=20 cell=10,14 result=HIT remaining_cells=84 active_clusters=1
turn=20 result=HIT
turn=21 mode=CHASE cluster=0 cluster_len=4 cell=9,14 score=400002.501330 chase_score=10270.501330 prob=2.501330
turn=21 picked cell=9,14 target_cluster=Some(0) active_clusters=1 remaining_cells=83 scans=2
RESULT turn=21 cell=9,14 result=HIT remaining_cells=83 active_clusters=1
turn=21 result=HIT
turn=22 mode=CHASE cluster=0 cluster_len=5 cell=8,14 score=500002.687212 chase_score=10202.687212 prob=2.687212
turn=22 picked cell=8,14 target_cluster=Some(0) active_clusters=1 remaining_cells=82 scans=2
RESULT turn=22 cell=8,14 result=HIT remaining_cells=82 active_clusters=1
turn=22 result=HIT
turn=23 mode=CHASE cluster=0 cluster_len=6 cell=7,14 score=600002.604552 chase_score=10139.604552 prob=2.604552
turn=23 picked cell=7,14 target_cluster=Some(0) active_clusters=1 remaining_cells=81 scans=2
RESULT turn=23 cell=7,14 result=MISS remaining_cells=81 active_clusters=1
turn=23 result=MISS
turn=24 mode=CHASE cluster=0 cluster_len=6 cell=14,14 score=600001.942289 chase_score=10052.942289 prob=1.942289
turn=24 picked cell=14,14 target_cluster=Some(0) active_clusters=1 remaining_cells=81 scans=2
RESULT turn=24 cell=14,14 result=KILL remaining_cells=81 active_clusters=1
turn=24 result=KILL
turn=24 kill_infer inferred_len=7 committed_hits=6 cluster_hits=6
turn=25 picked cell=10,3 target_cluster=None active_clusters=0 remaining_cells=80 scans=2
RESULT turn=25 cell=10,3 result=MISS remaining_cells=80 active_clusters=0
turn=25 result=MISS
turn=26 picked cell=11,4 target_cluster=None active_clusters=0 remaining_cells=80 scans=2
RESULT turn=26 cell=11,4 result=HIT remaining_cells=80 active_clusters=0
turn=26 result=HIT
turn=27 mode=CHASE cluster=0 cluster_len=1 cell=10,4 score=100001.686760 chase_score=5121.186760 prob=1.686760
turn=27 picked cell=10,4 target_cluster=Some(0) active_clusters=1 remaining_cells=79 scans=2
RESULT turn=27 cell=10,4 result=HIT remaining_cells=79 active_clusters=1
turn=27 result=HIT
turn=28 mode=CHASE cluster=0 cluster_len=2 cell=9,4 score=200001.920211 chase_score=10400.920211 prob=1.920211
turn=28 picked cell=9,4 target_cluster=Some(0) active_clusters=1 remaining_cells=78 scans=2
RESULT turn=28 cell=9,4 result=MISS remaining_cells=78 active_clusters=1
turn=28 result=MISS
turn=29 mode=CHASE cluster=0 cluster_len=2 cell=12,4 score=200000.785445 chase_score=10079.785445 prob=0.785445
turn=29 picked cell=12,4 target_cluster=Some(0) active_clusters=1 remaining_cells=78 scans=2
RESULT turn=29 cell=12,4 result=HIT remaining_cells=78 active_clusters=1
turn=29 result=HIT
turn=30 mode=CHASE cluster=0 cluster_len=3 cell=13,4 score=300000.879974 chase_score=10073.879974 prob=0.879974
turn=30 picked cell=13,4 target_cluster=Some(0) active_clusters=1 remaining_cells=77 scans=2
RESULT turn=30 cell=13,4 result=HIT remaining_cells=77 active_clusters=1
turn=30 result=HIT
turn=31 mode=CHASE cluster=0 cluster_len=4 cell=14,4 score=400000.925212 chase_score=10061.925212 prob=0.925212
turn=31 picked cell=14,4 target_cluster=Some(0) active_clusters=1 remaining_cells=76 scans=2
RESULT turn=31 cell=14,4 result=HIT remaining_cells=76 active_clusters=1
turn=31 result=HIT
turn=32 mode=CHASE cluster=0 cluster_len=5 cell=15,4 score=500000.925212 chase_score=10056.925212 prob=0.925212
turn=32 picked cell=15,4 target_cluster=Some(0) active_clusters=1 remaining_cells=75 scans=2
RESULT turn=32 cell=15,4 result=KILL remaining_cells=75 active_clusters=1
turn=32 result=KILL
turn=32 kill_infer inferred_len=6 committed_hits=5 cluster_hits=5
turn=33 picked cell=8,6 target_cluster=None active_clusters=0 remaining_cells=74 scans=2
RESULT turn=33 cell=8,6 result=MISS remaining_cells=74 active_clusters=0
turn=33 result=MISS
turn=34 picked cell=7,5 target_cluster=None active_clusters=0 remaining_cells=74 scans=2
RESULT turn=34 cell=7,5 result=MISS remaining_cells=74 active_clusters=0
turn=34 result=MISS
turn=35 picked cell=11,1 target_cluster=None active_clusters=0 remaining_cells=74 scans=2
RESULT turn=35 cell=11,1 result=HIT remaining_cells=74 active_clusters=0
turn=35 result=HIT
turn=36 mode=CHASE cluster=0 cluster_len=1 cell=10,1 score=100001.841917 chase_score=5113.841917 prob=1.841917
turn=36 picked cell=10,1 target_cluster=Some(0) active_clusters=1 remaining_cells=73 scans=2
RESULT turn=36 cell=10,1 result=HIT remaining_cells=73 active_clusters=1
turn=36 result=HIT
turn=37 mode=CHASE cluster=0 cluster_len=2 cell=9,1 score=200001.889900 chase_score=10376.889900 prob=1.889900
turn=37 picked cell=9,1 target_cluster=Some(0) active_clusters=1 remaining_cells=72 scans=2
RESULT turn=37 cell=9,1 result=MISS remaining_cells=72 active_clusters=1
turn=37 result=MISS
turn=38 mode=CHASE cluster=0 cluster_len=2 cell=12,1 score=200000.622556 chase_score=10073.622556 prob=0.622556
turn=38 picked cell=12,1 target_cluster=Some(0) active_clusters=1 remaining_cells=72 scans=2
RESULT turn=38 cell=12,1 result=HIT remaining_cells=72 active_clusters=1
turn=38 result=HIT
turn=39 mode=CHASE cluster=0 cluster_len=3 cell=13,1 score=300000.712216 chase_score=10067.712216 prob=0.712216
turn=39 picked cell=13,1 target_cluster=Some(0) active_clusters=1 remaining_cells=71 scans=2
RESULT turn=39 cell=13,1 result=HIT remaining_cells=71 active_clusters=1
turn=39 result=HIT
turn=40 mode=CHASE cluster=0 cluster_len=4 cell=14,1 score=400000.745482 chase_score=10055.745482 prob=0.745482
turn=40 picked cell=14,1 target_cluster=Some(0) active_clusters=1 remaining_cells=70 scans=2
RESULT turn=40 cell=14,1 result=KILL remaining_cells=70 active_clusters=1
turn=40 result=KILL
turn=40 kill_infer inferred_len=5 committed_hits=4 cluster_hits=4
turn=41 picked cell=6,10 target_cluster=None active_clusters=0 remaining_cells=69 scans=2
RESULT turn=41 cell=6,10 result=MISS remaining_cells=69 active_clusters=0
turn=41 result=MISS
turn=42 picked cell=15,12 target_cluster=None active_clusters=0 remaining_cells=69 scans=2
RESULT turn=42 cell=15,12 result=MISS remaining_cells=69 active_clusters=0
turn=42 result=MISS
turn=43 picked cell=5,11 target_cluster=None active_clusters=0 remaining_cells=69 scans=2
RESULT turn=43 cell=5,11 result=HIT remaining_cells=69 active_clusters=0
turn=43 result=HIT
turn=44 mode=CHASE cluster=0 cluster_len=1 cell=5,10 score=100002.112494 chase_score=5109.112494 prob=2.112494
turn=44 picked cell=5,10 target_cluster=Some(0) active_clusters=1 remaining_cells=68 scans=2
RESULT turn=44 cell=5,10 result=MISS remaining_cells=68 active_clusters=1
turn=44 result=MISS
turn=45 mode=CHASE cluster=0 cluster_len=1 cell=6,11 score=100001.889615 chase_score=5087.389615 prob=1.889615
turn=45 picked cell=6,11 target_cluster=Some(0) active_clusters=1 remaining_cells=68 scans=2
RESULT turn=45 cell=6,11 result=HIT remaining_cells=68 active_clusters=1
turn=45 result=HIT
turn=46 mode=CHASE cluster=0 cluster_len=2 cell=7,11 score=200002.199924 chase_score=10313.199924 prob=2.199924
turn=46 picked cell=7,11 target_cluster=Some(0) active_clusters=1 remaining_cells=67 scans=2
RESULT turn=46 cell=7,11 result=HIT remaining_cells=67 active_clusters=1
turn=46 result=HIT
turn=47 mode=CHASE cluster=0 cluster_len=3 cell=8,11 score=300002.257124 chase_score=10274.257124 prob=2.257124
turn=47 picked cell=8,11 target_cluster=Some(0) active_clusters=1 remaining_cells=66 scans=2
RESULT turn=47 cell=8,11 result=KILL remaining_cells=66 active_clusters=1
turn=47 result=KILL
turn=47 kill_infer inferred_len=4 committed_hits=3 cluster_hits=3
turn=48 picked cell=10,2 target_cluster=None active_clusters=0 remaining_cells=65 scans=2
RESULT turn=48 cell=10,2 result=HIT remaining_cells=65 active_clusters=0
turn=48 result=HIT
turn=49 mode=CHASE cluster=0 cluster_len=1 cell=9,2 score=100002.186444 chase_score=5106.186444 prob=2.186444
turn=49 picked cell=9,2 target_cluster=Some(0) active_clusters=1 remaining_cells=64 scans=2
RESULT turn=49 cell=9,2 result=HIT remaining_cells=64 active_clusters=1
turn=49 result=HIT
turn=50 mode=CHASE cluster=0 cluster_len=2 cell=8,2 score=200002.241532 chase_score=10354.241532 prob=2.241532
turn=50 picked cell=8,2 target_cluster=Some(0) active_clusters=1 remaining_cells=63 scans=2
RESULT turn=50 cell=8,2 result=HIT remaining_cells=63 active_clusters=1
turn=50 result=HIT
turn=51 mode=CHASE cluster=0 cluster_len=3 cell=11,2 score=300002.083260 chase_score=10290.083260 prob=2.083260
turn=51 picked cell=11,2 target_cluster=Some(0) active_clusters=1 remaining_cells=62 scans=2
RESULT turn=51 cell=11,2 result=HIT remaining_cells=62 active_clusters=1
turn=51 result=HIT
turn=52 mode=CHASE cluster=0 cluster_len=4 cell=7,2 score=400002.047345 chase_score=10232.047345 prob=2.047345
turn=52 picked cell=7,2 target_cluster=Some(0) active_clusters=1 remaining_cells=61 scans=2
RESULT turn=52 cell=7,2 result=MISS remaining_cells=61 active_clusters=1
turn=52 result=MISS
turn=53 mode=CHASE cluster=0 cluster_len=4 cell=12,2 score=400001.111584 chase_score=10051.111584 prob=1.111584
turn=53 picked cell=12,2 target_cluster=Some(0) active_clusters=1 remaining_cells=61 scans=2
RESULT turn=53 cell=12,2 result=HIT remaining_cells=61 active_clusters=1
turn=53 result=HIT
turn=54 mode=CHASE cluster=0 cluster_len=5 cell=13,2 score=500001.163544 chase_score=10051.163544 prob=1.163544
turn=54 picked cell=13,2 target_cluster=Some(0) active_clusters=1 remaining_cells=60 scans=2
RESULT turn=54 cell=13,2 result=HIT remaining_cells=60 active_clusters=1
turn=54 result=HIT
turn=55 mode=CHASE cluster=0 cluster_len=6 cell=14,2 score=600001.163544 chase_score=10045.163544 prob=1.163544
turn=55 picked cell=14,2 target_cluster=Some(0) active_clusters=1 remaining_cells=59 scans=2
RESULT turn=55 cell=14,2 result=HIT remaining_cells=59 active_clusters=1
turn=55 result=HIT
turn=56 mode=CHASE cluster=0 cluster_len=7 cell=15,2 score=700001.177795 chase_score=10038.177795 prob=1.177795
turn=56 picked cell=15,2 target_cluster=Some(0) active_clusters=1 remaining_cells=58 scans=2
RESULT turn=56 cell=15,2 result=HIT remaining_cells=58 active_clusters=1
turn=56 result=HIT
turn=57 mode=CHASE cluster=0 cluster_len=8 cell=16,2 score=800001.238925 chase_score=10030.238925 prob=1.238925
turn=57 picked cell=16,2 target_cluster=Some(0) active_clusters=1 remaining_cells=57 scans=2
RESULT turn=57 cell=16,2 result=KILL remaining_cells=57 active_clusters=1
turn=57 result=KILL
turn=57 kill_infer inferred_len=9 committed_hits=8 cluster_hits=8
turn=58 picked cell=16,15 target_cluster=None active_clusters=0 remaining_cells=56 scans=2
RESULT turn=58 cell=16,15 result=MISS remaining_cells=56 active_clusters=0
turn=58 result=MISS
turn=59 picked cell=10,17 target_cluster=None active_clusters=0 remaining_cells=56 scans=2
RESULT turn=59 cell=10,17 result=HIT remaining_cells=56 active_clusters=0
turn=59 result=HIT
turn=60 mode=CHASE cluster=0 cluster_len=1 cell=9,17 score=100002.095198 chase_score=5088.095198 prob=2.095198
turn=60 picked cell=9,17 target_cluster=Some(0) active_clusters=1 remaining_cells=55 scans=2
RESULT turn=60 cell=9,17 result=HIT remaining_cells=55 active_clusters=1
turn=60 result=HIT
turn=61 mode=CHASE cluster=0 cluster_len=2 cell=8,17 score=200001.981448 chase_score=10290.981448 prob=1.981448
turn=61 picked cell=8,17 target_cluster=Some(0) active_clusters=1 remaining_cells=54 scans=2
RESULT turn=61 cell=8,17 result=HIT remaining_cells=54 active_clusters=1
turn=61 result=HIT
turn=62 mode=CHASE cluster=0 cluster_len=3 cell=11,17 score=300001.981448 chase_score=10235.981448 prob=1.981448
turn=62 picked cell=11,17 target_cluster=Some(0) active_clusters=1 remaining_cells=53 scans=2
RESULT turn=62 cell=11,17 result=HIT remaining_cells=53 active_clusters=1
turn=62 result=HIT
turn=63 mode=CHASE cluster=0 cluster_len=4 cell=7,17 score=400001.867697 chase_score=10186.867697 prob=1.867697
turn=63 picked cell=7,17 target_cluster=Some(0) active_clusters=1 remaining_cells=52 scans=2
RESULT turn=63 cell=7,17 result=HIT remaining_cells=52 active_clusters=1
turn=63 result=HIT
turn=64 mode=CHASE cluster=0 cluster_len=5 cell=6,17 score=500001.915620 chase_score=10145.915620 prob=1.915620
turn=64 picked cell=6,17 target_cluster=Some(0) active_clusters=1 remaining_cells=51 scans=2
RESULT turn=64 cell=6,17 result=HIT remaining_cells=51 active_clusters=1
turn=64 result=HIT
turn=65 mode=CHASE cluster=0 cluster_len=6 cell=12,17 score=600001.867697 chase_score=10104.867697 prob=1.867697
turn=65 picked cell=12,17 target_cluster=Some(0) active_clusters=1 remaining_cells=50 scans=2
RESULT turn=65 cell=12,17 result=HIT remaining_cells=50 active_clusters=1
turn=65 result=HIT
turn=66 mode=CHASE cluster=0 cluster_len=7 cell=5,17 score=700001.733867 chase_score=10069.733867 prob=1.733867
turn=66 picked cell=5,17 target_cluster=Some(0) active_clusters=1 remaining_cells=49 scans=2
RESULT turn=66 cell=5,17 result=HIT remaining_cells=49 active_clusters=1
turn=66 result=HIT
turn=67 mode=CHASE cluster=0 cluster_len=8 cell=4,17 score=800001.974847 chase_score=10041.974847 prob=1.974847
turn=67 picked cell=4,17 target_cluster=Some(0) active_clusters=1 remaining_cells=48 scans=2
RESULT turn=67 cell=4,17 result=HIT remaining_cells=48 active_clusters=1
turn=67 result=HIT
turn=68 mode=CHASE cluster=0 cluster_len=9 cell=3,17 score=900001.768869 chase_score=10021.768869 prob=1.768869
turn=68 picked cell=3,17 target_cluster=Some(0) active_clusters=1 remaining_cells=47 scans=2
RESULT turn=68 cell=3,17 result=KILL remaining_cells=47 active_clusters=1
turn=68 result=KILL
turn=68 kill_infer inferred_len=10 committed_hits=9 cluster_hits=9
turn=69 picked cell=10,0 target_cluster=None active_clusters=0 remaining_cells=46 scans=2
RESULT turn=69 cell=10,0 result=MISS remaining_cells=46 active_clusters=0
turn=69 result=MISS
turn=70 picked cell=17,16 target_cluster=None active_clusters=0 remaining_cells=46 scans=2
RESULT turn=70 cell=17,16 result=MISS remaining_cells=46 active_clusters=0
turn=70 result=MISS
turn=71 picked cell=13,18 target_cluster=None active_clusters=0 remaining_cells=46 scans=2
RESULT turn=71 cell=13,18 result=HIT remaining_cells=46 active_clusters=0
turn=71 result=HIT
turn=72 mode=CHASE cluster=0 cluster_len=1 cell=12,18 score=100001.459274 chase_score=5059.959274 prob=1.459274
turn=72 picked cell=12,18 target_cluster=Some(0) active_clusters=1 remaining_cells=45 scans=2
RESULT turn=72 cell=12,18 result=MISS remaining_cells=45 active_clusters=1
turn=72 result=MISS
turn=73 mode=CHASE cluster=0 cluster_len=1 cell=13,17 score=100000.252750 chase_score=5007.252750 prob=0.252750
turn=73 picked cell=13,17 target_cluster=Some(0) active_clusters=1 remaining_cells=45 scans=2
RESULT turn=73 cell=13,17 result=KILL remaining_cells=45 active_clusters=1
turn=73 result=KILL
turn=73 kill_infer inferred_len=2 committed_hits=1 cluster_hits=1
turn=74 picked cell=4,8 target_cluster=None active_clusters=0 remaining_cells=44 scans=2
RESULT turn=74 cell=4,8 result=HIT remaining_cells=44 active_clusters=0
turn=74 result=HIT
turn=75 mode=CHASE cluster=0 cluster_len=1 cell=4,9 score=100002.207435 chase_score=5063.207435 prob=2.207435
turn=75 picked cell=4,9 target_cluster=Some(0) active_clusters=1 remaining_cells=43 scans=2
RESULT turn=75 cell=4,9 result=MISS remaining_cells=43 active_clusters=1
turn=75 result=MISS
turn=76 mode=CHASE cluster=0 cluster_len=1 cell=5,8 score=100001.330244 chase_score=5039.580244 prob=1.330244
turn=76 picked cell=5,8 target_cluster=Some(0) active_clusters=1 remaining_cells=43 scans=2
RESULT turn=76 cell=5,8 result=HIT remaining_cells=43 active_clusters=1
turn=76 result=HIT
turn=77 mode=CHASE cluster=0 cluster_len=2 cell=6,8 score=200001.301141 chase_score=10134.301141 prob=1.301141
turn=77 picked cell=6,8 target_cluster=Some(0) active_clusters=1 remaining_cells=42 scans=2
RESULT turn=77 cell=6,8 result=HIT remaining_cells=42 active_clusters=1
turn=77 result=HIT
turn=78 mode=CHASE cluster=0 cluster_len=3 cell=3,8 score=300002.454580 chase_score=10108.454580 prob=2.454580
turn=78 picked cell=3,8 target_cluster=Some(0) active_clusters=1 remaining_cells=41 scans=2
RESULT turn=78 cell=3,8 result=HIT remaining_cells=41 active_clusters=1
turn=78 result=HIT
turn=79 mode=CHASE cluster=0 cluster_len=4 cell=7,8 score=400000.953751 chase_score=10085.953751 prob=0.953751
turn=79 picked cell=7,8 target_cluster=Some(0) active_clusters=1 remaining_cells=40 scans=2
RESULT turn=79 cell=7,8 result=HIT remaining_cells=40 active_clusters=1
turn=79 result=HIT
turn=80 mode=CHASE cluster=0 cluster_len=5 cell=2,8 score=500002.384667 chase_score=10066.384667 prob=2.384667
turn=80 picked cell=2,8 target_cluster=Some(0) active_clusters=1 remaining_cells=39 scans=2
RESULT turn=80 cell=2,8 result=HIT remaining_cells=39 active_clusters=1
turn=80 result=HIT
turn=81 mode=CHASE cluster=0 cluster_len=6 cell=1,8 score=600002.213567 chase_score=10045.213567 prob=2.213567
turn=81 picked cell=1,8 target_cluster=Some(0) active_clusters=1 remaining_cells=38 scans=2
RESULT turn=81 cell=1,8 result=HIT remaining_cells=38 active_clusters=1
turn=81 result=HIT
turn=82 mode=CHASE cluster=0 cluster_len=7 cell=8,8 score=700000.749164 chase_score=10028.749164 prob=0.749164
turn=82 picked cell=8,8 target_cluster=Some(0) active_clusters=1 remaining_cells=37 scans=2
RESULT turn=82 cell=8,8 result=HIT remaining_cells=37 active_clusters=1
turn=82 result=HIT
turn=83 mode=CHASE cluster=0 cluster_len=8 cell=9,8 score=800000.583342 chase_score=10020.583342 prob=0.583342
turn=83 picked cell=9,8 target_cluster=Some(0) active_clusters=1 remaining_cells=36 scans=2
RESULT turn=83 cell=9,8 result=HIT remaining_cells=36 active_clusters=1
turn=83 result=HIT
turn=84 mode=CHASE cluster=0 cluster_len=9 cell=0,8 score=900001.965102 chase_score=10011.965102 prob=1.965102
turn=84 picked cell=0,8 target_cluster=Some(0) active_clusters=1 remaining_cells=35 scans=2
RESULT turn=84 cell=0,8 result=KILL remaining_cells=35 active_clusters=1
turn=84 result=KILL
turn=84 kill_infer inferred_len=10 committed_hits=9 cluster_hits=9
turn=85 picked cell=13,10 target_cluster=None active_clusters=0 remaining_cells=34 scans=2
RESULT turn=85 cell=13,10 result=MISS remaining_cells=34 active_clusters=0
turn=85 result=MISS
turn=86 picked cell=14,11 target_cluster=None active_clusters=0 remaining_cells=34 scans=2
RESULT turn=86 cell=14,11 result=HIT remaining_cells=34 active_clusters=0
turn=86 result=HIT
turn=87 mode=CHASE cluster=0 cluster_len=1 cell=15,11 score=100000.843918 chase_score=5034.093918 prob=0.843918
turn=87 picked cell=15,11 target_cluster=Some(0) active_clusters=1 remaining_cells=33 scans=2
RESULT turn=87 cell=15,11 result=MISS remaining_cells=33 active_clusters=1
turn=87 result=MISS
turn=88 mode=CHASE cluster=0 cluster_len=1 cell=14,10 score=100000.295609 chase_score=5010.795609 prob=0.295609
turn=88 picked cell=14,10 target_cluster=Some(0) active_clusters=1 remaining_cells=33 scans=2
RESULT turn=88 cell=14,10 result=HIT remaining_cells=33 active_clusters=1
turn=88 result=HIT
turn=89 mode=CHASE cluster=0 cluster_len=2 cell=14,9 score=200000.725443 chase_score=10028.725443 prob=0.725443
turn=89 picked cell=14,9 target_cluster=Some(0) active_clusters=1 remaining_cells=32 scans=2
RESULT turn=89 cell=14,9 result=KILL remaining_cells=32 active_clusters=1
turn=89 result=KILL
turn=89 kill_infer inferred_len=3 committed_hits=2 cluster_hits=2
turn=90 picked cell=13,6 target_cluster=None active_clusters=0 remaining_cells=31 scans=2
RESULT turn=90 cell=13,6 result=MISS remaining_cells=31 active_clusters=0
turn=90 result=MISS
turn=91 picked cell=13,5 target_cluster=None active_clusters=0 remaining_cells=31 scans=2
RESULT turn=91 cell=13,5 result=HIT remaining_cells=31 active_clusters=0
turn=91 result=HIT
turn=92 mode=CHASE cluster=0 cluster_len=1 cell=14,5 score=100000.975453 chase_score=5036.475453 prob=0.975453
turn=92 picked cell=14,5 target_cluster=Some(0) active_clusters=1 remaining_cells=30 scans=2
RESULT turn=92 cell=14,5 result=HIT remaining_cells=30 active_clusters=1
turn=92 result=HIT
turn=93 mode=CHASE cluster=0 cluster_len=2 cell=12,5 score=200000.896057 chase_score=10118.896057 prob=0.896057
turn=93 picked cell=12,5 target_cluster=Some(0) active_clusters=1 remaining_cells=29 scans=2
RESULT turn=93 cell=12,5 result=HIT remaining_cells=29 active_clusters=1
turn=93 result=HIT
turn=94 mode=CHASE cluster=0 cluster_len=3 cell=15,5 score=300000.896057 chase_score=10094.896057 prob=0.896057
turn=94 picked cell=15,5 target_cluster=Some(0) active_clusters=1 remaining_cells=28 scans=2
RESULT turn=94 cell=15,5 result=HIT remaining_cells=28 active_clusters=1
turn=94 result=HIT
turn=95 mode=CHASE cluster=0 cluster_len=4 cell=16,5 score=400000.816853 chase_score=10065.816853 prob=0.816853
turn=95 picked cell=16,5 target_cluster=Some(0) active_clusters=1 remaining_cells=27 scans=2
RESULT turn=95 cell=16,5 result=HIT remaining_cells=27 active_clusters=1
turn=95 result=HIT
turn=96 mode=CHASE cluster=0 cluster_len=5 cell=17,5 score=500000.788329 chase_score=10044.788329 prob=0.788329
turn=96 picked cell=17,5 target_cluster=Some(0) active_clusters=1 remaining_cells=26 scans=2
RESULT turn=96 cell=17,5 result=HIT remaining_cells=26 active_clusters=1
turn=96 result=HIT
turn=97 mode=CHASE cluster=0 cluster_len=6 cell=11,5 score=600000.754117 chase_score=10023.754117 prob=0.754117
turn=97 picked cell=11,5 target_cluster=Some(0) active_clusters=1 remaining_cells=25 scans=2
RESULT turn=97 cell=11,5 result=KILL remaining_cells=25 active_clusters=1
turn=97 result=KILL
turn=97 kill_infer inferred_len=7 committed_hits=6 cluster_hits=6
turn=98 picked cell=18,13 target_cluster=None active_clusters=0 remaining_cells=24 scans=2
RESULT turn=98 cell=18,13 result=HIT remaining_cells=24 active_clusters=0
turn=98 result=HIT
turn=99 mode=CHASE cluster=0 cluster_len=1 cell=18,14 score=100000.819974 chase_score=5025.819974 prob=0.819974
turn=99 picked cell=18,14 target_cluster=Some(0) active_clusters=1 remaining_cells=23 scans=2
RESULT turn=99 cell=18,14 result=MISS remaining_cells=23 active_clusters=1
turn=99 result=MISS
turn=100 mode=CHASE cluster=0 cluster_len=1 cell=17,13 score=100000.560374 chase_score=5009.060374 prob=0.560374
turn=100 picked cell=17,13 target_cluster=Some(0) active_clusters=1 remaining_cells=23 scans=2
RESULT turn=100 cell=17,13 result=HIT remaining_cells=23 active_clusters=1
turn=100 result=HIT
turn=101 mode=CHASE cluster=0 cluster_len=2 cell=16,13 score=200000.443274 chase_score=10031.443274 prob=0.443274
turn=101 picked cell=16,13 target_cluster=Some(0) active_clusters=1 remaining_cells=22 scans=2
RESULT turn=101 cell=16,13 result=HIT remaining_cells=22 active_clusters=1
turn=101 result=HIT
turn=102 mode=CHASE cluster=0 cluster_len=3 cell=15,13 score=300000.316515 chase_score=10020.316515 prob=0.316515
turn=102 picked cell=15,13 target_cluster=Some(0) active_clusters=1 remaining_cells=21 scans=2
RESULT turn=102 cell=15,13 result=HIT remaining_cells=21 active_clusters=1
turn=102 result=HIT
turn=103 mode=CHASE cluster=0 cluster_len=4 cell=14,13 score=400000.176304 chase_score=10012.176304 prob=0.176304
turn=103 picked cell=14,13 target_cluster=Some(0) active_clusters=1 remaining_cells=20 scans=2
RESULT turn=103 cell=14,13 result=HIT remaining_cells=20 active_clusters=1
turn=103 result=HIT
turn=104 mode=CHASE cluster=0 cluster_len=5 cell=19,13 score=500000.837269 chase_score=10006.837269 prob=0.837269
turn=104 picked cell=19,13 target_cluster=Some(0) active_clusters=1 remaining_cells=19 scans=2
RESULT turn=104 cell=19,13 result=MISS remaining_cells=19 active_clusters=1
turn=104 result=MISS
turn=105 mode=CHASE cluster=0 cluster_len=5 cell=13,13 score=500000.105413 chase_score=10006.105413 prob=0.105413
turn=105 picked cell=13,13 target_cluster=Some(0) active_clusters=1 remaining_cells=19 scans=2
RESULT turn=105 cell=13,13 result=KILL remaining_cells=19 active_clusters=1
turn=105 result=KILL
turn=105 kill_infer inferred_len=6 committed_hits=5 cluster_hits=5
turn=106 picked cell=12,19 target_cluster=None active_clusters=0 remaining_cells=18 scans=2
RESULT turn=106 cell=12,19 result=HIT remaining_cells=18 active_clusters=0
turn=106 result=HIT
turn=107 mode=CHASE cluster=0 cluster_len=1 cell=11,19 score=100000.792471 chase_score=5022.292471 prob=0.792471
turn=107 picked cell=11,19 target_cluster=Some(0) active_clusters=1 remaining_cells=17 scans=2
RESULT turn=107 cell=11,19 result=HIT remaining_cells=17 active_clusters=1
turn=107 result=HIT
turn=108 mode=CHASE cluster=0 cluster_len=2 cell=10,19 score=200000.792471 chase_score=10067.792471 prob=0.792471
turn=108 picked cell=10,19 target_cluster=Some(0) active_clusters=1 remaining_cells=16 scans=2
RESULT turn=108 cell=10,19 result=HIT remaining_cells=16 active_clusters=1
turn=108 result=HIT
turn=109 mode=CHASE cluster=0 cluster_len=3 cell=9,19 score=300000.792471 chase_score=10048.792471 prob=0.792471
turn=109 picked cell=9,19 target_cluster=Some(0) active_clusters=1 remaining_cells=15 scans=2
RESULT turn=109 cell=9,19 result=HIT remaining_cells=15 active_clusters=1
turn=109 result=HIT
turn=110 mode=CHASE cluster=0 cluster_len=4 cell=8,19 score=400000.792471 chase_score=10032.792471 prob=0.792471
turn=110 picked cell=8,19 target_cluster=Some(0) active_clusters=1 remaining_cells=14 scans=2
RESULT turn=110 cell=8,19 result=HIT remaining_cells=14 active_clusters=1
turn=110 result=HIT
turn=111 mode=CHASE cluster=0 cluster_len=5 cell=7,19 score=500000.792471 chase_score=10024.792471 prob=0.792471
turn=111 picked cell=7,19 target_cluster=Some(0) active_clusters=1 remaining_cells=13 scans=2
RESULT turn=111 cell=7,19 result=MISS remaining_cells=13 active_clusters=1
turn=111 result=MISS
turn=112 mode=CHASE cluster=0 cluster_len=5 cell=13,19 score=500000.618661 chase_score=10008.618661 prob=0.618661
turn=112 picked cell=13,19 target_cluster=Some(0) active_clusters=1 remaining_cells=13 scans=2
RESULT turn=112 cell=13,19 result=HIT remaining_cells=13 active_clusters=1
turn=112 result=HIT
turn=113 mode=CHASE cluster=0 cluster_len=6 cell=14,19 score=600000.677917 chase_score=10008.677917 prob=0.677917
turn=113 picked cell=14,19 target_cluster=Some(0) active_clusters=1 remaining_cells=12 scans=2
RESULT turn=113 cell=14,19 result=HIT remaining_cells=12 active_clusters=1
turn=113 result=HIT
turn=114 mode=CHASE cluster=0 cluster_len=7 cell=15,19 score=700000.677917 chase_score=10008.677917 prob=0.677917
turn=114 picked cell=15,19 target_cluster=Some(0) active_clusters=1 remaining_cells=11 scans=2
RESULT turn=114 cell=15,19 result=KILL remaining_cells=11 active_clusters=1
turn=114 result=KILL
turn=114 kill_infer inferred_len=8 committed_hits=7 cluster_hits=7
turn=115 picked cell=18,3 target_cluster=None active_clusters=0 remaining_cells=10 scans=2
RESULT turn=115 cell=18,3 result=HIT remaining_cells=10 active_clusters=0
turn=115 result=HIT
turn=116 mode=CHASE cluster=0 cluster_len=1 cell=18,4 score=100000.166931 chase_score=5007.666931 prob=0.166931
turn=116 picked cell=18,4 target_cluster=Some(0) active_clusters=1 remaining_cells=9 scans=2
RESULT turn=116 cell=18,4 result=HIT remaining_cells=9 active_clusters=1
turn=116 result=HIT
turn=117 mode=CHASE cluster=0 cluster_len=2 cell=18,2 score=200000.127652 chase_score=10019.127652 prob=0.127652
turn=117 picked cell=18,2 target_cluster=Some(0) active_clusters=1 remaining_cells=8 scans=2
RESULT turn=117 cell=18,2 result=HIT remaining_cells=8 active_clusters=1
turn=117 result=HIT
turn=118 mode=CHASE cluster=0 cluster_len=3 cell=18,1 score=300000.157117 chase_score=10008.157117 prob=0.157117
turn=118 picked cell=18,1 target_cluster=Some(0) active_clusters=1 remaining_cells=7 scans=2
RESULT turn=118 cell=18,1 result=MISS remaining_cells=7 active_clusters=1
turn=118 result=MISS
turn=119 mode=CHASE cluster=0 cluster_len=3 cell=18,5 score=300000.079709 chase_score=10008.079709 prob=0.079709
turn=119 picked cell=18,5 target_cluster=Some(0) active_clusters=1 remaining_cells=7 scans=2
RESULT turn=119 cell=18,5 result=KILL remaining_cells=7 active_clusters=1
turn=119 result=KILL
turn=119 kill_infer inferred_len=4 committed_hits=3 cluster_hits=3
turn=120 picked cell=4,4 target_cluster=None active_clusters=0 remaining_cells=6 scans=2
RESULT turn=120 cell=4,4 result=MISS remaining_cells=6 active_clusters=0
turn=120 result=MISS
turn=121 picked cell=6,3 target_cluster=None active_clusters=0 remaining_cells=6 scans=2
RESULT turn=121 cell=6,3 result=MISS remaining_cells=6 active_clusters=0
turn=121 result=MISS
turn=122 picked cell=3,5 target_cluster=None active_clusters=0 remaining_cells=6 scans=2
RESULT turn=122 cell=3,5 result=MISS remaining_cells=6 active_clusters=0
turn=122 result=MISS
turn=123 picked cell=2,3 target_cluster=None active_clusters=0 remaining_cells=6 scans=2
RESULT turn=123 cell=2,3 result=HIT remaining_cells=6 active_clusters=0
turn=123 result=HIT
turn=124 mode=CHASE cluster=0 cluster_len=1 cell=2,2 score=100000.162777 chase_score=5004.662777 prob=0.162777
turn=124 picked cell=2,2 target_cluster=Some(0) active_clusters=1 remaining_cells=5 scans=2
RESULT turn=124 cell=2,2 result=HIT remaining_cells=5 active_clusters=1
turn=124 result=HIT
turn=125 mode=CHASE cluster=0 cluster_len=2 cell=2,1 score=200000.135647 chase_score=10011.135647 prob=0.135647
turn=125 picked cell=2,1 target_cluster=Some(0) active_clusters=1 remaining_cells=4 scans=2
RESULT turn=125 cell=2,1 result=MISS remaining_cells=4 active_clusters=1
turn=125 result=MISS
turn=126 mode=CHASE cluster=0 cluster_len=2 cell=2,4 score=200000.121623 chase_score=10007.121623 prob=0.121623
turn=126 picked cell=2,4 target_cluster=Some(0) active_clusters=1 remaining_cells=4 scans=2
RESULT turn=126 cell=2,4 result=HIT remaining_cells=4 active_clusters=1
turn=126 result=HIT
turn=127 mode=CHASE cluster=0 cluster_len=3 cell=2,5 score=300000.093947 chase_score=10004.093947 prob=0.093947
turn=127 picked cell=2,5 target_cluster=Some(0) active_clusters=1 remaining_cells=3 scans=2
RESULT turn=127 cell=2,5 result=KILL remaining_cells=3 active_clusters=1
turn=127 result=KILL
turn=127 kill_infer inferred_len=4 committed_hits=3 cluster_hits=3
turn=128 picked cell=14,16 target_cluster=None active_clusters=0 remaining_cells=2 scans=2
RESULT turn=128 cell=14,16 result=MISS remaining_cells=2 active_clusters=0
turn=128 result=MISS
turn=129 picked cell=16,18 target_cluster=None active_clusters=0 remaining_cells=2 scans=2
RESULT turn=129 cell=16,18 result=MISS remaining_cells=2 active_clusters=0
turn=129 result=MISS
turn=130 picked cell=18,17 target_cluster=None active_clusters=0 remaining_cells=2 scans=2
RESULT turn=130 cell=18,17 result=MISS remaining_cells=2 active_clusters=0
turn=130 result=MISS
turn=131 picked cell=11,12 target_cluster=None active_clusters=0 remaining_cells=2 scans=2
RESULT turn=131 cell=11,12 result=MISS remaining_cells=2 active_clusters=0
turn=131 result=MISS
turn=132 picked cell=17,10 target_cluster=None active_clusters=0 remaining_cells=2 scans=2
RESULT turn=132 cell=17,10 result=MISS remaining_cells=2 active_clusters=0
turn=132 result=MISS
turn=133 picked cell=15,17 target_cluster=None active_clusters=0 remaining_cells=2 scans=2
RESULT turn=133 cell=15,17 result=MISS remaining_cells=2 active_clusters=0
turn=133 result=MISS
turn=134 picked cell=10,11 target_cluster=None active_clusters=0 remaining_cells=2 scans=2
RESULT turn=134 cell=10,11 result=MISS remaining_cells=2 active_clusters=0
turn=134 result=MISS
turn=135 picked cell=13,15 target_cluster=None active_clusters=0 remaining_cells=2 scans=2
RESULT turn=135 cell=13,15 result=MISS remaining_cells=2 active_clusters=0
turn=135 result=MISS
turn=136 picked cell=18,11 target_cluster=None active_clusters=0 remaining_cells=2 scans=2
RESULT turn=136 cell=18,11 result=MISS remaining_cells=2 active_clusters=0
turn=136 result=MISS
turn=137 picked cell=19,17 target_cluster=None active_clusters=0 remaining_cells=2 scans=2
RESULT turn=137 cell=19,17 result=MISS remaining_cells=2 active_clusters=0
turn=137 result=MISS
turn=138 picked cell=17,19 target_cluster=None active_clusters=0 remaining_cells=2 scans=2
RESULT turn=138 cell=17,19 result=MISS remaining_cells=2 active_clusters=0
turn=138 result=MISS
turn=139 picked cell=12,10 target_cluster=None active_clusters=0 remaining_cells=2 scans=2
RESULT turn=139 cell=12,10 result=MISS remaining_cells=2 active_clusters=0
turn=139 result=MISS
turn=140 picked cell=16,12 target_cluster=None active_clusters=0 remaining_cells=2 scans=2
RESULT turn=140 cell=16,12 result=MISS remaining_cells=2 active_clusters=0
turn=140 result=MISS
turn=141 picked cell=11,16 target_cluster=None active_clusters=0 remaining_cells=2 scans=2
RESULT turn=141 cell=11,16 result=MISS remaining_cells=2 active_clusters=0
turn=141 result=MISS
turn=142 picked cell=15,14 target_cluster=None active_clusters=0 remaining_cells=2 scans=2
RESULT turn=142 cell=15,14 result=MISS remaining_cells=2 active_clusters=0
turn=142 result=MISS
turn=143 picked cell=19,12 target_cluster=None active_clusters=0 remaining_cells=2 scans=2
RESULT turn=143 cell=19,12 result=MISS remaining_cells=2 active_clusters=0
turn=143 result=MISS
turn=144 picked cell=19,15 target_cluster=None active_clusters=0 remaining_cells=2 scans=2
RESULT turn=144 cell=19,15 result=MISS remaining_cells=2 active_clusters=0
turn=144 result=MISS
turn=145 picked cell=11,11 target_cluster=None active_clusters=0 remaining_cells=2 scans=2
RESULT turn=145 cell=11,11 result=MISS remaining_cells=2 active_clusters=0
turn=145 result=MISS
turn=146 picked cell=12,12 target_cluster=None active_clusters=0 remaining_cells=2 scans=2
RESULT turn=146 cell=12,12 result=MISS remaining_cells=2 active_clusters=0
turn=146 result=MISS
turn=147 picked cell=12,15 target_cluster=None active_clusters=0 remaining_cells=2 scans=2
RESULT turn=147 cell=12,15 result=MISS remaining_cells=2 active_clusters=0
turn=147 result=MISS
turn=148 picked cell=17,18 target_cluster=None active_clusters=0 remaining_cells=2 scans=2
RESULT turn=148 cell=17,18 result=MISS remaining_cells=2 active_clusters=0
turn=148 result=MISS
turn=149 picked cell=8,10 target_cluster=None active_clusters=0 remaining_cells=2 scans=2
RESULT turn=149 cell=8,10 result=MISS remaining_cells=2 active_clusters=0
turn=149 result=MISS
turn=150 picked cell=9,10 target_cluster=None active_clusters=0 remaining_cells=2 scans=2
RESULT turn=150 cell=9,10 result=MISS remaining_cells=2 active_clusters=0
turn=150 result=MISS
turn=151 picked cell=11,9 target_cluster=None active_clusters=0 remaining_cells=2 scans=2
RESULT turn=151 cell=11,9 result=MISS remaining_cells=2 active_clusters=0
turn=151 result=MISS
turn=152 picked cell=10,12 target_cluster=None active_clusters=0 remaining_cells=2 scans=2
RESULT turn=152 cell=10,12 result=MISS remaining_cells=2 active_clusters=0
turn=152 result=MISS
turn=153 picked cell=9,9 target_cluster=None active_clusters=0 remaining_cells=2 scans=2
RESULT turn=153 cell=9,9 result=MISS remaining_cells=2 active_clusters=0
turn=153 result=MISS
turn=154 picked cell=9,11 target_cluster=None active_clusters=0 remaining_cells=2 scans=2
RESULT turn=154 cell=9,11 result=MISS remaining_cells=2 active_clusters=0
turn=154 result=MISS
turn=155 picked cell=10,10 target_cluster=None active_clusters=0 remaining_cells=2 scans=2
RESULT turn=155 cell=10,10 result=MISS remaining_cells=2 active_clusters=0
turn=155 result=MISS
turn=156 picked cell=11,10 target_cluster=None active_clusters=0 remaining_cells=2 scans=2
RESULT turn=156 cell=11,10 result=MISS remaining_cells=2 active_clusters=0
turn=156 result=MISS
turn=157 picked cell=7,9 target_cluster=None active_clusters=0 remaining_cells=2 scans=2
RESULT turn=157 cell=7,9 result=MISS remaining_cells=2 active_clusters=0
turn=157 result=MISS
turn=158 picked cell=9,12 target_cluster=None active_clusters=0 remaining_cells=2 scans=2
RESULT turn=158 cell=9,12 result=MISS remaining_cells=2 active_clusters=0
turn=158 result=MISS
turn=159 picked cell=8,9 target_cluster=None active_clusters=0 remaining_cells=2 scans=2
RESULT turn=159 cell=8,9 result=MISS remaining_cells=2 active_clusters=0
turn=159 result=MISS
turn=160 picked cell=12,9 target_cluster=None active_clusters=0 remaining_cells=2 scans=2
RESULT turn=160 cell=12,9 result=MISS remaining_cells=2 active_clusters=0
turn=160 result=MISS
turn=161 picked cell=7,10 target_cluster=None active_clusters=0 remaining_cells=2 scans=2
RESULT turn=161 cell=7,10 result=MISS remaining_cells=2 active_clusters=0
turn=161 result=MISS
turn=162 picked cell=10,6 target_cluster=None active_clusters=0 remaining_cells=2 scans=2
RESULT turn=162 cell=10,6 result=MISS remaining_cells=2 active_clusters=0
turn=162 result=MISS
turn=163 picked cell=10,8 target_cluster=None active_clusters=0 remaining_cells=2 scans=2
RESULT turn=163 cell=10,8 result=MISS remaining_cells=2 active_clusters=0
turn=163 result=MISS
turn=164 picked cell=8,7 target_cluster=None active_clusters=0 remaining_cells=2 scans=2
RESULT turn=164 cell=8,7 result=MISS remaining_cells=2 active_clusters=0
turn=164 result=MISS
turn=165 picked cell=9,6 target_cluster=None active_clusters=0 remaining_cells=2 scans=2
RESULT turn=165 cell=9,6 result=MISS remaining_cells=2 active_clusters=0
turn=165 result=MISS
turn=166 picked cell=12,8 target_cluster=None active_clusters=0 remaining_cells=2 scans=2
RESULT turn=166 cell=12,8 result=MISS remaining_cells=2 active_clusters=0
turn=166 result=MISS
turn=167 picked cell=7,12 target_cluster=None active_clusters=0 remaining_cells=2 scans=2
RESULT turn=167 cell=7,12 result=MISS remaining_cells=2 active_clusters=0
turn=167 result=MISS
turn=168 picked cell=6,9 target_cluster=None active_clusters=0 remaining_cells=2 scans=2
RESULT turn=168 cell=6,9 result=MISS remaining_cells=2 active_clusters=0
turn=168 result=MISS
turn=169 picked cell=10,13 target_cluster=None active_clusters=0 remaining_cells=2 scans=2
RESULT turn=169 cell=10,13 result=MISS remaining_cells=2 active_clusters=0
turn=169 result=MISS
turn=170 picked cell=9,13 target_cluster=None active_clusters=0 remaining_cells=2 scans=2
RESULT turn=170 cell=9,13 result=MISS remaining_cells=2 active_clusters=0
turn=170 result=MISS
turn=171 picked cell=13,9 target_cluster=None active_clusters=0 remaining_cells=2 scans=2
RESULT turn=171 cell=13,9 result=MISS remaining_cells=2 active_clusters=0
turn=171 result=MISS
turn=172 picked cell=8,12 target_cluster=None active_clusters=0 remaining_cells=2 scans=2
RESULT turn=172 cell=8,12 result=MISS remaining_cells=2 active_clusters=0
turn=172 result=MISS
turn=173 picked cell=12,11 target_cluster=None active_clusters=0 remaining_cells=2 scans=2
RESULT turn=173 cell=12,11 result=MISS remaining_cells=2 active_clusters=0
turn=173 result=MISS
turn=174 picked cell=5,9 target_cluster=None active_clusters=0 remaining_cells=2 scans=2
RESULT turn=174 cell=5,9 result=MISS remaining_cells=2 active_clusters=0
turn=174 result=MISS
turn=175 picked cell=13,11 target_cluster=None active_clusters=0 remaining_cells=2 scans=2
RESULT turn=175 cell=13,11 result=MISS remaining_cells=2 active_clusters=0
turn=175 result=MISS
turn=176 picked cell=10,5 target_cluster=None active_clusters=0 remaining_cells=2 scans=2
RESULT turn=176 cell=10,5 result=MISS remaining_cells=2 active_clusters=0
turn=176 result=MISS
turn=177 picked cell=11,6 target_cluster=None active_clusters=0 remaining_cells=2 scans=2
RESULT turn=177 cell=11,6 result=MISS remaining_cells=2 active_clusters=0
turn=177 result=MISS
turn=178 picked cell=7,7 target_cluster=None active_clusters=0 remaining_cells=2 scans=2
RESULT turn=178 cell=7,7 result=MISS remaining_cells=2 active_clusters=0
turn=178 result=MISS
turn=179 picked cell=12,6 target_cluster=None active_clusters=0 remaining_cells=2 scans=2
RESULT turn=179 cell=12,6 result=MISS remaining_cells=2 active_clusters=0
turn=179 result=MISS
turn=180 picked cell=13,8 target_cluster=None active_clusters=0 remaining_cells=2 scans=2
RESULT turn=180 cell=13,8 result=MISS remaining_cells=2 active_clusters=0
turn=180 result=MISS
turn=181 picked cell=11,13 target_cluster=None active_clusters=0 remaining_cells=2 scans=2
RESULT turn=181 cell=11,13 result=MISS remaining_cells=2 active_clusters=0
turn=181 result=MISS
turn=182 picked cell=15,10 target_cluster=None active_clusters=0 remaining_cells=2 scans=2
RESULT turn=182 cell=15,10 result=MISS remaining_cells=2 active_clusters=0
turn=182 result=MISS
turn=183 picked cell=9,5 target_cluster=None active_clusters=0 remaining_cells=2 scans=2
RESULT turn=183 cell=9,5 result=MISS remaining_cells=2 active_clusters=0
turn=183 result=MISS
turn=184 picked cell=6,7 target_cluster=None active_clusters=0 remaining_cells=2 scans=2
RESULT turn=184 cell=6,7 result=MISS remaining_cells=2 active_clusters=0
turn=184 result=MISS
turn=185 picked cell=9,15 target_cluster=None active_clusters=0 remaining_cells=2 scans=2
RESULT turn=185 cell=9,15 result=MISS remaining_cells=2 active_clusters=0
turn=185 result=MISS
turn=186 picked cell=8,13 target_cluster=None active_clusters=0 remaining_cells=2 scans=2
RESULT turn=186 cell=8,13 result=MISS remaining_cells=2 active_clusters=0
turn=186 result=MISS
turn=187 picked cell=7,13 target_cluster=None active_clusters=0 remaining_cells=2 scans=2
RESULT turn=187 cell=7,13 result=MISS remaining_cells=2 active_clusters=0
turn=187 result=MISS
turn=188 picked cell=14,8 target_cluster=None active_clusters=0 remaining_cells=2 scans=2
RESULT turn=188 cell=14,8 result=MISS remaining_cells=2 active_clusters=0
turn=188 result=MISS
turn=189 picked cell=16,10 target_cluster=None active_clusters=0 remaining_cells=2 scans=2
RESULT turn=189 cell=16,10 result=MISS remaining_cells=2 active_clusters=0
turn=189 result=MISS
turn=190 picked cell=8,5 target_cluster=None active_clusters=0 remaining_cells=2 scans=2
RESULT turn=190 cell=8,5 result=MISS remaining_cells=2 active_clusters=0
turn=190 result=MISS
turn=191 picked cell=4,10 target_cluster=None active_clusters=0 remaining_cells=2 scans=2
RESULT turn=191 cell=4,10 result=MISS remaining_cells=2 active_clusters=0
turn=191 result=MISS
turn=192 picked cell=13,12 target_cluster=None active_clusters=0 remaining_cells=2 scans=2
RESULT turn=192 cell=13,12 result=MISS remaining_cells=2 active_clusters=0
turn=192 result=MISS
turn=193 picked cell=15,9 target_cluster=None active_clusters=0 remaining_cells=2 scans=2
RESULT turn=193 cell=15,9 result=MISS remaining_cells=2 active_clusters=0
turn=193 result=MISS
turn=194 picked cell=10,15 target_cluster=None active_clusters=0 remaining_cells=2 scans=2
RESULT turn=194 cell=10,15 result=MISS remaining_cells=2 active_clusters=0
turn=194 result=MISS
turn=195 picked cell=9,16 target_cluster=None active_clusters=0 remaining_cells=2 scans=2
RESULT turn=195 cell=9,16 result=MISS remaining_cells=2 active_clusters=0
turn=195 result=MISS
turn=196 picked cell=11,15 target_cluster=None active_clusters=0 remaining_cells=2 scans=2
RESULT turn=196 cell=11,15 result=MISS remaining_cells=2 active_clusters=0
turn=196 result=MISS
turn=197 picked cell=7,6 target_cluster=None active_clusters=0 remaining_cells=2 scans=2
RESULT turn=197 cell=7,6 result=MISS remaining_cells=2 active_clusters=0
turn=197 result=MISS
turn=198 picked cell=14,12 target_cluster=None active_clusters=0 remaining_cells=2 scans=2
RESULT turn=198 cell=14,12 result=MISS remaining_cells=2 active_clusters=0
turn=198 result=MISS
turn=199 picked cell=15,8 target_cluster=None active_clusters=0 remaining_cells=2 scans=2
RESULT turn=199 cell=15,8 result=MISS remaining_cells=2 active_clusters=0
turn=199 result=MISS
turn=200 picked cell=8,15 target_cluster=None active_clusters=0 remaining_cells=2 scans=2
RESULT turn=200 cell=8,15 result=MISS remaining_cells=2 active_clusters=0
turn=200 result=MISS
turn=201 picked cell=5,12 target_cluster=None active_clusters=0 remaining_cells=2 scans=2
RESULT turn=201 cell=5,12 result=MISS remaining_cells=2 active_clusters=0
turn=201 result=MISS
turn=202 picked cell=6,6 target_cluster=None active_clusters=0 remaining_cells=2 scans=2
RESULT turn=202 cell=6,6 result=MISS remaining_cells=2 active_clusters=0
turn=202 result=MISS
turn=203 picked cell=7,4 target_cluster=None active_clusters=0 remaining_cells=2 scans=2
RESULT turn=203 cell=7,4 result=MISS remaining_cells=2 active_clusters=0
turn=203 result=MISS
turn=204 picked cell=6,12 target_cluster=None active_clusters=0 remaining_cells=2 scans=2
RESULT turn=204 cell=6,12 result=MISS remaining_cells=2 active_clusters=0
turn=204 result=MISS
turn=205 picked cell=9,3 target_cluster=None active_clusters=0 remaining_cells=2 scans=2
RESULT turn=205 cell=9,3 result=MISS remaining_cells=2 active_clusters=0
turn=205 result=MISS
turn=206 picked cell=3,9 target_cluster=None active_clusters=0 remaining_cells=2 scans=2
RESULT turn=206 cell=3,9 result=MISS remaining_cells=2 active_clusters=0
turn=206 result=MISS
turn=207 picked cell=4,11 target_cluster=None active_clusters=0 remaining_cells=2 scans=2
RESULT turn=207 cell=4,11 result=MISS remaining_cells=2 active_clusters=0
turn=207 result=MISS
turn=208 picked cell=6,13 target_cluster=None active_clusters=0 remaining_cells=2 scans=2
RESULT turn=208 cell=6,13 result=MISS remaining_cells=2 active_clusters=0
turn=208 result=MISS
turn=209 picked cell=10,16 target_cluster=None active_clusters=0 remaining_cells=2 scans=2
RESULT turn=209 cell=10,16 result=MISS remaining_cells=2 active_clusters=0
turn=209 result=MISS
turn=210 picked cell=16,9 target_cluster=None active_clusters=0 remaining_cells=2 scans=2
RESULT turn=210 cell=16,9 result=MISS remaining_cells=2 active_clusters=0
turn=210 result=MISS
turn=211 picked cell=4,12 target_cluster=None active_clusters=0 remaining_cells=2 scans=2
RESULT turn=211 cell=4,12 result=MISS remaining_cells=2 active_clusters=0
turn=211 result=MISS
turn=212 picked cell=5,7 target_cluster=None active_clusters=0 remaining_cells=2 scans=2
RESULT turn=212 cell=5,7 result=MISS remaining_cells=2 active_clusters=0
turn=212 result=MISS
turn=213 picked cell=8,4 target_cluster=None active_clusters=0 remaining_cells=2 scans=2
RESULT turn=213 cell=8,4 result=MISS remaining_cells=2 active_clusters=0
turn=213 result=MISS
turn=214 picked cell=3,10 target_cluster=None active_clusters=0 remaining_cells=2 scans=2
RESULT turn=214 cell=3,10 result=MISS remaining_cells=2 active_clusters=0
turn=214 result=MISS
turn=215 picked cell=6,14 target_cluster=None active_clusters=0 remaining_cells=2 scans=2
RESULT turn=215 cell=6,14 result=MISS remaining_cells=2 active_clusters=0
turn=215 result=MISS
turn=216 picked cell=16,8 target_cluster=None active_clusters=0 remaining_cells=2 scans=2
RESULT turn=216 cell=16,8 result=MISS remaining_cells=2 active_clusters=0
turn=216 result=MISS
turn=217 picked cell=14,6 target_cluster=None active_clusters=0 remaining_cells=2 scans=2
RESULT turn=217 cell=14,6 result=MISS remaining_cells=2 active_clusters=0
turn=217 result=MISS
turn=218 picked cell=2,10 target_cluster=None active_clusters=0 remaining_cells=2 scans=2
RESULT turn=218 cell=2,10 result=MISS remaining_cells=2 active_clusters=0
turn=218 result=MISS
turn=219 picked cell=8,3 target_cluster=None active_clusters=0 remaining_cells=2 scans=2
RESULT turn=219 cell=8,3 result=MISS remaining_cells=2 active_clusters=0
turn=219 result=MISS
turn=220 picked cell=3,11 target_cluster=None active_clusters=0 remaining_cells=2 scans=2
RESULT turn=220 cell=3,11 result=MISS remaining_cells=2 active_clusters=0
turn=220 result=MISS
turn=221 picked cell=2,9 target_cluster=None active_clusters=0 remaining_cells=2 scans=2
RESULT turn=221 cell=2,9 result=MISS remaining_cells=2 active_clusters=0
turn=221 result=MISS
turn=222 picked cell=6,5 target_cluster=None active_clusters=0 remaining_cells=2 scans=2
RESULT turn=222 cell=6,5 result=MISS remaining_cells=2 active_clusters=0
turn=222 result=MISS
turn=223 picked cell=11,3 target_cluster=None active_clusters=0 remaining_cells=2 scans=2
RESULT turn=223 cell=11,3 result=MISS remaining_cells=2 active_clusters=0
turn=223 result=MISS
turn=224 picked cell=2,11 target_cluster=None active_clusters=0 remaining_cells=2 scans=2
RESULT turn=224 cell=2,11 result=MISS remaining_cells=2 active_clusters=0
turn=224 result=MISS
turn=225 picked cell=17,9 target_cluster=None active_clusters=0 remaining_cells=2 scans=2
RESULT turn=225 cell=17,9 result=MISS remaining_cells=2 active_clusters=0
turn=225 result=MISS
turn=226 picked cell=16,11 target_cluster=None active_clusters=0 remaining_cells=2 scans=2
RESULT turn=226 cell=16,11 result=MISS remaining_cells=2 active_clusters=0
turn=226 result=MISS
turn=227 picked cell=7,16 target_cluster=None active_clusters=0 remaining_cells=2 scans=2
RESULT turn=227 cell=7,16 result=MISS remaining_cells=2 active_clusters=0
turn=227 result=MISS
turn=228 picked cell=17,11 target_cluster=None active_clusters=0 remaining_cells=2 scans=2
RESULT turn=228 cell=17,11 result=MISS remaining_cells=2 active_clusters=0
turn=228 result=MISS
turn=229 picked cell=8,16 target_cluster=None active_clusters=0 remaining_cells=2 scans=2
RESULT turn=229 cell=8,16 result=MISS remaining_cells=2 active_clusters=0
turn=229 result=MISS
turn=230 picked cell=5,6 target_cluster=None active_clusters=0 remaining_cells=2 scans=2
RESULT turn=230 cell=5,6 result=MISS remaining_cells=2 active_clusters=0
turn=230 result=MISS
turn=231 picked cell=4,7 target_cluster=None active_clusters=0 remaining_cells=2 scans=2
RESULT turn=231 cell=4,7 result=MISS remaining_cells=2 active_clusters=0
turn=231 result=MISS
turn=232 picked cell=7,15 target_cluster=None active_clusters=0 remaining_cells=2 scans=2
RESULT turn=232 cell=7,15 result=MISS remaining_cells=2 active_clusters=0
turn=232 result=MISS
turn=233 picked cell=18,9 target_cluster=None active_clusters=0 remaining_cells=2 scans=2
RESULT turn=233 cell=18,9 result=MISS remaining_cells=2 active_clusters=0
turn=233 result=MISS
turn=234 picked cell=5,13 target_cluster=None active_clusters=0 remaining_cells=2 scans=2
RESULT turn=234 cell=5,13 result=MISS remaining_cells=2 active_clusters=0
turn=234 result=MISS
turn=235 picked cell=7,3 target_cluster=None active_clusters=0 remaining_cells=2 scans=2
RESULT turn=235 cell=7,3 result=MISS remaining_cells=2 active_clusters=0
turn=235 result=MISS
turn=236 picked cell=10,18 target_cluster=None active_clusters=0 remaining_cells=2 scans=2
RESULT turn=236 cell=10,18 result=MISS remaining_cells=2 active_clusters=0
turn=236 result=MISS
turn=237 picked cell=4,6 target_cluster=None active_clusters=0 remaining_cells=2 scans=2
RESULT turn=237 cell=4,6 result=MISS remaining_cells=2 active_clusters=0
turn=237 result=MISS
turn=238 picked cell=6,4 target_cluster=None active_clusters=0 remaining_cells=2 scans=2
RESULT turn=238 cell=6,4 result=MISS remaining_cells=2 active_clusters=0
turn=238 result=MISS
turn=239 picked cell=12,3 target_cluster=None active_clusters=0 remaining_cells=2 scans=2
RESULT turn=239 cell=12,3 result=MISS remaining_cells=2 active_clusters=0
turn=239 result=MISS
turn=240 picked cell=5,5 target_cluster=None active_clusters=0 remaining_cells=2 scans=2
RESULT turn=240 cell=5,5 result=MISS remaining_cells=2 active_clusters=0
turn=240 result=MISS
turn=241 picked cell=1,10 target_cluster=None active_clusters=0 remaining_cells=2 scans=2
RESULT turn=241 cell=1,10 result=MISS remaining_cells=2 active_clusters=0
turn=241 result=MISS
turn=242 picked cell=9,18 target_cluster=None active_clusters=0 remaining_cells=2 scans=2
RESULT turn=242 cell=9,18 result=MISS remaining_cells=2 active_clusters=0
turn=242 result=MISS
turn=243 picked cell=6,15 target_cluster=None active_clusters=0 remaining_cells=2 scans=2
RESULT turn=243 cell=6,15 result=MISS remaining_cells=2 active_clusters=0
turn=243 result=MISS
turn=244 picked cell=1,9 target_cluster=None active_clusters=0 remaining_cells=2 scans=2
RESULT turn=244 cell=1,9 result=MISS remaining_cells=2 active_clusters=0
turn=244 result=MISS
turn=245 picked cell=15,6 target_cluster=None active_clusters=0 remaining_cells=2 scans=2
RESULT turn=245 cell=15,6 result=MISS remaining_cells=2 active_clusters=0
turn=245 result=MISS
turn=246 picked cell=4,13 target_cluster=None active_clusters=0 remaining_cells=2 scans=2
RESULT turn=246 cell=4,13 result=MISS remaining_cells=2 active_clusters=0
turn=246 result=MISS
turn=247 picked cell=17,8 target_cluster=None active_clusters=0 remaining_cells=2 scans=2
RESULT turn=247 cell=17,8 result=MISS remaining_cells=2 active_clusters=0
turn=247 result=MISS
turn=248 picked cell=3,12 target_cluster=None active_clusters=0 remaining_cells=2 scans=2
RESULT turn=248 cell=3,12 result=MISS remaining_cells=2 active_clusters=0
turn=248 result=MISS
turn=249 picked cell=3,7 target_cluster=None active_clusters=0 remaining_cells=2 scans=2
RESULT turn=249 cell=3,7 result=MISS remaining_cells=2 active_clusters=0
turn=249 result=MISS
turn=250 picked cell=18,10 target_cluster=None active_clusters=0 remaining_cells=2 scans=2
RESULT turn=250 cell=18,10 result=MISS remaining_cells=2 active_clusters=0
turn=250 result=MISS
turn=251 picked cell=12,16 target_cluster=None active_clusters=0 remaining_cells=2 scans=2
RESULT turn=251 cell=12,16 result=MISS remaining_cells=2 active_clusters=0
turn=251 result=MISS
turn=252 picked cell=5,4 target_cluster=None active_clusters=0 remaining_cells=2 scans=2
RESULT turn=252 cell=5,4 result=MISS remaining_cells=2 active_clusters=0
turn=252 result=MISS
turn=253 picked cell=5,14 target_cluster=None active_clusters=0 remaining_cells=2 scans=2
RESULT turn=253 cell=5,14 result=MISS remaining_cells=2 active_clusters=0
turn=253 result=MISS
turn=254 picked cell=19,10 target_cluster=None active_clusters=0 remaining_cells=2 scans=2
RESULT turn=254 cell=19,10 result=MISS remaining_cells=2 active_clusters=0
turn=254 result=MISS
turn=255 picked cell=18,8 target_cluster=None active_clusters=0 remaining_cells=2 scans=2
RESULT turn=255 cell=18,8 result=MISS remaining_cells=2 active_clusters=0
turn=255 result=MISS
turn=256 picked cell=2,12 target_cluster=None active_clusters=0 remaining_cells=2 scans=2
RESULT turn=256 cell=2,12 result=MISS remaining_cells=2 active_clusters=0
turn=256 result=MISS
turn=257 picked cell=0,9 target_cluster=None active_clusters=0 remaining_cells=2 scans=2
RESULT turn=257 cell=0,9 result=MISS remaining_cells=2 active_clusters=0
turn=257 result=MISS
turn=258 picked cell=5,15 target_cluster=None active_clusters=0 remaining_cells=2 scans=2
RESULT turn=258 cell=5,15 result=MISS remaining_cells=2 active_clusters=0
turn=258 result=MISS
turn=259 picked cell=13,3 target_cluster=None active_clusters=0 remaining_cells=2 scans=2
RESULT turn=259 cell=13,3 result=MISS remaining_cells=2 active_clusters=0
turn=259 result=MISS
turn=260 picked cell=4,5 target_cluster=None active_clusters=0 remaining_cells=2 scans=2
RESULT turn=260 cell=4,5 result=MISS remaining_cells=2 active_clusters=0
turn=260 result=MISS
turn=261 picked cell=6,16 target_cluster=None active_clusters=0 remaining_cells=2 scans=2
RESULT turn=261 cell=6,16 result=MISS remaining_cells=2 active_clusters=0
turn=261 result=MISS
turn=262 picked cell=9,0 target_cluster=None active_clusters=0 remaining_cells=2 scans=2
RESULT turn=262 cell=9,0 result=MISS remaining_cells=2 active_clusters=0
turn=262 result=MISS
turn=263 picked cell=11,18 target_cluster=None active_clusters=0 remaining_cells=2 scans=2
RESULT turn=263 cell=11,18 result=MISS remaining_cells=2 active_clusters=0
turn=263 result=MISS
turn=264 picked cell=14,15 target_cluster=None active_clusters=0 remaining_cells=2 scans=2
RESULT turn=264 cell=14,15 result=MISS remaining_cells=2 active_clusters=0
turn=264 result=MISS
turn=265 picked cell=17,12 target_cluster=None active_clusters=0 remaining_cells=2 scans=2
RESULT turn=265 cell=17,12 result=MISS remaining_cells=2 active_clusters=0
turn=265 result=MISS
turn=266 picked cell=3,13 target_cluster=None active_clusters=0 remaining_cells=2 scans=2
RESULT turn=266 cell=3,13 result=MISS remaining_cells=2 active_clusters=0
turn=266 result=MISS
turn=267 picked cell=8,1 target_cluster=None active_clusters=0 remaining_cells=2 scans=2
RESULT turn=267 cell=8,1 result=MISS remaining_cells=2 active_clusters=0
turn=267 result=MISS
turn=268 picked cell=1,11 target_cluster=None active_clusters=0 remaining_cells=2 scans=2
RESULT turn=268 cell=1,11 result=MISS remaining_cells=2 active_clusters=0
turn=268 result=MISS
turn=269 picked cell=0,10 target_cluster=None active_clusters=0 remaining_cells=2 scans=2
RESULT turn=269 cell=0,10 result=MISS remaining_cells=2 active_clusters=0
turn=269 result=MISS
turn=270 picked cell=2,7 target_cluster=None active_clusters=0 remaining_cells=2 scans=2
RESULT turn=270 cell=2,7 result=MISS remaining_cells=2 active_clusters=0
turn=270 result=MISS
turn=271 picked cell=16,6 target_cluster=None active_clusters=0 remaining_cells=2 scans=2
RESULT turn=271 cell=16,6 result=MISS remaining_cells=2 active_clusters=0
turn=271 result=MISS
turn=272 picked cell=8,18 target_cluster=None active_clusters=0 remaining_cells=2 scans=2
RESULT turn=272 cell=8,18 result=MISS remaining_cells=2 active_clusters=0
turn=272 result=MISS
turn=273 picked cell=19,9 target_cluster=None active_clusters=0 remaining_cells=2 scans=2
RESULT turn=273 cell=19,9 result=MISS remaining_cells=2 active_clusters=0
turn=273 result=MISS
turn=274 picked cell=4,14 target_cluster=None active_clusters=0 remaining_cells=2 scans=2
RESULT turn=274 cell=4,14 result=MISS remaining_cells=2 active_clusters=0
turn=274 result=MISS
turn=275 picked cell=3,6 target_cluster=None active_clusters=0 remaining_cells=2 scans=2
RESULT turn=275 cell=3,6 result=MISS remaining_cells=2 active_clusters=0
turn=275 result=MISS
turn=276 picked cell=16,14 target_cluster=None active_clusters=0 remaining_cells=2 scans=2
RESULT turn=276 cell=16,14 result=MISS remaining_cells=2 active_clusters=0
turn=276 result=MISS
turn=277 picked cell=7,18 target_cluster=None active_clusters=0 remaining_cells=2 scans=2
RESULT turn=277 cell=7,18 result=MISS remaining_cells=2 active_clusters=0
turn=277 result=MISS
turn=278 picked cell=19,8 target_cluster=None active_clusters=0 remaining_cells=2 scans=2
RESULT turn=278 cell=19,8 result=MISS remaining_cells=2 active_clusters=0
turn=278 result=MISS
turn=279 picked cell=1,12 target_cluster=None active_clusters=0 remaining_cells=2 scans=2
RESULT turn=279 cell=1,12 result=MISS remaining_cells=2 active_clusters=0
turn=279 result=MISS
turn=280 picked cell=17,6 target_cluster=None active_clusters=0 remaining_cells=2 scans=2
RESULT turn=280 cell=17,6 result=MISS remaining_cells=2 active_clusters=0
turn=280 result=MISS
turn=281 picked cell=5,16 target_cluster=None active_clusters=0 remaining_cells=2 scans=2
RESULT turn=281 cell=5,16 result=MISS remaining_cells=2 active_clusters=0
turn=281 result=MISS
turn=282 picked cell=3,14 target_cluster=None active_clusters=0 remaining_cells=2 scans=2
RESULT turn=282 cell=3,14 result=MISS remaining_cells=2 active_clusters=0
turn=282 result=MISS
turn=283 picked cell=6,2 target_cluster=None active_clusters=0 remaining_cells=2 scans=2
RESULT turn=283 cell=6,2 result=MISS remaining_cells=2 active_clusters=0
turn=283 result=MISS
turn=284 picked cell=13,16 target_cluster=None active_clusters=0 remaining_cells=2 scans=2
RESULT turn=284 cell=13,16 result=MISS remaining_cells=2 active_clusters=0
turn=284 result=MISS
turn=285 picked cell=18,12 target_cluster=None active_clusters=0 remaining_cells=2 scans=2
RESULT turn=285 cell=18,12 result=MISS remaining_cells=2 active_clusters=0
turn=285 result=MISS
turn=286 picked cell=19,11 target_cluster=None active_clusters=0 remaining_cells=2 scans=2
RESULT turn=286 cell=19,11 result=MISS remaining_cells=2 active_clusters=0
turn=286 result=MISS
turn=287 picked cell=2,6 target_cluster=None active_clusters=0 remaining_cells=2 scans=2
RESULT turn=287 cell=2,6 result=MISS remaining_cells=2 active_clusters=0
turn=287 result=MISS
turn=288 picked cell=7,1 target_cluster=None active_clusters=0 remaining_cells=2 scans=2
RESULT turn=288 cell=7,1 result=MISS remaining_cells=2 active_clusters=0
turn=288 result=MISS
turn=289 picked cell=0,11 target_cluster=None active_clusters=0 remaining_cells=2 scans=2
RESULT turn=289 cell=0,11 result=MISS remaining_cells=2 active_clusters=0
turn=289 result=MISS
turn=290 picked cell=14,3 target_cluster=None active_clusters=0 remaining_cells=2 scans=2
RESULT turn=290 cell=14,3 result=MISS remaining_cells=2 active_clusters=0
turn=290 result=MISS
turn=291 picked cell=5,3 target_cluster=None active_clusters=0 remaining_cells=2 scans=2
RESULT turn=291 cell=5,3 result=MISS remaining_cells=2 active_clusters=0
turn=291 result=MISS
turn=292 picked cell=2,13 target_cluster=None active_clusters=0 remaining_cells=2 scans=2
RESULT turn=292 cell=2,13 result=MISS remaining_cells=2 active_clusters=0
turn=292 result=MISS
turn=293 picked cell=8,0 target_cluster=None active_clusters=0 remaining_cells=2 scans=2
RESULT turn=293 cell=8,0 result=MISS remaining_cells=2 active_clusters=0
turn=293 result=MISS
turn=294 picked cell=11,0 target_cluster=None active_clusters=0 remaining_cells=2 scans=2
RESULT turn=294 cell=11,0 result=MISS remaining_cells=2 active_clusters=0
turn=294 result=MISS
turn=295 picked cell=4,15 target_cluster=None active_clusters=0 remaining_cells=2 scans=2
RESULT turn=295 cell=4,15 result=MISS remaining_cells=2 active_clusters=0
turn=295 result=MISS
turn=296 picked cell=15,15 target_cluster=None active_clusters=0 remaining_cells=2 scans=2
RESULT turn=296 cell=15,15 result=MISS remaining_cells=2 active_clusters=0
turn=296 result=MISS
turn=297 picked cell=18,6 target_cluster=None active_clusters=0 remaining_cells=2 scans=2
RESULT turn=297 cell=18,6 result=MISS remaining_cells=2 active_clusters=0
turn=297 result=MISS
turn=298 picked cell=6,18 target_cluster=None active_clusters=0 remaining_cells=2 scans=2
RESULT turn=298 cell=6,18 result=MISS remaining_cells=2 active_clusters=0
turn=298 result=MISS
turn=299 picked cell=15,16 target_cluster=None active_clusters=0 remaining_cells=2 scans=2
RESULT turn=299 cell=15,16 result=MISS remaining_cells=2 active_clusters=0
turn=299 result=MISS
turn=300 picked cell=2,14 target_cluster=None active_clusters=0 remaining_cells=2 scans=2
RESULT turn=300 cell=2,14 result=MISS remaining_cells=2 active_clusters=0
turn=300 result=MISS
turn=301 picked cell=12,0 target_cluster=None active_clusters=0 remaining_cells=2 scans=2
RESULT turn=301 cell=12,0 result=MISS remaining_cells=2 active_clusters=0
turn=301 result=MISS
turn=302 picked cell=16,4 target_cluster=None active_clusters=0 remaining_cells=2 scans=2
RESULT turn=302 cell=16,4 result=MISS remaining_cells=2 active_clusters=0
turn=302 result=MISS
turn=303 picked cell=1,7 target_cluster=None active_clusters=0 remaining_cells=2 scans=2
RESULT turn=303 cell=1,7 result=MISS remaining_cells=2 active_clusters=0
turn=303 result=MISS
turn=304 picked cell=4,3 target_cluster=None active_clusters=0 remaining_cells=2 scans=2
RESULT turn=304 cell=4,3 result=MISS remaining_cells=2 active_clusters=0
turn=304 result=MISS
turn=305 picked cell=5,2 target_cluster=None active_clusters=0 remaining_cells=2 scans=2
RESULT turn=305 cell=5,2 result=MISS remaining_cells=2 active_clusters=0
turn=305 result=MISS
turn=306 picked cell=3,15 target_cluster=None active_clusters=0 remaining_cells=2 scans=2
RESULT turn=306 cell=3,15 result=MISS remaining_cells=2 active_clusters=0
turn=306 result=MISS
turn=307 picked cell=14,17 target_cluster=None active_clusters=0 remaining_cells=2 scans=2
RESULT turn=307 cell=14,17 result=MISS remaining_cells=2 active_clusters=0
turn=307 result=MISS
turn=308 picked cell=6,1 target_cluster=None active_clusters=0 remaining_cells=2 scans=2
RESULT turn=308 cell=6,1 result=MISS remaining_cells=2 active_clusters=0
turn=308 result=MISS
turn=309 picked cell=0,7 target_cluster=None active_clusters=0 remaining_cells=2 scans=2
RESULT turn=309 cell=0,7 result=MISS remaining_cells=2 active_clusters=0
turn=309 result=MISS
turn=310 picked cell=19,6 target_cluster=None active_clusters=0 remaining_cells=2 scans=2
RESULT turn=310 cell=19,6 result=MISS remaining_cells=2 active_clusters=0
turn=310 result=MISS
turn=311 picked cell=15,3 target_cluster=None active_clusters=0 remaining_cells=2 scans=2
RESULT turn=311 cell=15,3 result=MISS remaining_cells=2 active_clusters=0
turn=311 result=MISS
turn=312 picked cell=17,15 target_cluster=None active_clusters=0 remaining_cells=2 scans=2
RESULT turn=312 cell=17,15 result=MISS remaining_cells=2 active_clusters=0
turn=312 result=MISS
turn=313 picked cell=0,12 target_cluster=None active_clusters=0 remaining_cells=2 scans=2
RESULT turn=313 cell=0,12 result=MISS remaining_cells=2 active_clusters=0
turn=313 result=MISS
turn=314 picked cell=1,14 target_cluster=None active_clusters=0 remaining_cells=2 scans=2
RESULT turn=314 cell=1,14 result=MISS remaining_cells=2 active_clusters=0
turn=314 result=MISS
turn=315 picked cell=1,13 target_cluster=None active_clusters=0 remaining_cells=2 scans=2
RESULT turn=315 cell=1,13 result=MISS remaining_cells=2 active_clusters=0
turn=315 result=MISS
turn=316 picked cell=17,14 target_cluster=None active_clusters=0 remaining_cells=2 scans=2
RESULT turn=316 cell=17,14 result=MISS remaining_cells=2 active_clusters=0
turn=316 result=MISS
turn=317 picked cell=1,6 target_cluster=None active_clusters=0 remaining_cells=2 scans=2
RESULT turn=317 cell=1,6 result=MISS remaining_cells=2 active_clusters=0
turn=317 result=MISS
turn=318 picked cell=3,4 target_cluster=None active_clusters=0 remaining_cells=2 scans=2
RESULT turn=318 cell=3,4 result=MISS remaining_cells=2 active_clusters=0
turn=318 result=MISS
turn=319 picked cell=7,0 target_cluster=None active_clusters=0 remaining_cells=2 scans=2
RESULT turn=319 cell=7,0 result=MISS remaining_cells=2 active_clusters=0
turn=319 result=MISS
turn=320 picked cell=6,19 target_cluster=None active_clusters=0 remaining_cells=2 scans=2
RESULT turn=320 cell=6,19 result=MISS remaining_cells=2 active_clusters=0
turn=320 result=MISS
turn=321 picked cell=16,16 target_cluster=None active_clusters=0 remaining_cells=2 scans=2
RESULT turn=321 cell=16,16 result=MISS remaining_cells=2 active_clusters=0
turn=321 result=MISS
turn=322 picked cell=14,18 target_cluster=None active_clusters=0 remaining_cells=2 scans=2
RESULT turn=322 cell=14,18 result=HIT remaining_cells=2 active_clusters=0
turn=322 result=HIT
turn=323 mode=CHASE cluster=0 cluster_len=1 cell=15,18 score=100000.000000 chase_score=5000.000000 prob=0.000000
turn=323 picked cell=15,18 target_cluster=Some(0) active_clusters=1 remaining_cells=1 scans=2
RESULT turn=323 cell=15,18 result=KILL remaining_cells=1 active_clusters=1
turn=323 result=KILL
turn=323 kill_infer inferred_len=2 committed_hits=1 cluster_hits=1
