GAME n=19 p=0.420158 remaining_cells=54 remaining=[0, 2, 3, 0, 1, 0, 2, 2, 2, 0]
turn=1 mode=SCAN region=0,0,8,18
turn=1 result=SCAN count=16
turn=2 mode=SCAN region=0,0,18,8
turn=2 result=SCAN count=25
turn=3 picked cell=11,10 target_cluster=None active_clusters=0 remaining_cells=54 scans=2
RESULT turn=3 cell=11,10 result=MISS remaining_cells=54 active_clusters=0
turn=3 result=MISS
turn=4 picked cell=12,11 target_cluster=None active_clusters=0 remaining_cells=54 scans=2
RESULT turn=4 cell=12,11 result=MISS remaining_cells=54 active_clusters=0
turn=4 result=MISS
turn=5 picked cell=10,9 target_cluster=None active_clusters=0 remaining_cells=54 scans=2
RESULT turn=5 cell=10,9 result=MISS remaining_cells=54 active_clusters=0
turn=5 result=MISS
turn=6 picked cell=9,12 target_cluster=None active_clusters=0 remaining_cells=54 scans=2
RESULT turn=6 cell=9,12 result=MISS remaining_cells=54 active_clusters=0
turn=6 result=MISS
turn=7 picked cell=13,8 target_cluster=None active_clusters=0 remaining_cells=54 scans=2
RESULT turn=7 cell=13,8 result=MISS remaining_cells=54 active_clusters=0
turn=7 result=MISS
turn=8 picked cell=14,7 target_cluster=None active_clusters=0 remaining_cells=54 scans=2
RESULT turn=8 cell=14,7 result=HIT remaining_cells=54 active_clusters=0
turn=8 result=HIT
turn=9 mode=CHASE cluster=0 cluster_len=1 cell=14,6 score=100001.286264 chase_score=5069.786264 prob=1.286264
turn=9 picked cell=14,6 target_cluster=Some(0) active_clusters=1 remaining_cells=53 scans=2
RESULT turn=9 cell=14,6 result=MISS remaining_cells=53 active_clusters=1
turn=9 result=MISS
turn=10 mode=CHASE cluster=0 cluster_len=1 cell=13,7 score=100000.801313 chase_score=5057.801313 prob=0.801313
turn=10 picked cell=13,7 target_cluster=Some(0) active_clusters=1 remaining_cells=53 scans=2
RESULT turn=10 cell=13,7 result=HIT remaining_cells=53 active_clusters=1
turn=10 result=HIT
turn=11 mode=CHASE cluster=0 cluster_len=2 cell=12,7 score=200001.220144 chase_score=10207.220144 prob=1.220144
turn=11 picked cell=12,7 target_cluster=Some(0) active_clusters=1 remaining_cells=52 scans=2
RESULT turn=11 cell=12,7 result=HIT remaining_cells=52 active_clusters=1
turn=11 result=HIT
turn=12 mode=CHASE cluster=0 cluster_len=3 cell=11,7 score=300001.150440 chase_score=10177.150440 prob=1.150440
turn=12 picked cell=11,7 target_cluster=Some(0) active_clusters=1 remaining_cells=51 scans=2
RESULT turn=12 cell=11,7 result=HIT remaining_cells=51 active_clusters=1
turn=12 result=HIT
turn=13 mode=CHASE cluster=0 cluster_len=4 cell=15,7 score=400001.261172 chase_score=10131.261172 prob=1.261172
turn=13 picked cell=15,7 target_cluster=Some(0) active_clusters=1 remaining_cells=50 scans=2
RESULT turn=13 cell=15,7 result=HIT remaining_cells=50 active_clusters=1
turn=13 result=HIT
turn=14 mode=CHASE cluster=0 cluster_len=5 cell=16,7 score=500001.150440 chase_score=10089.150440 prob=1.150440
turn=14 picked cell=16,7 target_cluster=Some(0) active_clusters=1 remaining_cells=49 scans=2
RESULT turn=14 cell=16,7 result=HIT remaining_cells=49 active_clusters=1
turn=14 result=HIT
turn=15 mode=CHASE cluster=0 cluster_len=6 cell=10,7 score=600001.039708 chase_score=10047.039708 prob=1.039708
turn=15 picked cell=10,7 target_cluster=Some(0) active_clusters=1 remaining_cells=48 scans=2
RESULT turn=15 cell=10,7 result=HIT remaining_cells=48 active_clusters=1
turn=15 result=HIT
turn=16 mode=CHASE cluster=0 cluster_len=7 cell=9,7 score=700001.363510 chase_score=10017.363510 prob=1.363510
turn=16 picked cell=9,7 target_cluster=Some(0) active_clusters=1 remaining_cells=47 scans=2
RESULT turn=16 cell=9,7 result=MISS remaining_cells=47 active_clusters=1
turn=16 result=MISS
turn=17 mode=CHASE cluster=0 cluster_len=7 cell=17,7 score=700001.067517 chase_score=10017.067517 prob=1.067517
turn=17 picked cell=17,7 target_cluster=Some(0) active_clusters=1 remaining_cells=47 scans=2
RESULT turn=17 cell=17,7 result=KILL remaining_cells=47 active_clusters=1
turn=17 result=KILL
turn=17 kill_infer inferred_len=8 committed_hits=7 cluster_hits=7
turn=18 picked cell=14,13 target_cluster=None active_clusters=0 remaining_cells=46 scans=2
RESULT turn=18 cell=14,13 result=MISS remaining_cells=46 active_clusters=0
turn=18 result=MISS
turn=19 picked cell=13,14 target_cluster=None active_clusters=0 remaining_cells=46 scans=2
RESULT turn=19 cell=13,14 result=HIT remaining_cells=46 active_clusters=0
turn=19 result=HIT
turn=20 mode=CHASE cluster=0 cluster_len=1 cell=12,14 score=100000.844566 chase_score=5053.344566 prob=0.844566
turn=20 picked cell=12,14 target_cluster=Some(0) active_clusters=1 remaining_cells=45 scans=2
RESULT turn=20 cell=12,14 result=KILL remaining_cells=45 active_clusters=1
turn=20 result=KILL
turn=20 kill_infer inferred_len=2 committed_hits=1 cluster_hits=1
turn=21 picked cell=10,15 target_cluster=None active_clusters=0 remaining_cells=44 scans=2
RESULT turn=21 cell=10,15 result=MISS remaining_cells=44 active_clusters=0
turn=21 result=MISS
turn=22 picked cell=11,16 target_cluster=None active_clusters=0 remaining_cells=44 scans=2
RESULT turn=22 cell=11,16 result=MISS remaining_cells=44 active_clusters=0
turn=22 result=MISS
turn=23 picked cell=15,12 target_cluster=None active_clusters=0 remaining_cells=44 scans=2
RESULT turn=23 cell=15,12 result=MISS remaining_cells=44 active_clusters=0
turn=23 result=MISS
turn=24 picked cell=18,9 target_cluster=None active_clusters=0 remaining_cells=44 scans=2
RESULT turn=24 cell=18,9 result=MISS remaining_cells=44 active_clusters=0
turn=24 result=MISS
turn=25 picked cell=7,13 target_cluster=None active_clusters=0 remaining_cells=44 scans=2
RESULT turn=25 cell=7,13 result=HIT remaining_cells=44 active_clusters=0
turn=25 result=HIT
turn=26 mode=CHASE cluster=0 cluster_len=1 cell=6,13 score=100001.488098 chase_score=5055.488098 prob=1.488098
turn=26 picked cell=6,13 target_cluster=Some(0) active_clusters=1 remaining_cells=43 scans=2
RESULT turn=26 cell=6,13 result=MISS remaining_cells=43 active_clusters=1
turn=26 result=MISS
turn=27 mode=CHASE cluster=0 cluster_len=1 cell=7,12 score=100001.081592 chase_score=5053.081592 prob=1.081592
turn=27 picked cell=7,12 target_cluster=Some(0) active_clusters=1 remaining_cells=43 scans=2
RESULT turn=27 cell=7,12 result=MISS remaining_cells=43 active_clusters=1
turn=27 result=MISS
turn=28 mode=CHASE cluster=0 cluster_len=1 cell=8,13 score=100000.927149 chase_score=5009.427149 prob=0.927149
turn=28 picked cell=8,13 target_cluster=Some(0) active_clusters=1 remaining_cells=43 scans=2
RESULT turn=28 cell=8,13 result=HIT remaining_cells=43 active_clusters=1
turn=28 result=HIT
turn=29 mode=CHASE cluster=0 cluster_len=2 cell=9,13 score=200000.243707 chase_score=10030.243707 prob=0.243707
turn=29 picked cell=9,13 target_cluster=Some(0) active_clusters=1 remaining_cells=42 scans=2
RESULT turn=29 cell=9,13 result=HIT remaining_cells=42 active_clusters=1
turn=29 result=HIT
turn=30 mode=CHASE cluster=0 cluster_len=3 cell=10,13 score=300000.237913 chase_score=10030.237913 prob=0.237913
turn=30 picked cell=10,13 target_cluster=Some(0) active_clusters=1 remaining_cells=41 scans=2
RESULT turn=30 cell=10,13 result=KILL remaining_cells=41 active_clusters=1
turn=30 result=KILL
turn=30 kill_infer inferred_len=4 committed_hits=3 cluster_hits=3
turn=31 picked cell=12,17 target_cluster=None active_clusters=0 remaining_cells=40 scans=2
RESULT turn=31 cell=12,17 result=MISS remaining_cells=40 active_clusters=0
turn=31 result=MISS
turn=32 picked cell=11,18 target_cluster=None active_clusters=0 remaining_cells=40 scans=2
RESULT turn=32 cell=11,18 result=HIT remaining_cells=40 active_clusters=0
turn=32 result=HIT
turn=33 mode=CHASE cluster=0 cluster_len=1 cell=10,18 score=100000.889074 chase_score=5051.889074 prob=0.889074
turn=33 picked cell=10,18 target_cluster=Some(0) active_clusters=1 remaining_cells=39 scans=2
RESULT turn=33 cell=10,18 result=HIT remaining_cells=39 active_clusters=1
turn=33 result=HIT
turn=34 mode=CHASE cluster=0 cluster_len=2 cell=9,18 score=200000.889074 chase_score=10166.889074 prob=0.889074
turn=34 picked cell=9,18 target_cluster=Some(0) active_clusters=1 remaining_cells=38 scans=2
RESULT turn=34 cell=9,18 result=HIT remaining_cells=38 active_clusters=1
turn=34 result=HIT
turn=35 mode=CHASE cluster=0 cluster_len=3 cell=8,18 score=300000.889074 chase_score=10132.889074 prob=0.889074
turn=35 picked cell=8,18 target_cluster=Some(0) active_clusters=1 remaining_cells=37 scans=2
RESULT turn=35 cell=8,18 result=HIT remaining_cells=37 active_clusters=1
turn=35 result=HIT
turn=36 mode=CHASE cluster=0 cluster_len=4 cell=7,18 score=400000.889074 chase_score=10098.889074 prob=0.889074
turn=36 picked cell=7,18 target_cluster=Some(0) active_clusters=1 remaining_cells=36 scans=2
RESULT turn=36 cell=7,18 result=MISS remaining_cells=36 active_clusters=1
turn=36 result=MISS
turn=37 mode=CHASE cluster=0 cluster_len=4 cell=12,18 score=400000.626760 chase_score=10034.626760 prob=0.626760
turn=37 picked cell=12,18 target_cluster=Some(0) active_clusters=1 remaining_cells=36 scans=2
RESULT turn=37 cell=12,18 result=HIT remaining_cells=36 active_clusters=1
turn=37 result=HIT
turn=38 mode=CHASE cluster=0 cluster_len=5 cell=13,18 score=500000.678479 chase_score=10034.678479 prob=0.678479
turn=38 picked cell=13,18 target_cluster=Some(0) active_clusters=1 remaining_cells=35 scans=2
RESULT turn=38 cell=13,18 result=HIT remaining_cells=35 active_clusters=1
turn=38 result=HIT
turn=39 mode=CHASE cluster=0 cluster_len=6 cell=14,18 score=600000.637501 chase_score=10022.637501 prob=0.637501
turn=39 picked cell=14,18 target_cluster=Some(0) active_clusters=1 remaining_cells=34 scans=2
RESULT turn=39 cell=14,18 result=HIT remaining_cells=34 active_clusters=1
turn=39 result=HIT
turn=40 mode=CHASE cluster=0 cluster_len=7 cell=15,18 score=700000.585600 chase_score=10008.585600 prob=0.585600
turn=40 picked cell=15,18 target_cluster=Some(0) active_clusters=1 remaining_cells=33 scans=2
RESULT turn=40 cell=15,18 result=KILL remaining_cells=33 active_clusters=1
turn=40 result=KILL
turn=40 kill_infer inferred_len=8 committed_hits=7 cluster_hits=7
turn=41 picked cell=6,6 target_cluster=None active_clusters=0 remaining_cells=32 scans=2
RESULT turn=41 cell=6,6 result=HIT remaining_cells=32 active_clusters=0
turn=41 result=HIT
turn=42 mode=CHASE cluster=0 cluster_len=1 cell=7,6 score=100001.201670 chase_score=5038.201670 prob=1.201670
turn=42 picked cell=7,6 target_cluster=Some(0) active_clusters=1 remaining_cells=31 scans=2
RESULT turn=42 cell=7,6 result=MISS remaining_cells=31 active_clusters=1
turn=42 result=MISS
turn=43 mode=CHASE cluster=0 cluster_len=1 cell=6,5 score=100001.254937 chase_score=5038.254937 prob=1.254937
turn=43 picked cell=6,5 target_cluster=Some(0) active_clusters=1 remaining_cells=31 scans=2
RESULT turn=43 cell=6,5 result=MISS remaining_cells=31 active_clusters=1
turn=43 result=MISS
turn=44 mode=CHASE cluster=0 cluster_len=1 cell=5,6 score=100000.858411 chase_score=5008.358411 prob=0.858411
turn=44 picked cell=5,6 target_cluster=Some(0) active_clusters=1 remaining_cells=31 scans=2
RESULT turn=44 cell=5,6 result=MISS remaining_cells=31 active_clusters=1
turn=44 result=MISS
turn=45 mode=CHASE cluster=0 cluster_len=1 cell=6,7 score=100000.515900 chase_score=5008.015900 prob=0.515900
turn=45 picked cell=6,7 target_cluster=Some(0) active_clusters=1 remaining_cells=31 scans=2
RESULT turn=45 cell=6,7 result=HIT remaining_cells=31 active_clusters=1
turn=45 result=HIT
turn=46 mode=CHASE cluster=0 cluster_len=2 cell=6,8 score=200000.884638 chase_score=10026.884638 prob=0.884638
turn=46 picked cell=6,8 target_cluster=Some(0) active_clusters=1 remaining_cells=30 scans=2
RESULT turn=46 cell=6,8 result=HIT remaining_cells=30 active_clusters=1
turn=46 result=HIT
turn=47 mode=CHASE cluster=0 cluster_len=3 cell=6,9 score=300000.619394 chase_score=10026.619394 prob=0.619394
turn=47 picked cell=6,9 target_cluster=Some(0) active_clusters=1 remaining_cells=29 scans=2
RESULT turn=47 cell=6,9 result=HIT remaining_cells=29 active_clusters=1
turn=47 result=HIT
turn=48 mode=CHASE cluster=0 cluster_len=4 cell=6,10 score=400000.722889 chase_score=10026.722889 prob=0.722889
turn=48 picked cell=6,10 target_cluster=Some(0) active_clusters=1 remaining_cells=28 scans=2
RESULT turn=48 cell=6,10 result=HIT remaining_cells=28 active_clusters=1
turn=48 result=HIT
turn=49 mode=CHASE cluster=0 cluster_len=5 cell=6,11 score=500000.826383 chase_score=10026.826383 prob=0.826383
turn=49 picked cell=6,11 target_cluster=Some(0) active_clusters=1 remaining_cells=27 scans=2
RESULT turn=49 cell=6,11 result=KILL remaining_cells=27 active_clusters=1
turn=49 result=KILL
turn=49 kill_infer inferred_len=6 committed_hits=5 cluster_hits=5
turn=50 picked cell=13,5 target_cluster=None active_clusters=0 remaining_cells=26 scans=2
RESULT turn=50 cell=13,5 result=MISS remaining_cells=26 active_clusters=0
turn=50 result=MISS
turn=51 picked cell=12,4 target_cluster=None active_clusters=0 remaining_cells=26 scans=2
RESULT turn=51 cell=12,4 result=MISS remaining_cells=26 active_clusters=0
turn=51 result=MISS
turn=52 picked cell=11,1 target_cluster=None active_clusters=0 remaining_cells=26 scans=2
RESULT turn=52 cell=11,1 result=MISS remaining_cells=26 active_clusters=0
turn=52 result=MISS
turn=53 picked cell=10,3 target_cluster=None active_clusters=0 remaining_cells=26 scans=2
RESULT turn=53 cell=10,3 result=MISS remaining_cells=26 active_clusters=0
turn=53 result=MISS
turn=54 picked cell=9,2 target_cluster=None active_clusters=0 remaining_cells=26 scans=2
RESULT turn=54 cell=9,2 result=HIT remaining_cells=26 active_clusters=0
turn=54 result=HIT
turn=55 mode=CHASE cluster=0 cluster_len=1 cell=8,2 score=100001.109450 chase_score=5030.609450 prob=1.109450
turn=55 picked cell=8,2 target_cluster=Some(0) active_clusters=1 remaining_cells=25 scans=2
RESULT turn=55 cell=8,2 result=MISS remaining_cells=25 active_clusters=1
turn=55 result=MISS
turn=56 mode=CHASE cluster=0 cluster_len=1 cell=9,1 score=100000.442986 chase_score=5007.942986 prob=0.442986
turn=56 picked cell=9,1 target_cluster=Some(0) active_clusters=1 remaining_cells=25 scans=2
RESULT turn=56 cell=9,1 result=HIT remaining_cells=25 active_clusters=1
turn=56 result=HIT
turn=57 mode=CHASE cluster=0 cluster_len=2 cell=9,3 score=200000.315260 chase_score=10026.315260 prob=0.315260
turn=57 picked cell=9,3 target_cluster=Some(0) active_clusters=1 remaining_cells=24 scans=2
RESULT turn=57 cell=9,3 result=HIT remaining_cells=24 active_clusters=1
turn=57 result=HIT
turn=58 mode=CHASE cluster=0 cluster_len=3 cell=9,4 score=300000.555904 chase_score=10026.555904 prob=0.555904
turn=58 picked cell=9,4 target_cluster=Some(0) active_clusters=1 remaining_cells=23 scans=2
RESULT turn=58 cell=9,4 result=HIT remaining_cells=23 active_clusters=1
turn=58 result=HIT
turn=59 mode=CHASE cluster=0 cluster_len=4 cell=9,5 score=400000.247949 chase_score=10026.247949 prob=0.247949
turn=59 picked cell=9,5 target_cluster=Some(0) active_clusters=1 remaining_cells=22 scans=2
RESULT turn=59 cell=9,5 result=HIT remaining_cells=22 active_clusters=1
turn=59 result=HIT
turn=60 mode=CHASE cluster=0 cluster_len=5 cell=9,0 score=500000.931170 chase_score=10020.931170 prob=0.931170
turn=60 picked cell=9,0 target_cluster=Some(0) active_clusters=1 remaining_cells=21 scans=2
RESULT turn=60 cell=9,0 result=HIT remaining_cells=21 active_clusters=1
turn=60 result=HIT
turn=61 mode=CHASE cluster=0 cluster_len=6 cell=9,6 score=600000.202342 chase_score=10014.202342 prob=0.202342
turn=61 picked cell=9,6 target_cluster=Some(0) active_clusters=1 remaining_cells=20 scans=2
RESULT turn=61 cell=9,6 result=KILL remaining_cells=20 active_clusters=1
turn=61 result=KILL
turn=61 kill_infer inferred_len=7 committed_hits=6 cluster_hits=6
turn=62 picked cell=16,9 target_cluster=None active_clusters=0 remaining_cells=19 scans=2
RESULT turn=62 cell=16,9 result=MISS remaining_cells=19 active_clusters=0
turn=62 result=MISS
turn=63 picked cell=17,15 target_cluster=None active_clusters=0 remaining_cells=19 scans=2
RESULT turn=63 cell=17,15 result=MISS remaining_cells=19 active_clusters=0
turn=63 result=MISS
turn=64 picked cell=5,14 target_cluster=None active_clusters=0 remaining_cells=19 scans=2
RESULT turn=64 cell=5,14 result=MISS remaining_cells=19 active_clusters=0
turn=64 result=MISS
turn=65 picked cell=16,16 target_cluster=None active_clusters=0 remaining_cells=19 scans=2
RESULT turn=65 cell=16,16 result=MISS remaining_cells=19 active_clusters=0
turn=65 result=MISS
turn=66 picked cell=4,15 target_cluster=None active_clusters=0 remaining_cells=19 scans=2
RESULT turn=66 cell=4,15 result=MISS remaining_cells=19 active_clusters=0
turn=66 result=MISS
turn=67 picked cell=2,12 target_cluster=None active_clusters=0 remaining_cells=19 scans=2
RESULT turn=67 cell=2,12 result=MISS remaining_cells=19 active_clusters=0
turn=67 result=MISS
turn=68 picked cell=18,14 target_cluster=None active_clusters=0 remaining_cells=19 scans=2
RESULT turn=68 cell=18,14 result=MISS remaining_cells=19 active_clusters=0
turn=68 result=MISS
turn=69 picked cell=3,16 target_cluster=None active_clusters=0 remaining_cells=19 scans=2
RESULT turn=69 cell=3,16 result=MISS remaining_cells=19 active_clusters=0
turn=69 result=MISS
turn=70 picked cell=1,11 target_cluster=None active_clusters=0 remaining_cells=19 scans=2
RESULT turn=70 cell=1,11 result=MISS remaining_cells=19 active_clusters=0
turn=70 result=MISS
turn=71 picked cell=3,9 target_cluster=None active_clusters=0 remaining_cells=19 scans=2
RESULT turn=71 cell=3,9 result=MISS remaining_cells=19 active_clusters=0
turn=71 result=MISS
turn=72 picked cell=6,17 target_cluster=None active_clusters=0 remaining_cells=19 scans=2
RESULT turn=72 cell=6,17 result=MISS remaining_cells=19 active_clusters=0
turn=72 result=MISS
turn=73 picked cell=0,10 target_cluster=None active_clusters=0 remaining_cells=19 scans=2
RESULT turn=73 cell=0,10 result=MISS remaining_cells=19 active_clusters=0
turn=73 result=MISS
turn=74 picked cell=17,10 target_cluster=None active_clusters=0 remaining_cells=19 scans=2
RESULT turn=74 cell=17,10 result=MISS remaining_cells=19 active_clusters=0
turn=74 result=MISS
turn=75 picked cell=15,2 target_cluster=None active_clusters=0 remaining_cells=19 scans=2
RESULT turn=75 cell=15,2 result=MISS remaining_cells=19 active_clusters=0
turn=75 result=MISS
turn=76 picked cell=4,9 target_cluster=None active_clusters=0 remaining_cells=19 scans=2
RESULT turn=76 cell=4,9 result=MISS remaining_cells=19 active_clusters=0
turn=76 result=MISS
turn=77 picked cell=18,3 target_cluster=None active_clusters=0 remaining_cells=19 scans=2
RESULT turn=77 cell=18,3 result=MISS remaining_cells=19 active_clusters=0
turn=77 result=MISS
turn=78 picked cell=2,4 target_cluster=None active_clusters=0 remaining_cells=19 scans=2
RESULT turn=78 cell=2,4 result=MISS remaining_cells=19 active_clusters=0
turn=78 result=MISS
turn=79 picked cell=16,0 target_cluster=None active_clusters=0 remaining_cells=19 scans=2
RESULT turn=79 cell=16,0 result=MISS remaining_cells=19 active_clusters=0
turn=79 result=MISS
turn=80 picked cell=4,3 target_cluster=None active_clusters=0 remaining_cells=19 scans=2
RESULT turn=80 cell=4,3 result=MISS remaining_cells=19 active_clusters=0
turn=80 result=MISS
turn=81 picked cell=8,9 target_cluster=None active_clusters=0 remaining_cells=19 scans=2
RESULT turn=81 cell=8,9 result=MISS remaining_cells=19 active_clusters=0
turn=81 result=MISS
turn=82 picked cell=9,16 target_cluster=None active_clusters=0 remaining_cells=19 scans=2
RESULT turn=82 cell=9,16 result=HIT remaining_cells=19 active_clusters=0
turn=82 result=HIT
turn=83 mode=CHASE cluster=0 cluster_len=1 cell=8,16 score=100000.601281 chase_score=5006.351281 prob=0.601281
turn=83 picked cell=8,16 target_cluster=Some(0) active_clusters=1 remaining_cells=18 scans=2
RESULT turn=83 cell=8,16 result=MISS remaining_cells=18 active_clusters=1
turn=83 result=MISS
turn=84 mode=CHASE cluster=0 cluster_len=1 cell=9,17 score=100000.175111 chase_score=5001.175111 prob=0.175111
turn=84 picked cell=9,17 target_cluster=Some(0) active_clusters=1 remaining_cells=18 scans=2
RESULT turn=84 cell=9,17 result=KILL remaining_cells=18 active_clusters=1
turn=84 result=KILL
turn=84 kill_infer inferred_len=2 committed_hits=1 cluster_hits=1
turn=85 picked cell=1,5 target_cluster=None active_clusters=0 remaining_cells=17 scans=2
RESULT turn=85 cell=1,5 result=HIT remaining_cells=17 active_clusters=0
turn=85 result=HIT
turn=86 mode=CHASE cluster=0 cluster_len=1 cell=1,6 score=100001.668325 chase_score=5018.418325 prob=1.668325
turn=86 picked cell=1,6 target_cluster=Some(0) active_clusters=1 remaining_cells=16 scans=2
RESULT turn=86 cell=1,6 result=HIT remaining_cells=16 active_clusters=1
turn=86 result=HIT
turn=87 mode=CHASE cluster=0 cluster_len=2 cell=1,4 score=200001.644703 chase_score=10060.644703 prob=1.644703
turn=87 picked cell=1,4 target_cluster=Some(0) active_clusters=1 remaining_cells=15 scans=2
RESULT turn=87 cell=1,4 result=HIT remaining_cells=15 active_clusters=1
turn=87 result=HIT
turn=88 mode=CHASE cluster=0 cluster_len=3 cell=1,7 score=300001.473331 chase_score=10047.473331 prob=1.473331
turn=88 picked cell=1,7 target_cluster=Some(0) active_clusters=1 remaining_cells=14 scans=2
RESULT turn=88 cell=1,7 result=HIT remaining_cells=14 active_clusters=1
turn=88 result=HIT
turn=89 mode=CHASE cluster=0 cluster_len=4 cell=1,3 score=400001.362766 chase_score=10034.362766 prob=1.362766
turn=89 picked cell=1,3 target_cluster=Some(0) active_clusters=1 remaining_cells=13 scans=2
RESULT turn=89 cell=1,3 result=HIT remaining_cells=13 active_clusters=1
turn=89 result=HIT
turn=90 mode=CHASE cluster=0 cluster_len=5 cell=1,2 score=500001.668325 chase_score=10021.668325 prob=1.668325
turn=90 picked cell=1,2 target_cluster=Some(0) active_clusters=1 remaining_cells=12 scans=2
RESULT turn=90 cell=1,2 result=HIT remaining_cells=12 active_clusters=1
turn=90 result=HIT
turn=91 mode=CHASE cluster=0 cluster_len=6 cell=1,1 score=600001.362766 chase_score=10008.362766 prob=1.362766
turn=91 picked cell=1,1 target_cluster=Some(0) active_clusters=1 remaining_cells=11 scans=2
RESULT turn=91 cell=1,1 result=MISS remaining_cells=11 active_clusters=1
turn=91 result=MISS
turn=92 mode=CHASE cluster=0 cluster_len=6 cell=1,8 score=600001.329111 chase_score=10008.329111 prob=1.329111
turn=92 picked cell=1,8 target_cluster=Some(0) active_clusters=1 remaining_cells=11 scans=2
RESULT turn=92 cell=1,8 result=KILL remaining_cells=11 active_clusters=1
turn=92 result=KILL
turn=92 kill_infer inferred_len=7 committed_hits=6 cluster_hits=6
turn=93 picked cell=16,11 target_cluster=None active_clusters=0 remaining_cells=10 scans=2
RESULT turn=93 cell=16,11 result=MISS remaining_cells=10 active_clusters=0
turn=93 result=MISS
turn=94 picked cell=14,15 target_cluster=None active_clusters=0 remaining_cells=10 scans=2
RESULT turn=94 cell=14,15 result=MISS remaining_cells=10 active_clusters=0
turn=94 result=MISS
turn=95 picked cell=17,17 target_cluster=None active_clusters=0 remaining_cells=10 scans=2
RESULT turn=95 cell=17,17 result=MISS remaining_cells=10 active_clusters=0
turn=95 result=MISS
turn=96 picked cell=10,11 target_cluster=None active_clusters=0 remaining_cells=10 scans=2
RESULT turn=96 cell=10,11 result=MISS remaining_cells=10 active_clusters=0
turn=96 result=MISS
turn=97 picked cell=11,12 target_cluster=None active_clusters=0 remaining_cells=10 scans=2
RESULT turn=97 cell=11,12 result=HIT remaining_cells=10 active_clusters=0
turn=97 result=HIT
turn=98 mode=CHASE cluster=0 cluster_len=1 cell=12,12 score=100000.094390 chase_score=5000.594390 prob=0.094390
turn=98 picked cell=12,12 target_cluster=Some(0) active_clusters=1 remaining_cells=9 scans=2
RESULT turn=98 cell=12,12 result=MISS remaining_cells=9 active_clusters=1
turn=98 result=MISS
turn=99 mode=CHASE cluster=0 cluster_len=1 cell=11,13 score=100000.094486 chase_score=5000.594486 prob=0.094486
turn=99 picked cell=11,13 target_cluster=Some(0) active_clusters=1 remaining_cells=9 scans=2
RESULT turn=99 cell=11,13 result=MISS remaining_cells=9 active_clusters=1
turn=99 result=MISS
turn=100 mode=CHASE cluster=0 cluster_len=1 cell=10,12 score=100000.056110 chase_score=5000.556110 prob=0.056110
turn=100 picked cell=10,12 target_cluster=Some(0) active_clusters=1 remaining_cells=9 scans=2
RESULT turn=100 cell=10,12 result=KILL remaining_cells=9 active_clusters=1
turn=100 result=KILL
turn=100 kill_infer inferred_len=2 committed_hits=1 cluster_hits=1
turn=101 picked cell=9,9 target_cluster=None active_clusters=0 remaining_cells=8 scans=2
RESULT turn=101 cell=9,9 result=MISS remaining_cells=8 active_clusters=0
turn=101 result=MISS
turn=102 picked cell=9,10 target_cluster=None active_clusters=0 remaining_cells=8 scans=2
RESULT turn=102 cell=9,10 result=HIT remaining_cells=8 active_clusters=0
turn=102 result=HIT
turn=103 mode=CHASE cluster=0 cluster_len=1 cell=10,10 score=100000.041813 chase_score=5000.041813 prob=0.041813
turn=103 picked cell=10,10 target_cluster=Some(0) active_clusters=1 remaining_cells=7 scans=2
RESULT turn=103 cell=10,10 result=KILL remaining_cells=7 active_clusters=1
turn=103 result=KILL
turn=103 kill_infer inferred_len=2 committed_hits=1 cluster_hits=1
turn=104 picked cell=11,9 target_cluster=None active_clusters=0 remaining_cells=6 scans=2
RESULT turn=104 cell=11,9 result=MISS remaining_cells=6 active_clusters=0
turn=104 result=MISS
turn=105 picked cell=9,11 target_cluster=None active_clusters=0 remaining_cells=6 scans=2
RESULT turn=105 cell=9,11 result=MISS remaining_cells=6 active_clusters=0
turn=105 result=MISS
turn=106 picked cell=12,10 target_cluster=None active_clusters=0 remaining_cells=6 scans=2
RESULT turn=106 cell=12,10 result=MISS remaining_cells=6 active_clusters=0
turn=106 result=MISS
turn=107 picked cell=13,9 target_cluster=None active_clusters=0 remaining_cells=6 scans=2
RESULT turn=107 cell=13,9 result=HIT remaining_cells=6 active_clusters=0
turn=107 result=HIT
turn=108 mode=CHASE cluster=0 cluster_len=1 cell=14,9 score=100000.022014 chase_score=5000.022014 prob=0.022014
turn=108 picked cell=14,9 target_cluster=Some(0) active_clusters=1 remaining_cells=5 scans=2
RESULT turn=108 cell=14,9 result=MISS remaining_cells=5 active_clusters=1
turn=108 result=MISS
turn=109 mode=CHASE cluster=0 cluster_len=1 cell=12,9 score=100000.022022 chase_score=5000.022022 prob=0.022022
turn=109 picked cell=12,9 target_cluster=Some(0) active_clusters=1 remaining_cells=5 scans=2
RESULT turn=109 cell=12,9 result=MISS remaining_cells=5 active_clusters=1
turn=109 result=MISS
turn=110 mode=CHASE cluster=0 cluster_len=1 cell=13,10 score=100000.022030 chase_score=5000.022030 prob=0.022030
turn=110 picked cell=13,10 target_cluster=Some(0) active_clusters=1 remaining_cells=5 scans=2
RESULT turn=110 cell=13,10 result=HIT remaining_cells=5 active_clusters=1
turn=110 result=HIT
turn=111 mode=CHASE cluster=0 cluster_len=2 cell=13,11 score=200000.022030 chase_score=10000.022030 prob=0.022030
turn=111 picked cell=13,11 target_cluster=Some(0) active_clusters=1 remaining_cells=4 scans=2
RESULT turn=111 cell=13,11 result=HIT remaining_cells=4 active_clusters=1
turn=111 result=HIT
turn=112 mode=CHASE cluster=0 cluster_len=3 cell=13,12 score=300000.022030 chase_score=10000.022030 prob=0.022030
turn=112 picked cell=13,12 target_cluster=Some(0) active_clusters=1 remaining_cells=3 scans=2
RESULT turn=112 cell=13,12 result=HIT remaining_cells=3 active_clusters=1
turn=112 result=HIT
turn=113 mode=CHASE cluster=0 cluster_len=4 cell=13,13 score=400000.022030 chase_score=10000.022030 prob=0.022030
turn=113 picked cell=13,13 target_cluster=Some(0) active_clusters=1 remaining_cells=2 scans=2
RESULT turn=113 cell=13,13 result=KILL remaining_cells=2 active_clusters=1
turn=113 result=KILL
turn=113 kill_infer inferred_len=5 committed_hits=4 cluster_hits=4
turn=114 picked cell=15,9 target_cluster=None active_clusters=0 remaining_cells=1 scans=2
RESULT turn=114 cell=15,9 result=MISS remaining_cells=1 active_clusters=0
turn=114 result=MISS
turn=115 picked cell=11,11 target_cluster=None active_clusters=0 remaining_cells=1 scans=2
RESULT turn=115 cell=11,11 result=MISS remaining_cells=1 active_clusters=0
turn=115 result=MISS
turn=116 picked cell=14,10 target_cluster=None active_clusters=0 remaining_cells=1 scans=2
RESULT turn=116 cell=14,10 result=MISS remaining_cells=1 active_clusters=0
turn=116 result=MISS
turn=117 picked cell=9,14 target_cluster=None active_clusters=0 remaining_cells=1 scans=2
RESULT turn=117 cell=9,14 result=MISS remaining_cells=1 active_clusters=0
turn=117 result=MISS
turn=118 picked cell=9,15 target_cluster=None active_clusters=0 remaining_cells=1 scans=2
RESULT turn=118 cell=9,15 result=MISS remaining_cells=1 active_clusters=0
turn=118 result=MISS
turn=119 picked cell=10,14 target_cluster=None active_clusters=0 remaining_cells=1 scans=2
RESULT turn=119 cell=10,14 result=MISS remaining_cells=1 active_clusters=0
turn=119 result=MISS
turn=120 picked cell=11,15 target_cluster=None active_clusters=0 remaining_cells=1 scans=2
RESULT turn=120 cell=11,15 result=MISS remaining_cells=1 active_clusters=0
turn=120 result=MISS
turn=121 picked cell=15,11 target_cluster=None active_clusters=0 remaining_cells=1 scans=2
RESULT turn=121 cell=15,11 result=MISS remaining_cells=1 active_clusters=0
turn=121 result=MISS
turn=122 picked cell=12,13 target_cluster=None active_clusters=0 remaining_cells=1 scans=2
RESULT turn=122 cell=12,13 result=MISS remaining_cells=1 active_clusters=0
turn=122 result=MISS
turn=123 picked cell=14,12 target_cluster=None active_clusters=0 remaining_cells=1 scans=2
RESULT turn=123 cell=14,12 result=MISS remaining_cells=1 active_clusters=0
turn=123 result=MISS
turn=124 picked cell=11,14 target_cluster=None active_clusters=0 remaining_cells=1 scans=2
RESULT turn=124 cell=11,14 result=MISS remaining_cells=1 active_clusters=0
turn=124 result=MISS
turn=125 picked cell=15,13 target_cluster=None active_clusters=0 remaining_cells=1 scans=2
RESULT turn=125 cell=15,13 result=MISS remaining_cells=1 active_clusters=0
turn=125 result=MISS
turn=126 picked cell=15,10 target_cluster=None active_clusters=0 remaining_cells=1 scans=2
RESULT turn=126 cell=15,10 result=MISS remaining_cells=1 active_clusters=0
turn=126 result=MISS
turn=127 picked cell=14,11 target_cluster=None active_clusters=0 remaining_cells=1 scans=2
RESULT turn=127 cell=14,11 result=MISS remaining_cells=1 active_clusters=0
turn=127 result=MISS
turn=128 picked cell=17,9 target_cluster=None active_clusters=0 remaining_cells=1 scans=2
RESULT turn=128 cell=17,9 result=MISS remaining_cells=1 active_clusters=0
turn=128 result=MISS
turn=129 picked cell=10,16 target_cluster=None active_clusters=0 remaining_cells=1 scans=2
RESULT turn=129 cell=10,16 result=MISS remaining_cells=1 active_clusters=0
turn=129 result=MISS
turn=130 picked cell=16,10 target_cluster=None active_clusters=0 remaining_cells=1 scans=2
RESULT turn=130 cell=16,10 result=MISS remaining_cells=1 active_clusters=0
turn=130 result=MISS
turn=131 picked cell=12,15 target_cluster=None active_clusters=0 remaining_cells=1 scans=2
RESULT turn=131 cell=12,15 result=MISS remaining_cells=1 active_clusters=0
turn=131 result=MISS
turn=132 picked cell=11,17 target_cluster=None active_clusters=0 remaining_cells=1 scans=2
RESULT turn=132 cell=11,17 result=MISS remaining_cells=1 active_clusters=0
turn=132 result=MISS
turn=133 picked cell=17,11 target_cluster=None active_clusters=0 remaining_cells=1 scans=2
RESULT turn=133 cell=17,11 result=MISS remaining_cells=1 active_clusters=0
turn=133 result=MISS
turn=134 picked cell=10,17 target_cluster=None active_clusters=0 remaining_cells=1 scans=2
RESULT turn=134 cell=10,17 result=MISS remaining_cells=1 active_clusters=0
turn=134 result=MISS
turn=135 picked cell=12,16 target_cluster=None active_clusters=0 remaining_cells=1 scans=2
RESULT turn=135 cell=12,16 result=MISS remaining_cells=1 active_clusters=0
turn=135 result=MISS
turn=136 picked cell=16,12 target_cluster=None active_clusters=0 remaining_cells=1 scans=2
RESULT turn=136 cell=16,12 result=MISS remaining_cells=1 active_clusters=0
turn=136 result=MISS
turn=137 picked cell=18,10 target_cluster=None active_clusters=0 remaining_cells=1 scans=2
RESULT turn=137 cell=18,10 result=MISS remaining_cells=1 active_clusters=0
turn=137 result=MISS
turn=138 picked cell=13,15 target_cluster=None active_clusters=0 remaining_cells=1 scans=2
RESULT turn=138 cell=13,15 result=MISS remaining_cells=1 active_clusters=0
turn=138 result=MISS
turn=139 picked cell=18,11 target_cluster=None active_clusters=0 remaining_cells=1 scans=2
RESULT turn=139 cell=18,11 result=MISS remaining_cells=1 active_clusters=0
turn=139 result=MISS
turn=140 picked cell=14,14 target_cluster=None active_clusters=0 remaining_cells=1 scans=2
RESULT turn=140 cell=14,14 result=MISS remaining_cells=1 active_clusters=0
turn=140 result=MISS
turn=141 picked cell=13,16 target_cluster=None active_clusters=0 remaining_cells=1 scans=2
RESULT turn=141 cell=13,16 result=MISS remaining_cells=1 active_clusters=0
turn=141 result=MISS
turn=142 picked cell=16,13 target_cluster=None active_clusters=0 remaining_cells=1 scans=2
RESULT turn=142 cell=16,13 result=MISS remaining_cells=1 active_clusters=0
turn=142 result=MISS
turn=143 picked cell=17,12 target_cluster=None active_clusters=0 remaining_cells=1 scans=2
RESULT turn=143 cell=17,12 result=MISS remaining_cells=1 active_clusters=0
turn=143 result=MISS
turn=144 picked cell=16,14 target_cluster=None active_clusters=0 remaining_cells=1 scans=2
RESULT turn=144 cell=16,14 result=MISS remaining_cells=1 active_clusters=0
turn=144 result=MISS
turn=145 picked cell=15,14 target_cluster=None active_clusters=0 remaining_cells=1 scans=2
RESULT turn=145 cell=15,14 result=MISS remaining_cells=1 active_clusters=0
turn=145 result=MISS
turn=146 picked cell=13,17 target_cluster=None active_clusters=0 remaining_cells=1 scans=2
RESULT turn=146 cell=13,17 result=MISS remaining_cells=1 active_clusters=0
turn=146 result=MISS
turn=147 picked cell=14,16 target_cluster=None active_clusters=0 remaining_cells=1 scans=2
RESULT turn=147 cell=14,16 result=MISS remaining_cells=1 active_clusters=0
turn=147 result=MISS
turn=148 picked cell=15,15 target_cluster=None active_clusters=0 remaining_cells=1 scans=2
RESULT turn=148 cell=15,15 result=MISS remaining_cells=1 active_clusters=0
turn=148 result=MISS
turn=149 picked cell=17,13 target_cluster=None active_clusters=0 remaining_cells=1 scans=2
RESULT turn=149 cell=17,13 result=MISS remaining_cells=1 active_clusters=0
turn=149 result=MISS
turn=150 picked cell=18,12 target_cluster=None active_clusters=0 remaining_cells=1 scans=2
RESULT turn=150 cell=18,12 result=MISS remaining_cells=1 active_clusters=0
turn=150 result=MISS
turn=151 picked cell=16,15 target_cluster=None active_clusters=0 remaining_cells=1 scans=2
RESULT turn=151 cell=16,15 result=MISS remaining_cells=1 active_clusters=0
turn=151 result=MISS
turn=152 picked cell=18,13 target_cluster=None active_clusters=0 remaining_cells=1 scans=2
RESULT turn=152 cell=18,13 result=MISS remaining_cells=1 active_clusters=0
turn=152 result=MISS
turn=153 picked cell=15,16 target_cluster=None active_clusters=0 remaining_cells=1 scans=2
RESULT turn=153 cell=15,16 result=MISS remaining_cells=1 active_clusters=0
turn=153 result=MISS
turn=154 picked cell=17,14 target_cluster=None active_clusters=0 remaining_cells=1 scans=2
RESULT turn=154 cell=17,14 result=KILL remaining_cells=1 active_clusters=0
turn=154 result=KILL
