GAME n=19 p=0.283772 remaining_cells=54 remaining=[0, 3, 0, 1, 2, 2, 1, 1, 1, 1]
turn=1 mode=SCAN region=0,0,8,18
turn=1 result=SCAN count=22
turn=2 mode=SCAN region=0,0,18,8
turn=2 result=SCAN count=22
turn=3 picked cell=10,10 target_cluster=None active_clusters=0 remaining_cells=54 scans=2
RESULT turn=3 cell=10,10 result=MISS remaining_cells=54 active_clusters=0
turn=3 result=MISS
turn=4 picked cell=11,9 target_cluster=None active_clusters=0 remaining_cells=54 scans=2
RESULT turn=4 cell=11,9 result=MISS remaining_cells=54 active_clusters=0
turn=4 result=MISS
turn=5 picked cell=9,11 target_cluster=None active_clusters=0 remaining_cells=54 scans=2
RESULT turn=5 cell=9,11 result=MISS remaining_cells=54 active_clusters=0
turn=5 result=MISS
turn=6 picked cell=12,12 target_cluster=None active_clusters=0 remaining_cells=54 scans=2
RESULT turn=6 cell=12,12 result=MISS remaining_cells=54 active_clusters=0
turn=6 result=MISS
turn=7 picked cell=13,13 target_cluster=None active_clusters=0 remaining_cells=54 scans=2
RESULT turn=7 cell=13,13 result=HIT remaining_cells=54 active_clusters=0
turn=7 result=HIT
turn=8 mode=CHASE cluster=0 cluster_len=1 cell=12,13 score=100000.743351 chase_score=5061.743351 prob=0.743351
turn=8 picked cell=12,13 target_cluster=Some(0) active_clusters=1 remaining_cells=53 scans=2
RESULT turn=8 cell=12,13 result=MISS remaining_cells=53 active_clusters=1
turn=8 result=MISS
turn=9 mode=CHASE cluster=0 cluster_len=1 cell=13,12 score=100000.755193 chase_score=5061.755193 prob=0.755193
turn=9 picked cell=13,12 target_cluster=Some(0) active_clusters=1 remaining_cells=53 scans=2
RESULT turn=9 cell=13,12 result=HIT remaining_cells=53 active_clusters=1
turn=9 result=HIT
turn=10 mode=CHASE cluster=0 cluster_len=2 cell=13,11 score=200001.075287 chase_score=10211.075287 prob=1.075287
turn=10 picked cell=13,11 target_cluster=Some(0) active_clusters=1 remaining_cells=52 scans=2
RESULT turn=10 cell=13,11 result=HIT remaining_cells=52 active_clusters=1
turn=10 result=HIT
turn=11 mode=CHASE cluster=0 cluster_len=3 cell=13,10 score=300000.988280 chase_score=10168.988280 prob=0.988280
turn=11 picked cell=13,10 target_cluster=Some(0) active_clusters=1 remaining_cells=51 scans=2
RESULT turn=11 cell=13,10 result=HIT remaining_cells=51 active_clusters=1
turn=11 result=HIT
turn=12 mode=CHASE cluster=0 cluster_len=4 cell=13,14 score=400001.193098 chase_score=10121.193098 prob=1.193098
turn=12 picked cell=13,14 target_cluster=Some(0) active_clusters=1 remaining_cells=50 scans=2
RESULT turn=12 cell=13,14 result=MISS remaining_cells=50 active_clusters=1
turn=12 result=MISS
turn=13 mode=CHASE cluster=0 cluster_len=4 cell=13,9 score=400000.713419 chase_score=10040.713419 prob=0.713419
turn=13 picked cell=13,9 target_cluster=Some(0) active_clusters=1 remaining_cells=50 scans=2
RESULT turn=13 cell=13,9 result=HIT remaining_cells=50 active_clusters=1
turn=13 result=HIT
turn=14 mode=CHASE cluster=0 cluster_len=5 cell=13,8 score=500001.299006 chase_score=10031.299006 prob=1.299006
turn=14 picked cell=13,8 target_cluster=Some(0) active_clusters=1 remaining_cells=49 scans=2
RESULT turn=14 cell=13,8 result=HIT remaining_cells=49 active_clusters=1
turn=14 result=HIT
turn=15 mode=CHASE cluster=0 cluster_len=6 cell=13,7 score=600001.336026 chase_score=10025.336026 prob=1.336026
turn=15 picked cell=13,7 target_cluster=Some(0) active_clusters=1 remaining_cells=48 scans=2
RESULT turn=15 cell=13,7 result=HIT remaining_cells=48 active_clusters=1
turn=15 result=HIT
turn=16 mode=CHASE cluster=0 cluster_len=7 cell=13,6 score=700001.336026 chase_score=10018.336026 prob=1.336026
turn=16 picked cell=13,6 target_cluster=Some(0) active_clusters=1 remaining_cells=47 scans=2
RESULT turn=16 cell=13,6 result=HIT remaining_cells=47 active_clusters=1
turn=16 result=HIT
turn=17 mode=CHASE cluster=0 cluster_len=8 cell=13,5 score=800001.299006 chase_score=10010.299006 prob=1.299006
turn=17 picked cell=13,5 target_cluster=Some(0) active_clusters=1 remaining_cells=46 scans=2
RESULT turn=17 cell=13,5 result=KILL remaining_cells=46 active_clusters=1
turn=17 result=KILL
turn=17 kill_infer inferred_len=9 committed_hits=8 cluster_hits=8
turn=18 picked cell=6,12 target_cluster=None active_clusters=0 remaining_cells=45 scans=2
RESULT turn=18 cell=6,12 result=MISS remaining_cells=45 active_clusters=0
turn=18 result=MISS
turn=19 picked cell=5,13 target_cluster=None active_clusters=0 remaining_cells=45 scans=2
RESULT turn=19 cell=5,13 result=MISS remaining_cells=45 active_clusters=0
turn=19 result=MISS
turn=20 picked cell=4,9 target_cluster=None active_clusters=0 remaining_cells=45 scans=2
RESULT turn=20 cell=4,9 result=MISS remaining_cells=45 active_clusters=0
turn=20 result=MISS
turn=21 picked cell=7,14 target_cluster=None active_clusters=0 remaining_cells=45 scans=2
RESULT turn=21 cell=7,14 result=MISS remaining_cells=45 active_clusters=0
turn=21 result=MISS
turn=22 picked cell=8,15 target_cluster=None active_clusters=0 remaining_cells=45 scans=2
RESULT turn=22 cell=8,15 result=MISS remaining_cells=45 active_clusters=0
turn=22 result=MISS
turn=23 picked cell=3,10 target_cluster=None active_clusters=0 remaining_cells=45 scans=2
RESULT turn=23 cell=3,10 result=MISS remaining_cells=45 active_clusters=0
turn=23 result=MISS
turn=24 picked cell=11,16 target_cluster=None active_clusters=0 remaining_cells=45 scans=2
RESULT turn=24 cell=11,16 result=MISS remaining_cells=45 active_clusters=0
turn=24 result=MISS
turn=25 picked cell=2,11 target_cluster=None active_clusters=0 remaining_cells=45 scans=2
RESULT turn=25 cell=2,11 result=HIT remaining_cells=45 active_clusters=0
turn=25 result=HIT
turn=26 mode=CHASE cluster=0 cluster_len=1 cell=2,12 score=100000.847497 chase_score=5050.347497 prob=0.847497
turn=26 picked cell=2,12 target_cluster=Some(0) active_clusters=1 remaining_cells=44 scans=2
RESULT turn=26 cell=2,12 result=HIT remaining_cells=44 active_clusters=1
turn=26 result=HIT
turn=27 mode=CHASE cluster=0 cluster_len=2 cell=2,13 score=200000.734444 chase_score=10156.734444 prob=0.734444
turn=27 picked cell=2,13 target_cluster=Some(0) active_clusters=1 remaining_cells=43 scans=2
RESULT turn=27 cell=2,13 result=HIT remaining_cells=43 active_clusters=1
turn=27 result=HIT
turn=28 mode=CHASE cluster=0 cluster_len=3 cell=2,14 score=300000.798785 chase_score=10114.798785 prob=0.798785
turn=28 picked cell=2,14 target_cluster=Some(0) active_clusters=1 remaining_cells=42 scans=2
RESULT turn=28 cell=2,14 result=HIT remaining_cells=42 active_clusters=1
turn=28 result=HIT
turn=29 mode=CHASE cluster=0 cluster_len=4 cell=2,15 score=400000.771945 chase_score=10075.771945 prob=0.771945
turn=29 picked cell=2,15 target_cluster=Some(0) active_clusters=1 remaining_cells=41 scans=2
RESULT turn=29 cell=2,15 result=HIT remaining_cells=41 active_clusters=1
turn=29 result=HIT
turn=30 mode=CHASE cluster=0 cluster_len=5 cell=2,16 score=500000.734444 chase_score=10044.734444 prob=0.734444
turn=30 picked cell=2,16 target_cluster=Some(0) active_clusters=1 remaining_cells=40 scans=2
RESULT turn=30 cell=2,16 result=HIT remaining_cells=40 active_clusters=1
turn=30 result=HIT
turn=31 mode=CHASE cluster=0 cluster_len=6 cell=2,10 score=600000.728556 chase_score=10023.728556 prob=0.728556
turn=31 picked cell=2,10 target_cluster=Some(0) active_clusters=1 remaining_cells=39 scans=2
RESULT turn=31 cell=2,10 result=MISS remaining_cells=39 active_clusters=1
turn=31 result=MISS
turn=32 mode=CHASE cluster=0 cluster_len=6 cell=2,17 score=600000.598967 chase_score=10015.598967 prob=0.598967
turn=32 picked cell=2,17 target_cluster=Some(0) active_clusters=1 remaining_cells=39 scans=2
RESULT turn=32 cell=2,17 result=KILL remaining_cells=39 active_clusters=1
turn=32 result=KILL
turn=32 kill_infer inferred_len=7 committed_hits=6 cluster_hits=6
turn=33 picked cell=9,6 target_cluster=None active_clusters=0 remaining_cells=38 scans=2
RESULT turn=33 cell=9,6 result=MISS remaining_cells=38 active_clusters=0
turn=33 result=MISS
turn=34 picked cell=10,5 target_cluster=None active_clusters=0 remaining_cells=38 scans=2
RESULT turn=34 cell=10,5 result=MISS remaining_cells=38 active_clusters=0
turn=34 result=MISS
turn=35 picked cell=7,7 target_cluster=None active_clusters=0 remaining_cells=38 scans=2
RESULT turn=35 cell=7,7 result=MISS remaining_cells=38 active_clusters=0
turn=35 result=MISS
turn=36 picked cell=12,4 target_cluster=None active_clusters=0 remaining_cells=38 scans=2
RESULT turn=36 cell=12,4 result=MISS remaining_cells=38 active_clusters=0
turn=36 result=MISS
turn=37 picked cell=11,3 target_cluster=None active_clusters=0 remaining_cells=38 scans=2
RESULT turn=37 cell=11,3 result=MISS remaining_cells=38 active_clusters=0
turn=37 result=MISS
turn=38 picked cell=14,15 target_cluster=None active_clusters=0 remaining_cells=38 scans=2
RESULT turn=38 cell=14,15 result=MISS remaining_cells=38 active_clusters=0
turn=38 result=MISS
turn=39 picked cell=10,17 target_cluster=None active_clusters=0 remaining_cells=38 scans=2
RESULT turn=39 cell=10,17 result=MISS remaining_cells=38 active_clusters=0
turn=39 result=MISS
turn=40 picked cell=14,2 target_cluster=None active_clusters=0 remaining_cells=38 scans=2
RESULT turn=40 cell=14,2 result=MISS remaining_cells=38 active_clusters=0
turn=40 result=MISS
turn=41 picked cell=16,11 target_cluster=None active_clusters=0 remaining_cells=38 scans=2
RESULT turn=41 cell=16,11 result=HIT remaining_cells=38 active_clusters=0
turn=41 result=HIT
turn=42 mode=CHASE cluster=0 cluster_len=1 cell=16,10 score=100000.893076 chase_score=5039.893076 prob=0.893076
turn=42 picked cell=16,10 target_cluster=Some(0) active_clusters=1 remaining_cells=37 scans=2
RESULT turn=42 cell=16,10 result=HIT remaining_cells=37 active_clusters=1
turn=42 result=HIT
turn=43 mode=CHASE cluster=0 cluster_len=2 cell=16,9 score=200000.893076 chase_score=10121.893076 prob=0.893076
turn=43 picked cell=16,9 target_cluster=Some(0) active_clusters=1 remaining_cells=36 scans=2
RESULT turn=43 cell=16,9 result=HIT remaining_cells=36 active_clusters=1
turn=43 result=HIT
turn=44 mode=CHASE cluster=0 cluster_len=3 cell=16,8 score=300000.893076 chase_score=10086.893076 prob=0.893076
turn=44 picked cell=16,8 target_cluster=Some(0) active_clusters=1 remaining_cells=35 scans=2
RESULT turn=44 cell=16,8 result=HIT remaining_cells=35 active_clusters=1
turn=44 result=HIT
turn=45 mode=CHASE cluster=0 cluster_len=4 cell=16,7 score=400000.893076 chase_score=10054.893076 prob=0.893076
turn=45 picked cell=16,7 target_cluster=Some(0) active_clusters=1 remaining_cells=34 scans=2
RESULT turn=45 cell=16,7 result=HIT remaining_cells=34 active_clusters=1
turn=45 result=HIT
turn=46 mode=CHASE cluster=0 cluster_len=5 cell=16,6 score=500000.854263 chase_score=10030.854263 prob=0.854263
turn=46 picked cell=16,6 target_cluster=Some(0) active_clusters=1 remaining_cells=33 scans=2
RESULT turn=46 cell=16,6 result=KILL remaining_cells=33 active_clusters=1
turn=46 result=KILL
turn=46 kill_infer inferred_len=6 committed_hits=5 cluster_hits=5
turn=47 picked cell=8,8 target_cluster=None active_clusters=0 remaining_cells=32 scans=2
RESULT turn=47 cell=8,8 result=MISS remaining_cells=32 active_clusters=0
turn=47 result=MISS
turn=48 picked cell=6,4 target_cluster=None active_clusters=0 remaining_cells=32 scans=2
RESULT turn=48 cell=6,4 result=MISS remaining_cells=32 active_clusters=0
turn=48 result=MISS
turn=49 picked cell=5,5 target_cluster=None active_clusters=0 remaining_cells=32 scans=2
RESULT turn=49 cell=5,5 result=MISS remaining_cells=32 active_clusters=0
turn=49 result=MISS
turn=50 picked cell=17,12 target_cluster=None active_clusters=0 remaining_cells=32 scans=2
RESULT turn=50 cell=17,12 result=MISS remaining_cells=32 active_clusters=0
turn=50 result=MISS
turn=51 picked cell=9,18 target_cluster=None active_clusters=0 remaining_cells=32 scans=2
RESULT turn=51 cell=9,18 result=HIT remaining_cells=32 active_clusters=0
turn=51 result=HIT
turn=52 mode=CHASE cluster=0 cluster_len=1 cell=8,18 score=100000.807706 chase_score=5032.307706 prob=0.807706
turn=52 picked cell=8,18 target_cluster=Some(0) active_clusters=1 remaining_cells=31 scans=2
RESULT turn=52 cell=8,18 result=MISS remaining_cells=31 active_clusters=1
turn=52 result=MISS
turn=53 mode=CHASE cluster=0 cluster_len=1 cell=10,18 score=100000.301833 chase_score=5007.551833 prob=0.301833
turn=53 picked cell=10,18 target_cluster=Some(0) active_clusters=1 remaining_cells=31 scans=2
RESULT turn=53 cell=10,18 result=HIT remaining_cells=31 active_clusters=1
turn=53 result=HIT
turn=54 mode=CHASE cluster=0 cluster_len=2 cell=11,18 score=200000.443046 chase_score=10029.443046 prob=0.443046
turn=54 picked cell=11,18 target_cluster=Some(0) active_clusters=1 remaining_cells=30 scans=2
RESULT turn=54 cell=11,18 result=HIT remaining_cells=30 active_clusters=1
turn=54 result=HIT
turn=55 mode=CHASE cluster=0 cluster_len=3 cell=12,18 score=300000.605385 chase_score=10026.605385 prob=0.605385
turn=55 picked cell=12,18 target_cluster=Some(0) active_clusters=1 remaining_cells=29 scans=2
RESULT turn=55 cell=12,18 result=HIT remaining_cells=29 active_clusters=1
turn=55 result=HIT
turn=56 mode=CHASE cluster=0 cluster_len=4 cell=13,18 score=400000.605385 chase_score=10018.605385 prob=0.605385
turn=56 picked cell=13,18 target_cluster=Some(0) active_clusters=1 remaining_cells=28 scans=2
RESULT turn=56 cell=13,18 result=KILL remaining_cells=28 active_clusters=1
turn=56 result=KILL
turn=56 kill_infer inferred_len=5 committed_hits=4 cluster_hits=4
turn=57 picked cell=1,6 target_cluster=None active_clusters=0 remaining_cells=27 scans=2
RESULT turn=57 cell=1,6 result=MISS remaining_cells=27 active_clusters=0
turn=57 result=MISS
turn=58 picked cell=3,3 target_cluster=None active_clusters=0 remaining_cells=27 scans=2
RESULT turn=58 cell=3,3 result=MISS remaining_cells=27 active_clusters=0
turn=58 result=MISS
turn=59 picked cell=8,1 target_cluster=None active_clusters=0 remaining_cells=27 scans=2
RESULT turn=59 cell=8,1 result=MISS remaining_cells=27 active_clusters=0
turn=59 result=MISS
turn=60 picked cell=4,2 target_cluster=None active_clusters=0 remaining_cells=27 scans=2
RESULT turn=60 cell=4,2 result=MISS remaining_cells=27 active_clusters=0
turn=60 result=MISS
turn=61 picked cell=0,8 target_cluster=None active_clusters=0 remaining_cells=27 scans=2
RESULT turn=61 cell=0,8 result=MISS remaining_cells=27 active_clusters=0
turn=61 result=MISS
turn=62 picked cell=7,0 target_cluster=None active_clusters=0 remaining_cells=27 scans=2
RESULT turn=62 cell=7,0 result=MISS remaining_cells=27 active_clusters=0
turn=62 result=MISS
turn=63 picked cell=2,4 target_cluster=None active_clusters=0 remaining_cells=27 scans=2
RESULT turn=63 cell=2,4 result=MISS remaining_cells=27 active_clusters=0
turn=63 result=MISS
turn=64 picked cell=15,7 target_cluster=None active_clusters=0 remaining_cells=27 scans=2
RESULT turn=64 cell=15,7 result=MISS remaining_cells=27 active_clusters=0
turn=64 result=MISS
turn=65 picked cell=18,7 target_cluster=None active_clusters=0 remaining_cells=27 scans=2
RESULT turn=65 cell=18,7 result=MISS remaining_cells=27 active_clusters=0
turn=65 result=MISS
turn=66 picked cell=17,4 target_cluster=None active_clusters=0 remaining_cells=27 scans=2
RESULT turn=66 cell=17,4 result=MISS remaining_cells=27 active_clusters=0
turn=66 result=MISS
turn=67 picked cell=1,11 target_cluster=None active_clusters=0 remaining_cells=27 scans=2
RESULT turn=67 cell=1,11 result=MISS remaining_cells=27 active_clusters=0
turn=67 result=MISS
turn=68 picked cell=13,0 target_cluster=None active_clusters=0 remaining_cells=27 scans=2
RESULT turn=68 cell=13,0 result=HIT remaining_cells=27 active_clusters=0
turn=68 result=HIT
turn=69 mode=CHASE cluster=0 cluster_len=1 cell=12,0 score=100001.305285 chase_score=5021.805285 prob=1.305285
turn=69 picked cell=12,0 target_cluster=Some(0) active_clusters=1 remaining_cells=26 scans=2
RESULT turn=69 cell=12,0 result=HIT remaining_cells=26 active_clusters=1
turn=69 result=HIT
turn=70 mode=CHASE cluster=0 cluster_len=2 cell=14,0 score=200001.223352 chase_score=10067.223352 prob=1.223352
turn=70 picked cell=14,0 target_cluster=Some(0) active_clusters=1 remaining_cells=25 scans=2
RESULT turn=70 cell=14,0 result=HIT remaining_cells=25 active_clusters=1
turn=70 result=HIT
turn=71 mode=CHASE cluster=0 cluster_len=3 cell=15,0 score=300001.305285 chase_score=10051.305285 prob=1.305285
turn=71 picked cell=15,0 target_cluster=Some(0) active_clusters=1 remaining_cells=24 scans=2
RESULT turn=71 cell=15,0 result=HIT remaining_cells=24 active_clusters=1
turn=71 result=HIT
turn=72 mode=CHASE cluster=0 cluster_len=4 cell=11,0 score=400001.202134 chase_score=10038.202134 prob=1.202134
turn=72 picked cell=11,0 target_cluster=Some(0) active_clusters=1 remaining_cells=23 scans=2
RESULT turn=72 cell=11,0 result=HIT remaining_cells=23 active_clusters=1
turn=72 result=HIT
turn=73 mode=CHASE cluster=0 cluster_len=5 cell=10,0 score=500001.035727 chase_score=10025.035727 prob=1.035727
turn=73 picked cell=10,0 target_cluster=Some(0) active_clusters=1 remaining_cells=22 scans=2
RESULT turn=73 cell=10,0 result=HIT remaining_cells=22 active_clusters=1
turn=73 result=HIT
turn=74 mode=CHASE cluster=0 cluster_len=6 cell=16,0 score=600001.035727 chase_score=10017.035727 prob=1.035727
turn=74 picked cell=16,0 target_cluster=Some(0) active_clusters=1 remaining_cells=21 scans=2
RESULT turn=74 cell=16,0 result=MISS remaining_cells=21 active_clusters=1
turn=74 result=MISS
turn=75 mode=CHASE cluster=0 cluster_len=6 cell=9,0 score=600000.621872 chase_score=10008.621872 prob=0.621872
turn=75 picked cell=9,0 target_cluster=Some(0) active_clusters=1 remaining_cells=21 scans=2
RESULT turn=75 cell=9,0 result=HIT remaining_cells=21 active_clusters=1
turn=75 result=HIT
turn=76 mode=CHASE cluster=0 cluster_len=7 cell=8,0 score=700000.356713 chase_score=10008.356713 prob=0.356713
turn=76 picked cell=8,0 target_cluster=Some(0) active_clusters=1 remaining_cells=20 scans=2
RESULT turn=76 cell=8,0 result=KILL remaining_cells=20 active_clusters=1
turn=76 result=KILL
turn=76 kill_infer inferred_len=8 committed_hits=7 cluster_hits=7
turn=77 picked cell=6,16 target_cluster=None active_clusters=0 remaining_cells=19 scans=2
RESULT turn=77 cell=6,16 result=MISS remaining_cells=19 active_clusters=0
turn=77 result=MISS
turn=78 picked cell=4,15 target_cluster=None active_clusters=0 remaining_cells=19 scans=2
RESULT turn=78 cell=4,15 result=MISS remaining_cells=19 active_clusters=0
turn=78 result=MISS
turn=79 picked cell=7,10 target_cluster=None active_clusters=0 remaining_cells=19 scans=2
RESULT turn=79 cell=7,10 result=MISS remaining_cells=19 active_clusters=0
turn=79 result=MISS
turn=80 picked cell=3,18 target_cluster=None active_clusters=0 remaining_cells=19 scans=2
RESULT turn=80 cell=3,18 result=MISS remaining_cells=19 active_clusters=0
turn=80 result=MISS
turn=81 picked cell=5,17 target_cluster=None active_clusters=0 remaining_cells=19 scans=2
RESULT turn=81 cell=5,17 result=MISS remaining_cells=19 active_clusters=0
turn=81 result=MISS
turn=82 picked cell=5,11 target_cluster=None active_clusters=0 remaining_cells=19 scans=2
RESULT turn=82 cell=5,11 result=MISS remaining_cells=19 active_clusters=0
turn=82 result=MISS
turn=83 picked cell=6,9 target_cluster=None active_clusters=0 remaining_cells=19 scans=2
RESULT turn=83 cell=6,9 result=MISS remaining_cells=19 active_clusters=0
turn=83 result=MISS
turn=84 picked cell=0,13 target_cluster=None active_clusters=0 remaining_cells=19 scans=2
RESULT turn=84 cell=0,13 result=HIT remaining_cells=19 active_clusters=0
turn=84 result=HIT
turn=85 mode=CHASE cluster=0 cluster_len=1 cell=0,14 score=100000.381550 chase_score=5012.881550 prob=0.381550
turn=85 picked cell=0,14 target_cluster=Some(0) active_clusters=1 remaining_cells=18 scans=2
RESULT turn=85 cell=0,14 result=MISS remaining_cells=18 active_clusters=1
turn=85 result=MISS
turn=86 mode=CHASE cluster=0 cluster_len=1 cell=0,12 score=100000.163459 chase_score=5004.163459 prob=0.163459
turn=86 picked cell=0,12 target_cluster=Some(0) active_clusters=1 remaining_cells=18 scans=2
RESULT turn=86 cell=0,12 result=HIT remaining_cells=18 active_clusters=1
turn=86 result=HIT
turn=87 mode=CHASE cluster=0 cluster_len=2 cell=0,11 score=200000.176568 chase_score=10016.176568 prob=0.176568
turn=87 picked cell=0,11 target_cluster=Some(0) active_clusters=1 remaining_cells=17 scans=2
RESULT turn=87 cell=0,11 result=KILL remaining_cells=17 active_clusters=1
turn=87 result=KILL
turn=87 kill_infer inferred_len=3 committed_hits=2 cluster_hits=2
turn=88 picked cell=3,7 target_cluster=None active_clusters=0 remaining_cells=16 scans=2
RESULT turn=88 cell=3,7 result=MISS remaining_cells=16 active_clusters=0
turn=88 result=MISS
turn=89 picked cell=7,3 target_cluster=None active_clusters=0 remaining_cells=16 scans=2
RESULT turn=89 cell=7,3 result=MISS remaining_cells=16 active_clusters=0
turn=89 result=MISS
turn=90 picked cell=4,6 target_cluster=None active_clusters=0 remaining_cells=16 scans=2
RESULT turn=90 cell=4,6 result=MISS remaining_cells=16 active_clusters=0
turn=90 result=MISS
turn=91 picked cell=8,13 target_cluster=None active_clusters=0 remaining_cells=16 scans=2
RESULT turn=91 cell=8,13 result=HIT remaining_cells=16 active_clusters=0
turn=91 result=HIT
turn=92 mode=CHASE cluster=0 cluster_len=1 cell=9,13 score=100000.422121 chase_score=5008.922121 prob=0.422121
turn=92 picked cell=9,13 target_cluster=Some(0) active_clusters=1 remaining_cells=15 scans=2
RESULT turn=92 cell=9,13 result=MISS remaining_cells=15 active_clusters=1
turn=92 result=MISS
turn=93 mode=CHASE cluster=0 cluster_len=1 cell=8,12 score=100000.395392 chase_score=5006.895392 prob=0.395392
turn=93 picked cell=8,12 target_cluster=Some(0) active_clusters=1 remaining_cells=15 scans=2
RESULT turn=93 cell=8,12 result=HIT remaining_cells=15 active_clusters=1
turn=93 result=HIT
turn=94 mode=CHASE cluster=0 cluster_len=2 cell=8,11 score=200000.255539 chase_score=10026.255539 prob=0.255539
turn=94 picked cell=8,11 target_cluster=Some(0) active_clusters=1 remaining_cells=14 scans=2
RESULT turn=94 cell=8,11 result=HIT remaining_cells=14 active_clusters=1
turn=94 result=HIT
turn=95 mode=CHASE cluster=0 cluster_len=3 cell=8,10 score=300000.205772 chase_score=10018.205772 prob=0.205772
turn=95 picked cell=8,10 target_cluster=Some(0) active_clusters=1 remaining_cells=13 scans=2
RESULT turn=95 cell=8,10 result=MISS remaining_cells=13 active_clusters=1
turn=95 result=MISS
turn=96 mode=CHASE cluster=0 cluster_len=3 cell=8,14 score=300000.167814 chase_score=10008.167814 prob=0.167814
turn=96 picked cell=8,14 target_cluster=Some(0) active_clusters=1 remaining_cells=13 scans=2
RESULT turn=96 cell=8,14 result=KILL remaining_cells=13 active_clusters=1
turn=96 result=KILL
turn=96 kill_infer inferred_len=4 committed_hits=3 cluster_hits=3
turn=97 picked cell=8,2 target_cluster=None active_clusters=0 remaining_cells=12 scans=2
RESULT turn=97 cell=8,2 result=HIT remaining_cells=12 active_clusters=0
turn=97 result=HIT
turn=98 mode=CHASE cluster=0 cluster_len=1 cell=9,2 score=100000.445365 chase_score=5008.445365 prob=0.445365
turn=98 picked cell=9,2 target_cluster=Some(0) active_clusters=1 remaining_cells=11 scans=2
RESULT turn=98 cell=9,2 result=MISS remaining_cells=11 active_clusters=1
turn=98 result=MISS
turn=99 mode=CHASE cluster=0 cluster_len=1 cell=8,3 score=100000.175530 chase_score=5002.425530 prob=0.175530
turn=99 picked cell=8,3 target_cluster=Some(0) active_clusters=1 remaining_cells=11 scans=2
RESULT turn=99 cell=8,3 result=HIT remaining_cells=11 active_clusters=1
turn=99 result=HIT
turn=100 mode=CHASE cluster=0 cluster_len=2 cell=8,4 score=200000.304565 chase_score=10009.304565 prob=0.304565
turn=100 picked cell=8,4 target_cluster=Some(0) active_clusters=1 remaining_cells=10 scans=2
RESULT turn=100 cell=8,4 result=HIT remaining_cells=10 active_clusters=1
turn=100 result=HIT
turn=101 mode=CHASE cluster=0 cluster_len=3 cell=8,5 score=300000.231260 chase_score=10009.231260 prob=0.231260
turn=101 picked cell=8,5 target_cluster=Some(0) active_clusters=1 remaining_cells=9 scans=2
RESULT turn=101 cell=8,5 result=HIT remaining_cells=9 active_clusters=1
turn=101 result=HIT
turn=102 mode=CHASE cluster=0 cluster_len=4 cell=8,6 score=400000.203395 chase_score=10005.203395 prob=0.203395
turn=102 picked cell=8,6 target_cluster=Some(0) active_clusters=1 remaining_cells=8 scans=2
RESULT turn=102 cell=8,6 result=KILL remaining_cells=8 active_clusters=1
turn=102 result=KILL
turn=102 kill_infer inferred_len=5 committed_hits=4 cluster_hits=4
turn=103 picked cell=15,16 target_cluster=None active_clusters=0 remaining_cells=7 scans=2
RESULT turn=103 cell=15,16 result=MISS remaining_cells=7 active_clusters=0
turn=103 result=MISS
turn=104 picked cell=15,13 target_cluster=None active_clusters=0 remaining_cells=7 scans=2
RESULT turn=104 cell=15,13 result=MISS remaining_cells=7 active_clusters=0
turn=104 result=MISS
turn=105 picked cell=16,14 target_cluster=None active_clusters=0 remaining_cells=7 scans=2
RESULT turn=105 cell=16,14 result=MISS remaining_cells=7 active_clusters=0
turn=105 result=MISS
turn=106 picked cell=18,15 target_cluster=None active_clusters=0 remaining_cells=7 scans=2
RESULT turn=106 cell=18,15 result=MISS remaining_cells=7 active_clusters=0
turn=106 result=MISS
turn=107 picked cell=10,14 target_cluster=None active_clusters=0 remaining_cells=7 scans=2
RESULT turn=107 cell=10,14 result=MISS remaining_cells=7 active_clusters=0
turn=107 result=MISS
turn=108 picked cell=9,9 target_cluster=None active_clusters=0 remaining_cells=7 scans=2
RESULT turn=108 cell=9,9 result=MISS remaining_cells=7 active_clusters=0
turn=108 result=MISS
turn=109 picked cell=12,9 target_cluster=None active_clusters=0 remaining_cells=7 scans=2
RESULT turn=109 cell=12,9 result=MISS remaining_cells=7 active_clusters=0
turn=109 result=MISS
turn=110 picked cell=11,12 target_cluster=None active_clusters=0 remaining_cells=7 scans=2
RESULT turn=110 cell=11,12 result=MISS remaining_cells=7 active_clusters=0
turn=110 result=MISS
turn=111 picked cell=14,10 target_cluster=None active_clusters=0 remaining_cells=7 scans=2
RESULT turn=111 cell=14,10 result=MISS remaining_cells=7 active_clusters=0
turn=111 result=MISS
turn=112 picked cell=14,17 target_cluster=None active_clusters=0 remaining_cells=7 scans=2
RESULT turn=112 cell=14,17 result=MISS remaining_cells=7 active_clusters=0
turn=112 result=MISS
turn=113 picked cell=18,11 target_cluster=None active_clusters=0 remaining_cells=7 scans=2
RESULT turn=113 cell=18,11 result=MISS remaining_cells=7 active_clusters=0
turn=113 result=MISS
turn=114 picked cell=15,9 target_cluster=None active_clusters=0 remaining_cells=7 scans=2
RESULT turn=114 cell=15,9 result=MISS remaining_cells=7 active_clusters=0
turn=114 result=MISS
turn=115 picked cell=12,15 target_cluster=None active_clusters=0 remaining_cells=7 scans=2
RESULT turn=115 cell=12,15 result=MISS remaining_cells=7 active_clusters=0
turn=115 result=MISS
turn=116 picked cell=17,15 target_cluster=None active_clusters=0 remaining_cells=7 scans=2
RESULT turn=116 cell=17,15 result=MISS remaining_cells=7 active_clusters=0
turn=116 result=MISS
turn=117 picked cell=16,18 target_cluster=None active_clusters=0 remaining_cells=7 scans=2
RESULT turn=117 cell=16,18 result=MISS remaining_cells=7 active_clusters=0
turn=117 result=MISS
turn=118 picked cell=17,9 target_cluster=None active_clusters=0 remaining_cells=7 scans=2
RESULT turn=118 cell=17,9 result=MISS remaining_cells=7 active_clusters=0
turn=118 result=MISS
turn=119 picked cell=9,16 target_cluster=None active_clusters=0 remaining_cells=7 scans=2
RESULT turn=119 cell=9,16 result=MISS remaining_cells=7 active_clusters=0
turn=119 result=MISS
turn=120 picked cell=14,11 target_cluster=None active_clusters=0 remaining_cells=7 scans=2
RESULT turn=120 cell=14,11 result=MISS remaining_cells=7 active_clusters=0
turn=120 result=MISS
turn=121 picked cell=15,17 target_cluster=None active_clusters=0 remaining_cells=7 scans=2
RESULT turn=121 cell=15,17 result=HIT remaining_cells=7 active_clusters=0
turn=121 result=HIT
turn=122 mode=CHASE cluster=0 cluster_len=1 cell=16,17 score=100000.075215 chase_score=5001.075215 prob=0.075215
turn=122 picked cell=16,17 target_cluster=Some(0) active_clusters=1 remaining_cells=6 scans=2
RESULT turn=122 cell=16,17 result=HIT remaining_cells=6 active_clusters=1
turn=122 result=HIT
turn=123 mode=CHASE cluster=0 cluster_len=2 cell=17,17 score=200000.075215 chase_score=10004.075215 prob=0.075215
turn=123 picked cell=17,17 target_cluster=Some(0) active_clusters=1 remaining_cells=5 scans=2
RESULT turn=123 cell=17,17 result=HIT remaining_cells=5 active_clusters=1
turn=123 result=HIT
turn=124 mode=CHASE cluster=0 cluster_len=3 cell=18,17 score=300000.075215 chase_score=10004.075215 prob=0.075215
turn=124 picked cell=18,17 target_cluster=Some(0) active_clusters=1 remaining_cells=4 scans=2
RESULT turn=124 cell=18,17 result=KILL remaining_cells=4 active_clusters=1
turn=124 result=KILL
turn=124 kill_infer inferred_len=4 committed_hits=3 cluster_hits=3
turn=125 picked cell=7,8 target_cluster=None active_clusters=0 remaining_cells=3 scans=2
RESULT turn=125 cell=7,8 result=MISS remaining_cells=3 active_clusters=0
turn=125 result=MISS
turn=126 picked cell=8,7 target_cluster=None active_clusters=0 remaining_cells=3 scans=2
RESULT turn=126 cell=8,7 result=MISS remaining_cells=3 active_clusters=0
turn=126 result=MISS
turn=127 picked cell=6,8 target_cluster=None active_clusters=0 remaining_cells=3 scans=2
RESULT turn=127 cell=6,8 result=MISS remaining_cells=3 active_clusters=0
turn=127 result=MISS
turn=128 picked cell=7,5 target_cluster=None active_clusters=0 remaining_cells=3 scans=2
RESULT turn=128 cell=7,5 result=MISS remaining_cells=3 active_clusters=0
turn=128 result=MISS
turn=129 picked cell=6,7 target_cluster=None active_clusters=0 remaining_cells=3 scans=2
RESULT turn=129 cell=6,7 result=MISS remaining_cells=3 active_clusters=0
turn=129 result=MISS
turn=130 picked cell=5,8 target_cluster=None active_clusters=0 remaining_cells=3 scans=2
RESULT turn=130 cell=5,8 result=MISS remaining_cells=3 active_clusters=0
turn=130 result=MISS
turn=131 picked cell=6,6 target_cluster=None active_clusters=0 remaining_cells=3 scans=2
RESULT turn=131 cell=6,6 result=MISS remaining_cells=3 active_clusters=0
turn=131 result=MISS
turn=132 picked cell=7,6 target_cluster=None active_clusters=0 remaining_cells=3 scans=2
RESULT turn=132 cell=7,6 result=MISS remaining_cells=3 active_clusters=0
turn=132 result=MISS
turn=133 picked cell=4,8 target_cluster=None active_clusters=0 remaining_cells=3 scans=2
RESULT turn=133 cell=4,8 result=MISS remaining_cells=3 active_clusters=0
turn=133 result=MISS
turn=134 picked cell=5,6 target_cluster=None active_clusters=0 remaining_cells=3 scans=2
RESULT turn=134 cell=5,6 result=MISS remaining_cells=3 active_clusters=0
turn=134 result=MISS
turn=135 picked cell=5,7 target_cluster=None active_clusters=0 remaining_cells=3 scans=2
RESULT turn=135 cell=5,7 result=MISS remaining_cells=3 active_clusters=0
turn=135 result=MISS
turn=136 picked cell=7,4 target_cluster=None active_clusters=0 remaining_cells=3 scans=2
RESULT turn=136 cell=7,4 result=MISS remaining_cells=3 active_clusters=0
turn=136 result=MISS
turn=137 picked cell=4,7 target_cluster=None active_clusters=0 remaining_cells=3 scans=2
RESULT turn=137 cell=4,7 result=MISS remaining_cells=3 active_clusters=0
turn=137 result=MISS
turn=138 picked cell=2,7 target_cluster=None active_clusters=0 remaining_cells=3 scans=2
RESULT turn=138 cell=2,7 result=MISS remaining_cells=3 active_clusters=0
turn=138 result=MISS
turn=139 picked cell=6,5 target_cluster=None active_clusters=0 remaining_cells=3 scans=2
RESULT turn=139 cell=6,5 result=MISS remaining_cells=3 active_clusters=0
turn=139 result=MISS
turn=140 picked cell=2,8 target_cluster=None active_clusters=0 remaining_cells=3 scans=2
RESULT turn=140 cell=2,8 result=MISS remaining_cells=3 active_clusters=0
turn=140 result=MISS
turn=141 picked cell=3,8 target_cluster=None active_clusters=0 remaining_cells=3 scans=2
RESULT turn=141 cell=3,8 result=KILL remaining_cells=3 active_clusters=0
turn=141 result=KILL
turn=142 picked cell=8,9 target_cluster=None active_clusters=0 remaining_cells=2 scans=2
RESULT turn=142 cell=8,9 result=MISS remaining_cells=2 active_clusters=0
turn=142 result=MISS
turn=143 picked cell=9,8 target_cluster=None active_clusters=0 remaining_cells=2 scans=2
RESULT turn=143 cell=9,8 result=MISS remaining_cells=2 active_clusters=0
turn=143 result=MISS
turn=144 picked cell=6,10 target_cluster=None active_clusters=0 remaining_cells=2 scans=2
RESULT turn=144 cell=6,10 result=MISS remaining_cells=2 active_clusters=0
turn=144 result=MISS
turn=145 picked cell=7,9 target_cluster=None active_clusters=0 remaining_cells=2 scans=2
RESULT turn=145 cell=7,9 result=MISS remaining_cells=2 active_clusters=0
turn=145 result=MISS
turn=146 picked cell=7,11 target_cluster=None active_clusters=0 remaining_cells=2 scans=2
RESULT turn=146 cell=7,11 result=MISS remaining_cells=2 active_clusters=0
turn=146 result=MISS
turn=147 picked cell=9,7 target_cluster=None active_clusters=0 remaining_cells=2 scans=2
RESULT turn=147 cell=9,7 result=MISS remaining_cells=2 active_clusters=0
turn=147 result=MISS
turn=148 picked cell=10,8 target_cluster=None active_clusters=0 remaining_cells=2 scans=2
RESULT turn=148 cell=10,8 result=MISS remaining_cells=2 active_clusters=0
turn=148 result=MISS
turn=149 picked cell=11,8 target_cluster=None active_clusters=0 remaining_cells=2 scans=2
RESULT turn=149 cell=11,8 result=MISS remaining_cells=2 active_clusters=0
turn=149 result=MISS
turn=150 picked cell=10,7 target_cluster=None active_clusters=0 remaining_cells=2 scans=2
RESULT turn=150 cell=10,7 result=MISS remaining_cells=2 active_clusters=0
turn=150 result=MISS
turn=151 picked cell=9,10 target_cluster=None active_clusters=0 remaining_cells=2 scans=2
RESULT turn=151 cell=9,10 result=MISS remaining_cells=2 active_clusters=0
turn=151 result=MISS
turn=152 picked cell=7,12 target_cluster=None active_clusters=0 remaining_cells=2 scans=2
RESULT turn=152 cell=7,12 result=MISS remaining_cells=2 active_clusters=0
turn=152 result=MISS
turn=153 picked cell=11,7 target_cluster=None active_clusters=0 remaining_cells=2 scans=2
RESULT turn=153 cell=11,7 result=MISS remaining_cells=2 active_clusters=0
turn=153 result=MISS
turn=154 picked cell=6,11 target_cluster=None active_clusters=0 remaining_cells=2 scans=2
RESULT turn=154 cell=6,11 result=MISS remaining_cells=2 active_clusters=0
turn=154 result=MISS
turn=155 picked cell=5,9 target_cluster=None active_clusters=0 remaining_cells=2 scans=2
RESULT turn=155 cell=5,9 result=MISS remaining_cells=2 active_clusters=0
turn=155 result=MISS
turn=156 picked cell=9,12 target_cluster=None active_clusters=0 remaining_cells=2 scans=2
RESULT turn=156 cell=9,12 result=MISS remaining_cells=2 active_clusters=0
turn=156 result=MISS
turn=157 picked cell=5,10 target_cluster=None active_clusters=0 remaining_cells=2 scans=2
RESULT turn=157 cell=5,10 result=MISS remaining_cells=2 active_clusters=0
turn=157 result=MISS
turn=158 picked cell=10,9 target_cluster=None active_clusters=0 remaining_cells=2 scans=2
RESULT turn=158 cell=10,9 result=MISS remaining_cells=2 active_clusters=0
turn=158 result=MISS
turn=159 picked cell=12,8 target_cluster=None active_clusters=0 remaining_cells=2 scans=2
RESULT turn=159 cell=12,8 result=MISS remaining_cells=2 active_clusters=0
turn=159 result=MISS
turn=160 picked cell=10,6 target_cluster=None active_clusters=0 remaining_cells=2 scans=2
RESULT turn=160 cell=10,6 result=MISS remaining_cells=2 active_clusters=0
turn=160 result=MISS
turn=161 picked cell=10,11 target_cluster=None active_clusters=0 remaining_cells=2 scans=2
RESULT turn=161 cell=10,11 result=MISS remaining_cells=2 active_clusters=0
turn=161 result=MISS
turn=162 picked cell=7,13 target_cluster=None active_clusters=0 remaining_cells=2 scans=2
RESULT turn=162 cell=7,13 result=MISS remaining_cells=2 active_clusters=0
turn=162 result=MISS
turn=163 picked cell=11,10 target_cluster=None active_clusters=0 remaining_cells=2 scans=2
RESULT turn=163 cell=11,10 result=MISS remaining_cells=2 active_clusters=0
turn=163 result=MISS
turn=164 picked cell=9,5 target_cluster=None active_clusters=0 remaining_cells=2 scans=2
RESULT turn=164 cell=9,5 result=KILL remaining_cells=2 active_clusters=0
turn=164 result=KILL
turn=165 picked cell=3,9 target_cluster=None active_clusters=0 remaining_cells=1 scans=2
RESULT turn=165 cell=3,9 result=MISS remaining_cells=1 active_clusters=0
turn=165 result=MISS
turn=166 picked cell=5,12 target_cluster=None active_clusters=0 remaining_cells=1 scans=2
RESULT turn=166 cell=5,12 result=MISS remaining_cells=1 active_clusters=0
turn=166 result=MISS
turn=167 picked cell=4,10 target_cluster=None active_clusters=0 remaining_cells=1 scans=2
RESULT turn=167 cell=4,10 result=MISS remaining_cells=1 active_clusters=0
turn=167 result=MISS
turn=168 picked cell=4,11 target_cluster=None active_clusters=0 remaining_cells=1 scans=2
RESULT turn=168 cell=4,11 result=MISS remaining_cells=1 active_clusters=0
turn=168 result=MISS
turn=169 picked cell=6,15 target_cluster=None active_clusters=0 remaining_cells=1 scans=2
RESULT turn=169 cell=6,15 result=MISS remaining_cells=1 active_clusters=0
turn=169 result=MISS
turn=170 picked cell=4,12 target_cluster=None active_clusters=0 remaining_cells=1 scans=2
RESULT turn=170 cell=4,12 result=MISS remaining_cells=1 active_clusters=0
turn=170 result=MISS
turn=171 picked cell=6,13 target_cluster=None active_clusters=0 remaining_cells=1 scans=2
RESULT turn=171 cell=6,13 result=MISS remaining_cells=1 active_clusters=0
turn=171 result=MISS
turn=172 picked cell=8,16 target_cluster=None active_clusters=0 remaining_cells=1 scans=2
RESULT turn=172 cell=8,16 result=MISS remaining_cells=1 active_clusters=0
turn=172 result=MISS
turn=173 picked cell=2,9 target_cluster=None active_clusters=0 remaining_cells=1 scans=2
RESULT turn=173 cell=2,9 result=MISS remaining_cells=1 active_clusters=0
turn=173 result=MISS
turn=174 picked cell=3,11 target_cluster=None active_clusters=0 remaining_cells=1 scans=2
RESULT turn=174 cell=3,11 result=MISS remaining_cells=1 active_clusters=0
turn=174 result=MISS
turn=175 picked cell=1,10 target_cluster=None active_clusters=0 remaining_cells=1 scans=2
RESULT turn=175 cell=1,10 result=MISS remaining_cells=1 active_clusters=0
turn=175 result=MISS
turn=176 picked cell=1,9 target_cluster=None active_clusters=0 remaining_cells=1 scans=2
RESULT turn=176 cell=1,9 result=MISS remaining_cells=1 active_clusters=0
turn=176 result=MISS
turn=177 picked cell=0,9 target_cluster=None active_clusters=0 remaining_cells=1 scans=2
RESULT turn=177 cell=0,9 result=MISS remaining_cells=1 active_clusters=0
turn=177 result=MISS
turn=178 picked cell=5,14 target_cluster=None active_clusters=0 remaining_cells=1 scans=2
RESULT turn=178 cell=5,14 result=MISS remaining_cells=1 active_clusters=0
turn=178 result=MISS
turn=179 picked cell=0,10 target_cluster=None active_clusters=0 remaining_cells=1 scans=2
RESULT turn=179 cell=0,10 result=MISS remaining_cells=1 active_clusters=0
turn=179 result=MISS
turn=180 picked cell=7,15 target_cluster=None active_clusters=0 remaining_cells=1 scans=2
RESULT turn=180 cell=7,15 result=MISS remaining_cells=1 active_clusters=0
turn=180 result=MISS
turn=181 picked cell=4,13 target_cluster=None active_clusters=0 remaining_cells=1 scans=2
RESULT turn=181 cell=4,13 result=MISS remaining_cells=1 active_clusters=0
turn=181 result=MISS
turn=182 picked cell=6,14 target_cluster=None active_clusters=0 remaining_cells=1 scans=2
RESULT turn=182 cell=6,14 result=MISS remaining_cells=1 active_clusters=0
turn=182 result=MISS
turn=183 picked cell=8,17 target_cluster=None active_clusters=0 remaining_cells=1 scans=2
RESULT turn=183 cell=8,17 result=MISS remaining_cells=1 active_clusters=0
turn=183 result=MISS
turn=184 picked cell=3,12 target_cluster=None active_clusters=0 remaining_cells=1 scans=2
RESULT turn=184 cell=3,12 result=MISS remaining_cells=1 active_clusters=0
turn=184 result=MISS
turn=185 picked cell=6,17 target_cluster=None active_clusters=0 remaining_cells=1 scans=2
RESULT turn=185 cell=6,17 result=MISS remaining_cells=1 active_clusters=0
turn=185 result=MISS
turn=186 picked cell=7,16 target_cluster=None active_clusters=0 remaining_cells=1 scans=2
RESULT turn=186 cell=7,16 result=MISS remaining_cells=1 active_clusters=0
turn=186 result=MISS
turn=187 picked cell=7,17 target_cluster=None active_clusters=0 remaining_cells=1 scans=2
RESULT turn=187 cell=7,17 result=MISS remaining_cells=1 active_clusters=0
turn=187 result=MISS
turn=188 picked cell=4,14 target_cluster=None active_clusters=0 remaining_cells=1 scans=2
RESULT turn=188 cell=4,14 result=MISS remaining_cells=1 active_clusters=0
turn=188 result=MISS
turn=189 picked cell=5,15 target_cluster=None active_clusters=0 remaining_cells=1 scans=2
RESULT turn=189 cell=5,15 result=MISS remaining_cells=1 active_clusters=0
turn=189 result=MISS
turn=190 picked cell=7,18 target_cluster=None active_clusters=0 remaining_cells=1 scans=2
RESULT turn=190 cell=7,18 result=KILL remaining_cells=1 active_clusters=0
turn=190 result=KILL
