GAME n=19 p=0.723596 remaining_cells=101 remaining=[0, 7, 0, 1, 4, 4, 4, 2, 1, 1]
turn=1 mode=SCAN region=0,0,8,18
turn=1 result=SCAN count=37
turn=2 mode=SCAN region=0,0,18,8
turn=2 result=SCAN count=59
turn=3 picked cell=11,7 target_cluster=None active_clusters=0 remaining_cells=101 scans=2
RESULT turn=3 cell=11,7 result=MISS remaining_cells=101 active_clusters=0
turn=3 result=MISS
turn=4 picked cell=10,8 target_cluster=None active_clusters=0 remaining_cells=101 scans=2
RESULT turn=4 cell=10,8 result=MISS remaining_cells=101 active_clusters=0
turn=4 result=MISS
turn=5 picked cell=12,6 target_cluster=None active_clusters=0 remaining_cells=101 scans=2
RESULT turn=5 cell=12,6 result=HIT remaining_cells=101 active_clusters=0
turn=5 result=HIT
turn=6 mode=CHASE cluster=0 cluster_len=1 cell=11,6 score=100001.312727 chase_score=5115.562727 prob=1.312727
turn=6 picked cell=11,6 target_cluster=Some(0) active_clusters=1 remaining_cells=100 scans=2
RESULT turn=6 cell=11,6 result=MISS remaining_cells=100 active_clusters=1
turn=6 result=MISS
turn=7 mode=CHASE cluster=0 cluster_len=1 cell=12,7 score=100001.332677 chase_score=5115.582677 prob=1.332677
turn=7 picked cell=12,7 target_cluster=Some(0) active_clusters=1 remaining_cells=100 scans=2
RESULT turn=7 cell=12,7 result=HIT remaining_cells=100 active_clusters=1
turn=7 result=HIT
turn=8 mode=CHASE cluster=0 cluster_len=2 cell=12,8 score=200001.526331 chase_score=10373.526331 prob=1.526331
turn=8 picked cell=12,8 target_cluster=Some(0) active_clusters=1 remaining_cells=99 scans=2
RESULT turn=8 cell=12,8 result=HIT remaining_cells=99 active_clusters=1
turn=8 result=HIT
turn=9 mode=CHASE cluster=0 cluster_len=3 cell=12,9 score=300002.314391 chase_score=10280.314391 prob=2.314391
turn=9 picked cell=12,9 target_cluster=Some(0) active_clusters=1 remaining_cells=98 scans=2
RESULT turn=9 cell=12,9 result=HIT remaining_cells=98 active_clusters=1
turn=9 result=HIT
turn=10 mode=CHASE cluster=0 cluster_len=4 cell=12,10 score=400002.314391 chase_score=10189.314391 prob=2.314391
turn=10 picked cell=12,10 target_cluster=Some(0) active_clusters=1 remaining_cells=97 scans=2
RESULT turn=10 cell=12,10 result=HIT remaining_cells=97 active_clusters=1
turn=10 result=HIT
turn=11 mode=CHASE cluster=0 cluster_len=5 cell=12,11 score=500002.292997 chase_score=10114.292997 prob=2.292997
turn=11 picked cell=12,11 target_cluster=Some(0) active_clusters=1 remaining_cells=96 scans=2
RESULT turn=11 cell=12,11 result=MISS remaining_cells=96 active_clusters=1
turn=11 result=MISS
turn=12 mode=CHASE cluster=0 cluster_len=5 cell=12,5 score=500002.110515 chase_score=10057.110515 prob=2.110515
turn=12 picked cell=12,5 target_cluster=Some(0) active_clusters=1 remaining_cells=96 scans=2
RESULT turn=12 cell=12,5 result=HIT remaining_cells=96 active_clusters=1
turn=12 result=HIT
turn=13 mode=CHASE cluster=0 cluster_len=6 cell=12,4 score=600002.060129 chase_score=10033.060129 prob=2.060129
turn=13 picked cell=12,4 target_cluster=Some(0) active_clusters=1 remaining_cells=95 scans=2
RESULT turn=13 cell=12,4 result=HIT remaining_cells=95 active_clusters=1
turn=13 result=HIT
turn=14 mode=CHASE cluster=0 cluster_len=7 cell=12,3 score=700001.938637 chase_score=10018.938637 prob=1.938637
turn=14 picked cell=12,3 target_cluster=Some(0) active_clusters=1 remaining_cells=94 scans=2
RESULT turn=14 cell=12,3 result=KILL remaining_cells=94 active_clusters=1
turn=14 result=KILL
turn=14 kill_infer inferred_len=8 committed_hits=7 cluster_hits=7
turn=15 picked cell=9,2 target_cluster=None active_clusters=0 remaining_cells=93 scans=2
RESULT turn=15 cell=9,2 result=HIT remaining_cells=93 active_clusters=0
turn=15 result=HIT
turn=16 mode=CHASE cluster=0 cluster_len=1 cell=8,2 score=100001.750412 chase_score=5104.250412 prob=1.750412
turn=16 picked cell=8,2 target_cluster=Some(0) active_clusters=1 remaining_cells=92 scans=2
RESULT turn=16 cell=8,2 result=HIT remaining_cells=92 active_clusters=1
turn=16 result=HIT
turn=17 mode=CHASE cluster=0 cluster_len=2 cell=7,2 score=200001.726172 chase_score=10325.726172 prob=1.726172
turn=17 picked cell=7,2 target_cluster=Some(0) active_clusters=1 remaining_cells=91 scans=2
RESULT turn=17 cell=7,2 result=HIT remaining_cells=91 active_clusters=1
turn=17 result=HIT
turn=18 mode=CHASE cluster=0 cluster_len=3 cell=6,2 score=300001.701933 chase_score=10239.701933 prob=1.701933
turn=18 picked cell=6,2 target_cluster=Some(0) active_clusters=1 remaining_cells=90 scans=2
RESULT turn=18 cell=6,2 result=HIT remaining_cells=90 active_clusters=1
turn=18 result=HIT
turn=19 mode=CHASE cluster=0 cluster_len=4 cell=5,2 score=400001.644160 chase_score=10156.644160 prob=1.644160
turn=19 picked cell=5,2 target_cluster=Some(0) active_clusters=1 remaining_cells=89 scans=2
RESULT turn=19 cell=5,2 result=HIT remaining_cells=89 active_clusters=1
turn=19 result=HIT
turn=20 mode=CHASE cluster=0 cluster_len=5 cell=10,2 score=500001.644160 chase_score=10089.644160 prob=1.644160
turn=20 picked cell=10,2 target_cluster=Some(0) active_clusters=1 remaining_cells=88 scans=2
RESULT turn=20 cell=10,2 result=HIT remaining_cells=88 active_clusters=1
turn=20 result=HIT
turn=21 mode=CHASE cluster=0 cluster_len=6 cell=4,2 score=600001.532174 chase_score=10042.532174 prob=1.532174
turn=21 picked cell=4,2 target_cluster=Some(0) active_clusters=1 remaining_cells=87 scans=2
RESULT turn=21 cell=4,2 result=HIT remaining_cells=87 active_clusters=1
turn=21 result=HIT
turn=22 mode=CHASE cluster=0 cluster_len=7 cell=11,2 score=700001.401442 chase_score=10019.401442 prob=1.401442
turn=22 picked cell=11,2 target_cluster=Some(0) active_clusters=1 remaining_cells=86 scans=2
RESULT turn=22 cell=11,2 result=MISS remaining_cells=86 active_clusters=1
turn=22 result=MISS
turn=23 mode=CHASE cluster=0 cluster_len=7 cell=3,2 score=700001.375766 chase_score=10010.375766 prob=1.375766
turn=23 picked cell=3,2 target_cluster=Some(0) active_clusters=1 remaining_cells=86 scans=2
RESULT turn=23 cell=3,2 result=HIT remaining_cells=86 active_clusters=1
turn=23 result=HIT
turn=24 mode=CHASE cluster=0 cluster_len=8 cell=2,2 score=800001.209400 chase_score=10010.209400 prob=1.209400
turn=24 picked cell=2,2 target_cluster=Some(0) active_clusters=1 remaining_cells=85 scans=2
RESULT turn=24 cell=2,2 result=KILL remaining_cells=85 active_clusters=1
turn=24 result=KILL
turn=24 kill_infer inferred_len=9 committed_hits=8 cluster_hits=8
turn=25 picked cell=13,12 target_cluster=None active_clusters=0 remaining_cells=84 scans=2
RESULT turn=25 cell=13,12 result=MISS remaining_cells=84 active_clusters=0
turn=25 result=MISS
turn=26 picked cell=11,13 target_cluster=None active_clusters=0 remaining_cells=84 scans=2
RESULT turn=26 cell=11,13 result=HIT remaining_cells=84 active_clusters=0
turn=26 result=HIT
turn=27 mode=CHASE cluster=0 cluster_len=1 cell=10,13 score=100001.875138 chase_score=5086.375138 prob=1.875138
turn=27 picked cell=10,13 target_cluster=Some(0) active_clusters=1 remaining_cells=83 scans=2
RESULT turn=27 cell=10,13 result=MISS remaining_cells=83 active_clusters=1
turn=27 result=MISS
turn=28 mode=CHASE cluster=0 cluster_len=1 cell=11,14 score=100001.962161 chase_score=5082.962161 prob=1.962161
turn=28 picked cell=11,14 target_cluster=Some(0) active_clusters=1 remaining_cells=83 scans=2
RESULT turn=28 cell=11,14 result=HIT remaining_cells=83 active_clusters=1
turn=28 result=HIT
turn=29 mode=CHASE cluster=0 cluster_len=2 cell=11,12 score=200001.305524 chase_score=10262.305524 prob=1.305524
turn=29 picked cell=11,12 target_cluster=Some(0) active_clusters=1 remaining_cells=82 scans=2
RESULT turn=29 cell=11,12 result=HIT remaining_cells=82 active_clusters=1
turn=29 result=HIT
turn=30 mode=CHASE cluster=0 cluster_len=3 cell=11,15 score=300001.815346 chase_score=10185.815346 prob=1.815346
turn=30 picked cell=11,15 target_cluster=Some(0) active_clusters=1 remaining_cells=81 scans=2
RESULT turn=30 cell=11,15 result=HIT remaining_cells=81 active_clusters=1
turn=30 result=HIT
turn=31 mode=CHASE cluster=0 cluster_len=4 cell=11,16 score=400001.632272 chase_score=10111.632272 prob=1.632272
turn=31 picked cell=11,16 target_cluster=Some(0) active_clusters=1 remaining_cells=80 scans=2
RESULT turn=31 cell=11,16 result=MISS remaining_cells=80 active_clusters=1
turn=31 result=MISS
turn=32 mode=CHASE cluster=0 cluster_len=4 cell=11,11 score=400000.850135 chase_score=10058.850135 prob=0.850135
turn=32 picked cell=11,11 target_cluster=Some(0) active_clusters=1 remaining_cells=80 scans=2
RESULT turn=32 cell=11,11 result=KILL remaining_cells=80 active_clusters=1
turn=32 result=KILL
turn=32 kill_infer inferred_len=5 committed_hits=4 cluster_hits=4
turn=33 picked cell=13,1 target_cluster=None active_clusters=0 remaining_cells=79 scans=2
RESULT turn=33 cell=13,1 result=HIT remaining_cells=79 active_clusters=0
turn=33 result=HIT
turn=34 mode=CHASE cluster=0 cluster_len=1 cell=12,1 score=100001.087934 chase_score=5080.587934 prob=1.087934
turn=34 picked cell=12,1 target_cluster=Some(0) active_clusters=1 remaining_cells=78 scans=2
RESULT turn=34 cell=12,1 result=MISS remaining_cells=78 active_clusters=1
turn=34 result=MISS
turn=35 mode=CHASE cluster=0 cluster_len=1 cell=13,2 score=100000.958290 chase_score=5036.958290 prob=0.958290
turn=35 picked cell=13,2 target_cluster=Some(0) active_clusters=1 remaining_cells=78 scans=2
RESULT turn=35 cell=13,2 result=HIT remaining_cells=78 active_clusters=1
turn=35 result=HIT
turn=36 mode=CHASE cluster=0 cluster_len=2 cell=13,3 score=200000.951306 chase_score=10141.951306 prob=0.951306
turn=36 picked cell=13,3 target_cluster=Some(0) active_clusters=1 remaining_cells=77 scans=2
RESULT turn=36 cell=13,3 result=HIT remaining_cells=77 active_clusters=1
turn=36 result=HIT
turn=37 mode=CHASE cluster=0 cluster_len=3 cell=13,4 score=300001.099352 chase_score=10123.099352 prob=1.099352
turn=37 picked cell=13,4 target_cluster=Some(0) active_clusters=1 remaining_cells=76 scans=2
RESULT turn=37 cell=13,4 result=HIT remaining_cells=76 active_clusters=1
turn=37 result=HIT
turn=38 mode=CHASE cluster=0 cluster_len=4 cell=13,5 score=400001.208483 chase_score=10092.208483 prob=1.208483
turn=38 picked cell=13,5 target_cluster=Some(0) active_clusters=1 remaining_cells=75 scans=2
RESULT turn=38 cell=13,5 result=HIT remaining_cells=75 active_clusters=1
turn=38 result=HIT
turn=39 mode=CHASE cluster=0 cluster_len=5 cell=13,6 score=500001.208483 chase_score=10053.208483 prob=1.208483
turn=39 picked cell=13,6 target_cluster=Some(0) active_clusters=1 remaining_cells=74 scans=2
RESULT turn=39 cell=13,6 result=KILL remaining_cells=74 active_clusters=1
turn=39 result=KILL
turn=39 kill_infer inferred_len=6 committed_hits=5 cluster_hits=5
turn=40 picked cell=16,7 target_cluster=None active_clusters=0 remaining_cells=73 scans=2
RESULT turn=40 cell=16,7 result=MISS remaining_cells=73 active_clusters=0
turn=40 result=MISS
turn=41 picked cell=15,8 target_cluster=None active_clusters=0 remaining_cells=73 scans=2
RESULT turn=41 cell=15,8 result=HIT remaining_cells=73 active_clusters=0
turn=41 result=HIT
turn=42 mode=CHASE cluster=0 cluster_len=1 cell=15,9 score=100001.330055 chase_score=5073.330055 prob=1.330055
turn=42 picked cell=15,9 target_cluster=Some(0) active_clusters=1 remaining_cells=72 scans=2
RESULT turn=42 cell=15,9 result=HIT remaining_cells=72 active_clusters=1
turn=42 result=HIT
turn=43 mode=CHASE cluster=0 cluster_len=2 cell=15,10 score=200001.330055 chase_score=10223.330055 prob=1.330055
turn=43 picked cell=15,10 target_cluster=Some(0) active_clusters=1 remaining_cells=71 scans=2
RESULT turn=43 cell=15,10 result=HIT remaining_cells=71 active_clusters=1
turn=43 result=HIT
turn=44 mode=CHASE cluster=0 cluster_len=3 cell=15,11 score=300001.330055 chase_score=10157.330055 prob=1.330055
turn=44 picked cell=15,11 target_cluster=Some(0) active_clusters=1 remaining_cells=70 scans=2
RESULT turn=44 cell=15,11 result=MISS remaining_cells=70 active_clusters=1
turn=44 result=MISS
turn=45 mode=CHASE cluster=0 cluster_len=3 cell=15,7 score=300000.793337 chase_score=10063.793337 prob=0.793337
turn=45 picked cell=15,7 target_cluster=Some(0) active_clusters=1 remaining_cells=70 scans=2
RESULT turn=45 cell=15,7 result=HIT remaining_cells=70 active_clusters=1
turn=45 result=HIT
turn=46 mode=CHASE cluster=0 cluster_len=4 cell=15,6 score=400001.067423 chase_score=10048.067423 prob=1.067423
turn=46 picked cell=15,6 target_cluster=Some(0) active_clusters=1 remaining_cells=69 scans=2
RESULT turn=46 cell=15,6 result=HIT remaining_cells=69 active_clusters=1
turn=46 result=HIT
turn=47 mode=CHASE cluster=0 cluster_len=5 cell=15,5 score=500001.121481 chase_score=10033.121481 prob=1.121481
turn=47 picked cell=15,5 target_cluster=Some(0) active_clusters=1 remaining_cells=68 scans=2
RESULT turn=47 cell=15,5 result=HIT remaining_cells=68 active_clusters=1
turn=47 result=HIT
turn=48 mode=CHASE cluster=0 cluster_len=6 cell=15,4 score=600001.067423 chase_score=10015.067423 prob=1.067423
turn=48 picked cell=15,4 target_cluster=Some(0) active_clusters=1 remaining_cells=67 scans=2
RESULT turn=48 cell=15,4 result=HIT remaining_cells=67 active_clusters=1
turn=48 result=HIT
turn=49 mode=CHASE cluster=0 cluster_len=7 cell=15,3 score=700000.926181 chase_score=10000.926181 prob=0.926181
turn=49 picked cell=15,3 target_cluster=Some(0) active_clusters=1 remaining_cells=66 scans=2
RESULT turn=49 cell=15,3 result=KILL remaining_cells=66 active_clusters=1
turn=49 result=KILL
turn=49 kill_infer inferred_len=7 committed_hits=6 cluster_hits=7
turn=50 mode=CHASE cluster=0 cluster_len=1 cell=16,10 score=100000.834199 chase_score=5026.334199 prob=0.834199
turn=50 picked cell=16,10 target_cluster=Some(0) active_clusters=1 remaining_cells=65 scans=2
RESULT turn=50 cell=16,10 result=MISS remaining_cells=65 active_clusters=1
turn=50 result=MISS
turn=51 mode=CHASE cluster=0 cluster_len=1 cell=14,10 score=100000.946731 chase_score=5001.696731 prob=0.946731
turn=51 picked cell=14,10 target_cluster=Some(0) active_clusters=1 remaining_cells=65 scans=2
RESULT turn=51 cell=14,10 result=MISS remaining_cells=65 active_clusters=1
turn=51 result=MISS
turn=52 picked cell=5,7 target_cluster=None active_clusters=1 remaining_cells=65 scans=2
RESULT turn=52 cell=5,7 result=MISS remaining_cells=65 active_clusters=1
turn=52 result=MISS
turn=53 picked cell=4,8 target_cluster=None active_clusters=1 remaining_cells=65 scans=2
RESULT turn=53 cell=4,8 result=HIT remaining_cells=65 active_clusters=1
turn=53 result=HIT
turn=54 mode=CHASE cluster=1 cluster_len=1 cell=4,9 score=100001.831239 chase_score=5063.331239 prob=1.831239
turn=54 picked cell=4,9 target_cluster=Some(1) active_clusters=2 remaining_cells=64 scans=2
RESULT turn=54 cell=4,9 result=MISS remaining_cells=64 active_clusters=2
turn=54 result=MISS
turn=55 mode=CHASE cluster=1 cluster_len=1 cell=5,8 score=100001.070008 chase_score=5059.070008 prob=1.070008
turn=55 picked cell=5,8 target_cluster=Some(1) active_clusters=2 remaining_cells=64 scans=2
RESULT turn=55 cell=5,8 result=HIT remaining_cells=64 active_clusters=2
turn=55 result=HIT
turn=56 mode=CHASE cluster=1 cluster_len=2 cell=3,8 score=200001.736061 chase_score=10181.736061 prob=1.736061
turn=56 picked cell=3,8 target_cluster=Some(1) active_clusters=2 remaining_cells=63 scans=2
RESULT turn=56 cell=3,8 result=HIT remaining_cells=63 active_clusters=2
turn=56 result=HIT
turn=57 mode=CHASE cluster=1 cluster_len=3 cell=6,8 score=300001.736061 chase_score=10129.736061 prob=1.736061
turn=57 picked cell=6,8 target_cluster=Some(1) active_clusters=2 remaining_cells=62 scans=2
RESULT turn=57 cell=6,8 result=MISS remaining_cells=62 active_clusters=2
turn=57 result=MISS
turn=58 mode=CHASE cluster=1 cluster_len=3 cell=2,8 score=300001.348771 chase_score=10050.348771 prob=1.348771
turn=58 picked cell=2,8 target_cluster=Some(1) active_clusters=2 remaining_cells=62 scans=2
RESULT turn=58 cell=2,8 result=HIT remaining_cells=62 active_clusters=2
turn=58 result=HIT
turn=59 mode=CHASE cluster=1 cluster_len=4 cell=1,8 score=400001.319417 chase_score=10034.319417 prob=1.319417
turn=59 picked cell=1,8 target_cluster=Some(1) active_clusters=2 remaining_cells=61 scans=2
RESULT turn=59 cell=1,8 result=KILL remaining_cells=61 active_clusters=2
turn=59 result=KILL
turn=59 kill_infer inferred_len=5 committed_hits=4 cluster_hits=4
turn=60 picked cell=9,10 target_cluster=None active_clusters=1 remaining_cells=60 scans=2
RESULT turn=60 cell=9,10 result=HIT remaining_cells=60 active_clusters=1
turn=60 result=HIT
turn=61 mode=CHASE cluster=1 cluster_len=1 cell=9,9 score=100001.488534 chase_score=5057.988534 prob=1.488534
turn=61 picked cell=9,9 target_cluster=Some(1) active_clusters=2 remaining_cells=59 scans=2
RESULT turn=61 cell=9,9 result=MISS remaining_cells=59 active_clusters=2
turn=61 result=MISS
turn=62 mode=CHASE cluster=1 cluster_len=1 cell=8,10 score=100001.848436 chase_score=5041.598436 prob=1.848436
turn=62 picked cell=8,10 target_cluster=Some(1) active_clusters=2 remaining_cells=59 scans=2
RESULT turn=62 cell=8,10 result=HIT remaining_cells=59 active_clusters=2
turn=62 result=HIT
turn=63 mode=CHASE cluster=1 cluster_len=2 cell=7,10 score=200001.983109 chase_score=10141.983109 prob=1.983109
turn=63 picked cell=7,10 target_cluster=Some(1) active_clusters=2 remaining_cells=58 scans=2
RESULT turn=63 cell=7,10 result=HIT remaining_cells=58 active_clusters=2
turn=63 result=HIT
turn=64 mode=CHASE cluster=1 cluster_len=3 cell=6,10 score=300001.436283 chase_score=10112.436283 prob=1.436283
turn=64 picked cell=6,10 target_cluster=Some(1) active_clusters=2 remaining_cells=57 scans=2
RESULT turn=64 cell=6,10 result=MISS remaining_cells=57 active_clusters=2
turn=64 result=MISS
turn=65 mode=CHASE cluster=1 cluster_len=3 cell=10,10 score=300000.268437 chase_score=10026.268437 prob=0.268437
turn=65 picked cell=10,10 target_cluster=Some(1) active_clusters=2 remaining_cells=57 scans=2
RESULT turn=65 cell=10,10 result=HIT remaining_cells=57 active_clusters=2
turn=65 result=HIT
turn=66 mode=CHASE cluster=1 cluster_len=4 cell=11,10 score=400000.144517 chase_score=10010.144517 prob=0.144517
turn=66 picked cell=11,10 target_cluster=Some(1) active_clusters=2 remaining_cells=56 scans=2
RESULT turn=66 cell=11,10 result=KILL remaining_cells=56 active_clusters=2
turn=66 result=KILL
turn=66 kill_infer inferred_len=5 committed_hits=4 cluster_hits=4
turn=67 picked cell=12,17 target_cluster=None active_clusters=1 remaining_cells=55 scans=2
RESULT turn=67 cell=12,17 result=MISS remaining_cells=55 active_clusters=1
turn=67 result=MISS
turn=68 picked cell=17,13 target_cluster=None active_clusters=1 remaining_cells=55 scans=2
RESULT turn=68 cell=17,13 result=MISS remaining_cells=55 active_clusters=1
turn=68 result=MISS
turn=69 picked cell=14,0 target_cluster=None active_clusters=1 remaining_cells=55 scans=2
RESULT turn=69 cell=14,0 result=MISS remaining_cells=55 active_clusters=1
turn=69 result=MISS
turn=70 picked cell=17,6 target_cluster=None active_clusters=1 remaining_cells=55 scans=2
RESULT turn=70 cell=17,6 result=MISS remaining_cells=55 active_clusters=1
turn=70 result=MISS
turn=71 picked cell=18,6 target_cluster=None active_clusters=1 remaining_cells=55 scans=2
RESULT turn=71 cell=18,6 result=HIT remaining_cells=55 active_clusters=1
turn=71 result=HIT
turn=72 mode=CHASE cluster=1 cluster_len=1 cell=18,7 score=100001.207868 chase_score=5052.707868 prob=1.207868
turn=72 picked cell=18,7 target_cluster=Some(1) active_clusters=2 remaining_cells=54 scans=2
RESULT turn=72 cell=18,7 result=MISS remaining_cells=54 active_clusters=2
turn=72 result=MISS
turn=73 mode=CHASE cluster=1 cluster_len=1 cell=18,5 score=100000.461299 chase_score=5012.711299 prob=0.461299
turn=73 picked cell=18,5 target_cluster=Some(1) active_clusters=2 remaining_cells=54 scans=2
RESULT turn=73 cell=18,5 result=HIT remaining_cells=54 active_clusters=2
turn=73 result=HIT
turn=74 mode=CHASE cluster=1 cluster_len=2 cell=18,4 score=200000.556062 chase_score=10049.556062 prob=0.556062
turn=74 picked cell=18,4 target_cluster=Some(1) active_clusters=2 remaining_cells=53 scans=2
RESULT turn=74 cell=18,4 result=HIT remaining_cells=53 active_clusters=2
turn=74 result=HIT
turn=75 mode=CHASE cluster=1 cluster_len=3 cell=18,3 score=300000.618494 chase_score=10046.618494 prob=0.618494
turn=75 picked cell=18,3 target_cluster=Some(1) active_clusters=2 remaining_cells=52 scans=2
RESULT turn=75 cell=18,3 result=HIT remaining_cells=52 active_clusters=2
turn=75 result=HIT
turn=76 mode=CHASE cluster=1 cluster_len=4 cell=18,2 score=400000.640020 chase_score=10030.640020 prob=0.640020
turn=76 picked cell=18,2 target_cluster=Some(1) active_clusters=2 remaining_cells=51 scans=2
RESULT turn=76 cell=18,2 result=KILL remaining_cells=51 active_clusters=2
turn=76 result=KILL
turn=76 kill_infer inferred_len=5 committed_hits=4 cluster_hits=4
turn=77 picked cell=5,12 target_cluster=None active_clusters=1 remaining_cells=50 scans=2
RESULT turn=77 cell=5,12 result=MISS remaining_cells=50 active_clusters=1
turn=77 result=MISS
turn=78 picked cell=7,5 target_cluster=None active_clusters=1 remaining_cells=50 scans=2
RESULT turn=78 cell=7,5 result=MISS remaining_cells=50 active_clusters=1
turn=78 result=MISS
turn=79 picked cell=4,13 target_cluster=None active_clusters=1 remaining_cells=50 scans=2
RESULT turn=79 cell=4,13 result=KILL remaining_cells=50 active_clusters=1
turn=79 result=KILL
turn=80 picked cell=9,18 target_cluster=None active_clusters=1 remaining_cells=49 scans=2
RESULT turn=80 cell=9,18 result=HIT remaining_cells=49 active_clusters=1
turn=80 result=HIT
turn=81 mode=CHASE cluster=1 cluster_len=1 cell=8,18 score=100001.536063 chase_score=5048.036063 prob=1.536063
turn=81 picked cell=8,18 target_cluster=Some(1) active_clusters=2 remaining_cells=48 scans=2
RESULT turn=81 cell=8,18 result=HIT remaining_cells=48 active_clusters=2
turn=81 result=HIT
turn=82 mode=CHASE cluster=1 cluster_len=2 cell=7,18 score=200001.536063 chase_score=10143.536063 prob=1.536063
turn=82 picked cell=7,18 target_cluster=Some(1) active_clusters=2 remaining_cells=47 scans=2
RESULT turn=82 cell=7,18 result=MISS remaining_cells=47 active_clusters=2
turn=82 result=MISS
turn=83 mode=CHASE cluster=1 cluster_len=2 cell=10,18 score=200000.855013 chase_score=10044.855013 prob=0.855013
turn=83 picked cell=10,18 target_cluster=Some(1) active_clusters=2 remaining_cells=47 scans=2
RESULT turn=83 cell=10,18 result=HIT remaining_cells=47 active_clusters=2
turn=83 result=HIT
turn=84 mode=CHASE cluster=1 cluster_len=3 cell=11,18 score=300000.999306 chase_score=10041.999306 prob=0.999306
turn=84 picked cell=11,18 target_cluster=Some(1) active_clusters=2 remaining_cells=46 scans=2
RESULT turn=84 cell=11,18 result=HIT remaining_cells=46 active_clusters=2
turn=84 result=HIT
turn=85 mode=CHASE cluster=1 cluster_len=4 cell=12,18 score=400001.156112 chase_score=10026.156112 prob=1.156112
turn=85 picked cell=12,18 target_cluster=Some(1) active_clusters=2 remaining_cells=45 scans=2
RESULT turn=85 cell=12,18 result=HIT remaining_cells=45 active_clusters=2
turn=85 result=HIT
turn=86 mode=CHASE cluster=1 cluster_len=5 cell=13,18 score=500001.456260 chase_score=10026.456260 prob=1.456260
turn=86 picked cell=13,18 target_cluster=Some(1) active_clusters=2 remaining_cells=44 scans=2
RESULT turn=86 cell=13,18 result=KILL remaining_cells=44 active_clusters=2
turn=86 result=KILL
turn=86 kill_infer inferred_len=6 committed_hits=5 cluster_hits=5
turn=87 picked cell=0,6 target_cluster=None active_clusters=1 remaining_cells=43 scans=2
RESULT turn=87 cell=0,6 result=HIT remaining_cells=43 active_clusters=1
turn=87 result=HIT
turn=88 mode=CHASE cluster=1 cluster_len=1 cell=0,5 score=100001.355843 chase_score=5040.355843 prob=1.355843
turn=88 picked cell=0,5 target_cluster=Some(1) active_clusters=2 remaining_cells=42 scans=2
RESULT turn=88 cell=0,5 result=MISS remaining_cells=42 active_clusters=2
turn=88 result=MISS
turn=89 mode=CHASE cluster=1 cluster_len=1 cell=1,6 score=100000.941990 chase_score=5010.441990 prob=0.941990
turn=89 picked cell=1,6 target_cluster=Some(1) active_clusters=2 remaining_cells=42 scans=2
RESULT turn=89 cell=1,6 result=HIT remaining_cells=42 active_clusters=2
turn=89 result=HIT
turn=90 mode=CHASE cluster=1 cluster_len=2 cell=2,6 score=200000.899509 chase_score=10038.899509 prob=0.899509
turn=90 picked cell=2,6 target_cluster=Some(1) active_clusters=2 remaining_cells=41 scans=2
RESULT turn=90 cell=2,6 result=HIT remaining_cells=41 active_clusters=2
turn=90 result=HIT
turn=91 mode=CHASE cluster=1 cluster_len=3 cell=3,6 score=300001.110228 chase_score=10036.110228 prob=1.110228
turn=91 picked cell=3,6 target_cluster=Some(1) active_clusters=2 remaining_cells=40 scans=2
RESULT turn=91 cell=3,6 result=HIT remaining_cells=40 active_clusters=2
turn=91 result=HIT
turn=92 mode=CHASE cluster=1 cluster_len=4 cell=4,6 score=400001.243462 chase_score=10020.243462 prob=1.243462
turn=92 picked cell=4,6 target_cluster=Some(1) active_clusters=2 remaining_cells=39 scans=2
RESULT turn=92 cell=4,6 result=HIT remaining_cells=39 active_clusters=2
turn=92 result=HIT
turn=93 mode=CHASE cluster=1 cluster_len=5 cell=5,6 score=500001.231088 chase_score=10020.231088 prob=1.231088
turn=93 picked cell=5,6 target_cluster=Some(1) active_clusters=2 remaining_cells=38 scans=2
RESULT turn=93 cell=5,6 result=HIT remaining_cells=38 active_clusters=2
turn=93 result=HIT
turn=94 mode=CHASE cluster=1 cluster_len=6 cell=6,6 score=600001.243462 chase_score=10008.243462 prob=1.243462
turn=94 picked cell=6,6 target_cluster=Some(1) active_clusters=2 remaining_cells=37 scans=2
RESULT turn=94 cell=6,6 result=KILL remaining_cells=37 active_clusters=2
turn=94 result=KILL
turn=94 kill_infer inferred_len=7 committed_hits=6 cluster_hits=6
turn=95 picked cell=9,4 target_cluster=None active_clusters=1 remaining_cells=36 scans=2
RESULT turn=95 cell=9,4 result=MISS remaining_cells=36 active_clusters=1
turn=95 result=MISS
turn=96 picked cell=15,14 target_cluster=None active_clusters=1 remaining_cells=36 scans=2
RESULT turn=96 cell=15,14 result=MISS remaining_cells=36 active_clusters=1
turn=96 result=MISS
turn=97 picked cell=16,15 target_cluster=None active_clusters=1 remaining_cells=36 scans=2
RESULT turn=97 cell=16,15 result=MISS remaining_cells=36 active_clusters=1
turn=97 result=MISS
turn=98 picked cell=9,13 target_cluster=None active_clusters=1 remaining_cells=36 scans=2
RESULT turn=98 cell=9,13 result=MISS remaining_cells=36 active_clusters=1
turn=98 result=MISS
turn=99 picked cell=7,14 target_cluster=None active_clusters=1 remaining_cells=36 scans=2
RESULT turn=99 cell=7,14 result=MISS remaining_cells=36 active_clusters=1
turn=99 result=MISS
turn=100 picked cell=14,16 target_cluster=None active_clusters=1 remaining_cells=36 scans=2
RESULT turn=100 cell=14,16 result=MISS remaining_cells=36 active_clusters=1
turn=100 result=MISS
turn=101 picked cell=18,12 target_cluster=None active_clusters=1 remaining_cells=36 scans=2
RESULT turn=101 cell=18,12 result=MISS remaining_cells=36 active_clusters=1
turn=101 result=MISS
turn=102 picked cell=6,15 target_cluster=None active_clusters=1 remaining_cells=36 scans=2
RESULT turn=102 cell=6,15 result=MISS remaining_cells=36 active_clusters=1
turn=102 result=MISS
turn=103 picked cell=3,14 target_cluster=None active_clusters=1 remaining_cells=36 scans=2
RESULT turn=103 cell=3,14 result=MISS remaining_cells=36 active_clusters=1
turn=103 result=MISS
turn=104 picked cell=5,16 target_cluster=None active_clusters=1 remaining_cells=36 scans=2
RESULT turn=104 cell=5,16 result=MISS remaining_cells=36 active_clusters=1
turn=104 result=MISS
turn=105 picked cell=14,4 target_cluster=None active_clusters=1 remaining_cells=36 scans=2
RESULT turn=105 cell=14,4 result=MISS remaining_cells=36 active_clusters=1
turn=105 result=MISS
turn=106 picked cell=9,0 target_cluster=None active_clusters=1 remaining_cells=36 scans=2
RESULT turn=106 cell=9,0 result=MISS remaining_cells=36 active_clusters=1
turn=106 result=MISS
turn=107 picked cell=2,11 target_cluster=None active_clusters=1 remaining_cells=36 scans=2
RESULT turn=107 cell=2,11 result=MISS remaining_cells=36 active_clusters=1
turn=107 result=MISS
turn=108 picked cell=9,17 target_cluster=None active_clusters=1 remaining_cells=36 scans=2
RESULT turn=108 cell=9,17 result=HIT remaining_cells=36 active_clusters=1
turn=108 result=HIT
turn=109 mode=CHASE cluster=1 cluster_len=1 cell=8,17 score=100001.534355 chase_score=5024.034355 prob=1.534355
turn=109 picked cell=8,17 target_cluster=Some(1) active_clusters=2 remaining_cells=35 scans=2
RESULT turn=109 cell=8,17 result=MISS remaining_cells=35 active_clusters=2
turn=109 result=MISS
turn=110 mode=CHASE cluster=1 cluster_len=1 cell=9,16 score=100000.548729 chase_score=5005.298729 prob=0.548729
turn=110 picked cell=9,16 target_cluster=Some(1) active_clusters=2 remaining_cells=35 scans=2
RESULT turn=110 cell=9,16 result=HIT remaining_cells=35 active_clusters=2
turn=110 result=HIT
turn=111 mode=CHASE cluster=1 cluster_len=2 cell=9,15 score=200000.418042 chase_score=10019.418042 prob=0.418042
turn=111 picked cell=9,15 target_cluster=Some(1) active_clusters=2 remaining_cells=34 scans=2
RESULT turn=111 cell=9,15 result=KILL remaining_cells=34 active_clusters=2
turn=111 result=KILL
turn=111 kill_infer inferred_len=3 committed_hits=2 cluster_hits=2
turn=112 picked cell=8,3 target_cluster=None active_clusters=1 remaining_cells=33 scans=2
RESULT turn=112 cell=8,3 result=MISS remaining_cells=33 active_clusters=1
turn=112 result=MISS
turn=113 picked cell=6,1 target_cluster=None active_clusters=1 remaining_cells=33 scans=2
RESULT turn=113 cell=6,1 result=HIT remaining_cells=33 active_clusters=1
turn=113 result=HIT
turn=114 mode=CHASE cluster=1 cluster_len=1 cell=5,1 score=100001.772844 chase_score=5028.772844 prob=1.772844
turn=114 picked cell=5,1 target_cluster=Some(1) active_clusters=2 remaining_cells=32 scans=2
RESULT turn=114 cell=5,1 result=MISS remaining_cells=32 active_clusters=2
turn=114 result=MISS
turn=115 mode=CHASE cluster=1 cluster_len=1 cell=7,1 score=100000.608154 chase_score=5007.608154 prob=0.608154
turn=115 picked cell=7,1 target_cluster=Some(1) active_clusters=2 remaining_cells=32 scans=2
RESULT turn=115 cell=7,1 result=HIT remaining_cells=32 active_clusters=2
turn=115 result=HIT
turn=116 mode=CHASE cluster=1 cluster_len=2 cell=8,1 score=200000.764713 chase_score=10028.764713 prob=0.764713
turn=116 picked cell=8,1 target_cluster=Some(1) active_clusters=2 remaining_cells=31 scans=2
RESULT turn=116 cell=8,1 result=HIT remaining_cells=31 active_clusters=2
turn=116 result=HIT
turn=117 mode=CHASE cluster=1 cluster_len=3 cell=9,1 score=300000.764713 chase_score=10028.764713 prob=0.764713
turn=117 picked cell=9,1 target_cluster=Some(1) active_clusters=2 remaining_cells=30 scans=2
RESULT turn=117 cell=9,1 result=HIT remaining_cells=30 active_clusters=2
turn=117 result=HIT
turn=118 mode=CHASE cluster=1 cluster_len=4 cell=10,1 score=400000.608154 chase_score=10012.608154 prob=0.608154
turn=118 picked cell=10,1 target_cluster=Some(1) active_clusters=2 remaining_cells=29 scans=2
RESULT turn=118 cell=10,1 result=HIT remaining_cells=29 active_clusters=2
turn=118 result=HIT
turn=119 mode=CHASE cluster=1 cluster_len=5 cell=11,1 score=500000.451594 chase_score=10012.451594 prob=0.451594
turn=119 picked cell=11,1 target_cluster=Some(1) active_clusters=2 remaining_cells=28 scans=2
RESULT turn=119 cell=11,1 result=KILL remaining_cells=28 active_clusters=2
turn=119 result=KILL
turn=119 kill_infer inferred_len=6 committed_hits=5 cluster_hits=5
turn=120 picked cell=6,11 target_cluster=None active_clusters=1 remaining_cells=27 scans=2
RESULT turn=120 cell=6,11 result=MISS remaining_cells=27 active_clusters=1
turn=120 result=MISS
turn=121 picked cell=12,15 target_cluster=None active_clusters=1 remaining_cells=27 scans=2
RESULT turn=121 cell=12,15 result=MISS remaining_cells=27 active_clusters=1
turn=121 result=MISS
turn=122 picked cell=14,13 target_cluster=None active_clusters=1 remaining_cells=27 scans=2
RESULT turn=122 cell=14,13 result=MISS remaining_cells=27 active_clusters=1
turn=122 result=MISS
turn=123 picked cell=1,15 target_cluster=None active_clusters=1 remaining_cells=27 scans=2
RESULT turn=123 cell=1,15 result=MISS remaining_cells=27 active_clusters=1
turn=123 result=MISS
turn=124 picked cell=0,13 target_cluster=None active_clusters=1 remaining_cells=27 scans=2
RESULT turn=124 cell=0,13 result=MISS remaining_cells=27 active_clusters=1
turn=124 result=MISS
turn=125 picked cell=8,12 target_cluster=None active_clusters=1 remaining_cells=27 scans=2
RESULT turn=125 cell=8,12 result=MISS remaining_cells=27 active_clusters=1
turn=125 result=MISS
turn=126 picked cell=2,17 target_cluster=None active_clusters=1 remaining_cells=27 scans=2
RESULT turn=126 cell=2,17 result=MISS remaining_cells=27 active_clusters=1
turn=126 result=MISS
turn=127 picked cell=15,17 target_cluster=None active_clusters=1 remaining_cells=27 scans=2
RESULT turn=127 cell=15,17 result=MISS remaining_cells=27 active_clusters=1
turn=127 result=MISS
turn=128 picked cell=18,16 target_cluster=None active_clusters=1 remaining_cells=27 scans=2
RESULT turn=128 cell=18,16 result=MISS remaining_cells=27 active_clusters=1
turn=128 result=MISS
turn=129 picked cell=3,18 target_cluster=None active_clusters=1 remaining_cells=27 scans=2
RESULT turn=129 cell=3,18 result=KILL remaining_cells=27 active_clusters=1
turn=129 result=KILL
turn=130 picked cell=3,10 target_cluster=None active_clusters=1 remaining_cells=26 scans=2
RESULT turn=130 cell=3,10 result=HIT remaining_cells=26 active_clusters=1
turn=130 result=HIT
turn=131 mode=CHASE cluster=1 cluster_len=1 cell=2,10 score=100000.936822 chase_score=5014.436822 prob=0.936822
turn=131 picked cell=2,10 target_cluster=Some(1) active_clusters=2 remaining_cells=25 scans=2
RESULT turn=131 cell=2,10 result=MISS remaining_cells=25 active_clusters=2
turn=131 result=MISS
turn=132 mode=CHASE cluster=1 cluster_len=1 cell=3,11 score=100000.547587 chase_score=5008.547587 prob=0.547587
turn=132 picked cell=3,11 target_cluster=Some(1) active_clusters=2 remaining_cells=25 scans=2
RESULT turn=132 cell=3,11 result=HIT remaining_cells=25 active_clusters=2
turn=132 result=HIT
turn=133 mode=CHASE cluster=1 cluster_len=2 cell=3,12 score=200000.996757 chase_score=10032.996757 prob=0.996757
turn=133 picked cell=3,12 target_cluster=Some(1) active_clusters=2 remaining_cells=24 scans=2
RESULT turn=133 cell=3,12 result=HIT remaining_cells=24 active_clusters=2
turn=133 result=HIT
turn=134 mode=CHASE cluster=1 cluster_len=3 cell=3,9 score=300000.547587 chase_score=10016.547587 prob=0.547587
turn=134 picked cell=3,9 target_cluster=Some(1) active_clusters=2 remaining_cells=23 scans=2
RESULT turn=134 cell=3,9 result=MISS remaining_cells=23 active_clusters=2
turn=134 result=MISS
turn=135 mode=CHASE cluster=1 cluster_len=3 cell=3,13 score=300000.326614 chase_score=10016.326614 prob=0.326614
turn=135 picked cell=3,13 target_cluster=Some(1) active_clusters=2 remaining_cells=23 scans=2
RESULT turn=135 cell=3,13 result=KILL remaining_cells=23 active_clusters=2
turn=135 result=KILL
turn=135 kill_infer inferred_len=4 committed_hits=3 cluster_hits=3
turn=136 picked cell=17,9 target_cluster=None active_clusters=1 remaining_cells=22 scans=2
RESULT turn=136 cell=17,9 result=HIT remaining_cells=22 active_clusters=1
turn=136 result=HIT
turn=137 mode=CHASE cluster=1 cluster_len=1 cell=17,10 score=100000.879489 chase_score=5011.379489 prob=0.879489
turn=137 picked cell=17,10 target_cluster=Some(1) active_clusters=2 remaining_cells=21 scans=2
RESULT turn=137 cell=17,10 result=HIT remaining_cells=21 active_clusters=2
turn=137 result=HIT
turn=138 mode=CHASE cluster=1 cluster_len=2 cell=17,8 score=200000.693152 chase_score=10030.693152 prob=0.693152
turn=138 picked cell=17,8 target_cluster=Some(1) active_clusters=2 remaining_cells=20 scans=2
RESULT turn=138 cell=17,8 result=HIT remaining_cells=20 active_clusters=2
turn=138 result=HIT
turn=139 mode=CHASE cluster=1 cluster_len=3 cell=17,11 score=300000.693152 chase_score=10018.693152 prob=0.693152
turn=139 picked cell=17,11 target_cluster=Some(1) active_clusters=2 remaining_cells=19 scans=2
RESULT turn=139 cell=17,11 result=MISS remaining_cells=19 active_clusters=2
turn=139 result=MISS
turn=140 mode=CHASE cluster=1 cluster_len=3 cell=17,7 score=300000.307965 chase_score=10012.307965 prob=0.307965
turn=140 picked cell=17,7 target_cluster=Some(1) active_clusters=2 remaining_cells=19 scans=2
RESULT turn=140 cell=17,7 result=KILL remaining_cells=19 active_clusters=2
turn=140 result=KILL
turn=140 kill_infer inferred_len=4 committed_hits=3 cluster_hits=3
turn=141 picked cell=16,3 target_cluster=None active_clusters=1 remaining_cells=18 scans=2
RESULT turn=141 cell=16,3 result=MISS remaining_cells=18 active_clusters=1
turn=141 result=MISS
turn=142 picked cell=13,10 target_cluster=None active_clusters=1 remaining_cells=18 scans=2
RESULT turn=142 cell=13,10 result=MISS remaining_cells=18 active_clusters=1
turn=142 result=MISS
turn=143 picked cell=13,14 target_cluster=None active_clusters=1 remaining_cells=18 scans=2
RESULT turn=143 cell=13,14 result=HIT remaining_cells=18 active_clusters=1
turn=143 result=HIT
turn=144 mode=CHASE cluster=1 cluster_len=1 cell=13,15 score=100000.459755 chase_score=5004.459755 prob=0.459755
turn=144 picked cell=13,15 target_cluster=Some(1) active_clusters=2 remaining_cells=17 scans=2
RESULT turn=144 cell=13,15 result=HIT remaining_cells=17 active_clusters=2
turn=144 result=HIT
turn=145 mode=CHASE cluster=1 cluster_len=2 cell=13,16 score=200000.459755 chase_score=10016.459755 prob=0.459755
turn=145 picked cell=13,16 target_cluster=Some(1) active_clusters=2 remaining_cells=16 scans=2
RESULT turn=145 cell=13,16 result=HIT remaining_cells=16 active_clusters=2
turn=145 result=HIT
turn=146 mode=CHASE cluster=1 cluster_len=3 cell=13,13 score=300000.302764 chase_score=10008.302764 prob=0.302764
turn=146 picked cell=13,13 target_cluster=Some(1) active_clusters=2 remaining_cells=15 scans=2
RESULT turn=146 cell=13,13 result=MISS remaining_cells=15 active_clusters=2
turn=146 result=MISS
turn=147 mode=CHASE cluster=1 cluster_len=3 cell=13,17 score=300000.304099 chase_score=10008.304099 prob=0.304099
turn=147 picked cell=13,17 target_cluster=Some(1) active_clusters=2 remaining_cells=15 scans=2
RESULT turn=147 cell=13,17 result=KILL remaining_cells=15 active_clusters=2
turn=147 result=KILL
turn=147 kill_infer inferred_len=4 committed_hits=3 cluster_hits=3
turn=148 picked cell=4,4 target_cluster=None active_clusters=1 remaining_cells=14 scans=2
RESULT turn=148 cell=4,4 result=MISS remaining_cells=14 active_clusters=1
turn=148 result=MISS
turn=149 picked cell=4,0 target_cluster=None active_clusters=1 remaining_cells=14 scans=2
RESULT turn=149 cell=4,0 result=MISS remaining_cells=14 active_clusters=1
turn=149 result=MISS
turn=150 picked cell=8,7 target_cluster=None active_clusters=1 remaining_cells=14 scans=2
RESULT turn=150 cell=8,7 result=MISS remaining_cells=14 active_clusters=1
turn=150 result=MISS
turn=151 picked cell=1,3 target_cluster=None active_clusters=1 remaining_cells=14 scans=2
RESULT turn=151 cell=1,3 result=MISS remaining_cells=14 active_clusters=1
turn=151 result=MISS
turn=152 picked cell=17,2 target_cluster=None active_clusters=1 remaining_cells=14 scans=2
RESULT turn=152 cell=17,2 result=MISS remaining_cells=14 active_clusters=1
turn=152 result=MISS
turn=153 picked cell=4,3 target_cluster=None active_clusters=1 remaining_cells=14 scans=2
RESULT turn=153 cell=4,3 result=MISS remaining_cells=14 active_clusters=1
turn=153 result=MISS
turn=154 picked cell=4,5 target_cluster=None active_clusters=1 remaining_cells=14 scans=2
RESULT turn=154 cell=4,5 result=HIT remaining_cells=14 active_clusters=1
turn=154 result=HIT
turn=155 mode=CHASE cluster=1 cluster_len=1 cell=3,5 score=100002.245919 chase_score=5006.745919 prob=2.245919
turn=155 picked cell=3,5 target_cluster=Some(1) active_clusters=2 remaining_cells=13 scans=2
RESULT turn=155 cell=3,5 result=HIT remaining_cells=13 active_clusters=2
turn=155 result=HIT
turn=156 mode=CHASE cluster=1 cluster_len=2 cell=2,5 score=200002.048459 chase_score=10016.048459 prob=2.048459
turn=156 picked cell=2,5 target_cluster=Some(1) active_clusters=2 remaining_cells=12 scans=2
RESULT turn=156 cell=2,5 result=HIT remaining_cells=12 active_clusters=2
turn=156 result=HIT
turn=157 mode=CHASE cluster=1 cluster_len=3 cell=5,5 score=300002.048459 chase_score=10012.048459 prob=2.048459
turn=157 picked cell=5,5 target_cluster=Some(1) active_clusters=2 remaining_cells=11 scans=2
RESULT turn=157 cell=5,5 result=HIT remaining_cells=11 active_clusters=2
turn=157 result=HIT
turn=158 mode=CHASE cluster=1 cluster_len=4 cell=1,5 score=400001.850999 chase_score=10007.850999 prob=1.850999
turn=158 picked cell=1,5 target_cluster=Some(1) active_clusters=2 remaining_cells=10 scans=2
RESULT turn=158 cell=1,5 result=KILL remaining_cells=10 active_clusters=2
turn=158 result=KILL
turn=158 kill_infer inferred_len=4 committed_hits=3 cluster_hits=4
turn=159 mode=CHASE cluster=1 cluster_len=1 cell=6,5 score=100000.957126 chase_score=5000.957126 prob=0.957126
turn=159 picked cell=6,5 target_cluster=Some(1) active_clusters=2 remaining_cells=9 scans=2
RESULT turn=159 cell=6,5 result=MISS remaining_cells=9 active_clusters=2
turn=159 result=MISS
turn=160 mode=CHASE cluster=1 cluster_len=1 cell=5,4 score=100000.957221 chase_score=5000.957221 prob=0.957221
turn=160 picked cell=5,4 target_cluster=Some(1) active_clusters=2 remaining_cells=9 scans=2
RESULT turn=160 cell=5,4 result=MISS remaining_cells=9 active_clusters=2
turn=160 result=MISS
turn=161 picked cell=9,11 target_cluster=None active_clusters=2 remaining_cells=9 scans=2
RESULT turn=161 cell=9,11 result=MISS remaining_cells=9 active_clusters=2
turn=161 result=MISS
turn=162 picked cell=10,9 target_cluster=None active_clusters=2 remaining_cells=9 scans=2
RESULT turn=162 cell=10,9 result=MISS remaining_cells=9 active_clusters=2
turn=162 result=MISS
turn=163 picked cell=10,11 target_cluster=None active_clusters=2 remaining_cells=9 scans=2
RESULT turn=163 cell=10,11 result=MISS remaining_cells=9 active_clusters=2
turn=163 result=MISS
turn=164 picked cell=11,9 target_cluster=None active_clusters=2 remaining_cells=9 scans=2
RESULT turn=164 cell=11,9 result=MISS remaining_cells=9 active_clusters=2
turn=164 result=MISS
turn=165 picked cell=13,9 target_cluster=None active_clusters=2 remaining_cells=9 scans=2
RESULT turn=165 cell=13,9 result=MISS remaining_cells=9 active_clusters=2
turn=165 result=MISS
turn=166 picked cell=10,12 target_cluster=None active_clusters=2 remaining_cells=9 scans=2
RESULT turn=166 cell=10,12 result=MISS remaining_cells=9 active_clusters=2
turn=166 result=MISS
turn=167 picked cell=9,12 target_cluster=None active_clusters=2 remaining_cells=9 scans=2
RESULT turn=167 cell=9,12 result=MISS remaining_cells=9 active_clusters=2
turn=167 result=MISS
turn=168 picked cell=13,11 target_cluster=None active_clusters=2 remaining_cells=9 scans=2
RESULT turn=168 cell=13,11 result=MISS remaining_cells=9 active_clusters=2
turn=168 result=MISS
turn=169 picked cell=14,9 target_cluster=None active_clusters=2 remaining_cells=9 scans=2
RESULT turn=169 cell=14,9 result=MISS remaining_cells=9 active_clusters=2
turn=169 result=MISS
turn=170 picked cell=10,14 target_cluster=None active_clusters=2 remaining_cells=9 scans=2
RESULT turn=170 cell=10,14 result=MISS remaining_cells=9 active_clusters=2
turn=170 result=MISS
turn=171 picked cell=9,14 target_cluster=None active_clusters=2 remaining_cells=9 scans=2
RESULT turn=171 cell=9,14 result=MISS remaining_cells=9 active_clusters=2
turn=171 result=MISS
turn=172 picked cell=12,13 target_cluster=None active_clusters=2 remaining_cells=9 scans=2
RESULT turn=172 cell=12,13 result=MISS remaining_cells=9 active_clusters=2
turn=172 result=MISS
turn=173 picked cell=10,15 target_cluster=None active_clusters=2 remaining_cells=9 scans=2
RESULT turn=173 cell=10,15 result=MISS remaining_cells=9 active_clusters=2
turn=173 result=MISS
turn=174 picked cell=12,12 target_cluster=None active_clusters=2 remaining_cells=9 scans=2
RESULT turn=174 cell=12,12 result=MISS remaining_cells=9 active_clusters=2
turn=174 result=MISS
turn=175 picked cell=14,12 target_cluster=None active_clusters=2 remaining_cells=9 scans=2
RESULT turn=175 cell=14,12 result=MISS remaining_cells=9 active_clusters=2
turn=175 result=MISS
turn=176 picked cell=16,9 target_cluster=None active_clusters=2 remaining_cells=9 scans=2
RESULT turn=176 cell=16,9 result=MISS remaining_cells=9 active_clusters=2
turn=176 result=MISS
turn=177 picked cell=14,11 target_cluster=None active_clusters=2 remaining_cells=9 scans=2
RESULT turn=177 cell=14,11 result=MISS remaining_cells=9 active_clusters=2
turn=177 result=MISS
turn=178 picked cell=10,16 target_cluster=None active_clusters=2 remaining_cells=9 scans=2
RESULT turn=178 cell=10,16 result=MISS remaining_cells=9 active_clusters=2
turn=178 result=MISS
turn=179 picked cell=12,14 target_cluster=None active_clusters=2 remaining_cells=9 scans=2
RESULT turn=179 cell=12,14 result=MISS remaining_cells=9 active_clusters=2
turn=179 result=MISS
turn=180 picked cell=15,12 target_cluster=None active_clusters=2 remaining_cells=9 scans=2
RESULT turn=180 cell=15,12 result=MISS remaining_cells=9 active_clusters=2
turn=180 result=MISS
turn=181 picked cell=18,9 target_cluster=None active_clusters=2 remaining_cells=9 scans=2
RESULT turn=181 cell=18,9 result=MISS remaining_cells=9 active_clusters=2
turn=181 result=MISS
turn=182 picked cell=16,11 target_cluster=None active_clusters=2 remaining_cells=9 scans=2
RESULT turn=182 cell=16,11 result=HIT remaining_cells=9 active_clusters=2
turn=182 result=HIT
turn=183 mode=CHASE cluster=2 cluster_len=1 cell=16,12 score=100000.959579 chase_score=5000.959579 prob=0.959579
turn=183 picked cell=16,12 target_cluster=Some(2) active_clusters=3 remaining_cells=8 scans=2
RESULT turn=183 cell=16,12 result=HIT remaining_cells=8 active_clusters=3
turn=183 result=HIT
turn=184 mode=CHASE cluster=2 cluster_len=2 cell=16,13 score=200000.959579 chase_score=10000.959579 prob=0.959579
turn=184 picked cell=16,13 target_cluster=Some(2) active_clusters=3 remaining_cells=7 scans=2
RESULT turn=184 cell=16,13 result=HIT remaining_cells=7 active_clusters=3
turn=184 result=HIT
turn=185 mode=CHASE cluster=2 cluster_len=3 cell=16,14 score=300000.959579 chase_score=10000.959579 prob=0.959579
turn=185 picked cell=16,14 target_cluster=Some(2) active_clusters=3 remaining_cells=6 scans=2
RESULT turn=185 cell=16,14 result=KILL remaining_cells=6 active_clusters=3
turn=185 result=KILL
turn=185 kill_infer inferred_len=4 committed_hits=3 cluster_hits=3
turn=186 picked cell=9,8 target_cluster=None active_clusters=2 remaining_cells=5 scans=2
RESULT turn=186 cell=9,8 result=MISS remaining_cells=5 active_clusters=2
turn=186 result=MISS
turn=187 picked cell=15,13 target_cluster=None active_clusters=2 remaining_cells=5 scans=2
RESULT turn=187 cell=15,13 result=KILL remaining_cells=5 active_clusters=2
turn=187 result=KILL
turn=188 picked cell=9,7 target_cluster=None active_clusters=2 remaining_cells=4 scans=2
RESULT turn=188 cell=9,7 result=MISS remaining_cells=4 active_clusters=2
turn=188 result=MISS
turn=189 picked cell=10,7 target_cluster=None active_clusters=2 remaining_cells=4 scans=2
RESULT turn=189 cell=10,7 result=MISS remaining_cells=4 active_clusters=2
turn=189 result=MISS
turn=190 picked cell=10,6 target_cluster=None active_clusters=2 remaining_cells=4 scans=2
RESULT turn=190 cell=10,6 result=MISS remaining_cells=4 active_clusters=2
turn=190 result=MISS
turn=191 picked cell=11,8 target_cluster=None active_clusters=2 remaining_cells=4 scans=2
RESULT turn=191 cell=11,8 result=MISS remaining_cells=4 active_clusters=2
turn=191 result=MISS
turn=192 picked cell=9,5 target_cluster=None active_clusters=2 remaining_cells=4 scans=2
RESULT turn=192 cell=9,5 result=MISS remaining_cells=4 active_clusters=2
turn=192 result=MISS
turn=193 picked cell=9,6 target_cluster=None active_clusters=2 remaining_cells=4 scans=2
RESULT turn=193 cell=9,6 result=MISS remaining_cells=4 active_clusters=2
turn=193 result=MISS
turn=194 picked cell=11,5 target_cluster=None active_clusters=2 remaining_cells=4 scans=2
RESULT turn=194 cell=11,5 result=MISS remaining_cells=4 active_clusters=2
turn=194 result=MISS
turn=195 picked cell=13,8 target_cluster=None active_clusters=2 remaining_cells=4 scans=2
RESULT turn=195 cell=13,8 result=MISS remaining_cells=4 active_clusters=2
turn=195 result=MISS
turn=196 picked cell=14,8 target_cluster=None active_clusters=2 remaining_cells=4 scans=2
RESULT turn=196 cell=14,8 result=MISS remaining_cells=4 active_clusters=2
turn=196 result=MISS
turn=197 picked cell=10,5 target_cluster=None active_clusters=2 remaining_cells=4 scans=2
RESULT turn=197 cell=10,5 result=MISS remaining_cells=4 active_clusters=2
turn=197 result=MISS
turn=198 picked cell=13,7 target_cluster=None active_clusters=2 remaining_cells=4 scans=2
RESULT turn=198 cell=13,7 result=MISS remaining_cells=4 active_clusters=2
turn=198 result=MISS
turn=199 picked cell=10,4 target_cluster=None active_clusters=2 remaining_cells=4 scans=2
RESULT turn=199 cell=10,4 result=MISS remaining_cells=4 active_clusters=2
turn=199 result=MISS
turn=200 picked cell=14,7 target_cluster=None active_clusters=2 remaining_cells=4 scans=2
RESULT turn=200 cell=14,7 result=MISS remaining_cells=4 active_clusters=2
turn=200 result=MISS
turn=201 picked cell=9,3 target_cluster=None active_clusters=2 remaining_cells=4 scans=2
RESULT turn=201 cell=9,3 result=MISS remaining_cells=4 active_clusters=2
turn=201 result=MISS
turn=202 picked cell=10,3 target_cluster=None active_clusters=2 remaining_cells=4 scans=2
RESULT turn=202 cell=10,3 result=MISS remaining_cells=4 active_clusters=2
turn=202 result=MISS
turn=203 picked cell=11,4 target_cluster=None active_clusters=2 remaining_cells=4 scans=2
RESULT turn=203 cell=11,4 result=KILL remaining_cells=4 active_clusters=2
turn=203 result=KILL
turn=204 picked cell=10,17 target_cluster=None active_clusters=2 remaining_cells=3 scans=2
RESULT turn=204 cell=10,17 result=MISS remaining_cells=3 active_clusters=2
turn=204 result=MISS
turn=205 picked cell=17,12 target_cluster=None active_clusters=2 remaining_cells=3 scans=2
RESULT turn=205 cell=17,12 result=MISS remaining_cells=3 active_clusters=2
turn=205 result=MISS
turn=206 picked cell=12,16 target_cluster=None active_clusters=2 remaining_cells=3 scans=2
RESULT turn=206 cell=12,16 result=MISS remaining_cells=3 active_clusters=2
turn=206 result=MISS
turn=207 picked cell=14,14 target_cluster=None active_clusters=2 remaining_cells=3 scans=2
RESULT turn=207 cell=14,14 result=MISS remaining_cells=3 active_clusters=2
turn=207 result=MISS
turn=208 picked cell=18,10 target_cluster=None active_clusters=2 remaining_cells=3 scans=2
RESULT turn=208 cell=18,10 result=MISS remaining_cells=3 active_clusters=2
turn=208 result=MISS
turn=209 picked cell=15,15 target_cluster=None active_clusters=2 remaining_cells=3 scans=2
RESULT turn=209 cell=15,15 result=MISS remaining_cells=3 active_clusters=2
turn=209 result=MISS
turn=210 picked cell=11,17 target_cluster=None active_clusters=2 remaining_cells=3 scans=2
RESULT turn=210 cell=11,17 result=MISS remaining_cells=3 active_clusters=2
turn=210 result=MISS
turn=211 picked cell=18,11 target_cluster=None active_clusters=2 remaining_cells=3 scans=2
RESULT turn=211 cell=18,11 result=MISS remaining_cells=3 active_clusters=2
turn=211 result=MISS
turn=212 picked cell=18,13 target_cluster=None active_clusters=2 remaining_cells=3 scans=2
RESULT turn=212 cell=18,13 result=MISS remaining_cells=3 active_clusters=2
turn=212 result=MISS
turn=213 picked cell=17,14 target_cluster=None active_clusters=2 remaining_cells=3 scans=2
RESULT turn=213 cell=17,14 result=KILL remaining_cells=3 active_clusters=2
turn=213 result=KILL
turn=214 picked cell=14,5 target_cluster=None active_clusters=2 remaining_cells=2 scans=2
RESULT turn=214 cell=14,5 result=MISS remaining_cells=2 active_clusters=2
turn=214 result=MISS
turn=215 picked cell=16,8 target_cluster=None active_clusters=2 remaining_cells=2 scans=2
RESULT turn=215 cell=16,8 result=MISS remaining_cells=2 active_clusters=2
turn=215 result=MISS
turn=216 picked cell=11,3 target_cluster=None active_clusters=2 remaining_cells=2 scans=2
RESULT turn=216 cell=11,3 result=MISS remaining_cells=2 active_clusters=2
turn=216 result=MISS
turn=217 picked cell=14,6 target_cluster=None active_clusters=2 remaining_cells=2 scans=2
RESULT turn=217 cell=14,6 result=MISS remaining_cells=2 active_clusters=2
turn=217 result=MISS
turn=218 picked cell=18,8 target_cluster=None active_clusters=2 remaining_cells=2 scans=2
RESULT turn=218 cell=18,8 result=MISS remaining_cells=2 active_clusters=2
turn=218 result=MISS
turn=219 picked cell=10,0 target_cluster=None active_clusters=2 remaining_cells=2 scans=2
RESULT turn=219 cell=10,0 result=MISS remaining_cells=2 active_clusters=2
turn=219 result=MISS
turn=220 picked cell=16,6 target_cluster=None active_clusters=2 remaining_cells=2 scans=2
RESULT turn=220 cell=16,6 result=MISS remaining_cells=2 active_clusters=2
turn=220 result=MISS
turn=221 picked cell=12,2 target_cluster=None active_clusters=2 remaining_cells=2 scans=2
RESULT turn=221 cell=12,2 result=MISS remaining_cells=2 active_clusters=2
turn=221 result=MISS
turn=222 picked cell=16,5 target_cluster=None active_clusters=2 remaining_cells=2 scans=2
RESULT turn=222 cell=16,5 result=MISS remaining_cells=2 active_clusters=2
turn=222 result=MISS
turn=223 picked cell=14,3 target_cluster=None active_clusters=2 remaining_cells=2 scans=2
RESULT turn=223 cell=14,3 result=MISS remaining_cells=2 active_clusters=2
turn=223 result=MISS
turn=224 picked cell=17,5 target_cluster=None active_clusters=2 remaining_cells=2 scans=2
RESULT turn=224 cell=17,5 result=MISS remaining_cells=2 active_clusters=2
turn=224 result=MISS
turn=225 picked cell=11,0 target_cluster=None active_clusters=2 remaining_cells=2 scans=2
RESULT turn=225 cell=11,0 result=MISS remaining_cells=2 active_clusters=2
turn=225 result=MISS
turn=226 picked cell=12,0 target_cluster=None active_clusters=2 remaining_cells=2 scans=2
RESULT turn=226 cell=12,0 result=MISS remaining_cells=2 active_clusters=2
turn=226 result=MISS
turn=227 picked cell=15,2 target_cluster=None active_clusters=2 remaining_cells=2 scans=2
RESULT turn=227 cell=15,2 result=MISS remaining_cells=2 active_clusters=2
turn=227 result=MISS
turn=228 picked cell=13,0 target_cluster=None active_clusters=2 remaining_cells=2 scans=2
RESULT turn=228 cell=13,0 result=MISS remaining_cells=2 active_clusters=2
turn=228 result=MISS
turn=229 picked cell=14,1 target_cluster=None active_clusters=2 remaining_cells=2 scans=2
RESULT turn=229 cell=14,1 result=MISS remaining_cells=2 active_clusters=2
turn=229 result=MISS
turn=230 picked cell=16,4 target_cluster=None active_clusters=2 remaining_cells=2 scans=2
RESULT turn=230 cell=16,4 result=MISS remaining_cells=2 active_clusters=2
turn=230 result=MISS
turn=231 picked cell=14,2 target_cluster=None active_clusters=2 remaining_cells=2 scans=2
RESULT turn=231 cell=14,2 result=MISS remaining_cells=2 active_clusters=2
turn=231 result=MISS
turn=232 picked cell=17,4 target_cluster=None active_clusters=2 remaining_cells=2 scans=2
RESULT turn=232 cell=17,4 result=MISS remaining_cells=2 active_clusters=2
turn=232 result=MISS
turn=233 picked cell=17,3 target_cluster=None active_clusters=2 remaining_cells=2 scans=2
RESULT turn=233 cell=17,3 result=MISS remaining_cells=2 active_clusters=2
turn=233 result=MISS
turn=234 picked cell=15,1 target_cluster=None active_clusters=2 remaining_cells=2 scans=2
RESULT turn=234 cell=15,1 result=MISS remaining_cells=2 active_clusters=2
turn=234 result=MISS
turn=235 picked cell=17,1 target_cluster=None active_clusters=2 remaining_cells=2 scans=2
RESULT turn=235 cell=17,1 result=MISS remaining_cells=2 active_clusters=2
turn=235 result=MISS
turn=236 picked cell=16,2 target_cluster=None active_clusters=2 remaining_cells=2 scans=2
RESULT turn=236 cell=16,2 result=MISS remaining_cells=2 active_clusters=2
turn=236 result=MISS
turn=237 picked cell=16,1 target_cluster=None active_clusters=2 remaining_cells=2 scans=2
RESULT turn=237 cell=16,1 result=MISS remaining_cells=2 active_clusters=2
turn=237 result=MISS
turn=238 picked cell=15,0 target_cluster=None active_clusters=2 remaining_cells=2 scans=2
RESULT turn=238 cell=15,0 result=MISS remaining_cells=2 active_clusters=2
turn=238 result=MISS
turn=239 picked cell=17,0 target_cluster=None active_clusters=2 remaining_cells=2 scans=2
RESULT turn=239 cell=17,0 result=KILL remaining_cells=2 active_clusters=2
turn=239 result=KILL
turn=240 picked cell=8,9 target_cluster=None active_clusters=2 remaining_cells=1 scans=2
RESULT turn=240 cell=8,9 result=MISS remaining_cells=1 active_clusters=2
turn=240 result=MISS
turn=241 picked cell=6,9 target_cluster=None active_clusters=2 remaining_cells=1 scans=2
RESULT turn=241 cell=6,9 result=MISS remaining_cells=1 active_clusters=2
turn=241 result=MISS
turn=242 picked cell=7,9 target_cluster=None active_clusters=2 remaining_cells=1 scans=2
RESULT turn=242 cell=7,9 result=MISS remaining_cells=1 active_clusters=2
turn=242 result=MISS
turn=243 picked cell=7,11 target_cluster=None active_clusters=2 remaining_cells=1 scans=2
RESULT turn=243 cell=7,11 result=MISS remaining_cells=1 active_clusters=2
turn=243 result=MISS
turn=244 picked cell=5,9 target_cluster=None active_clusters=2 remaining_cells=1 scans=2
RESULT turn=244 cell=5,9 result=MISS remaining_cells=1 active_clusters=2
turn=244 result=MISS
turn=245 picked cell=5,10 target_cluster=None active_clusters=2 remaining_cells=1 scans=2
RESULT turn=245 cell=5,10 result=MISS remaining_cells=1 active_clusters=2
turn=245 result=MISS
turn=246 picked cell=8,11 target_cluster=None active_clusters=2 remaining_cells=1 scans=2
RESULT turn=246 cell=8,11 result=MISS remaining_cells=1 active_clusters=2
turn=246 result=MISS
turn=247 picked cell=5,11 target_cluster=None active_clusters=2 remaining_cells=1 scans=2
RESULT turn=247 cell=5,11 result=MISS remaining_cells=1 active_clusters=2
turn=247 result=MISS
turn=248 picked cell=8,13 target_cluster=None active_clusters=2 remaining_cells=1 scans=2
RESULT turn=248 cell=8,13 result=MISS remaining_cells=1 active_clusters=2
turn=248 result=MISS
turn=249 picked cell=7,13 target_cluster=None active_clusters=2 remaining_cells=1 scans=2
RESULT turn=249 cell=7,13 result=MISS remaining_cells=1 active_clusters=2
turn=249 result=MISS
turn=250 picked cell=8,14 target_cluster=None active_clusters=2 remaining_cells=1 scans=2
RESULT turn=250 cell=8,14 result=MISS remaining_cells=1 active_clusters=2
turn=250 result=MISS
turn=251 picked cell=7,12 target_cluster=None active_clusters=2 remaining_cells=1 scans=2
RESULT turn=251 cell=7,12 result=MISS remaining_cells=1 active_clusters=2
turn=251 result=MISS
turn=252 picked cell=8,15 target_cluster=None active_clusters=2 remaining_cells=1 scans=2
RESULT turn=252 cell=8,15 result=MISS remaining_cells=1 active_clusters=2
turn=252 result=MISS
turn=253 picked cell=4,10 target_cluster=None active_clusters=2 remaining_cells=1 scans=2
RESULT turn=253 cell=4,10 result=MISS remaining_cells=1 active_clusters=2
turn=253 result=MISS
turn=254 picked cell=6,12 target_cluster=None active_clusters=2 remaining_cells=1 scans=2
RESULT turn=254 cell=6,12 result=KILL remaining_cells=1 active_clusters=2
turn=254 result=KILL
