GAME n=19 p=0.171294 remaining_cells=81 remaining=[0, 1, 3, 0, 1, 3, 5, 1, 0, 2]
turn=1 mode=SCAN region=0,0,8,8
turn=1 result=SCAN count=15
turn=2 mode=SCAN region=0,9,8,18
turn=2 result=SCAN count=11
turn=3 mode=SCAN region=9,0,18,8
turn=3 result=SCAN count=22
turn=4 mode=SCAN region=9,9,18,18
turn=4 result=SCAN count=33
turn=5 picked cell=12,10 target_cluster=None active_clusters=0 remaining_cells=81 scans=4
RESULT turn=5 cell=12,10 result=HIT remaining_cells=81 active_clusters=0
turn=5 result=HIT
turn=6 mode=CHASE cluster=0 cluster_len=1 cell=12,9 score=100001.924344 chase_score=5105.424344 prob=1.924344
turn=6 picked cell=12,9 target_cluster=Some(0) active_clusters=1 remaining_cells=80 scans=4
RESULT turn=6 cell=12,9 result=HIT remaining_cells=80 active_clusters=1
turn=6 result=HIT
turn=7 mode=CHASE cluster=0 cluster_len=2 cell=12,8 score=200001.924344 chase_score=10335.924344 prob=1.924344
turn=7 picked cell=12,8 target_cluster=Some(0) active_clusters=1 remaining_cells=79 scans=4
RESULT turn=7 cell=12,8 result=HIT remaining_cells=79 active_clusters=1
turn=7 result=HIT
turn=8 mode=CHASE cluster=0 cluster_len=3 cell=12,7 score=300001.884596 chase_score=10261.884596 prob=1.884596
turn=8 picked cell=12,7 target_cluster=Some(0) active_clusters=1 remaining_cells=78 scans=4
RESULT turn=8 cell=12,7 result=HIT remaining_cells=78 active_clusters=1
turn=8 result=HIT
turn=9 mode=CHASE cluster=0 cluster_len=4 cell=12,11 score=400001.884596 chase_score=10187.884596 prob=1.884596
turn=9 picked cell=12,11 target_cluster=Some(0) active_clusters=1 remaining_cells=77 scans=4
RESULT turn=9 cell=12,11 result=HIT remaining_cells=77 active_clusters=1
turn=9 result=HIT
turn=10 mode=CHASE cluster=0 cluster_len=5 cell=12,6 score=500001.844848 chase_score=10117.844848 prob=1.844848
turn=10 picked cell=12,6 target_cluster=Some(0) active_clusters=1 remaining_cells=76 scans=4
RESULT turn=10 cell=12,6 result=HIT remaining_cells=76 active_clusters=1
turn=10 result=HIT
turn=11 mode=CHASE cluster=0 cluster_len=6 cell=12,12 score=600001.844848 chase_score=10062.844848 prob=1.844848
turn=11 picked cell=12,12 target_cluster=Some(0) active_clusters=1 remaining_cells=75 scans=4
RESULT turn=11 cell=12,12 result=MISS remaining_cells=75 active_clusters=1
turn=11 result=MISS
turn=12 mode=CHASE cluster=0 cluster_len=6 cell=12,5 score=600001.756264 chase_score=10026.756264 prob=1.756264
turn=12 picked cell=12,5 target_cluster=Some(0) active_clusters=1 remaining_cells=75 scans=4
RESULT turn=12 cell=12,5 result=HIT remaining_cells=75 active_clusters=1
turn=12 result=HIT
turn=13 mode=CHASE cluster=0 cluster_len=7 cell=12,4 score=700001.681674 chase_score=10019.681674 prob=1.681674
turn=13 picked cell=12,4 target_cluster=Some(0) active_clusters=1 remaining_cells=74 scans=4
RESULT turn=13 cell=12,4 result=HIT remaining_cells=74 active_clusters=1
turn=13 result=HIT
turn=14 mode=CHASE cluster=0 cluster_len=8 cell=12,3 score=800001.578102 chase_score=10019.578102 prob=1.578102
turn=14 picked cell=12,3 target_cluster=Some(0) active_clusters=1 remaining_cells=73 scans=4
RESULT turn=14 cell=12,3 result=KILL remaining_cells=73 active_clusters=1
turn=14 result=KILL
turn=14 kill_infer inferred_len=9 committed_hits=8 cluster_hits=8
turn=15 picked cell=13,13 target_cluster=None active_clusters=0 remaining_cells=72 scans=4
RESULT turn=15 cell=13,13 result=HIT remaining_cells=72 active_clusters=0
turn=15 result=HIT
turn=16 mode=CHASE cluster=0 cluster_len=1 cell=12,13 score=100001.016005 chase_score=5082.016005 prob=1.016005
turn=16 picked cell=12,13 target_cluster=Some(0) active_clusters=1 remaining_cells=71 scans=4
RESULT turn=16 cell=12,13 result=HIT remaining_cells=71 active_clusters=1
turn=16 result=HIT
turn=17 mode=CHASE cluster=0 cluster_len=2 cell=11,13 score=200001.775885 chase_score=10263.775885 prob=1.775885
turn=17 picked cell=11,13 target_cluster=Some(0) active_clusters=1 remaining_cells=70 scans=4
RESULT turn=17 cell=11,13 result=HIT remaining_cells=70 active_clusters=1
turn=17 result=HIT
turn=18 mode=CHASE cluster=0 cluster_len=3 cell=10,13 score=300001.799436 chase_score=10207.799436 prob=1.799436
turn=18 picked cell=10,13 target_cluster=Some(0) active_clusters=1 remaining_cells=69 scans=4
RESULT turn=18 cell=10,13 result=HIT remaining_cells=69 active_clusters=1
turn=18 result=HIT
turn=19 mode=CHASE cluster=0 cluster_len=4 cell=9,13 score=400001.799436 chase_score=10142.799436 prob=1.799436
turn=19 picked cell=9,13 target_cluster=Some(0) active_clusters=1 remaining_cells=68 scans=4
RESULT turn=19 cell=9,13 result=MISS remaining_cells=68 active_clusters=1
turn=19 result=MISS
turn=20 mode=CHASE cluster=0 cluster_len=4 cell=14,13 score=400001.446911 chase_score=10062.446911 prob=1.446911
turn=20 picked cell=14,13 target_cluster=Some(0) active_clusters=1 remaining_cells=68 scans=4
RESULT turn=20 cell=14,13 result=HIT remaining_cells=68 active_clusters=1
turn=20 result=HIT
turn=21 mode=CHASE cluster=0 cluster_len=5 cell=15,13 score=500001.414448 chase_score=10047.414448 prob=1.414448
turn=21 picked cell=15,13 target_cluster=Some(0) active_clusters=1 remaining_cells=67 scans=4
RESULT turn=21 cell=15,13 result=HIT remaining_cells=67 active_clusters=1
turn=21 result=HIT
turn=22 mode=CHASE cluster=0 cluster_len=6 cell=16,13 score=600001.305392 chase_score=10017.305392 prob=1.305392
turn=22 picked cell=16,13 target_cluster=Some(0) active_clusters=1 remaining_cells=66 scans=4
RESULT turn=22 cell=16,13 result=HIT remaining_cells=66 active_clusters=1
turn=22 result=HIT
turn=23 mode=CHASE cluster=0 cluster_len=7 cell=17,13 score=700001.179436 chase_score=10010.179436 prob=1.179436
turn=23 picked cell=17,13 target_cluster=Some(0) active_clusters=1 remaining_cells=65 scans=4
RESULT turn=23 cell=17,13 result=KILL remaining_cells=65 active_clusters=1
turn=23 result=KILL
turn=23 kill_infer inferred_len=7 committed_hits=6 cluster_hits=7
turn=24 mode=CHASE cluster=0 cluster_len=1 cell=10,12 score=100001.194981 chase_score=5071.694981 prob=1.194981
turn=24 picked cell=10,12 target_cluster=Some(0) active_clusters=1 remaining_cells=64 scans=4
RESULT turn=24 cell=10,12 result=MISS remaining_cells=64 active_clusters=1
turn=24 result=MISS
turn=25 mode=CHASE cluster=0 cluster_len=1 cell=10,14 score=100001.144347 chase_score=5014.894347 prob=1.144347
turn=25 picked cell=10,14 target_cluster=Some(0) active_clusters=1 remaining_cells=64 scans=4
RESULT turn=25 cell=10,14 result=KILL remaining_cells=64 active_clusters=1
turn=25 result=KILL
turn=25 kill_infer inferred_len=2 committed_hits=1 cluster_hits=1
turn=26 picked cell=18,10 target_cluster=None active_clusters=0 remaining_cells=63 scans=4
RESULT turn=26 cell=18,10 result=HIT remaining_cells=63 active_clusters=0
turn=26 result=HIT
turn=27 mode=CHASE cluster=0 cluster_len=1 cell=18,9 score=100001.099519 chase_score=5075.599519 prob=1.099519
turn=27 picked cell=18,9 target_cluster=Some(0) active_clusters=1 remaining_cells=62 scans=4
RESULT turn=27 cell=18,9 result=HIT remaining_cells=62 active_clusters=1
turn=27 result=HIT
turn=28 mode=CHASE cluster=0 cluster_len=2 cell=18,8 score=200001.099519 chase_score=10237.099519 prob=1.099519
turn=28 picked cell=18,8 target_cluster=Some(0) active_clusters=1 remaining_cells=61 scans=4
RESULT turn=28 cell=18,8 result=HIT remaining_cells=61 active_clusters=1
turn=28 result=HIT
turn=29 mode=CHASE cluster=0 cluster_len=3 cell=18,7 score=300001.070789 chase_score=10179.070789 prob=1.070789
turn=29 picked cell=18,7 target_cluster=Some(0) active_clusters=1 remaining_cells=60 scans=4
RESULT turn=29 cell=18,7 result=HIT remaining_cells=60 active_clusters=1
turn=29 result=HIT
turn=30 mode=CHASE cluster=0 cluster_len=4 cell=18,11 score=400001.070789 chase_score=10121.070789 prob=1.070789
turn=30 picked cell=18,11 target_cluster=Some(0) active_clusters=1 remaining_cells=59 scans=4
RESULT turn=30 cell=18,11 result=HIT remaining_cells=59 active_clusters=1
turn=30 result=HIT
turn=31 mode=CHASE cluster=0 cluster_len=5 cell=18,6 score=500001.042058 chase_score=10067.042058 prob=1.042058
turn=31 picked cell=18,6 target_cluster=Some(0) active_clusters=1 remaining_cells=58 scans=4
RESULT turn=31 cell=18,6 result=MISS remaining_cells=58 active_clusters=1
turn=31 result=MISS
turn=32 mode=CHASE cluster=0 cluster_len=5 cell=18,12 score=500000.973466 chase_score=10039.973466 prob=0.973466
turn=32 picked cell=18,12 target_cluster=Some(0) active_clusters=1 remaining_cells=58 scans=4
RESULT turn=32 cell=18,12 result=HIT remaining_cells=58 active_clusters=1
turn=32 result=HIT
turn=33 mode=CHASE cluster=0 cluster_len=6 cell=18,13 score=600000.838881 chase_score=10009.838881 prob=0.838881
turn=33 picked cell=18,13 target_cluster=Some(0) active_clusters=1 remaining_cells=57 scans=4
RESULT turn=33 cell=18,13 result=HIT remaining_cells=57 active_clusters=1
turn=33 result=HIT
turn=34 mode=CHASE cluster=0 cluster_len=7 cell=18,14 score=700000.894065 chase_score=10009.894065 prob=0.894065
turn=34 picked cell=18,14 target_cluster=Some(0) active_clusters=1 remaining_cells=56 scans=4
RESULT turn=34 cell=18,14 result=HIT remaining_cells=56 active_clusters=1
turn=34 result=HIT
turn=35 mode=CHASE cluster=0 cluster_len=8 cell=18,15 score=800000.806896 chase_score=10009.806896 prob=0.806896
turn=35 picked cell=18,15 target_cluster=Some(0) active_clusters=1 remaining_cells=55 scans=4
RESULT turn=35 cell=18,15 result=KILL remaining_cells=55 active_clusters=1
turn=35 result=KILL
turn=35 kill_infer inferred_len=9 committed_hits=8 cluster_hits=8
turn=36 picked cell=5,5 target_cluster=None active_clusters=0 remaining_cells=54 scans=4
RESULT turn=36 cell=5,5 result=MISS remaining_cells=54 active_clusters=0
turn=36 result=MISS
turn=37 picked cell=6,6 target_cluster=None active_clusters=0 remaining_cells=54 scans=4
RESULT turn=37 cell=6,6 result=MISS remaining_cells=54 active_clusters=0
turn=37 result=MISS
turn=38 picked cell=4,7 target_cluster=None active_clusters=0 remaining_cells=54 scans=4
RESULT turn=38 cell=4,7 result=MISS remaining_cells=54 active_clusters=0
turn=38 result=MISS
turn=39 picked cell=7,4 target_cluster=None active_clusters=0 remaining_cells=54 scans=4
RESULT turn=39 cell=7,4 result=HIT remaining_cells=54 active_clusters=0
turn=39 result=HIT
turn=40 mode=CHASE cluster=0 cluster_len=1 cell=6,4 score=100000.985144 chase_score=5057.485144 prob=0.985144
turn=40 picked cell=6,4 target_cluster=Some(0) active_clusters=1 remaining_cells=53 scans=4
RESULT turn=40 cell=6,4 result=HIT remaining_cells=53 active_clusters=1
turn=40 result=HIT
turn=41 mode=CHASE cluster=0 cluster_len=2 cell=8,4 score=200001.257974 chase_score=10174.257974 prob=1.257974
turn=41 picked cell=8,4 target_cluster=Some(0) active_clusters=1 remaining_cells=52 scans=4
RESULT turn=41 cell=8,4 result=HIT remaining_cells=52 active_clusters=1
turn=41 result=HIT
turn=42 mode=CHASE cluster=0 cluster_len=3 cell=9,4 score=300001.121559 chase_score=10125.121559 prob=1.121559
turn=42 picked cell=9,4 target_cluster=Some(0) active_clusters=1 remaining_cells=51 scans=4
RESULT turn=42 cell=9,4 result=HIT remaining_cells=51 active_clusters=1
turn=42 result=HIT
turn=43 mode=CHASE cluster=0 cluster_len=4 cell=10,4 score=400000.985144 chase_score=10075.985144 prob=0.985144
turn=43 picked cell=10,4 target_cluster=Some(0) active_clusters=1 remaining_cells=50 scans=4
RESULT turn=43 cell=10,4 result=MISS remaining_cells=50 active_clusters=1
turn=43 result=MISS
turn=44 mode=CHASE cluster=0 cluster_len=4 cell=5,4 score=400000.767952 chase_score=10045.767952 prob=0.767952
turn=44 picked cell=5,4 target_cluster=Some(0) active_clusters=1 remaining_cells=50 scans=4
RESULT turn=44 cell=5,4 result=HIT remaining_cells=50 active_clusters=1
turn=44 result=HIT
turn=45 mode=CHASE cluster=0 cluster_len=5 cell=4,4 score=500001.055321 chase_score=10031.055321 prob=1.055321
turn=45 picked cell=4,4 target_cluster=Some(0) active_clusters=1 remaining_cells=49 scans=4
RESULT turn=45 cell=4,4 result=HIT remaining_cells=49 active_clusters=1
turn=45 result=HIT
turn=46 mode=CHASE cluster=0 cluster_len=6 cell=3,4 score=600001.282884 chase_score=10001.282884 prob=1.282884
turn=46 picked cell=3,4 target_cluster=Some(0) active_clusters=1 remaining_cells=48 scans=4
RESULT turn=46 cell=3,4 result=HIT remaining_cells=48 active_clusters=1
turn=46 result=HIT
turn=47 mode=CHASE cluster=0 cluster_len=7 cell=2,4 score=700001.143749 chase_score=10001.143749 prob=1.143749
turn=47 picked cell=2,4 target_cluster=Some(0) active_clusters=1 remaining_cells=47 scans=4
RESULT turn=47 cell=2,4 result=KILL remaining_cells=47 active_clusters=1
turn=47 result=KILL
turn=47 kill_infer inferred_len=6 committed_hits=5 cluster_hits=7
turn=48 mode=CHASE cluster=0 cluster_len=2 cell=8,3 score=200001.080097 chase_score=5001.080097 prob=1.080097
turn=48 picked cell=8,3 target_cluster=Some(0) active_clusters=1 remaining_cells=46 scans=4
RESULT turn=48 cell=8,3 result=MISS remaining_cells=46 active_clusters=1
turn=48 result=MISS
turn=49 mode=CHASE cluster=0 cluster_len=2 cell=9,5 score=200000.973912 chase_score=5000.973912 prob=0.973912
turn=49 picked cell=9,5 target_cluster=Some(0) active_clusters=1 remaining_cells=46 scans=4
RESULT turn=49 cell=9,5 result=HIT remaining_cells=46 active_clusters=1
turn=49 result=HIT
turn=50 mode=CHASE cluster=0 cluster_len=3 cell=9,6 score=300000.841007 chase_score=5000.841007 prob=0.841007
turn=50 picked cell=9,6 target_cluster=Some(0) active_clusters=1 remaining_cells=45 scans=4
RESULT turn=50 cell=9,6 result=HIT remaining_cells=45 active_clusters=1
turn=50 result=HIT
turn=51 mode=CHASE cluster=0 cluster_len=4 cell=9,7 score=400001.095873 chase_score=5001.095873 prob=1.095873
turn=51 picked cell=9,7 target_cluster=Some(0) active_clusters=1 remaining_cells=44 scans=4
RESULT turn=51 cell=9,7 result=HIT remaining_cells=44 active_clusters=1
turn=51 result=HIT
turn=52 mode=CHASE cluster=0 cluster_len=5 cell=9,8 score=500001.095873 chase_score=5001.095873 prob=1.095873
turn=52 picked cell=9,8 target_cluster=Some(0) active_clusters=1 remaining_cells=43 scans=4
RESULT turn=52 cell=9,8 result=MISS remaining_cells=43 active_clusters=1
turn=52 result=MISS
turn=53 mode=CHASE cluster=0 cluster_len=5 cell=8,7 score=500000.930009 chase_score=5000.930009 prob=0.930009
turn=53 picked cell=8,7 target_cluster=Some(0) active_clusters=1 remaining_cells=43 scans=4
RESULT turn=53 cell=8,7 result=MISS remaining_cells=43 active_clusters=1
turn=53 result=MISS
turn=54 mode=CHASE cluster=0 cluster_len=5 cell=9,3 score=500000.510268 chase_score=5000.510268 prob=0.510268
turn=54 picked cell=9,3 target_cluster=Some(0) active_clusters=1 remaining_cells=43 scans=4
RESULT turn=54 cell=9,3 result=KILL remaining_cells=43 active_clusters=1
turn=54 result=KILL
turn=54 kill_infer inferred_len=5 committed_hits=4 cluster_hits=5
turn=55 mode=CHASE cluster=0 cluster_len=1 cell=8,5 score=100000.035879 chase_score=5001.035879 prob=0.035879
turn=55 picked cell=8,5 target_cluster=Some(0) active_clusters=1 remaining_cells=42 scans=4
RESULT turn=55 cell=8,5 result=MISS remaining_cells=42 active_clusters=1
turn=55 result=MISS
turn=56 picked cell=11,9 target_cluster=None active_clusters=1 remaining_cells=42 scans=4
RESULT turn=56 cell=11,9 result=HIT remaining_cells=42 active_clusters=1
turn=56 result=HIT
turn=57 mode=CHASE cluster=1 cluster_len=1 cell=11,8 score=100000.655954 chase_score=5038.655954 prob=0.655954
turn=57 picked cell=11,8 target_cluster=Some(1) active_clusters=2 remaining_cells=41 scans=4
RESULT turn=57 cell=11,8 result=MISS remaining_cells=41 active_clusters=2
turn=57 result=MISS
turn=58 mode=CHASE cluster=1 cluster_len=1 cell=10,9 score=100000.604891 chase_score=5011.104891 prob=0.604891
turn=58 picked cell=10,9 target_cluster=Some(1) active_clusters=2 remaining_cells=41 scans=4
RESULT turn=58 cell=10,9 result=MISS remaining_cells=41 active_clusters=2
turn=58 result=MISS
turn=59 mode=CHASE cluster=1 cluster_len=1 cell=11,10 score=100000.179272 chase_score=5002.179272 prob=0.179272
turn=59 picked cell=11,10 target_cluster=Some(1) active_clusters=2 remaining_cells=41 scans=4
RESULT turn=59 cell=11,10 result=HIT remaining_cells=41 active_clusters=2
turn=59 result=HIT
turn=60 mode=CHASE cluster=1 cluster_len=2 cell=11,11 score=200000.179272 chase_score=10004.179272 prob=0.179272
turn=60 picked cell=11,11 target_cluster=Some(1) active_clusters=2 remaining_cells=40 scans=4
RESULT turn=60 cell=11,11 result=HIT remaining_cells=40 active_clusters=2
turn=60 result=HIT
turn=61 mode=CHASE cluster=1 cluster_len=3 cell=11,12 score=300000.027679 chase_score=10004.027679 prob=0.027679
turn=61 picked cell=11,12 target_cluster=Some(1) active_clusters=2 remaining_cells=39 scans=4
RESULT turn=61 cell=11,12 result=HIT remaining_cells=39 active_clusters=2
turn=61 result=HIT
turn=62 mode=CHASE cluster=1 cluster_len=4 cell=10,10 score=400000.297622 chase_score=5000.297622 prob=0.297622
turn=62 picked cell=10,10 target_cluster=Some(1) active_clusters=2 remaining_cells=38 scans=4
RESULT turn=62 cell=10,10 result=MISS remaining_cells=38 active_clusters=2
turn=62 result=MISS
turn=63 mode=CHASE cluster=1 cluster_len=4 cell=10,11 score=400000.289025 chase_score=5000.289025 prob=0.289025
turn=63 picked cell=10,11 target_cluster=Some(1) active_clusters=2 remaining_cells=38 scans=4
RESULT turn=63 cell=10,11 result=MISS remaining_cells=38 active_clusters=2
turn=63 result=MISS
turn=64 picked cell=7,10 target_cluster=None active_clusters=2 remaining_cells=38 scans=4
RESULT turn=64 cell=7,10 result=MISS remaining_cells=38 active_clusters=2
turn=64 result=MISS
turn=65 picked cell=6,11 target_cluster=None active_clusters=2 remaining_cells=38 scans=4
RESULT turn=65 cell=6,11 result=MISS remaining_cells=38 active_clusters=2
turn=65 result=MISS
turn=66 picked cell=5,9 target_cluster=None active_clusters=2 remaining_cells=38 scans=4
RESULT turn=66 cell=5,9 result=MISS remaining_cells=38 active_clusters=2
turn=66 result=MISS
turn=67 picked cell=8,12 target_cluster=None active_clusters=2 remaining_cells=38 scans=4
RESULT turn=67 cell=8,12 result=MISS remaining_cells=38 active_clusters=2
turn=67 result=MISS
turn=68 picked cell=7,15 target_cluster=None active_clusters=2 remaining_cells=38 scans=4
RESULT turn=68 cell=7,15 result=MISS remaining_cells=38 active_clusters=2
turn=68 result=MISS
turn=69 picked cell=4,13 target_cluster=None active_clusters=2 remaining_cells=38 scans=4
RESULT turn=69 cell=4,13 result=MISS remaining_cells=38 active_clusters=2
turn=69 result=MISS
turn=70 picked cell=3,12 target_cluster=None active_clusters=2 remaining_cells=38 scans=4
RESULT turn=70 cell=3,12 result=MISS remaining_cells=38 active_clusters=2
turn=70 result=MISS
turn=71 picked cell=5,14 target_cluster=None active_clusters=2 remaining_cells=38 scans=4
RESULT turn=71 cell=5,14 result=MISS remaining_cells=38 active_clusters=2
turn=71 result=MISS
turn=72 picked cell=2,10 target_cluster=None active_clusters=2 remaining_cells=38 scans=4
RESULT turn=72 cell=2,10 result=MISS remaining_cells=38 active_clusters=2
turn=72 result=MISS
turn=73 picked cell=6,16 target_cluster=None active_clusters=2 remaining_cells=38 scans=4
RESULT turn=73 cell=6,16 result=HIT remaining_cells=38 active_clusters=2
turn=73 result=HIT
turn=74 mode=CHASE cluster=2 cluster_len=1 cell=5,16 score=100001.092490 chase_score=5045.092490 prob=1.092490
turn=74 picked cell=5,16 target_cluster=Some(2) active_clusters=3 remaining_cells=37 scans=4
RESULT turn=74 cell=5,16 result=HIT remaining_cells=37 active_clusters=3
turn=74 result=HIT
turn=75 mode=CHASE cluster=2 cluster_len=2 cell=7,16 score=200001.063047 chase_score=10135.063047 prob=1.063047
turn=75 picked cell=7,16 target_cluster=Some(2) active_clusters=3 remaining_cells=36 scans=4
RESULT turn=75 cell=7,16 result=HIT remaining_cells=36 active_clusters=3
turn=75 result=HIT
turn=76 mode=CHASE cluster=2 cluster_len=3 cell=8,16 score=300001.335175 chase_score=10097.335175 prob=1.335175
turn=76 picked cell=8,16 target_cluster=Some(2) active_clusters=3 remaining_cells=35 scans=4
RESULT turn=76 cell=8,16 result=HIT remaining_cells=35 active_clusters=3
turn=76 result=HIT
turn=77 mode=CHASE cluster=2 cluster_len=4 cell=9,16 score=400001.153104 chase_score=10059.153104 prob=1.153104
turn=77 picked cell=9,16 target_cluster=Some(2) active_clusters=3 remaining_cells=34 scans=4
RESULT turn=77 cell=9,16 result=KILL remaining_cells=34 active_clusters=3
turn=77 result=KILL
turn=77 kill_infer inferred_len=5 committed_hits=4 cluster_hits=4
turn=78 picked cell=11,2 target_cluster=None active_clusters=2 remaining_cells=33 scans=4
RESULT turn=78 cell=11,2 result=MISS remaining_cells=33 active_clusters=2
turn=78 result=MISS
turn=79 picked cell=13,7 target_cluster=None active_clusters=2 remaining_cells=33 scans=4
RESULT turn=79 cell=13,7 result=MISS remaining_cells=33 active_clusters=2
turn=79 result=MISS
turn=80 picked cell=14,5 target_cluster=None active_clusters=2 remaining_cells=33 scans=4
RESULT turn=80 cell=14,5 result=MISS remaining_cells=33 active_clusters=2
turn=80 result=MISS
turn=81 picked cell=13,15 target_cluster=None active_clusters=2 remaining_cells=33 scans=4
RESULT turn=81 cell=13,15 result=HIT remaining_cells=33 active_clusters=2
turn=81 result=HIT
turn=82 mode=CHASE cluster=2 cluster_len=1 cell=12,15 score=100001.093635 chase_score=5040.093635 prob=1.093635
turn=82 picked cell=12,15 target_cluster=Some(2) active_clusters=3 remaining_cells=32 scans=4
RESULT turn=82 cell=12,15 result=HIT remaining_cells=32 active_clusters=3
turn=82 result=HIT
turn=83 mode=CHASE cluster=2 cluster_len=2 cell=11,15 score=200000.917215 chase_score=10119.917215 prob=0.917215
turn=83 picked cell=11,15 target_cluster=Some(2) active_clusters=3 remaining_cells=31 scans=4
RESULT turn=83 cell=11,15 result=MISS remaining_cells=31 active_clusters=3
turn=83 result=MISS
turn=84 mode=CHASE cluster=2 cluster_len=2 cell=14,15 score=200000.406007 chase_score=10033.406007 prob=0.406007
turn=84 picked cell=14,15 target_cluster=Some(2) active_clusters=3 remaining_cells=31 scans=4
RESULT turn=84 cell=14,15 result=HIT remaining_cells=31 active_clusters=3
turn=84 result=HIT
turn=85 mode=CHASE cluster=2 cluster_len=3 cell=15,15 score=300000.406007 chase_score=10033.406007 prob=0.406007
turn=85 picked cell=15,15 target_cluster=Some(2) active_clusters=3 remaining_cells=30 scans=4
RESULT turn=85 cell=15,15 result=HIT remaining_cells=30 active_clusters=3
turn=85 result=HIT
turn=86 mode=CHASE cluster=2 cluster_len=4 cell=16,15 score=400000.386682 chase_score=10029.386682 prob=0.386682
turn=86 picked cell=16,15 target_cluster=Some(2) active_clusters=3 remaining_cells=29 scans=4
RESULT turn=86 cell=16,15 result=HIT remaining_cells=29 active_clusters=3
turn=86 result=HIT
turn=87 mode=CHASE cluster=2 cluster_len=5 cell=17,15 score=500000.323393 chase_score=10024.323393 prob=0.323393
turn=87 picked cell=17,15 target_cluster=Some(2) active_clusters=3 remaining_cells=28 scans=4
RESULT turn=87 cell=17,15 result=KILL remaining_cells=28 active_clusters=3
turn=87 result=KILL
turn=87 kill_infer inferred_len=6 committed_hits=5 cluster_hits=5
turn=88 picked cell=13,1 target_cluster=None active_clusters=2 remaining_cells=27 scans=4
RESULT turn=88 cell=13,1 result=MISS remaining_cells=27 active_clusters=2
turn=88 result=MISS
turn=89 picked cell=15,4 target_cluster=None active_clusters=2 remaining_cells=27 scans=4
RESULT turn=89 cell=15,4 result=MISS remaining_cells=27 active_clusters=2
turn=89 result=MISS
turn=90 picked cell=3,8 target_cluster=None active_clusters=2 remaining_cells=27 scans=4
RESULT turn=90 cell=3,8 result=MISS remaining_cells=27 active_clusters=2
turn=90 result=MISS
turn=91 picked cell=5,2 target_cluster=None active_clusters=2 remaining_cells=27 scans=4
RESULT turn=91 cell=5,2 result=MISS remaining_cells=27 active_clusters=2
turn=91 result=MISS
turn=92 picked cell=7,1 target_cluster=None active_clusters=2 remaining_cells=27 scans=4
RESULT turn=92 cell=7,1 result=HIT remaining_cells=27 active_clusters=2
turn=92 result=HIT
turn=93 mode=CHASE cluster=2 cluster_len=1 cell=6,1 score=100001.184154 chase_score=5032.684154 prob=1.184154
turn=93 picked cell=6,1 target_cluster=Some(2) active_clusters=3 remaining_cells=26 scans=4
RESULT turn=93 cell=6,1 result=HIT remaining_cells=26 active_clusters=3
turn=93 result=HIT
turn=94 mode=CHASE cluster=2 cluster_len=2 cell=5,1 score=200001.143048 chase_score=10096.143048 prob=1.143048
turn=94 picked cell=5,1 target_cluster=Some(2) active_clusters=3 remaining_cells=25 scans=4
RESULT turn=94 cell=5,1 result=HIT remaining_cells=25 active_clusters=3
turn=94 result=HIT
turn=95 mode=CHASE cluster=2 cluster_len=3 cell=4,1 score=300001.046660 chase_score=10069.046660 prob=1.046660
turn=95 picked cell=4,1 target_cluster=Some(2) active_clusters=3 remaining_cells=24 scans=4
RESULT turn=95 cell=4,1 result=HIT remaining_cells=24 active_clusters=3
turn=95 result=HIT
turn=96 mode=CHASE cluster=2 cluster_len=4 cell=8,1 score=400001.024115 chase_score=10042.024115 prob=1.024115
turn=96 picked cell=8,1 target_cluster=Some(2) active_clusters=3 remaining_cells=23 scans=4
RESULT turn=96 cell=8,1 result=MISS remaining_cells=23 active_clusters=3
turn=96 result=MISS
turn=97 mode=CHASE cluster=2 cluster_len=4 cell=3,1 score=400000.766719 chase_score=10023.766719 prob=0.766719
turn=97 picked cell=3,1 target_cluster=Some(2) active_clusters=3 remaining_cells=23 scans=4
RESULT turn=97 cell=3,1 result=HIT remaining_cells=23 active_clusters=3
turn=97 result=HIT
turn=98 mode=CHASE cluster=2 cluster_len=5 cell=2,1 score=500000.709627 chase_score=10018.709627 prob=0.709627
turn=98 picked cell=2,1 target_cluster=Some(2) active_clusters=3 remaining_cells=22 scans=4
RESULT turn=98 cell=2,1 result=KILL remaining_cells=22 active_clusters=3
turn=98 result=KILL
turn=98 kill_infer inferred_len=6 committed_hits=5 cluster_hits=5
turn=99 picked cell=16,3 target_cluster=None active_clusters=2 remaining_cells=21 scans=4
RESULT turn=99 cell=16,3 result=MISS remaining_cells=21 active_clusters=2
turn=99 result=MISS
turn=100 picked cell=17,5 target_cluster=None active_clusters=2 remaining_cells=21 scans=4
RESULT turn=100 cell=17,5 result=MISS remaining_cells=21 active_clusters=2
turn=100 result=MISS
turn=101 picked cell=13,0 target_cluster=None active_clusters=2 remaining_cells=21 scans=4
RESULT turn=101 cell=13,0 result=HIT remaining_cells=21 active_clusters=2
turn=101 result=HIT
turn=102 mode=CHASE cluster=2 cluster_len=1 cell=12,0 score=100000.987772 chase_score=5024.987772 prob=0.987772
turn=102 picked cell=12,0 target_cluster=Some(2) active_clusters=3 remaining_cells=20 scans=4
RESULT turn=102 cell=12,0 result=MISS remaining_cells=20 active_clusters=3
turn=102 result=MISS
turn=103 mode=CHASE cluster=2 cluster_len=1 cell=14,0 score=100000.378565 chase_score=5006.628565 prob=0.378565
turn=103 picked cell=14,0 target_cluster=Some(2) active_clusters=3 remaining_cells=20 scans=4
RESULT turn=103 cell=14,0 result=HIT remaining_cells=20 active_clusters=3
turn=103 result=HIT
turn=104 mode=CHASE cluster=2 cluster_len=2 cell=15,0 score=200000.366358 chase_score=10021.366358 prob=0.366358
turn=104 picked cell=15,0 target_cluster=Some(2) active_clusters=3 remaining_cells=19 scans=4
RESULT turn=104 cell=15,0 result=HIT remaining_cells=19 active_clusters=3
turn=104 result=HIT
turn=105 mode=CHASE cluster=2 cluster_len=3 cell=16,0 score=300000.340242 chase_score=10021.340242 prob=0.340242
turn=105 picked cell=16,0 target_cluster=Some(2) active_clusters=3 remaining_cells=18 scans=4
RESULT turn=105 cell=16,0 result=HIT remaining_cells=18 active_clusters=3
turn=105 result=HIT
turn=106 mode=CHASE cluster=2 cluster_len=4 cell=17,0 score=400000.378565 chase_score=10017.378565 prob=0.378565
turn=106 picked cell=17,0 target_cluster=Some(2) active_clusters=3 remaining_cells=17 scans=4
RESULT turn=106 cell=17,0 result=KILL remaining_cells=17 active_clusters=3
turn=106 result=KILL
turn=106 kill_infer inferred_len=5 committed_hits=4 cluster_hits=4
turn=107 picked cell=1,11 target_cluster=None active_clusters=2 remaining_cells=16 scans=4
RESULT turn=107 cell=1,11 result=HIT remaining_cells=16 active_clusters=2
turn=107 result=HIT
turn=108 mode=CHASE cluster=2 cluster_len=1 cell=1,12 score=100000.893211 chase_score=5019.893211 prob=0.893211
turn=108 picked cell=1,12 target_cluster=Some(2) active_clusters=3 remaining_cells=15 scans=4
RESULT turn=108 cell=1,12 result=MISS remaining_cells=15 active_clusters=3
turn=108 result=MISS
turn=109 mode=CHASE cluster=2 cluster_len=1 cell=2,11 score=100000.437053 chase_score=5006.437053 prob=0.437053
turn=109 picked cell=2,11 target_cluster=Some(2) active_clusters=3 remaining_cells=15 scans=4
RESULT turn=109 cell=2,11 result=HIT remaining_cells=15 active_clusters=3
turn=109 result=HIT
turn=110 mode=CHASE cluster=2 cluster_len=2 cell=3,11 score=200000.286922 chase_score=10020.286922 prob=0.286922
turn=110 picked cell=3,11 target_cluster=Some(2) active_clusters=3 remaining_cells=14 scans=4
RESULT turn=110 cell=3,11 result=HIT remaining_cells=14 active_clusters=3
turn=110 result=HIT
turn=111 mode=CHASE cluster=2 cluster_len=3 cell=0,11 score=300001.074346 chase_score=10017.074346 prob=1.074346
turn=111 picked cell=0,11 target_cluster=Some(2) active_clusters=3 remaining_cells=13 scans=4
RESULT turn=111 cell=0,11 result=HIT remaining_cells=13 active_clusters=3
turn=111 result=HIT
turn=112 mode=CHASE cluster=2 cluster_len=4 cell=4,11 score=400000.338355 chase_score=10012.338355 prob=0.338355
turn=112 picked cell=4,11 target_cluster=Some(2) active_clusters=3 remaining_cells=12 scans=4
RESULT turn=112 cell=4,11 result=HIT remaining_cells=12 active_clusters=3
turn=112 result=HIT
turn=113 mode=CHASE cluster=2 cluster_len=5 cell=5,11 score=500000.258582 chase_score=10012.258582 prob=0.258582
turn=113 picked cell=5,11 target_cluster=Some(2) active_clusters=3 remaining_cells=11 scans=4
RESULT turn=113 cell=5,11 result=KILL remaining_cells=11 active_clusters=3
turn=113 result=KILL
turn=113 kill_infer inferred_len=6 committed_hits=5 cluster_hits=5
turn=114 picked cell=15,8 target_cluster=None active_clusters=2 remaining_cells=10 scans=4
RESULT turn=114 cell=15,8 result=MISS remaining_cells=10 active_clusters=2
turn=114 result=MISS
turn=115 picked cell=16,7 target_cluster=None active_clusters=2 remaining_cells=10 scans=4
RESULT turn=115 cell=16,7 result=MISS remaining_cells=10 active_clusters=2
turn=115 result=MISS
turn=116 picked cell=15,2 target_cluster=None active_clusters=2 remaining_cells=10 scans=4
RESULT turn=116 cell=15,2 result=HIT remaining_cells=10 active_clusters=2
turn=116 result=HIT
turn=117 mode=CHASE cluster=2 cluster_len=1 cell=14,2 score=100000.358860 chase_score=5007.358860 prob=0.358860
turn=117 picked cell=14,2 target_cluster=Some(2) active_clusters=3 remaining_cells=9 scans=4
RESULT turn=117 cell=14,2 result=HIT remaining_cells=9 active_clusters=3
turn=117 result=HIT
turn=118 mode=CHASE cluster=2 cluster_len=2 cell=13,2 score=200000.305974 chase_score=10020.305974 prob=0.305974
turn=118 picked cell=13,2 target_cluster=Some(2) active_clusters=3 remaining_cells=8 scans=4
RESULT turn=118 cell=13,2 result=HIT remaining_cells=8 active_clusters=3
turn=118 result=HIT
turn=119 mode=CHASE cluster=2 cluster_len=3 cell=16,2 score=300000.305974 chase_score=10016.305974 prob=0.305974
turn=119 picked cell=16,2 target_cluster=Some(2) active_clusters=3 remaining_cells=7 scans=4
RESULT turn=119 cell=16,2 result=KILL remaining_cells=7 active_clusters=3
turn=119 result=KILL
turn=119 kill_infer inferred_len=4 committed_hits=3 cluster_hits=3
turn=120 picked cell=13,17 target_cluster=None active_clusters=2 remaining_cells=6 scans=4
RESULT turn=120 cell=13,17 result=MISS remaining_cells=6 active_clusters=2
turn=120 result=MISS
turn=121 picked cell=12,18 target_cluster=None active_clusters=2 remaining_cells=6 scans=4
RESULT turn=121 cell=12,18 result=MISS remaining_cells=6 active_clusters=2
turn=121 result=MISS
turn=122 picked cell=14,16 target_cluster=None active_clusters=2 remaining_cells=6 scans=4
RESULT turn=122 cell=14,16 result=MISS remaining_cells=6 active_clusters=2
turn=122 result=MISS
turn=123 picked cell=1,3 target_cluster=None active_clusters=2 remaining_cells=6 scans=4
RESULT turn=123 cell=1,3 result=MISS remaining_cells=6 active_clusters=2
turn=123 result=MISS
turn=124 picked cell=0,6 target_cluster=None active_clusters=2 remaining_cells=6 scans=4
RESULT turn=124 cell=0,6 result=MISS remaining_cells=6 active_clusters=2
turn=124 result=MISS
turn=125 picked cell=10,17 target_cluster=None active_clusters=2 remaining_cells=6 scans=4
RESULT turn=125 cell=10,17 result=MISS remaining_cells=6 active_clusters=2
turn=125 result=MISS
turn=126 picked cell=13,14 target_cluster=None active_clusters=2 remaining_cells=6 scans=4
RESULT turn=126 cell=13,14 result=MISS remaining_cells=6 active_clusters=2
turn=126 result=MISS
turn=127 picked cell=9,18 target_cluster=None active_clusters=2 remaining_cells=6 scans=4
RESULT turn=127 cell=9,18 result=MISS remaining_cells=6 active_clusters=2
turn=127 result=MISS
turn=128 picked cell=5,0 target_cluster=None active_clusters=2 remaining_cells=6 scans=4
RESULT turn=128 cell=5,0 result=MISS remaining_cells=6 active_clusters=2
turn=128 result=MISS
turn=129 picked cell=16,18 target_cluster=None active_clusters=2 remaining_cells=6 scans=4
RESULT turn=129 cell=16,18 result=MISS remaining_cells=6 active_clusters=2
turn=129 result=MISS
turn=130 picked cell=1,7 target_cluster=None active_clusters=2 remaining_cells=6 scans=4
RESULT turn=130 cell=1,7 result=MISS remaining_cells=6 active_clusters=2
turn=130 result=MISS
turn=131 picked cell=16,10 target_cluster=None active_clusters=2 remaining_cells=6 scans=4
RESULT turn=131 cell=16,10 result=MISS remaining_cells=6 active_clusters=2
turn=131 result=MISS
turn=132 picked cell=14,10 target_cluster=None active_clusters=2 remaining_cells=6 scans=4
RESULT turn=132 cell=14,10 result=MISS remaining_cells=6 active_clusters=2
turn=132 result=MISS
turn=133 picked cell=15,11 target_cluster=None active_clusters=2 remaining_cells=6 scans=4
RESULT turn=133 cell=15,11 result=MISS remaining_cells=6 active_clusters=2
turn=133 result=MISS
turn=134 picked cell=15,17 target_cluster=None active_clusters=2 remaining_cells=6 scans=4
RESULT turn=134 cell=15,17 result=MISS remaining_cells=6 active_clusters=2
turn=134 result=MISS
turn=135 picked cell=17,17 target_cluster=None active_clusters=2 remaining_cells=6 scans=4
RESULT turn=135 cell=17,17 result=MISS remaining_cells=6 active_clusters=2
turn=135 result=MISS
turn=136 picked cell=13,11 target_cluster=None active_clusters=2 remaining_cells=6 scans=4
RESULT turn=136 cell=13,11 result=MISS remaining_cells=6 active_clusters=2
turn=136 result=MISS
turn=137 picked cell=15,9 target_cluster=None active_clusters=2 remaining_cells=6 scans=4
RESULT turn=137 cell=15,9 result=MISS remaining_cells=6 active_clusters=2
turn=137 result=MISS
turn=138 picked cell=14,12 target_cluster=None active_clusters=2 remaining_cells=6 scans=4
RESULT turn=138 cell=14,12 result=MISS remaining_cells=6 active_clusters=2
turn=138 result=MISS
turn=139 picked cell=17,11 target_cluster=None active_clusters=2 remaining_cells=6 scans=4
RESULT turn=139 cell=17,11 result=MISS remaining_cells=6 active_clusters=2
turn=139 result=MISS
turn=140 picked cell=12,16 target_cluster=None active_clusters=2 remaining_cells=6 scans=4
RESULT turn=140 cell=12,16 result=MISS remaining_cells=6 active_clusters=2
turn=140 result=MISS
turn=141 picked cell=16,12 target_cluster=None active_clusters=2 remaining_cells=6 scans=4
RESULT turn=141 cell=16,12 result=MISS remaining_cells=6 active_clusters=2
turn=141 result=MISS
turn=142 picked cell=11,17 target_cluster=None active_clusters=2 remaining_cells=6 scans=4
RESULT turn=142 cell=11,17 result=MISS remaining_cells=6 active_clusters=2
turn=142 result=MISS
turn=143 picked cell=14,18 target_cluster=None active_clusters=2 remaining_cells=6 scans=4
RESULT turn=143 cell=14,18 result=MISS remaining_cells=6 active_clusters=2
turn=143 result=MISS
turn=144 picked cell=16,16 target_cluster=None active_clusters=2 remaining_cells=6 scans=4
RESULT turn=144 cell=16,16 result=MISS remaining_cells=6 active_clusters=2
turn=144 result=MISS
turn=145 picked cell=9,10 target_cluster=None active_clusters=2 remaining_cells=6 scans=4
RESULT turn=145 cell=9,10 result=MISS remaining_cells=6 active_clusters=2
turn=145 result=MISS
turn=146 picked cell=9,15 target_cluster=None active_clusters=2 remaining_cells=6 scans=4
RESULT turn=146 cell=9,15 result=MISS remaining_cells=6 active_clusters=2
turn=146 result=MISS
turn=147 picked cell=13,9 target_cluster=None active_clusters=2 remaining_cells=6 scans=4
RESULT turn=147 cell=13,9 result=MISS remaining_cells=6 active_clusters=2
turn=147 result=MISS
turn=148 picked cell=17,9 target_cluster=None active_clusters=2 remaining_cells=6 scans=4
RESULT turn=148 cell=17,9 result=MISS remaining_cells=6 active_clusters=2
turn=148 result=MISS
turn=149 picked cell=10,16 target_cluster=None active_clusters=2 remaining_cells=6 scans=4
RESULT turn=149 cell=10,16 result=MISS remaining_cells=6 active_clusters=2
turn=149 result=MISS
turn=150 picked cell=15,14 target_cluster=None active_clusters=2 remaining_cells=6 scans=4
RESULT turn=150 cell=15,14 result=MISS remaining_cells=6 active_clusters=2
turn=150 result=MISS
turn=151 picked cell=18,16 target_cluster=None active_clusters=2 remaining_cells=6 scans=4
RESULT turn=151 cell=18,16 result=MISS remaining_cells=6 active_clusters=2
turn=151 result=MISS
turn=152 picked cell=18,18 target_cluster=None active_clusters=2 remaining_cells=6 scans=4
RESULT turn=152 cell=18,18 result=MISS remaining_cells=6 active_clusters=2
turn=152 result=MISS
turn=153 picked cell=6,3 target_cluster=None active_clusters=2 remaining_cells=6 scans=4
RESULT turn=153 cell=6,3 result=MISS remaining_cells=6 active_clusters=2
turn=153 result=MISS
turn=154 picked cell=0,4 target_cluster=None active_clusters=2 remaining_cells=6 scans=4
RESULT turn=154 cell=0,4 result=MISS remaining_cells=6 active_clusters=2
turn=154 result=MISS
turn=155 picked cell=9,11 target_cluster=None active_clusters=2 remaining_cells=6 scans=4
RESULT turn=155 cell=9,11 result=MISS remaining_cells=6 active_clusters=2
turn=155 result=MISS
turn=156 picked cell=9,17 target_cluster=None active_clusters=2 remaining_cells=6 scans=4
RESULT turn=156 cell=9,17 result=MISS remaining_cells=6 active_clusters=2
turn=156 result=MISS
turn=157 picked cell=11,14 target_cluster=None active_clusters=2 remaining_cells=6 scans=4
RESULT turn=157 cell=11,14 result=KILL remaining_cells=6 active_clusters=2
turn=157 result=KILL
turn=158 picked cell=3,6 target_cluster=None active_clusters=2 remaining_cells=5 scans=4
RESULT turn=158 cell=3,6 result=HIT remaining_cells=5 active_clusters=2
turn=158 result=HIT
turn=159 mode=CHASE cluster=2 cluster_len=1 cell=2,6 score=100000.335160 chase_score=5001.335160 prob=0.335160
turn=159 picked cell=2,6 target_cluster=Some(2) active_clusters=3 remaining_cells=4 scans=4
RESULT turn=159 cell=2,6 result=MISS remaining_cells=4 active_clusters=3
turn=159 result=MISS
turn=160 mode=CHASE cluster=2 cluster_len=1 cell=4,6 score=100000.251951 chase_score=5001.251951 prob=0.251951
turn=160 picked cell=4,6 target_cluster=Some(2) active_clusters=3 remaining_cells=4 scans=4
RESULT turn=160 cell=4,6 result=MISS remaining_cells=4 active_clusters=3
turn=160 result=MISS
turn=161 mode=CHASE cluster=2 cluster_len=1 cell=3,5 score=100000.252400 chase_score=5001.252400 prob=0.252400
turn=161 picked cell=3,5 target_cluster=Some(2) active_clusters=3 remaining_cells=4 scans=4
RESULT turn=161 cell=3,5 result=MISS remaining_cells=4 active_clusters=3
turn=161 result=MISS
turn=162 mode=CHASE cluster=2 cluster_len=1 cell=3,7 score=100000.168574 chase_score=5001.168574 prob=0.168574
turn=162 picked cell=3,7 target_cluster=Some(2) active_clusters=3 remaining_cells=4 scans=4
RESULT turn=162 cell=3,7 result=KILL remaining_cells=4 active_clusters=3
turn=162 result=KILL
turn=162 kill_infer inferred_len=2 committed_hits=1 cluster_hits=1
turn=163 picked cell=3,17 target_cluster=None active_clusters=2 remaining_cells=3 scans=4
RESULT turn=163 cell=3,17 result=MISS remaining_cells=3 active_clusters=2
turn=163 result=MISS
turn=164 picked cell=2,15 target_cluster=None active_clusters=2 remaining_cells=3 scans=4
RESULT turn=164 cell=2,15 result=MISS remaining_cells=3 active_clusters=2
turn=164 result=MISS
turn=165 picked cell=5,18 target_cluster=None active_clusters=2 remaining_cells=3 scans=4
RESULT turn=165 cell=5,18 result=MISS remaining_cells=3 active_clusters=2
turn=165 result=MISS
turn=166 picked cell=0,14 target_cluster=None active_clusters=2 remaining_cells=3 scans=4
RESULT turn=166 cell=0,14 result=MISS remaining_cells=3 active_clusters=2
turn=166 result=MISS
turn=167 picked cell=1,16 target_cluster=None active_clusters=2 remaining_cells=3 scans=4
RESULT turn=167 cell=1,16 result=MISS remaining_cells=3 active_clusters=2
turn=167 result=MISS
turn=168 picked cell=10,18 target_cluster=None active_clusters=2 remaining_cells=3 scans=4
RESULT turn=168 cell=10,18 result=MISS remaining_cells=3 active_clusters=2
turn=168 result=MISS
turn=169 picked cell=17,14 target_cluster=None active_clusters=2 remaining_cells=3 scans=4
RESULT turn=169 cell=17,14 result=MISS remaining_cells=3 active_clusters=2
turn=169 result=MISS
turn=170 picked cell=8,14 target_cluster=None active_clusters=2 remaining_cells=3 scans=4
RESULT turn=170 cell=8,14 result=MISS remaining_cells=3 active_clusters=2
turn=170 result=MISS
turn=171 picked cell=7,13 target_cluster=None active_clusters=2 remaining_cells=3 scans=4
RESULT turn=171 cell=7,13 result=MISS remaining_cells=3 active_clusters=2
turn=171 result=MISS
turn=172 picked cell=9,9 target_cluster=None active_clusters=2 remaining_cells=3 scans=4
RESULT turn=172 cell=9,9 result=HIT remaining_cells=3 active_clusters=2
turn=172 result=HIT
turn=173 mode=CHASE cluster=2 cluster_len=1 cell=8,9 score=100001.030303 chase_score=5001.530303 prob=1.030303
turn=173 picked cell=8,9 target_cluster=Some(2) active_clusters=3 remaining_cells=2 scans=4
RESULT turn=173 cell=8,9 result=KILL remaining_cells=2 active_clusters=3
turn=173 result=KILL
turn=173 kill_infer inferred_len=2 committed_hits=1 cluster_hits=1
turn=174 picked cell=8,10 target_cluster=None active_clusters=2 remaining_cells=1 scans=4
RESULT turn=174 cell=8,10 result=MISS remaining_cells=1 active_clusters=2
turn=174 result=MISS
turn=175 picked cell=8,8 target_cluster=None active_clusters=2 remaining_cells=1 scans=4
RESULT turn=175 cell=8,8 result=MISS remaining_cells=1 active_clusters=2
turn=175 result=MISS
turn=176 picked cell=7,9 target_cluster=None active_clusters=2 remaining_cells=1 scans=4
RESULT turn=176 cell=7,9 result=MISS remaining_cells=1 active_clusters=2
turn=176 result=MISS
turn=177 picked cell=9,12 target_cluster=None active_clusters=2 remaining_cells=1 scans=4
RESULT turn=177 cell=9,12 result=MISS remaining_cells=1 active_clusters=2
turn=177 result=MISS
turn=178 picked cell=6,9 target_cluster=None active_clusters=2 remaining_cells=1 scans=4
RESULT turn=178 cell=6,9 result=MISS remaining_cells=1 active_clusters=2
turn=178 result=MISS
turn=179 picked cell=13,10 target_cluster=None active_clusters=2 remaining_cells=1 scans=4
RESULT turn=179 cell=13,10 result=MISS remaining_cells=1 active_clusters=2
turn=179 result=MISS
turn=180 picked cell=10,7 target_cluster=None active_clusters=2 remaining_cells=1 scans=4
RESULT turn=180 cell=10,7 result=MISS remaining_cells=1 active_clusters=2
turn=180 result=MISS
turn=181 picked cell=8,13 target_cluster=None active_clusters=2 remaining_cells=1 scans=4
RESULT turn=181 cell=8,13 result=MISS remaining_cells=1 active_clusters=2
turn=181 result=MISS
turn=182 picked cell=6,8 target_cluster=None active_clusters=2 remaining_cells=1 scans=4
RESULT turn=182 cell=6,8 result=MISS remaining_cells=1 active_clusters=2
turn=182 result=MISS
turn=183 picked cell=10,8 target_cluster=None active_clusters=2 remaining_cells=1 scans=4
RESULT turn=183 cell=10,8 result=MISS remaining_cells=1 active_clusters=2
turn=183 result=MISS
turn=184 picked cell=7,8 target_cluster=None active_clusters=2 remaining_cells=1 scans=4
RESULT turn=184 cell=7,8 result=MISS remaining_cells=1 active_clusters=2
turn=184 result=MISS
turn=185 picked cell=8,11 target_cluster=None active_clusters=2 remaining_cells=1 scans=4
RESULT turn=185 cell=8,11 result=MISS remaining_cells=1 active_clusters=2
turn=185 result=MISS
turn=186 picked cell=7,7 target_cluster=None active_clusters=2 remaining_cells=1 scans=4
RESULT turn=186 cell=7,7 result=MISS remaining_cells=1 active_clusters=2
turn=186 result=MISS
turn=187 picked cell=7,11 target_cluster=None active_clusters=2 remaining_cells=1 scans=4
RESULT turn=187 cell=7,11 result=MISS remaining_cells=1 active_clusters=2
turn=187 result=MISS
turn=188 picked cell=8,6 target_cluster=None active_clusters=2 remaining_cells=1 scans=4
RESULT turn=188 cell=8,6 result=MISS remaining_cells=1 active_clusters=2
turn=188 result=MISS
turn=189 picked cell=4,9 target_cluster=None active_clusters=2 remaining_cells=1 scans=4
RESULT turn=189 cell=4,9 result=MISS remaining_cells=1 active_clusters=2
turn=189 result=MISS
turn=190 picked cell=11,7 target_cluster=None active_clusters=2 remaining_cells=1 scans=4
RESULT turn=190 cell=11,7 result=MISS remaining_cells=1 active_clusters=2
turn=190 result=MISS
turn=191 picked cell=7,12 target_cluster=None active_clusters=2 remaining_cells=1 scans=4
RESULT turn=191 cell=7,12 result=MISS remaining_cells=1 active_clusters=2
turn=191 result=MISS
turn=192 picked cell=6,10 target_cluster=None active_clusters=2 remaining_cells=1 scans=4
RESULT turn=192 cell=6,10 result=MISS remaining_cells=1 active_clusters=2
turn=192 result=MISS
turn=193 picked cell=13,8 target_cluster=None active_clusters=2 remaining_cells=1 scans=4
RESULT turn=193 cell=13,8 result=MISS remaining_cells=1 active_clusters=2
turn=193 result=MISS
turn=194 picked cell=3,9 target_cluster=None active_clusters=2 remaining_cells=1 scans=4
RESULT turn=194 cell=3,9 result=MISS remaining_cells=1 active_clusters=2
turn=194 result=MISS
turn=195 picked cell=6,12 target_cluster=None active_clusters=2 remaining_cells=1 scans=4
RESULT turn=195 cell=6,12 result=MISS remaining_cells=1 active_clusters=2
turn=195 result=MISS
turn=196 picked cell=6,7 target_cluster=None active_clusters=2 remaining_cells=1 scans=4
RESULT turn=196 cell=6,7 result=MISS remaining_cells=1 active_clusters=2
turn=196 result=MISS
turn=197 picked cell=14,9 target_cluster=None active_clusters=2 remaining_cells=1 scans=4
RESULT turn=197 cell=14,9 result=MISS remaining_cells=1 active_clusters=2
turn=197 result=MISS
turn=198 picked cell=10,6 target_cluster=None active_clusters=2 remaining_cells=1 scans=4
RESULT turn=198 cell=10,6 result=MISS remaining_cells=1 active_clusters=2
turn=198 result=MISS
turn=199 picked cell=11,6 target_cluster=None active_clusters=2 remaining_cells=1 scans=4
RESULT turn=199 cell=11,6 result=MISS remaining_cells=1 active_clusters=2
turn=199 result=MISS
turn=200 picked cell=10,5 target_cluster=None active_clusters=2 remaining_cells=1 scans=4
RESULT turn=200 cell=10,5 result=MISS remaining_cells=1 active_clusters=2
turn=200 result=MISS
turn=201 picked cell=5,10 target_cluster=None active_clusters=2 remaining_cells=1 scans=4
RESULT turn=201 cell=5,10 result=MISS remaining_cells=1 active_clusters=2
turn=201 result=MISS
turn=202 picked cell=5,7 target_cluster=None active_clusters=2 remaining_cells=1 scans=4
RESULT turn=202 cell=5,7 result=MISS remaining_cells=1 active_clusters=2
turn=202 result=MISS
turn=203 picked cell=9,14 target_cluster=None active_clusters=2 remaining_cells=1 scans=4
RESULT turn=203 cell=9,14 result=MISS remaining_cells=1 active_clusters=2
turn=203 result=MISS
turn=204 picked cell=5,8 target_cluster=None active_clusters=2 remaining_cells=1 scans=4
RESULT turn=204 cell=5,8 result=MISS remaining_cells=1 active_clusters=2
turn=204 result=MISS
turn=205 picked cell=7,6 target_cluster=None active_clusters=2 remaining_cells=1 scans=4
RESULT turn=205 cell=7,6 result=MISS remaining_cells=1 active_clusters=2
turn=205 result=MISS
turn=206 picked cell=11,5 target_cluster=None active_clusters=2 remaining_cells=1 scans=4
RESULT turn=206 cell=11,5 result=MISS remaining_cells=1 active_clusters=2
turn=206 result=MISS
turn=207 picked cell=7,5 target_cluster=None active_clusters=2 remaining_cells=1 scans=4
RESULT turn=207 cell=7,5 result=MISS remaining_cells=1 active_clusters=2
turn=207 result=MISS
turn=208 picked cell=15,10 target_cluster=None active_clusters=2 remaining_cells=1 scans=4
RESULT turn=208 cell=15,10 result=MISS remaining_cells=1 active_clusters=2
turn=208 result=MISS
turn=209 picked cell=4,8 target_cluster=None active_clusters=2 remaining_cells=1 scans=4
RESULT turn=209 cell=4,8 result=MISS remaining_cells=1 active_clusters=2
turn=209 result=MISS
turn=210 picked cell=10,3 target_cluster=None active_clusters=2 remaining_cells=1 scans=4
RESULT turn=210 cell=10,3 result=MISS remaining_cells=1 active_clusters=2
turn=210 result=MISS
turn=211 picked cell=14,8 target_cluster=None active_clusters=2 remaining_cells=1 scans=4
RESULT turn=211 cell=14,8 result=MISS remaining_cells=1 active_clusters=2
turn=211 result=MISS
turn=212 picked cell=3,10 target_cluster=None active_clusters=2 remaining_cells=1 scans=4
RESULT turn=212 cell=3,10 result=MISS remaining_cells=1 active_clusters=2
turn=212 result=MISS
turn=213 picked cell=2,9 target_cluster=None active_clusters=2 remaining_cells=1 scans=4
RESULT turn=213 cell=2,9 result=MISS remaining_cells=1 active_clusters=2
turn=213 result=MISS
turn=214 picked cell=16,9 target_cluster=None active_clusters=2 remaining_cells=1 scans=4
RESULT turn=214 cell=16,9 result=MISS remaining_cells=1 active_clusters=2
turn=214 result=MISS
turn=215 picked cell=4,10 target_cluster=None active_clusters=2 remaining_cells=1 scans=4
RESULT turn=215 cell=4,10 result=MISS remaining_cells=1 active_clusters=2
turn=215 result=MISS
turn=216 picked cell=6,5 target_cluster=None active_clusters=2 remaining_cells=1 scans=4
RESULT turn=216 cell=6,5 result=MISS remaining_cells=1 active_clusters=2
turn=216 result=MISS
turn=217 picked cell=6,13 target_cluster=None active_clusters=2 remaining_cells=1 scans=4
RESULT turn=217 cell=6,13 result=MISS remaining_cells=1 active_clusters=2
turn=217 result=MISS
turn=218 picked cell=14,7 target_cluster=None active_clusters=2 remaining_cells=1 scans=4
RESULT turn=218 cell=14,7 result=MISS remaining_cells=1 active_clusters=2
turn=218 result=MISS
turn=219 picked cell=8,15 target_cluster=None active_clusters=2 remaining_cells=1 scans=4
RESULT turn=219 cell=8,15 result=MISS remaining_cells=1 active_clusters=2
turn=219 result=MISS
turn=220 picked cell=14,11 target_cluster=None active_clusters=2 remaining_cells=1 scans=4
RESULT turn=220 cell=14,11 result=MISS remaining_cells=1 active_clusters=2
turn=220 result=MISS
turn=221 picked cell=5,12 target_cluster=None active_clusters=2 remaining_cells=1 scans=4
RESULT turn=221 cell=5,12 result=MISS remaining_cells=1 active_clusters=2
turn=221 result=MISS
turn=222 picked cell=13,6 target_cluster=None active_clusters=2 remaining_cells=1 scans=4
RESULT turn=222 cell=13,6 result=MISS remaining_cells=1 active_clusters=2
turn=222 result=MISS
turn=223 picked cell=13,12 target_cluster=None active_clusters=2 remaining_cells=1 scans=4
RESULT turn=223 cell=13,12 result=MISS remaining_cells=1 active_clusters=2
turn=223 result=MISS
turn=224 picked cell=7,14 target_cluster=None active_clusters=2 remaining_cells=1 scans=4
RESULT turn=224 cell=7,14 result=MISS remaining_cells=1 active_clusters=2
turn=224 result=MISS
turn=225 picked cell=9,2 target_cluster=None active_clusters=2 remaining_cells=1 scans=4
RESULT turn=225 cell=9,2 result=MISS remaining_cells=1 active_clusters=2
turn=225 result=MISS
turn=226 picked cell=11,4 target_cluster=None active_clusters=2 remaining_cells=1 scans=4
RESULT turn=226 cell=11,4 result=MISS remaining_cells=1 active_clusters=2
turn=226 result=MISS
turn=227 picked cell=10,15 target_cluster=None active_clusters=2 remaining_cells=1 scans=4
RESULT turn=227 cell=10,15 result=MISS remaining_cells=1 active_clusters=2
turn=227 result=MISS
turn=228 picked cell=2,8 target_cluster=None active_clusters=2 remaining_cells=1 scans=4
RESULT turn=228 cell=2,8 result=MISS remaining_cells=1 active_clusters=2
turn=228 result=MISS
turn=229 picked cell=5,6 target_cluster=None active_clusters=2 remaining_cells=1 scans=4
RESULT turn=229 cell=5,6 result=MISS remaining_cells=1 active_clusters=2
turn=229 result=MISS
turn=230 picked cell=12,14 target_cluster=None active_clusters=2 remaining_cells=1 scans=4
RESULT turn=230 cell=12,14 result=MISS remaining_cells=1 active_clusters=2
turn=230 result=MISS
turn=231 picked cell=15,7 target_cluster=None active_clusters=2 remaining_cells=1 scans=4
RESULT turn=231 cell=15,7 result=MISS remaining_cells=1 active_clusters=2
turn=231 result=MISS
turn=232 picked cell=16,8 target_cluster=None active_clusters=2 remaining_cells=1 scans=4
RESULT turn=232 cell=16,8 result=MISS remaining_cells=1 active_clusters=2
turn=232 result=MISS
turn=233 picked cell=11,3 target_cluster=None active_clusters=2 remaining_cells=1 scans=4
RESULT turn=233 cell=11,3 result=MISS remaining_cells=1 active_clusters=2
turn=233 result=MISS
turn=234 picked cell=14,6 target_cluster=None active_clusters=2 remaining_cells=1 scans=4
RESULT turn=234 cell=14,6 result=MISS remaining_cells=1 active_clusters=2
turn=234 result=MISS
turn=235 picked cell=7,3 target_cluster=None active_clusters=2 remaining_cells=1 scans=4
RESULT turn=235 cell=7,3 result=MISS remaining_cells=1 active_clusters=2
turn=235 result=MISS
turn=236 picked cell=1,9 target_cluster=None active_clusters=2 remaining_cells=1 scans=4
RESULT turn=236 cell=1,9 result=MISS remaining_cells=1 active_clusters=2
turn=236 result=MISS
turn=237 picked cell=4,12 target_cluster=None active_clusters=2 remaining_cells=1 scans=4
RESULT turn=237 cell=4,12 result=MISS remaining_cells=1 active_clusters=2
turn=237 result=MISS
turn=238 picked cell=8,2 target_cluster=None active_clusters=2 remaining_cells=1 scans=4
RESULT turn=238 cell=8,2 result=MISS remaining_cells=1 active_clusters=2
turn=238 result=MISS
turn=239 picked cell=6,14 target_cluster=None active_clusters=2 remaining_cells=1 scans=4
RESULT turn=239 cell=6,14 result=MISS remaining_cells=1 active_clusters=2
turn=239 result=MISS
turn=240 picked cell=5,13 target_cluster=None active_clusters=2 remaining_cells=1 scans=4
RESULT turn=240 cell=5,13 result=MISS remaining_cells=1 active_clusters=2
turn=240 result=MISS
turn=241 picked cell=13,5 target_cluster=None active_clusters=2 remaining_cells=1 scans=4
RESULT turn=241 cell=13,5 result=MISS remaining_cells=1 active_clusters=2
turn=241 result=MISS
turn=242 picked cell=10,2 target_cluster=None active_clusters=2 remaining_cells=1 scans=4
RESULT turn=242 cell=10,2 result=MISS remaining_cells=1 active_clusters=2
turn=242 result=MISS
turn=243 picked cell=7,2 target_cluster=None active_clusters=2 remaining_cells=1 scans=4
RESULT turn=243 cell=7,2 result=MISS remaining_cells=1 active_clusters=2
turn=243 result=MISS
turn=244 picked cell=11,16 target_cluster=None active_clusters=2 remaining_cells=1 scans=4
RESULT turn=244 cell=11,16 result=MISS remaining_cells=1 active_clusters=2
turn=244 result=MISS
turn=245 picked cell=6,15 target_cluster=None active_clusters=2 remaining_cells=1 scans=4
RESULT turn=245 cell=6,15 result=MISS remaining_cells=1 active_clusters=2
turn=245 result=MISS
turn=246 picked cell=13,4 target_cluster=None active_clusters=2 remaining_cells=1 scans=4
RESULT turn=246 cell=13,4 result=MISS remaining_cells=1 active_clusters=2
turn=246 result=MISS
turn=247 picked cell=10,1 target_cluster=None active_clusters=2 remaining_cells=1 scans=4
RESULT turn=247 cell=10,1 result=MISS remaining_cells=1 active_clusters=2
turn=247 result=MISS
turn=248 picked cell=9,1 target_cluster=None active_clusters=2 remaining_cells=1 scans=4
RESULT turn=248 cell=9,1 result=MISS remaining_cells=1 active_clusters=2
turn=248 result=MISS
turn=249 picked cell=0,9 target_cluster=None active_clusters=2 remaining_cells=1 scans=4
RESULT turn=249 cell=0,9 result=MISS remaining_cells=1 active_clusters=2
turn=249 result=MISS
turn=250 picked cell=1,8 target_cluster=None active_clusters=2 remaining_cells=1 scans=4
RESULT turn=250 cell=1,8 result=MISS remaining_cells=1 active_clusters=2
turn=250 result=MISS
turn=251 picked cell=15,12 target_cluster=None active_clusters=2 remaining_cells=1 scans=4
RESULT turn=251 cell=15,12 result=MISS remaining_cells=1 active_clusters=2
turn=251 result=MISS
turn=252 picked cell=1,10 target_cluster=None active_clusters=2 remaining_cells=1 scans=4
RESULT turn=252 cell=1,10 result=MISS remaining_cells=1 active_clusters=2
turn=252 result=MISS
turn=253 picked cell=16,11 target_cluster=None active_clusters=2 remaining_cells=1 scans=4
RESULT turn=253 cell=16,11 result=MISS remaining_cells=1 active_clusters=2
turn=253 result=MISS
turn=254 picked cell=8,17 target_cluster=None active_clusters=2 remaining_cells=1 scans=4
RESULT turn=254 cell=8,17 result=MISS remaining_cells=1 active_clusters=2
turn=254 result=MISS
turn=255 picked cell=2,7 target_cluster=None active_clusters=2 remaining_cells=1 scans=4
RESULT turn=255 cell=2,7 result=MISS remaining_cells=1 active_clusters=2
turn=255 result=MISS
turn=256 picked cell=15,6 target_cluster=None active_clusters=2 remaining_cells=1 scans=4
RESULT turn=256 cell=15,6 result=MISS remaining_cells=1 active_clusters=2
turn=256 result=MISS
turn=257 picked cell=0,8 target_cluster=None active_clusters=2 remaining_cells=1 scans=4
RESULT turn=257 cell=0,8 result=MISS remaining_cells=1 active_clusters=2
turn=257 result=MISS
turn=258 picked cell=4,5 target_cluster=None active_clusters=2 remaining_cells=1 scans=4
RESULT turn=258 cell=4,5 result=MISS remaining_cells=1 active_clusters=2
turn=258 result=MISS
turn=259 picked cell=0,10 target_cluster=None active_clusters=2 remaining_cells=1 scans=4
RESULT turn=259 cell=0,10 result=MISS remaining_cells=1 active_clusters=2
turn=259 result=MISS
turn=260 picked cell=17,10 target_cluster=None active_clusters=2 remaining_cells=1 scans=4
RESULT turn=260 cell=17,10 result=MISS remaining_cells=1 active_clusters=2
turn=260 result=MISS
turn=261 picked cell=17,8 target_cluster=None active_clusters=2 remaining_cells=1 scans=4
RESULT turn=261 cell=17,8 result=MISS remaining_cells=1 active_clusters=2
turn=261 result=MISS
turn=262 picked cell=8,18 target_cluster=None active_clusters=2 remaining_cells=1 scans=4
RESULT turn=262 cell=8,18 result=MISS remaining_cells=1 active_clusters=2
turn=262 result=MISS
turn=263 picked cell=9,0 target_cluster=None active_clusters=2 remaining_cells=1 scans=4
RESULT turn=263 cell=9,0 result=MISS remaining_cells=1 active_clusters=2
turn=263 result=MISS
turn=264 picked cell=3,13 target_cluster=None active_clusters=2 remaining_cells=1 scans=4
RESULT turn=264 cell=3,13 result=MISS remaining_cells=1 active_clusters=2
turn=264 result=MISS
turn=265 picked cell=12,2 target_cluster=None active_clusters=2 remaining_cells=1 scans=4
RESULT turn=265 cell=12,2 result=MISS remaining_cells=1 active_clusters=2
turn=265 result=MISS
turn=266 picked cell=5,15 target_cluster=None active_clusters=2 remaining_cells=1 scans=4
RESULT turn=266 cell=5,15 result=MISS remaining_cells=1 active_clusters=2
turn=266 result=MISS
turn=267 picked cell=8,0 target_cluster=None active_clusters=2 remaining_cells=1 scans=4
RESULT turn=267 cell=8,0 result=MISS remaining_cells=1 active_clusters=2
turn=267 result=MISS
turn=268 picked cell=10,0 target_cluster=None active_clusters=2 remaining_cells=1 scans=4
RESULT turn=268 cell=10,0 result=MISS remaining_cells=1 active_clusters=2
turn=268 result=MISS
turn=269 picked cell=5,3 target_cluster=None active_clusters=2 remaining_cells=1 scans=4
RESULT turn=269 cell=5,3 result=MISS remaining_cells=1 active_clusters=2
turn=269 result=MISS
turn=270 picked cell=17,7 target_cluster=None active_clusters=2 remaining_cells=1 scans=4
RESULT turn=270 cell=17,7 result=MISS remaining_cells=1 active_clusters=2
turn=270 result=MISS
turn=271 picked cell=14,4 target_cluster=None active_clusters=2 remaining_cells=1 scans=4
RESULT turn=271 cell=14,4 result=MISS remaining_cells=1 active_clusters=2
turn=271 result=MISS
turn=272 picked cell=7,17 target_cluster=None active_clusters=2 remaining_cells=1 scans=4
RESULT turn=272 cell=7,17 result=MISS remaining_cells=1 active_clusters=2
turn=272 result=MISS
turn=273 picked cell=4,3 target_cluster=None active_clusters=2 remaining_cells=1 scans=4
RESULT turn=273 cell=4,3 result=MISS remaining_cells=1 active_clusters=2
turn=273 result=MISS
turn=274 picked cell=6,2 target_cluster=None active_clusters=2 remaining_cells=1 scans=4
RESULT turn=274 cell=6,2 result=MISS remaining_cells=1 active_clusters=2
turn=274 result=MISS
turn=275 picked cell=13,3 target_cluster=None active_clusters=2 remaining_cells=1 scans=4
RESULT turn=275 cell=13,3 result=MISS remaining_cells=1 active_clusters=2
turn=275 result=MISS
turn=276 picked cell=15,5 target_cluster=None active_clusters=2 remaining_cells=1 scans=4
RESULT turn=276 cell=15,5 result=MISS remaining_cells=1 active_clusters=2
turn=276 result=MISS
turn=277 picked cell=2,12 target_cluster=None active_clusters=2 remaining_cells=1 scans=4
RESULT turn=277 cell=2,12 result=MISS remaining_cells=1 active_clusters=2
turn=277 result=MISS
turn=278 picked cell=16,6 target_cluster=None active_clusters=2 remaining_cells=1 scans=4
RESULT turn=278 cell=16,6 result=MISS remaining_cells=1 active_clusters=2
turn=278 result=MISS
turn=279 picked cell=17,6 target_cluster=None active_clusters=2 remaining_cells=1 scans=4
RESULT turn=279 cell=17,6 result=MISS remaining_cells=1 active_clusters=2
turn=279 result=MISS
turn=280 picked cell=3,14 target_cluster=None active_clusters=2 remaining_cells=1 scans=4
RESULT turn=280 cell=3,14 result=MISS remaining_cells=1 active_clusters=2
turn=280 result=MISS
turn=281 picked cell=17,12 target_cluster=None active_clusters=2 remaining_cells=1 scans=4
RESULT turn=281 cell=17,12 result=MISS remaining_cells=1 active_clusters=2
turn=281 result=MISS
turn=282 picked cell=14,14 target_cluster=None active_clusters=2 remaining_cells=1 scans=4
RESULT turn=282 cell=14,14 result=MISS remaining_cells=1 active_clusters=2
turn=282 result=MISS
turn=283 picked cell=11,1 target_cluster=None active_clusters=2 remaining_cells=1 scans=4
RESULT turn=283 cell=11,1 result=MISS remaining_cells=1 active_clusters=2
turn=283 result=MISS
turn=284 picked cell=13,16 target_cluster=None active_clusters=2 remaining_cells=1 scans=4
RESULT turn=284 cell=13,16 result=MISS remaining_cells=1 active_clusters=2
turn=284 result=MISS
turn=285 picked cell=12,1 target_cluster=None active_clusters=2 remaining_cells=1 scans=4
RESULT turn=285 cell=12,1 result=MISS remaining_cells=1 active_clusters=2
turn=285 result=MISS
turn=286 picked cell=11,0 target_cluster=None active_clusters=2 remaining_cells=1 scans=4
RESULT turn=286 cell=11,0 result=MISS remaining_cells=1 active_clusters=2
turn=286 result=MISS
turn=287 picked cell=11,18 target_cluster=None active_clusters=2 remaining_cells=1 scans=4
RESULT turn=287 cell=11,18 result=MISS remaining_cells=1 active_clusters=2
turn=287 result=MISS
turn=288 picked cell=4,14 target_cluster=None active_clusters=2 remaining_cells=1 scans=4
RESULT turn=288 cell=4,14 result=MISS remaining_cells=1 active_clusters=2
turn=288 result=MISS
turn=289 picked cell=6,17 target_cluster=None active_clusters=2 remaining_cells=1 scans=4
RESULT turn=289 cell=6,17 result=MISS remaining_cells=1 active_clusters=2
turn=289 result=MISS
turn=290 picked cell=7,0 target_cluster=None active_clusters=2 remaining_cells=1 scans=4
RESULT turn=290 cell=7,0 result=MISS remaining_cells=1 active_clusters=2
turn=290 result=MISS
turn=291 picked cell=16,5 target_cluster=None active_clusters=2 remaining_cells=1 scans=4
RESULT turn=291 cell=16,5 result=MISS remaining_cells=1 active_clusters=2
turn=291 result=MISS
turn=292 picked cell=12,17 target_cluster=None active_clusters=2 remaining_cells=1 scans=4
RESULT turn=292 cell=12,17 result=MISS remaining_cells=1 active_clusters=2
turn=292 result=MISS
turn=293 picked cell=14,3 target_cluster=None active_clusters=2 remaining_cells=1 scans=4
RESULT turn=293 cell=14,3 result=MISS remaining_cells=1 active_clusters=2
turn=293 result=MISS
turn=294 picked cell=2,13 target_cluster=None active_clusters=2 remaining_cells=1 scans=4
RESULT turn=294 cell=2,13 result=MISS remaining_cells=1 active_clusters=2
turn=294 result=MISS
turn=295 picked cell=16,4 target_cluster=None active_clusters=2 remaining_cells=1 scans=4
RESULT turn=295 cell=16,4 result=MISS remaining_cells=1 active_clusters=2
turn=295 result=MISS
turn=296 picked cell=16,14 target_cluster=None active_clusters=2 remaining_cells=1 scans=4
RESULT turn=296 cell=16,14 result=MISS remaining_cells=1 active_clusters=2
turn=296 result=MISS
turn=297 picked cell=4,15 target_cluster=None active_clusters=2 remaining_cells=1 scans=4
RESULT turn=297 cell=4,15 result=MISS remaining_cells=1 active_clusters=2
turn=297 result=MISS
turn=298 picked cell=1,6 target_cluster=None active_clusters=2 remaining_cells=1 scans=4
RESULT turn=298 cell=1,6 result=MISS remaining_cells=1 active_clusters=2
turn=298 result=MISS
turn=299 picked cell=7,18 target_cluster=None active_clusters=2 remaining_cells=1 scans=4
RESULT turn=299 cell=7,18 result=MISS remaining_cells=1 active_clusters=2
turn=299 result=MISS
turn=300 picked cell=2,5 target_cluster=None active_clusters=2 remaining_cells=1 scans=4
RESULT turn=300 cell=2,5 result=MISS remaining_cells=1 active_clusters=2
turn=300 result=MISS
turn=301 picked cell=1,13 target_cluster=None active_clusters=2 remaining_cells=1 scans=4
RESULT turn=301 cell=1,13 result=MISS remaining_cells=1 active_clusters=2
turn=301 result=MISS
turn=302 picked cell=1,5 target_cluster=None active_clusters=2 remaining_cells=1 scans=4
RESULT turn=302 cell=1,5 result=MISS remaining_cells=1 active_clusters=2
turn=302 result=MISS
turn=303 picked cell=6,18 target_cluster=None active_clusters=2 remaining_cells=1 scans=4
RESULT turn=303 cell=6,18 result=MISS remaining_cells=1 active_clusters=2
turn=303 result=MISS
turn=304 picked cell=0,12 target_cluster=None active_clusters=2 remaining_cells=1 scans=4
RESULT turn=304 cell=0,12 result=MISS remaining_cells=1 active_clusters=2
turn=304 result=MISS
turn=305 picked cell=0,7 target_cluster=None active_clusters=2 remaining_cells=1 scans=4
RESULT turn=305 cell=0,7 result=MISS remaining_cells=1 active_clusters=2
turn=305 result=MISS
turn=306 picked cell=5,17 target_cluster=None active_clusters=2 remaining_cells=1 scans=4
RESULT turn=306 cell=5,17 result=MISS remaining_cells=1 active_clusters=2
turn=306 result=MISS
turn=307 picked cell=15,3 target_cluster=None active_clusters=2 remaining_cells=1 scans=4
RESULT turn=307 cell=15,3 result=MISS remaining_cells=1 active_clusters=2
turn=307 result=MISS
turn=308 picked cell=4,2 target_cluster=None active_clusters=2 remaining_cells=1 scans=4
RESULT turn=308 cell=4,2 result=MISS remaining_cells=1 active_clusters=2
turn=308 result=MISS
turn=309 picked cell=4,16 target_cluster=None active_clusters=2 remaining_cells=1 scans=4
RESULT turn=309 cell=4,16 result=MISS remaining_cells=1 active_clusters=2
turn=309 result=MISS
turn=310 picked cell=2,14 target_cluster=None active_clusters=2 remaining_cells=1 scans=4
RESULT turn=310 cell=2,14 result=MISS remaining_cells=1 active_clusters=2
turn=310 result=MISS
turn=311 picked cell=1,14 target_cluster=None active_clusters=2 remaining_cells=1 scans=4
RESULT turn=311 cell=1,14 result=MISS remaining_cells=1 active_clusters=2
turn=311 result=MISS
turn=312 picked cell=0,5 target_cluster=None active_clusters=2 remaining_cells=1 scans=4
RESULT turn=312 cell=0,5 result=MISS remaining_cells=1 active_clusters=2
turn=312 result=MISS
turn=313 picked cell=3,2 target_cluster=None active_clusters=2 remaining_cells=1 scans=4
RESULT turn=313 cell=3,2 result=MISS remaining_cells=1 active_clusters=2
turn=313 result=MISS
turn=314 picked cell=3,3 target_cluster=None active_clusters=2 remaining_cells=1 scans=4
RESULT turn=314 cell=3,3 result=MISS remaining_cells=1 active_clusters=2
turn=314 result=MISS
turn=315 picked cell=3,15 target_cluster=None active_clusters=2 remaining_cells=1 scans=4
RESULT turn=315 cell=3,15 result=MISS remaining_cells=1 active_clusters=2
turn=315 result=MISS
turn=316 picked cell=6,0 target_cluster=None active_clusters=2 remaining_cells=1 scans=4
RESULT turn=316 cell=6,0 result=MISS remaining_cells=1 active_clusters=2
turn=316 result=MISS
turn=317 picked cell=14,1 target_cluster=None active_clusters=2 remaining_cells=1 scans=4
RESULT turn=317 cell=14,1 result=MISS remaining_cells=1 active_clusters=2
turn=317 result=MISS
turn=318 picked cell=2,3 target_cluster=None active_clusters=2 remaining_cells=1 scans=4
RESULT turn=318 cell=2,3 result=MISS remaining_cells=1 active_clusters=2
turn=318 result=MISS
turn=319 picked cell=14,17 target_cluster=None active_clusters=2 remaining_cells=1 scans=4
RESULT turn=319 cell=14,17 result=MISS remaining_cells=1 active_clusters=2
turn=319 result=MISS
turn=320 picked cell=13,18 target_cluster=None active_clusters=2 remaining_cells=1 scans=4
RESULT turn=320 cell=13,18 result=MISS remaining_cells=1 active_clusters=2
turn=320 result=MISS
turn=321 picked cell=1,4 target_cluster=None active_clusters=2 remaining_cells=1 scans=4
RESULT turn=321 cell=1,4 result=MISS remaining_cells=1 active_clusters=2
turn=321 result=MISS
turn=322 picked cell=3,16 target_cluster=None active_clusters=2 remaining_cells=1 scans=4
RESULT turn=322 cell=3,16 result=MISS remaining_cells=1 active_clusters=2
turn=322 result=MISS
turn=323 picked cell=18,5 target_cluster=None active_clusters=2 remaining_cells=1 scans=4
RESULT turn=323 cell=18,5 result=MISS remaining_cells=1 active_clusters=2
turn=323 result=MISS
turn=324 picked cell=17,4 target_cluster=None active_clusters=2 remaining_cells=1 scans=4
RESULT turn=324 cell=17,4 result=MISS remaining_cells=1 active_clusters=2
turn=324 result=MISS
turn=325 picked cell=4,17 target_cluster=None active_clusters=2 remaining_cells=1 scans=4
RESULT turn=325 cell=4,17 result=MISS remaining_cells=1 active_clusters=2
turn=325 result=MISS
turn=326 picked cell=4,18 target_cluster=None active_clusters=2 remaining_cells=1 scans=4
RESULT turn=326 cell=4,18 result=MISS remaining_cells=1 active_clusters=2
turn=326 result=MISS
turn=327 picked cell=0,13 target_cluster=None active_clusters=2 remaining_cells=1 scans=4
RESULT turn=327 cell=0,13 result=MISS remaining_cells=1 active_clusters=2
turn=327 result=MISS
turn=328 picked cell=15,16 target_cluster=None active_clusters=2 remaining_cells=1 scans=4
RESULT turn=328 cell=15,16 result=MISS remaining_cells=1 active_clusters=2
turn=328 result=MISS
turn=329 picked cell=15,1 target_cluster=None active_clusters=2 remaining_cells=1 scans=4
RESULT turn=329 cell=15,1 result=MISS remaining_cells=1 active_clusters=2
turn=329 result=MISS
turn=330 picked cell=4,0 target_cluster=None active_clusters=2 remaining_cells=1 scans=4
RESULT turn=330 cell=4,0 result=MISS remaining_cells=1 active_clusters=2
turn=330 result=MISS
turn=331 picked cell=17,2 target_cluster=None active_clusters=2 remaining_cells=1 scans=4
RESULT turn=331 cell=17,2 result=MISS remaining_cells=1 active_clusters=2
turn=331 result=MISS
turn=332 picked cell=17,16 target_cluster=None active_clusters=2 remaining_cells=1 scans=4
RESULT turn=332 cell=17,16 result=MISS remaining_cells=1 active_clusters=2
turn=332 result=MISS
turn=333 picked cell=2,2 target_cluster=None active_clusters=2 remaining_cells=1 scans=4
RESULT turn=333 cell=2,2 result=MISS remaining_cells=1 active_clusters=2
turn=333 result=MISS
turn=334 picked cell=18,4 target_cluster=None active_clusters=2 remaining_cells=1 scans=4
RESULT turn=334 cell=18,4 result=MISS remaining_cells=1 active_clusters=2
turn=334 result=MISS
turn=335 picked cell=1,15 target_cluster=None active_clusters=2 remaining_cells=1 scans=4
RESULT turn=335 cell=1,15 result=MISS remaining_cells=1 active_clusters=2
turn=335 result=MISS
turn=336 picked cell=2,16 target_cluster=None active_clusters=2 remaining_cells=1 scans=4
RESULT turn=336 cell=2,16 result=MISS remaining_cells=1 active_clusters=2
turn=336 result=MISS
turn=337 picked cell=18,3 target_cluster=None active_clusters=2 remaining_cells=1 scans=4
RESULT turn=337 cell=18,3 result=MISS remaining_cells=1 active_clusters=2
turn=337 result=MISS
turn=338 picked cell=0,3 target_cluster=None active_clusters=2 remaining_cells=1 scans=4
RESULT turn=338 cell=0,3 result=MISS remaining_cells=1 active_clusters=2
turn=338 result=MISS
turn=339 picked cell=17,3 target_cluster=None active_clusters=2 remaining_cells=1 scans=4
RESULT turn=339 cell=17,3 result=MISS remaining_cells=1 active_clusters=2
turn=339 result=MISS
turn=340 picked cell=3,18 target_cluster=None active_clusters=2 remaining_cells=1 scans=4
RESULT turn=340 cell=3,18 result=MISS remaining_cells=1 active_clusters=2
turn=340 result=MISS
turn=341 picked cell=15,18 target_cluster=None active_clusters=2 remaining_cells=1 scans=4
RESULT turn=341 cell=15,18 result=MISS remaining_cells=1 active_clusters=2
turn=341 result=MISS
turn=342 picked cell=2,17 target_cluster=None active_clusters=2 remaining_cells=1 scans=4
RESULT turn=342 cell=2,17 result=MISS remaining_cells=1 active_clusters=2
turn=342 result=MISS
turn=343 picked cell=16,1 target_cluster=None active_clusters=2 remaining_cells=1 scans=4
RESULT turn=343 cell=16,1 result=MISS remaining_cells=1 active_clusters=2
turn=343 result=MISS
turn=344 picked cell=16,17 target_cluster=None active_clusters=2 remaining_cells=1 scans=4
RESULT turn=344 cell=16,17 result=MISS remaining_cells=1 active_clusters=2
turn=344 result=MISS
turn=345 picked cell=1,2 target_cluster=None active_clusters=2 remaining_cells=1 scans=4
RESULT turn=345 cell=1,2 result=MISS remaining_cells=1 active_clusters=2
turn=345 result=MISS
turn=346 picked cell=2,18 target_cluster=None active_clusters=2 remaining_cells=1 scans=4
RESULT turn=346 cell=2,18 result=MISS remaining_cells=1 active_clusters=2
turn=346 result=MISS
turn=347 picked cell=0,15 target_cluster=None active_clusters=2 remaining_cells=1 scans=4
RESULT turn=347 cell=0,15 result=MISS remaining_cells=1 active_clusters=2
turn=347 result=MISS
turn=348 picked cell=2,0 target_cluster=None active_clusters=2 remaining_cells=1 scans=4
RESULT turn=348 cell=2,0 result=MISS remaining_cells=1 active_clusters=2
turn=348 result=MISS
turn=349 picked cell=1,1 target_cluster=None active_clusters=2 remaining_cells=1 scans=4
RESULT turn=349 cell=1,1 result=MISS remaining_cells=1 active_clusters=2
turn=349 result=MISS
turn=350 picked cell=1,17 target_cluster=None active_clusters=2 remaining_cells=1 scans=4
RESULT turn=350 cell=1,17 result=MISS remaining_cells=1 active_clusters=2
turn=350 result=MISS
turn=351 picked cell=18,2 target_cluster=None active_clusters=2 remaining_cells=1 scans=4
RESULT turn=351 cell=18,2 result=MISS remaining_cells=1 active_clusters=2
turn=351 result=MISS
turn=352 picked cell=3,0 target_cluster=None active_clusters=2 remaining_cells=1 scans=4
RESULT turn=352 cell=3,0 result=MISS remaining_cells=1 active_clusters=2
turn=352 result=MISS
turn=353 picked cell=1,0 target_cluster=None active_clusters=2 remaining_cells=1 scans=4
RESULT turn=353 cell=1,0 result=MISS remaining_cells=1 active_clusters=2
turn=353 result=MISS
turn=354 picked cell=17,1 target_cluster=None active_clusters=2 remaining_cells=1 scans=4
RESULT turn=354 cell=17,1 result=MISS remaining_cells=1 active_clusters=2
turn=354 result=MISS
turn=355 picked cell=0,16 target_cluster=None active_clusters=2 remaining_cells=1 scans=4
RESULT turn=355 cell=0,16 result=MISS remaining_cells=1 active_clusters=2
turn=355 result=MISS
turn=356 picked cell=0,1 target_cluster=None active_clusters=2 remaining_cells=1 scans=4
RESULT turn=356 cell=0,1 result=MISS remaining_cells=1 active_clusters=2
turn=356 result=MISS
turn=357 picked cell=18,17 target_cluster=None active_clusters=2 remaining_cells=1 scans=4
RESULT turn=357 cell=18,17 result=KILL remaining_cells=1 active_clusters=2
turn=357 result=KILL
