GAME n=20 p=0.723078 remaining_cells=126 remaining=[0, 4, 5, 1, 3, 4, 2, 4, 1, 1, 2]
turn=1 mode=SCAN region=0,0,9,19
turn=1 result=SCAN count=65
turn=2 mode=SCAN region=0,0,19,9
turn=2 result=SCAN count=65
turn=3 picked cell=9,9 target_cluster=None active_clusters=0 remaining_cells=126 scans=2
RESULT turn=3 cell=9,9 result=HIT remaining_cells=126 active_clusters=0
turn=3 result=HIT
turn=4 mode=CHASE cluster=0 cluster_len=1 cell=10,9 score=100002.974053 chase_score=5169.974053 prob=2.974053
turn=4 picked cell=10,9 target_cluster=Some(0) active_clusters=1 remaining_cells=125 scans=2
RESULT turn=4 cell=10,9 result=HIT remaining_cells=125 active_clusters=1
turn=4 result=HIT
turn=5 mode=CHASE cluster=0 cluster_len=2 cell=8,9 score=200002.932597 chase_score=10548.932597 prob=2.932597
turn=5 picked cell=8,9 target_cluster=Some(0) active_clusters=1 remaining_cells=124 scans=2
RESULT turn=5 cell=8,9 result=MISS remaining_cells=124 active_clusters=1
turn=5 result=MISS
turn=6 mode=CHASE cluster=0 cluster_len=2 cell=11,9 score=200002.165765 chase_score=10114.165765 prob=2.165765
turn=6 picked cell=11,9 target_cluster=Some(0) active_clusters=1 remaining_cells=124 scans=2
RESULT turn=6 cell=11,9 result=HIT remaining_cells=124 active_clusters=1
turn=6 result=HIT
turn=7 mode=CHASE cluster=0 cluster_len=3 cell=12,9 score=300002.311578 chase_score=10111.311578 prob=2.311578
turn=7 picked cell=12,9 target_cluster=Some(0) active_clusters=1 remaining_cells=123 scans=2
RESULT turn=7 cell=12,9 result=HIT remaining_cells=123 active_clusters=1
turn=7 result=HIT
turn=8 mode=CHASE cluster=0 cluster_len=4 cell=13,9 score=400002.421219 chase_score=10099.421219 prob=2.421219
turn=8 picked cell=13,9 target_cluster=Some(0) active_clusters=1 remaining_cells=122 scans=2
RESULT turn=8 cell=13,9 result=KILL remaining_cells=122 active_clusters=1
turn=8 result=KILL
turn=8 kill_infer inferred_len=5 committed_hits=4 cluster_hits=4
turn=9 picked cell=7,10 target_cluster=None active_clusters=0 remaining_cells=121 scans=2
RESULT turn=9 cell=7,10 result=HIT remaining_cells=121 active_clusters=0
turn=9 result=HIT
turn=10 mode=CHASE cluster=0 cluster_len=1 cell=7,11 score=100003.098749 chase_score=5165.098749 prob=3.098749
turn=10 picked cell=7,11 target_cluster=Some(0) active_clusters=1 remaining_cells=120 scans=2
RESULT turn=10 cell=7,11 result=HIT remaining_cells=120 active_clusters=1
turn=10 result=HIT
turn=11 mode=CHASE cluster=0 cluster_len=2 cell=7,12 score=200003.030134 chase_score=10534.030134 prob=3.030134
turn=11 picked cell=7,12 target_cluster=Some(0) active_clusters=1 remaining_cells=119 scans=2
RESULT turn=11 cell=7,12 result=MISS remaining_cells=119 active_clusters=1
turn=11 result=MISS
turn=12 mode=CHASE cluster=0 cluster_len=2 cell=7,9 score=200000.910203 chase_score=10107.910203 prob=0.910203
turn=12 picked cell=7,9 target_cluster=Some(0) active_clusters=1 remaining_cells=119 scans=2
RESULT turn=12 cell=7,9 result=HIT remaining_cells=119 active_clusters=1
turn=12 result=HIT
turn=13 mode=CHASE cluster=0 cluster_len=3 cell=7,8 score=300002.461770 chase_score=10106.461770 prob=2.461770
turn=13 picked cell=7,8 target_cluster=Some(0) active_clusters=1 remaining_cells=118 scans=2
RESULT turn=13 cell=7,8 result=KILL remaining_cells=118 active_clusters=1
turn=13 result=KILL
turn=13 kill_infer inferred_len=4 committed_hits=3 cluster_hits=3
turn=14 picked cell=6,7 target_cluster=None active_clusters=0 remaining_cells=117 scans=2
RESULT turn=14 cell=6,7 result=MISS remaining_cells=117 active_clusters=0
turn=14 result=MISS
turn=15 picked cell=5,6 target_cluster=None active_clusters=0 remaining_cells=117 scans=2
RESULT turn=15 cell=5,6 result=HIT remaining_cells=117 active_clusters=0
turn=15 result=HIT
turn=16 mode=CHASE cluster=0 cluster_len=1 cell=5,7 score=100001.774033 chase_score=5148.524033 prob=1.774033
turn=16 picked cell=5,7 target_cluster=Some(0) active_clusters=1 remaining_cells=116 scans=2
RESULT turn=16 cell=5,7 result=MISS remaining_cells=116 active_clusters=1
turn=16 result=MISS
turn=17 mode=CHASE cluster=0 cluster_len=1 cell=6,6 score=100001.771807 chase_score=5139.271807 prob=1.771807
turn=17 picked cell=6,6 target_cluster=Some(0) active_clusters=1 remaining_cells=116 scans=2
RESULT turn=17 cell=6,6 result=HIT remaining_cells=116 active_clusters=1
turn=17 result=HIT
turn=18 mode=CHASE cluster=0 cluster_len=2 cell=7,6 score=200002.055735 chase_score=10476.055735 prob=2.055735
turn=18 picked cell=7,6 target_cluster=Some(0) active_clusters=1 remaining_cells=115 scans=2
RESULT turn=18 cell=7,6 result=HIT remaining_cells=115 active_clusters=1
turn=18 result=HIT
turn=19 mode=CHASE cluster=0 cluster_len=3 cell=8,6 score=300002.324707 chase_score=10402.324707 prob=2.324707
turn=19 picked cell=8,6 target_cluster=Some(0) active_clusters=1 remaining_cells=114 scans=2
RESULT turn=19 cell=8,6 result=HIT remaining_cells=114 active_clusters=1
turn=19 result=HIT
turn=20 mode=CHASE cluster=0 cluster_len=4 cell=9,6 score=400002.381635 chase_score=10322.381635 prob=2.381635
turn=20 picked cell=9,6 target_cluster=Some(0) active_clusters=1 remaining_cells=113 scans=2
RESULT turn=20 cell=9,6 result=MISS remaining_cells=113 active_clusters=1
turn=20 result=MISS
turn=21 mode=CHASE cluster=0 cluster_len=4 cell=4,6 score=400002.303694 chase_score=10074.303694 prob=2.303694
turn=21 picked cell=4,6 target_cluster=Some(0) active_clusters=1 remaining_cells=113 scans=2
RESULT turn=21 cell=4,6 result=HIT remaining_cells=113 active_clusters=1
turn=21 result=HIT
turn=22 mode=CHASE cluster=0 cluster_len=5 cell=3,6 score=500002.271565 chase_score=10059.271565 prob=2.271565
turn=22 picked cell=3,6 target_cluster=Some(0) active_clusters=1 remaining_cells=112 scans=2
RESULT turn=22 cell=3,6 result=HIT remaining_cells=112 active_clusters=1
turn=22 result=HIT
turn=23 mode=CHASE cluster=0 cluster_len=6 cell=2,6 score=600002.196021 chase_score=10047.196021 prob=2.196021
turn=23 picked cell=2,6 target_cluster=Some(0) active_clusters=1 remaining_cells=111 scans=2
RESULT turn=23 cell=2,6 result=KILL remaining_cells=111 active_clusters=1
turn=23 result=KILL
turn=23 kill_infer inferred_len=7 committed_hits=6 cluster_hits=6
turn=24 picked cell=14,13 target_cluster=None active_clusters=0 remaining_cells=110 scans=2
RESULT turn=24 cell=14,13 result=MISS remaining_cells=110 active_clusters=0
turn=24 result=MISS
turn=25 picked cell=15,10 target_cluster=None active_clusters=0 remaining_cells=110 scans=2
RESULT turn=25 cell=15,10 result=MISS remaining_cells=110 active_clusters=0
turn=25 result=MISS
turn=26 picked cell=16,11 target_cluster=None active_clusters=0 remaining_cells=110 scans=2
RESULT turn=26 cell=16,11 result=MISS remaining_cells=110 active_clusters=0
turn=26 result=MISS
turn=27 picked cell=6,14 target_cluster=None active_clusters=0 remaining_cells=110 scans=2
RESULT turn=27 cell=6,14 result=MISS remaining_cells=110 active_clusters=0
turn=27 result=MISS
turn=28 picked cell=10,15 target_cluster=None active_clusters=0 remaining_cells=110 scans=2
RESULT turn=28 cell=10,15 result=HIT remaining_cells=110 active_clusters=0
turn=28 result=HIT
turn=29 mode=CHASE cluster=0 cluster_len=1 cell=9,15 score=100003.123003 chase_score=5151.623003 prob=3.123003
turn=29 picked cell=9,15 target_cluster=Some(0) active_clusters=1 remaining_cells=109 scans=2
RESULT turn=29 cell=9,15 result=HIT remaining_cells=109 active_clusters=1
turn=29 result=HIT
turn=30 mode=CHASE cluster=0 cluster_len=2 cell=8,15 score=200003.048795 chase_score=10491.048795 prob=3.048795
turn=30 picked cell=8,15 target_cluster=Some(0) active_clusters=1 remaining_cells=108 scans=2
RESULT turn=30 cell=8,15 result=HIT remaining_cells=108 active_clusters=1
turn=30 result=HIT
turn=31 mode=CHASE cluster=0 cluster_len=3 cell=11,15 score=300003.048795 chase_score=10395.048795 prob=3.048795
turn=31 picked cell=11,15 target_cluster=Some(0) active_clusters=1 remaining_cells=107 scans=2
RESULT turn=31 cell=11,15 result=HIT remaining_cells=107 active_clusters=1
turn=31 result=HIT
turn=32 mode=CHASE cluster=0 cluster_len=4 cell=12,15 score=400002.944237 chase_score=10301.944237 prob=2.944237
turn=32 picked cell=12,15 target_cluster=Some(0) active_clusters=1 remaining_cells=106 scans=2
RESULT turn=32 cell=12,15 result=HIT remaining_cells=106 active_clusters=1
turn=32 result=HIT
turn=33 mode=CHASE cluster=0 cluster_len=5 cell=13,15 score=500002.814780 chase_score=10216.814780 prob=2.814780
turn=33 picked cell=13,15 target_cluster=Some(0) active_clusters=1 remaining_cells=105 scans=2
RESULT turn=33 cell=13,15 result=MISS remaining_cells=105 active_clusters=1
turn=33 result=MISS
turn=34 mode=CHASE cluster=0 cluster_len=5 cell=7,15 score=500001.919128 chase_score=10071.919128 prob=1.919128
turn=34 picked cell=7,15 target_cluster=Some(0) active_clusters=1 remaining_cells=105 scans=2
RESULT turn=34 cell=7,15 result=HIT remaining_cells=105 active_clusters=1
turn=34 result=HIT
turn=35 mode=CHASE cluster=0 cluster_len=6 cell=6,15 score=600001.699261 chase_score=10059.699261 prob=1.699261
turn=35 picked cell=6,15 target_cluster=Some(0) active_clusters=1 remaining_cells=104 scans=2
RESULT turn=35 cell=6,15 result=HIT remaining_cells=104 active_clusters=1
turn=35 result=HIT
turn=36 mode=CHASE cluster=0 cluster_len=7 cell=5,15 score=700002.850149 chase_score=10039.850149 prob=2.850149
turn=36 picked cell=5,15 target_cluster=Some(0) active_clusters=1 remaining_cells=103 scans=2
RESULT turn=36 cell=5,15 result=HIT remaining_cells=103 active_clusters=1
turn=36 result=HIT
turn=37 mode=CHASE cluster=0 cluster_len=8 cell=4,15 score=800002.836952 chase_score=10031.836952 prob=2.836952
turn=37 picked cell=4,15 target_cluster=Some(0) active_clusters=1 remaining_cells=102 scans=2
RESULT turn=37 cell=4,15 result=HIT remaining_cells=102 active_clusters=1
turn=37 result=HIT
turn=38 mode=CHASE cluster=0 cluster_len=9 cell=3,15 score=900002.645432 chase_score=10022.645432 prob=2.645432
turn=38 picked cell=3,15 target_cluster=Some(0) active_clusters=1 remaining_cells=101 scans=2
RESULT turn=38 cell=3,15 result=KILL remaining_cells=101 active_clusters=1
turn=38 result=KILL
turn=38 kill_infer inferred_len=10 committed_hits=9 cluster_hits=9
turn=39 picked cell=14,5 target_cluster=None active_clusters=0 remaining_cells=100 scans=2
RESULT turn=39 cell=14,5 result=MISS remaining_cells=100 active_clusters=0
turn=39 result=MISS
turn=40 picked cell=17,8 target_cluster=None active_clusters=0 remaining_cells=100 scans=2
RESULT turn=40 cell=17,8 result=MISS remaining_cells=100 active_clusters=0
turn=40 result=MISS
turn=41 picked cell=10,4 target_cluster=None active_clusters=0 remaining_cells=100 scans=2
RESULT turn=41 cell=10,4 result=HIT remaining_cells=100 active_clusters=0
turn=41 result=HIT
turn=42 mode=CHASE cluster=0 cluster_len=1 cell=11,4 score=100003.037800 chase_score=5129.037800 prob=3.037800
turn=42 picked cell=11,4 target_cluster=Some(0) active_clusters=1 remaining_cells=99 scans=2
RESULT turn=42 cell=11,4 result=HIT remaining_cells=99 active_clusters=1
turn=42 result=HIT
turn=43 mode=CHASE cluster=0 cluster_len=2 cell=12,4 score=200002.953603 chase_score=10410.953603 prob=2.953603
turn=43 picked cell=12,4 target_cluster=Some(0) active_clusters=1 remaining_cells=98 scans=2
RESULT turn=43 cell=12,4 result=HIT remaining_cells=98 active_clusters=1
turn=43 result=HIT
turn=44 mode=CHASE cluster=0 cluster_len=3 cell=13,4 score=300002.838510 chase_score=10324.838510 prob=2.838510
turn=44 picked cell=13,4 target_cluster=Some(0) active_clusters=1 remaining_cells=97 scans=2
RESULT turn=44 cell=13,4 result=HIT remaining_cells=97 active_clusters=1
turn=44 result=HIT
turn=45 mode=CHASE cluster=0 cluster_len=4 cell=9,4 score=400002.456006 chase_score=10241.456006 prob=2.456006
turn=45 picked cell=9,4 target_cluster=Some(0) active_clusters=1 remaining_cells=96 scans=2
RESULT turn=45 cell=9,4 result=HIT remaining_cells=96 active_clusters=1
turn=45 result=HIT
turn=46 mode=CHASE cluster=0 cluster_len=5 cell=8,4 score=500002.409748 chase_score=10166.409748 prob=2.409748
turn=46 picked cell=8,4 target_cluster=Some(0) active_clusters=1 remaining_cells=95 scans=2
RESULT turn=46 cell=8,4 result=HIT remaining_cells=95 active_clusters=1
turn=46 result=HIT
turn=47 mode=CHASE cluster=0 cluster_len=6 cell=7,4 score=600002.325551 chase_score=10106.325551 prob=2.325551
turn=47 picked cell=7,4 target_cluster=Some(0) active_clusters=1 remaining_cells=94 scans=2
RESULT turn=47 cell=7,4 result=HIT remaining_cells=94 active_clusters=1
turn=47 result=HIT
turn=48 mode=CHASE cluster=0 cluster_len=7 cell=6,4 score=700002.210458 chase_score=10058.210458 prob=2.210458
turn=48 picked cell=6,4 target_cluster=Some(0) active_clusters=1 remaining_cells=93 scans=2
RESULT turn=48 cell=6,4 result=HIT remaining_cells=93 active_clusters=1
turn=48 result=HIT
turn=49 mode=CHASE cluster=0 cluster_len=8 cell=5,4 score=800002.020932 chase_score=10031.020932 prob=2.020932
turn=49 picked cell=5,4 target_cluster=Some(0) active_clusters=1 remaining_cells=92 scans=2
RESULT turn=49 cell=5,4 result=KILL remaining_cells=92 active_clusters=1
turn=49 result=KILL
turn=49 kill_infer inferred_len=9 committed_hits=8 cluster_hits=8
turn=50 picked cell=18,12 target_cluster=None active_clusters=0 remaining_cells=91 scans=2
RESULT turn=50 cell=18,12 result=MISS remaining_cells=91 active_clusters=0
turn=50 result=MISS
turn=51 picked cell=15,16 target_cluster=None active_clusters=0 remaining_cells=91 scans=2
RESULT turn=51 cell=15,16 result=HIT remaining_cells=91 active_clusters=0
turn=51 result=HIT
turn=52 mode=CHASE cluster=0 cluster_len=1 cell=14,16 score=100002.005112 chase_score=5090.755112 prob=2.005112
turn=52 picked cell=14,16 target_cluster=Some(0) active_clusters=1 remaining_cells=90 scans=2
RESULT turn=52 cell=14,16 result=MISS remaining_cells=90 active_clusters=1
turn=52 result=MISS
turn=53 mode=CHASE cluster=0 cluster_len=1 cell=15,15 score=100001.222791 chase_score=5057.972791 prob=1.222791
turn=53 picked cell=15,15 target_cluster=Some(0) active_clusters=1 remaining_cells=90 scans=2
RESULT turn=53 cell=15,15 result=HIT remaining_cells=90 active_clusters=1
turn=53 result=HIT
turn=54 mode=CHASE cluster=0 cluster_len=2 cell=15,14 score=200002.370747 chase_score=10193.370747 prob=2.370747
turn=54 picked cell=15,14 target_cluster=Some(0) active_clusters=1 remaining_cells=89 scans=2
RESULT turn=54 cell=15,14 result=HIT remaining_cells=89 active_clusters=1
turn=54 result=HIT
turn=55 mode=CHASE cluster=0 cluster_len=3 cell=15,17 score=300002.304314 chase_score=10155.304314 prob=2.304314
turn=55 picked cell=15,17 target_cluster=Some(0) active_clusters=1 remaining_cells=88 scans=2
RESULT turn=55 cell=15,17 result=HIT remaining_cells=88 active_clusters=1
turn=55 result=HIT
turn=56 mode=CHASE cluster=0 cluster_len=4 cell=15,13 score=400000.896625 chase_score=10118.896625 prob=0.896625
turn=56 picked cell=15,13 target_cluster=Some(0) active_clusters=1 remaining_cells=87 scans=2
RESULT turn=56 cell=15,13 result=MISS remaining_cells=87 active_clusters=1
turn=56 result=MISS
turn=57 mode=CHASE cluster=0 cluster_len=4 cell=15,18 score=400001.824300 chase_score=10028.824300 prob=1.824300
turn=57 picked cell=15,18 target_cluster=Some(0) active_clusters=1 remaining_cells=87 scans=2
RESULT turn=57 cell=15,18 result=KILL remaining_cells=87 active_clusters=1
turn=57 result=KILL
turn=57 kill_infer inferred_len=5 committed_hits=4 cluster_hits=4
turn=58 picked cell=2,13 target_cluster=None active_clusters=0 remaining_cells=86 scans=2
RESULT turn=58 cell=2,13 result=HIT remaining_cells=86 active_clusters=0
turn=58 result=HIT
turn=59 mode=CHASE cluster=0 cluster_len=1 cell=2,12 score=100002.174296 chase_score=5090.674296 prob=2.174296
turn=59 picked cell=2,12 target_cluster=Some(0) active_clusters=1 remaining_cells=85 scans=2
RESULT turn=59 cell=2,12 result=HIT remaining_cells=85 active_clusters=1
turn=59 result=HIT
turn=60 mode=CHASE cluster=0 cluster_len=2 cell=2,14 score=200001.997492 chase_score=10291.997492 prob=1.997492
turn=60 picked cell=2,14 target_cluster=Some(0) active_clusters=1 remaining_cells=84 scans=2
RESULT turn=60 cell=2,14 result=MISS remaining_cells=84 active_clusters=1
turn=60 result=MISS
turn=61 mode=CHASE cluster=0 cluster_len=2 cell=2,11 score=200000.987780 chase_score=10054.987780 prob=0.987780
turn=61 picked cell=2,11 target_cluster=Some(0) active_clusters=1 remaining_cells=84 scans=2
RESULT turn=61 cell=2,11 result=HIT remaining_cells=84 active_clusters=1
turn=61 result=HIT
turn=62 mode=CHASE cluster=0 cluster_len=3 cell=2,10 score=300001.015471 chase_score=10052.015471 prob=1.015471
turn=62 picked cell=2,10 target_cluster=Some(0) active_clusters=1 remaining_cells=83 scans=2
RESULT turn=62 cell=2,10 result=KILL remaining_cells=83 active_clusters=1
turn=62 result=KILL
turn=62 kill_infer inferred_len=4 committed_hits=3 cluster_hits=3
turn=63 picked cell=15,3 target_cluster=None active_clusters=0 remaining_cells=82 scans=2
RESULT turn=63 cell=15,3 result=MISS remaining_cells=82 active_clusters=0
turn=63 result=MISS
turn=64 picked cell=16,7 target_cluster=None active_clusters=0 remaining_cells=82 scans=2
RESULT turn=64 cell=16,7 result=MISS remaining_cells=82 active_clusters=0
turn=64 result=MISS
turn=65 picked cell=19,9 target_cluster=None active_clusters=0 remaining_cells=82 scans=2
RESULT turn=65 cell=19,9 result=HIT remaining_cells=82 active_clusters=0
turn=65 result=HIT
turn=66 mode=CHASE cluster=0 cluster_len=1 cell=19,10 score=100002.645620 chase_score=5102.645620 prob=2.645620
turn=66 picked cell=19,10 target_cluster=Some(0) active_clusters=1 remaining_cells=81 scans=2
RESULT turn=66 cell=19,10 result=MISS remaining_cells=81 active_clusters=1
turn=66 result=MISS
turn=67 mode=CHASE cluster=0 cluster_len=1 cell=19,8 score=100000.802132 chase_score=5020.302132 prob=0.802132
turn=67 picked cell=19,8 target_cluster=Some(0) active_clusters=1 remaining_cells=81 scans=2
RESULT turn=67 cell=19,8 result=MISS remaining_cells=81 active_clusters=1
turn=67 result=MISS
turn=68 mode=CHASE cluster=0 cluster_len=1 cell=18,9 score=100001.504787 chase_score=5011.254787 prob=1.504787
turn=68 picked cell=18,9 target_cluster=Some(0) active_clusters=1 remaining_cells=81 scans=2
RESULT turn=68 cell=18,9 result=HIT remaining_cells=81 active_clusters=1
turn=68 result=HIT
turn=69 mode=CHASE cluster=0 cluster_len=2 cell=17,9 score=200000.747570 chase_score=10029.747570 prob=0.747570
turn=69 picked cell=17,9 target_cluster=Some(0) active_clusters=1 remaining_cells=80 scans=2
RESULT turn=69 cell=17,9 result=HIT remaining_cells=80 active_clusters=1
turn=69 result=HIT
turn=70 mode=CHASE cluster=0 cluster_len=3 cell=16,9 score=300000.421064 chase_score=10026.421064 prob=0.421064
turn=70 picked cell=16,9 target_cluster=Some(0) active_clusters=1 remaining_cells=79 scans=2
RESULT turn=70 cell=16,9 result=HIT remaining_cells=79 active_clusters=1
turn=70 result=HIT
turn=71 mode=CHASE cluster=0 cluster_len=4 cell=15,9 score=400000.478951 chase_score=10022.478951 prob=0.478951
turn=71 picked cell=15,9 target_cluster=Some(0) active_clusters=1 remaining_cells=78 scans=2
RESULT turn=71 cell=15,9 result=KILL remaining_cells=78 active_clusters=1
turn=71 result=KILL
turn=71 kill_infer inferred_len=5 committed_hits=4 cluster_hits=4
turn=72 picked cell=1,9 target_cluster=None active_clusters=0 remaining_cells=77 scans=2
RESULT turn=72 cell=1,9 result=HIT remaining_cells=77 active_clusters=0
turn=72 result=HIT
turn=73 mode=CHASE cluster=0 cluster_len=1 cell=1,8 score=100003.091218 chase_score=5098.091218 prob=3.091218
turn=73 picked cell=1,8 target_cluster=Some(0) active_clusters=1 remaining_cells=76 scans=2
RESULT turn=73 cell=1,8 result=HIT remaining_cells=76 active_clusters=1
turn=73 result=HIT
turn=74 mode=CHASE cluster=0 cluster_len=2 cell=1,10 score=200002.781401 chase_score=10309.781401 prob=2.781401
turn=74 picked cell=1,10 target_cluster=Some(0) active_clusters=1 remaining_cells=75 scans=2
RESULT turn=74 cell=1,10 result=HIT remaining_cells=75 active_clusters=1
turn=74 result=HIT
turn=75 mode=CHASE cluster=0 cluster_len=3 cell=1,7 score=300002.743204 chase_score=10246.743204 prob=2.743204
turn=75 picked cell=1,7 target_cluster=Some(0) active_clusters=1 remaining_cells=74 scans=2
RESULT turn=75 cell=1,7 result=HIT remaining_cells=74 active_clusters=1
turn=75 result=HIT
turn=76 mode=CHASE cluster=0 cluster_len=4 cell=1,11 score=400002.702072 chase_score=10186.702072 prob=2.702072
turn=76 picked cell=1,11 target_cluster=Some(0) active_clusters=1 remaining_cells=73 scans=2
RESULT turn=76 cell=1,11 result=MISS remaining_cells=73 active_clusters=1
turn=76 result=MISS
turn=77 mode=CHASE cluster=0 cluster_len=4 cell=1,6 score=400001.753977 chase_score=10057.753977 prob=1.753977
turn=77 picked cell=1,6 target_cluster=Some(0) active_clusters=1 remaining_cells=73 scans=2
RESULT turn=77 cell=1,6 result=HIT remaining_cells=73 active_clusters=1
turn=77 result=HIT
turn=78 mode=CHASE cluster=0 cluster_len=5 cell=1,5 score=500002.645127 chase_score=10053.645127 prob=2.645127
turn=78 picked cell=1,5 target_cluster=Some(0) active_clusters=1 remaining_cells=72 scans=2
RESULT turn=78 cell=1,5 result=HIT remaining_cells=72 active_clusters=1
turn=78 result=HIT
turn=79 mode=CHASE cluster=0 cluster_len=6 cell=1,4 score=600001.882310 chase_score=10040.882310 prob=1.882310
turn=79 picked cell=1,4 target_cluster=Some(0) active_clusters=1 remaining_cells=71 scans=2
RESULT turn=79 cell=1,4 result=KILL remaining_cells=71 active_clusters=1
turn=79 result=KILL
turn=79 kill_infer inferred_len=7 committed_hits=6 cluster_hits=6
turn=80 picked cell=10,19 target_cluster=None active_clusters=0 remaining_cells=70 scans=2
RESULT turn=80 cell=10,19 result=MISS remaining_cells=70 active_clusters=0
turn=80 result=MISS
turn=81 picked cell=10,2 target_cluster=None active_clusters=0 remaining_cells=70 scans=2
RESULT turn=81 cell=10,2 result=MISS remaining_cells=70 active_clusters=0
turn=81 result=MISS
turn=82 picked cell=11,1 target_cluster=None active_clusters=0 remaining_cells=70 scans=2
RESULT turn=82 cell=11,1 result=HIT remaining_cells=70 active_clusters=0
turn=82 result=HIT
turn=83 mode=CHASE cluster=0 cluster_len=1 cell=10,1 score=100003.327256 chase_score=5087.827256 prob=3.327256
turn=83 picked cell=10,1 target_cluster=Some(0) active_clusters=1 remaining_cells=69 scans=2
RESULT turn=83 cell=10,1 result=MISS remaining_cells=69 active_clusters=1
turn=83 result=MISS
turn=84 mode=CHASE cluster=0 cluster_len=1 cell=12,1 score=100001.001382 chase_score=5015.001382 prob=1.001382
turn=84 picked cell=12,1 target_cluster=Some(0) active_clusters=1 remaining_cells=69 scans=2
RESULT turn=84 cell=12,1 result=HIT remaining_cells=69 active_clusters=1
turn=84 result=HIT
turn=85 mode=CHASE cluster=0 cluster_len=2 cell=13,1 score=200001.272531 chase_score=10047.272531 prob=1.272531
turn=85 picked cell=13,1 target_cluster=Some(0) active_clusters=1 remaining_cells=68 scans=2
RESULT turn=85 cell=13,1 result=HIT remaining_cells=68 active_clusters=1
turn=85 result=HIT
turn=86 mode=CHASE cluster=0 cluster_len=3 cell=14,1 score=300001.472152 chase_score=10044.472152 prob=1.472152
turn=86 picked cell=14,1 target_cluster=Some(0) active_clusters=1 remaining_cells=67 scans=2
RESULT turn=86 cell=14,1 result=HIT remaining_cells=67 active_clusters=1
turn=86 result=HIT
turn=87 mode=CHASE cluster=0 cluster_len=4 cell=15,1 score=400001.407484 chase_score=10040.407484 prob=1.407484
turn=87 picked cell=15,1 target_cluster=Some(0) active_clusters=1 remaining_cells=66 scans=2
RESULT turn=87 cell=15,1 result=HIT remaining_cells=66 active_clusters=1
turn=87 result=HIT
turn=88 mode=CHASE cluster=0 cluster_len=5 cell=16,1 score=500001.788721 chase_score=10035.788721 prob=1.788721
turn=88 picked cell=16,1 target_cluster=Some(0) active_clusters=1 remaining_cells=65 scans=2
RESULT turn=88 cell=16,1 result=KILL remaining_cells=65 active_clusters=1
turn=88 result=KILL
turn=88 kill_infer inferred_len=6 committed_hits=5 cluster_hits=5
turn=89 picked cell=0,10 target_cluster=None active_clusters=0 remaining_cells=64 scans=2
RESULT turn=89 cell=0,10 result=MISS remaining_cells=64 active_clusters=0
turn=89 result=MISS
turn=90 picked cell=7,18 target_cluster=None active_clusters=0 remaining_cells=64 scans=2
RESULT turn=90 cell=7,18 result=HIT remaining_cells=64 active_clusters=0
turn=90 result=HIT
turn=91 mode=CHASE cluster=0 cluster_len=1 cell=8,18 score=100003.457717 chase_score=5072.957717 prob=3.457717
turn=91 picked cell=8,18 target_cluster=Some(0) active_clusters=1 remaining_cells=63 scans=2
RESULT turn=91 cell=8,18 result=HIT remaining_cells=63 active_clusters=1
turn=91 result=HIT
turn=92 mode=CHASE cluster=0 cluster_len=2 cell=6,18 score=200003.457717 chase_score=10231.457717 prob=3.457717
turn=92 picked cell=6,18 target_cluster=Some(0) active_clusters=1 remaining_cells=62 scans=2
RESULT turn=92 cell=6,18 result=HIT remaining_cells=62 active_clusters=1
turn=92 result=HIT
turn=93 mode=CHASE cluster=0 cluster_len=3 cell=5,18 score=300003.246948 chase_score=10191.246948 prob=3.246948
turn=93 picked cell=5,18 target_cluster=Some(0) active_clusters=1 remaining_cells=61 scans=2
RESULT turn=93 cell=5,18 result=HIT remaining_cells=61 active_clusters=1
turn=93 result=HIT
turn=94 mode=CHASE cluster=0 cluster_len=4 cell=9,18 score=400003.246948 chase_score=10154.246948 prob=3.246948
turn=94 picked cell=9,18 target_cluster=Some(0) active_clusters=1 remaining_cells=60 scans=2
RESULT turn=94 cell=9,18 result=HIT remaining_cells=60 active_clusters=1
turn=94 result=HIT
turn=95 mode=CHASE cluster=0 cluster_len=5 cell=4,18 score=500002.826001 chase_score=10110.826001 prob=2.826001
turn=95 picked cell=4,18 target_cluster=Some(0) active_clusters=1 remaining_cells=59 scans=2
RESULT turn=95 cell=4,18 result=HIT remaining_cells=59 active_clusters=1
turn=95 result=HIT
turn=96 mode=CHASE cluster=0 cluster_len=6 cell=10,18 score=600002.716530 chase_score=10072.716530 prob=2.716530
turn=96 picked cell=10,18 target_cluster=Some(0) active_clusters=1 remaining_cells=58 scans=2
RESULT turn=96 cell=10,18 result=HIT remaining_cells=58 active_clusters=1
turn=96 result=HIT
turn=97 mode=CHASE cluster=0 cluster_len=7 cell=3,18 score=700002.367433 chase_score=10040.367433 prob=2.367433
turn=97 picked cell=3,18 target_cluster=Some(0) active_clusters=1 remaining_cells=57 scans=2
RESULT turn=97 cell=3,18 result=HIT remaining_cells=57 active_clusters=1
turn=97 result=HIT
turn=98 mode=CHASE cluster=0 cluster_len=8 cell=11,18 score=800002.367433 chase_score=10022.367433 prob=2.367433
turn=98 picked cell=11,18 target_cluster=Some(0) active_clusters=1 remaining_cells=56 scans=2
RESULT turn=98 cell=11,18 result=HIT remaining_cells=56 active_clusters=1
turn=98 result=HIT
turn=99 mode=CHASE cluster=0 cluster_len=9 cell=2,18 score=900001.946486 chase_score=10011.946486 prob=1.946486
turn=99 picked cell=2,18 target_cluster=Some(0) active_clusters=1 remaining_cells=55 scans=2
RESULT turn=99 cell=2,18 result=MISS remaining_cells=55 active_clusters=1
turn=99 result=MISS
turn=100 mode=CHASE cluster=0 cluster_len=9 cell=12,18 score=900001.967393 chase_score=10011.967393 prob=1.967393
turn=100 picked cell=12,18 target_cluster=Some(0) active_clusters=1 remaining_cells=55 scans=2
RESULT turn=100 cell=12,18 result=KILL remaining_cells=55 active_clusters=1
turn=100 result=KILL
turn=100 kill_infer inferred_len=10 committed_hits=9 cluster_hits=9
turn=101 picked cell=12,0 target_cluster=None active_clusters=0 remaining_cells=54 scans=2
RESULT turn=101 cell=12,0 result=MISS remaining_cells=54 active_clusters=0
turn=101 result=MISS
turn=102 picked cell=7,17 target_cluster=None active_clusters=0 remaining_cells=54 scans=2
RESULT turn=102 cell=7,17 result=MISS remaining_cells=54 active_clusters=0
turn=102 result=MISS
turn=103 picked cell=6,16 target_cluster=None active_clusters=0 remaining_cells=54 scans=2
RESULT turn=103 cell=6,16 result=MISS remaining_cells=54 active_clusters=0
turn=103 result=MISS
turn=104 picked cell=13,12 target_cluster=None active_clusters=0 remaining_cells=54 scans=2
RESULT turn=104 cell=13,12 result=MISS remaining_cells=54 active_clusters=0
turn=104 result=MISS
turn=105 picked cell=7,3 target_cluster=None active_clusters=0 remaining_cells=54 scans=2
RESULT turn=105 cell=7,3 result=MISS remaining_cells=54 active_clusters=0
turn=105 result=MISS
turn=106 picked cell=17,2 target_cluster=None active_clusters=0 remaining_cells=54 scans=2
RESULT turn=106 cell=17,2 result=MISS remaining_cells=54 active_clusters=0
turn=106 result=MISS
turn=107 picked cell=18,6 target_cluster=None active_clusters=0 remaining_cells=54 scans=2
RESULT turn=107 cell=18,6 result=HIT remaining_cells=54 active_clusters=0
turn=107 result=HIT
turn=108 mode=CHASE cluster=0 cluster_len=1 cell=18,5 score=100001.630746 chase_score=5031.380746 prob=1.630746
turn=108 picked cell=18,5 target_cluster=Some(0) active_clusters=1 remaining_cells=53 scans=2
RESULT turn=108 cell=18,5 result=HIT remaining_cells=53 active_clusters=1
turn=108 result=HIT
turn=109 mode=CHASE cluster=0 cluster_len=2 cell=18,4 score=200001.760645 chase_score=10103.760645 prob=1.760645
turn=109 picked cell=18,4 target_cluster=Some(0) active_clusters=1 remaining_cells=52 scans=2
RESULT turn=109 cell=18,4 result=HIT remaining_cells=52 active_clusters=1
turn=109 result=HIT
turn=110 mode=CHASE cluster=0 cluster_len=3 cell=18,3 score=300001.565153 chase_score=10091.565153 prob=1.565153
turn=110 picked cell=18,3 target_cluster=Some(0) active_clusters=1 remaining_cells=51 scans=2
RESULT turn=110 cell=18,3 result=HIT remaining_cells=51 active_clusters=1
turn=110 result=HIT
turn=111 mode=CHASE cluster=0 cluster_len=4 cell=18,2 score=400001.322215 chase_score=10076.322215 prob=1.322215
turn=111 picked cell=18,2 target_cluster=Some(0) active_clusters=1 remaining_cells=50 scans=2
RESULT turn=111 cell=18,2 result=HIT remaining_cells=50 active_clusters=1
turn=111 result=HIT
turn=112 mode=CHASE cluster=0 cluster_len=5 cell=18,1 score=500001.111277 chase_score=10051.111277 prob=1.111277
turn=112 picked cell=18,1 target_cluster=Some(0) active_clusters=1 remaining_cells=49 scans=2
RESULT turn=112 cell=18,1 result=MISS remaining_cells=49 active_clusters=1
turn=112 result=MISS
turn=113 mode=CHASE cluster=0 cluster_len=5 cell=18,7 score=500000.743679 chase_score=10020.743679 prob=0.743679
turn=113 picked cell=18,7 target_cluster=Some(0) active_clusters=1 remaining_cells=49 scans=2
RESULT turn=113 cell=18,7 result=HIT remaining_cells=49 active_clusters=1
turn=113 result=HIT
turn=114 mode=CHASE cluster=0 cluster_len=6 cell=18,8 score=600000.402252 chase_score=10014.402252 prob=0.402252
turn=114 picked cell=18,8 target_cluster=Some(0) active_clusters=1 remaining_cells=48 scans=2
RESULT turn=114 cell=18,8 result=KILL remaining_cells=48 active_clusters=1
turn=114 result=KILL
turn=114 kill_infer inferred_len=7 committed_hits=6 cluster_hits=6
turn=115 picked cell=8,13 target_cluster=None active_clusters=0 remaining_cells=47 scans=2
RESULT turn=115 cell=8,13 result=HIT remaining_cells=47 active_clusters=0
turn=115 result=HIT
turn=116 mode=CHASE cluster=0 cluster_len=1 cell=9,13 score=100001.922226 chase_score=5038.172226 prob=1.922226
turn=116 picked cell=9,13 target_cluster=Some(0) active_clusters=1 remaining_cells=46 scans=2
RESULT turn=116 cell=9,13 result=HIT remaining_cells=46 active_clusters=1
turn=116 result=HIT
turn=117 mode=CHASE cluster=0 cluster_len=2 cell=7,13 score=200001.732002 chase_score=10118.732002 prob=1.732002
turn=117 picked cell=7,13 target_cluster=Some(0) active_clusters=1 remaining_cells=45 scans=2
RESULT turn=117 cell=7,13 result=HIT remaining_cells=45 active_clusters=1
turn=117 result=HIT
turn=118 mode=CHASE cluster=0 cluster_len=3 cell=10,13 score=300001.751420 chase_score=10093.751420 prob=1.751420
turn=118 picked cell=10,13 target_cluster=Some(0) active_clusters=1 remaining_cells=44 scans=2
RESULT turn=118 cell=10,13 result=MISS remaining_cells=44 active_clusters=1
turn=118 result=MISS
turn=119 mode=CHASE cluster=0 cluster_len=3 cell=6,13 score=300000.879747 chase_score=10022.879747 prob=0.879747
turn=119 picked cell=6,13 target_cluster=Some(0) active_clusters=1 remaining_cells=44 scans=2
RESULT turn=119 cell=6,13 result=HIT remaining_cells=44 active_clusters=1
turn=119 result=HIT
turn=120 mode=CHASE cluster=0 cluster_len=4 cell=5,13 score=400001.143488 chase_score=10019.143488 prob=1.143488
turn=120 picked cell=5,13 target_cluster=Some(0) active_clusters=1 remaining_cells=43 scans=2
RESULT turn=120 cell=5,13 result=HIT remaining_cells=43 active_clusters=1
turn=120 result=HIT
turn=121 mode=CHASE cluster=0 cluster_len=5 cell=4,13 score=500001.269431 chase_score=10014.269431 prob=1.269431
turn=121 picked cell=4,13 target_cluster=Some(0) active_clusters=1 remaining_cells=42 scans=2
RESULT turn=121 cell=4,13 result=KILL remaining_cells=42 active_clusters=1
turn=121 result=KILL
turn=121 kill_infer inferred_len=6 committed_hits=5 cluster_hits=5
turn=122 picked cell=17,14 target_cluster=None active_clusters=0 remaining_cells=41 scans=2
RESULT turn=122 cell=17,14 result=HIT remaining_cells=41 active_clusters=0
turn=122 result=HIT
turn=123 mode=CHASE cluster=0 cluster_len=1 cell=17,15 score=100001.559528 chase_score=5026.559528 prob=1.559528
turn=123 picked cell=17,15 target_cluster=Some(0) active_clusters=1 remaining_cells=40 scans=2
RESULT turn=123 cell=17,15 result=HIT remaining_cells=40 active_clusters=1
turn=123 result=HIT
turn=124 mode=CHASE cluster=0 cluster_len=2 cell=17,13 score=200001.515768 chase_score=10079.515768 prob=1.515768
turn=124 picked cell=17,13 target_cluster=Some(0) active_clusters=1 remaining_cells=39 scans=2
RESULT turn=124 cell=17,13 result=HIT remaining_cells=39 active_clusters=1
turn=124 result=HIT
turn=125 mode=CHASE cluster=0 cluster_len=3 cell=17,16 score=300001.515768 chase_score=10067.515768 prob=1.515768
turn=125 picked cell=17,16 target_cluster=Some(0) active_clusters=1 remaining_cells=38 scans=2
RESULT turn=125 cell=17,16 result=HIT remaining_cells=38 active_clusters=1
turn=125 result=HIT
turn=126 mode=CHASE cluster=0 cluster_len=4 cell=17,17 score=400001.353508 chase_score=10051.353508 prob=1.353508
turn=126 picked cell=17,17 target_cluster=Some(0) active_clusters=1 remaining_cells=37 scans=2
RESULT turn=126 cell=17,17 result=HIT remaining_cells=37 active_clusters=1
turn=126 result=HIT
turn=127 mode=CHASE cluster=0 cluster_len=5 cell=17,12 score=500001.266049 chase_score=10039.266049 prob=1.266049
turn=127 picked cell=17,12 target_cluster=Some(0) active_clusters=1 remaining_cells=36 scans=2
RESULT turn=127 cell=17,12 result=HIT remaining_cells=36 active_clusters=1
turn=127 result=HIT
turn=128 mode=CHASE cluster=0 cluster_len=6 cell=17,18 score=600001.031799 chase_score=10024.031799 prob=1.031799
turn=128 picked cell=17,18 target_cluster=Some(0) active_clusters=1 remaining_cells=35 scans=2
RESULT turn=128 cell=17,18 result=HIT remaining_cells=35 active_clusters=1
turn=128 result=HIT
turn=129 mode=CHASE cluster=0 cluster_len=7 cell=17,19 score=700001.397425 chase_score=10009.397425 prob=1.397425
turn=129 picked cell=17,19 target_cluster=Some(0) active_clusters=1 remaining_cells=34 scans=2
RESULT turn=129 cell=17,19 result=KILL remaining_cells=34 active_clusters=1
turn=129 result=KILL
turn=129 kill_infer inferred_len=8 committed_hits=7 cluster_hits=7
turn=130 picked cell=4,2 target_cluster=None active_clusters=0 remaining_cells=33 scans=2
RESULT turn=130 cell=4,2 result=MISS remaining_cells=33 active_clusters=0
turn=130 result=MISS
turn=131 picked cell=6,0 target_cluster=None active_clusters=0 remaining_cells=33 scans=2
RESULT turn=131 cell=6,0 result=HIT remaining_cells=33 active_clusters=0
turn=131 result=HIT
turn=132 mode=CHASE cluster=0 cluster_len=1 cell=5,0 score=100001.105018 chase_score=5023.605018 prob=1.105018
turn=132 picked cell=5,0 target_cluster=Some(0) active_clusters=1 remaining_cells=32 scans=2
RESULT turn=132 cell=5,0 result=MISS remaining_cells=32 active_clusters=1
turn=132 result=MISS
turn=133 mode=CHASE cluster=0 cluster_len=1 cell=7,0 score=100000.385391 chase_score=5005.885391 prob=0.385391
turn=133 picked cell=7,0 target_cluster=Some(0) active_clusters=1 remaining_cells=32 scans=2
RESULT turn=133 cell=7,0 result=MISS remaining_cells=32 active_clusters=1
turn=133 result=MISS
turn=134 mode=CHASE cluster=0 cluster_len=1 cell=6,1 score=100001.014490 chase_score=5005.264490 prob=1.014490
turn=134 picked cell=6,1 target_cluster=Some(0) active_clusters=1 remaining_cells=32 scans=2
RESULT turn=134 cell=6,1 result=KILL remaining_cells=32 active_clusters=1
turn=134 result=KILL
turn=134 kill_infer inferred_len=2 committed_hits=1 cluster_hits=1
turn=135 picked cell=14,8 target_cluster=None active_clusters=0 remaining_cells=31 scans=2
RESULT turn=135 cell=14,8 result=HIT remaining_cells=31 active_clusters=0
turn=135 result=HIT
turn=136 mode=CHASE cluster=0 cluster_len=1 cell=13,8 score=100000.886083 chase_score=5016.386083 prob=0.886083
turn=136 picked cell=13,8 target_cluster=Some(0) active_clusters=1 remaining_cells=30 scans=2
RESULT turn=136 cell=13,8 result=HIT remaining_cells=30 active_clusters=1
turn=136 result=HIT
turn=137 mode=CHASE cluster=0 cluster_len=2 cell=12,8 score=200000.929045 chase_score=10047.929045 prob=0.929045
turn=137 picked cell=12,8 target_cluster=Some(0) active_clusters=1 remaining_cells=29 scans=2
RESULT turn=137 cell=12,8 result=HIT remaining_cells=29 active_clusters=1
turn=137 result=HIT
turn=138 mode=CHASE cluster=0 cluster_len=3 cell=11,8 score=300000.886083 chase_score=10035.886083 prob=0.886083
turn=138 picked cell=11,8 target_cluster=Some(0) active_clusters=1 remaining_cells=28 scans=2
RESULT turn=138 cell=11,8 result=HIT remaining_cells=28 active_clusters=1
turn=138 result=HIT
turn=139 mode=CHASE cluster=0 cluster_len=4 cell=10,8 score=400000.813980 chase_score=10026.813980 prob=0.813980
turn=139 picked cell=10,8 target_cluster=Some(0) active_clusters=1 remaining_cells=27 scans=2
RESULT turn=139 cell=10,8 result=MISS remaining_cells=27 active_clusters=1
turn=139 result=MISS
turn=140 mode=CHASE cluster=0 cluster_len=4 cell=15,8 score=400000.517257 chase_score=10005.517257 prob=0.517257
turn=140 picked cell=15,8 target_cluster=Some(0) active_clusters=1 remaining_cells=27 scans=2
RESULT turn=140 cell=15,8 result=KILL remaining_cells=27 active_clusters=1
turn=140 result=KILL
turn=140 kill_infer inferred_len=5 committed_hits=4 cluster_hits=4
turn=141 picked cell=0,17 target_cluster=None active_clusters=0 remaining_cells=26 scans=2
RESULT turn=141 cell=0,17 result=MISS remaining_cells=26 active_clusters=0
turn=141 result=MISS
turn=142 picked cell=6,19 target_cluster=None active_clusters=0 remaining_cells=26 scans=2
RESULT turn=142 cell=6,19 result=MISS remaining_cells=26 active_clusters=0
turn=142 result=MISS
turn=143 picked cell=1,16 target_cluster=None active_clusters=0 remaining_cells=26 scans=2
RESULT turn=143 cell=1,16 result=KILL remaining_cells=26 active_clusters=0
turn=143 result=KILL
turn=144 picked cell=0,3 target_cluster=None active_clusters=0 remaining_cells=25 scans=2
RESULT turn=144 cell=0,3 result=MISS remaining_cells=25 active_clusters=0
turn=144 result=MISS
turn=145 picked cell=8,5 target_cluster=None active_clusters=0 remaining_cells=25 scans=2
RESULT turn=145 cell=8,5 result=MISS remaining_cells=25 active_clusters=0
turn=145 result=MISS
turn=146 picked cell=3,11 target_cluster=None active_clusters=0 remaining_cells=25 scans=2
RESULT turn=146 cell=3,11 result=MISS remaining_cells=25 active_clusters=0
turn=146 result=MISS
turn=147 picked cell=11,11 target_cluster=None active_clusters=0 remaining_cells=25 scans=2
RESULT turn=147 cell=11,11 result=MISS remaining_cells=25 active_clusters=0
turn=147 result=MISS
turn=148 picked cell=19,14 target_cluster=None active_clusters=0 remaining_cells=25 scans=2
RESULT turn=148 cell=19,14 result=MISS remaining_cells=25 active_clusters=0
turn=148 result=MISS
turn=149 picked cell=9,7 target_cluster=None active_clusters=0 remaining_cells=25 scans=2
RESULT turn=149 cell=9,7 result=MISS remaining_cells=25 active_clusters=0
turn=149 result=MISS
turn=150 picked cell=9,14 target_cluster=None active_clusters=0 remaining_cells=25 scans=2
RESULT turn=150 cell=9,14 result=MISS remaining_cells=25 active_clusters=0
turn=150 result=MISS
turn=151 picked cell=16,15 target_cluster=None active_clusters=0 remaining_cells=25 scans=2
RESULT turn=151 cell=16,15 result=MISS remaining_cells=25 active_clusters=0
turn=151 result=MISS
turn=152 picked cell=15,6 target_cluster=None active_clusters=0 remaining_cells=25 scans=2
RESULT turn=152 cell=15,6 result=MISS remaining_cells=25 active_clusters=0
turn=152 result=MISS
turn=153 picked cell=9,16 target_cluster=None active_clusters=0 remaining_cells=25 scans=2
RESULT turn=153 cell=9,16 result=MISS remaining_cells=25 active_clusters=0
turn=153 result=MISS
turn=154 picked cell=13,17 target_cluster=None active_clusters=0 remaining_cells=25 scans=2
RESULT turn=154 cell=13,17 result=HIT remaining_cells=25 active_clusters=0
turn=154 result=HIT
turn=155 mode=CHASE cluster=0 cluster_len=1 cell=12,17 score=100001.442957 chase_score=5008.692957 prob=1.442957
turn=155 picked cell=12,17 target_cluster=Some(0) active_clusters=1 remaining_cells=24 scans=2
RESULT turn=155 cell=12,17 result=HIT remaining_cells=24 active_clusters=1
turn=155 result=HIT
turn=156 mode=CHASE cluster=0 cluster_len=2 cell=11,17 score=200001.517957 chase_score=10019.517957 prob=1.517957
turn=156 picked cell=11,17 target_cluster=Some(0) active_clusters=1 remaining_cells=23 scans=2
RESULT turn=156 cell=11,17 result=HIT remaining_cells=23 active_clusters=1
turn=156 result=HIT
turn=157 mode=CHASE cluster=0 cluster_len=3 cell=10,17 score=300001.442957 chase_score=10012.442957 prob=1.442957
turn=157 picked cell=10,17 target_cluster=Some(0) active_clusters=1 remaining_cells=22 scans=2
RESULT turn=157 cell=10,17 result=HIT remaining_cells=22 active_clusters=1
turn=157 result=HIT
turn=158 mode=CHASE cluster=0 cluster_len=4 cell=9,17 score=400001.191834 chase_score=10008.191834 prob=1.191834
turn=158 picked cell=9,17 target_cluster=Some(0) active_clusters=1 remaining_cells=21 scans=2
RESULT turn=158 cell=9,17 result=HIT remaining_cells=21 active_clusters=1
turn=158 result=HIT
turn=159 mode=CHASE cluster=0 cluster_len=5 cell=14,17 score=500001.116834 chase_score=10008.116834 prob=1.116834
turn=159 picked cell=14,17 target_cluster=Some(0) active_clusters=1 remaining_cells=20 scans=2
RESULT turn=159 cell=14,17 result=HIT remaining_cells=20 active_clusters=1
turn=159 result=HIT
turn=160 mode=CHASE cluster=0 cluster_len=6 cell=8,17 score=600001.066537 chase_score=10008.066537 prob=1.066537
turn=160 picked cell=8,17 target_cluster=Some(0) active_clusters=1 remaining_cells=19 scans=2
RESULT turn=160 cell=8,17 result=KILL remaining_cells=19 active_clusters=1
turn=160 result=KILL
turn=160 kill_infer inferred_len=7 committed_hits=6 cluster_hits=6
turn=161 picked cell=3,3 target_cluster=None active_clusters=0 remaining_cells=18 scans=2
RESULT turn=161 cell=3,3 result=MISS remaining_cells=18 active_clusters=0
turn=161 result=MISS
turn=162 picked cell=4,9 target_cluster=None active_clusters=0 remaining_cells=18 scans=2
RESULT turn=162 cell=4,9 result=MISS remaining_cells=18 active_clusters=0
turn=162 result=MISS
turn=163 picked cell=2,1 target_cluster=None active_clusters=0 remaining_cells=18 scans=2
RESULT turn=163 cell=2,1 result=MISS remaining_cells=18 active_clusters=0
turn=163 result=MISS
turn=164 picked cell=8,2 target_cluster=None active_clusters=0 remaining_cells=18 scans=2
RESULT turn=164 cell=8,2 result=MISS remaining_cells=18 active_clusters=0
turn=164 result=MISS
turn=165 picked cell=3,8 target_cluster=None active_clusters=0 remaining_cells=18 scans=2
RESULT turn=165 cell=3,8 result=MISS remaining_cells=18 active_clusters=0
turn=165 result=MISS
turn=166 picked cell=4,5 target_cluster=None active_clusters=0 remaining_cells=18 scans=2
RESULT turn=166 cell=4,5 result=MISS remaining_cells=18 active_clusters=0
turn=166 result=MISS
turn=167 picked cell=1,2 target_cluster=None active_clusters=0 remaining_cells=18 scans=2
RESULT turn=167 cell=1,2 result=HIT remaining_cells=18 active_clusters=0
turn=167 result=HIT
turn=168 mode=CHASE cluster=0 cluster_len=1 cell=2,2 score=100000.269732 chase_score=5004.769732 prob=0.269732
turn=168 picked cell=2,2 target_cluster=Some(0) active_clusters=1 remaining_cells=17 scans=2
RESULT turn=168 cell=2,2 result=MISS remaining_cells=17 active_clusters=1
turn=168 result=MISS
turn=169 mode=CHASE cluster=0 cluster_len=1 cell=1,1 score=100000.217586 chase_score=5004.717586 prob=0.217586
turn=169 picked cell=1,1 target_cluster=Some(0) active_clusters=1 remaining_cells=17 scans=2
RESULT turn=169 cell=1,1 result=MISS remaining_cells=17 active_clusters=1
turn=169 result=MISS
turn=170 mode=CHASE cluster=0 cluster_len=1 cell=0,2 score=100000.122701 chase_score=5002.122701 prob=0.122701
turn=170 picked cell=0,2 target_cluster=Some(0) active_clusters=1 remaining_cells=17 scans=2
RESULT turn=170 cell=0,2 result=KILL remaining_cells=17 active_clusters=1
turn=170 result=KILL
turn=170 kill_infer inferred_len=2 committed_hits=1 cluster_hits=1
turn=171 picked cell=5,10 target_cluster=None active_clusters=0 remaining_cells=16 scans=2
RESULT turn=171 cell=5,10 result=MISS remaining_cells=16 active_clusters=0
turn=171 result=MISS
turn=172 picked cell=9,3 target_cluster=None active_clusters=0 remaining_cells=16 scans=2
RESULT turn=172 cell=9,3 result=MISS remaining_cells=16 active_clusters=0
turn=172 result=MISS
turn=173 picked cell=0,7 target_cluster=None active_clusters=0 remaining_cells=16 scans=2
RESULT turn=173 cell=0,7 result=MISS remaining_cells=16 active_clusters=0
turn=173 result=MISS
turn=174 picked cell=3,0 target_cluster=None active_clusters=0 remaining_cells=16 scans=2
RESULT turn=174 cell=3,0 result=HIT remaining_cells=16 active_clusters=0
turn=174 result=HIT
turn=175 mode=CHASE cluster=0 cluster_len=1 cell=2,0 score=100000.251080 chase_score=5005.251080 prob=0.251080
turn=175 picked cell=2,0 target_cluster=Some(0) active_clusters=1 remaining_cells=15 scans=2
RESULT turn=175 cell=2,0 result=HIT remaining_cells=15 active_clusters=1
turn=175 result=HIT
turn=176 mode=CHASE cluster=0 cluster_len=2 cell=1,0 score=200000.229062 chase_score=10011.229062 prob=0.229062
turn=176 picked cell=1,0 target_cluster=Some(0) active_clusters=1 remaining_cells=14 scans=2
RESULT turn=176 cell=1,0 result=HIT remaining_cells=14 active_clusters=1
turn=176 result=HIT
turn=177 mode=CHASE cluster=0 cluster_len=3 cell=0,0 score=300000.162199 chase_score=10004.162199 prob=0.162199
turn=177 picked cell=0,0 target_cluster=Some(0) active_clusters=1 remaining_cells=13 scans=2
RESULT turn=177 cell=0,0 result=MISS remaining_cells=13 active_clusters=1
turn=177 result=MISS
turn=178 mode=CHASE cluster=0 cluster_len=3 cell=4,0 score=300000.164057 chase_score=10004.164057 prob=0.164057
turn=178 picked cell=4,0 target_cluster=Some(0) active_clusters=1 remaining_cells=13 scans=2
RESULT turn=178 cell=4,0 result=KILL remaining_cells=13 active_clusters=1
turn=178 result=KILL
turn=178 kill_infer inferred_len=4 committed_hits=3 cluster_hits=3
turn=179 picked cell=14,11 target_cluster=None active_clusters=0 remaining_cells=12 scans=2
RESULT turn=179 cell=14,11 result=MISS remaining_cells=12 active_clusters=0
turn=179 result=MISS
turn=180 picked cell=9,11 target_cluster=None active_clusters=0 remaining_cells=12 scans=2
RESULT turn=180 cell=9,11 result=HIT remaining_cells=12 active_clusters=0
turn=180 result=HIT
turn=181 mode=CHASE cluster=0 cluster_len=1 cell=9,12 score=100000.162757 chase_score=5002.412757 prob=0.162757
turn=181 picked cell=9,12 target_cluster=Some(0) active_clusters=1 remaining_cells=11 scans=2
RESULT turn=181 cell=9,12 result=HIT remaining_cells=11 active_clusters=1
turn=181 result=HIT
turn=182 mode=CHASE cluster=0 cluster_len=2 cell=9,10 score=200000.162757 chase_score=10003.162757 prob=0.162757
turn=182 picked cell=9,10 target_cluster=Some(0) active_clusters=1 remaining_cells=10 scans=2
RESULT turn=182 cell=9,10 result=KILL remaining_cells=10 active_clusters=1
turn=182 result=KILL
turn=182 kill_infer inferred_len=3 committed_hits=2 cluster_hits=2
turn=183 picked cell=12,6 target_cluster=None active_clusters=0 remaining_cells=9 scans=2
RESULT turn=183 cell=12,6 result=HIT remaining_cells=9 active_clusters=0
turn=183 result=HIT
turn=184 mode=CHASE cluster=0 cluster_len=1 cell=13,6 score=100000.114477 chase_score=5001.614477 prob=0.114477
turn=184 picked cell=13,6 target_cluster=Some(0) active_clusters=1 remaining_cells=8 scans=2
RESULT turn=184 cell=13,6 result=MISS remaining_cells=8 active_clusters=1
turn=184 result=MISS
turn=185 mode=CHASE cluster=0 cluster_len=1 cell=11,6 score=100000.116263 chase_score=5001.616263 prob=0.116263
turn=185 picked cell=11,6 target_cluster=Some(0) active_clusters=1 remaining_cells=8 scans=2
RESULT turn=185 cell=11,6 result=MISS remaining_cells=8 active_clusters=1
turn=185 result=MISS
turn=186 mode=CHASE cluster=0 cluster_len=1 cell=12,7 score=100000.093255 chase_score=5001.593255 prob=0.093255
turn=186 picked cell=12,7 target_cluster=Some(0) active_clusters=1 remaining_cells=8 scans=2
RESULT turn=186 cell=12,7 result=MISS remaining_cells=8 active_clusters=1
turn=186 result=MISS
turn=187 mode=CHASE cluster=0 cluster_len=1 cell=12,5 score=100000.094381 chase_score=5001.594381 prob=0.094381
turn=187 picked cell=12,5 target_cluster=Some(0) active_clusters=1 remaining_cells=8 scans=2
RESULT turn=187 cell=12,5 result=KILL remaining_cells=8 active_clusters=1
turn=187 result=KILL
turn=187 kill_infer inferred_len=2 committed_hits=1 cluster_hits=1
turn=188 picked cell=10,10 target_cluster=None active_clusters=0 remaining_cells=7 scans=2
RESULT turn=188 cell=10,10 result=MISS remaining_cells=7 active_clusters=0
turn=188 result=MISS
turn=189 picked cell=12,10 target_cluster=None active_clusters=0 remaining_cells=7 scans=2
RESULT turn=189 cell=12,10 result=MISS remaining_cells=7 active_clusters=0
turn=189 result=MISS
turn=190 picked cell=10,12 target_cluster=None active_clusters=0 remaining_cells=7 scans=2
RESULT turn=190 cell=10,12 result=MISS remaining_cells=7 active_clusters=0
turn=190 result=MISS
turn=191 picked cell=12,13 target_cluster=None active_clusters=0 remaining_cells=7 scans=2
RESULT turn=191 cell=12,13 result=MISS remaining_cells=7 active_clusters=0
turn=191 result=MISS
turn=192 picked cell=10,7 target_cluster=None active_clusters=0 remaining_cells=7 scans=2
RESULT turn=192 cell=10,7 result=MISS remaining_cells=7 active_clusters=0
turn=192 result=MISS
turn=193 picked cell=12,11 target_cluster=None active_clusters=0 remaining_cells=7 scans=2
RESULT turn=193 cell=12,11 result=MISS remaining_cells=7 active_clusters=0
turn=193 result=MISS
turn=194 picked cell=11,12 target_cluster=None active_clusters=0 remaining_cells=7 scans=2
RESULT turn=194 cell=11,12 result=MISS remaining_cells=7 active_clusters=0
turn=194 result=MISS
turn=195 picked cell=13,10 target_cluster=None active_clusters=0 remaining_cells=7 scans=2
RESULT turn=195 cell=13,10 result=MISS remaining_cells=7 active_clusters=0
turn=195 result=MISS
turn=196 picked cell=11,14 target_cluster=None active_clusters=0 remaining_cells=7 scans=2
RESULT turn=196 cell=11,14 result=MISS remaining_cells=7 active_clusters=0
turn=196 result=MISS
turn=197 picked cell=10,5 target_cluster=None active_clusters=0 remaining_cells=7 scans=2
RESULT turn=197 cell=10,5 result=MISS remaining_cells=7 active_clusters=0
turn=197 result=MISS
turn=198 picked cell=14,7 target_cluster=None active_clusters=0 remaining_cells=7 scans=2
RESULT turn=198 cell=14,7 result=MISS remaining_cells=7 active_clusters=0
turn=198 result=MISS
turn=199 picked cell=13,14 target_cluster=None active_clusters=0 remaining_cells=7 scans=2
RESULT turn=199 cell=13,14 result=MISS remaining_cells=7 active_clusters=0
turn=199 result=MISS
turn=200 picked cell=14,10 target_cluster=None active_clusters=0 remaining_cells=7 scans=2
RESULT turn=200 cell=14,10 result=MISS remaining_cells=7 active_clusters=0
turn=200 result=MISS
turn=201 picked cell=15,12 target_cluster=None active_clusters=0 remaining_cells=7 scans=2
RESULT turn=201 cell=15,12 result=MISS remaining_cells=7 active_clusters=0
turn=201 result=MISS
turn=202 picked cell=11,3 target_cluster=None active_clusters=0 remaining_cells=7 scans=2
RESULT turn=202 cell=11,3 result=MISS remaining_cells=7 active_clusters=0
turn=202 result=MISS
turn=203 picked cell=17,10 target_cluster=None active_clusters=0 remaining_cells=7 scans=2
RESULT turn=203 cell=17,10 result=MISS remaining_cells=7 active_clusters=0
turn=203 result=MISS
turn=204 picked cell=11,16 target_cluster=None active_clusters=0 remaining_cells=7 scans=2
RESULT turn=204 cell=11,16 result=MISS remaining_cells=7 active_clusters=0
turn=204 result=MISS
turn=205 picked cell=18,11 target_cluster=None active_clusters=0 remaining_cells=7 scans=2
RESULT turn=205 cell=18,11 result=MISS remaining_cells=7 active_clusters=0
turn=205 result=MISS
turn=206 picked cell=18,16 target_cluster=None active_clusters=0 remaining_cells=7 scans=2
RESULT turn=206 cell=18,16 result=HIT remaining_cells=7 active_clusters=0
turn=206 result=HIT
turn=207 mode=CHASE cluster=0 cluster_len=1 cell=19,16 score=100000.084324 chase_score=5001.084324 prob=0.084324
turn=207 picked cell=19,16 target_cluster=Some(0) active_clusters=1 remaining_cells=6 scans=2
RESULT turn=207 cell=19,16 result=MISS remaining_cells=6 active_clusters=1
turn=207 result=MISS
turn=208 mode=CHASE cluster=0 cluster_len=1 cell=18,17 score=100000.085603 chase_score=5001.085603 prob=0.085603
turn=208 picked cell=18,17 target_cluster=Some(0) active_clusters=1 remaining_cells=6 scans=2
RESULT turn=208 cell=18,17 result=HIT remaining_cells=6 active_clusters=1
turn=208 result=HIT
turn=209 mode=CHASE cluster=0 cluster_len=2 cell=18,15 score=200000.085603 chase_score=10000.085603 prob=0.085603
turn=209 picked cell=18,15 target_cluster=Some(0) active_clusters=1 remaining_cells=5 scans=2
RESULT turn=209 cell=18,15 result=KILL remaining_cells=5 active_clusters=1
turn=209 result=KILL
turn=209 kill_infer inferred_len=2 committed_hits=1 cluster_hits=2
turn=210 mode=CHASE cluster=0 cluster_len=1 cell=18,18 score=100000.051953 chase_score=5000.551953 prob=0.051953
turn=210 picked cell=18,18 target_cluster=Some(0) active_clusters=1 remaining_cells=4 scans=2
RESULT turn=210 cell=18,18 result=MISS remaining_cells=4 active_clusters=1
turn=210 result=MISS
turn=211 mode=CHASE cluster=0 cluster_len=1 cell=19,17 score=100000.042235 chase_score=5000.542235 prob=0.042235
turn=211 picked cell=19,17 target_cluster=Some(0) active_clusters=1 remaining_cells=4 scans=2
RESULT turn=211 cell=19,17 result=MISS remaining_cells=4 active_clusters=1
turn=211 result=MISS
turn=212 picked cell=8,8 target_cluster=None active_clusters=1 remaining_cells=4 scans=2
RESULT turn=212 cell=8,8 result=MISS remaining_cells=4 active_clusters=1
turn=212 result=MISS
turn=213 picked cell=5,8 target_cluster=None active_clusters=1 remaining_cells=4 scans=2
RESULT turn=213 cell=5,8 result=MISS remaining_cells=4 active_clusters=1
turn=213 result=MISS
turn=214 picked cell=5,3 target_cluster=None active_clusters=1 remaining_cells=4 scans=2
RESULT turn=214 cell=5,3 result=MISS remaining_cells=4 active_clusters=1
turn=214 result=MISS
turn=215 picked cell=9,1 target_cluster=None active_clusters=1 remaining_cells=4 scans=2
RESULT turn=215 cell=9,1 result=MISS remaining_cells=4 active_clusters=1
turn=215 result=MISS
turn=216 picked cell=6,9 target_cluster=None active_clusters=1 remaining_cells=4 scans=2
RESULT turn=216 cell=6,9 result=MISS remaining_cells=4 active_clusters=1
turn=216 result=MISS
turn=217 picked cell=6,2 target_cluster=None active_clusters=1 remaining_cells=4 scans=2
RESULT turn=217 cell=6,2 result=KILL remaining_cells=4 active_clusters=1
turn=217 result=KILL
turn=218 picked cell=8,7 target_cluster=None active_clusters=1 remaining_cells=3 scans=2
RESULT turn=218 cell=8,7 result=MISS remaining_cells=3 active_clusters=1
turn=218 result=MISS
turn=219 picked cell=6,5 target_cluster=None active_clusters=1 remaining_cells=3 scans=2
RESULT turn=219 cell=6,5 result=MISS remaining_cells=3 active_clusters=1
turn=219 result=MISS
turn=220 picked cell=3,4 target_cluster=None active_clusters=1 remaining_cells=3 scans=2
RESULT turn=220 cell=3,4 result=MISS remaining_cells=3 active_clusters=1
turn=220 result=MISS
turn=221 picked cell=2,9 target_cluster=None active_clusters=1 remaining_cells=3 scans=2
RESULT turn=221 cell=2,9 result=MISS remaining_cells=3 active_clusters=1
turn=221 result=MISS
turn=222 picked cell=4,7 target_cluster=None active_clusters=1 remaining_cells=3 scans=2
RESULT turn=222 cell=4,7 result=MISS remaining_cells=3 active_clusters=1
turn=222 result=MISS
turn=223 picked cell=8,1 target_cluster=None active_clusters=1 remaining_cells=3 scans=2
RESULT turn=223 cell=8,1 result=MISS remaining_cells=3 active_clusters=1
turn=223 result=MISS
turn=224 picked cell=2,7 target_cluster=None active_clusters=1 remaining_cells=3 scans=2
RESULT turn=224 cell=2,7 result=MISS remaining_cells=3 active_clusters=1
turn=224 result=MISS
turn=225 picked cell=4,1 target_cluster=None active_clusters=1 remaining_cells=3 scans=2
RESULT turn=225 cell=4,1 result=MISS remaining_cells=3 active_clusters=1
turn=225 result=MISS
turn=226 picked cell=2,5 target_cluster=None active_clusters=1 remaining_cells=3 scans=2
RESULT turn=226 cell=2,5 result=MISS remaining_cells=3 active_clusters=1
turn=226 result=MISS
turn=227 picked cell=0,5 target_cluster=None active_clusters=1 remaining_cells=3 scans=2
RESULT turn=227 cell=0,5 result=MISS remaining_cells=3 active_clusters=1
turn=227 result=MISS
turn=228 picked cell=2,3 target_cluster=None active_clusters=1 remaining_cells=3 scans=2
RESULT turn=228 cell=2,3 result=MISS remaining_cells=3 active_clusters=1
turn=228 result=MISS
turn=229 picked cell=9,0 target_cluster=None active_clusters=1 remaining_cells=3 scans=2
RESULT turn=229 cell=9,0 result=MISS remaining_cells=3 active_clusters=1
turn=229 result=MISS
turn=230 picked cell=16,4 target_cluster=None active_clusters=1 remaining_cells=3 scans=2
RESULT turn=230 cell=16,4 result=MISS remaining_cells=3 active_clusters=1
turn=230 result=MISS
turn=231 picked cell=16,5 target_cluster=None active_clusters=1 remaining_cells=3 scans=2
RESULT turn=231 cell=16,5 result=MISS remaining_cells=3 active_clusters=1
turn=231 result=MISS
turn=232 picked cell=13,2 target_cluster=None active_clusters=1 remaining_cells=3 scans=2
RESULT turn=232 cell=13,2 result=MISS remaining_cells=3 active_clusters=1
turn=232 result=MISS
turn=233 picked cell=14,3 target_cluster=None active_clusters=1 remaining_cells=3 scans=2
RESULT turn=233 cell=14,3 result=MISS remaining_cells=3 active_clusters=1
turn=233 result=MISS
turn=234 picked cell=17,6 target_cluster=None active_clusters=1 remaining_cells=3 scans=2
RESULT turn=234 cell=17,6 result=MISS remaining_cells=3 active_clusters=1
turn=234 result=MISS
turn=235 picked cell=0,9 target_cluster=None active_clusters=1 remaining_cells=3 scans=2
RESULT turn=235 cell=0,9 result=MISS remaining_cells=3 active_clusters=1
turn=235 result=MISS
turn=236 picked cell=4,3 target_cluster=None active_clusters=1 remaining_cells=3 scans=2
RESULT turn=236 cell=4,3 result=MISS remaining_cells=3 active_clusters=1
turn=236 result=MISS
turn=237 picked cell=7,2 target_cluster=None active_clusters=1 remaining_cells=3 scans=2
RESULT turn=237 cell=7,2 result=MISS remaining_cells=3 active_clusters=1
turn=237 result=MISS
turn=238 picked cell=5,2 target_cluster=None active_clusters=1 remaining_cells=3 scans=2
RESULT turn=238 cell=5,2 result=KILL remaining_cells=3 active_clusters=1
turn=238 result=KILL
turn=239 picked cell=17,0 target_cluster=None active_clusters=1 remaining_cells=2 scans=2
RESULT turn=239 cell=17,0 result=MISS remaining_cells=2 active_clusters=1
turn=239 result=MISS
turn=240 picked cell=5,11 target_cluster=None active_clusters=1 remaining_cells=2 scans=2
RESULT turn=240 cell=5,11 result=MISS remaining_cells=2 active_clusters=1
turn=240 result=MISS
turn=241 picked cell=4,12 target_cluster=None active_clusters=1 remaining_cells=2 scans=2
RESULT turn=241 cell=4,12 result=MISS remaining_cells=2 active_clusters=1
turn=241 result=MISS
turn=242 picked cell=5,17 target_cluster=None active_clusters=1 remaining_cells=2 scans=2
RESULT turn=242 cell=5,17 result=MISS remaining_cells=2 active_clusters=1
turn=242 result=MISS
turn=243 picked cell=4,16 target_cluster=None active_clusters=1 remaining_cells=2 scans=2
RESULT turn=243 cell=4,16 result=MISS remaining_cells=2 active_clusters=1
turn=243 result=MISS
turn=244 picked cell=0,14 target_cluster=None active_clusters=1 remaining_cells=2 scans=2
RESULT turn=244 cell=0,14 result=MISS remaining_cells=2 active_clusters=1
turn=244 result=MISS
turn=245 picked cell=0,12 target_cluster=None active_clusters=1 remaining_cells=2 scans=2
RESULT turn=245 cell=0,12 result=MISS remaining_cells=2 active_clusters=1
turn=245 result=MISS
turn=246 picked cell=1,13 target_cluster=None active_clusters=1 remaining_cells=2 scans=2
RESULT turn=246 cell=1,13 result=MISS remaining_cells=2 active_clusters=1
turn=246 result=MISS
turn=247 picked cell=2,16 target_cluster=None active_clusters=1 remaining_cells=2 scans=2
RESULT turn=247 cell=2,16 result=MISS remaining_cells=2 active_clusters=1
turn=247 result=MISS
turn=248 picked cell=3,17 target_cluster=None active_clusters=1 remaining_cells=2 scans=2
RESULT turn=248 cell=3,17 result=MISS remaining_cells=2 active_clusters=1
turn=248 result=MISS
turn=249 picked cell=1,15 target_cluster=None active_clusters=1 remaining_cells=2 scans=2
RESULT turn=249 cell=1,15 result=MISS remaining_cells=2 active_clusters=1
turn=249 result=MISS
turn=250 picked cell=1,18 target_cluster=None active_clusters=1 remaining_cells=2 scans=2
RESULT turn=250 cell=1,18 result=MISS remaining_cells=2 active_clusters=1
turn=250 result=MISS
turn=251 picked cell=13,19 target_cluster=None active_clusters=1 remaining_cells=2 scans=2
RESULT turn=251 cell=13,19 result=MISS remaining_cells=2 active_clusters=1
turn=251 result=MISS
turn=252 picked cell=8,11 target_cluster=None active_clusters=1 remaining_cells=2 scans=2
RESULT turn=252 cell=8,11 result=MISS remaining_cells=2 active_clusters=1
turn=252 result=MISS
turn=253 picked cell=6,11 target_cluster=None active_clusters=1 remaining_cells=2 scans=2
RESULT turn=253 cell=6,11 result=MISS remaining_cells=2 active_clusters=1
turn=253 result=MISS
turn=254 picked cell=3,10 target_cluster=None active_clusters=1 remaining_cells=2 scans=2
RESULT turn=254 cell=3,10 result=MISS remaining_cells=2 active_clusters=1
turn=254 result=MISS
turn=255 picked cell=8,19 target_cluster=None active_clusters=1 remaining_cells=2 scans=2
RESULT turn=255 cell=8,19 result=MISS remaining_cells=2 active_clusters=1
turn=255 result=MISS
turn=256 picked cell=3,14 target_cluster=None active_clusters=1 remaining_cells=2 scans=2
RESULT turn=256 cell=3,14 result=MISS remaining_cells=2 active_clusters=1
turn=256 result=MISS
turn=257 picked cell=4,19 target_cluster=None active_clusters=1 remaining_cells=2 scans=2
RESULT turn=257 cell=4,19 result=MISS remaining_cells=2 active_clusters=1
turn=257 result=MISS
turn=258 picked cell=2,19 target_cluster=None active_clusters=1 remaining_cells=2 scans=2
RESULT turn=258 cell=2,19 result=MISS remaining_cells=2 active_clusters=1
turn=258 result=MISS
turn=259 picked cell=0,19 target_cluster=None active_clusters=1 remaining_cells=2 scans=2
RESULT turn=259 cell=0,19 result=MISS remaining_cells=2 active_clusters=1
turn=259 result=MISS
turn=260 picked cell=12,3 target_cluster=None active_clusters=1 remaining_cells=2 scans=2
RESULT turn=260 cell=12,3 result=MISS remaining_cells=2 active_clusters=1
turn=260 result=MISS
turn=261 picked cell=19,6 target_cluster=None active_clusters=1 remaining_cells=2 scans=2
RESULT turn=261 cell=19,6 result=MISS remaining_cells=2 active_clusters=1
turn=261 result=MISS
turn=262 picked cell=15,4 target_cluster=None active_clusters=1 remaining_cells=2 scans=2
RESULT turn=262 cell=15,4 result=MISS remaining_cells=2 active_clusters=1
turn=262 result=MISS
turn=263 picked cell=16,3 target_cluster=None active_clusters=1 remaining_cells=2 scans=2
RESULT turn=263 cell=16,3 result=MISS remaining_cells=2 active_clusters=1
turn=263 result=MISS
turn=264 picked cell=15,2 target_cluster=None active_clusters=1 remaining_cells=2 scans=2
RESULT turn=264 cell=15,2 result=MISS remaining_cells=2 active_clusters=1
turn=264 result=MISS
turn=265 picked cell=17,4 target_cluster=None active_clusters=1 remaining_cells=2 scans=2
RESULT turn=265 cell=17,4 result=MISS remaining_cells=2 active_clusters=1
turn=265 result=MISS
turn=266 picked cell=14,0 target_cluster=None active_clusters=1 remaining_cells=2 scans=2
RESULT turn=266 cell=14,0 result=MISS remaining_cells=2 active_clusters=1
turn=266 result=MISS
turn=267 picked cell=19,4 target_cluster=None active_clusters=1 remaining_cells=2 scans=2
RESULT turn=267 cell=19,4 result=MISS remaining_cells=2 active_clusters=1
turn=267 result=MISS
turn=268 picked cell=19,2 target_cluster=None active_clusters=1 remaining_cells=2 scans=2
RESULT turn=268 cell=19,2 result=MISS remaining_cells=2 active_clusters=1
turn=268 result=MISS
turn=269 picked cell=19,0 target_cluster=None active_clusters=1 remaining_cells=2 scans=2
RESULT turn=269 cell=19,0 result=MISS remaining_cells=2 active_clusters=1
turn=269 result=MISS
turn=270 picked cell=16,13 target_cluster=None active_clusters=1 remaining_cells=2 scans=2
RESULT turn=270 cell=16,13 result=MISS remaining_cells=2 active_clusters=1
turn=270 result=MISS
turn=271 picked cell=18,13 target_cluster=None active_clusters=1 remaining_cells=2 scans=2
RESULT turn=271 cell=18,13 result=MISS remaining_cells=2 active_clusters=1
turn=271 result=MISS
turn=272 picked cell=14,18 target_cluster=None active_clusters=1 remaining_cells=2 scans=2
RESULT turn=272 cell=14,18 result=MISS remaining_cells=2 active_clusters=1
turn=272 result=MISS
turn=273 picked cell=19,12 target_cluster=None active_clusters=1 remaining_cells=2 scans=2
RESULT turn=273 cell=19,12 result=MISS remaining_cells=2 active_clusters=1
turn=273 result=MISS
turn=274 picked cell=15,19 target_cluster=None active_clusters=1 remaining_cells=2 scans=2
RESULT turn=274 cell=15,19 result=MISS remaining_cells=2 active_clusters=1
turn=274 result=MISS
turn=275 picked cell=16,17 target_cluster=None active_clusters=1 remaining_cells=2 scans=2
RESULT turn=275 cell=16,17 result=MISS remaining_cells=2 active_clusters=1
turn=275 result=MISS
turn=276 picked cell=19,19 target_cluster=None active_clusters=1 remaining_cells=2 scans=2
RESULT turn=276 cell=19,19 result=MISS remaining_cells=2 active_clusters=1
turn=276 result=MISS
turn=277 picked cell=3,2 target_cluster=None active_clusters=1 remaining_cells=2 scans=2
RESULT turn=277 cell=3,2 result=MISS remaining_cells=2 active_clusters=1
turn=277 result=MISS
turn=278 picked cell=11,2 target_cluster=None active_clusters=1 remaining_cells=2 scans=2
RESULT turn=278 cell=11,2 result=MISS remaining_cells=2 active_clusters=1
turn=278 result=MISS
turn=279 picked cell=10,0 target_cluster=None active_clusters=1 remaining_cells=2 scans=2
RESULT turn=279 cell=10,0 result=MISS remaining_cells=2 active_clusters=1
turn=279 result=MISS
turn=280 picked cell=15,0 target_cluster=None active_clusters=1 remaining_cells=2 scans=2
RESULT turn=280 cell=15,0 result=KILL remaining_cells=2 active_clusters=1
turn=280 result=KILL
turn=281 picked cell=8,14 target_cluster=None active_clusters=1 remaining_cells=1 scans=2
RESULT turn=281 cell=8,14 result=MISS remaining_cells=1 active_clusters=1
turn=281 result=MISS
turn=282 picked cell=7,16 target_cluster=None active_clusters=1 remaining_cells=1 scans=2
RESULT turn=282 cell=7,16 result=MISS remaining_cells=1 active_clusters=1
turn=282 result=MISS
turn=283 picked cell=6,12 target_cluster=None active_clusters=1 remaining_cells=1 scans=2
RESULT turn=283 cell=6,12 result=MISS remaining_cells=1 active_clusters=1
turn=283 result=MISS
turn=284 picked cell=4,10 target_cluster=None active_clusters=1 remaining_cells=1 scans=2
RESULT turn=284 cell=4,10 result=MISS remaining_cells=1 active_clusters=1
turn=284 result=MISS
turn=285 picked cell=3,13 target_cluster=None active_clusters=1 remaining_cells=1 scans=2
RESULT turn=285 cell=3,13 result=MISS remaining_cells=1 active_clusters=1
turn=285 result=MISS
turn=286 picked cell=5,14 target_cluster=None active_clusters=1 remaining_cells=1 scans=2
RESULT turn=286 cell=5,14 result=MISS remaining_cells=1 active_clusters=1
turn=286 result=MISS
turn=287 picked cell=0,15 target_cluster=None active_clusters=1 remaining_cells=1 scans=2
RESULT turn=287 cell=0,15 result=MISS remaining_cells=1 active_clusters=1
turn=287 result=MISS
turn=288 picked cell=1,17 target_cluster=None active_clusters=1 remaining_cells=1 scans=2
RESULT turn=288 cell=1,17 result=MISS remaining_cells=1 active_clusters=1
turn=288 result=MISS
turn=289 picked cell=14,14 target_cluster=None active_clusters=1 remaining_cells=1 scans=2
RESULT turn=289 cell=14,14 result=MISS remaining_cells=1 active_clusters=1
turn=289 result=MISS
turn=290 picked cell=13,16 target_cluster=None active_clusters=1 remaining_cells=1 scans=2
RESULT turn=290 cell=13,16 result=MISS remaining_cells=1 active_clusters=1
turn=290 result=MISS
turn=291 picked cell=11,19 target_cluster=None active_clusters=1 remaining_cells=1 scans=2
RESULT turn=291 cell=11,19 result=MISS remaining_cells=1 active_clusters=1
turn=291 result=MISS
turn=292 picked cell=16,18 target_cluster=None active_clusters=1 remaining_cells=1 scans=2
RESULT turn=292 cell=16,18 result=MISS remaining_cells=1 active_clusters=1
turn=292 result=MISS
turn=293 picked cell=11,10 target_cluster=None active_clusters=1 remaining_cells=1 scans=2
RESULT turn=293 cell=11,10 result=MISS remaining_cells=1 active_clusters=1
turn=293 result=MISS
turn=294 picked cell=9,8 target_cluster=None active_clusters=1 remaining_cells=1 scans=2
RESULT turn=294 cell=9,8 result=MISS remaining_cells=1 active_clusters=1
turn=294 result=MISS
turn=295 picked cell=8,10 target_cluster=None active_clusters=1 remaining_cells=1 scans=2
RESULT turn=295 cell=8,10 result=MISS remaining_cells=1 active_clusters=1
turn=295 result=MISS
turn=296 picked cell=6,10 target_cluster=None active_clusters=1 remaining_cells=1 scans=2
RESULT turn=296 cell=6,10 result=MISS remaining_cells=1 active_clusters=1
turn=296 result=MISS
turn=297 picked cell=10,11 target_cluster=None active_clusters=1 remaining_cells=1 scans=2
RESULT turn=297 cell=10,11 result=MISS remaining_cells=1 active_clusters=1
turn=297 result=MISS
turn=298 picked cell=10,6 target_cluster=None active_clusters=1 remaining_cells=1 scans=2
RESULT turn=298 cell=10,6 result=MISS remaining_cells=1 active_clusters=1
turn=298 result=MISS
turn=299 picked cell=14,9 target_cluster=None active_clusters=1 remaining_cells=1 scans=2
RESULT turn=299 cell=14,9 result=MISS remaining_cells=1 active_clusters=1
turn=299 result=MISS
turn=300 picked cell=11,7 target_cluster=None active_clusters=1 remaining_cells=1 scans=2
RESULT turn=300 cell=11,7 result=MISS remaining_cells=1 active_clusters=1
turn=300 result=MISS
turn=301 picked cell=13,11 target_cluster=None active_clusters=1 remaining_cells=1 scans=2
RESULT turn=301 cell=13,11 result=MISS remaining_cells=1 active_clusters=1
turn=301 result=MISS
turn=302 picked cell=6,8 target_cluster=None active_clusters=1 remaining_cells=1 scans=2
RESULT turn=302 cell=6,8 result=MISS remaining_cells=1 active_clusters=1
turn=302 result=MISS
turn=303 picked cell=5,9 target_cluster=None active_clusters=1 remaining_cells=1 scans=2
RESULT turn=303 cell=5,9 result=MISS remaining_cells=1 active_clusters=1
turn=303 result=MISS
turn=304 picked cell=11,13 target_cluster=None active_clusters=1 remaining_cells=1 scans=2
RESULT turn=304 cell=11,13 result=MISS remaining_cells=1 active_clusters=1
turn=304 result=MISS
turn=305 picked cell=8,12 target_cluster=None active_clusters=1 remaining_cells=1 scans=2
RESULT turn=305 cell=8,12 result=KILL remaining_cells=1 active_clusters=1
turn=305 result=KILL
