GAME n=19 p=0.263660 remaining_cells=74 remaining=[0, 2, 4, 2, 5, 2, 2, 1, 0, 1]
turn=1 mode=SCAN region=0,0,8,18
turn=1 result=SCAN count=26
turn=2 mode=SCAN region=0,0,18,8
turn=2 result=SCAN count=47
turn=3 picked cell=10,6 target_cluster=None active_clusters=0 remaining_cells=74 scans=2
RESULT turn=3 cell=10,6 result=MISS remaining_cells=74 active_clusters=0
turn=3 result=MISS
turn=4 picked cell=11,7 target_cluster=None active_clusters=0 remaining_cells=74 scans=2
RESULT turn=4 cell=11,7 result=MISS remaining_cells=74 active_clusters=0
turn=4 result=MISS
turn=5 picked cell=12,8 target_cluster=None active_clusters=0 remaining_cells=74 scans=2
RESULT turn=5 cell=12,8 result=MISS remaining_cells=74 active_clusters=0
turn=5 result=MISS
turn=6 picked cell=9,5 target_cluster=None active_clusters=0 remaining_cells=74 scans=2
RESULT turn=6 cell=9,5 result=MISS remaining_cells=74 active_clusters=0
turn=6 result=MISS
turn=7 picked cell=13,4 target_cluster=None active_clusters=0 remaining_cells=74 scans=2
RESULT turn=7 cell=13,4 result=HIT remaining_cells=74 active_clusters=0
turn=7 result=HIT
turn=8 mode=CHASE cluster=0 cluster_len=1 cell=12,4 score=100001.138869 chase_score=5070.138869 prob=1.138869
turn=8 picked cell=12,4 target_cluster=Some(0) active_clusters=1 remaining_cells=73 scans=2
RESULT turn=8 cell=12,4 result=HIT remaining_cells=73 active_clusters=1
turn=8 result=HIT
turn=9 mode=CHASE cluster=0 cluster_len=2 cell=11,4 score=200001.062127 chase_score=10214.062127 prob=1.062127
turn=9 picked cell=11,4 target_cluster=Some(0) active_clusters=1 remaining_cells=72 scans=2
RESULT turn=9 cell=11,4 result=HIT remaining_cells=72 active_clusters=1
turn=9 result=HIT
turn=10 mode=CHASE cluster=0 cluster_len=3 cell=10,4 score=300000.974224 chase_score=10158.974224 prob=0.974224
turn=10 picked cell=10,4 target_cluster=Some(0) active_clusters=1 remaining_cells=71 scans=2
RESULT turn=10 cell=10,4 result=MISS remaining_cells=71 active_clusters=1
turn=10 result=MISS
turn=11 mode=CHASE cluster=0 cluster_len=3 cell=14,4 score=300001.054759 chase_score=10050.054759 prob=1.054759
turn=11 picked cell=14,4 target_cluster=Some(0) active_clusters=1 remaining_cells=71 scans=2
RESULT turn=11 cell=14,4 result=MISS remaining_cells=71 active_clusters=1
turn=11 result=MISS
turn=12 mode=CHASE cluster=0 cluster_len=3 cell=13,3 score=300001.285053 chase_score=5001.285053 prob=1.285053
turn=12 picked cell=13,3 target_cluster=Some(0) active_clusters=1 remaining_cells=71 scans=2
RESULT turn=12 cell=13,3 result=HIT remaining_cells=71 active_clusters=1
turn=12 result=HIT
turn=13 mode=CHASE cluster=0 cluster_len=4 cell=13,5 score=400001.200157 chase_score=5001.200157 prob=1.200157
turn=13 picked cell=13,5 target_cluster=Some(0) active_clusters=1 remaining_cells=70 scans=2
RESULT turn=13 cell=13,5 result=HIT remaining_cells=70 active_clusters=1
turn=13 result=HIT
turn=14 mode=CHASE cluster=0 cluster_len=5 cell=12,3 score=500001.174279 chase_score=5001.174279 prob=1.174279
turn=14 picked cell=12,3 target_cluster=Some(0) active_clusters=1 remaining_cells=69 scans=2
RESULT turn=14 cell=12,3 result=MISS remaining_cells=69 active_clusters=1
turn=14 result=MISS
turn=15 mode=CHASE cluster=0 cluster_len=5 cell=13,2 score=500001.180921 chase_score=5001.180921 prob=1.180921
turn=15 picked cell=13,2 target_cluster=Some(0) active_clusters=1 remaining_cells=69 scans=2
RESULT turn=15 cell=13,2 result=HIT remaining_cells=69 active_clusters=1
turn=15 result=HIT
turn=16 mode=CHASE cluster=0 cluster_len=6 cell=13,6 score=600001.133989 chase_score=5001.133989 prob=1.133989
turn=16 picked cell=13,6 target_cluster=Some(0) active_clusters=1 remaining_cells=68 scans=2
RESULT turn=16 cell=13,6 result=HIT remaining_cells=68 active_clusters=1
turn=16 result=HIT
turn=17 mode=CHASE cluster=0 cluster_len=7 cell=13,1 score=700001.042019 chase_score=5001.042019 prob=1.042019
turn=17 picked cell=13,1 target_cluster=Some(0) active_clusters=1 remaining_cells=67 scans=2
RESULT turn=17 cell=13,1 result=HIT remaining_cells=67 active_clusters=1
turn=17 result=HIT
turn=18 mode=CHASE cluster=0 cluster_len=8 cell=13,7 score=800001.042019 chase_score=5001.042019 prob=1.042019
turn=18 picked cell=13,7 target_cluster=Some(0) active_clusters=1 remaining_cells=66 scans=2
RESULT turn=18 cell=13,7 result=MISS remaining_cells=66 active_clusters=1
turn=18 result=MISS
turn=19 mode=CHASE cluster=0 cluster_len=8 cell=13,0 score=800000.879346 chase_score=5000.879346 prob=0.879346
turn=19 picked cell=13,0 target_cluster=Some(0) active_clusters=1 remaining_cells=66 scans=2
RESULT turn=19 cell=13,0 result=KILL remaining_cells=66 active_clusters=1
turn=19 result=KILL
turn=19 kill_infer inferred_len=7 committed_hits=6 cluster_hits=8
turn=20 mode=CHASE cluster=0 cluster_len=2 cell=11,3 score=200000.516655 chase_score=5000.516655 prob=0.516655
turn=20 picked cell=11,3 target_cluster=Some(0) active_clusters=1 remaining_cells=65 scans=2
RESULT turn=20 cell=11,3 result=HIT remaining_cells=65 active_clusters=1
turn=20 result=HIT
turn=21 mode=CHASE cluster=0 cluster_len=3 cell=11,2 score=300000.620564 chase_score=5000.620564 prob=0.620564
turn=21 picked cell=11,2 target_cluster=Some(0) active_clusters=1 remaining_cells=64 scans=2
RESULT turn=21 cell=11,2 result=HIT remaining_cells=64 active_clusters=1
turn=21 result=HIT
turn=22 mode=CHASE cluster=0 cluster_len=4 cell=11,1 score=400000.543290 chase_score=5000.543290 prob=0.543290
turn=22 picked cell=11,1 target_cluster=Some(0) active_clusters=1 remaining_cells=63 scans=2
RESULT turn=22 cell=11,1 result=HIT remaining_cells=63 active_clusters=1
turn=22 result=HIT
turn=23 mode=CHASE cluster=0 cluster_len=5 cell=10,2 score=500000.530149 chase_score=5000.530149 prob=0.530149
turn=23 picked cell=10,2 target_cluster=Some(0) active_clusters=1 remaining_cells=62 scans=2
RESULT turn=23 cell=10,2 result=MISS remaining_cells=62 active_clusters=1
turn=23 result=MISS
turn=24 mode=CHASE cluster=0 cluster_len=5 cell=10,1 score=500000.450807 chase_score=5000.450807 prob=0.450807
turn=24 picked cell=10,1 target_cluster=Some(0) active_clusters=1 remaining_cells=62 scans=2
RESULT turn=24 cell=10,1 result=HIT remaining_cells=62 active_clusters=1
turn=24 result=HIT
turn=25 mode=CHASE cluster=0 cluster_len=6 cell=9,1 score=600000.719385 chase_score=5000.719385 prob=0.719385
turn=25 picked cell=9,1 target_cluster=Some(0) active_clusters=1 remaining_cells=61 scans=2
RESULT turn=25 cell=9,1 result=HIT remaining_cells=61 active_clusters=1
turn=25 result=HIT
turn=26 mode=CHASE cluster=0 cluster_len=7 cell=8,1 score=700000.926434 chase_score=5000.926434 prob=0.926434
turn=26 picked cell=8,1 target_cluster=Some(0) active_clusters=1 remaining_cells=60 scans=2
RESULT turn=26 cell=8,1 result=HIT remaining_cells=60 active_clusters=1
turn=26 result=HIT
turn=27 mode=CHASE cluster=0 cluster_len=8 cell=7,1 score=800000.954936 chase_score=5000.954936 prob=0.954936
turn=27 picked cell=7,1 target_cluster=Some(0) active_clusters=1 remaining_cells=59 scans=2
RESULT turn=27 cell=7,1 result=HIT remaining_cells=59 active_clusters=1
turn=27 result=HIT
turn=28 mode=CHASE cluster=0 cluster_len=9 cell=6,1 score=900000.954936 chase_score=5000.954936 prob=0.954936
turn=28 picked cell=6,1 target_cluster=Some(0) active_clusters=1 remaining_cells=58 scans=2
RESULT turn=28 cell=6,1 result=KILL remaining_cells=58 active_clusters=1
turn=28 result=KILL
turn=28 kill_infer inferred_len=6 committed_hits=5 cluster_hits=9
turn=29 mode=CHASE cluster=0 cluster_len=4 cell=10,3 score=400000.284168 chase_score=5000.284168 prob=0.284168
turn=29 picked cell=10,3 target_cluster=Some(0) active_clusters=1 remaining_cells=57 scans=2
RESULT turn=29 cell=10,3 result=MISS remaining_cells=57 active_clusters=1
turn=29 result=MISS
turn=30 mode=CHASE cluster=0 cluster_len=4 cell=11,5 score=400000.225004 chase_score=5000.225004 prob=0.225004
turn=30 picked cell=11,5 target_cluster=Some(0) active_clusters=1 remaining_cells=57 scans=2
RESULT turn=30 cell=11,5 result=KILL remaining_cells=57 active_clusters=1
turn=30 result=KILL
turn=30 kill_infer inferred_len=4 committed_hits=3 cluster_hits=4
turn=31 mode=CHASE cluster=0 cluster_len=1 cell=12,5 score=100000.103370 chase_score=5007.603370 prob=0.103370
turn=31 picked cell=12,5 target_cluster=Some(0) active_clusters=1 remaining_cells=56 scans=2
RESULT turn=31 cell=12,5 result=KILL remaining_cells=56 active_clusters=1
turn=31 result=KILL
turn=31 kill_infer inferred_len=2 committed_hits=1 cluster_hits=1
turn=32 picked cell=16,8 target_cluster=None active_clusters=0 remaining_cells=55 scans=2
RESULT turn=32 cell=16,8 result=MISS remaining_cells=55 active_clusters=0
turn=32 result=MISS
turn=33 picked cell=9,11 target_cluster=None active_clusters=0 remaining_cells=55 scans=2
RESULT turn=33 cell=9,11 result=MISS remaining_cells=55 active_clusters=0
turn=33 result=MISS
turn=34 picked cell=15,9 target_cluster=None active_clusters=0 remaining_cells=55 scans=2
RESULT turn=34 cell=15,9 result=HIT remaining_cells=55 active_clusters=0
turn=34 result=HIT
turn=35 mode=CHASE cluster=0 cluster_len=1 cell=15,10 score=100001.200885 chase_score=5053.200885 prob=1.200885
turn=35 picked cell=15,10 target_cluster=Some(0) active_clusters=1 remaining_cells=54 scans=2
RESULT turn=35 cell=15,10 result=HIT remaining_cells=54 active_clusters=1
turn=35 result=HIT
turn=36 mode=CHASE cluster=0 cluster_len=2 cell=15,11 score=200001.085771 chase_score=10156.085771 prob=1.085771
turn=36 picked cell=15,11 target_cluster=Some(0) active_clusters=1 remaining_cells=53 scans=2
RESULT turn=36 cell=15,11 result=HIT remaining_cells=53 active_clusters=1
turn=36 result=HIT
turn=37 mode=CHASE cluster=0 cluster_len=3 cell=15,12 score=300001.143328 chase_score=10109.143328 prob=1.143328
turn=37 picked cell=15,12 target_cluster=Some(0) active_clusters=1 remaining_cells=52 scans=2
RESULT turn=37 cell=15,12 result=KILL remaining_cells=52 active_clusters=1
turn=37 result=KILL
turn=37 kill_infer inferred_len=4 committed_hits=3 cluster_hits=3
turn=38 picked cell=5,8 target_cluster=None active_clusters=0 remaining_cells=51 scans=2
RESULT turn=38 cell=5,8 result=MISS remaining_cells=51 active_clusters=0
turn=38 result=MISS
turn=39 picked cell=4,7 target_cluster=None active_clusters=0 remaining_cells=51 scans=2
RESULT turn=39 cell=4,7 result=MISS remaining_cells=51 active_clusters=0
turn=39 result=MISS
turn=40 picked cell=3,6 target_cluster=None active_clusters=0 remaining_cells=51 scans=2
RESULT turn=40 cell=3,6 result=MISS remaining_cells=51 active_clusters=0
turn=40 result=MISS
turn=41 picked cell=17,7 target_cluster=None active_clusters=0 remaining_cells=51 scans=2
RESULT turn=41 cell=17,7 result=MISS remaining_cells=51 active_clusters=0
turn=41 result=MISS
turn=42 picked cell=10,13 target_cluster=None active_clusters=0 remaining_cells=51 scans=2
RESULT turn=42 cell=10,13 result=MISS remaining_cells=51 active_clusters=0
turn=42 result=MISS
turn=43 picked cell=11,14 target_cluster=None active_clusters=0 remaining_cells=51 scans=2
RESULT turn=43 cell=11,14 result=HIT remaining_cells=51 active_clusters=0
turn=43 result=HIT
turn=44 mode=CHASE cluster=0 cluster_len=1 cell=10,14 score=100000.946735 chase_score=5049.946735 prob=0.946735
turn=44 picked cell=10,14 target_cluster=Some(0) active_clusters=1 remaining_cells=50 scans=2
RESULT turn=44 cell=10,14 result=MISS remaining_cells=50 active_clusters=1
turn=44 result=MISS
turn=45 mode=CHASE cluster=0 cluster_len=1 cell=11,13 score=100000.753546 chase_score=5038.503546 prob=0.753546
turn=45 picked cell=11,13 target_cluster=Some(0) active_clusters=1 remaining_cells=50 scans=2
RESULT turn=45 cell=11,13 result=HIT remaining_cells=50 active_clusters=1
turn=45 result=HIT
turn=46 mode=CHASE cluster=0 cluster_len=2 cell=11,15 score=200001.387656 chase_score=10112.387656 prob=1.387656
turn=46 picked cell=11,15 target_cluster=Some(0) active_clusters=1 remaining_cells=49 scans=2
RESULT turn=46 cell=11,15 result=HIT remaining_cells=49 active_clusters=1
turn=46 result=HIT
turn=47 mode=CHASE cluster=0 cluster_len=3 cell=11,16 score=300001.300517 chase_score=10078.300517 prob=1.300517
turn=47 picked cell=11,16 target_cluster=Some(0) active_clusters=1 remaining_cells=48 scans=2
RESULT turn=47 cell=11,16 result=HIT remaining_cells=48 active_clusters=1
turn=47 result=HIT
turn=48 mode=CHASE cluster=0 cluster_len=4 cell=11,12 score=400001.205529 chase_score=10050.205529 prob=1.205529
turn=48 picked cell=11,12 target_cluster=Some(0) active_clusters=1 remaining_cells=47 scans=2
RESULT turn=48 cell=11,12 result=HIT remaining_cells=47 active_clusters=1
turn=48 result=HIT
turn=49 mode=CHASE cluster=0 cluster_len=5 cell=11,11 score=500000.728863 chase_score=10033.728863 prob=0.728863
turn=49 picked cell=11,11 target_cluster=Some(0) active_clusters=1 remaining_cells=46 scans=2
RESULT turn=49 cell=11,11 result=HIT remaining_cells=46 active_clusters=1
turn=49 result=HIT
turn=50 mode=CHASE cluster=0 cluster_len=6 cell=11,10 score=600001.066590 chase_score=10028.066590 prob=1.066590
turn=50 picked cell=11,10 target_cluster=Some(0) active_clusters=1 remaining_cells=45 scans=2
RESULT turn=50 cell=11,10 result=HIT remaining_cells=45 active_clusters=1
turn=50 result=HIT
turn=51 mode=CHASE cluster=0 cluster_len=7 cell=11,17 score=700001.156280 chase_score=10019.156280 prob=1.156280
turn=51 picked cell=11,17 target_cluster=Some(0) active_clusters=1 remaining_cells=44 scans=2
RESULT turn=51 cell=11,17 result=HIT remaining_cells=44 active_clusters=1
turn=51 result=HIT
turn=52 mode=CHASE cluster=0 cluster_len=8 cell=11,18 score=800000.996172 chase_score=10009.996172 prob=0.996172
turn=52 picked cell=11,18 target_cluster=Some(0) active_clusters=1 remaining_cells=43 scans=2
RESULT turn=52 cell=11,18 result=KILL remaining_cells=43 active_clusters=1
turn=52 result=KILL
turn=52 kill_infer inferred_len=9 committed_hits=8 cluster_hits=8
turn=53 picked cell=5,4 target_cluster=None active_clusters=0 remaining_cells=42 scans=2
RESULT turn=53 cell=5,4 result=HIT remaining_cells=42 active_clusters=0
turn=53 result=HIT
turn=54 mode=CHASE cluster=0 cluster_len=1 cell=4,4 score=100000.774631 chase_score=5031.774631 prob=0.774631
turn=54 picked cell=4,4 target_cluster=Some(0) active_clusters=1 remaining_cells=41 scans=2
RESULT turn=54 cell=4,4 result=MISS remaining_cells=41 active_clusters=1
turn=54 result=MISS
turn=55 mode=CHASE cluster=0 cluster_len=1 cell=5,3 score=100000.877163 chase_score=5028.877163 prob=0.877163
turn=55 picked cell=5,3 target_cluster=Some(0) active_clusters=1 remaining_cells=41 scans=2
RESULT turn=55 cell=5,3 result=MISS remaining_cells=41 active_clusters=1
turn=55 result=MISS
turn=56 mode=CHASE cluster=0 cluster_len=1 cell=6,4 score=100000.513805 chase_score=5009.013805 prob=0.513805
turn=56 picked cell=6,4 target_cluster=Some(0) active_clusters=1 remaining_cells=41 scans=2
RESULT turn=56 cell=6,4 result=MISS remaining_cells=41 active_clusters=1
turn=56 result=MISS
turn=57 mode=CHASE cluster=0 cluster_len=1 cell=5,5 score=100000.541811 chase_score=5006.541811 prob=0.541811
turn=57 picked cell=5,5 target_cluster=Some(0) active_clusters=1 remaining_cells=41 scans=2
RESULT turn=57 cell=5,5 result=KILL remaining_cells=41 active_clusters=1
turn=57 result=KILL
turn=57 kill_infer inferred_len=2 committed_hits=1 cluster_hits=1
turn=58 picked cell=8,7 target_cluster=None active_clusters=0 remaining_cells=40 scans=2
RESULT turn=58 cell=8,7 result=MISS remaining_cells=40 active_clusters=0
turn=58 result=MISS
turn=59 picked cell=7,6 target_cluster=None active_clusters=0 remaining_cells=40 scans=2
RESULT turn=59 cell=7,6 result=HIT remaining_cells=40 active_clusters=0
turn=59 result=HIT
turn=60 mode=CHASE cluster=0 cluster_len=1 cell=7,7 score=100000.558265 chase_score=5031.058265 prob=0.558265
turn=60 picked cell=7,7 target_cluster=Some(0) active_clusters=1 remaining_cells=39 scans=2
RESULT turn=60 cell=7,7 result=HIT remaining_cells=39 active_clusters=1
turn=60 result=HIT
turn=61 mode=CHASE cluster=0 cluster_len=2 cell=7,8 score=200000.748588 chase_score=10084.748588 prob=0.748588
turn=61 picked cell=7,8 target_cluster=Some(0) active_clusters=1 remaining_cells=38 scans=2
RESULT turn=61 cell=7,8 result=MISS remaining_cells=38 active_clusters=1
turn=61 result=MISS
turn=62 mode=CHASE cluster=0 cluster_len=2 cell=7,5 score=200000.323879 chase_score=10034.323879 prob=0.323879
turn=62 picked cell=7,5 target_cluster=Some(0) active_clusters=1 remaining_cells=38 scans=2
RESULT turn=62 cell=7,5 result=HIT remaining_cells=38 active_clusters=1
turn=62 result=HIT
turn=63 mode=CHASE cluster=0 cluster_len=3 cell=7,4 score=300000.313329 chase_score=10028.313329 prob=0.313329
turn=63 picked cell=7,4 target_cluster=Some(0) active_clusters=1 remaining_cells=37 scans=2
RESULT turn=63 cell=7,4 result=HIT remaining_cells=37 active_clusters=1
turn=63 result=HIT
turn=64 mode=CHASE cluster=0 cluster_len=4 cell=7,3 score=400000.323879 chase_score=10016.323879 prob=0.323879
turn=64 picked cell=7,3 target_cluster=Some(0) active_clusters=1 remaining_cells=36 scans=2
RESULT turn=64 cell=7,3 result=HIT remaining_cells=36 active_clusters=1
turn=64 result=HIT
turn=65 mode=CHASE cluster=0 cluster_len=5 cell=7,2 score=500000.488616 chase_score=10006.488616 prob=0.488616
turn=65 picked cell=7,2 target_cluster=Some(0) active_clusters=1 remaining_cells=35 scans=2
RESULT turn=65 cell=7,2 result=KILL remaining_cells=35 active_clusters=1
turn=65 result=KILL
turn=65 kill_infer inferred_len=6 committed_hits=5 cluster_hits=5
turn=66 picked cell=16,3 target_cluster=None active_clusters=0 remaining_cells=34 scans=2
RESULT turn=66 cell=16,3 result=MISS remaining_cells=34 active_clusters=0
turn=66 result=MISS
turn=67 picked cell=15,5 target_cluster=None active_clusters=0 remaining_cells=34 scans=2
RESULT turn=67 cell=15,5 result=MISS remaining_cells=34 active_clusters=0
turn=67 result=MISS
turn=68 picked cell=18,6 target_cluster=None active_clusters=0 remaining_cells=34 scans=2
RESULT turn=68 cell=18,6 result=MISS remaining_cells=34 active_clusters=0
turn=68 result=MISS
turn=69 picked cell=17,2 target_cluster=None active_clusters=0 remaining_cells=34 scans=2
RESULT turn=69 cell=17,2 result=HIT remaining_cells=34 active_clusters=0
turn=69 result=HIT
turn=70 mode=CHASE cluster=0 cluster_len=1 cell=17,3 score=100000.355973 chase_score=5020.855973 prob=0.355973
turn=70 picked cell=17,3 target_cluster=Some(0) active_clusters=1 remaining_cells=33 scans=2
RESULT turn=70 cell=17,3 result=MISS remaining_cells=33 active_clusters=1
turn=70 result=MISS
turn=71 mode=CHASE cluster=0 cluster_len=1 cell=16,2 score=100000.227243 chase_score=5012.727243 prob=0.227243
turn=71 picked cell=16,2 target_cluster=Some(0) active_clusters=1 remaining_cells=33 scans=2
RESULT turn=71 cell=16,2 result=KILL remaining_cells=33 active_clusters=1
turn=71 result=KILL
turn=71 kill_infer inferred_len=2 committed_hits=1 cluster_hits=1
turn=72 picked cell=3,2 target_cluster=None active_clusters=0 remaining_cells=32 scans=2
RESULT turn=72 cell=3,2 result=MISS remaining_cells=32 active_clusters=0
turn=72 result=MISS
turn=73 picked cell=2,5 target_cluster=None active_clusters=0 remaining_cells=32 scans=2
RESULT turn=73 cell=2,5 result=HIT remaining_cells=32 active_clusters=0
turn=73 result=HIT
turn=74 mode=CHASE cluster=0 cluster_len=1 cell=2,4 score=100000.512137 chase_score=5023.012137 prob=0.512137
turn=74 picked cell=2,4 target_cluster=Some(0) active_clusters=1 remaining_cells=31 scans=2
RESULT turn=74 cell=2,4 result=HIT remaining_cells=31 active_clusters=1
turn=74 result=HIT
turn=75 mode=CHASE cluster=0 cluster_len=2 cell=2,3 score=200000.570801 chase_score=10060.570801 prob=0.570801
turn=75 picked cell=2,3 target_cluster=Some(0) active_clusters=1 remaining_cells=30 scans=2
RESULT turn=75 cell=2,3 result=MISS remaining_cells=30 active_clusters=1
turn=75 result=MISS
turn=76 mode=CHASE cluster=0 cluster_len=2 cell=2,6 score=200000.339368 chase_score=10028.339368 prob=0.339368
turn=76 picked cell=2,6 target_cluster=Some(0) active_clusters=1 remaining_cells=30 scans=2
RESULT turn=76 cell=2,6 result=HIT remaining_cells=30 active_clusters=1
turn=76 result=HIT
turn=77 mode=CHASE cluster=0 cluster_len=3 cell=2,7 score=300000.484018 chase_score=10022.484018 prob=0.484018
turn=77 picked cell=2,7 target_cluster=Some(0) active_clusters=1 remaining_cells=29 scans=2
RESULT turn=77 cell=2,7 result=HIT remaining_cells=29 active_clusters=1
turn=77 result=HIT
turn=78 mode=CHASE cluster=0 cluster_len=4 cell=2,8 score=400000.619806 chase_score=10010.619806 prob=0.619806
turn=78 picked cell=2,8 target_cluster=Some(0) active_clusters=1 remaining_cells=28 scans=2
RESULT turn=78 cell=2,8 result=HIT remaining_cells=28 active_clusters=1
turn=78 result=HIT
turn=79 mode=CHASE cluster=0 cluster_len=5 cell=2,9 score=500000.737005 chase_score=10000.737005 prob=0.737005
turn=79 picked cell=2,9 target_cluster=Some(0) active_clusters=1 remaining_cells=27 scans=2
RESULT turn=79 cell=2,9 result=KILL remaining_cells=27 active_clusters=1
turn=79 result=KILL
turn=79 kill_infer inferred_len=5 committed_hits=4 cluster_hits=5
turn=80 mode=CHASE cluster=0 cluster_len=1 cell=1,4 score=100000.437317 chase_score=5006.937317 prob=0.437317
turn=80 picked cell=1,4 target_cluster=Some(0) active_clusters=1 remaining_cells=26 scans=2
RESULT turn=80 cell=1,4 result=MISS remaining_cells=26 active_clusters=1
turn=80 result=MISS
turn=81 mode=CHASE cluster=0 cluster_len=1 cell=3,4 score=100000.047448 chase_score=5000.547448 prob=0.047448
turn=81 picked cell=3,4 target_cluster=Some(0) active_clusters=1 remaining_cells=26 scans=2
RESULT turn=81 cell=3,4 result=MISS remaining_cells=26 active_clusters=1
turn=81 result=MISS
turn=82 picked cell=14,13 target_cluster=None active_clusters=1 remaining_cells=26 scans=2
RESULT turn=82 cell=14,13 result=MISS remaining_cells=26 active_clusters=1
turn=82 result=MISS
turn=83 picked cell=16,14 target_cluster=None active_clusters=1 remaining_cells=26 scans=2
RESULT turn=83 cell=16,14 result=HIT remaining_cells=26 active_clusters=1
turn=83 result=HIT
turn=84 mode=CHASE cluster=1 cluster_len=1 cell=16,15 score=100000.606598 chase_score=5018.106598 prob=0.606598
turn=84 picked cell=16,15 target_cluster=Some(1) active_clusters=2 remaining_cells=25 scans=2
RESULT turn=84 cell=16,15 result=MISS remaining_cells=25 active_clusters=2
turn=84 result=MISS
turn=85 mode=CHASE cluster=1 cluster_len=1 cell=15,14 score=100000.514583 chase_score=5016.764583 prob=0.514583
turn=85 picked cell=15,14 target_cluster=Some(1) active_clusters=2 remaining_cells=25 scans=2
RESULT turn=85 cell=15,14 result=HIT remaining_cells=25 active_clusters=2
turn=85 result=HIT
turn=86 mode=CHASE cluster=1 cluster_len=2 cell=14,14 score=200000.376395 chase_score=10045.376395 prob=0.376395
turn=86 picked cell=14,14 target_cluster=Some(1) active_clusters=2 remaining_cells=24 scans=2
RESULT turn=86 cell=14,14 result=KILL remaining_cells=24 active_clusters=2
turn=86 result=KILL
turn=86 kill_infer inferred_len=3 committed_hits=2 cluster_hits=2
turn=87 picked cell=14,8 target_cluster=None active_clusters=1 remaining_cells=23 scans=2
RESULT turn=87 cell=14,8 result=HIT remaining_cells=23 active_clusters=1
turn=87 result=HIT
turn=88 mode=CHASE cluster=1 cluster_len=1 cell=14,9 score=100000.419333 chase_score=5016.419333 prob=0.419333
turn=88 picked cell=14,9 target_cluster=Some(1) active_clusters=2 remaining_cells=22 scans=2
RESULT turn=88 cell=14,9 result=MISS remaining_cells=22 active_clusters=2
turn=88 result=MISS
turn=89 mode=CHASE cluster=1 cluster_len=1 cell=14,7 score=100000.111377 chase_score=5004.361377 prob=0.111377
turn=89 picked cell=14,7 target_cluster=Some(1) active_clusters=2 remaining_cells=22 scans=2
RESULT turn=89 cell=14,7 result=MISS remaining_cells=22 active_clusters=2
turn=89 result=MISS
turn=90 mode=CHASE cluster=1 cluster_len=1 cell=13,8 score=100000.117223 chase_score=5001.367223 prob=0.117223
turn=90 picked cell=13,8 target_cluster=Some(1) active_clusters=2 remaining_cells=22 scans=2
RESULT turn=90 cell=13,8 result=HIT remaining_cells=22 active_clusters=2
turn=90 result=HIT
turn=91 mode=CHASE cluster=1 cluster_len=2 cell=15,8 score=200000.046233 chase_score=10003.046233 prob=0.046233
turn=91 picked cell=15,8 target_cluster=Some(1) active_clusters=2 remaining_cells=21 scans=2
RESULT turn=91 cell=15,8 result=KILL remaining_cells=21 active_clusters=2
turn=91 result=KILL
turn=91 kill_infer inferred_len=3 committed_hits=2 cluster_hits=2
turn=92 picked cell=10,9 target_cluster=None active_clusters=1 remaining_cells=20 scans=2
RESULT turn=92 cell=10,9 result=HIT remaining_cells=20 active_clusters=1
turn=92 result=HIT
turn=93 mode=CHASE cluster=1 cluster_len=1 cell=9,9 score=100000.471675 chase_score=5014.971675 prob=0.471675
turn=93 picked cell=9,9 target_cluster=Some(1) active_clusters=2 remaining_cells=19 scans=2
RESULT turn=93 cell=9,9 result=MISS remaining_cells=19 active_clusters=2
turn=93 result=MISS
turn=94 mode=CHASE cluster=1 cluster_len=1 cell=10,10 score=100000.305343 chase_score=5012.305343 prob=0.305343
turn=94 picked cell=10,10 target_cluster=Some(1) active_clusters=2 remaining_cells=19 scans=2
RESULT turn=94 cell=10,10 result=HIT remaining_cells=19 active_clusters=2
turn=94 result=HIT
turn=95 mode=CHASE cluster=1 cluster_len=2 cell=10,8 score=200000.237930 chase_score=10034.237930 prob=0.237930
turn=95 picked cell=10,8 target_cluster=Some(1) active_clusters=2 remaining_cells=18 scans=2
RESULT turn=95 cell=10,8 result=MISS remaining_cells=18 active_clusters=2
turn=95 result=MISS
turn=96 mode=CHASE cluster=1 cluster_len=2 cell=10,11 score=200000.077084 chase_score=10012.077084 prob=0.077084
turn=96 picked cell=10,11 target_cluster=Some(1) active_clusters=2 remaining_cells=18 scans=2
RESULT turn=96 cell=10,11 result=HIT remaining_cells=18 active_clusters=2
turn=96 result=HIT
turn=97 mode=CHASE cluster=1 cluster_len=3 cell=10,12 score=300000.152082 chase_score=10012.152082 prob=0.152082
turn=97 picked cell=10,12 target_cluster=Some(1) active_clusters=2 remaining_cells=17 scans=2
RESULT turn=97 cell=10,12 result=KILL remaining_cells=17 active_clusters=2
turn=97 result=KILL
turn=97 kill_infer inferred_len=4 committed_hits=3 cluster_hits=3
turn=98 picked cell=4,0 target_cluster=None active_clusters=1 remaining_cells=16 scans=2
RESULT turn=98 cell=4,0 result=MISS remaining_cells=16 active_clusters=1
turn=98 result=MISS
turn=99 picked cell=0,5 target_cluster=None active_clusters=1 remaining_cells=16 scans=2
RESULT turn=99 cell=0,5 result=MISS remaining_cells=16 active_clusters=1
turn=99 result=MISS
turn=100 picked cell=8,0 target_cluster=None active_clusters=1 remaining_cells=16 scans=2
RESULT turn=100 cell=8,0 result=MISS remaining_cells=16 active_clusters=1
turn=100 result=MISS
turn=101 picked cell=1,8 target_cluster=None active_clusters=1 remaining_cells=16 scans=2
RESULT turn=101 cell=1,8 result=HIT remaining_cells=16 active_clusters=1
turn=101 result=HIT
turn=102 mode=CHASE cluster=1 cluster_len=1 cell=1,9 score=100000.313390 chase_score=5011.813390 prob=0.313390
turn=102 picked cell=1,9 target_cluster=Some(1) active_clusters=2 remaining_cells=15 scans=2
RESULT turn=102 cell=1,9 result=MISS remaining_cells=15 active_clusters=2
turn=102 result=MISS
turn=103 mode=CHASE cluster=1 cluster_len=1 cell=1,7 score=100000.073481 chase_score=5002.573481 prob=0.073481
turn=103 picked cell=1,7 target_cluster=Some(1) active_clusters=2 remaining_cells=15 scans=2
RESULT turn=103 cell=1,7 result=HIT remaining_cells=15 active_clusters=2
turn=103 result=HIT
turn=104 mode=CHASE cluster=1 cluster_len=2 cell=1,6 score=200000.073481 chase_score=10008.073481 prob=0.073481
turn=104 picked cell=1,6 target_cluster=Some(1) active_clusters=2 remaining_cells=14 scans=2
RESULT turn=104 cell=1,6 result=HIT remaining_cells=14 active_clusters=2
turn=104 result=HIT
turn=105 mode=CHASE cluster=1 cluster_len=3 cell=1,5 score=300000.058654 chase_score=10008.058654 prob=0.058654
turn=105 picked cell=1,5 target_cluster=Some(1) active_clusters=2 remaining_cells=13 scans=2
RESULT turn=105 cell=1,5 result=KILL remaining_cells=13 active_clusters=2
turn=105 result=KILL
turn=105 kill_infer inferred_len=4 committed_hits=3 cluster_hits=3
turn=106 picked cell=4,12 target_cluster=None active_clusters=1 remaining_cells=12 scans=2
RESULT turn=106 cell=4,12 result=HIT remaining_cells=12 active_clusters=1
turn=106 result=HIT
turn=107 mode=CHASE cluster=1 cluster_len=1 cell=4,13 score=100000.467634 chase_score=5008.967634 prob=0.467634
turn=107 picked cell=4,13 target_cluster=Some(1) active_clusters=2 remaining_cells=11 scans=2
RESULT turn=107 cell=4,13 result=MISS remaining_cells=11 active_clusters=2
turn=107 result=MISS
turn=108 mode=CHASE cluster=1 cluster_len=1 cell=5,12 score=100000.463031 chase_score=5008.963031 prob=0.463031
turn=108 picked cell=5,12 target_cluster=Some(1) active_clusters=2 remaining_cells=11 scans=2
RESULT turn=108 cell=5,12 result=HIT remaining_cells=11 active_clusters=2
turn=108 result=HIT
turn=109 mode=CHASE cluster=1 cluster_len=2 cell=3,12 score=200000.463031 chase_score=10023.463031 prob=0.463031
turn=109 picked cell=3,12 target_cluster=Some(1) active_clusters=2 remaining_cells=10 scans=2
RESULT turn=109 cell=3,12 result=HIT remaining_cells=10 active_clusters=2
turn=109 result=HIT
turn=110 mode=CHASE cluster=1 cluster_len=3 cell=6,12 score=300000.463031 chase_score=10014.463031 prob=0.463031
turn=110 picked cell=6,12 target_cluster=Some(1) active_clusters=2 remaining_cells=9 scans=2
RESULT turn=110 cell=6,12 result=KILL remaining_cells=9 active_clusters=2
turn=110 result=KILL
turn=110 kill_infer inferred_len=4 committed_hits=3 cluster_hits=3
turn=111 picked cell=18,1 target_cluster=None active_clusters=1 remaining_cells=8 scans=2
RESULT turn=111 cell=18,1 result=MISS remaining_cells=8 active_clusters=1
turn=111 result=MISS
turn=112 picked cell=15,0 target_cluster=None active_clusters=1 remaining_cells=8 scans=2
RESULT turn=112 cell=15,0 result=HIT remaining_cells=8 active_clusters=1
turn=112 result=HIT
turn=113 mode=CHASE cluster=1 cluster_len=1 cell=15,1 score=100000.085681 chase_score=5001.835681 prob=0.085681
turn=113 picked cell=15,1 target_cluster=Some(1) active_clusters=2 remaining_cells=7 scans=2
RESULT turn=113 cell=15,1 result=HIT remaining_cells=7 active_clusters=2
turn=113 result=HIT
turn=114 mode=CHASE cluster=1 cluster_len=2 cell=15,2 score=200000.076770 chase_score=10005.076770 prob=0.076770
turn=114 picked cell=15,2 target_cluster=Some(1) active_clusters=2 remaining_cells=6 scans=2
RESULT turn=114 cell=15,2 result=HIT remaining_cells=6 active_clusters=2
turn=114 result=HIT
turn=115 mode=CHASE cluster=1 cluster_len=3 cell=15,3 score=300000.076770 chase_score=10005.076770 prob=0.076770
turn=115 picked cell=15,3 target_cluster=Some(1) active_clusters=2 remaining_cells=5 scans=2
RESULT turn=115 cell=15,3 result=HIT remaining_cells=5 active_clusters=2
turn=115 result=HIT
turn=116 mode=CHASE cluster=1 cluster_len=4 cell=15,4 score=400000.067860 chase_score=10005.067860 prob=0.067860
turn=116 picked cell=15,4 target_cluster=Some(1) active_clusters=2 remaining_cells=4 scans=2
RESULT turn=116 cell=15,4 result=KILL remaining_cells=4 active_clusters=2
turn=116 result=KILL
turn=116 kill_infer inferred_len=5 committed_hits=4 cluster_hits=4
turn=117 picked cell=11,9 target_cluster=None active_clusters=1 remaining_cells=3 scans=2
RESULT turn=117 cell=11,9 result=MISS remaining_cells=3 active_clusters=1
turn=117 result=MISS
turn=118 picked cell=13,10 target_cluster=None active_clusters=1 remaining_cells=3 scans=2
RESULT turn=118 cell=13,10 result=MISS remaining_cells=3 active_clusters=1
turn=118 result=MISS
turn=119 picked cell=9,13 target_cluster=None active_clusters=1 remaining_cells=3 scans=2
RESULT turn=119 cell=9,13 result=MISS remaining_cells=3 active_clusters=1
turn=119 result=MISS
turn=120 picked cell=9,10 target_cluster=None active_clusters=1 remaining_cells=3 scans=2
RESULT turn=120 cell=9,10 result=MISS remaining_cells=3 active_clusters=1
turn=120 result=MISS
turn=121 picked cell=12,11 target_cluster=None active_clusters=1 remaining_cells=3 scans=2
RESULT turn=121 cell=12,11 result=MISS remaining_cells=3 active_clusters=1
turn=121 result=MISS
turn=122 picked cell=12,9 target_cluster=None active_clusters=1 remaining_cells=3 scans=2
RESULT turn=122 cell=12,9 result=MISS remaining_cells=3 active_clusters=1
turn=122 result=MISS
turn=123 picked cell=13,12 target_cluster=None active_clusters=1 remaining_cells=3 scans=2
RESULT turn=123 cell=13,12 result=MISS remaining_cells=3 active_clusters=1
turn=123 result=MISS
turn=124 picked cell=12,13 target_cluster=None active_clusters=1 remaining_cells=3 scans=2
RESULT turn=124 cell=12,13 result=MISS remaining_cells=3 active_clusters=1
turn=124 result=MISS
turn=125 picked cell=9,15 target_cluster=None active_clusters=1 remaining_cells=3 scans=2
RESULT turn=125 cell=9,15 result=MISS remaining_cells=3 active_clusters=1
turn=125 result=MISS
turn=126 picked cell=14,11 target_cluster=None active_clusters=1 remaining_cells=3 scans=2
RESULT turn=126 cell=14,11 result=MISS remaining_cells=3 active_clusters=1
turn=126 result=MISS
turn=127 picked cell=17,10 target_cluster=None active_clusters=1 remaining_cells=3 scans=2
RESULT turn=127 cell=17,10 result=MISS remaining_cells=3 active_clusters=1
turn=127 result=MISS
turn=128 picked cell=13,15 target_cluster=None active_clusters=1 remaining_cells=3 scans=2
RESULT turn=128 cell=13,15 result=MISS remaining_cells=3 active_clusters=1
turn=128 result=MISS
turn=129 picked cell=9,17 target_cluster=None active_clusters=1 remaining_cells=3 scans=2
RESULT turn=129 cell=9,17 result=MISS remaining_cells=3 active_clusters=1
turn=129 result=MISS
turn=130 picked cell=9,12 target_cluster=None active_clusters=1 remaining_cells=3 scans=2
RESULT turn=130 cell=9,12 result=MISS remaining_cells=3 active_clusters=1
turn=130 result=MISS
turn=131 picked cell=13,14 target_cluster=None active_clusters=1 remaining_cells=3 scans=2
RESULT turn=131 cell=13,14 result=MISS remaining_cells=3 active_clusters=1
turn=131 result=MISS
turn=132 picked cell=10,16 target_cluster=None active_clusters=1 remaining_cells=3 scans=2
RESULT turn=132 cell=10,16 result=MISS remaining_cells=3 active_clusters=1
turn=132 result=MISS
turn=133 picked cell=16,11 target_cluster=None active_clusters=1 remaining_cells=3 scans=2
RESULT turn=133 cell=16,11 result=MISS remaining_cells=3 active_clusters=1
turn=133 result=MISS
turn=134 picked cell=17,9 target_cluster=None active_clusters=1 remaining_cells=3 scans=2
RESULT turn=134 cell=17,9 result=MISS remaining_cells=3 active_clusters=1
turn=134 result=MISS
turn=135 picked cell=12,15 target_cluster=None active_clusters=1 remaining_cells=3 scans=2
RESULT turn=135 cell=12,15 result=MISS remaining_cells=3 active_clusters=1
turn=135 result=MISS
turn=136 picked cell=9,14 target_cluster=None active_clusters=1 remaining_cells=3 scans=2
RESULT turn=136 cell=9,14 result=MISS remaining_cells=3 active_clusters=1
turn=136 result=MISS
turn=137 picked cell=16,13 target_cluster=None active_clusters=1 remaining_cells=3 scans=2
RESULT turn=137 cell=16,13 result=MISS remaining_cells=3 active_clusters=1
turn=137 result=MISS
turn=138 picked cell=17,12 target_cluster=None active_clusters=1 remaining_cells=3 scans=2
RESULT turn=138 cell=17,12 result=MISS remaining_cells=3 active_clusters=1
turn=138 result=MISS
turn=139 picked cell=14,16 target_cluster=None active_clusters=1 remaining_cells=3 scans=2
RESULT turn=139 cell=14,16 result=MISS remaining_cells=3 active_clusters=1
turn=139 result=MISS
turn=140 picked cell=13,17 target_cluster=None active_clusters=1 remaining_cells=3 scans=2
RESULT turn=140 cell=13,17 result=MISS remaining_cells=3 active_clusters=1
turn=140 result=MISS
turn=141 picked cell=12,16 target_cluster=None active_clusters=1 remaining_cells=3 scans=2
RESULT turn=141 cell=12,16 result=MISS remaining_cells=3 active_clusters=1
turn=141 result=MISS
turn=142 picked cell=16,9 target_cluster=None active_clusters=1 remaining_cells=3 scans=2
RESULT turn=142 cell=16,9 result=MISS remaining_cells=3 active_clusters=1
turn=142 result=MISS
turn=143 picked cell=15,17 target_cluster=None active_clusters=1 remaining_cells=3 scans=2
RESULT turn=143 cell=15,17 result=MISS remaining_cells=3 active_clusters=1
turn=143 result=MISS
turn=144 picked cell=18,11 target_cluster=None active_clusters=1 remaining_cells=3 scans=2
RESULT turn=144 cell=18,11 result=MISS remaining_cells=3 active_clusters=1
turn=144 result=MISS
turn=145 picked cell=15,15 target_cluster=None active_clusters=1 remaining_cells=3 scans=2
RESULT turn=145 cell=15,15 result=MISS remaining_cells=3 active_clusters=1
turn=145 result=MISS
turn=146 picked cell=18,9 target_cluster=None active_clusters=1 remaining_cells=3 scans=2
RESULT turn=146 cell=18,9 result=MISS remaining_cells=3 active_clusters=1
turn=146 result=MISS
turn=147 picked cell=10,18 target_cluster=None active_clusters=1 remaining_cells=3 scans=2
RESULT turn=147 cell=10,18 result=MISS remaining_cells=3 active_clusters=1
turn=147 result=MISS
turn=148 picked cell=17,16 target_cluster=None active_clusters=1 remaining_cells=3 scans=2
RESULT turn=148 cell=17,16 result=MISS remaining_cells=3 active_clusters=1
turn=148 result=MISS
turn=149 picked cell=18,13 target_cluster=None active_clusters=1 remaining_cells=3 scans=2
RESULT turn=149 cell=18,13 result=MISS remaining_cells=3 active_clusters=1
turn=149 result=MISS
turn=150 picked cell=17,14 target_cluster=None active_clusters=1 remaining_cells=3 scans=2
RESULT turn=150 cell=17,14 result=MISS remaining_cells=3 active_clusters=1
turn=150 result=MISS
turn=151 picked cell=9,16 target_cluster=None active_clusters=1 remaining_cells=3 scans=2
RESULT turn=151 cell=9,16 result=MISS remaining_cells=3 active_clusters=1
turn=151 result=MISS
turn=152 picked cell=14,18 target_cluster=None active_clusters=1 remaining_cells=3 scans=2
RESULT turn=152 cell=14,18 result=MISS remaining_cells=3 active_clusters=1
turn=152 result=MISS
turn=153 picked cell=12,18 target_cluster=None active_clusters=1 remaining_cells=3 scans=2
RESULT turn=153 cell=12,18 result=MISS remaining_cells=3 active_clusters=1
turn=153 result=MISS
turn=154 picked cell=18,15 target_cluster=None active_clusters=1 remaining_cells=3 scans=2
RESULT turn=154 cell=18,15 result=MISS remaining_cells=3 active_clusters=1
turn=154 result=MISS
turn=155 picked cell=16,17 target_cluster=None active_clusters=1 remaining_cells=3 scans=2
RESULT turn=155 cell=16,17 result=MISS remaining_cells=3 active_clusters=1
turn=155 result=MISS
turn=156 picked cell=17,18 target_cluster=None active_clusters=1 remaining_cells=3 scans=2
RESULT turn=156 cell=17,18 result=MISS remaining_cells=3 active_clusters=1
turn=156 result=MISS
turn=157 picked cell=18,17 target_cluster=None active_clusters=1 remaining_cells=3 scans=2
RESULT turn=157 cell=18,17 result=MISS remaining_cells=3 active_clusters=1
turn=157 result=MISS
turn=158 picked cell=9,18 target_cluster=None active_clusters=1 remaining_cells=3 scans=2
RESULT turn=158 cell=9,18 result=MISS remaining_cells=3 active_clusters=1
turn=158 result=MISS
turn=159 picked cell=15,16 target_cluster=None active_clusters=1 remaining_cells=3 scans=2
RESULT turn=159 cell=15,16 result=MISS remaining_cells=3 active_clusters=1
turn=159 result=MISS
turn=160 picked cell=15,18 target_cluster=None active_clusters=1 remaining_cells=3 scans=2
RESULT turn=160 cell=15,18 result=MISS remaining_cells=3 active_clusters=1
turn=160 result=MISS
turn=161 picked cell=9,7 target_cluster=None active_clusters=1 remaining_cells=3 scans=2
RESULT turn=161 cell=9,7 result=MISS remaining_cells=3 active_clusters=1
turn=161 result=MISS
turn=162 picked cell=17,5 target_cluster=None active_clusters=1 remaining_cells=3 scans=2
RESULT turn=162 cell=17,5 result=MISS remaining_cells=3 active_clusters=1
turn=162 result=MISS
turn=163 picked cell=16,6 target_cluster=None active_clusters=1 remaining_cells=3 scans=2
RESULT turn=163 cell=16,6 result=MISS remaining_cells=3 active_clusters=1
turn=163 result=MISS
turn=164 picked cell=9,3 target_cluster=None active_clusters=1 remaining_cells=3 scans=2
RESULT turn=164 cell=9,3 result=MISS remaining_cells=3 active_clusters=1
turn=164 result=MISS
turn=165 picked cell=12,6 target_cluster=None active_clusters=1 remaining_cells=3 scans=2
RESULT turn=165 cell=12,6 result=MISS remaining_cells=3 active_clusters=1
turn=165 result=MISS
turn=166 picked cell=18,4 target_cluster=None active_clusters=1 remaining_cells=3 scans=2
RESULT turn=166 cell=18,4 result=MISS remaining_cells=3 active_clusters=1
turn=166 result=MISS
turn=167 picked cell=14,6 target_cluster=None active_clusters=1 remaining_cells=3 scans=2
RESULT turn=167 cell=14,6 result=MISS remaining_cells=3 active_clusters=1
turn=167 result=MISS
turn=168 picked cell=15,7 target_cluster=None active_clusters=1 remaining_cells=3 scans=2
RESULT turn=168 cell=15,7 result=MISS remaining_cells=3 active_clusters=1
turn=168 result=MISS
turn=169 picked cell=10,0 target_cluster=None active_clusters=1 remaining_cells=3 scans=2
RESULT turn=169 cell=10,0 result=MISS remaining_cells=3 active_clusters=1
turn=169 result=MISS
turn=170 picked cell=17,0 target_cluster=None active_clusters=1 remaining_cells=3 scans=2
RESULT turn=170 cell=17,0 result=MISS remaining_cells=3 active_clusters=1
turn=170 result=MISS
turn=171 picked cell=18,8 target_cluster=None active_clusters=1 remaining_cells=3 scans=2
RESULT turn=171 cell=18,8 result=MISS remaining_cells=3 active_clusters=1
turn=171 result=MISS
turn=172 picked cell=14,2 target_cluster=None active_clusters=1 remaining_cells=3 scans=2
RESULT turn=172 cell=14,2 result=MISS remaining_cells=3 active_clusters=1
turn=172 result=MISS
turn=173 picked cell=12,1 target_cluster=None active_clusters=1 remaining_cells=3 scans=2
RESULT turn=173 cell=12,1 result=MISS remaining_cells=3 active_clusters=1
turn=173 result=MISS
turn=174 picked cell=16,4 target_cluster=None active_clusters=1 remaining_cells=3 scans=2
RESULT turn=174 cell=16,4 result=MISS remaining_cells=3 active_clusters=1
turn=174 result=MISS
turn=175 picked cell=16,1 target_cluster=None active_clusters=1 remaining_cells=3 scans=2
RESULT turn=175 cell=16,1 result=MISS remaining_cells=3 active_clusters=1
turn=175 result=MISS
turn=176 picked cell=9,8 target_cluster=None active_clusters=1 remaining_cells=3 scans=2
RESULT turn=176 cell=9,8 result=MISS remaining_cells=3 active_clusters=1
turn=176 result=MISS
turn=177 picked cell=9,6 target_cluster=None active_clusters=1 remaining_cells=3 scans=2
RESULT turn=177 cell=9,6 result=MISS remaining_cells=3 active_clusters=1
turn=177 result=MISS
turn=178 picked cell=7,10 target_cluster=None active_clusters=1 remaining_cells=3 scans=2
RESULT turn=178 cell=7,10 result=MISS remaining_cells=3 active_clusters=1
turn=178 result=MISS
turn=179 picked cell=12,10 target_cluster=None active_clusters=1 remaining_cells=3 scans=2
RESULT turn=179 cell=12,10 result=MISS remaining_cells=3 active_clusters=1
turn=179 result=MISS
turn=180 picked cell=9,4 target_cluster=None active_clusters=1 remaining_cells=3 scans=2
RESULT turn=180 cell=9,4 result=MISS remaining_cells=3 active_clusters=1
turn=180 result=MISS
turn=181 picked cell=9,2 target_cluster=None active_clusters=1 remaining_cells=3 scans=2
RESULT turn=181 cell=9,2 result=MISS remaining_cells=3 active_clusters=1
turn=181 result=MISS
turn=182 picked cell=13,9 target_cluster=None active_clusters=1 remaining_cells=3 scans=2
RESULT turn=182 cell=13,9 result=MISS remaining_cells=3 active_clusters=1
turn=182 result=MISS
turn=183 picked cell=13,11 target_cluster=None active_clusters=1 remaining_cells=3 scans=2
RESULT turn=183 cell=13,11 result=MISS remaining_cells=3 active_clusters=1
turn=183 result=MISS
turn=184 picked cell=11,0 target_cluster=None active_clusters=1 remaining_cells=3 scans=2
RESULT turn=184 cell=11,0 result=KILL remaining_cells=3 active_clusters=1
turn=184 result=KILL
turn=185 picked cell=5,10 target_cluster=None active_clusters=1 remaining_cells=2 scans=2
RESULT turn=185 cell=5,10 result=MISS remaining_cells=2 active_clusters=1
turn=185 result=MISS
turn=186 picked cell=7,13 target_cluster=None active_clusters=1 remaining_cells=2 scans=2
RESULT turn=186 cell=7,13 result=MISS remaining_cells=2 active_clusters=1
turn=186 result=MISS
turn=187 picked cell=3,10 target_cluster=None active_clusters=1 remaining_cells=2 scans=2
RESULT turn=187 cell=3,10 result=KILL remaining_cells=2 active_clusters=1
turn=187 result=KILL
turn=188 picked cell=8,10 target_cluster=None active_clusters=1 remaining_cells=1 scans=2
RESULT turn=188 cell=8,10 result=MISS remaining_cells=1 active_clusters=1
turn=188 result=MISS
turn=189 picked cell=7,9 target_cluster=None active_clusters=1 remaining_cells=1 scans=2
RESULT turn=189 cell=7,9 result=MISS remaining_cells=1 active_clusters=1
turn=189 result=MISS
turn=190 picked cell=7,11 target_cluster=None active_clusters=1 remaining_cells=1 scans=2
RESULT turn=190 cell=7,11 result=MISS remaining_cells=1 active_clusters=1
turn=190 result=MISS
turn=191 picked cell=8,8 target_cluster=None active_clusters=1 remaining_cells=1 scans=2
RESULT turn=191 cell=8,8 result=MISS remaining_cells=1 active_clusters=1
turn=191 result=MISS
turn=192 picked cell=8,11 target_cluster=None active_clusters=1 remaining_cells=1 scans=2
RESULT turn=192 cell=8,11 result=MISS remaining_cells=1 active_clusters=1
turn=192 result=MISS
turn=193 picked cell=8,9 target_cluster=None active_clusters=1 remaining_cells=1 scans=2
RESULT turn=193 cell=8,9 result=MISS remaining_cells=1 active_clusters=1
turn=193 result=MISS
turn=194 picked cell=11,8 target_cluster=None active_clusters=1 remaining_cells=1 scans=2
RESULT turn=194 cell=11,8 result=MISS remaining_cells=1 active_clusters=1
turn=194 result=MISS
turn=195 picked cell=6,9 target_cluster=None active_clusters=1 remaining_cells=1 scans=2
RESULT turn=195 cell=6,9 result=MISS remaining_cells=1 active_clusters=1
turn=195 result=MISS
turn=196 picked cell=5,9 target_cluster=None active_clusters=1 remaining_cells=1 scans=2
RESULT turn=196 cell=5,9 result=MISS remaining_cells=1 active_clusters=1
turn=196 result=MISS
turn=197 picked cell=8,12 target_cluster=None active_clusters=1 remaining_cells=1 scans=2
RESULT turn=197 cell=8,12 result=MISS remaining_cells=1 active_clusters=1
turn=197 result=MISS
turn=198 picked cell=10,7 target_cluster=None active_clusters=1 remaining_cells=1 scans=2
RESULT turn=198 cell=10,7 result=MISS remaining_cells=1 active_clusters=1
turn=198 result=MISS
turn=199 picked cell=8,6 target_cluster=None active_clusters=1 remaining_cells=1 scans=2
RESULT turn=199 cell=8,6 result=MISS remaining_cells=1 active_clusters=1
turn=199 result=MISS
turn=200 picked cell=6,8 target_cluster=None active_clusters=1 remaining_cells=1 scans=2
RESULT turn=200 cell=6,8 result=MISS remaining_cells=1 active_clusters=1
turn=200 result=MISS
turn=201 picked cell=10,5 target_cluster=None active_clusters=1 remaining_cells=1 scans=2
RESULT turn=201 cell=10,5 result=MISS remaining_cells=1 active_clusters=1
turn=201 result=MISS
turn=202 picked cell=6,7 target_cluster=None active_clusters=1 remaining_cells=1 scans=2
RESULT turn=202 cell=6,7 result=MISS remaining_cells=1 active_clusters=1
turn=202 result=MISS
turn=203 picked cell=6,10 target_cluster=None active_clusters=1 remaining_cells=1 scans=2
RESULT turn=203 cell=6,10 result=MISS remaining_cells=1 active_clusters=1
turn=203 result=MISS
turn=204 picked cell=8,13 target_cluster=None active_clusters=1 remaining_cells=1 scans=2
RESULT turn=204 cell=8,13 result=MISS remaining_cells=1 active_clusters=1
turn=204 result=MISS
turn=205 picked cell=12,7 target_cluster=None active_clusters=1 remaining_cells=1 scans=2
RESULT turn=205 cell=12,7 result=MISS remaining_cells=1 active_clusters=1
turn=205 result=MISS
turn=206 picked cell=11,6 target_cluster=None active_clusters=1 remaining_cells=1 scans=2
RESULT turn=206 cell=11,6 result=MISS remaining_cells=1 active_clusters=1
turn=206 result=MISS
turn=207 picked cell=4,10 target_cluster=None active_clusters=1 remaining_cells=1 scans=2
RESULT turn=207 cell=4,10 result=MISS remaining_cells=1 active_clusters=1
turn=207 result=MISS
turn=208 picked cell=6,6 target_cluster=None active_clusters=1 remaining_cells=1 scans=2
RESULT turn=208 cell=6,6 result=MISS remaining_cells=1 active_clusters=1
turn=208 result=MISS
turn=209 picked cell=8,14 target_cluster=None active_clusters=1 remaining_cells=1 scans=2
RESULT turn=209 cell=8,14 result=MISS remaining_cells=1 active_clusters=1
turn=209 result=MISS
turn=210 picked cell=5,11 target_cluster=None active_clusters=1 remaining_cells=1 scans=2
RESULT turn=210 cell=5,11 result=MISS remaining_cells=1 active_clusters=1
turn=210 result=MISS
turn=211 picked cell=6,11 target_cluster=None active_clusters=1 remaining_cells=1 scans=2
RESULT turn=211 cell=6,11 result=MISS remaining_cells=1 active_clusters=1
turn=211 result=MISS
turn=212 picked cell=4,9 target_cluster=None active_clusters=1 remaining_cells=1 scans=2
RESULT turn=212 cell=4,9 result=MISS remaining_cells=1 active_clusters=1
turn=212 result=MISS
turn=213 picked cell=7,12 target_cluster=None active_clusters=1 remaining_cells=1 scans=2
RESULT turn=213 cell=7,12 result=MISS remaining_cells=1 active_clusters=1
turn=213 result=MISS
turn=214 picked cell=8,5 target_cluster=None active_clusters=1 remaining_cells=1 scans=2
RESULT turn=214 cell=8,5 result=MISS remaining_cells=1 active_clusters=1
turn=214 result=MISS
turn=215 picked cell=3,9 target_cluster=None active_clusters=1 remaining_cells=1 scans=2
RESULT turn=215 cell=3,9 result=MISS remaining_cells=1 active_clusters=1
turn=215 result=MISS
turn=216 picked cell=14,10 target_cluster=None active_clusters=1 remaining_cells=1 scans=2
RESULT turn=216 cell=14,10 result=MISS remaining_cells=1 active_clusters=1
turn=216 result=MISS
turn=217 picked cell=5,6 target_cluster=None active_clusters=1 remaining_cells=1 scans=2
RESULT turn=217 cell=5,6 result=MISS remaining_cells=1 active_clusters=1
turn=217 result=MISS
turn=218 picked cell=12,12 target_cluster=None active_clusters=1 remaining_cells=1 scans=2
RESULT turn=218 cell=12,12 result=MISS remaining_cells=1 active_clusters=1
turn=218 result=MISS
turn=219 picked cell=5,7 target_cluster=None active_clusters=1 remaining_cells=1 scans=2
RESULT turn=219 cell=5,7 result=MISS remaining_cells=1 active_clusters=1
turn=219 result=MISS
turn=220 picked cell=4,8 target_cluster=None active_clusters=1 remaining_cells=1 scans=2
RESULT turn=220 cell=4,8 result=MISS remaining_cells=1 active_clusters=1
turn=220 result=MISS
turn=221 picked cell=3,8 target_cluster=None active_clusters=1 remaining_cells=1 scans=2
RESULT turn=221 cell=3,8 result=MISS remaining_cells=1 active_clusters=1
turn=221 result=MISS
turn=222 picked cell=7,14 target_cluster=None active_clusters=1 remaining_cells=1 scans=2
RESULT turn=222 cell=7,14 result=MISS remaining_cells=1 active_clusters=1
turn=222 result=MISS
turn=223 picked cell=3,7 target_cluster=None active_clusters=1 remaining_cells=1 scans=2
RESULT turn=223 cell=3,7 result=MISS remaining_cells=1 active_clusters=1
turn=223 result=MISS
turn=224 picked cell=6,5 target_cluster=None active_clusters=1 remaining_cells=1 scans=2
RESULT turn=224 cell=6,5 result=MISS remaining_cells=1 active_clusters=1
turn=224 result=MISS
turn=225 picked cell=8,3 target_cluster=None active_clusters=1 remaining_cells=1 scans=2
RESULT turn=225 cell=8,3 result=MISS remaining_cells=1 active_clusters=1
turn=225 result=MISS
turn=226 picked cell=8,4 target_cluster=None active_clusters=1 remaining_cells=1 scans=2
RESULT turn=226 cell=8,4 result=MISS remaining_cells=1 active_clusters=1
turn=226 result=MISS
turn=227 picked cell=10,15 target_cluster=None active_clusters=1 remaining_cells=1 scans=2
RESULT turn=227 cell=10,15 result=MISS remaining_cells=1 active_clusters=1
turn=227 result=MISS
turn=228 picked cell=4,11 target_cluster=None active_clusters=1 remaining_cells=1 scans=2
RESULT turn=228 cell=4,11 result=MISS remaining_cells=1 active_clusters=1
turn=228 result=MISS
turn=229 picked cell=6,13 target_cluster=None active_clusters=1 remaining_cells=1 scans=2
RESULT turn=229 cell=6,13 result=MISS remaining_cells=1 active_clusters=1
turn=229 result=MISS
turn=230 picked cell=8,15 target_cluster=None active_clusters=1 remaining_cells=1 scans=2
RESULT turn=230 cell=8,15 result=MISS remaining_cells=1 active_clusters=1
turn=230 result=MISS
turn=231 picked cell=13,13 target_cluster=None active_clusters=1 remaining_cells=1 scans=2
RESULT turn=231 cell=13,13 result=MISS remaining_cells=1 active_clusters=1
turn=231 result=MISS
turn=232 picked cell=16,10 target_cluster=None active_clusters=1 remaining_cells=1 scans=2
RESULT turn=232 cell=16,10 result=MISS remaining_cells=1 active_clusters=1
turn=232 result=MISS
turn=233 picked cell=6,14 target_cluster=None active_clusters=1 remaining_cells=1 scans=2
RESULT turn=233 cell=6,14 result=MISS remaining_cells=1 active_clusters=1
turn=233 result=MISS
turn=234 picked cell=5,13 target_cluster=None active_clusters=1 remaining_cells=1 scans=2
RESULT turn=234 cell=5,13 result=MISS remaining_cells=1 active_clusters=1
turn=234 result=MISS
turn=235 picked cell=8,2 target_cluster=None active_clusters=1 remaining_cells=1 scans=2
RESULT turn=235 cell=8,2 result=MISS remaining_cells=1 active_clusters=1
turn=235 result=MISS
turn=236 picked cell=4,6 target_cluster=None active_clusters=1 remaining_cells=1 scans=2
RESULT turn=236 cell=4,6 result=MISS remaining_cells=1 active_clusters=1
turn=236 result=MISS
turn=237 picked cell=14,12 target_cluster=None active_clusters=1 remaining_cells=1 scans=2
RESULT turn=237 cell=14,12 result=MISS remaining_cells=1 active_clusters=1
turn=237 result=MISS
turn=238 picked cell=8,16 target_cluster=None active_clusters=1 remaining_cells=1 scans=2
RESULT turn=238 cell=8,16 result=MISS remaining_cells=1 active_clusters=1
turn=238 result=MISS
turn=239 picked cell=16,7 target_cluster=None active_clusters=1 remaining_cells=1 scans=2
RESULT turn=239 cell=16,7 result=MISS remaining_cells=1 active_clusters=1
turn=239 result=MISS
turn=240 picked cell=2,11 target_cluster=None active_clusters=1 remaining_cells=1 scans=2
RESULT turn=240 cell=2,11 result=MISS remaining_cells=1 active_clusters=1
turn=240 result=MISS
turn=241 picked cell=15,6 target_cluster=None active_clusters=1 remaining_cells=1 scans=2
RESULT turn=241 cell=15,6 result=MISS remaining_cells=1 active_clusters=1
turn=241 result=MISS
turn=242 picked cell=3,11 target_cluster=None active_clusters=1 remaining_cells=1 scans=2
RESULT turn=242 cell=3,11 result=MISS remaining_cells=1 active_clusters=1
turn=242 result=MISS
turn=243 picked cell=5,14 target_cluster=None active_clusters=1 remaining_cells=1 scans=2
RESULT turn=243 cell=5,14 result=MISS remaining_cells=1 active_clusters=1
turn=243 result=MISS
turn=244 picked cell=1,10 target_cluster=None active_clusters=1 remaining_cells=1 scans=2
RESULT turn=244 cell=1,10 result=MISS remaining_cells=1 active_clusters=1
turn=244 result=MISS
turn=245 picked cell=8,17 target_cluster=None active_clusters=1 remaining_cells=1 scans=2
RESULT turn=245 cell=8,17 result=MISS remaining_cells=1 active_clusters=1
turn=245 result=MISS
turn=246 picked cell=12,14 target_cluster=None active_clusters=1 remaining_cells=1 scans=2
RESULT turn=246 cell=12,14 result=MISS remaining_cells=1 active_clusters=1
turn=246 result=MISS
turn=247 picked cell=2,10 target_cluster=None active_clusters=1 remaining_cells=1 scans=2
RESULT turn=247 cell=2,10 result=MISS remaining_cells=1 active_clusters=1
turn=247 result=MISS
turn=248 picked cell=4,5 target_cluster=None active_clusters=1 remaining_cells=1 scans=2
RESULT turn=248 cell=4,5 result=MISS remaining_cells=1 active_clusters=1
turn=248 result=MISS
turn=249 picked cell=0,9 target_cluster=None active_clusters=1 remaining_cells=1 scans=2
RESULT turn=249 cell=0,9 result=MISS remaining_cells=1 active_clusters=1
turn=249 result=MISS
turn=250 picked cell=7,15 target_cluster=None active_clusters=1 remaining_cells=1 scans=2
RESULT turn=250 cell=7,15 result=MISS remaining_cells=1 active_clusters=1
turn=250 result=MISS
turn=251 picked cell=10,17 target_cluster=None active_clusters=1 remaining_cells=1 scans=2
RESULT turn=251 cell=10,17 result=MISS remaining_cells=1 active_clusters=1
turn=251 result=MISS
turn=252 picked cell=6,3 target_cluster=None active_clusters=1 remaining_cells=1 scans=2
RESULT turn=252 cell=6,3 result=MISS remaining_cells=1 active_clusters=1
turn=252 result=MISS
turn=253 picked cell=9,0 target_cluster=None active_clusters=1 remaining_cells=1 scans=2
RESULT turn=253 cell=9,0 result=MISS remaining_cells=1 active_clusters=1
turn=253 result=MISS
turn=254 picked cell=14,5 target_cluster=None active_clusters=1 remaining_cells=1 scans=2
RESULT turn=254 cell=14,5 result=MISS remaining_cells=1 active_clusters=1
turn=254 result=MISS
turn=255 picked cell=7,16 target_cluster=None active_clusters=1 remaining_cells=1 scans=2
RESULT turn=255 cell=7,16 result=MISS remaining_cells=1 active_clusters=1
turn=255 result=MISS
turn=256 picked cell=3,5 target_cluster=None active_clusters=1 remaining_cells=1 scans=2
RESULT turn=256 cell=3,5 result=MISS remaining_cells=1 active_clusters=1
turn=256 result=MISS
turn=257 picked cell=4,14 target_cluster=None active_clusters=1 remaining_cells=1 scans=2
RESULT turn=257 cell=4,14 result=MISS remaining_cells=1 active_clusters=1
turn=257 result=MISS
turn=258 picked cell=6,16 target_cluster=None active_clusters=1 remaining_cells=1 scans=2
RESULT turn=258 cell=6,16 result=MISS remaining_cells=1 active_clusters=1
turn=258 result=MISS
turn=259 picked cell=17,8 target_cluster=None active_clusters=1 remaining_cells=1 scans=2
RESULT turn=259 cell=17,8 result=MISS remaining_cells=1 active_clusters=1
turn=259 result=MISS
turn=260 picked cell=12,2 target_cluster=None active_clusters=1 remaining_cells=1 scans=2
RESULT turn=260 cell=12,2 result=MISS remaining_cells=1 active_clusters=1
turn=260 result=MISS
turn=261 picked cell=6,15 target_cluster=None active_clusters=1 remaining_cells=1 scans=2
RESULT turn=261 cell=6,15 result=MISS remaining_cells=1 active_clusters=1
turn=261 result=MISS
turn=262 picked cell=0,10 target_cluster=None active_clusters=1 remaining_cells=1 scans=2
RESULT turn=262 cell=0,10 result=MISS remaining_cells=1 active_clusters=1
turn=262 result=MISS
turn=263 picked cell=4,15 target_cluster=None active_clusters=1 remaining_cells=1 scans=2
RESULT turn=263 cell=4,15 result=MISS remaining_cells=1 active_clusters=1
turn=263 result=MISS
turn=264 picked cell=7,17 target_cluster=None active_clusters=1 remaining_cells=1 scans=2
RESULT turn=264 cell=7,17 result=MISS remaining_cells=1 active_clusters=1
turn=264 result=MISS
turn=265 picked cell=2,12 target_cluster=None active_clusters=1 remaining_cells=1 scans=2
RESULT turn=265 cell=2,12 result=MISS remaining_cells=1 active_clusters=1
turn=265 result=MISS
turn=266 picked cell=8,18 target_cluster=None active_clusters=1 remaining_cells=1 scans=2
RESULT turn=266 cell=8,18 result=MISS remaining_cells=1 active_clusters=1
turn=266 result=MISS
turn=267 picked cell=16,12 target_cluster=None active_clusters=1 remaining_cells=1 scans=2
RESULT turn=267 cell=16,12 result=MISS remaining_cells=1 active_clusters=1
turn=267 result=MISS
turn=268 picked cell=18,10 target_cluster=None active_clusters=1 remaining_cells=1 scans=2
RESULT turn=268 cell=18,10 result=KILL remaining_cells=1 active_clusters=1
turn=268 result=KILL
