GAME n=19 p=0.183264 remaining_cells=75 remaining=[0, 1, 4, 3, 2, 2, 0, 2, 2, 1]
turn=1 mode=SCAN region=0,0,8,8
turn=1 result=SCAN count=20
turn=2 mode=SCAN region=0,9,8,18
turn=2 result=SCAN count=2
turn=3 mode=SCAN region=9,0,18,8
turn=3 result=SCAN count=33
turn=4 mode=SCAN region=9,9,18,18
turn=4 result=SCAN count=20
turn=5 picked cell=11,7 target_cluster=None active_clusters=0 remaining_cells=75 scans=4
RESULT turn=5 cell=11,7 result=HIT remaining_cells=75 active_clusters=0
turn=5 result=HIT
turn=6 mode=CHASE cluster=0 cluster_len=1 cell=10,7 score=100001.739662 chase_score=5091.239662 prob=1.739662
turn=6 picked cell=10,7 target_cluster=Some(0) active_clusters=1 remaining_cells=74 scans=4
RESULT turn=6 cell=10,7 result=HIT remaining_cells=74 active_clusters=1
turn=6 result=HIT
turn=7 mode=CHASE cluster=0 cluster_len=2 cell=9,7 score=200001.739662 chase_score=10285.739662 prob=1.739662
turn=7 picked cell=9,7 target_cluster=Some(0) active_clusters=1 remaining_cells=73 scans=4
RESULT turn=7 cell=9,7 result=HIT remaining_cells=73 active_clusters=1
turn=7 result=HIT
turn=8 mode=CHASE cluster=0 cluster_len=3 cell=8,7 score=300001.739662 chase_score=10219.739662 prob=1.739662
turn=8 picked cell=8,7 target_cluster=Some(0) active_clusters=1 remaining_cells=72 scans=4
RESULT turn=8 cell=8,7 result=MISS remaining_cells=72 active_clusters=1
turn=8 result=MISS
turn=9 mode=CHASE cluster=0 cluster_len=3 cell=12,7 score=300001.366618 chase_score=10058.366618 prob=1.366618
turn=9 picked cell=12,7 target_cluster=Some(0) active_clusters=1 remaining_cells=72 scans=4
RESULT turn=9 cell=12,7 result=HIT remaining_cells=72 active_clusters=1
turn=9 result=HIT
turn=10 mode=CHASE cluster=0 cluster_len=4 cell=13,7 score=400001.386018 chase_score=10050.386018 prob=1.386018
turn=10 picked cell=13,7 target_cluster=Some(0) active_clusters=1 remaining_cells=71 scans=4
RESULT turn=10 cell=13,7 result=KILL remaining_cells=71 active_clusters=1
turn=10 result=KILL
turn=10 kill_infer inferred_len=5 committed_hits=4 cluster_hits=4
turn=11 picked cell=14,6 target_cluster=None active_clusters=0 remaining_cells=70 scans=4
RESULT turn=11 cell=14,6 result=HIT remaining_cells=70 active_clusters=0
turn=11 result=HIT
turn=12 mode=CHASE cluster=0 cluster_len=1 cell=14,7 score=100000.979480 chase_score=5083.229480 prob=0.979480
turn=12 picked cell=14,7 target_cluster=Some(0) active_clusters=1 remaining_cells=69 scans=4
RESULT turn=12 cell=14,7 result=HIT remaining_cells=69 active_clusters=1
turn=12 result=HIT
turn=13 mode=CHASE cluster=0 cluster_len=2 cell=14,8 score=200001.610694 chase_score=10270.610694 prob=1.610694
turn=13 picked cell=14,8 target_cluster=Some(0) active_clusters=1 remaining_cells=68 scans=4
RESULT turn=13 cell=14,8 result=HIT remaining_cells=68 active_clusters=1
turn=13 result=HIT
turn=14 mode=CHASE cluster=0 cluster_len=3 cell=14,9 score=300001.610694 chase_score=10209.610694 prob=1.610694
turn=14 picked cell=14,9 target_cluster=Some(0) active_clusters=1 remaining_cells=67 scans=4
RESULT turn=14 cell=14,9 result=HIT remaining_cells=67 active_clusters=1
turn=14 result=HIT
turn=15 mode=CHASE cluster=0 cluster_len=4 cell=14,10 score=400001.610694 chase_score=10157.610694 prob=1.610694
turn=15 picked cell=14,10 target_cluster=Some(0) active_clusters=1 remaining_cells=66 scans=4
RESULT turn=15 cell=14,10 result=HIT remaining_cells=66 active_clusters=1
turn=15 result=HIT
turn=16 mode=CHASE cluster=0 cluster_len=5 cell=14,11 score=500001.587793 chase_score=10113.587793 prob=1.587793
turn=16 picked cell=14,11 target_cluster=Some(0) active_clusters=1 remaining_cells=65 scans=4
RESULT turn=16 cell=14,11 result=HIT remaining_cells=65 active_clusters=1
turn=16 result=HIT
turn=17 mode=CHASE cluster=0 cluster_len=6 cell=14,12 score=600001.526310 chase_score=10074.526310 prob=1.526310
turn=17 picked cell=14,12 target_cluster=Some(0) active_clusters=1 remaining_cells=64 scans=4
RESULT turn=17 cell=14,12 result=HIT remaining_cells=64 active_clusters=1
turn=17 result=HIT
turn=18 mode=CHASE cluster=0 cluster_len=7 cell=14,5 score=700001.432827 chase_score=10035.432827 prob=1.432827
turn=18 picked cell=14,5 target_cluster=Some(0) active_clusters=1 remaining_cells=63 scans=4
RESULT turn=18 cell=14,5 result=MISS remaining_cells=63 active_clusters=1
turn=18 result=MISS
turn=19 mode=CHASE cluster=0 cluster_len=7 cell=14,13 score=700001.445341 chase_score=10026.445341 prob=1.445341
turn=19 picked cell=14,13 target_cluster=Some(0) active_clusters=1 remaining_cells=63 scans=4
RESULT turn=19 cell=14,13 result=HIT remaining_cells=63 active_clusters=1
turn=19 result=HIT
turn=20 mode=CHASE cluster=0 cluster_len=8 cell=14,14 score=800001.372892 chase_score=10010.372892 prob=1.372892
turn=20 picked cell=14,14 target_cluster=Some(0) active_clusters=1 remaining_cells=62 scans=4
RESULT turn=20 cell=14,14 result=HIT remaining_cells=62 active_clusters=1
turn=20 result=HIT
turn=21 mode=CHASE cluster=0 cluster_len=9 cell=14,15 score=900001.266164 chase_score=10001.266164 prob=1.266164
turn=21 picked cell=14,15 target_cluster=Some(0) active_clusters=1 remaining_cells=61 scans=4
RESULT turn=21 cell=14,15 result=KILL remaining_cells=61 active_clusters=1
turn=21 result=KILL
turn=21 kill_infer inferred_len=9 committed_hits=8 cluster_hits=9
turn=22 mode=CHASE cluster=0 cluster_len=1 cell=13,6 score=100000.797596 chase_score=5055.797596 prob=0.797596
turn=22 picked cell=13,6 target_cluster=Some(0) active_clusters=1 remaining_cells=60 scans=4
RESULT turn=22 cell=13,6 result=HIT remaining_cells=60 active_clusters=1
turn=22 result=HIT
turn=23 mode=CHASE cluster=0 cluster_len=2 cell=12,6 score=200000.876850 chase_score=10190.876850 prob=0.876850
turn=23 picked cell=12,6 target_cluster=Some(0) active_clusters=1 remaining_cells=59 scans=4
RESULT turn=23 cell=12,6 result=HIT remaining_cells=59 active_clusters=1
turn=23 result=HIT
turn=24 mode=CHASE cluster=0 cluster_len=3 cell=11,6 score=300000.920352 chase_score=10154.920352 prob=0.920352
turn=24 picked cell=11,6 target_cluster=Some(0) active_clusters=1 remaining_cells=58 scans=4
RESULT turn=24 cell=11,6 result=HIT remaining_cells=58 active_clusters=1
turn=24 result=HIT
turn=25 mode=CHASE cluster=0 cluster_len=4 cell=15,6 score=400001.299963 chase_score=10112.299963 prob=1.299963
turn=25 picked cell=15,6 target_cluster=Some(0) active_clusters=1 remaining_cells=57 scans=4
RESULT turn=25 cell=15,6 result=HIT remaining_cells=57 active_clusters=1
turn=25 result=HIT
turn=26 mode=CHASE cluster=0 cluster_len=5 cell=16,6 score=500001.191529 chase_score=10077.191529 prob=1.191529
turn=26 picked cell=16,6 target_cluster=Some(0) active_clusters=1 remaining_cells=56 scans=4
RESULT turn=26 cell=16,6 result=HIT remaining_cells=56 active_clusters=1
turn=26 result=HIT
turn=27 mode=CHASE cluster=0 cluster_len=6 cell=17,6 score=600001.064088 chase_score=10047.064088 prob=1.064088
turn=27 picked cell=17,6 target_cluster=Some(0) active_clusters=1 remaining_cells=55 scans=4
RESULT turn=27 cell=17,6 result=HIT remaining_cells=55 active_clusters=1
turn=27 result=HIT
turn=28 mode=CHASE cluster=0 cluster_len=7 cell=10,6 score=700000.920352 chase_score=10016.920352 prob=0.920352
turn=28 picked cell=10,6 target_cluster=Some(0) active_clusters=1 remaining_cells=54 scans=4
RESULT turn=28 cell=10,6 result=KILL remaining_cells=54 active_clusters=1
turn=28 result=KILL
turn=28 kill_infer inferred_len=8 committed_hits=7 cluster_hits=7
turn=29 picked cell=6,5 target_cluster=None active_clusters=0 remaining_cells=53 scans=4
RESULT turn=29 cell=6,5 result=MISS remaining_cells=53 active_clusters=0
turn=29 result=MISS
turn=30 picked cell=7,4 target_cluster=None active_clusters=0 remaining_cells=53 scans=4
RESULT turn=30 cell=7,4 result=MISS remaining_cells=53 active_clusters=0
turn=30 result=MISS
turn=31 picked cell=5,3 target_cluster=None active_clusters=0 remaining_cells=53 scans=4
RESULT turn=31 cell=5,3 result=MISS remaining_cells=53 active_clusters=0
turn=31 result=MISS
turn=32 picked cell=4,6 target_cluster=None active_clusters=0 remaining_cells=53 scans=4
RESULT turn=32 cell=4,6 result=MISS remaining_cells=53 active_clusters=0
turn=32 result=MISS
turn=33 picked cell=8,2 target_cluster=None active_clusters=0 remaining_cells=53 scans=4
RESULT turn=33 cell=8,2 result=MISS remaining_cells=53 active_clusters=0
turn=33 result=MISS
turn=34 picked cell=7,8 target_cluster=None active_clusters=0 remaining_cells=53 scans=4
RESULT turn=34 cell=7,8 result=MISS remaining_cells=53 active_clusters=0
turn=34 result=MISS
turn=35 picked cell=3,7 target_cluster=None active_clusters=0 remaining_cells=53 scans=4
RESULT turn=35 cell=3,7 result=MISS remaining_cells=53 active_clusters=0
turn=35 result=MISS
turn=36 picked cell=6,1 target_cluster=None active_clusters=0 remaining_cells=53 scans=4
RESULT turn=36 cell=6,1 result=HIT remaining_cells=53 active_clusters=0
turn=36 result=HIT
turn=37 mode=CHASE cluster=0 cluster_len=1 cell=7,1 score=100000.949825 chase_score=5053.449825 prob=0.949825
turn=37 picked cell=7,1 target_cluster=Some(0) active_clusters=1 remaining_cells=52 scans=4
RESULT turn=37 cell=7,1 result=MISS remaining_cells=52 active_clusters=1
turn=37 result=MISS
turn=38 mode=CHASE cluster=0 cluster_len=1 cell=6,2 score=100000.462720 chase_score=5012.212720 prob=0.462720
turn=38 picked cell=6,2 target_cluster=Some(0) active_clusters=1 remaining_cells=52 scans=4
RESULT turn=38 cell=6,2 result=MISS remaining_cells=52 active_clusters=1
turn=38 result=MISS
turn=39 mode=CHASE cluster=0 cluster_len=1 cell=5,1 score=100000.279416 chase_score=5011.279416 prob=0.279416
turn=39 picked cell=5,1 target_cluster=Some(0) active_clusters=1 remaining_cells=52 scans=4
RESULT turn=39 cell=5,1 result=HIT remaining_cells=52 active_clusters=1
turn=39 result=HIT
turn=40 mode=CHASE cluster=0 cluster_len=2 cell=4,1 score=200000.438420 chase_score=10036.438420 prob=0.438420
turn=40 picked cell=4,1 target_cluster=Some(0) active_clusters=1 remaining_cells=51 scans=4
RESULT turn=40 cell=4,1 result=HIT remaining_cells=51 active_clusters=1
turn=40 result=HIT
turn=41 mode=CHASE cluster=0 cluster_len=3 cell=3,1 score=300000.509930 chase_score=10027.509930 prob=0.509930
turn=41 picked cell=3,1 target_cluster=Some(0) active_clusters=1 remaining_cells=50 scans=4
RESULT turn=41 cell=3,1 result=HIT remaining_cells=50 active_clusters=1
turn=41 result=HIT
turn=42 mode=CHASE cluster=0 cluster_len=4 cell=2,1 score=400000.598292 chase_score=10019.598292 prob=0.598292
turn=42 picked cell=2,1 target_cluster=Some(0) active_clusters=1 remaining_cells=49 scans=4
RESULT turn=42 cell=2,1 result=HIT remaining_cells=49 active_clusters=1
turn=42 result=HIT
turn=43 mode=CHASE cluster=0 cluster_len=5 cell=1,1 score=500000.537411 chase_score=10014.537411 prob=0.537411
turn=43 picked cell=1,1 target_cluster=Some(0) active_clusters=1 remaining_cells=48 scans=4
RESULT turn=43 cell=1,1 result=HIT remaining_cells=48 active_clusters=1
turn=43 result=HIT
turn=44 mode=CHASE cluster=0 cluster_len=6 cell=0,1 score=600000.456532 chase_score=10014.456532 prob=0.456532
turn=44 picked cell=0,1 target_cluster=Some(0) active_clusters=1 remaining_cells=47 scans=4
RESULT turn=44 cell=0,1 result=KILL remaining_cells=47 active_clusters=1
turn=44 result=KILL
turn=44 kill_infer inferred_len=7 committed_hits=6 cluster_hits=6
turn=45 picked cell=12,3 target_cluster=None active_clusters=0 remaining_cells=46 scans=4
RESULT turn=45 cell=12,3 result=MISS remaining_cells=46 active_clusters=0
turn=45 result=MISS
turn=46 picked cell=11,0 target_cluster=None active_clusters=0 remaining_cells=46 scans=4
RESULT turn=46 cell=11,0 result=MISS remaining_cells=46 active_clusters=0
turn=46 result=MISS
turn=47 picked cell=18,7 target_cluster=None active_clusters=0 remaining_cells=46 scans=4
RESULT turn=47 cell=18,7 result=MISS remaining_cells=46 active_clusters=0
turn=47 result=MISS
turn=48 picked cell=13,4 target_cluster=None active_clusters=0 remaining_cells=46 scans=4
RESULT turn=48 cell=13,4 result=HIT remaining_cells=46 active_clusters=0
turn=48 result=HIT
turn=49 mode=CHASE cluster=0 cluster_len=1 cell=14,4 score=100000.660274 chase_score=5034.910274 prob=0.660274
turn=49 picked cell=14,4 target_cluster=Some(0) active_clusters=1 remaining_cells=45 scans=4
RESULT turn=49 cell=14,4 result=HIT remaining_cells=45 active_clusters=1
turn=49 result=HIT
turn=50 mode=CHASE cluster=0 cluster_len=2 cell=12,4 score=200000.594714 chase_score=10107.594714 prob=0.594714
turn=50 picked cell=12,4 target_cluster=Some(0) active_clusters=1 remaining_cells=44 scans=4
RESULT turn=50 cell=12,4 result=MISS remaining_cells=44 active_clusters=1
turn=50 result=MISS
turn=51 mode=CHASE cluster=0 cluster_len=2 cell=15,4 score=200000.407837 chase_score=10022.407837 prob=0.407837
turn=51 picked cell=15,4 target_cluster=Some(0) active_clusters=1 remaining_cells=44 scans=4
RESULT turn=51 cell=15,4 result=HIT remaining_cells=44 active_clusters=1
turn=51 result=HIT
turn=52 mode=CHASE cluster=0 cluster_len=3 cell=16,4 score=300000.407837 chase_score=10013.407837 prob=0.407837
turn=52 picked cell=16,4 target_cluster=Some(0) active_clusters=1 remaining_cells=43 scans=4
RESULT turn=52 cell=16,4 result=KILL remaining_cells=43 active_clusters=1
turn=52 result=KILL
turn=52 kill_infer inferred_len=4 committed_hits=3 cluster_hits=3
turn=53 picked cell=14,1 target_cluster=None active_clusters=0 remaining_cells=42 scans=4
RESULT turn=53 cell=14,1 result=HIT remaining_cells=42 active_clusters=0
turn=53 result=HIT
turn=54 mode=CHASE cluster=0 cluster_len=1 cell=13,1 score=100000.656053 chase_score=5031.906053 prob=0.656053
turn=54 picked cell=13,1 target_cluster=Some(0) active_clusters=1 remaining_cells=41 scans=4
RESULT turn=54 cell=13,1 result=HIT remaining_cells=41 active_clusters=1
turn=54 result=HIT
turn=55 mode=CHASE cluster=0 cluster_len=2 cell=12,1 score=200000.617062 chase_score=10099.617062 prob=0.617062
turn=55 picked cell=12,1 target_cluster=Some(0) active_clusters=1 remaining_cells=40 scans=4
RESULT turn=55 cell=12,1 result=HIT remaining_cells=40 active_clusters=1
turn=55 result=HIT
turn=56 mode=CHASE cluster=0 cluster_len=3 cell=15,1 score=300000.611004 chase_score=10074.611004 prob=0.611004
turn=56 picked cell=15,1 target_cluster=Some(0) active_clusters=1 remaining_cells=39 scans=4
RESULT turn=56 cell=15,1 result=HIT remaining_cells=39 active_clusters=1
turn=56 result=HIT
turn=57 mode=CHASE cluster=0 cluster_len=4 cell=11,1 score=400000.579249 chase_score=10058.579249 prob=0.579249
turn=57 picked cell=11,1 target_cluster=Some(0) active_clusters=1 remaining_cells=38 scans=4
RESULT turn=57 cell=11,1 result=HIT remaining_cells=38 active_clusters=1
turn=57 result=HIT
turn=58 mode=CHASE cluster=0 cluster_len=5 cell=10,1 score=500000.564582 chase_score=10038.564582 prob=0.564582
turn=58 picked cell=10,1 target_cluster=Some(0) active_clusters=1 remaining_cells=37 scans=4
RESULT turn=58 cell=10,1 result=HIT remaining_cells=37 active_clusters=1
turn=58 result=HIT
turn=59 mode=CHASE cluster=0 cluster_len=6 cell=16,1 score=600000.518067 chase_score=10023.518067 prob=0.518067
turn=59 picked cell=16,1 target_cluster=Some(0) active_clusters=1 remaining_cells=36 scans=4
RESULT turn=59 cell=16,1 result=MISS remaining_cells=36 active_clusters=1
turn=59 result=MISS
turn=60 mode=CHASE cluster=0 cluster_len=6 cell=9,1 score=600000.443274 chase_score=10015.443274 prob=0.443274
turn=60 picked cell=9,1 target_cluster=Some(0) active_clusters=1 remaining_cells=36 scans=4
RESULT turn=60 cell=9,1 result=KILL remaining_cells=36 active_clusters=1
turn=60 result=KILL
turn=60 kill_infer inferred_len=7 committed_hits=6 cluster_hits=6
turn=61 picked cell=5,8 target_cluster=None active_clusters=0 remaining_cells=35 scans=4
RESULT turn=61 cell=5,8 result=MISS remaining_cells=35 active_clusters=0
turn=61 result=MISS
turn=62 picked cell=2,5 target_cluster=None active_clusters=0 remaining_cells=35 scans=4
RESULT turn=62 cell=2,5 result=MISS remaining_cells=35 active_clusters=0
turn=62 result=MISS
turn=63 picked cell=6,7 target_cluster=None active_clusters=0 remaining_cells=35 scans=4
RESULT turn=63 cell=6,7 result=HIT remaining_cells=35 active_clusters=0
turn=63 result=HIT
turn=64 mode=CHASE cluster=0 cluster_len=1 cell=6,8 score=100000.335649 chase_score=5015.335649 prob=0.335649
turn=64 picked cell=6,8 target_cluster=Some(0) active_clusters=1 remaining_cells=34 scans=4
RESULT turn=64 cell=6,8 result=MISS remaining_cells=34 active_clusters=1
turn=64 result=MISS
turn=65 mode=CHASE cluster=0 cluster_len=1 cell=5,7 score=100000.178392 chase_score=5007.678392 prob=0.178392
turn=65 picked cell=5,7 target_cluster=Some(0) active_clusters=1 remaining_cells=34 scans=4
RESULT turn=65 cell=5,7 result=KILL remaining_cells=34 active_clusters=1
turn=65 result=KILL
turn=65 kill_infer inferred_len=2 committed_hits=1 cluster_hits=1
turn=66 picked cell=9,11 target_cluster=None active_clusters=0 remaining_cells=33 scans=4
RESULT turn=66 cell=9,11 result=HIT remaining_cells=33 active_clusters=0
turn=66 result=HIT
turn=67 mode=CHASE cluster=0 cluster_len=1 cell=8,11 score=100000.868279 chase_score=5024.868279 prob=0.868279
turn=67 picked cell=8,11 target_cluster=Some(0) active_clusters=1 remaining_cells=32 scans=4
RESULT turn=67 cell=8,11 result=MISS remaining_cells=32 active_clusters=1
turn=67 result=MISS
turn=68 mode=CHASE cluster=0 cluster_len=1 cell=9,12 score=100000.883514 chase_score=5022.883514 prob=0.883514
turn=68 picked cell=9,12 target_cluster=Some(0) active_clusters=1 remaining_cells=32 scans=4
RESULT turn=68 cell=9,12 result=HIT remaining_cells=32 active_clusters=1
turn=68 result=HIT
turn=69 mode=CHASE cluster=0 cluster_len=2 cell=9,13 score=200000.883514 chase_score=10064.883514 prob=0.883514
turn=69 picked cell=9,13 target_cluster=Some(0) active_clusters=1 remaining_cells=31 scans=4
RESULT turn=69 cell=9,13 result=HIT remaining_cells=31 active_clusters=1
turn=69 result=HIT
turn=70 mode=CHASE cluster=0 cluster_len=3 cell=9,14 score=300000.883514 chase_score=10046.883514 prob=0.883514
turn=70 picked cell=9,14 target_cluster=Some(0) active_clusters=1 remaining_cells=30 scans=4
RESULT turn=70 cell=9,14 result=HIT remaining_cells=30 active_clusters=1
turn=70 result=HIT
turn=71 mode=CHASE cluster=0 cluster_len=4 cell=9,15 score=400000.865269 chase_score=10037.865269 prob=0.865269
turn=71 picked cell=9,15 target_cluster=Some(0) active_clusters=1 remaining_cells=29 scans=4
RESULT turn=71 cell=9,15 result=MISS remaining_cells=29 active_clusters=1
turn=71 result=MISS
turn=72 mode=CHASE cluster=0 cluster_len=4 cell=9,10 score=400000.703733 chase_score=10005.703733 prob=0.703733
turn=72 picked cell=9,10 target_cluster=Some(0) active_clusters=1 remaining_cells=29 scans=4
RESULT turn=72 cell=9,10 result=HIT remaining_cells=29 active_clusters=1
turn=72 result=HIT
turn=73 mode=CHASE cluster=0 cluster_len=5 cell=9,9 score=500000.642100 chase_score=10000.642100 prob=0.642100
turn=73 picked cell=9,9 target_cluster=Some(0) active_clusters=1 remaining_cells=28 scans=4
RESULT turn=73 cell=9,9 result=HIT remaining_cells=28 active_clusters=1
turn=73 result=HIT
turn=74 mode=CHASE cluster=0 cluster_len=6 cell=9,8 score=600000.244689 chase_score=10000.244689 prob=0.244689
turn=74 picked cell=9,8 target_cluster=Some(0) active_clusters=1 remaining_cells=27 scans=4
RESULT turn=74 cell=9,8 result=KILL remaining_cells=27 active_clusters=1
turn=74 result=KILL
turn=74 kill_infer inferred_len=5 committed_hits=4 cluster_hits=6
turn=75 mode=CHASE cluster=0 cluster_len=2 cell=10,13 score=200000.764374 chase_score=5000.764374 prob=0.764374
turn=75 picked cell=10,13 target_cluster=Some(0) active_clusters=1 remaining_cells=26 scans=4
RESULT turn=75 cell=10,13 result=MISS remaining_cells=26 active_clusters=1
turn=75 result=MISS
turn=76 mode=CHASE cluster=0 cluster_len=2 cell=8,14 score=200000.685844 chase_score=5000.685844 prob=0.685844
turn=76 picked cell=8,14 target_cluster=Some(0) active_clusters=1 remaining_cells=26 scans=4
RESULT turn=76 cell=8,14 result=MISS remaining_cells=26 active_clusters=1
turn=76 result=MISS
turn=77 mode=CHASE cluster=0 cluster_len=2 cell=8,13 score=200000.270772 chase_score=5000.270772 prob=0.270772
turn=77 picked cell=8,13 target_cluster=Some(0) active_clusters=1 remaining_cells=26 scans=4
RESULT turn=77 cell=8,13 result=MISS remaining_cells=26 active_clusters=1
turn=77 result=MISS
turn=78 mode=CHASE cluster=0 cluster_len=2 cell=10,14 score=200000.223025 chase_score=5000.223025 prob=0.223025
turn=78 picked cell=10,14 target_cluster=Some(0) active_clusters=1 remaining_cells=26 scans=4
RESULT turn=78 cell=10,14 result=MISS remaining_cells=26 active_clusters=1
turn=78 result=MISS
turn=79 picked cell=1,6 target_cluster=None active_clusters=1 remaining_cells=26 scans=4
RESULT turn=79 cell=1,6 result=MISS remaining_cells=26 active_clusters=1
turn=79 result=MISS
turn=80 picked cell=5,0 target_cluster=None active_clusters=1 remaining_cells=26 scans=4
RESULT turn=80 cell=5,0 result=HIT remaining_cells=26 active_clusters=1
turn=80 result=HIT
turn=81 mode=CHASE cluster=1 cluster_len=1 cell=6,0 score=100000.436025 chase_score=5017.436025 prob=0.436025
turn=81 picked cell=6,0 target_cluster=Some(1) active_clusters=2 remaining_cells=25 scans=4
RESULT turn=81 cell=6,0 result=HIT remaining_cells=25 active_clusters=2
turn=81 result=HIT
turn=82 mode=CHASE cluster=1 cluster_len=2 cell=4,0 score=200000.436025 chase_score=10049.436025 prob=0.436025
turn=82 picked cell=4,0 target_cluster=Some(1) active_clusters=2 remaining_cells=24 scans=4
RESULT turn=82 cell=4,0 result=HIT remaining_cells=24 active_clusters=2
turn=82 result=HIT
turn=83 mode=CHASE cluster=1 cluster_len=3 cell=3,0 score=300000.436025 chase_score=10036.436025 prob=0.436025
turn=83 picked cell=3,0 target_cluster=Some(1) active_clusters=2 remaining_cells=23 scans=4
RESULT turn=83 cell=3,0 result=MISS remaining_cells=23 active_clusters=2
turn=83 result=MISS
turn=84 mode=CHASE cluster=1 cluster_len=3 cell=7,0 score=300000.229401 chase_score=10004.229401 prob=0.229401
turn=84 picked cell=7,0 target_cluster=Some(1) active_clusters=2 remaining_cells=23 scans=4
RESULT turn=84 cell=7,0 result=HIT remaining_cells=23 active_clusters=2
turn=84 result=HIT
turn=85 mode=CHASE cluster=1 cluster_len=4 cell=8,0 score=400000.234391 chase_score=10000.234391 prob=0.234391
turn=85 picked cell=8,0 target_cluster=Some(1) active_clusters=2 remaining_cells=22 scans=4
RESULT turn=85 cell=8,0 result=KILL remaining_cells=22 active_clusters=2
turn=85 result=KILL
turn=85 kill_infer inferred_len=4 committed_hits=3 cluster_hits=4
turn=86 picked cell=7,6 target_cluster=None active_clusters=2 remaining_cells=21 scans=4
RESULT turn=86 cell=7,6 result=MISS remaining_cells=21 active_clusters=2
turn=86 result=MISS
turn=87 picked cell=8,5 target_cluster=None active_clusters=2 remaining_cells=21 scans=4
RESULT turn=87 cell=8,5 result=MISS remaining_cells=21 active_clusters=2
turn=87 result=MISS
turn=88 picked cell=11,12 target_cluster=None active_clusters=2 remaining_cells=21 scans=4
RESULT turn=88 cell=11,12 result=HIT remaining_cells=21 active_clusters=2
turn=88 result=HIT
turn=89 mode=CHASE cluster=2 cluster_len=1 cell=11,11 score=100000.515220 chase_score=5014.515220 prob=0.515220
turn=89 picked cell=11,11 target_cluster=Some(2) active_clusters=3 remaining_cells=20 scans=4
RESULT turn=89 cell=11,11 result=HIT remaining_cells=20 active_clusters=3
turn=89 result=HIT
turn=90 mode=CHASE cluster=2 cluster_len=2 cell=11,13 score=200000.453569 chase_score=10041.453569 prob=0.453569
turn=90 picked cell=11,13 target_cluster=Some(2) active_clusters=3 remaining_cells=19 scans=4
RESULT turn=90 cell=11,13 result=MISS remaining_cells=19 active_clusters=3
turn=90 result=MISS
turn=91 mode=CHASE cluster=2 cluster_len=2 cell=11,10 score=200000.298708 chase_score=10009.298708 prob=0.298708
turn=91 picked cell=11,10 target_cluster=Some(2) active_clusters=3 remaining_cells=19 scans=4
RESULT turn=91 cell=11,10 result=HIT remaining_cells=19 active_clusters=3
turn=91 result=HIT
turn=92 mode=CHASE cluster=2 cluster_len=3 cell=11,9 score=300000.259834 chase_score=10000.259834 prob=0.259834
turn=92 picked cell=11,9 target_cluster=Some(2) active_clusters=3 remaining_cells=18 scans=4
RESULT turn=92 cell=11,9 result=HIT remaining_cells=18 active_clusters=3
turn=92 result=HIT
turn=93 mode=CHASE cluster=2 cluster_len=4 cell=11,8 score=400000.196768 chase_score=10000.196768 prob=0.196768
turn=93 picked cell=11,8 target_cluster=Some(2) active_clusters=3 remaining_cells=17 scans=4
RESULT turn=93 cell=11,8 result=KILL remaining_cells=17 active_clusters=3
turn=93 result=KILL
turn=93 kill_infer inferred_len=3 committed_hits=2 cluster_hits=4
turn=94 mode=CHASE cluster=2 cluster_len=2 cell=12,12 score=200000.482662 chase_score=5000.482662 prob=0.482662
turn=94 picked cell=12,12 target_cluster=Some(2) active_clusters=3 remaining_cells=16 scans=4
RESULT turn=94 cell=12,12 result=MISS remaining_cells=16 active_clusters=3
turn=94 result=MISS
turn=95 mode=CHASE cluster=2 cluster_len=2 cell=12,11 score=200000.170481 chase_score=5000.170481 prob=0.170481
turn=95 picked cell=12,11 target_cluster=Some(2) active_clusters=3 remaining_cells=16 scans=4
RESULT turn=95 cell=12,11 result=MISS remaining_cells=16 active_clusters=3
turn=95 result=MISS
turn=96 mode=CHASE cluster=2 cluster_len=2 cell=10,11 score=200000.142958 chase_score=5000.142958 prob=0.142958
turn=96 picked cell=10,11 target_cluster=Some(2) active_clusters=3 remaining_cells=16 scans=4
RESULT turn=96 cell=10,11 result=MISS remaining_cells=16 active_clusters=3
turn=96 result=MISS
turn=97 mode=CHASE cluster=2 cluster_len=2 cell=10,12 score=200000.034462 chase_score=5000.034462 prob=0.034462
turn=97 picked cell=10,12 target_cluster=Some(2) active_clusters=3 remaining_cells=16 scans=4
RESULT turn=97 cell=10,12 result=MISS remaining_cells=16 active_clusters=3
turn=97 result=MISS
turn=98 picked cell=0,7 target_cluster=None active_clusters=3 remaining_cells=16 scans=4
RESULT turn=98 cell=0,7 result=MISS remaining_cells=16 active_clusters=3
turn=98 result=MISS
turn=99 picked cell=2,8 target_cluster=None active_clusters=3 remaining_cells=16 scans=4
RESULT turn=99 cell=2,8 result=HIT remaining_cells=16 active_clusters=3
turn=99 result=HIT
turn=100 mode=CHASE cluster=3 cluster_len=1 cell=2,9 score=100000.679537 chase_score=5011.179537 prob=0.679537
turn=100 picked cell=2,9 target_cluster=Some(3) active_clusters=4 remaining_cells=15 scans=4
RESULT turn=100 cell=2,9 result=MISS remaining_cells=15 active_clusters=4
turn=100 result=MISS
turn=101 mode=CHASE cluster=3 cluster_len=1 cell=1,8 score=100000.380357 chase_score=5004.880357 prob=0.380357
turn=101 picked cell=1,8 target_cluster=Some(3) active_clusters=4 remaining_cells=15 scans=4
RESULT turn=101 cell=1,8 result=HIT remaining_cells=15 active_clusters=4
turn=101 result=HIT
turn=102 mode=CHASE cluster=3 cluster_len=2 cell=3,8 score=200000.253429 chase_score=10006.253429 prob=0.253429
turn=102 picked cell=3,8 target_cluster=Some(3) active_clusters=4 remaining_cells=14 scans=4
RESULT turn=102 cell=3,8 result=KILL remaining_cells=14 active_clusters=4
turn=102 result=KILL
turn=102 kill_infer inferred_len=3 committed_hits=2 cluster_hits=2
turn=103 picked cell=11,2 target_cluster=None active_clusters=3 remaining_cells=13 scans=4
RESULT turn=103 cell=11,2 result=MISS remaining_cells=13 active_clusters=3
turn=103 result=MISS
turn=104 picked cell=16,8 target_cluster=None active_clusters=3 remaining_cells=13 scans=4
RESULT turn=104 cell=16,8 result=MISS remaining_cells=13 active_clusters=3
turn=104 result=MISS
turn=105 picked cell=17,2 target_cluster=None active_clusters=3 remaining_cells=13 scans=4
RESULT turn=105 cell=17,2 result=MISS remaining_cells=13 active_clusters=3
turn=105 result=MISS
turn=106 picked cell=9,4 target_cluster=None active_clusters=3 remaining_cells=13 scans=4
RESULT turn=106 cell=9,4 result=MISS remaining_cells=13 active_clusters=3
turn=106 result=MISS
turn=107 picked cell=10,3 target_cluster=None active_clusters=3 remaining_cells=13 scans=4
RESULT turn=107 cell=10,3 result=MISS remaining_cells=13 active_clusters=3
turn=107 result=MISS
turn=108 picked cell=17,8 target_cluster=None active_clusters=3 remaining_cells=13 scans=4
RESULT turn=108 cell=17,8 result=MISS remaining_cells=13 active_clusters=3
turn=108 result=MISS
turn=109 picked cell=11,5 target_cluster=None active_clusters=3 remaining_cells=13 scans=4
RESULT turn=109 cell=11,5 result=MISS remaining_cells=13 active_clusters=3
turn=109 result=MISS
turn=110 picked cell=18,3 target_cluster=None active_clusters=3 remaining_cells=13 scans=4
RESULT turn=110 cell=18,3 result=MISS remaining_cells=13 active_clusters=3
turn=110 result=MISS
turn=111 picked cell=15,8 target_cluster=None active_clusters=3 remaining_cells=13 scans=4
RESULT turn=111 cell=15,8 result=MISS remaining_cells=13 active_clusters=3
turn=111 result=MISS
turn=112 picked cell=14,2 target_cluster=None active_clusters=3 remaining_cells=13 scans=4
RESULT turn=112 cell=14,2 result=MISS remaining_cells=13 active_clusters=3
turn=112 result=MISS
turn=113 picked cell=17,5 target_cluster=None active_clusters=3 remaining_cells=13 scans=4
RESULT turn=113 cell=17,5 result=MISS remaining_cells=13 active_clusters=3
turn=113 result=MISS
turn=114 picked cell=15,3 target_cluster=None active_clusters=3 remaining_cells=13 scans=4
RESULT turn=114 cell=15,3 result=MISS remaining_cells=13 active_clusters=3
turn=114 result=MISS
turn=115 picked cell=17,0 target_cluster=None active_clusters=3 remaining_cells=13 scans=4
RESULT turn=115 cell=17,0 result=MISS remaining_cells=13 active_clusters=3
turn=115 result=MISS
turn=116 picked cell=14,0 target_cluster=None active_clusters=3 remaining_cells=13 scans=4
RESULT turn=116 cell=14,0 result=MISS remaining_cells=13 active_clusters=3
turn=116 result=MISS
turn=117 picked cell=18,1 target_cluster=None active_clusters=3 remaining_cells=13 scans=4
RESULT turn=117 cell=18,1 result=HIT remaining_cells=13 active_clusters=3
turn=117 result=HIT
turn=118 mode=CHASE cluster=3 cluster_len=1 cell=18,2 score=100000.063400 chase_score=5002.313400 prob=0.063400
turn=118 picked cell=18,2 target_cluster=Some(3) active_clusters=4 remaining_cells=12 scans=4
RESULT turn=118 cell=18,2 result=HIT remaining_cells=12 active_clusters=4
turn=118 result=HIT
turn=119 mode=CHASE cluster=3 cluster_len=2 cell=18,0 score=200000.063400 chase_score=10003.063400 prob=0.063400
turn=119 picked cell=18,0 target_cluster=Some(3) active_clusters=4 remaining_cells=11 scans=4
RESULT turn=119 cell=18,0 result=KILL remaining_cells=11 active_clusters=4
turn=119 result=KILL
turn=119 kill_infer inferred_len=3 committed_hits=2 cluster_hits=2
turn=120 picked cell=13,16 target_cluster=None active_clusters=3 remaining_cells=10 scans=4
RESULT turn=120 cell=13,16 result=MISS remaining_cells=10 active_clusters=3
turn=120 result=MISS
turn=121 picked cell=11,17 target_cluster=None active_clusters=3 remaining_cells=10 scans=4
RESULT turn=121 cell=11,17 result=MISS remaining_cells=10 active_clusters=3
turn=121 result=MISS
turn=122 picked cell=10,18 target_cluster=None active_clusters=3 remaining_cells=10 scans=4
RESULT turn=122 cell=10,18 result=MISS remaining_cells=10 active_clusters=3
turn=122 result=MISS
turn=123 picked cell=18,14 target_cluster=None active_clusters=3 remaining_cells=10 scans=4
RESULT turn=123 cell=18,14 result=MISS remaining_cells=10 active_clusters=3
turn=123 result=MISS
turn=124 picked cell=17,11 target_cluster=None active_clusters=3 remaining_cells=10 scans=4
RESULT turn=124 cell=17,11 result=MISS remaining_cells=10 active_clusters=3
turn=124 result=MISS
turn=125 picked cell=16,15 target_cluster=None active_clusters=3 remaining_cells=10 scans=4
RESULT turn=125 cell=16,15 result=MISS remaining_cells=10 active_clusters=3
turn=125 result=MISS
turn=126 picked cell=15,16 target_cluster=None active_clusters=3 remaining_cells=10 scans=4
RESULT turn=126 cell=15,16 result=MISS remaining_cells=10 active_clusters=3
turn=126 result=MISS
turn=127 picked cell=9,16 target_cluster=None active_clusters=3 remaining_cells=10 scans=4
RESULT turn=127 cell=9,16 result=MISS remaining_cells=10 active_clusters=3
turn=127 result=MISS
turn=128 picked cell=4,8 target_cluster=None active_clusters=3 remaining_cells=10 scans=4
RESULT turn=128 cell=4,8 result=KILL remaining_cells=10 active_clusters=3
turn=128 result=KILL
turn=129 picked cell=9,17 target_cluster=None active_clusters=3 remaining_cells=9 scans=4
RESULT turn=129 cell=9,17 result=MISS remaining_cells=9 active_clusters=3
turn=129 result=MISS
turn=130 picked cell=13,9 target_cluster=None active_clusters=3 remaining_cells=9 scans=4
RESULT turn=130 cell=13,9 result=MISS remaining_cells=9 active_clusters=3
turn=130 result=MISS
turn=131 picked cell=12,18 target_cluster=None active_clusters=3 remaining_cells=9 scans=4
RESULT turn=131 cell=12,18 result=MISS remaining_cells=9 active_clusters=3
turn=131 result=MISS
turn=132 picked cell=7,12 target_cluster=None active_clusters=3 remaining_cells=9 scans=4
RESULT turn=132 cell=7,12 result=HIT remaining_cells=9 active_clusters=3
turn=132 result=HIT
turn=133 mode=CHASE cluster=3 cluster_len=1 cell=7,13 score=100000.848774 chase_score=5008.348774 prob=0.848774
turn=133 picked cell=7,13 target_cluster=Some(3) active_clusters=4 remaining_cells=8 scans=4
RESULT turn=133 cell=7,13 result=KILL remaining_cells=8 active_clusters=4
turn=133 result=KILL
turn=133 kill_infer inferred_len=2 committed_hits=1 cluster_hits=1
turn=134 picked cell=11,15 target_cluster=None active_clusters=3 remaining_cells=7 scans=4
RESULT turn=134 cell=11,15 result=MISS remaining_cells=7 active_clusters=3
turn=134 result=MISS
turn=135 picked cell=12,14 target_cluster=None active_clusters=3 remaining_cells=7 scans=4
RESULT turn=135 cell=12,14 result=HIT remaining_cells=7 active_clusters=3
turn=135 result=HIT
turn=136 mode=CHASE cluster=3 cluster_len=1 cell=13,14 score=100000.151261 chase_score=5001.151261 prob=0.151261
turn=136 picked cell=13,14 target_cluster=Some(3) active_clusters=4 remaining_cells=6 scans=4
RESULT turn=136 cell=13,14 result=MISS remaining_cells=6 active_clusters=4
turn=136 result=MISS
turn=137 mode=CHASE cluster=3 cluster_len=1 cell=12,15 score=100000.151510 chase_score=5001.151510 prob=0.151510
turn=137 picked cell=12,15 target_cluster=Some(3) active_clusters=4 remaining_cells=6 scans=4
RESULT turn=137 cell=12,15 result=HIT remaining_cells=6 active_clusters=4
turn=137 result=HIT
turn=138 mode=CHASE cluster=3 cluster_len=2 cell=12,16 score=200000.151510 chase_score=10000.151510 prob=0.151510
turn=138 picked cell=12,16 target_cluster=Some(3) active_clusters=4 remaining_cells=5 scans=4
RESULT turn=138 cell=12,16 result=KILL remaining_cells=5 active_clusters=4
turn=138 result=KILL
turn=138 kill_infer inferred_len=2 committed_hits=1 cluster_hits=2
turn=139 mode=CHASE cluster=3 cluster_len=1 cell=12,13 score=100000.056850 chase_score=5000.556850 prob=0.056850
turn=139 picked cell=12,13 target_cluster=Some(3) active_clusters=4 remaining_cells=4 scans=4
RESULT turn=139 cell=12,13 result=MISS remaining_cells=4 active_clusters=4
turn=139 result=MISS
turn=140 mode=CHASE cluster=3 cluster_len=1 cell=11,14 score=100000.028451 chase_score=5000.528451 prob=0.028451
turn=140 picked cell=11,14 target_cluster=Some(3) active_clusters=4 remaining_cells=4 scans=4
RESULT turn=140 cell=11,14 result=MISS remaining_cells=4 active_clusters=4
turn=140 result=MISS
turn=141 picked cell=3,4 target_cluster=None active_clusters=4 remaining_cells=4 scans=4
RESULT turn=141 cell=3,4 result=MISS remaining_cells=4 active_clusters=4
turn=141 result=MISS
turn=142 picked cell=1,4 target_cluster=None active_clusters=4 remaining_cells=4 scans=4
RESULT turn=142 cell=1,4 result=MISS remaining_cells=4 active_clusters=4
turn=142 result=MISS
turn=143 picked cell=2,3 target_cluster=None active_clusters=4 remaining_cells=4 scans=4
RESULT turn=143 cell=2,3 result=MISS remaining_cells=4 active_clusters=4
turn=143 result=MISS
turn=144 picked cell=5,5 target_cluster=None active_clusters=4 remaining_cells=4 scans=4
RESULT turn=144 cell=5,5 result=MISS remaining_cells=4 active_clusters=4
turn=144 result=MISS
turn=145 picked cell=8,3 target_cluster=None active_clusters=4 remaining_cells=4 scans=4
RESULT turn=145 cell=8,3 result=MISS remaining_cells=4 active_clusters=4
turn=145 result=MISS
turn=146 picked cell=4,3 target_cluster=None active_clusters=4 remaining_cells=4 scans=4
RESULT turn=146 cell=4,3 result=MISS remaining_cells=4 active_clusters=4
turn=146 result=MISS
turn=147 picked cell=0,5 target_cluster=None active_clusters=4 remaining_cells=4 scans=4
RESULT turn=147 cell=0,5 result=MISS remaining_cells=4 active_clusters=4
turn=147 result=MISS
turn=148 picked cell=3,2 target_cluster=None active_clusters=4 remaining_cells=4 scans=4
RESULT turn=148 cell=3,2 result=MISS remaining_cells=4 active_clusters=4
turn=148 result=MISS
turn=149 picked cell=1,2 target_cluster=None active_clusters=4 remaining_cells=4 scans=4
RESULT turn=149 cell=1,2 result=HIT remaining_cells=4 active_clusters=4
turn=149 result=HIT
turn=150 mode=CHASE cluster=4 cluster_len=1 cell=0,2 score=100000.057726 chase_score=5000.557726 prob=0.057726
turn=150 picked cell=0,2 target_cluster=Some(4) active_clusters=5 remaining_cells=3 scans=4
RESULT turn=150 cell=0,2 result=MISS remaining_cells=3 active_clusters=5
turn=150 result=MISS
turn=151 mode=CHASE cluster=4 cluster_len=1 cell=1,3 score=100000.057792 chase_score=5000.557792 prob=0.057792
turn=151 picked cell=1,3 target_cluster=Some(4) active_clusters=5 remaining_cells=3 scans=4
RESULT turn=151 cell=1,3 result=KILL remaining_cells=3 active_clusters=5
turn=151 result=KILL
turn=151 kill_infer inferred_len=2 committed_hits=1 cluster_hits=1
turn=152 picked cell=10,9 target_cluster=None active_clusters=4 remaining_cells=2 scans=4
RESULT turn=152 cell=10,9 result=MISS remaining_cells=2 active_clusters=4
turn=152 result=MISS
turn=153 picked cell=6,9 target_cluster=None active_clusters=4 remaining_cells=2 scans=4
RESULT turn=153 cell=6,9 result=MISS remaining_cells=2 active_clusters=4
turn=153 result=MISS
turn=154 picked cell=7,9 target_cluster=None active_clusters=4 remaining_cells=2 scans=4
RESULT turn=154 cell=7,9 result=MISS remaining_cells=2 active_clusters=4
turn=154 result=MISS
turn=155 picked cell=8,10 target_cluster=None active_clusters=4 remaining_cells=2 scans=4
RESULT turn=155 cell=8,10 result=MISS remaining_cells=2 active_clusters=4
turn=155 result=MISS
turn=156 picked cell=10,8 target_cluster=None active_clusters=4 remaining_cells=2 scans=4
RESULT turn=156 cell=10,8 result=MISS remaining_cells=2 active_clusters=4
turn=156 result=MISS
turn=157 picked cell=10,10 target_cluster=None active_clusters=4 remaining_cells=2 scans=4
RESULT turn=157 cell=10,10 result=MISS remaining_cells=2 active_clusters=4
turn=157 result=MISS
turn=158 picked cell=8,8 target_cluster=None active_clusters=4 remaining_cells=2 scans=4
RESULT turn=158 cell=8,8 result=MISS remaining_cells=2 active_clusters=4
turn=158 result=MISS
turn=159 picked cell=8,9 target_cluster=None active_clusters=4 remaining_cells=2 scans=4
RESULT turn=159 cell=8,9 result=MISS remaining_cells=2 active_clusters=4
turn=159 result=MISS
turn=160 picked cell=9,5 target_cluster=None active_clusters=4 remaining_cells=2 scans=4
RESULT turn=160 cell=9,5 result=MISS remaining_cells=2 active_clusters=4
turn=160 result=MISS
turn=161 picked cell=9,6 target_cluster=None active_clusters=4 remaining_cells=2 scans=4
RESULT turn=161 cell=9,6 result=MISS remaining_cells=2 active_clusters=4
turn=161 result=MISS
turn=162 picked cell=12,9 target_cluster=None active_clusters=4 remaining_cells=2 scans=4
RESULT turn=162 cell=12,9 result=MISS remaining_cells=2 active_clusters=4
turn=162 result=MISS
turn=163 picked cell=7,10 target_cluster=None active_clusters=4 remaining_cells=2 scans=4
RESULT turn=163 cell=7,10 result=MISS remaining_cells=2 active_clusters=4
turn=163 result=MISS
turn=164 picked cell=5,9 target_cluster=None active_clusters=4 remaining_cells=2 scans=4
RESULT turn=164 cell=5,9 result=MISS remaining_cells=2 active_clusters=4
turn=164 result=MISS
turn=165 picked cell=7,11 target_cluster=None active_clusters=4 remaining_cells=2 scans=4
RESULT turn=165 cell=7,11 result=MISS remaining_cells=2 active_clusters=4
turn=165 result=MISS
turn=166 picked cell=6,10 target_cluster=None active_clusters=4 remaining_cells=2 scans=4
RESULT turn=166 cell=6,10 result=MISS remaining_cells=2 active_clusters=4
turn=166 result=MISS
turn=167 picked cell=7,7 target_cluster=None active_clusters=4 remaining_cells=2 scans=4
RESULT turn=167 cell=7,7 result=MISS remaining_cells=2 active_clusters=4
turn=167 result=MISS
turn=168 picked cell=8,6 target_cluster=None active_clusters=4 remaining_cells=2 scans=4
RESULT turn=168 cell=8,6 result=MISS remaining_cells=2 active_clusters=4
turn=168 result=MISS
turn=169 picked cell=3,9 target_cluster=None active_clusters=4 remaining_cells=2 scans=4
RESULT turn=169 cell=3,9 result=MISS remaining_cells=2 active_clusters=4
turn=169 result=MISS
turn=170 picked cell=12,8 target_cluster=None active_clusters=4 remaining_cells=2 scans=4
RESULT turn=170 cell=12,8 result=MISS remaining_cells=2 active_clusters=4
turn=170 result=MISS
turn=171 picked cell=12,10 target_cluster=None active_clusters=4 remaining_cells=2 scans=4
RESULT turn=171 cell=12,10 result=MISS remaining_cells=2 active_clusters=4
turn=171 result=MISS
turn=172 picked cell=10,5 target_cluster=None active_clusters=4 remaining_cells=2 scans=4
RESULT turn=172 cell=10,5 result=MISS remaining_cells=2 active_clusters=4
turn=172 result=MISS
turn=173 picked cell=8,12 target_cluster=None active_clusters=4 remaining_cells=2 scans=4
RESULT turn=173 cell=8,12 result=MISS remaining_cells=2 active_clusters=4
turn=173 result=MISS
turn=174 picked cell=4,9 target_cluster=None active_clusters=4 remaining_cells=2 scans=4
RESULT turn=174 cell=4,9 result=MISS remaining_cells=2 active_clusters=4
turn=174 result=MISS
turn=175 picked cell=5,10 target_cluster=None active_clusters=4 remaining_cells=2 scans=4
RESULT turn=175 cell=5,10 result=MISS remaining_cells=2 active_clusters=4
turn=175 result=MISS
turn=176 picked cell=13,8 target_cluster=None active_clusters=4 remaining_cells=2 scans=4
RESULT turn=176 cell=13,8 result=MISS remaining_cells=2 active_clusters=4
turn=176 result=MISS
turn=177 picked cell=7,5 target_cluster=None active_clusters=4 remaining_cells=2 scans=4
RESULT turn=177 cell=7,5 result=MISS remaining_cells=2 active_clusters=4
turn=177 result=MISS
turn=178 picked cell=13,10 target_cluster=None active_clusters=4 remaining_cells=2 scans=4
RESULT turn=178 cell=13,10 result=MISS remaining_cells=2 active_clusters=4
turn=178 result=MISS
turn=179 picked cell=5,11 target_cluster=None active_clusters=4 remaining_cells=2 scans=4
RESULT turn=179 cell=5,11 result=MISS remaining_cells=2 active_clusters=4
turn=179 result=MISS
turn=180 picked cell=6,6 target_cluster=None active_clusters=4 remaining_cells=2 scans=4
RESULT turn=180 cell=6,6 result=MISS remaining_cells=2 active_clusters=4
turn=180 result=MISS
turn=181 picked cell=6,11 target_cluster=None active_clusters=4 remaining_cells=2 scans=4
RESULT turn=181 cell=6,11 result=MISS remaining_cells=2 active_clusters=4
turn=181 result=MISS
turn=182 picked cell=13,11 target_cluster=None active_clusters=4 remaining_cells=2 scans=4
RESULT turn=182 cell=13,11 result=MISS remaining_cells=2 active_clusters=4
turn=182 result=MISS
turn=183 picked cell=6,12 target_cluster=None active_clusters=4 remaining_cells=2 scans=4
RESULT turn=183 cell=6,12 result=MISS remaining_cells=2 active_clusters=4
turn=183 result=MISS
turn=184 picked cell=10,4 target_cluster=None active_clusters=4 remaining_cells=2 scans=4
RESULT turn=184 cell=10,4 result=MISS remaining_cells=2 active_clusters=4
turn=184 result=MISS
turn=185 picked cell=9,2 target_cluster=None active_clusters=4 remaining_cells=2 scans=4
RESULT turn=185 cell=9,2 result=MISS remaining_cells=2 active_clusters=4
turn=185 result=MISS
turn=186 picked cell=15,9 target_cluster=None active_clusters=4 remaining_cells=2 scans=4
RESULT turn=186 cell=15,9 result=MISS remaining_cells=2 active_clusters=4
turn=186 result=MISS
turn=187 picked cell=4,10 target_cluster=None active_clusters=4 remaining_cells=2 scans=4
RESULT turn=187 cell=4,10 result=MISS remaining_cells=2 active_clusters=4
turn=187 result=MISS
turn=188 picked cell=9,3 target_cluster=None active_clusters=4 remaining_cells=2 scans=4
RESULT turn=188 cell=9,3 result=MISS remaining_cells=2 active_clusters=4
turn=188 result=MISS
turn=189 picked cell=12,5 target_cluster=None active_clusters=4 remaining_cells=2 scans=4
RESULT turn=189 cell=12,5 result=MISS remaining_cells=2 active_clusters=4
turn=189 result=MISS
turn=190 picked cell=7,14 target_cluster=None active_clusters=4 remaining_cells=2 scans=4
RESULT turn=190 cell=7,14 result=MISS remaining_cells=2 active_clusters=4
turn=190 result=MISS
turn=191 picked cell=8,4 target_cluster=None active_clusters=4 remaining_cells=2 scans=4
RESULT turn=191 cell=8,4 result=MISS remaining_cells=2 active_clusters=4
turn=191 result=MISS
turn=192 picked cell=6,13 target_cluster=None active_clusters=4 remaining_cells=2 scans=4
RESULT turn=192 cell=6,13 result=MISS remaining_cells=2 active_clusters=4
turn=192 result=MISS
turn=193 picked cell=16,9 target_cluster=None active_clusters=4 remaining_cells=2 scans=4
RESULT turn=193 cell=16,9 result=MISS remaining_cells=2 active_clusters=4
turn=193 result=MISS
turn=194 picked cell=8,15 target_cluster=None active_clusters=4 remaining_cells=2 scans=4
RESULT turn=194 cell=8,15 result=MISS remaining_cells=2 active_clusters=4
turn=194 result=MISS
turn=195 picked cell=15,10 target_cluster=None active_clusters=4 remaining_cells=2 scans=4
RESULT turn=195 cell=15,10 result=MISS remaining_cells=2 active_clusters=4
turn=195 result=MISS
turn=196 picked cell=11,4 target_cluster=None active_clusters=4 remaining_cells=2 scans=4
RESULT turn=196 cell=11,4 result=MISS remaining_cells=2 active_clusters=4
turn=196 result=MISS
turn=197 picked cell=4,11 target_cluster=None active_clusters=4 remaining_cells=2 scans=4
RESULT turn=197 cell=4,11 result=MISS remaining_cells=2 active_clusters=4
turn=197 result=MISS
turn=198 picked cell=10,15 target_cluster=None active_clusters=4 remaining_cells=2 scans=4
RESULT turn=198 cell=10,15 result=MISS remaining_cells=2 active_clusters=4
turn=198 result=MISS
turn=199 picked cell=3,10 target_cluster=None active_clusters=4 remaining_cells=2 scans=4
RESULT turn=199 cell=3,10 result=MISS remaining_cells=2 active_clusters=4
turn=199 result=MISS
turn=200 picked cell=5,6 target_cluster=None active_clusters=4 remaining_cells=2 scans=4
RESULT turn=200 cell=5,6 result=MISS remaining_cells=2 active_clusters=4
turn=200 result=MISS
turn=201 picked cell=17,9 target_cluster=None active_clusters=4 remaining_cells=2 scans=4
RESULT turn=201 cell=17,9 result=MISS remaining_cells=2 active_clusters=4
turn=201 result=MISS
turn=202 picked cell=13,5 target_cluster=None active_clusters=4 remaining_cells=2 scans=4
RESULT turn=202 cell=13,5 result=MISS remaining_cells=2 active_clusters=4
turn=202 result=MISS
turn=203 picked cell=4,7 target_cluster=None active_clusters=4 remaining_cells=2 scans=4
RESULT turn=203 cell=4,7 result=MISS remaining_cells=2 active_clusters=4
turn=203 result=MISS
turn=204 picked cell=11,3 target_cluster=None active_clusters=4 remaining_cells=2 scans=4
RESULT turn=204 cell=11,3 result=MISS remaining_cells=2 active_clusters=4
turn=204 result=MISS
turn=205 picked cell=5,12 target_cluster=None active_clusters=4 remaining_cells=2 scans=4
RESULT turn=205 cell=5,12 result=MISS remaining_cells=2 active_clusters=4
turn=205 result=MISS
turn=206 picked cell=8,16 target_cluster=None active_clusters=4 remaining_cells=2 scans=4
RESULT turn=206 cell=8,16 result=MISS remaining_cells=2 active_clusters=4
turn=206 result=MISS
turn=207 picked cell=15,11 target_cluster=None active_clusters=4 remaining_cells=2 scans=4
RESULT turn=207 cell=15,11 result=MISS remaining_cells=2 active_clusters=4
turn=207 result=MISS
turn=208 picked cell=13,12 target_cluster=None active_clusters=4 remaining_cells=2 scans=4
RESULT turn=208 cell=13,12 result=MISS remaining_cells=2 active_clusters=4
turn=208 result=MISS
turn=209 picked cell=16,10 target_cluster=None active_clusters=4 remaining_cells=2 scans=4
RESULT turn=209 cell=16,10 result=MISS remaining_cells=2 active_clusters=4
turn=209 result=MISS
turn=210 picked cell=10,16 target_cluster=None active_clusters=4 remaining_cells=2 scans=4
RESULT turn=210 cell=10,16 result=MISS remaining_cells=2 active_clusters=4
turn=210 result=MISS
turn=211 picked cell=6,14 target_cluster=None active_clusters=4 remaining_cells=2 scans=4
RESULT turn=211 cell=6,14 result=MISS remaining_cells=2 active_clusters=4
turn=211 result=MISS
turn=212 picked cell=4,12 target_cluster=None active_clusters=4 remaining_cells=2 scans=4
RESULT turn=212 cell=4,12 result=MISS remaining_cells=2 active_clusters=4
turn=212 result=MISS
turn=213 picked cell=1,9 target_cluster=None active_clusters=4 remaining_cells=2 scans=4
RESULT turn=213 cell=1,9 result=MISS remaining_cells=2 active_clusters=4
turn=213 result=MISS
turn=214 picked cell=5,13 target_cluster=None active_clusters=4 remaining_cells=2 scans=4
RESULT turn=214 cell=5,13 result=MISS remaining_cells=2 active_clusters=4
turn=214 result=MISS
turn=215 picked cell=15,7 target_cluster=None active_clusters=4 remaining_cells=2 scans=4
RESULT turn=215 cell=15,7 result=MISS remaining_cells=2 active_clusters=4
turn=215 result=MISS
turn=216 picked cell=6,4 target_cluster=None active_clusters=4 remaining_cells=2 scans=4
RESULT turn=216 cell=6,4 result=MISS remaining_cells=2 active_clusters=4
turn=216 result=MISS
turn=217 picked cell=3,11 target_cluster=None active_clusters=4 remaining_cells=2 scans=4
RESULT turn=217 cell=3,11 result=MISS remaining_cells=2 active_clusters=4
turn=217 result=MISS
turn=218 picked cell=7,3 target_cluster=None active_clusters=4 remaining_cells=2 scans=4
RESULT turn=218 cell=7,3 result=MISS remaining_cells=2 active_clusters=4
turn=218 result=MISS
turn=219 picked cell=17,10 target_cluster=None active_clusters=4 remaining_cells=2 scans=4
RESULT turn=219 cell=17,10 result=MISS remaining_cells=2 active_clusters=4
turn=219 result=MISS
turn=220 picked cell=7,15 target_cluster=None active_clusters=4 remaining_cells=2 scans=4
RESULT turn=220 cell=7,15 result=MISS remaining_cells=2 active_clusters=4
turn=220 result=MISS
turn=221 picked cell=7,16 target_cluster=None active_clusters=4 remaining_cells=2 scans=4
RESULT turn=221 cell=7,16 result=MISS remaining_cells=2 active_clusters=4
turn=221 result=MISS
turn=222 picked cell=13,13 target_cluster=None active_clusters=4 remaining_cells=2 scans=4
RESULT turn=222 cell=13,13 result=MISS remaining_cells=2 active_clusters=4
turn=222 result=MISS
turn=223 picked cell=2,11 target_cluster=None active_clusters=4 remaining_cells=2 scans=4
RESULT turn=223 cell=2,11 result=MISS remaining_cells=2 active_clusters=4
turn=223 result=MISS
turn=224 picked cell=10,2 target_cluster=None active_clusters=4 remaining_cells=2 scans=4
RESULT turn=224 cell=10,2 result=MISS remaining_cells=2 active_clusters=4
turn=224 result=MISS
turn=225 picked cell=4,5 target_cluster=None active_clusters=4 remaining_cells=2 scans=4
RESULT turn=225 cell=4,5 result=MISS remaining_cells=2 active_clusters=4
turn=225 result=MISS
turn=226 picked cell=2,10 target_cluster=None active_clusters=4 remaining_cells=2 scans=4
RESULT turn=226 cell=2,10 result=MISS remaining_cells=2 active_clusters=4
turn=226 result=MISS
turn=227 picked cell=10,17 target_cluster=None active_clusters=4 remaining_cells=2 scans=4
RESULT turn=227 cell=10,17 result=MISS remaining_cells=2 active_clusters=4
turn=227 result=MISS
turn=228 picked cell=3,6 target_cluster=None active_clusters=4 remaining_cells=2 scans=4
RESULT turn=228 cell=3,6 result=MISS remaining_cells=2 active_clusters=4
turn=228 result=MISS
turn=229 picked cell=0,9 target_cluster=None active_clusters=4 remaining_cells=2 scans=4
RESULT turn=229 cell=0,9 result=MISS remaining_cells=2 active_clusters=4
turn=229 result=MISS
turn=230 picked cell=15,12 target_cluster=None active_clusters=4 remaining_cells=2 scans=4
RESULT turn=230 cell=15,12 result=MISS remaining_cells=2 active_clusters=4
turn=230 result=MISS
turn=231 picked cell=2,7 target_cluster=None active_clusters=4 remaining_cells=2 scans=4
RESULT turn=231 cell=2,7 result=MISS remaining_cells=2 active_clusters=4
turn=231 result=MISS
turn=232 picked cell=9,18 target_cluster=None active_clusters=4 remaining_cells=2 scans=4
RESULT turn=232 cell=9,18 result=MISS remaining_cells=2 active_clusters=4
turn=232 result=MISS
turn=233 picked cell=6,3 target_cluster=None active_clusters=4 remaining_cells=2 scans=4
RESULT turn=233 cell=6,3 result=MISS remaining_cells=2 active_clusters=4
turn=233 result=MISS
turn=234 picked cell=8,1 target_cluster=None active_clusters=4 remaining_cells=2 scans=4
RESULT turn=234 cell=8,1 result=MISS remaining_cells=2 active_clusters=4
turn=234 result=MISS
turn=235 picked cell=9,0 target_cluster=None active_clusters=4 remaining_cells=2 scans=4
RESULT turn=235 cell=9,0 result=MISS remaining_cells=2 active_clusters=4
turn=235 result=MISS
turn=236 picked cell=3,12 target_cluster=None active_clusters=4 remaining_cells=2 scans=4
RESULT turn=236 cell=3,12 result=MISS remaining_cells=2 active_clusters=4
turn=236 result=MISS
turn=237 picked cell=11,16 target_cluster=None active_clusters=4 remaining_cells=2 scans=4
RESULT turn=237 cell=11,16 result=MISS remaining_cells=2 active_clusters=4
turn=237 result=MISS
turn=238 picked cell=6,15 target_cluster=None active_clusters=4 remaining_cells=2 scans=4
RESULT turn=238 cell=6,15 result=MISS remaining_cells=2 active_clusters=4
turn=238 result=MISS
turn=239 picked cell=18,9 target_cluster=None active_clusters=4 remaining_cells=2 scans=4
RESULT turn=239 cell=18,9 result=MISS remaining_cells=2 active_clusters=4
turn=239 result=MISS
turn=240 picked cell=4,13 target_cluster=None active_clusters=4 remaining_cells=2 scans=4
RESULT turn=240 cell=4,13 result=MISS remaining_cells=2 active_clusters=4
turn=240 result=MISS
turn=241 picked cell=8,17 target_cluster=None active_clusters=4 remaining_cells=2 scans=4
RESULT turn=241 cell=8,17 result=MISS remaining_cells=2 active_clusters=4
turn=241 result=MISS
turn=242 picked cell=7,2 target_cluster=None active_clusters=4 remaining_cells=2 scans=4
RESULT turn=242 cell=7,2 result=MISS remaining_cells=2 active_clusters=4
turn=242 result=MISS
turn=243 picked cell=4,14 target_cluster=None active_clusters=4 remaining_cells=2 scans=4
RESULT turn=243 cell=4,14 result=MISS remaining_cells=2 active_clusters=4
turn=243 result=MISS
turn=244 picked cell=5,4 target_cluster=None active_clusters=4 remaining_cells=2 scans=4
RESULT turn=244 cell=5,4 result=MISS remaining_cells=2 active_clusters=4
turn=244 result=MISS
turn=245 picked cell=16,7 target_cluster=None active_clusters=4 remaining_cells=2 scans=4
RESULT turn=245 cell=16,7 result=MISS remaining_cells=2 active_clusters=4
turn=245 result=MISS
turn=246 picked cell=16,11 target_cluster=None active_clusters=4 remaining_cells=2 scans=4
RESULT turn=246 cell=16,11 result=MISS remaining_cells=2 active_clusters=4
turn=246 result=MISS
turn=247 picked cell=5,14 target_cluster=None active_clusters=4 remaining_cells=2 scans=4
RESULT turn=247 cell=5,14 result=MISS remaining_cells=2 active_clusters=4
turn=247 result=MISS
turn=248 picked cell=1,10 target_cluster=None active_clusters=4 remaining_cells=2 scans=4
RESULT turn=248 cell=1,10 result=MISS remaining_cells=2 active_clusters=4
turn=248 result=MISS
turn=249 picked cell=12,2 target_cluster=None active_clusters=4 remaining_cells=2 scans=4
RESULT turn=249 cell=12,2 result=MISS remaining_cells=2 active_clusters=4
turn=249 result=MISS
turn=250 picked cell=0,8 target_cluster=None active_clusters=4 remaining_cells=2 scans=4
RESULT turn=250 cell=0,8 result=MISS remaining_cells=2 active_clusters=4
turn=250 result=MISS
turn=251 picked cell=8,18 target_cluster=None active_clusters=4 remaining_cells=2 scans=4
RESULT turn=251 cell=8,18 result=MISS remaining_cells=2 active_clusters=4
turn=251 result=MISS
turn=252 picked cell=2,12 target_cluster=None active_clusters=4 remaining_cells=2 scans=4
RESULT turn=252 cell=2,12 result=MISS remaining_cells=2 active_clusters=4
turn=252 result=MISS
turn=253 picked cell=17,7 target_cluster=None active_clusters=4 remaining_cells=2 scans=4
RESULT turn=253 cell=17,7 result=MISS remaining_cells=2 active_clusters=4
turn=253 result=MISS
turn=254 picked cell=18,8 target_cluster=None active_clusters=4 remaining_cells=2 scans=4
RESULT turn=254 cell=18,8 result=MISS remaining_cells=2 active_clusters=4
turn=254 result=MISS
turn=255 picked cell=6,16 target_cluster=None active_clusters=4 remaining_cells=2 scans=4
RESULT turn=255 cell=6,16 result=MISS remaining_cells=2 active_clusters=4
turn=255 result=MISS
turn=256 picked cell=18,10 target_cluster=None active_clusters=4 remaining_cells=2 scans=4
RESULT turn=256 cell=18,10 result=MISS remaining_cells=2 active_clusters=4
turn=256 result=MISS
turn=257 picked cell=2,6 target_cluster=None active_clusters=4 remaining_cells=2 scans=4
RESULT turn=257 cell=2,6 result=MISS remaining_cells=2 active_clusters=4
turn=257 result=MISS
turn=258 picked cell=13,3 target_cluster=None active_clusters=4 remaining_cells=2 scans=4
RESULT turn=258 cell=13,3 result=MISS remaining_cells=2 active_clusters=4
turn=258 result=MISS
turn=259 picked cell=3,5 target_cluster=None active_clusters=4 remaining_cells=2 scans=4
RESULT turn=259 cell=3,5 result=MISS remaining_cells=2 active_clusters=4
turn=259 result=MISS
turn=260 picked cell=0,11 target_cluster=None active_clusters=4 remaining_cells=2 scans=4
RESULT turn=260 cell=0,11 result=MISS remaining_cells=2 active_clusters=4
turn=260 result=MISS
turn=261 picked cell=13,15 target_cluster=None active_clusters=4 remaining_cells=2 scans=4
RESULT turn=261 cell=13,15 result=MISS remaining_cells=2 active_clusters=4
turn=261 result=MISS
turn=262 picked cell=10,0 target_cluster=None active_clusters=4 remaining_cells=2 scans=4
RESULT turn=262 cell=10,0 result=MISS remaining_cells=2 active_clusters=4
turn=262 result=MISS
turn=263 picked cell=16,12 target_cluster=None active_clusters=4 remaining_cells=2 scans=4
RESULT turn=263 cell=16,12 result=MISS remaining_cells=2 active_clusters=4
turn=263 result=MISS
turn=264 picked cell=15,5 target_cluster=None active_clusters=4 remaining_cells=2 scans=4
RESULT turn=264 cell=15,5 result=MISS remaining_cells=2 active_clusters=4
turn=264 result=MISS
turn=265 picked cell=1,11 target_cluster=None active_clusters=4 remaining_cells=2 scans=4
RESULT turn=265 cell=1,11 result=MISS remaining_cells=2 active_clusters=4
turn=265 result=MISS
turn=266 picked cell=3,13 target_cluster=None active_clusters=4 remaining_cells=2 scans=4
RESULT turn=266 cell=3,13 result=MISS remaining_cells=2 active_clusters=4
turn=266 result=MISS
turn=267 picked cell=7,17 target_cluster=None active_clusters=4 remaining_cells=2 scans=4
RESULT turn=267 cell=7,17 result=MISS remaining_cells=2 active_clusters=4
turn=267 result=MISS
turn=268 picked cell=4,4 target_cluster=None active_clusters=4 remaining_cells=2 scans=4
RESULT turn=268 cell=4,4 result=MISS remaining_cells=2 active_clusters=4
turn=268 result=MISS
turn=269 picked cell=0,10 target_cluster=None active_clusters=4 remaining_cells=2 scans=4
RESULT turn=269 cell=0,10 result=MISS remaining_cells=2 active_clusters=4
turn=269 result=MISS
turn=270 picked cell=15,13 target_cluster=None active_clusters=4 remaining_cells=2 scans=4
RESULT turn=270 cell=15,13 result=MISS remaining_cells=2 active_clusters=4
turn=270 result=MISS
turn=271 picked cell=5,15 target_cluster=None active_clusters=4 remaining_cells=2 scans=4
RESULT turn=271 cell=5,15 result=MISS remaining_cells=2 active_clusters=4
turn=271 result=MISS
turn=272 picked cell=1,7 target_cluster=None active_clusters=4 remaining_cells=2 scans=4
RESULT turn=272 cell=1,7 result=MISS remaining_cells=2 active_clusters=4
turn=272 result=MISS
turn=273 picked cell=13,2 target_cluster=None active_clusters=4 remaining_cells=2 scans=4
RESULT turn=273 cell=13,2 result=MISS remaining_cells=2 active_clusters=4
turn=273 result=MISS
turn=274 picked cell=1,12 target_cluster=None active_clusters=4 remaining_cells=2 scans=4
RESULT turn=274 cell=1,12 result=MISS remaining_cells=2 active_clusters=4
turn=274 result=MISS
turn=275 picked cell=16,13 target_cluster=None active_clusters=4 remaining_cells=2 scans=4
RESULT turn=275 cell=16,13 result=MISS remaining_cells=2 active_clusters=4
turn=275 result=MISS
turn=276 picked cell=5,16 target_cluster=None active_clusters=4 remaining_cells=2 scans=4
RESULT turn=276 cell=5,16 result=MISS remaining_cells=2 active_clusters=4
turn=276 result=MISS
turn=277 picked cell=17,12 target_cluster=None active_clusters=4 remaining_cells=2 scans=4
RESULT turn=277 cell=17,12 result=MISS remaining_cells=2 active_clusters=4
turn=277 result=MISS
turn=278 picked cell=14,3 target_cluster=None active_clusters=4 remaining_cells=2 scans=4
RESULT turn=278 cell=14,3 result=MISS remaining_cells=2 active_clusters=4
turn=278 result=MISS
turn=279 picked cell=2,13 target_cluster=None active_clusters=4 remaining_cells=2 scans=4
RESULT turn=279 cell=2,13 result=MISS remaining_cells=2 active_clusters=4
turn=279 result=MISS
turn=280 picked cell=4,15 target_cluster=None active_clusters=4 remaining_cells=2 scans=4
RESULT turn=280 cell=4,15 result=MISS remaining_cells=2 active_clusters=4
turn=280 result=MISS
turn=281 picked cell=16,5 target_cluster=None active_clusters=4 remaining_cells=2 scans=4
RESULT turn=281 cell=16,5 result=MISS remaining_cells=2 active_clusters=4
turn=281 result=MISS
turn=282 picked cell=11,18 target_cluster=None active_clusters=4 remaining_cells=2 scans=4
RESULT turn=282 cell=11,18 result=MISS remaining_cells=2 active_clusters=4
turn=282 result=MISS
turn=283 picked cell=15,14 target_cluster=None active_clusters=4 remaining_cells=2 scans=4
RESULT turn=283 cell=15,14 result=MISS remaining_cells=2 active_clusters=4
turn=283 result=MISS
turn=284 picked cell=12,17 target_cluster=None active_clusters=4 remaining_cells=2 scans=4
RESULT turn=284 cell=12,17 result=MISS remaining_cells=2 active_clusters=4
turn=284 result=MISS
turn=285 picked cell=7,18 target_cluster=None active_clusters=4 remaining_cells=2 scans=4
RESULT turn=285 cell=7,18 result=MISS remaining_cells=2 active_clusters=4
turn=285 result=MISS
turn=286 picked cell=18,11 target_cluster=None active_clusters=4 remaining_cells=2 scans=4
RESULT turn=286 cell=18,11 result=MISS remaining_cells=2 active_clusters=4
turn=286 result=MISS
turn=287 picked cell=5,2 target_cluster=None active_clusters=4 remaining_cells=2 scans=4
RESULT turn=287 cell=5,2 result=MISS remaining_cells=2 active_clusters=4
turn=287 result=MISS
turn=288 picked cell=3,14 target_cluster=None active_clusters=4 remaining_cells=2 scans=4
RESULT turn=288 cell=3,14 result=MISS remaining_cells=2 active_clusters=4
turn=288 result=MISS
turn=289 picked cell=1,5 target_cluster=None active_clusters=4 remaining_cells=2 scans=4
RESULT turn=289 cell=1,5 result=MISS remaining_cells=2 active_clusters=4
turn=289 result=MISS
turn=290 picked cell=3,3 target_cluster=None active_clusters=4 remaining_cells=2 scans=4
RESULT turn=290 cell=3,3 result=MISS remaining_cells=2 active_clusters=4
turn=290 result=MISS
turn=291 picked cell=12,0 target_cluster=None active_clusters=4 remaining_cells=2 scans=4
RESULT turn=291 cell=12,0 result=MISS remaining_cells=2 active_clusters=4
turn=291 result=MISS
turn=292 picked cell=14,16 target_cluster=None active_clusters=4 remaining_cells=2 scans=4
RESULT turn=292 cell=14,16 result=MISS remaining_cells=2 active_clusters=4
turn=292 result=MISS
turn=293 picked cell=18,6 target_cluster=None active_clusters=4 remaining_cells=2 scans=4
RESULT turn=293 cell=18,6 result=MISS remaining_cells=2 active_clusters=4
turn=293 result=MISS
turn=294 picked cell=2,14 target_cluster=None active_clusters=4 remaining_cells=2 scans=4
RESULT turn=294 cell=2,14 result=MISS remaining_cells=2 active_clusters=4
turn=294 result=MISS
turn=295 picked cell=6,17 target_cluster=None active_clusters=4 remaining_cells=2 scans=4
RESULT turn=295 cell=6,17 result=MISS remaining_cells=2 active_clusters=4
turn=295 result=MISS
turn=296 picked cell=2,4 target_cluster=None active_clusters=4 remaining_cells=2 scans=4
RESULT turn=296 cell=2,4 result=MISS remaining_cells=2 active_clusters=4
turn=296 result=MISS
turn=297 picked cell=4,16 target_cluster=None active_clusters=4 remaining_cells=2 scans=4
RESULT turn=297 cell=4,16 result=MISS remaining_cells=2 active_clusters=4
turn=297 result=MISS
turn=298 picked cell=0,6 target_cluster=None active_clusters=4 remaining_cells=2 scans=4
RESULT turn=298 cell=0,6 result=MISS remaining_cells=2 active_clusters=4
turn=298 result=MISS
turn=299 picked cell=0,12 target_cluster=None active_clusters=4 remaining_cells=2 scans=4
RESULT turn=299 cell=0,12 result=MISS remaining_cells=2 active_clusters=4
turn=299 result=MISS
turn=300 picked cell=4,2 target_cluster=None active_clusters=4 remaining_cells=2 scans=4
RESULT turn=300 cell=4,2 result=MISS remaining_cells=2 active_clusters=4
turn=300 result=MISS
turn=301 picked cell=6,18 target_cluster=None active_clusters=4 remaining_cells=2 scans=4
RESULT turn=301 cell=6,18 result=MISS remaining_cells=2 active_clusters=4
turn=301 result=MISS
turn=302 picked cell=1,13 target_cluster=None active_clusters=4 remaining_cells=2 scans=4
RESULT turn=302 cell=1,13 result=MISS remaining_cells=2 active_clusters=4
turn=302 result=MISS
turn=303 picked cell=18,12 target_cluster=None active_clusters=4 remaining_cells=2 scans=4
RESULT turn=303 cell=18,12 result=MISS remaining_cells=2 active_clusters=4
turn=303 result=MISS
turn=304 picked cell=5,17 target_cluster=None active_clusters=4 remaining_cells=2 scans=4
RESULT turn=304 cell=5,17 result=MISS remaining_cells=2 active_clusters=4
turn=304 result=MISS
turn=305 picked cell=3,15 target_cluster=None active_clusters=4 remaining_cells=2 scans=4
RESULT turn=305 cell=3,15 result=MISS remaining_cells=2 active_clusters=4
turn=305 result=MISS
turn=306 picked cell=17,13 target_cluster=None active_clusters=4 remaining_cells=2 scans=4
RESULT turn=306 cell=17,13 result=MISS remaining_cells=2 active_clusters=4
turn=306 result=MISS
turn=307 picked cell=16,3 target_cluster=None active_clusters=4 remaining_cells=2 scans=4
RESULT turn=307 cell=16,3 result=MISS remaining_cells=2 active_clusters=4
turn=307 result=MISS
turn=308 picked cell=15,15 target_cluster=None active_clusters=4 remaining_cells=2 scans=4
RESULT turn=308 cell=15,15 result=MISS remaining_cells=2 active_clusters=4
turn=308 result=MISS
turn=309 picked cell=0,13 target_cluster=None active_clusters=4 remaining_cells=2 scans=4
RESULT turn=309 cell=0,13 result=MISS remaining_cells=2 active_clusters=4
turn=309 result=MISS
turn=310 picked cell=16,14 target_cluster=None active_clusters=4 remaining_cells=2 scans=4
RESULT turn=310 cell=16,14 result=MISS remaining_cells=2 active_clusters=4
turn=310 result=MISS
turn=311 picked cell=17,4 target_cluster=None active_clusters=4 remaining_cells=2 scans=4
RESULT turn=311 cell=17,4 result=MISS remaining_cells=2 active_clusters=4
turn=311 result=MISS
turn=312 picked cell=4,17 target_cluster=None active_clusters=4 remaining_cells=2 scans=4
RESULT turn=312 cell=4,17 result=MISS remaining_cells=2 active_clusters=4
turn=312 result=MISS
turn=313 picked cell=18,13 target_cluster=None active_clusters=4 remaining_cells=2 scans=4
RESULT turn=313 cell=18,13 result=MISS remaining_cells=2 active_clusters=4
turn=313 result=MISS
turn=314 picked cell=13,17 target_cluster=None active_clusters=4 remaining_cells=2 scans=4
RESULT turn=314 cell=13,17 result=MISS remaining_cells=2 active_clusters=4
turn=314 result=MISS
turn=315 picked cell=13,0 target_cluster=None active_clusters=4 remaining_cells=2 scans=4
RESULT turn=315 cell=13,0 result=MISS remaining_cells=2 active_clusters=4
turn=315 result=MISS
turn=316 picked cell=14,17 target_cluster=None active_clusters=4 remaining_cells=2 scans=4
RESULT turn=316 cell=14,17 result=MISS remaining_cells=2 active_clusters=4
turn=316 result=MISS
turn=317 picked cell=0,14 target_cluster=None active_clusters=4 remaining_cells=2 scans=4
RESULT turn=317 cell=0,14 result=MISS remaining_cells=2 active_clusters=4
turn=317 result=MISS
turn=318 picked cell=2,15 target_cluster=None active_clusters=4 remaining_cells=2 scans=4
RESULT turn=318 cell=2,15 result=MISS remaining_cells=2 active_clusters=4
turn=318 result=MISS
turn=319 picked cell=2,16 target_cluster=None active_clusters=4 remaining_cells=2 scans=4
RESULT turn=319 cell=2,16 result=MISS remaining_cells=2 active_clusters=4
turn=319 result=MISS
turn=320 picked cell=15,2 target_cluster=None active_clusters=4 remaining_cells=2 scans=4
RESULT turn=320 cell=15,2 result=MISS remaining_cells=2 active_clusters=4
turn=320 result=MISS
turn=321 picked cell=1,14 target_cluster=None active_clusters=4 remaining_cells=2 scans=4
RESULT turn=321 cell=1,14 result=MISS remaining_cells=2 active_clusters=4
turn=321 result=MISS
turn=322 picked cell=5,18 target_cluster=None active_clusters=4 remaining_cells=2 scans=4
RESULT turn=322 cell=5,18 result=MISS remaining_cells=2 active_clusters=4
turn=322 result=MISS
turn=323 picked cell=17,15 target_cluster=None active_clusters=4 remaining_cells=2 scans=4
RESULT turn=323 cell=17,15 result=MISS remaining_cells=2 active_clusters=4
turn=323 result=MISS
turn=324 picked cell=17,14 target_cluster=None active_clusters=4 remaining_cells=2 scans=4
RESULT turn=324 cell=17,14 result=MISS remaining_cells=2 active_clusters=4
turn=324 result=MISS
turn=325 picked cell=13,18 target_cluster=None active_clusters=4 remaining_cells=2 scans=4
RESULT turn=325 cell=13,18 result=MISS remaining_cells=2 active_clusters=4
turn=325 result=MISS
turn=326 picked cell=18,5 target_cluster=None active_clusters=4 remaining_cells=2 scans=4
RESULT turn=326 cell=18,5 result=HIT remaining_cells=2 active_clusters=4
turn=326 result=HIT
turn=327 mode=CHASE cluster=4 cluster_len=1 cell=18,4 score=100000.000000 chase_score=5000.000000 prob=0.000000
turn=327 picked cell=18,4 target_cluster=Some(4) active_clusters=5 remaining_cells=1 scans=4
RESULT turn=327 cell=18,4 result=KILL remaining_cells=1 active_clusters=5
turn=327 result=KILL
turn=327 kill_infer inferred_len=2 committed_hits=1 cluster_hits=1
