GAME n=19 p=0.221160288 remaining=[0, 1, 4, 1, 4, 0, 3, 3, 0, 1]
BRANCH branch_turn=? n=19 remaining_cells=76 beam_states=0 heat_cell=8,8 beam_cell=8,8 chosen_cell=8,8 heat_rank_of_beam=1 beam_rank_of_heat=1 chosen_heat_rank=1 chosen_beam_rank=1 heat_best=2.263773788 heat_second=2.252326533 beam_best=0.000000000 beam_second=0.000000000 heat_cell_beam=0.000000000 beam_cell_heat=2.263773788 chosen_heat=2.263773788 chosen_beam=0.000000000 beam_entropy=0.000000000
DECISION branch_turn=1 cell=8,8 target_cluster=None
RESULT branch_turn=1 cell=8,8 result=MISS remaining_cells=76 target_cluster=None
BRANCH branch_turn=? n=19 remaining_cells=76 beam_states=0 heat_cell=7,7 beam_cell=7,7 chosen_cell=7,7 heat_rank_of_beam=1 beam_rank_of_heat=1 chosen_heat_rank=1 chosen_beam_rank=1 heat_best=2.331937827 heat_second=2.318158020 beam_best=0.000000000 beam_second=0.000000000 heat_cell_beam=0.000000000 beam_cell_heat=2.331937827 chosen_heat=2.331937827 chosen_beam=0.000000000 beam_entropy=0.000000000
DECISION branch_turn=2 cell=7,7 target_cluster=None
RESULT branch_turn=2 cell=7,7 result=HIT remaining_cells=76 target_cluster=None
DECISION branch_turn=3 cell=8,7 target_cluster=Some(0)
RESULT branch_turn=3 cell=8,7 result=MISS remaining_cells=75 target_cluster=Some(0)
DECISION branch_turn=4 cell=7,8 target_cluster=Some(0)
RESULT branch_turn=4 cell=7,8 result=HIT remaining_cells=75 target_cluster=Some(0)
DECISION branch_turn=5 cell=7,9 target_cluster=Some(0)
RESULT branch_turn=5 cell=7,9 result=HIT remaining_cells=74 target_cluster=Some(0)
DECISION branch_turn=6 cell=7,10 target_cluster=Some(0)
RESULT branch_turn=6 cell=7,10 result=HIT remaining_cells=73 target_cluster=Some(0)
DECISION branch_turn=7 cell=7,11 target_cluster=Some(0)
RESULT branch_turn=7 cell=7,11 result=HIT remaining_cells=72 target_cluster=Some(0)
DECISION branch_turn=8 cell=7,6 target_cluster=Some(0)
RESULT branch_turn=8 cell=7,6 result=HIT remaining_cells=71 target_cluster=Some(0)
DECISION branch_turn=9 cell=7,12 target_cluster=Some(0)
RESULT branch_turn=9 cell=7,12 result=HIT remaining_cells=70 target_cluster=Some(0)
DECISION branch_turn=10 cell=7,5 target_cluster=Some(0)
RESULT branch_turn=10 cell=7,5 result=MISS remaining_cells=69 target_cluster=Some(0)
DECISION branch_turn=11 cell=7,13 target_cluster=Some(0)
RESULT branch_turn=11 cell=7,13 result=KILL remaining_cells=69 target_cluster=Some(0)
DECISION branch_turn=12 cell=8,6 target_cluster=Some(0)
RESULT branch_turn=12 cell=8,6 result=HIT remaining_cells=68 target_cluster=Some(0)
DECISION branch_turn=13 cell=9,6 target_cluster=Some(0)
RESULT branch_turn=13 cell=9,6 result=HIT remaining_cells=67 target_cluster=Some(0)
DECISION branch_turn=14 cell=10,6 target_cluster=Some(0)
RESULT branch_turn=14 cell=10,6 result=HIT remaining_cells=66 target_cluster=Some(0)
DECISION branch_turn=15 cell=11,6 target_cluster=Some(0)
RESULT branch_turn=15 cell=11,6 result=MISS remaining_cells=65 target_cluster=Some(0)
DECISION branch_turn=16 cell=6,6 target_cluster=Some(0)
RESULT branch_turn=16 cell=6,6 result=HIT remaining_cells=65 target_cluster=Some(0)
DECISION branch_turn=17 cell=5,6 target_cluster=Some(0)
RESULT branch_turn=17 cell=5,6 result=HIT remaining_cells=64 target_cluster=Some(0)
DECISION branch_turn=18 cell=4,6 target_cluster=Some(0)
RESULT branch_turn=18 cell=4,6 result=KILL remaining_cells=63 target_cluster=Some(0)
BRANCH branch_turn=? n=19 remaining_cells=62 beam_states=0 heat_cell=12,4 beam_cell=12,4 chosen_cell=12,4 heat_rank_of_beam=1 beam_rank_of_heat=1 chosen_heat_rank=1 chosen_beam_rank=1 heat_best=1.870884435 heat_second=1.816247232 beam_best=0.000000000 beam_second=0.000000000 heat_cell_beam=0.000000000 beam_cell_heat=1.870884435 chosen_heat=1.870884435 chosen_beam=0.000000000 beam_entropy=0.000000000
DECISION branch_turn=19 cell=12,4 target_cluster=None
RESULT branch_turn=19 cell=12,4 result=MISS remaining_cells=62 target_cluster=None
BRANCH branch_turn=? n=19 remaining_cells=62 beam_states=0 heat_cell=13,5 beam_cell=13,5 chosen_cell=13,5 heat_rank_of_beam=1 beam_rank_of_heat=1 chosen_heat_rank=1 chosen_beam_rank=1 heat_best=1.860315979 heat_second=1.799181312 beam_best=0.000000000 beam_second=0.000000000 heat_cell_beam=0.000000000 beam_cell_heat=1.860315979 chosen_heat=1.860315979 chosen_beam=0.000000000 beam_entropy=0.000000000
DECISION branch_turn=20 cell=13,5 target_cluster=None
RESULT branch_turn=20 cell=13,5 result=MISS remaining_cells=62 target_cluster=None
BRANCH branch_turn=? n=19 remaining_cells=62 beam_states=0 heat_cell=14,7 beam_cell=14,7 chosen_cell=14,7 heat_rank_of_beam=1 beam_rank_of_heat=1 chosen_heat_rank=1 chosen_beam_rank=1 heat_best=1.872041320 heat_second=1.861679939 beam_best=0.000000000 beam_second=0.000000000 heat_cell_beam=0.000000000 beam_cell_heat=1.872041320 chosen_heat=1.872041320 chosen_beam=0.000000000 beam_entropy=0.000000000
DECISION branch_turn=21 cell=14,7 target_cluster=None
RESULT branch_turn=21 cell=14,7 result=MISS remaining_cells=62 target_cluster=None
BRANCH branch_turn=? n=19 remaining_cells=62 beam_states=0 heat_cell=15,8 beam_cell=15,8 chosen_cell=15,8 heat_rank_of_beam=1 beam_rank_of_heat=1 chosen_heat_rank=1 chosen_beam_rank=1 heat_best=1.892963707 heat_second=1.739968404 beam_best=0.000000000 beam_second=0.000000000 heat_cell_beam=0.000000000 beam_cell_heat=1.892963707 chosen_heat=1.892963707 chosen_beam=0.000000000 beam_entropy=0.000000000
DECISION branch_turn=22 cell=15,8 target_cluster=None
RESULT branch_turn=22 cell=15,8 result=MISS remaining_cells=62 target_cluster=None
BRANCH branch_turn=? n=19 remaining_cells=62 beam_states=0 heat_cell=6,14 beam_cell=6,14 chosen_cell=6,14 heat_rank_of_beam=1 beam_rank_of_heat=1 chosen_heat_rank=1 chosen_beam_rank=1 heat_best=1.675414193 heat_second=1.632538584 beam_best=0.000000000 beam_second=0.000000000 heat_cell_beam=0.000000000 beam_cell_heat=1.675414193 chosen_heat=1.675414193 chosen_beam=0.000000000 beam_entropy=0.000000000
DECISION branch_turn=23 cell=6,14 target_cluster=None
RESULT branch_turn=23 cell=6,14 result=HIT remaining_cells=62 target_cluster=None
DECISION branch_turn=24 cell=7,14 target_cluster=Some(0)
RESULT branch_turn=24 cell=7,14 result=MISS remaining_cells=61 target_cluster=Some(0)
DECISION branch_turn=25 cell=6,13 target_cluster=Some(0)
RESULT branch_turn=25 cell=6,13 result=HIT remaining_cells=61 target_cluster=Some(0)
DECISION branch_turn=26 cell=6,12 target_cluster=Some(0)
RESULT branch_turn=26 cell=6,12 result=HIT remaining_cells=60 target_cluster=Some(0)
DECISION branch_turn=27 cell=6,15 target_cluster=Some(0)
RESULT branch_turn=27 cell=6,15 result=MISS remaining_cells=59 target_cluster=Some(0)
DECISION branch_turn=28 cell=6,11 target_cluster=Some(0)
RESULT branch_turn=28 cell=6,11 result=KILL remaining_cells=59 target_cluster=Some(0)
BRANCH branch_turn=? n=19 remaining_cells=58 beam_states=0 heat_cell=10,3 beam_cell=10,3 chosen_cell=10,3 heat_rank_of_beam=1 beam_rank_of_heat=1 chosen_heat_rank=1 chosen_beam_rank=1 heat_best=1.805693519 heat_second=1.803498079 beam_best=0.000000000 beam_second=0.000000000 heat_cell_beam=0.000000000 beam_cell_heat=1.805693519 chosen_heat=1.805693519 chosen_beam=0.000000000 beam_entropy=0.000000000
DECISION branch_turn=29 cell=10,3 target_cluster=None
RESULT branch_turn=29 cell=10,3 result=HIT remaining_cells=58 target_cluster=None
DECISION branch_turn=30 cell=9,3 target_cluster=Some(0)
RESULT branch_turn=30 cell=9,3 result=MISS remaining_cells=57 target_cluster=Some(0)
DECISION branch_turn=31 cell=10,2 target_cluster=Some(0)
RESULT branch_turn=31 cell=10,2 result=HIT remaining_cells=57 target_cluster=Some(0)
DECISION branch_turn=32 cell=10,1 target_cluster=Some(0)
RESULT branch_turn=32 cell=10,1 result=MISS remaining_cells=56 target_cluster=Some(0)
DECISION branch_turn=33 cell=10,4 target_cluster=Some(0)
RESULT branch_turn=33 cell=10,4 result=HIT remaining_cells=56 target_cluster=Some(0)
DECISION branch_turn=34 cell=10,5 target_cluster=Some(0)
RESULT branch_turn=34 cell=10,5 result=HIT remaining_cells=55 target_cluster=Some(0)
DECISION branch_turn=35 cell=11,2 target_cluster=Some(0)
RESULT branch_turn=35 cell=11,2 result=HIT remaining_cells=54 target_cluster=Some(0)
DECISION branch_turn=36 cell=9,2 target_cluster=Some(0)
RESULT branch_turn=36 cell=9,2 result=HIT remaining_cells=53 target_cluster=Some(0)
DECISION branch_turn=37 cell=8,2 target_cluster=Some(0)
RESULT branch_turn=37 cell=8,2 result=HIT remaining_cells=52 target_cluster=Some(0)
DECISION branch_turn=38 cell=7,2 target_cluster=Some(0)
RESULT branch_turn=38 cell=7,2 result=MISS remaining_cells=51 target_cluster=Some(0)
DECISION branch_turn=39 cell=12,2 target_cluster=Some(0)
RESULT branch_turn=39 cell=12,2 result=KILL remaining_cells=51 target_cluster=Some(0)
DECISION branch_turn=40 cell=9,4 target_cluster=Some(0)
RESULT branch_turn=40 cell=9,4 result=MISS remaining_cells=50 target_cluster=Some(0)
DECISION branch_turn=41 cell=11,3 target_cluster=Some(0)
RESULT branch_turn=41 cell=11,3 result=MISS remaining_cells=50 target_cluster=Some(0)
DECISION branch_turn=42 cell=11,5 target_cluster=Some(0)
RESULT branch_turn=42 cell=11,5 result=HIT remaining_cells=50 target_cluster=Some(0)
DECISION branch_turn=43 cell=12,5 target_cluster=Some(0)
RESULT branch_turn=43 cell=12,5 result=KILL remaining_cells=49 target_cluster=Some(0)
DECISION branch_turn=44 cell=11,4 target_cluster=Some(1)
RESULT branch_turn=44 cell=11,4 result=MISS remaining_cells=48 target_cluster=Some(1)
DECISION branch_turn=45 cell=8,3 target_cluster=Some(0)
RESULT branch_turn=45 cell=8,3 result=HIT remaining_cells=48 target_cluster=Some(0)
DECISION branch_turn=46 cell=8,1 target_cluster=Some(0)
RESULT branch_turn=46 cell=8,1 result=HIT remaining_cells=47 target_cluster=Some(0)
DECISION branch_turn=47 cell=8,0 target_cluster=Some(0)
RESULT branch_turn=47 cell=8,0 result=MISS remaining_cells=46 target_cluster=Some(0)
DECISION branch_turn=48 cell=8,4 target_cluster=Some(0)
RESULT branch_turn=48 cell=8,4 result=KILL remaining_cells=46 target_cluster=Some(0)
BRANCH branch_turn=? n=19 remaining_cells=45 beam_states=260 heat_cell=12,11 beam_cell=12,11 chosen_cell=12,11 heat_rank_of_beam=1 beam_rank_of_heat=1 chosen_heat_rank=1 chosen_beam_rank=1 heat_best=1.659194778 heat_second=1.593094246 beam_best=1.643812288 beam_second=1.643812288 heat_cell_beam=1.643812288 beam_cell_heat=1.659194778 chosen_heat=1.659194778 chosen_beam=1.643812288 beam_entropy=3.944919919
DECISION branch_turn=49 cell=12,11 target_cluster=None
RESULT branch_turn=49 cell=12,11 result=MISS remaining_cells=45 target_cluster=None
BRANCH branch_turn=? n=19 remaining_cells=45 beam_states=260 heat_cell=11,12 beam_cell=11,12 chosen_cell=11,12 heat_rank_of_beam=1 beam_rank_of_heat=1 chosen_heat_rank=1 chosen_beam_rank=1 heat_best=1.649712805 heat_second=1.570079057 beam_best=1.719899445 beam_second=1.719899445 heat_cell_beam=1.719899445 beam_cell_heat=1.649712805 chosen_heat=1.649712805 chosen_beam=1.719899445 beam_entropy=4.049665710
DECISION branch_turn=50 cell=11,12 target_cluster=None
RESULT branch_turn=50 cell=11,12 result=MISS remaining_cells=45 target_cluster=None
BRANCH branch_turn=? n=19 remaining_cells=45 beam_states=260 heat_cell=13,10 beam_cell=9,13 chosen_cell=13,10 heat_rank_of_beam=4 beam_rank_of_heat=30 chosen_heat_rank=1 chosen_beam_rank=30 heat_best=1.796376629 heat_second=1.683737554 beam_best=1.770962372 beam_second=1.770962372 heat_cell_beam=1.736905403 beam_cell_heat=1.525193693 chosen_heat=1.796376629 chosen_beam=1.736905403 beam_entropy=3.969408631
DECISION branch_turn=51 cell=13,10 target_cluster=None
RESULT branch_turn=51 cell=13,10 result=MISS remaining_cells=45 target_cluster=None
BRANCH branch_turn=? n=19 remaining_cells=45 beam_states=260 heat_cell=10,13 beam_cell=9,13 chosen_cell=10,13 heat_rank_of_beam=2 beam_rank_of_heat=32 chosen_heat_rank=1 chosen_beam_rank=32 heat_best=1.768348540 heat_second=1.647945694 beam_best=1.861096996 beam_second=1.861096996 heat_cell_beam=1.825306669 beam_cell_heat=1.647945694 chosen_heat=1.768348540 chosen_beam=1.825306669 beam_entropy=3.963009346
DECISION branch_turn=52 cell=10,13 target_cluster=None
RESULT branch_turn=52 cell=10,13 result=HIT remaining_cells=45 target_cluster=None
DECISION branch_turn=53 cell=10,12 target_cluster=Some(1)
RESULT branch_turn=53 cell=10,12 result=HIT remaining_cells=44 target_cluster=Some(1)
DECISION branch_turn=54 cell=10,14 target_cluster=Some(1)
RESULT branch_turn=54 cell=10,14 result=HIT remaining_cells=43 target_cluster=Some(1)
DECISION branch_turn=55 cell=10,15 target_cluster=Some(1)
RESULT branch_turn=55 cell=10,15 result=HIT remaining_cells=42 target_cluster=Some(1)
DECISION branch_turn=56 cell=10,11 target_cluster=Some(1)
RESULT branch_turn=56 cell=10,11 result=MISS remaining_cells=41 target_cluster=Some(1)
DECISION branch_turn=57 cell=10,16 target_cluster=Some(1)
RESULT branch_turn=57 cell=10,16 result=HIT remaining_cells=41 target_cluster=Some(1)
DECISION branch_turn=58 cell=10,17 target_cluster=Some(1)
RESULT branch_turn=58 cell=10,17 result=KILL remaining_cells=40 target_cluster=Some(1)
BRANCH branch_turn=? n=19 remaining_cells=39 beam_states=260 heat_cell=3,7 beam_cell=5,12 chosen_cell=3,7 heat_rank_of_beam=4 beam_rank_of_heat=23 chosen_heat_rank=1 chosen_beam_rank=23 heat_best=1.809417364 heat_second=1.790621088 beam_best=1.775315361 beam_second=1.775315361 heat_cell_beam=1.768487225 beam_cell_heat=1.638593986 chosen_heat=1.809417364 chosen_beam=1.768487225 beam_entropy=3.824553067
DECISION branch_turn=59 cell=3,7 target_cluster=None
RESULT branch_turn=59 cell=3,7 result=HIT remaining_cells=39 target_cluster=None
DECISION branch_turn=60 cell=3,8 target_cluster=Some(1)
RESULT branch_turn=60 cell=3,8 result=HIT remaining_cells=38 target_cluster=Some(1)
DECISION branch_turn=61 cell=3,9 target_cluster=Some(1)
RESULT branch_turn=61 cell=3,9 result=MISS remaining_cells=37 target_cluster=Some(1)
DECISION branch_turn=62 cell=3,6 target_cluster=Some(1)
RESULT branch_turn=62 cell=3,6 result=HIT remaining_cells=37 target_cluster=Some(1)
DECISION branch_turn=63 cell=3,5 target_cluster=Some(1)
RESULT branch_turn=63 cell=3,5 result=HIT remaining_cells=36 target_cluster=Some(1)
DECISION branch_turn=64 cell=3,4 target_cluster=Some(1)
RESULT branch_turn=64 cell=3,4 result=HIT remaining_cells=35 target_cluster=Some(1)
DECISION branch_turn=65 cell=3,3 target_cluster=Some(1)
RESULT branch_turn=65 cell=3,3 result=HIT remaining_cells=34 target_cluster=Some(1)
DECISION branch_turn=66 cell=3,2 target_cluster=Some(1)
RESULT branch_turn=66 cell=3,2 result=HIT remaining_cells=33 target_cluster=Some(1)
DECISION branch_turn=67 cell=3,1 target_cluster=Some(1)
RESULT branch_turn=67 cell=3,1 result=HIT remaining_cells=32 target_cluster=Some(1)
DECISION branch_turn=68 cell=3,0 target_cluster=Some(1)
RESULT branch_turn=68 cell=3,0 result=KILL remaining_cells=31 target_cluster=Some(1)
BRANCH branch_turn=? n=19 remaining_cells=30 beam_states=260 heat_cell=5,14 beam_cell=8,13 chosen_cell=5,14 heat_rank_of_beam=4 beam_rank_of_heat=17 chosen_heat_rank=1 chosen_beam_rank=17 heat_best=1.608542127 heat_second=1.607295291 beam_best=1.353751338 beam_second=1.353751338 heat_cell_beam=1.322510922 beam_cell_heat=1.507805485 chosen_heat=1.608542127 chosen_beam=1.322510922 beam_entropy=3.543553954
DECISION branch_turn=69 cell=5,14 target_cluster=None
RESULT branch_turn=69 cell=5,14 result=MISS remaining_cells=30 target_cluster=None
BRANCH branch_turn=? n=19 remaining_cells=30 beam_states=260 heat_cell=8,13 beam_cell=8,13 chosen_cell=8,13 heat_rank_of_beam=1 beam_rank_of_heat=1 chosen_heat_rank=1 chosen_beam_rank=1 heat_best=1.592962140 heat_second=1.591210717 beam_best=1.416055761 beam_second=1.416055761 heat_cell_beam=1.416055761 beam_cell_heat=1.592962140 chosen_heat=1.592962140 chosen_beam=1.416055761 beam_entropy=3.702685419
DECISION branch_turn=70 cell=8,13 target_cluster=None
RESULT branch_turn=70 cell=8,13 result=HIT remaining_cells=30 target_cluster=None
DECISION branch_turn=71 cell=8,14 target_cluster=Some(1)
RESULT branch_turn=71 cell=8,14 result=HIT remaining_cells=29 target_cluster=Some(1)
DECISION branch_turn=72 cell=8,15 target_cluster=Some(1)
RESULT branch_turn=72 cell=8,15 result=MISS remaining_cells=28 target_cluster=Some(1)
DECISION branch_turn=73 cell=8,12 target_cluster=Some(1)
RESULT branch_turn=73 cell=8,12 result=HIT remaining_cells=28 target_cluster=Some(1)
DECISION branch_turn=74 cell=8,11 target_cluster=Some(1)
RESULT branch_turn=74 cell=8,11 result=KILL remaining_cells=27 target_cluster=Some(1)
BRANCH branch_turn=? n=19 remaining_cells=26 beam_states=260 heat_cell=16,6 beam_cell=9,8 chosen_cell=16,6 heat_rank_of_beam=9 beam_rank_of_heat=54 chosen_heat_rank=1 chosen_beam_rank=54 heat_best=1.300904010 heat_second=1.299834783 beam_best=1.277197599 beam_second=1.277197599 heat_cell_beam=0.009824597 beam_cell_heat=1.020890121 chosen_heat=1.300904010 chosen_beam=0.009824597 beam_entropy=3.591349465
DECISION branch_turn=75 cell=16,6 target_cluster=None
RESULT branch_turn=75 cell=16,6 result=MISS remaining_cells=26 target_cluster=None
BRANCH branch_turn=? n=19 remaining_cells=26 beam_states=260 heat_cell=14,9 beam_cell=9,8 chosen_cell=14,9 heat_rank_of_beam=12 beam_rank_of_heat=15 chosen_heat_rank=1 chosen_beam_rank=15 heat_best=1.164816423 heat_second=1.146389643 beam_best=1.235382662 beam_second=1.235382662 heat_cell_beam=1.197370888 beam_cell_heat=1.047841455 chosen_heat=1.164816423 chosen_beam=1.197370888 beam_entropy=3.582431080
DECISION branch_turn=76 cell=14,9 target_cluster=None
RESULT branch_turn=76 cell=14,9 result=MISS remaining_cells=26 target_cluster=None
BRANCH branch_turn=? n=19 remaining_cells=26 beam_states=260 heat_cell=17,7 beam_cell=9,8 chosen_cell=17,7 heat_rank_of_beam=13 beam_rank_of_heat=55 chosen_heat_rank=1 chosen_beam_rank=55 heat_best=1.178529327 heat_second=1.160204129 beam_best=1.215186537 beam_second=1.215186537 heat_cell_beam=0.000000000 beam_cell_heat=1.052443273 chosen_heat=1.178529327 chosen_beam=0.000000000 beam_entropy=3.660105980
DECISION branch_turn=77 cell=17,7 target_cluster=None
RESULT branch_turn=77 cell=17,7 result=MISS remaining_cells=26 target_cluster=None
BRANCH branch_turn=? n=19 remaining_cells=26 beam_states=260 heat_cell=18,6 beam_cell=9,8 chosen_cell=18,6 heat_rank_of_beam=7 beam_rank_of_heat=67 chosen_heat_rank=1 chosen_beam_rank=67 heat_best=1.248781554 heat_second=1.199202835 beam_best=1.279129281 beam_second=1.279129281 heat_cell_beam=0.000000000 beam_cell_heat=1.125168203 chosen_heat=1.248781554 chosen_beam=0.000000000 beam_entropy=3.698000280
DECISION branch_turn=78 cell=18,6 target_cluster=None
RESULT branch_turn=78 cell=18,6 result=MISS remaining_cells=26 target_cluster=None
BRANCH branch_turn=? n=19 remaining_cells=26 beam_states=260 heat_cell=14,0 beam_cell=9,8 chosen_cell=9,8 heat_rank_of_beam=2 beam_rank_of_heat=67 chosen_heat_rank=2 chosen_beam_rank=1 heat_best=1.255743574 heat_second=1.206426322 beam_best=1.355016143 beam_second=1.355016143 heat_cell_beam=0.000000000 beam_cell_heat=1.206426322 chosen_heat=1.206426322 chosen_beam=1.355016143 beam_entropy=3.698000280
DECISION branch_turn=79 cell=9,8 target_cluster=None
RESULT branch_turn=79 cell=9,8 result=MISS remaining_cells=26 target_cluster=None
BRANCH branch_turn=? n=19 remaining_cells=26 beam_states=260 heat_cell=14,1 beam_cell=4,10 chosen_cell=14,1 heat_rank_of_beam=8 beam_rank_of_heat=19 chosen_heat_rank=1 chosen_beam_rank=19 heat_best=1.438146688 heat_second=1.327551878 beam_best=1.381330456 beam_second=1.381330456 heat_cell_beam=0.786295798 beam_cell_heat=1.128833221 chosen_heat=1.438146688 chosen_beam=0.786295798 beam_entropy=3.831942146
DECISION branch_turn=80 cell=14,1 target_cluster=None
RESULT branch_turn=80 cell=14,1 result=MISS remaining_cells=26 target_cluster=None
BRANCH branch_turn=? n=19 remaining_cells=26 beam_states=260 heat_cell=15,3 beam_cell=4,10 chosen_cell=15,3 heat_rank_of_beam=8 beam_rank_of_heat=5 chosen_heat_rank=1 chosen_beam_rank=5 heat_best=1.743915403 heat_second=1.518835518 beam_best=1.439420494 beam_second=1.439420494 heat_cell_beam=1.289942212 beam_cell_heat=1.172222168 chosen_heat=1.743915403 chosen_beam=1.289942212 beam_entropy=3.810146481
DECISION branch_turn=81 cell=15,3 target_cluster=None
RESULT branch_turn=81 cell=15,3 result=HIT remaining_cells=26 target_cluster=None
DECISION branch_turn=82 cell=15,4 target_cluster=Some(1)
RESULT branch_turn=82 cell=15,4 result=MISS remaining_cells=25 target_cluster=Some(1)
DECISION branch_turn=83 cell=16,3 target_cluster=Some(1)
RESULT branch_turn=83 cell=16,3 result=MISS remaining_cells=25 target_cluster=Some(1)
DECISION branch_turn=84 cell=15,2 target_cluster=Some(1)
RESULT branch_turn=84 cell=15,2 result=KILL remaining_cells=25 target_cluster=Some(1)
BRANCH branch_turn=? n=19 remaining_cells=24 beam_states=260 heat_cell=13,0 beam_cell=4,10 chosen_cell=13,0 heat_rank_of_beam=5 beam_rank_of_heat=4 chosen_heat_rank=1 chosen_beam_rank=4 heat_best=1.524086663 heat_second=1.488261423 beam_best=1.532674130 beam_second=1.532674130 heat_cell_beam=1.473725125 beam_cell_heat=1.313809591 chosen_heat=1.524086663 chosen_beam=1.473725125 beam_entropy=3.749934489
DECISION branch_turn=85 cell=13,0 target_cluster=None
RESULT branch_turn=85 cell=13,0 result=MISS remaining_cells=24 target_cluster=None
BRANCH branch_turn=? n=19 remaining_cells=24 beam_states=260 heat_cell=4,16 beam_cell=4,10 chosen_cell=4,10 heat_rank_of_beam=2 beam_rank_of_heat=47 chosen_heat_rank=2 chosen_beam_rank=1 heat_best=1.422371063 heat_second=1.367303524 beam_best=1.605846405 beam_second=1.605846405 heat_cell_beam=0.024705329 beam_cell_heat=1.367303524 chosen_heat=1.367303524 chosen_beam=1.605846405 beam_entropy=3.586500255
DECISION branch_turn=86 cell=4,10 target_cluster=None
RESULT branch_turn=86 cell=4,10 result=MISS remaining_cells=24 target_cluster=None
BRANCH branch_turn=? n=19 remaining_cells=24 beam_states=260 heat_cell=4,16 beam_cell=9,13 chosen_cell=4,16 heat_rank_of_beam=5 beam_rank_of_heat=21 chosen_heat_rank=1 chosen_beam_rank=21 heat_best=1.704369252 heat_second=1.421223558 beam_best=1.656173573 beam_second=1.656173573 heat_cell_beam=0.738908210 beam_cell_heat=1.307982543 chosen_heat=1.704369252 chosen_beam=0.738908210 beam_entropy=3.679802480
DECISION branch_turn=87 cell=4,16 target_cluster=None
RESULT branch_turn=87 cell=4,16 result=MISS remaining_cells=24 target_cluster=None
BRANCH branch_turn=? n=19 remaining_cells=24 beam_states=260 heat_cell=16,13 beam_cell=9,14 chosen_cell=9,14 heat_rank_of_beam=2 beam_rank_of_heat=67 chosen_heat_rank=2 chosen_beam_rank=1 heat_best=1.450880450 heat_second=1.399918817 beam_best=1.780276555 beam_second=1.780276555 heat_cell_beam=0.000000000 beam_cell_heat=1.399918817 chosen_heat=1.399918817 chosen_beam=1.780276555 beam_entropy=3.631218502
DECISION branch_turn=88 cell=9,14 target_cluster=None
RESULT branch_turn=88 cell=9,14 result=MISS remaining_cells=24 target_cluster=None
BRANCH branch_turn=? n=19 remaining_cells=24 beam_states=260 heat_cell=16,12 beam_cell=16,12 chosen_cell=16,12 heat_rank_of_beam=1 beam_rank_of_heat=1 chosen_heat_rank=1 chosen_beam_rank=1 heat_best=2.035521987 heat_second=1.715316332 beam_best=1.874968957 beam_second=1.874968957 heat_cell_beam=1.874968957 beam_cell_heat=2.035521987 chosen_heat=2.035521987 chosen_beam=1.874968957 beam_entropy=3.431411637
DECISION branch_turn=89 cell=16,12 target_cluster=None
RESULT branch_turn=89 cell=16,12 result=MISS remaining_cells=24 target_cluster=None
BRANCH branch_turn=? n=19 remaining_cells=24 beam_states=260 heat_cell=3,13 beam_cell=17,4 chosen_cell=3,13 heat_rank_of_beam=31 beam_rank_of_heat=7 chosen_heat_rank=1 chosen_beam_rank=7 heat_best=1.781765680 heat_second=1.780721219 beam_best=1.818533649 beam_second=1.818533649 heat_cell_beam=1.783561848 beam_cell_heat=1.299271131 chosen_heat=1.781765680 chosen_beam=1.783561848 beam_entropy=3.732724802
DECISION branch_turn=90 cell=3,13 target_cluster=None
RESULT branch_turn=90 cell=3,13 result=MISS remaining_cells=24 target_cluster=None
BRANCH branch_turn=? n=19 remaining_cells=24 beam_states=260 heat_cell=2,12 beam_cell=2,12 chosen_cell=2,12 heat_rank_of_beam=1 beam_rank_of_heat=1 chosen_heat_rank=1 chosen_beam_rank=1 heat_best=2.017470653 heat_second=2.015958639 beam_best=1.909964626 beam_second=1.909964626 heat_cell_beam=1.909964626 beam_cell_heat=2.017470653 chosen_heat=2.017470653 chosen_beam=1.909964626 beam_entropy=3.708606075
DECISION branch_turn=91 cell=2,12 target_cluster=None
RESULT branch_turn=91 cell=2,12 result=MISS remaining_cells=24 target_cluster=None
BRANCH branch_turn=? n=19 remaining_cells=24 beam_states=260 heat_cell=1,11 beam_cell=1,11 chosen_cell=1,11 heat_rank_of_beam=1 beam_rank_of_heat=1 chosen_heat_rank=1 chosen_beam_rank=1 heat_best=1.931562281 heat_second=1.893621632 beam_best=2.030045708 beam_second=2.030045708 heat_cell_beam=2.030045708 beam_cell_heat=1.931562281 chosen_heat=1.931562281 chosen_beam=2.030045708 beam_entropy=3.770806349
DECISION branch_turn=92 cell=1,11 target_cluster=None
RESULT branch_turn=92 cell=1,11 result=MISS remaining_cells=24 target_cluster=None
BRANCH branch_turn=? n=19 remaining_cells=24 beam_states=260 heat_cell=5,17 beam_cell=17,5 chosen_cell=5,17 heat_rank_of_beam=29 beam_rank_of_heat=9 chosen_heat_rank=1 chosen_beam_rank=9 heat_best=2.157670572 heat_second=2.106216936 beam_best=2.135788436 beam_second=2.135788436 heat_cell_beam=1.683987036 beam_cell_heat=1.505161990 chosen_heat=2.157670572 chosen_beam=1.683987036 beam_entropy=3.855427255
DECISION branch_turn=93 cell=5,17 target_cluster=None
RESULT branch_turn=93 cell=5,17 result=MISS remaining_cells=24 target_cluster=None
BRANCH branch_turn=? n=19 remaining_cells=24 beam_states=260 heat_cell=0,15 beam_cell=17,4 chosen_cell=0,15 heat_rank_of_beam=24 beam_rank_of_heat=8 chosen_heat_rank=1 chosen_beam_rank=8 heat_best=2.413099295 heat_second=2.088693376 beam_best=2.296712861 beam_second=2.296712861 heat_cell_beam=2.049374553 beam_cell_heat=1.609177655 chosen_heat=2.413099295 chosen_beam=2.049374553 beam_entropy=3.864023287
DECISION branch_turn=94 cell=0,15 target_cluster=None
RESULT branch_turn=94 cell=0,15 result=MISS remaining_cells=24 target_cluster=None
BRANCH branch_turn=? n=19 remaining_cells=24 beam_states=260 heat_cell=6,18 beam_cell=17,5 chosen_cell=6,18 heat_rank_of_beam=21 beam_rank_of_heat=44 chosen_heat_rank=1 chosen_beam_rank=44 heat_best=2.544086446 heat_second=2.506870685 beam_best=2.492002422 beam_second=2.492002422 heat_cell_beam=0.546323608 beam_cell_heat=1.736491737 chosen_heat=2.544086446 chosen_beam=0.546323608 beam_entropy=4.033673374
DECISION branch_turn=95 cell=6,18 target_cluster=None
RESULT branch_turn=95 cell=6,18 result=HIT remaining_cells=24 target_cluster=None
DECISION branch_turn=96 cell=7,18 target_cluster=Some(1)
RESULT branch_turn=96 cell=7,18 result=HIT remaining_cells=23 target_cluster=Some(1)
DECISION branch_turn=97 cell=8,18 target_cluster=Some(1)
RESULT branch_turn=97 cell=8,18 result=HIT remaining_cells=22 target_cluster=Some(1)
DECISION branch_turn=98 cell=9,18 target_cluster=Some(1)
RESULT branch_turn=98 cell=9,18 result=MISS remaining_cells=21 target_cluster=Some(1)
DECISION branch_turn=99 cell=5,18 target_cluster=Some(1)
RESULT branch_turn=99 cell=5,18 result=HIT remaining_cells=21 target_cluster=Some(1)
DECISION branch_turn=100 cell=4,18 target_cluster=Some(1)
RESULT branch_turn=100 cell=4,18 result=HIT remaining_cells=20 target_cluster=Some(1)
DECISION branch_turn=101 cell=3,18 target_cluster=Some(1)
RESULT branch_turn=101 cell=3,18 result=HIT remaining_cells=19 target_cluster=Some(1)
DECISION branch_turn=102 cell=2,18 target_cluster=Some(1)
RESULT branch_turn=102 cell=2,18 result=KILL remaining_cells=18 target_cluster=Some(1)
BRANCH branch_turn=? n=19 remaining_cells=17 beam_states=260 heat_cell=18,11 beam_cell=11,9 chosen_cell=18,11 heat_rank_of_beam=28 beam_rank_of_heat=7 chosen_heat_rank=1 chosen_beam_rank=7 heat_best=2.346262861 heat_second=2.344469282 beam_best=1.888008680 beam_second=1.888008680 heat_cell_beam=1.546714804 beam_cell_heat=1.385461470 chosen_heat=2.346262861 chosen_beam=1.546714804 beam_entropy=3.331293526
DECISION branch_turn=103 cell=18,11 target_cluster=None
RESULT branch_turn=103 cell=18,11 result=MISS remaining_cells=17 target_cluster=None
BRANCH branch_turn=? n=19 remaining_cells=17 beam_states=260 heat_cell=17,13 beam_cell=17,4 chosen_cell=17,13 heat_rank_of_beam=4 beam_rank_of_heat=56 chosen_heat_rank=1 chosen_beam_rank=56 heat_best=2.389292469 heat_second=2.387922015 beam_best=2.117427516 beam_second=2.117427516 heat_cell_beam=0.000000000 beam_cell_heat=2.193307313 chosen_heat=2.389292469 chosen_beam=0.000000000 beam_entropy=3.219524227
DECISION branch_turn=104 cell=17,13 target_cluster=None
RESULT branch_turn=104 cell=17,13 result=MISS remaining_cells=17 target_cluster=None
BRANCH branch_turn=? n=19 remaining_cells=17 beam_states=260 heat_cell=15,14 beam_cell=17,5 chosen_cell=15,14 heat_rank_of_beam=2 beam_rank_of_heat=56 chosen_heat_rank=1 chosen_beam_rank=56 heat_best=2.871263361 heat_second=2.581126733 beam_best=2.522281952 beam_second=2.522281952 heat_cell_beam=0.000000000 beam_cell_heat=2.581126733 chosen_heat=2.871263361 chosen_beam=0.000000000 beam_entropy=3.219524227
DECISION branch_turn=105 cell=15,14 target_cluster=None
RESULT branch_turn=105 cell=15,14 result=MISS remaining_cells=17 target_cluster=None
BRANCH branch_turn=? n=19 remaining_cells=17 beam_states=260 heat_cell=14,15 beam_cell=17,4 chosen_cell=14,15 heat_rank_of_beam=2 beam_rank_of_heat=56 chosen_heat_rank=1 chosen_beam_rank=56 heat_best=3.163544736 heat_second=2.939558066 beam_best=2.759105815 beam_second=2.759105815 heat_cell_beam=0.000000000 beam_cell_heat=2.939558066 chosen_heat=3.163544736 chosen_beam=0.000000000 beam_entropy=3.219524227
DECISION branch_turn=106 cell=14,15 target_cluster=None
RESULT branch_turn=106 cell=14,15 result=HIT remaining_cells=17 target_cluster=None
DECISION branch_turn=107 cell=14,14 target_cluster=Some(1)
RESULT branch_turn=107 cell=14,14 result=HIT remaining_cells=16 target_cluster=Some(1)
DECISION branch_turn=108 cell=14,13 target_cluster=Some(1)
RESULT branch_turn=108 cell=14,13 result=HIT remaining_cells=15 target_cluster=Some(1)
DECISION branch_turn=109 cell=14,16 target_cluster=Some(1)
RESULT branch_turn=109 cell=14,16 result=HIT remaining_cells=14 target_cluster=Some(1)
DECISION branch_turn=110 cell=14,17 target_cluster=Some(1)
RESULT branch_turn=110 cell=14,17 result=HIT remaining_cells=13 target_cluster=Some(1)
DECISION branch_turn=111 cell=14,18 target_cluster=Some(1)
RESULT branch_turn=111 cell=14,18 result=KILL remaining_cells=12 target_cluster=Some(1)
BRANCH branch_turn=? n=19 remaining_cells=11 beam_states=260 heat_cell=17,4 beam_cell=17,4 chosen_cell=17,4 heat_rank_of_beam=1 beam_rank_of_heat=1 chosen_heat_rank=1 chosen_beam_rank=1 heat_best=4.523987786 heat_second=4.523772005 beam_best=1.805539528 beam_second=1.805539528 heat_cell_beam=1.805539528 beam_cell_heat=4.523987786 chosen_heat=4.523987786 chosen_beam=1.805539528 beam_entropy=2.983957139
DECISION branch_turn=112 cell=17,4 target_cluster=None
RESULT branch_turn=112 cell=17,4 result=MISS remaining_cells=11 target_cluster=None
BRANCH branch_turn=? n=19 remaining_cells=11 beam_states=260 heat_cell=18,3 beam_cell=18,3 chosen_cell=18,3 heat_rank_of_beam=1 beam_rank_of_heat=1 chosen_heat_rank=1 chosen_beam_rank=1 heat_best=3.286056795 heat_second=3.285011930 beam_best=1.312661848 beam_second=1.312661848 heat_cell_beam=1.312661848 beam_cell_heat=3.286056795 chosen_heat=3.286056795 chosen_beam=1.312661848 beam_entropy=2.987937567
DECISION branch_turn=113 cell=18,3 target_cluster=None
RESULT branch_turn=113 cell=18,3 result=MISS remaining_cells=11 target_cluster=None
BRANCH branch_turn=? n=19 remaining_cells=11 beam_states=0 heat_cell=12,7 beam_cell=12,7 chosen_cell=12,7 heat_rank_of_beam=1 beam_rank_of_heat=1 chosen_heat_rank=1 chosen_beam_rank=1 heat_best=2.342369846 heat_second=2.336646346 beam_best=0.000000000 beam_second=0.000000000 heat_cell_beam=0.000000000 beam_cell_heat=2.342369846 chosen_heat=2.342369846 chosen_beam=0.000000000 beam_entropy=0.000000000
DECISION branch_turn=114 cell=12,7 target_cluster=None
RESULT branch_turn=114 cell=12,7 result=HIT remaining_cells=11 target_cluster=None
DECISION branch_turn=115 cell=12,8 target_cluster=Some(1)
RESULT branch_turn=115 cell=12,8 result=HIT remaining_cells=10 target_cluster=Some(1)
DECISION branch_turn=116 cell=12,9 target_cluster=Some(1)
RESULT branch_turn=116 cell=12,9 result=MISS remaining_cells=9 target_cluster=Some(1)
DECISION branch_turn=117 cell=12,6 target_cluster=Some(1)
RESULT branch_turn=117 cell=12,6 result=KILL remaining_cells=9 target_cluster=Some(1)
DECISION branch_turn=118 cell=13,8 target_cluster=Some(1)
RESULT branch_turn=118 cell=13,8 result=MISS remaining_cells=8 target_cluster=Some(1)
DECISION branch_turn=119 cell=11,8 target_cluster=Some(1)
RESULT branch_turn=119 cell=11,8 result=MISS remaining_cells=8 target_cluster=Some(1)
BRANCH branch_turn=? n=19 remaining_cells=8 beam_states=0 heat_cell=13,3 beam_cell=13,3 chosen_cell=13,3 heat_rank_of_beam=1 beam_rank_of_heat=1 chosen_heat_rank=1 chosen_beam_rank=1 heat_best=2.250052729 heat_second=2.247780386 beam_best=0.000000000 beam_second=0.000000000 heat_cell_beam=0.000000000 beam_cell_heat=2.250052729 chosen_heat=2.250052729 chosen_beam=0.000000000 beam_entropy=0.000000000
DECISION branch_turn=120 cell=13,3 target_cluster=None
RESULT branch_turn=120 cell=13,3 result=MISS remaining_cells=8 target_cluster=None
BRANCH branch_turn=? n=19 remaining_cells=8 beam_states=0 heat_cell=17,1 beam_cell=17,1 chosen_cell=17,1 heat_rank_of_beam=1 beam_rank_of_heat=1 chosen_heat_rank=1 chosen_beam_rank=1 heat_best=2.288177142 heat_second=2.286993192 beam_best=0.000000000 beam_second=0.000000000 heat_cell_beam=0.000000000 beam_cell_heat=2.288177142 chosen_heat=2.288177142 chosen_beam=0.000000000 beam_entropy=0.000000000
DECISION branch_turn=121 cell=17,1 target_cluster=None
RESULT branch_turn=121 cell=17,1 result=MISS remaining_cells=8 target_cluster=None
BRANCH branch_turn=? n=19 remaining_cells=8 beam_states=0 heat_cell=13,13 beam_cell=13,13 chosen_cell=13,13 heat_rank_of_beam=1 beam_rank_of_heat=1 chosen_heat_rank=1 chosen_beam_rank=1 heat_best=2.146570868 heat_second=2.143036448 beam_best=0.000000000 beam_second=0.000000000 heat_cell_beam=0.000000000 beam_cell_heat=2.146570868 chosen_heat=2.146570868 chosen_beam=0.000000000 beam_entropy=0.000000000
DECISION branch_turn=122 cell=13,13 target_cluster=None
RESULT branch_turn=122 cell=13,13 result=MISS remaining_cells=8 target_cluster=None
BRANCH branch_turn=? n=19 remaining_cells=8 beam_states=0 heat_cell=12,15 beam_cell=12,15 chosen_cell=12,15 heat_rank_of_beam=1 beam_rank_of_heat=1 chosen_heat_rank=1 chosen_beam_rank=1 heat_best=2.067481938 heat_second=2.066438826 beam_best=0.000000000 beam_second=0.000000000 heat_cell_beam=0.000000000 beam_cell_heat=2.067481938 chosen_heat=2.067481938 chosen_beam=0.000000000 beam_entropy=0.000000000
DECISION branch_turn=123 cell=12,15 target_cluster=None
RESULT branch_turn=123 cell=12,15 result=MISS remaining_cells=8 target_cluster=None
BRANCH branch_turn=? n=19 remaining_cells=8 beam_states=0 heat_cell=10,7 beam_cell=10,7 chosen_cell=10,7 heat_rank_of_beam=1 beam_rank_of_heat=1 chosen_heat_rank=1 chosen_beam_rank=1 heat_best=2.919264134 heat_second=2.915334699 beam_best=0.000000000 beam_second=0.000000000 heat_cell_beam=0.000000000 beam_cell_heat=2.919264134 chosen_heat=2.919264134 chosen_beam=0.000000000 beam_entropy=0.000000000
DECISION branch_turn=124 cell=10,7 target_cluster=None
RESULT branch_turn=124 cell=10,7 result=HIT remaining_cells=8 target_cluster=None
DECISION branch_turn=125 cell=10,8 target_cluster=Some(2)
RESULT branch_turn=125 cell=10,8 result=HIT remaining_cells=7 target_cluster=Some(2)
DECISION branch_turn=126 cell=10,9 target_cluster=Some(2)
RESULT branch_turn=126 cell=10,9 result=KILL remaining_cells=6 target_cluster=Some(2)
DECISION branch_turn=127 cell=11,7 target_cluster=Some(2)
RESULT branch_turn=127 cell=11,7 result=MISS remaining_cells=5 target_cluster=Some(2)
DECISION branch_turn=128 cell=9,7 target_cluster=Some(2)
RESULT branch_turn=128 cell=9,7 result=MISS remaining_cells=5 target_cluster=Some(2)
BRANCH branch_turn=? n=19 remaining_cells=5 beam_states=0 heat_cell=18,14 beam_cell=18,14 chosen_cell=18,14 heat_rank_of_beam=1 beam_rank_of_heat=1 chosen_heat_rank=1 chosen_beam_rank=1 heat_best=2.650827514 heat_second=2.649366851 beam_best=0.000000000 beam_second=0.000000000 heat_cell_beam=0.000000000 beam_cell_heat=2.650827514 chosen_heat=2.650827514 chosen_beam=0.000000000 beam_entropy=0.000000000
DECISION branch_turn=129 cell=18,14 target_cluster=None
RESULT branch_turn=129 cell=18,14 result=MISS remaining_cells=5 target_cluster=None
BRANCH branch_turn=? n=19 remaining_cells=5 beam_states=0 heat_cell=16,16 beam_cell=16,16 chosen_cell=16,16 heat_rank_of_beam=1 beam_rank_of_heat=1 chosen_heat_rank=1 chosen_beam_rank=1 heat_best=2.296471357 heat_second=2.296395509 beam_best=0.000000000 beam_second=0.000000000 heat_cell_beam=0.000000000 beam_cell_heat=2.296471357 chosen_heat=2.296471357 chosen_beam=0.000000000 beam_entropy=0.000000000
DECISION branch_turn=130 cell=16,16 target_cluster=None
RESULT branch_turn=130 cell=16,16 result=MISS remaining_cells=5 target_cluster=None
BRANCH branch_turn=? n=19 remaining_cells=5 beam_states=0 heat_cell=11,14 beam_cell=11,14 chosen_cell=11,14 heat_rank_of_beam=1 beam_rank_of_heat=1 chosen_heat_rank=1 chosen_beam_rank=1 heat_best=3.116751896 heat_second=3.113696611 beam_best=0.000000000 beam_second=0.000000000 heat_cell_beam=0.000000000 beam_cell_heat=3.116751896 chosen_heat=3.116751896 chosen_beam=0.000000000 beam_entropy=0.000000000
DECISION branch_turn=131 cell=11,14 target_cluster=None
RESULT branch_turn=131 cell=11,14 result=MISS remaining_cells=5 target_cluster=None
BRANCH branch_turn=? n=19 remaining_cells=5 beam_states=0 heat_cell=15,5 beam_cell=15,5 chosen_cell=15,5 heat_rank_of_beam=1 beam_rank_of_heat=1 chosen_heat_rank=1 chosen_beam_rank=1 heat_best=3.757350518 heat_second=3.757045809 beam_best=0.000000000 beam_second=0.000000000 heat_cell_beam=0.000000000 beam_cell_heat=3.757350518 chosen_heat=3.757350518 chosen_beam=0.000000000 beam_entropy=0.000000000
DECISION branch_turn=132 cell=15,5 target_cluster=None
RESULT branch_turn=132 cell=15,5 result=MISS remaining_cells=5 target_cluster=None
BRANCH branch_turn=? n=19 remaining_cells=5 beam_states=0 heat_cell=14,6 beam_cell=14,6 chosen_cell=14,6 heat_rank_of_beam=1 beam_rank_of_heat=1 chosen_heat_rank=1 chosen_beam_rank=1 heat_best=3.909561554 heat_second=3.908147186 beam_best=0.000000000 beam_second=0.000000000 heat_cell_beam=0.000000000 beam_cell_heat=3.909561554 chosen_heat=3.909561554 chosen_beam=0.000000000 beam_entropy=0.000000000
DECISION branch_turn=133 cell=14,6 target_cluster=None
RESULT branch_turn=133 cell=14,6 result=MISS remaining_cells=5 target_cluster=None
BRANCH branch_turn=? n=19 remaining_cells=5 beam_states=0 heat_cell=14,4 beam_cell=14,4 chosen_cell=14,4 heat_rank_of_beam=1 beam_rank_of_heat=1 chosen_heat_rank=1 chosen_beam_rank=1 heat_best=4.071848073 heat_second=4.070300124 beam_best=0.000000000 beam_second=0.000000000 heat_cell_beam=0.000000000 beam_cell_heat=4.071848073 chosen_heat=4.071848073 chosen_beam=0.000000000 beam_entropy=0.000000000
DECISION branch_turn=134 cell=14,4 target_cluster=None
RESULT branch_turn=134 cell=14,4 result=MISS remaining_cells=5 target_cluster=None
BRANCH branch_turn=? n=19 remaining_cells=5 beam_states=0 heat_cell=12,1 beam_cell=12,1 chosen_cell=12,1 heat_rank_of_beam=1 beam_rank_of_heat=1 chosen_heat_rank=1 chosen_beam_rank=1 heat_best=4.243513167 heat_second=4.242468642 beam_best=0.000000000 beam_second=0.000000000 heat_cell_beam=0.000000000 beam_cell_heat=4.243513167 chosen_heat=4.243513167 chosen_beam=0.000000000 beam_entropy=0.000000000
DECISION branch_turn=135 cell=12,1 target_cluster=None
RESULT branch_turn=135 cell=12,1 result=MISS remaining_cells=5 target_cluster=None
BRANCH branch_turn=? n=19 remaining_cells=5 beam_states=0 heat_cell=11,0 beam_cell=11,0 chosen_cell=11,0 heat_rank_of_beam=1 beam_rank_of_heat=1 chosen_heat_rank=1 chosen_beam_rank=1 heat_best=4.411978272 heat_second=4.408050771 beam_best=0.000000000 beam_second=0.000000000 heat_cell_beam=0.000000000 beam_cell_heat=4.411978272 chosen_heat=4.411978272 chosen_beam=0.000000000 beam_entropy=0.000000000
DECISION branch_turn=136 cell=11,0 target_cluster=None
RESULT branch_turn=136 cell=11,0 result=MISS remaining_cells=5 target_cluster=None
BRANCH branch_turn=? n=19 remaining_cells=5 beam_states=0 heat_cell=17,5 beam_cell=17,5 chosen_cell=17,5 heat_rank_of_beam=1 beam_rank_of_heat=1 chosen_heat_rank=1 chosen_beam_rank=1 heat_best=4.499385560 heat_second=4.498217161 beam_best=0.000000000 beam_second=0.000000000 heat_cell_beam=0.000000000 beam_cell_heat=4.499385560 chosen_heat=4.499385560 chosen_beam=0.000000000 beam_entropy=0.000000000
DECISION branch_turn=137 cell=17,5 target_cluster=None
RESULT branch_turn=137 cell=17,5 result=MISS remaining_cells=5 target_cluster=None
BRANCH branch_turn=? n=19 remaining_cells=5 beam_states=0 heat_cell=16,0 beam_cell=16,0 chosen_cell=16,0 heat_rank_of_beam=1 beam_rank_of_heat=1 chosen_heat_rank=1 chosen_beam_rank=1 heat_best=4.592973113 heat_second=4.591093438 beam_best=0.000000000 beam_second=0.000000000 heat_cell_beam=0.000000000 beam_cell_heat=4.592973113 chosen_heat=4.592973113 chosen_beam=0.000000000 beam_entropy=0.000000000
DECISION branch_turn=138 cell=16,0 target_cluster=None
RESULT branch_turn=138 cell=16,0 result=HIT remaining_cells=5 target_cluster=None
DECISION branch_turn=139 cell=15,0 target_cluster=Some(3)
RESULT branch_turn=139 cell=15,0 result=MISS remaining_cells=4 target_cluster=Some(3)
DECISION branch_turn=140 cell=16,1 target_cluster=Some(3)
RESULT branch_turn=140 cell=16,1 result=MISS remaining_cells=4 target_cluster=Some(3)
DECISION branch_turn=141 cell=17,0 target_cluster=Some(3)
RESULT branch_turn=141 cell=17,0 result=KILL remaining_cells=4 target_cluster=Some(3)
BRANCH branch_turn=? n=19 remaining_cells=3 beam_states=0 heat_cell=1,13 beam_cell=1,13 chosen_cell=1,13 heat_rank_of_beam=1 beam_rank_of_heat=1 chosen_heat_rank=1 chosen_beam_rank=1 heat_best=5.074681629 heat_second=5.073377589 beam_best=0.000000000 beam_second=0.000000000 heat_cell_beam=0.000000000 beam_cell_heat=5.074681629 chosen_heat=5.074681629 chosen_beam=0.000000000 beam_entropy=0.000000000
DECISION branch_turn=142 cell=1,13 target_cluster=None
RESULT branch_turn=142 cell=1,13 result=MISS remaining_cells=3 target_cluster=None
BRANCH branch_turn=? n=19 remaining_cells=3 beam_states=0 heat_cell=0,10 beam_cell=0,10 chosen_cell=0,10 heat_rank_of_beam=1 beam_rank_of_heat=1 chosen_heat_rank=1 chosen_beam_rank=1 heat_best=7.703319091 heat_second=7.702237416 beam_best=0.000000000 beam_second=0.000000000 heat_cell_beam=0.000000000 beam_cell_heat=7.703319091 chosen_heat=7.703319091 chosen_beam=0.000000000 beam_entropy=0.000000000
DECISION branch_turn=143 cell=0,10 target_cluster=None
RESULT branch_turn=143 cell=0,10 result=MISS remaining_cells=3 target_cluster=None
BRANCH branch_turn=? n=19 remaining_cells=3 beam_states=0 heat_cell=9,10 beam_cell=9,10 chosen_cell=9,10 heat_rank_of_beam=1 beam_rank_of_heat=1 chosen_heat_rank=1 chosen_beam_rank=1 heat_best=0.039959057 heat_second=0.039186267 beam_best=0.000000000 beam_second=0.000000000 heat_cell_beam=0.000000000 beam_cell_heat=0.039959057 chosen_heat=0.039959057 chosen_beam=0.000000000 beam_entropy=0.000000000
DECISION branch_turn=144 cell=9,10 target_cluster=None
RESULT branch_turn=144 cell=9,10 result=MISS remaining_cells=3 target_cluster=None
BRANCH branch_turn=? n=19 remaining_cells=3 beam_states=0 heat_cell=11,9 beam_cell=11,9 chosen_cell=11,9 heat_rank_of_beam=1 beam_rank_of_heat=1 chosen_heat_rank=1 chosen_beam_rank=1 heat_best=0.041164111 heat_second=0.040688073 beam_best=0.000000000 beam_second=0.000000000 heat_cell_beam=0.000000000 beam_cell_heat=0.041164111 chosen_heat=0.041164111 chosen_beam=0.000000000 beam_entropy=0.000000000
DECISION branch_turn=145 cell=11,9 target_cluster=None
RESULT branch_turn=145 cell=11,9 result=MISS remaining_cells=3 target_cluster=None
BRANCH branch_turn=? n=19 remaining_cells=3 beam_states=0 heat_cell=9,9 beam_cell=9,9 chosen_cell=9,9 heat_rank_of_beam=1 beam_rank_of_heat=1 chosen_heat_rank=1 chosen_beam_rank=1 heat_best=0.040721249 heat_second=0.040331587 beam_best=0.000000000 beam_second=0.000000000 heat_cell_beam=0.000000000 beam_cell_heat=0.040721249 chosen_heat=0.040721249 chosen_beam=0.000000000 beam_entropy=0.000000000
DECISION branch_turn=146 cell=9,9 target_cluster=None
RESULT branch_turn=146 cell=9,9 result=MISS remaining_cells=3 target_cluster=None
BRANCH branch_turn=? n=19 remaining_cells=3 beam_states=0 heat_cell=9,11 beam_cell=9,11 chosen_cell=9,11 heat_rank_of_beam=1 beam_rank_of_heat=1 chosen_heat_rank=1 chosen_beam_rank=1 heat_best=0.042365078 heat_second=0.040420803 beam_best=0.000000000 beam_second=0.000000000 heat_cell_beam=0.000000000 beam_cell_heat=0.042365078 chosen_heat=0.042365078 chosen_beam=0.000000000 beam_entropy=0.000000000
DECISION branch_turn=147 cell=9,11 target_cluster=None
RESULT branch_turn=147 cell=9,11 result=MISS remaining_cells=3 target_cluster=None
BRANCH branch_turn=? n=19 remaining_cells=3 beam_states=0 heat_cell=9,12 beam_cell=9,12 chosen_cell=9,12 heat_rank_of_beam=1 beam_rank_of_heat=1 chosen_heat_rank=1 chosen_beam_rank=1 heat_best=0.041603117 heat_second=0.040816216 beam_best=0.000000000 beam_second=0.000000000 heat_cell_beam=0.000000000 beam_cell_heat=0.041603117 chosen_heat=0.041603117 chosen_beam=0.000000000 beam_entropy=0.000000000
DECISION branch_turn=148 cell=9,12 target_cluster=None
RESULT branch_turn=148 cell=9,12 result=MISS remaining_cells=3 target_cluster=None
BRANCH branch_turn=? n=19 remaining_cells=3 beam_states=0 heat_cell=10,10 beam_cell=10,10 chosen_cell=10,10 heat_rank_of_beam=1 beam_rank_of_heat=1 chosen_heat_rank=1 chosen_beam_rank=1 heat_best=0.042275911 heat_second=0.041626546 beam_best=0.000000000 beam_second=0.000000000 heat_cell_beam=0.000000000 beam_cell_heat=0.042275911 chosen_heat=0.042275911 chosen_beam=0.000000000 beam_entropy=0.000000000
DECISION branch_turn=149 cell=10,10 target_cluster=None
RESULT branch_turn=149 cell=10,10 result=MISS remaining_cells=3 target_cluster=None
BRANCH branch_turn=? n=19 remaining_cells=3 beam_states=0 heat_cell=11,10 beam_cell=11,10 chosen_cell=11,10 heat_rank_of_beam=1 beam_rank_of_heat=1 chosen_heat_rank=1 chosen_beam_rank=1 heat_best=0.042030142 heat_second=0.039262427 beam_best=0.000000000 beam_second=0.000000000 heat_cell_beam=0.000000000 beam_cell_heat=0.042030142 chosen_heat=0.042030142 chosen_beam=0.000000000 beam_entropy=0.000000000
DECISION branch_turn=150 cell=11,10 target_cluster=None
RESULT branch_turn=150 cell=11,10 result=MISS remaining_cells=3 target_cluster=None
BRANCH branch_turn=? n=19 remaining_cells=3 beam_states=0 heat_cell=9,13 beam_cell=9,13 chosen_cell=9,13 heat_rank_of_beam=1 beam_rank_of_heat=1 chosen_heat_rank=1 chosen_beam_rank=1 heat_best=0.040843321 heat_second=0.040493199 beam_best=0.000000000 beam_second=0.000000000 heat_cell_beam=0.000000000 beam_cell_heat=0.040843321 chosen_heat=0.040843321 chosen_beam=0.000000000 beam_entropy=0.000000000
DECISION branch_turn=151 cell=9,13 target_cluster=None
RESULT branch_turn=151 cell=9,13 result=MISS remaining_cells=3 target_cluster=None
BRANCH branch_turn=? n=19 remaining_cells=3 beam_states=0 heat_cell=12,10 beam_cell=12,10 chosen_cell=12,10 heat_rank_of_beam=1 beam_rank_of_heat=1 chosen_heat_rank=1 chosen_beam_rank=1 heat_best=0.042705752 heat_second=0.042418305 beam_best=0.000000000 beam_second=0.000000000 heat_cell_beam=0.000000000 beam_cell_heat=0.042705752 chosen_heat=0.042705752 chosen_beam=0.000000000 beam_entropy=0.000000000
DECISION branch_turn=152 cell=12,10 target_cluster=None
RESULT branch_turn=152 cell=12,10 result=MISS remaining_cells=3 target_cluster=None
BRANCH branch_turn=? n=19 remaining_cells=3 beam_states=0 heat_cell=15,9 beam_cell=15,9 chosen_cell=15,9 heat_rank_of_beam=1 beam_rank_of_heat=1 chosen_heat_rank=1 chosen_beam_rank=1 heat_best=0.041971039 heat_second=0.041959163 beam_best=0.000000000 beam_second=0.000000000 heat_cell_beam=0.000000000 beam_cell_heat=0.041971039 chosen_heat=0.041971039 chosen_beam=0.000000000 beam_entropy=0.000000000
DECISION branch_turn=153 cell=15,9 target_cluster=None
RESULT branch_turn=153 cell=15,9 result=MISS remaining_cells=3 target_cluster=None
BRANCH branch_turn=? n=19 remaining_cells=3 beam_states=0 heat_cell=11,11 beam_cell=11,11 chosen_cell=11,11 heat_rank_of_beam=1 beam_rank_of_heat=1 chosen_heat_rank=1 chosen_beam_rank=1 heat_best=0.044578892 heat_second=0.041345569 beam_best=0.000000000 beam_second=0.000000000 heat_cell_beam=0.000000000 beam_cell_heat=0.044578892 chosen_heat=0.044578892 chosen_beam=0.000000000 beam_entropy=0.000000000
DECISION branch_turn=154 cell=11,11 target_cluster=None
RESULT branch_turn=154 cell=11,11 result=MISS remaining_cells=3 target_cluster=None
BRANCH branch_turn=? n=19 remaining_cells=3 beam_states=0 heat_cell=13,11 beam_cell=13,11 chosen_cell=13,11 heat_rank_of_beam=1 beam_rank_of_heat=1 chosen_heat_rank=1 chosen_beam_rank=1 heat_best=0.043039899 heat_second=0.042968906 beam_best=0.000000000 beam_second=0.000000000 heat_cell_beam=0.000000000 beam_cell_heat=0.043039899 chosen_heat=0.043039899 chosen_beam=0.000000000 beam_entropy=0.000000000
DECISION branch_turn=155 cell=13,11 target_cluster=None
RESULT branch_turn=155 cell=13,11 result=MISS remaining_cells=3 target_cluster=None
BRANCH branch_turn=? n=19 remaining_cells=3 beam_states=0 heat_cell=13,9 beam_cell=13,9 chosen_cell=13,9 heat_rank_of_beam=1 beam_rank_of_heat=1 chosen_heat_rank=1 chosen_beam_rank=1 heat_best=0.044646892 heat_second=0.043790059 beam_best=0.000000000 beam_second=0.000000000 heat_cell_beam=0.000000000 beam_cell_heat=0.044646892 chosen_heat=0.044646892 chosen_beam=0.000000000 beam_entropy=0.000000000
DECISION branch_turn=156 cell=13,9 target_cluster=None
RESULT branch_turn=156 cell=13,9 result=MISS remaining_cells=3 target_cluster=None
BRANCH branch_turn=? n=19 remaining_cells=3 beam_states=0 heat_cell=14,11 beam_cell=14,11 chosen_cell=14,11 heat_rank_of_beam=1 beam_rank_of_heat=1 chosen_heat_rank=1 chosen_beam_rank=1 heat_best=0.043567021 heat_second=0.043104822 beam_best=0.000000000 beam_second=0.000000000 heat_cell_beam=0.000000000 beam_cell_heat=0.043567021 chosen_heat=0.043567021 chosen_beam=0.000000000 beam_entropy=0.000000000
DECISION branch_turn=157 cell=14,11 target_cluster=None
RESULT branch_turn=157 cell=14,11 result=MISS remaining_cells=3 target_cluster=None
BRANCH branch_turn=? n=19 remaining_cells=3 beam_states=0 heat_cell=11,13 beam_cell=11,13 chosen_cell=11,13 heat_rank_of_beam=1 beam_rank_of_heat=1 chosen_heat_rank=1 chosen_beam_rank=1 heat_best=0.044971206 heat_second=0.044375762 beam_best=0.000000000 beam_second=0.000000000 heat_cell_beam=0.000000000 beam_cell_heat=0.044971206 chosen_heat=0.044971206 chosen_beam=0.000000000 beam_entropy=0.000000000
DECISION branch_turn=158 cell=11,13 target_cluster=None
RESULT branch_turn=158 cell=11,13 result=MISS remaining_cells=3 target_cluster=None
BRANCH branch_turn=? n=19 remaining_cells=3 beam_states=0 heat_cell=12,12 beam_cell=12,12 chosen_cell=12,12 heat_rank_of_beam=1 beam_rank_of_heat=1 chosen_heat_rank=1 chosen_beam_rank=1 heat_best=0.044514908 heat_second=0.044431129 beam_best=0.000000000 beam_second=0.000000000 heat_cell_beam=0.000000000 beam_cell_heat=0.044514908 chosen_heat=0.044514908 chosen_beam=0.000000000 beam_entropy=0.000000000
DECISION branch_turn=159 cell=12,12 target_cluster=None
RESULT branch_turn=159 cell=12,12 result=MISS remaining_cells=3 target_cluster=None
BRANCH branch_turn=? n=19 remaining_cells=3 beam_states=0 heat_cell=12,13 beam_cell=12,13 chosen_cell=12,13 heat_rank_of_beam=1 beam_rank_of_heat=1 chosen_heat_rank=1 chosen_beam_rank=1 heat_best=0.045445331 heat_second=0.044491579 beam_best=0.000000000 beam_second=0.000000000 heat_cell_beam=0.000000000 beam_cell_heat=0.045445331 chosen_heat=0.045445331 chosen_beam=0.000000000 beam_entropy=0.000000000
DECISION branch_turn=160 cell=12,13 target_cluster=None
RESULT branch_turn=160 cell=12,13 result=MISS remaining_cells=3 target_cluster=None
BRANCH branch_turn=? n=19 remaining_cells=3 beam_states=0 heat_cell=13,12 beam_cell=13,12 chosen_cell=13,12 heat_rank_of_beam=1 beam_rank_of_heat=1 chosen_heat_rank=1 chosen_beam_rank=1 heat_best=0.046457880 heat_second=0.045265776 beam_best=0.000000000 beam_second=0.000000000 heat_cell_beam=0.000000000 beam_cell_heat=0.046457880 chosen_heat=0.046457880 chosen_beam=0.000000000 beam_entropy=0.000000000
DECISION branch_turn=161 cell=13,12 target_cluster=None
RESULT branch_turn=161 cell=13,12 result=MISS remaining_cells=3 target_cluster=None
BRANCH branch_turn=? n=19 remaining_cells=3 beam_states=0 heat_cell=14,10 beam_cell=14,10 chosen_cell=14,10 heat_rank_of_beam=1 beam_rank_of_heat=1 chosen_heat_rank=1 chosen_beam_rank=1 heat_best=0.047707264 heat_second=0.045847123 beam_best=0.000000000 beam_second=0.000000000 heat_cell_beam=0.000000000 beam_cell_heat=0.047707264 chosen_heat=0.047707264 chosen_beam=0.000000000 beam_entropy=0.000000000
DECISION branch_turn=162 cell=14,10 target_cluster=None
RESULT branch_turn=162 cell=14,10 result=MISS remaining_cells=3 target_cluster=None
BRANCH branch_turn=? n=19 remaining_cells=3 beam_states=0 heat_cell=9,16 beam_cell=9,16 chosen_cell=9,16 heat_rank_of_beam=1 beam_rank_of_heat=1 chosen_heat_rank=1 chosen_beam_rank=1 heat_best=0.046816130 heat_second=0.046779130 beam_best=0.000000000 beam_second=0.000000000 heat_cell_beam=0.000000000 beam_cell_heat=0.046816130 chosen_heat=0.046816130 chosen_beam=0.000000000 beam_entropy=0.000000000
DECISION branch_turn=163 cell=9,16 target_cluster=None
RESULT branch_turn=163 cell=9,16 result=MISS remaining_cells=3 target_cluster=None
BRANCH branch_turn=? n=19 remaining_cells=3 beam_states=0 heat_cell=9,15 beam_cell=9,15 chosen_cell=9,15 heat_rank_of_beam=1 beam_rank_of_heat=1 chosen_heat_rank=1 chosen_beam_rank=1 heat_best=0.048772003 heat_second=0.046302780 beam_best=0.000000000 beam_second=0.000000000 heat_cell_beam=0.000000000 beam_cell_heat=0.048772003 chosen_heat=0.048772003 chosen_beam=0.000000000 beam_entropy=0.000000000
DECISION branch_turn=164 cell=9,15 target_cluster=None
RESULT branch_turn=164 cell=9,15 result=MISS remaining_cells=3 target_cluster=None
BRANCH branch_turn=? n=19 remaining_cells=3 beam_states=0 heat_cell=16,9 beam_cell=16,9 chosen_cell=16,9 heat_rank_of_beam=1 beam_rank_of_heat=1 chosen_heat_rank=1 chosen_beam_rank=1 heat_best=0.047035904 heat_second=0.046463066 beam_best=0.000000000 beam_second=0.000000000 heat_cell_beam=0.000000000 beam_cell_heat=0.047035904 chosen_heat=0.047035904 chosen_beam=0.000000000 beam_entropy=0.000000000
DECISION branch_turn=165 cell=16,9 target_cluster=None
RESULT branch_turn=165 cell=16,9 result=MISS remaining_cells=3 target_cluster=None
BRANCH branch_turn=? n=19 remaining_cells=3 beam_states=0 heat_cell=14,12 beam_cell=14,12 chosen_cell=14,12 heat_rank_of_beam=1 beam_rank_of_heat=1 chosen_heat_rank=1 chosen_beam_rank=1 heat_best=0.047686107 heat_second=0.047410485 beam_best=0.000000000 beam_second=0.000000000 heat_cell_beam=0.000000000 beam_cell_heat=0.047686107 chosen_heat=0.047686107 chosen_beam=0.000000000 beam_entropy=0.000000000
DECISION branch_turn=166 cell=14,12 target_cluster=None
RESULT branch_turn=166 cell=14,12 result=MISS remaining_cells=3 target_cluster=None
BRANCH branch_turn=? n=19 remaining_cells=3 beam_states=0 heat_cell=15,10 beam_cell=15,10 chosen_cell=15,10 heat_rank_of_beam=1 beam_rank_of_heat=1 chosen_heat_rank=1 chosen_beam_rank=1 heat_best=0.047601719 heat_second=0.047555924 beam_best=0.000000000 beam_second=0.000000000 heat_cell_beam=0.000000000 beam_cell_heat=0.047601719 chosen_heat=0.047601719 chosen_beam=0.000000000 beam_entropy=0.000000000
DECISION branch_turn=167 cell=15,10 target_cluster=None
RESULT branch_turn=167 cell=15,10 result=MISS remaining_cells=3 target_cluster=None
BRANCH branch_turn=? n=19 remaining_cells=3 beam_states=0 heat_cell=16,10 beam_cell=16,10 chosen_cell=16,10 heat_rank_of_beam=1 beam_rank_of_heat=1 chosen_heat_rank=1 chosen_beam_rank=1 heat_best=0.048545362 heat_second=0.048442300 beam_best=0.000000000 beam_second=0.000000000 heat_cell_beam=0.000000000 beam_cell_heat=0.048545362 chosen_heat=0.048545362 chosen_beam=0.000000000 beam_entropy=0.000000000
DECISION branch_turn=168 cell=16,10 target_cluster=None
RESULT branch_turn=168 cell=16,10 result=MISS remaining_cells=3 target_cluster=None
BRANCH branch_turn=? n=19 remaining_cells=3 beam_states=0 heat_cell=15,11 beam_cell=15,11 chosen_cell=15,11 heat_rank_of_beam=1 beam_rank_of_heat=1 chosen_heat_rank=1 chosen_beam_rank=1 heat_best=0.048685981 heat_second=0.047623943 beam_best=0.000000000 beam_second=0.000000000 heat_cell_beam=0.000000000 beam_cell_heat=0.048685981 chosen_heat=0.048685981 chosen_beam=0.000000000 beam_entropy=0.000000000
DECISION branch_turn=169 cell=15,11 target_cluster=None
RESULT branch_turn=169 cell=15,11 result=MISS remaining_cells=3 target_cluster=None
BRANCH branch_turn=? n=19 remaining_cells=3 beam_states=0 heat_cell=17,10 beam_cell=17,10 chosen_cell=17,10 heat_rank_of_beam=1 beam_rank_of_heat=1 chosen_heat_rank=1 chosen_beam_rank=1 heat_best=0.048533260 heat_second=0.047984462 beam_best=0.000000000 beam_second=0.000000000 heat_cell_beam=0.000000000 beam_cell_heat=0.048533260 chosen_heat=0.048533260 chosen_beam=0.000000000 beam_entropy=0.000000000
DECISION branch_turn=170 cell=17,10 target_cluster=None
RESULT branch_turn=170 cell=17,10 result=MISS remaining_cells=3 target_cluster=None
BRANCH branch_turn=? n=19 remaining_cells=3 beam_states=0 heat_cell=12,14 beam_cell=12,14 chosen_cell=12,14 heat_rank_of_beam=1 beam_rank_of_heat=1 chosen_heat_rank=1 chosen_beam_rank=1 heat_best=0.050219540 heat_second=0.049793655 beam_best=0.000000000 beam_second=0.000000000 heat_cell_beam=0.000000000 beam_cell_heat=0.050219540 chosen_heat=0.050219540 chosen_beam=0.000000000 beam_entropy=0.000000000
DECISION branch_turn=171 cell=12,14 target_cluster=None
RESULT branch_turn=171 cell=12,14 result=MISS remaining_cells=3 target_cluster=None
BRANCH branch_turn=? n=19 remaining_cells=3 beam_states=0 heat_cell=11,15 beam_cell=11,15 chosen_cell=11,15 heat_rank_of_beam=1 beam_rank_of_heat=1 chosen_heat_rank=1 chosen_beam_rank=1 heat_best=0.050724054 heat_second=0.049380294 beam_best=0.000000000 beam_second=0.000000000 heat_cell_beam=0.000000000 beam_cell_heat=0.050724054 chosen_heat=0.050724054 chosen_beam=0.000000000 beam_entropy=0.000000000
DECISION branch_turn=172 cell=11,15 target_cluster=None
RESULT branch_turn=172 cell=11,15 result=MISS remaining_cells=3 target_cluster=None
BRANCH branch_turn=? n=19 remaining_cells=3 beam_states=0 heat_cell=15,12 beam_cell=15,12 chosen_cell=15,12 heat_rank_of_beam=1 beam_rank_of_heat=1 chosen_heat_rank=1 chosen_beam_rank=1 heat_best=0.049408108 heat_second=0.048801903 beam_best=0.000000000 beam_second=0.000000000 heat_cell_beam=0.000000000 beam_cell_heat=0.049408108 chosen_heat=0.049408108 chosen_beam=0.000000000 beam_entropy=0.000000000
DECISION branch_turn=173 cell=15,12 target_cluster=None
RESULT branch_turn=173 cell=15,12 result=MISS remaining_cells=3 target_cluster=None
BRANCH branch_turn=? n=19 remaining_cells=3 beam_states=0 heat_cell=9,17 beam_cell=9,17 chosen_cell=9,17 heat_rank_of_beam=1 beam_rank_of_heat=1 chosen_heat_rank=1 chosen_beam_rank=1 heat_best=0.051724914 heat_second=0.051090949 beam_best=0.000000000 beam_second=0.000000000 heat_cell_beam=0.000000000 beam_cell_heat=0.051724914 chosen_heat=0.051724914 chosen_beam=0.000000000 beam_entropy=0.000000000
DECISION branch_turn=174 cell=9,17 target_cluster=None
RESULT branch_turn=174 cell=9,17 result=MISS remaining_cells=3 target_cluster=None
BRANCH branch_turn=? n=19 remaining_cells=3 beam_states=0 heat_cell=17,9 beam_cell=17,9 chosen_cell=17,9 heat_rank_of_beam=1 beam_rank_of_heat=1 chosen_heat_rank=1 chosen_beam_rank=1 heat_best=0.051582523 heat_second=0.049757712 beam_best=0.000000000 beam_second=0.000000000 heat_cell_beam=0.000000000 beam_cell_heat=0.051582523 chosen_heat=0.051582523 chosen_beam=0.000000000 beam_entropy=0.000000000
DECISION branch_turn=175 cell=17,9 target_cluster=None
RESULT branch_turn=175 cell=17,9 result=MISS remaining_cells=3 target_cluster=None
BRANCH branch_turn=? n=19 remaining_cells=3 beam_states=0 heat_cell=11,16 beam_cell=11,16 chosen_cell=11,16 heat_rank_of_beam=1 beam_rank_of_heat=1 chosen_heat_rank=1 chosen_beam_rank=1 heat_best=0.051528522 heat_second=0.051230493 beam_best=0.000000000 beam_second=0.000000000 heat_cell_beam=0.000000000 beam_cell_heat=0.051528522 chosen_heat=0.051528522 chosen_beam=0.000000000 beam_entropy=0.000000000
DECISION branch_turn=176 cell=11,16 target_cluster=None
RESULT branch_turn=176 cell=11,16 result=MISS remaining_cells=3 target_cluster=None
BRANCH branch_turn=? n=19 remaining_cells=3 beam_states=0 heat_cell=13,14 beam_cell=13,14 chosen_cell=13,14 heat_rank_of_beam=1 beam_rank_of_heat=1 chosen_heat_rank=1 chosen_beam_rank=1 heat_best=0.051973898 heat_second=0.051707372 beam_best=0.000000000 beam_second=0.000000000 heat_cell_beam=0.000000000 beam_cell_heat=0.051973898 chosen_heat=0.051973898 chosen_beam=0.000000000 beam_entropy=0.000000000
DECISION branch_turn=177 cell=13,14 target_cluster=None
RESULT branch_turn=177 cell=13,14 result=MISS remaining_cells=3 target_cluster=None
BRANCH branch_turn=? n=19 remaining_cells=3 beam_states=0 heat_cell=16,11 beam_cell=16,11 chosen_cell=16,11 heat_rank_of_beam=1 beam_rank_of_heat=1 chosen_heat_rank=1 chosen_beam_rank=1 heat_best=0.052970907 heat_second=0.052639614 beam_best=0.000000000 beam_second=0.000000000 heat_cell_beam=0.000000000 beam_cell_heat=0.052970907 chosen_heat=0.052970907 chosen_beam=0.000000000 beam_entropy=0.000000000
DECISION branch_turn=178 cell=16,11 target_cluster=None
RESULT branch_turn=178 cell=16,11 result=MISS remaining_cells=3 target_cluster=None
BRANCH branch_turn=? n=19 remaining_cells=3 beam_states=0 heat_cell=18,9 beam_cell=18,9 chosen_cell=18,9 heat_rank_of_beam=1 beam_rank_of_heat=1 chosen_heat_rank=1 chosen_beam_rank=1 heat_best=0.053219730 heat_second=0.052742525 beam_best=0.000000000 beam_second=0.000000000 heat_cell_beam=0.000000000 beam_cell_heat=0.053219730 chosen_heat=0.053219730 chosen_beam=0.000000000 beam_entropy=0.000000000
DECISION branch_turn=179 cell=18,9 target_cluster=None
RESULT branch_turn=179 cell=18,9 result=MISS remaining_cells=3 target_cluster=None
BRANCH branch_turn=? n=19 remaining_cells=3 beam_states=0 heat_cell=11,17 beam_cell=11,17 chosen_cell=11,17 heat_rank_of_beam=1 beam_rank_of_heat=1 chosen_heat_rank=1 chosen_beam_rank=1 heat_best=0.053611327 heat_second=0.053483182 beam_best=0.000000000 beam_second=0.000000000 heat_cell_beam=0.000000000 beam_cell_heat=0.053611327 chosen_heat=0.053611327 chosen_beam=0.000000000 beam_entropy=0.000000000
DECISION branch_turn=180 cell=11,17 target_cluster=None
RESULT branch_turn=180 cell=11,17 result=MISS remaining_cells=3 target_cluster=None
BRANCH branch_turn=? n=19 remaining_cells=3 beam_states=0 heat_cell=12,16 beam_cell=12,16 chosen_cell=12,16 heat_rank_of_beam=1 beam_rank_of_heat=1 chosen_heat_rank=1 chosen_beam_rank=1 heat_best=0.054677487 heat_second=0.054078624 beam_best=0.000000000 beam_second=0.000000000 heat_cell_beam=0.000000000 beam_cell_heat=0.054677487 chosen_heat=0.054677487 chosen_beam=0.000000000 beam_entropy=0.000000000
DECISION branch_turn=181 cell=12,16 target_cluster=None
RESULT branch_turn=181 cell=12,16 result=MISS remaining_cells=3 target_cluster=None
BRANCH branch_turn=? n=19 remaining_cells=3 beam_states=0 heat_cell=15,13 beam_cell=15,13 chosen_cell=15,13 heat_rank_of_beam=1 beam_rank_of_heat=1 chosen_heat_rank=1 chosen_beam_rank=1 heat_best=0.055549851 heat_second=0.054670828 beam_best=0.000000000 beam_second=0.000000000 heat_cell_beam=0.000000000 beam_cell_heat=0.055549851 chosen_heat=0.055549851 chosen_beam=0.000000000 beam_entropy=0.000000000
DECISION branch_turn=182 cell=15,13 target_cluster=None
RESULT branch_turn=182 cell=15,13 result=MISS remaining_cells=3 target_cluster=None
BRANCH branch_turn=? n=19 remaining_cells=3 beam_states=0 heat_cell=17,11 beam_cell=17,11 chosen_cell=17,11 heat_rank_of_beam=1 beam_rank_of_heat=1 chosen_heat_rank=1 chosen_beam_rank=1 heat_best=0.055621708 heat_second=0.055280222 beam_best=0.000000000 beam_second=0.000000000 heat_cell_beam=0.000000000 beam_cell_heat=0.055621708 chosen_heat=0.055621708 chosen_beam=0.000000000 beam_entropy=0.000000000
DECISION branch_turn=183 cell=17,11 target_cluster=None
RESULT branch_turn=183 cell=17,11 result=MISS remaining_cells=3 target_cluster=None
BRANCH branch_turn=? n=19 remaining_cells=3 beam_states=0 heat_cell=18,10 beam_cell=18,10 chosen_cell=18,10 heat_rank_of_beam=1 beam_rank_of_heat=1 chosen_heat_rank=1 chosen_beam_rank=1 heat_best=0.056980984 heat_second=0.056413885 beam_best=0.000000000 beam_second=0.000000000 heat_cell_beam=0.000000000 beam_cell_heat=0.056980984 chosen_heat=0.056980984 chosen_beam=0.000000000 beam_entropy=0.000000000
DECISION branch_turn=184 cell=18,10 target_cluster=None
RESULT branch_turn=184 cell=18,10 result=MISS remaining_cells=3 target_cluster=None
BRANCH branch_turn=? n=19 remaining_cells=3 beam_states=0 heat_cell=13,15 beam_cell=13,15 chosen_cell=13,15 heat_rank_of_beam=1 beam_rank_of_heat=1 chosen_heat_rank=1 chosen_beam_rank=1 heat_best=0.058177002 heat_second=0.058005609 beam_best=0.000000000 beam_second=0.000000000 heat_cell_beam=0.000000000 beam_cell_heat=0.058177002 chosen_heat=0.058177002 chosen_beam=0.000000000 beam_entropy=0.000000000
DECISION branch_turn=185 cell=13,15 target_cluster=None
RESULT branch_turn=185 cell=13,15 result=MISS remaining_cells=3 target_cluster=None
BRANCH branch_turn=? n=19 remaining_cells=3 beam_states=0 heat_cell=10,18 beam_cell=10,18 chosen_cell=10,18 heat_rank_of_beam=1 beam_rank_of_heat=1 chosen_heat_rank=1 chosen_beam_rank=1 heat_best=0.059206035 heat_second=0.058367317 beam_best=0.000000000 beam_second=0.000000000 heat_cell_beam=0.000000000 beam_cell_heat=0.059206035 chosen_heat=0.059206035 chosen_beam=0.000000000 beam_entropy=0.000000000
DECISION branch_turn=186 cell=10,18 target_cluster=None
RESULT branch_turn=186 cell=10,18 result=MISS remaining_cells=3 target_cluster=None
BRANCH branch_turn=? n=19 remaining_cells=3 beam_states=0 heat_cell=13,16 beam_cell=13,16 chosen_cell=13,16 heat_rank_of_beam=1 beam_rank_of_heat=1 chosen_heat_rank=1 chosen_beam_rank=1 heat_best=0.058625715 heat_second=0.058467426 beam_best=0.000000000 beam_second=0.000000000 heat_cell_beam=0.000000000 beam_cell_heat=0.058625715 chosen_heat=0.058625715 chosen_beam=0.000000000 beam_entropy=0.000000000
DECISION branch_turn=187 cell=13,16 target_cluster=None
RESULT branch_turn=187 cell=13,16 result=MISS remaining_cells=3 target_cluster=None
BRANCH branch_turn=? n=19 remaining_cells=3 beam_states=0 heat_cell=11,18 beam_cell=11,18 chosen_cell=11,18 heat_rank_of_beam=1 beam_rank_of_heat=1 chosen_heat_rank=1 chosen_beam_rank=1 heat_best=0.059572825 heat_second=0.058906131 beam_best=0.000000000 beam_second=0.000000000 heat_cell_beam=0.000000000 beam_cell_heat=0.059572825 chosen_heat=0.059572825 chosen_beam=0.000000000 beam_entropy=0.000000000
DECISION branch_turn=188 cell=11,18 target_cluster=None
RESULT branch_turn=188 cell=11,18 result=MISS remaining_cells=3 target_cluster=None
BRANCH branch_turn=? n=19 remaining_cells=3 beam_states=0 heat_cell=16,13 beam_cell=16,13 chosen_cell=16,13 heat_rank_of_beam=1 beam_rank_of_heat=1 chosen_heat_rank=1 chosen_beam_rank=1 heat_best=0.060827037 heat_second=0.059282728 beam_best=0.000000000 beam_second=0.000000000 heat_cell_beam=0.000000000 beam_cell_heat=0.060827037 chosen_heat=0.060827037 chosen_beam=0.000000000 beam_entropy=0.000000000
DECISION branch_turn=189 cell=16,13 target_cluster=None
RESULT branch_turn=189 cell=16,13 result=MISS remaining_cells=3 target_cluster=None
BRANCH branch_turn=? n=19 remaining_cells=3 beam_states=0 heat_cell=15,16 beam_cell=15,16 chosen_cell=15,16 heat_rank_of_beam=1 beam_rank_of_heat=1 chosen_heat_rank=1 chosen_beam_rank=1 heat_best=0.060800627 heat_second=0.060722428 beam_best=0.000000000 beam_second=0.000000000 heat_cell_beam=0.000000000 beam_cell_heat=0.060800627 chosen_heat=0.060800627 chosen_beam=0.000000000 beam_entropy=0.000000000
DECISION branch_turn=190 cell=15,16 target_cluster=None
RESULT branch_turn=190 cell=15,16 result=MISS remaining_cells=3 target_cluster=None
BRANCH branch_turn=? n=19 remaining_cells=3 beam_states=0 heat_cell=16,14 beam_cell=16,14 chosen_cell=16,14 heat_rank_of_beam=1 beam_rank_of_heat=1 chosen_heat_rank=1 chosen_beam_rank=1 heat_best=0.063007382 heat_second=0.062693134 beam_best=0.000000000 beam_second=0.000000000 heat_cell_beam=0.000000000 beam_cell_heat=0.063007382 chosen_heat=0.063007382 chosen_beam=0.000000000 beam_entropy=0.000000000
DECISION branch_turn=191 cell=16,14 target_cluster=None
RESULT branch_turn=191 cell=16,14 result=HIT remaining_cells=3 target_cluster=None
DECISION branch_turn=192 cell=17,14 target_cluster=Some(3)
RESULT branch_turn=192 cell=17,14 result=KILL remaining_cells=2 target_cluster=Some(3)
BRANCH branch_turn=? n=19 remaining_cells=1 beam_states=0 heat_cell=8,9 beam_cell=8,9 chosen_cell=8,9 heat_rank_of_beam=1 beam_rank_of_heat=1 chosen_heat_rank=1 chosen_beam_rank=1 heat_best=0.018195489 heat_second=0.017796120 beam_best=0.000000000 beam_second=0.000000000 heat_cell_beam=0.000000000 beam_cell_heat=0.018195489 chosen_heat=0.018195489 chosen_beam=0.000000000 beam_entropy=0.000000000
DECISION branch_turn=193 cell=8,9 target_cluster=None
RESULT branch_turn=193 cell=8,9 result=MISS remaining_cells=1 target_cluster=None
BRANCH branch_turn=? n=19 remaining_cells=1 beam_states=0 heat_cell=8,10 beam_cell=8,10 chosen_cell=8,10 heat_rank_of_beam=1 beam_rank_of_heat=1 chosen_heat_rank=1 chosen_beam_rank=1 heat_best=0.020444570 heat_second=0.018921617 beam_best=0.000000000 beam_second=0.000000000 heat_cell_beam=0.000000000 beam_cell_heat=0.020444570 chosen_heat=0.020444570 chosen_beam=0.000000000 beam_entropy=0.000000000
DECISION branch_turn=194 cell=8,10 target_cluster=None
RESULT branch_turn=194 cell=8,10 result=MISS remaining_cells=1 target_cluster=None
BRANCH branch_turn=? n=19 remaining_cells=1 beam_states=0 heat_cell=6,8 beam_cell=6,8 chosen_cell=6,8 heat_rank_of_beam=1 beam_rank_of_heat=1 chosen_heat_rank=1 chosen_beam_rank=1 heat_best=0.018464177 heat_second=0.018288556 beam_best=0.000000000 beam_second=0.000000000 heat_cell_beam=0.000000000 beam_cell_heat=0.018464177 chosen_heat=0.018464177 chosen_beam=0.000000000 beam_entropy=0.000000000
DECISION branch_turn=195 cell=6,8 target_cluster=None
RESULT branch_turn=195 cell=6,8 result=MISS remaining_cells=1 target_cluster=None
BRANCH branch_turn=? n=19 remaining_cells=1 beam_states=0 heat_cell=6,10 beam_cell=6,10 chosen_cell=6,10 heat_rank_of_beam=1 beam_rank_of_heat=1 chosen_heat_rank=1 chosen_beam_rank=1 heat_best=0.018120160 heat_second=0.017164819 beam_best=0.000000000 beam_second=0.000000000 heat_cell_beam=0.000000000 beam_cell_heat=0.018120160 chosen_heat=0.018120160 chosen_beam=0.000000000 beam_entropy=0.000000000
DECISION branch_turn=196 cell=6,10 target_cluster=None
RESULT branch_turn=196 cell=6,10 result=MISS remaining_cells=1 target_cluster=None
BRANCH branch_turn=? n=19 remaining_cells=1 beam_states=0 heat_cell=6,9 beam_cell=6,9 chosen_cell=6,9 heat_rank_of_beam=1 beam_rank_of_heat=1 chosen_heat_rank=1 chosen_beam_rank=1 heat_best=0.017045106 heat_second=0.016995126 beam_best=0.000000000 beam_second=0.000000000 heat_cell_beam=0.000000000 beam_cell_heat=0.017045106 chosen_heat=0.017045106 chosen_beam=0.000000000 beam_entropy=0.000000000
DECISION branch_turn=197 cell=6,9 target_cluster=None
RESULT branch_turn=197 cell=6,9 result=MISS remaining_cells=1 target_cluster=None
BRANCH branch_turn=? n=19 remaining_cells=1 beam_states=0 heat_cell=9,5 beam_cell=9,5 chosen_cell=9,5 heat_rank_of_beam=1 beam_rank_of_heat=1 chosen_heat_rank=1 chosen_beam_rank=1 heat_best=0.017975510 heat_second=0.017945504 beam_best=0.000000000 beam_second=0.000000000 heat_cell_beam=0.000000000 beam_cell_heat=0.017975510 chosen_heat=0.017975510 chosen_beam=0.000000000 beam_entropy=0.000000000
DECISION branch_turn=198 cell=9,5 target_cluster=None
RESULT branch_turn=198 cell=9,5 result=MISS remaining_cells=1 target_cluster=None
BRANCH branch_turn=? n=19 remaining_cells=1 beam_states=0 heat_cell=8,5 beam_cell=8,5 chosen_cell=8,5 heat_rank_of_beam=1 beam_rank_of_heat=1 chosen_heat_rank=1 chosen_beam_rank=1 heat_best=0.017917063 heat_second=0.017497354 beam_best=0.000000000 beam_second=0.000000000 heat_cell_beam=0.000000000 beam_cell_heat=0.017917063 chosen_heat=0.017917063 chosen_beam=0.000000000 beam_entropy=0.000000000
DECISION branch_turn=199 cell=8,5 target_cluster=None
RESULT branch_turn=199 cell=8,5 result=MISS remaining_cells=1 target_cluster=None
BRANCH branch_turn=? n=19 remaining_cells=1 beam_states=0 heat_cell=5,9 beam_cell=5,9 chosen_cell=5,9 heat_rank_of_beam=1 beam_rank_of_heat=1 chosen_heat_rank=1 chosen_beam_rank=1 heat_best=0.018073775 heat_second=0.017701312 beam_best=0.000000000 beam_second=0.000000000 heat_cell_beam=0.000000000 beam_cell_heat=0.018073775 chosen_heat=0.018073775 chosen_beam=0.000000000 beam_entropy=0.000000000
DECISION branch_turn=200 cell=5,9 target_cluster=None
RESULT branch_turn=200 cell=5,9 result=MISS remaining_cells=1 target_cluster=None
BRANCH branch_turn=? n=19 remaining_cells=1 beam_states=0 heat_cell=5,10 beam_cell=5,10 chosen_cell=5,10 heat_rank_of_beam=1 beam_rank_of_heat=1 chosen_heat_rank=1 chosen_beam_rank=1 heat_best=0.018233922 heat_second=0.017085996 beam_best=0.000000000 beam_second=0.000000000 heat_cell_beam=0.000000000 beam_cell_heat=0.018233922 chosen_heat=0.018233922 chosen_beam=0.000000000 beam_entropy=0.000000000
DECISION branch_turn=201 cell=5,10 target_cluster=None
RESULT branch_turn=201 cell=5,10 result=MISS remaining_cells=1 target_cluster=None
BRANCH branch_turn=? n=19 remaining_cells=1 beam_states=0 heat_cell=5,8 beam_cell=5,8 chosen_cell=5,8 heat_rank_of_beam=1 beam_rank_of_heat=1 chosen_heat_rank=1 chosen_beam_rank=1 heat_best=0.017468826 heat_second=0.017108067 beam_best=0.000000000 beam_second=0.000000000 heat_cell_beam=0.000000000 beam_cell_heat=0.017468826 chosen_heat=0.017468826 chosen_beam=0.000000000 beam_entropy=0.000000000
DECISION branch_turn=202 cell=5,8 target_cluster=None
RESULT branch_turn=202 cell=5,8 result=MISS remaining_cells=1 target_cluster=None
BRANCH branch_turn=? n=19 remaining_cells=1 beam_states=0 heat_cell=6,7 beam_cell=6,7 chosen_cell=6,7 heat_rank_of_beam=1 beam_rank_of_heat=1 chosen_heat_rank=1 chosen_beam_rank=1 heat_best=0.018017147 heat_second=0.016927686 beam_best=0.000000000 beam_second=0.000000000 heat_cell_beam=0.000000000 beam_cell_heat=0.018017147 chosen_heat=0.018017147 chosen_beam=0.000000000 beam_entropy=0.000000000
DECISION branch_turn=203 cell=6,7 target_cluster=None
RESULT branch_turn=203 cell=6,7 result=MISS remaining_cells=1 target_cluster=None
BRANCH branch_turn=? n=19 remaining_cells=1 beam_states=0 heat_cell=4,9 beam_cell=4,9 chosen_cell=4,9 heat_rank_of_beam=1 beam_rank_of_heat=1 chosen_heat_rank=1 chosen_beam_rank=1 heat_best=0.018129185 heat_second=0.016182941 beam_best=0.000000000 beam_second=0.000000000 heat_cell_beam=0.000000000 beam_cell_heat=0.018129185 chosen_heat=0.018129185 chosen_beam=0.000000000 beam_entropy=0.000000000
DECISION branch_turn=204 cell=4,9 target_cluster=None
RESULT branch_turn=204 cell=4,9 result=MISS remaining_cells=1 target_cluster=None
BRANCH branch_turn=? n=19 remaining_cells=1 beam_states=0 heat_cell=4,8 beam_cell=4,8 chosen_cell=4,8 heat_rank_of_beam=1 beam_rank_of_heat=1 chosen_heat_rank=1 chosen_beam_rank=1 heat_best=0.017008249 heat_second=0.016733404 beam_best=0.000000000 beam_second=0.000000000 heat_cell_beam=0.000000000 beam_cell_heat=0.017008249 chosen_heat=0.017008249 chosen_beam=0.000000000 beam_entropy=0.000000000
DECISION branch_turn=205 cell=4,8 target_cluster=None
RESULT branch_turn=205 cell=4,8 result=MISS remaining_cells=1 target_cluster=None
BRANCH branch_turn=? n=19 remaining_cells=1 beam_states=0 heat_cell=14,8 beam_cell=14,8 chosen_cell=14,8 heat_rank_of_beam=1 beam_rank_of_heat=1 chosen_heat_rank=1 chosen_beam_rank=1 heat_best=0.016535226 heat_second=0.015992085 beam_best=0.000000000 beam_second=0.000000000 heat_cell_beam=0.000000000 beam_cell_heat=0.016535226 chosen_heat=0.016535226 chosen_beam=0.000000000 beam_entropy=0.000000000
DECISION branch_turn=206 cell=14,8 target_cluster=None
RESULT branch_turn=206 cell=14,8 result=MISS remaining_cells=1 target_cluster=None
BRANCH branch_turn=? n=19 remaining_cells=1 beam_states=0 heat_cell=13,6 beam_cell=13,6 chosen_cell=13,6 heat_rank_of_beam=1 beam_rank_of_heat=1 chosen_heat_rank=1 chosen_beam_rank=1 heat_best=0.015680766 heat_second=0.015504854 beam_best=0.000000000 beam_second=0.000000000 heat_cell_beam=0.000000000 beam_cell_heat=0.015680766 chosen_heat=0.015680766 chosen_beam=0.000000000 beam_entropy=0.000000000
DECISION branch_turn=207 cell=13,6 target_cluster=None
RESULT branch_turn=207 cell=13,6 result=MISS remaining_cells=1 target_cluster=None
BRANCH branch_turn=? n=19 remaining_cells=1 beam_states=0 heat_cell=4,11 beam_cell=4,11 chosen_cell=4,11 heat_rank_of_beam=1 beam_rank_of_heat=1 chosen_heat_rank=1 chosen_beam_rank=1 heat_best=0.015406850 heat_second=0.015098580 beam_best=0.000000000 beam_second=0.000000000 heat_cell_beam=0.000000000 beam_cell_heat=0.015406850 chosen_heat=0.015406850 chosen_beam=0.000000000 beam_entropy=0.000000000
DECISION branch_turn=208 cell=4,11 target_cluster=None
RESULT branch_turn=208 cell=4,11 result=MISS remaining_cells=1 target_cluster=None
BRANCH branch_turn=? n=19 remaining_cells=1 beam_states=0 heat_cell=13,7 beam_cell=13,7 chosen_cell=13,7 heat_rank_of_beam=1 beam_rank_of_heat=1 chosen_heat_rank=1 chosen_beam_rank=1 heat_best=0.015998119 heat_second=0.015915790 beam_best=0.000000000 beam_second=0.000000000 heat_cell_beam=0.000000000 beam_cell_heat=0.015998119 chosen_heat=0.015998119 chosen_beam=0.000000000 beam_entropy=0.000000000
DECISION branch_turn=209 cell=13,7 target_cluster=None
RESULT branch_turn=209 cell=13,7 result=MISS remaining_cells=1 target_cluster=None
BRANCH branch_turn=? n=19 remaining_cells=1 beam_states=0 heat_cell=5,11 beam_cell=5,11 chosen_cell=5,11 heat_rank_of_beam=1 beam_rank_of_heat=1 chosen_heat_rank=1 chosen_beam_rank=1 heat_best=0.014829495 heat_second=0.014746820 beam_best=0.000000000 beam_second=0.000000000 heat_cell_beam=0.000000000 beam_cell_heat=0.014829495 chosen_heat=0.014829495 chosen_beam=0.000000000 beam_entropy=0.000000000
DECISION branch_turn=210 cell=5,11 target_cluster=None
RESULT branch_turn=210 cell=5,11 result=MISS remaining_cells=1 target_cluster=None
BRANCH branch_turn=? n=19 remaining_cells=1 beam_states=0 heat_cell=5,7 beam_cell=5,7 chosen_cell=5,7 heat_rank_of_beam=1 beam_rank_of_heat=1 chosen_heat_rank=1 chosen_beam_rank=1 heat_best=0.016117170 heat_second=0.015653231 beam_best=0.000000000 beam_second=0.000000000 heat_cell_beam=0.000000000 beam_cell_heat=0.016117170 chosen_heat=0.016117170 chosen_beam=0.000000000 beam_entropy=0.000000000
DECISION branch_turn=211 cell=5,7 target_cluster=None
RESULT branch_turn=211 cell=5,7 result=MISS remaining_cells=1 target_cluster=None
BRANCH branch_turn=? n=19 remaining_cells=1 beam_states=0 heat_cell=3,10 beam_cell=3,10 chosen_cell=3,10 heat_rank_of_beam=1 beam_rank_of_heat=1 chosen_heat_rank=1 chosen_beam_rank=1 heat_best=0.016115733 heat_second=0.015068826 beam_best=0.000000000 beam_second=0.000000000 heat_cell_beam=0.000000000 beam_cell_heat=0.016115733 chosen_heat=0.016115733 chosen_beam=0.000000000 beam_entropy=0.000000000
DECISION branch_turn=212 cell=3,10 target_cluster=None
RESULT branch_turn=212 cell=3,10 result=MISS remaining_cells=1 target_cluster=None
BRANCH branch_turn=? n=19 remaining_cells=1 beam_states=0 heat_cell=6,5 beam_cell=6,5 chosen_cell=6,5 heat_rank_of_beam=1 beam_rank_of_heat=1 chosen_heat_rank=1 chosen_beam_rank=1 heat_best=0.015861370 heat_second=0.015772674 beam_best=0.000000000 beam_second=0.000000000 heat_cell_beam=0.000000000 beam_cell_heat=0.015861370 chosen_heat=0.015861370 chosen_beam=0.000000000 beam_entropy=0.000000000
DECISION branch_turn=213 cell=6,5 target_cluster=None
RESULT branch_turn=213 cell=6,5 result=MISS remaining_cells=1 target_cluster=None
BRANCH branch_turn=? n=19 remaining_cells=1 beam_states=0 heat_cell=7,4 beam_cell=7,4 chosen_cell=7,4 heat_rank_of_beam=1 beam_rank_of_heat=1 chosen_heat_rank=1 chosen_beam_rank=1 heat_best=0.015463694 heat_second=0.015280375 beam_best=0.000000000 beam_second=0.000000000 heat_cell_beam=0.000000000 beam_cell_heat=0.015463694 chosen_heat=0.015463694 chosen_beam=0.000000000 beam_entropy=0.000000000
DECISION branch_turn=214 cell=7,4 target_cluster=None
RESULT branch_turn=214 cell=7,4 result=MISS remaining_cells=1 target_cluster=None
BRANCH branch_turn=? n=19 remaining_cells=1 beam_states=0 heat_cell=4,7 beam_cell=4,7 chosen_cell=4,7 heat_rank_of_beam=1 beam_rank_of_heat=1 chosen_heat_rank=1 chosen_beam_rank=1 heat_best=0.016278710 heat_second=0.015626697 beam_best=0.000000000 beam_second=0.000000000 heat_cell_beam=0.000000000 beam_cell_heat=0.016278710 chosen_heat=0.016278710 chosen_beam=0.000000000 beam_entropy=0.000000000
DECISION branch_turn=215 cell=4,7 target_cluster=None
RESULT branch_turn=215 cell=4,7 result=MISS remaining_cells=1 target_cluster=None
BRANCH branch_turn=? n=19 remaining_cells=1 beam_states=0 heat_cell=2,10 beam_cell=2,10 chosen_cell=2,10 heat_rank_of_beam=1 beam_rank_of_heat=1 chosen_heat_rank=1 chosen_beam_rank=1 heat_best=0.014672698 heat_second=0.014016097 beam_best=0.000000000 beam_second=0.000000000 heat_cell_beam=0.000000000 beam_cell_heat=0.014672698 chosen_heat=0.014672698 chosen_beam=0.000000000 beam_entropy=0.000000000
DECISION branch_turn=216 cell=2,10 target_cluster=None
RESULT branch_turn=216 cell=2,10 result=MISS remaining_cells=1 target_cluster=None
BRANCH branch_turn=? n=19 remaining_cells=1 beam_states=0 heat_cell=7,3 beam_cell=7,3 chosen_cell=7,3 heat_rank_of_beam=1 beam_rank_of_heat=1 chosen_heat_rank=1 chosen_beam_rank=1 heat_best=0.015201517 heat_second=0.014896262 beam_best=0.000000000 beam_second=0.000000000 heat_cell_beam=0.000000000 beam_cell_heat=0.015201517 chosen_heat=0.015201517 chosen_beam=0.000000000 beam_entropy=0.000000000
DECISION branch_turn=217 cell=7,3 target_cluster=None
RESULT branch_turn=217 cell=7,3 result=MISS remaining_cells=1 target_cluster=None
BRANCH branch_turn=? n=19 remaining_cells=1 beam_states=0 heat_cell=5,12 beam_cell=5,12 chosen_cell=5,12 heat_rank_of_beam=1 beam_rank_of_heat=1 chosen_heat_rank=1 chosen_beam_rank=1 heat_best=0.015698890 heat_second=0.015318826 beam_best=0.000000000 beam_second=0.000000000 heat_cell_beam=0.000000000 beam_cell_heat=0.015698890 chosen_heat=0.015698890 chosen_beam=0.000000000 beam_entropy=0.000000000
DECISION branch_turn=218 cell=5,12 target_cluster=None
RESULT branch_turn=218 cell=5,12 result=MISS remaining_cells=1 target_cluster=None
BRANCH branch_turn=? n=19 remaining_cells=1 beam_states=0 heat_cell=2,8 beam_cell=2,8 chosen_cell=2,8 heat_rank_of_beam=1 beam_rank_of_heat=1 chosen_heat_rank=1 chosen_beam_rank=1 heat_best=0.014681903 heat_second=0.014281355 beam_best=0.000000000 beam_second=0.000000000 heat_cell_beam=0.000000000 beam_cell_heat=0.014681903 chosen_heat=0.014681903 chosen_beam=0.000000000 beam_entropy=0.000000000
DECISION branch_turn=219 cell=2,8 target_cluster=None
RESULT branch_turn=219 cell=2,8 result=MISS remaining_cells=1 target_cluster=None
BRANCH branch_turn=? n=19 remaining_cells=1 beam_states=0 heat_cell=7,15 beam_cell=7,15 chosen_cell=7,15 heat_rank_of_beam=1 beam_rank_of_heat=1 chosen_heat_rank=1 chosen_beam_rank=1 heat_best=0.015192489 heat_second=0.014742089 beam_best=0.000000000 beam_second=0.000000000 heat_cell_beam=0.000000000 beam_cell_heat=0.015192489 chosen_heat=0.015192489 chosen_beam=0.000000000 beam_entropy=0.000000000
DECISION branch_turn=220 cell=7,15 target_cluster=None
RESULT branch_turn=220 cell=7,15 result=MISS remaining_cells=1 target_cluster=None
BRANCH branch_turn=? n=19 remaining_cells=1 beam_states=0 heat_cell=5,5 beam_cell=5,5 chosen_cell=5,5 heat_rank_of_beam=1 beam_rank_of_heat=1 chosen_heat_rank=1 chosen_beam_rank=1 heat_best=0.014234905 heat_second=0.014167472 beam_best=0.000000000 beam_second=0.000000000 heat_cell_beam=0.000000000 beam_cell_heat=0.014234905 chosen_heat=0.014234905 chosen_beam=0.000000000 beam_entropy=0.000000000
DECISION branch_turn=221 cell=5,5 target_cluster=None
RESULT branch_turn=221 cell=5,5 result=MISS remaining_cells=1 target_cluster=None
BRANCH branch_turn=? n=19 remaining_cells=1 beam_states=0 heat_cell=5,13 beam_cell=5,13 chosen_cell=5,13 heat_rank_of_beam=1 beam_rank_of_heat=1 chosen_heat_rank=1 chosen_beam_rank=1 heat_best=0.014389772 heat_second=0.014288416 beam_best=0.000000000 beam_second=0.000000000 heat_cell_beam=0.000000000 beam_cell_heat=0.014389772 chosen_heat=0.014389772 chosen_beam=0.000000000 beam_entropy=0.000000000
DECISION branch_turn=222 cell=5,13 target_cluster=None
RESULT branch_turn=222 cell=5,13 result=MISS remaining_cells=1 target_cluster=None
BRANCH branch_turn=? n=19 remaining_cells=1 beam_states=0 heat_cell=8,16 beam_cell=8,16 chosen_cell=8,16 heat_rank_of_beam=1 beam_rank_of_heat=1 chosen_heat_rank=1 chosen_beam_rank=1 heat_best=0.015242566 heat_second=0.014196844 beam_best=0.000000000 beam_second=0.000000000 heat_cell_beam=0.000000000 beam_cell_heat=0.015242566 chosen_heat=0.015242566 chosen_beam=0.000000000 beam_entropy=0.000000000
DECISION branch_turn=223 cell=8,16 target_cluster=None
RESULT branch_turn=223 cell=8,16 result=MISS remaining_cells=1 target_cluster=None
BRANCH branch_turn=? n=19 remaining_cells=1 beam_states=0 heat_cell=2,9 beam_cell=2,9 chosen_cell=2,9 heat_rank_of_beam=1 beam_rank_of_heat=1 chosen_heat_rank=1 chosen_beam_rank=1 heat_best=0.014693600 heat_second=0.014584580 beam_best=0.000000000 beam_second=0.000000000 heat_cell_beam=0.000000000 beam_cell_heat=0.014693600 chosen_heat=0.014693600 chosen_beam=0.000000000 beam_entropy=0.000000000
DECISION branch_turn=224 cell=2,9 target_cluster=None
RESULT branch_turn=224 cell=2,9 result=KILL remaining_cells=1 target_cluster=None
