GAME n=15 p=0.103385891 remaining=[0, 0, 1, 1, 0, 2, 3, 2]
BRANCH branch_turn=? n=15 remaining_cells=47 beam_states=0 heat_cell=6,8 beam_cell=6,8 chosen_cell=6,8 heat_rank_of_beam=1 beam_rank_of_heat=1 chosen_heat_rank=1 chosen_beam_rank=1 heat_best=3.279798600 heat_second=3.231678883 beam_best=0.000000000 beam_second=0.000000000 heat_cell_beam=0.000000000 beam_cell_heat=3.279798600 chosen_heat=3.279798600 chosen_beam=0.000000000 beam_entropy=0.000000000
DECISION branch_turn=1 cell=6,8 target_cluster=None
RESULT branch_turn=1 cell=6,8 result=HIT remaining_cells=47 target_cluster=None
DECISION branch_turn=2 cell=7,8 target_cluster=Some(0)
RESULT branch_turn=2 cell=7,8 result=MISS remaining_cells=46 target_cluster=Some(0)
DECISION branch_turn=3 cell=6,7 target_cluster=Some(0)
RESULT branch_turn=3 cell=6,7 result=HIT remaining_cells=46 target_cluster=Some(0)
DECISION branch_turn=4 cell=6,6 target_cluster=Some(0)
RESULT branch_turn=4 cell=6,6 result=HIT remaining_cells=45 target_cluster=Some(0)
DECISION branch_turn=5 cell=6,5 target_cluster=Some(0)
RESULT branch_turn=5 cell=6,5 result=HIT remaining_cells=44 target_cluster=Some(0)
DECISION branch_turn=6 cell=6,9 target_cluster=Some(0)
RESULT branch_turn=6 cell=6,9 result=MISS remaining_cells=43 target_cluster=Some(0)
DECISION branch_turn=7 cell=6,4 target_cluster=Some(0)
RESULT branch_turn=7 cell=6,4 result=HIT remaining_cells=43 target_cluster=Some(0)
DECISION branch_turn=8 cell=6,3 target_cluster=Some(0)
RESULT branch_turn=8 cell=6,3 result=HIT remaining_cells=42 target_cluster=Some(0)
DECISION branch_turn=9 cell=6,2 target_cluster=Some(0)
RESULT branch_turn=9 cell=6,2 result=KILL remaining_cells=41 target_cluster=Some(0)
BRANCH branch_turn=? n=15 remaining_cells=40 beam_states=180 heat_cell=5,10 beam_cell=8,10 chosen_cell=5,10 heat_rank_of_beam=2 beam_rank_of_heat=23 chosen_heat_rank=1 chosen_beam_rank=23 heat_best=3.284300524 heat_second=3.117295222 beam_best=2.309137514 beam_second=2.309137514 heat_cell_beam=2.257823347 beam_cell_heat=3.117295222 chosen_heat=3.284300524 chosen_beam=2.257823347 beam_entropy=3.906360284
DECISION branch_turn=10 cell=5,10 target_cluster=None
RESULT branch_turn=10 cell=5,10 result=HIT remaining_cells=40 target_cluster=None
DECISION branch_turn=11 cell=6,10 target_cluster=Some(0)
RESULT branch_turn=11 cell=6,10 result=MISS remaining_cells=39 target_cluster=Some(0)
DECISION branch_turn=12 cell=5,9 target_cluster=Some(0)
RESULT branch_turn=12 cell=5,9 result=MISS remaining_cells=39 target_cluster=Some(0)
DECISION branch_turn=13 cell=4,10 target_cluster=Some(0)
RESULT branch_turn=13 cell=4,10 result=MISS remaining_cells=39 target_cluster=Some(0)
DECISION branch_turn=14 cell=5,11 target_cluster=Some(0)
RESULT branch_turn=14 cell=5,11 result=HIT remaining_cells=39 target_cluster=Some(0)
DECISION branch_turn=15 cell=5,12 target_cluster=Some(0)
RESULT branch_turn=15 cell=5,12 result=KILL remaining_cells=38 target_cluster=Some(0)
BRANCH branch_turn=? n=15 remaining_cells=37 beam_states=180 heat_cell=10,9 beam_cell=10,9 chosen_cell=10,9 heat_rank_of_beam=1 beam_rank_of_heat=1 chosen_heat_rank=1 chosen_beam_rank=1 heat_best=2.942783083 heat_second=2.873409364 beam_best=2.040525699 beam_second=2.040525699 heat_cell_beam=2.040525699 beam_cell_heat=2.942783083 chosen_heat=2.942783083 chosen_beam=2.040525699 beam_entropy=3.885161181
DECISION branch_turn=16 cell=10,9 target_cluster=None
RESULT branch_turn=16 cell=10,9 result=HIT remaining_cells=37 target_cluster=None
DECISION branch_turn=17 cell=10,8 target_cluster=Some(0)
RESULT branch_turn=17 cell=10,8 result=HIT remaining_cells=36 target_cluster=Some(0)
DECISION branch_turn=18 cell=10,7 target_cluster=Some(0)
RESULT branch_turn=18 cell=10,7 result=MISS remaining_cells=35 target_cluster=Some(0)
DECISION branch_turn=19 cell=10,10 target_cluster=Some(0)
RESULT branch_turn=19 cell=10,10 result=HIT remaining_cells=35 target_cluster=Some(0)
DECISION branch_turn=20 cell=10,11 target_cluster=Some(0)
RESULT branch_turn=20 cell=10,11 result=HIT remaining_cells=34 target_cluster=Some(0)
DECISION branch_turn=21 cell=10,12 target_cluster=Some(0)
RESULT branch_turn=21 cell=10,12 result=KILL remaining_cells=33 target_cluster=Some(0)
BRANCH branch_turn=? n=15 remaining_cells=32 beam_states=180 heat_cell=3,8 beam_cell=8,9 chosen_cell=3,8 heat_rank_of_beam=16 beam_rank_of_heat=17 chosen_heat_rank=1 chosen_beam_rank=17 heat_best=2.652187890 heat_second=2.520947970 beam_best=1.973734601 beam_second=1.973734601 heat_cell_beam=1.776361140 beam_cell_heat=1.760279848 chosen_heat=2.652187890 chosen_beam=1.776361140 beam_entropy=3.992858656
DECISION branch_turn=22 cell=3,8 target_cluster=None
RESULT branch_turn=22 cell=3,8 result=MISS remaining_cells=32 target_cluster=None
BRANCH branch_turn=? n=15 remaining_cells=32 beam_states=180 heat_cell=6,13 beam_cell=4,7 chosen_cell=6,13 heat_rank_of_beam=10 beam_rank_of_heat=24 chosen_heat_rank=1 chosen_beam_rank=24 heat_best=2.731211483 heat_second=2.693381670 beam_best=2.092934043 beam_second=2.092934043 heat_cell_beam=1.953405107 beam_cell_heat=1.964572434 chosen_heat=2.731211483 chosen_beam=1.953405107 beam_entropy=3.785886151
DECISION branch_turn=23 cell=6,13 target_cluster=None
RESULT branch_turn=23 cell=6,13 result=HIT remaining_cells=32 target_cluster=None
DECISION branch_turn=24 cell=7,13 target_cluster=Some(0)
RESULT branch_turn=24 cell=7,13 result=HIT remaining_cells=31 target_cluster=Some(0)
DECISION branch_turn=25 cell=8,13 target_cluster=Some(0)
RESULT branch_turn=25 cell=8,13 result=MISS remaining_cells=30 target_cluster=Some(0)
DECISION branch_turn=26 cell=5,13 target_cluster=Some(0)
RESULT branch_turn=26 cell=5,13 result=HIT remaining_cells=30 target_cluster=Some(0)
DECISION branch_turn=27 cell=4,13 target_cluster=Some(0)
RESULT branch_turn=27 cell=4,13 result=HIT remaining_cells=29 target_cluster=Some(0)
DECISION branch_turn=28 cell=3,13 target_cluster=Some(0)
RESULT branch_turn=28 cell=3,13 result=HIT remaining_cells=28 target_cluster=Some(0)
DECISION branch_turn=29 cell=2,13 target_cluster=Some(0)
RESULT branch_turn=29 cell=2,13 result=KILL remaining_cells=27 target_cluster=Some(0)
BRANCH branch_turn=? n=15 remaining_cells=26 beam_states=180 heat_cell=9,9 beam_cell=8,7 chosen_cell=9,9 heat_rank_of_beam=5 beam_rank_of_heat=3 chosen_heat_rank=1 chosen_beam_rank=3 heat_best=1.817450582 heat_second=1.786050694 beam_best=1.592853714 beam_second=1.592853714 heat_cell_beam=1.557456964 beam_cell_heat=1.618911912 chosen_heat=1.817450582 chosen_beam=1.557456964 beam_entropy=3.810330510
DECISION branch_turn=30 cell=9,9 target_cluster=None
RESULT branch_turn=30 cell=9,9 result=HIT remaining_cells=26 target_cluster=None
DECISION branch_turn=31 cell=9,8 target_cluster=Some(0)
RESULT branch_turn=31 cell=9,8 result=HIT remaining_cells=25 target_cluster=Some(0)
DECISION branch_turn=32 cell=9,7 target_cluster=Some(0)
RESULT branch_turn=32 cell=9,7 result=HIT remaining_cells=24 target_cluster=Some(0)
DECISION branch_turn=33 cell=9,6 target_cluster=Some(0)
RESULT branch_turn=33 cell=9,6 result=HIT remaining_cells=23 target_cluster=Some(0)
DECISION branch_turn=34 cell=9,5 target_cluster=Some(0)
RESULT branch_turn=34 cell=9,5 result=HIT remaining_cells=22 target_cluster=Some(0)
DECISION branch_turn=35 cell=9,4 target_cluster=Some(0)
RESULT branch_turn=35 cell=9,4 result=HIT remaining_cells=21 target_cluster=Some(0)
DECISION branch_turn=36 cell=9,3 target_cluster=Some(0)
RESULT branch_turn=36 cell=9,3 result=KILL remaining_cells=20 target_cluster=Some(0)
BRANCH branch_turn=? n=15 remaining_cells=19 beam_states=180 heat_cell=2,7 beam_cell=8,8 chosen_cell=2,7 heat_rank_of_beam=54 beam_rank_of_heat=5 chosen_heat_rank=1 chosen_beam_rank=5 heat_best=2.242221797 heat_second=1.920818431 beam_best=1.571200068 beam_second=1.562117987 heat_cell_beam=1.444050930 beam_cell_heat=0.914333136 chosen_heat=2.242221797 chosen_beam=1.444050930 beam_entropy=3.742290065
DECISION branch_turn=37 cell=2,7 target_cluster=None
RESULT branch_turn=37 cell=2,7 result=MISS remaining_cells=19 target_cluster=None
BRANCH branch_turn=? n=15 remaining_cells=19 beam_states=180 heat_cell=1,9 beam_cell=8,8 chosen_cell=1,9 heat_rank_of_beam=46 beam_rank_of_heat=10 chosen_heat_rank=1 chosen_beam_rank=10 heat_best=2.198311896 heat_second=2.148308806 beam_best=1.690145201 beam_second=1.657432713 heat_cell_beam=1.341211998 beam_cell_heat=0.982653171 chosen_heat=2.198311896 chosen_beam=1.341211998 beam_entropy=3.803421914
DECISION branch_turn=38 cell=1,9 target_cluster=None
RESULT branch_turn=38 cell=1,9 result=HIT remaining_cells=19 target_cluster=None
DECISION branch_turn=39 cell=1,8 target_cluster=Some(0)
RESULT branch_turn=39 cell=1,8 result=HIT remaining_cells=18 target_cluster=Some(0)
DECISION branch_turn=40 cell=1,7 target_cluster=Some(0)
RESULT branch_turn=40 cell=1,7 result=HIT remaining_cells=17 target_cluster=Some(0)
DECISION branch_turn=41 cell=1,6 target_cluster=Some(0)
RESULT branch_turn=41 cell=1,6 result=HIT remaining_cells=16 target_cluster=Some(0)
DECISION branch_turn=42 cell=1,5 target_cluster=Some(0)
RESULT branch_turn=42 cell=1,5 result=MISS remaining_cells=15 target_cluster=Some(0)
DECISION branch_turn=43 cell=1,10 target_cluster=Some(0)
RESULT branch_turn=43 cell=1,10 result=HIT remaining_cells=15 target_cluster=Some(0)
DECISION branch_turn=44 cell=1,11 target_cluster=Some(0)
RESULT branch_turn=44 cell=1,11 result=HIT remaining_cells=14 target_cluster=Some(0)
DECISION branch_turn=45 cell=1,12 target_cluster=Some(0)
RESULT branch_turn=45 cell=1,12 result=KILL remaining_cells=13 target_cluster=Some(0)
DECISION branch_turn=46 cell=2,6 target_cluster=Some(0)
RESULT branch_turn=46 cell=2,6 result=HIT remaining_cells=12 target_cluster=Some(0)
DECISION branch_turn=47 cell=3,6 target_cluster=Some(0)
RESULT branch_turn=47 cell=3,6 result=MISS remaining_cells=11 target_cluster=Some(0)
DECISION branch_turn=48 cell=0,6 target_cluster=Some(0)
RESULT branch_turn=48 cell=0,6 result=MISS remaining_cells=11 target_cluster=Some(0)
DECISION branch_turn=49 cell=2,5 target_cluster=Some(0)
RESULT branch_turn=49 cell=2,5 result=HIT remaining_cells=11 target_cluster=Some(0)
DECISION branch_turn=50 cell=2,4 target_cluster=Some(0)
RESULT branch_turn=50 cell=2,4 result=HIT remaining_cells=10 target_cluster=Some(0)
DECISION branch_turn=51 cell=2,3 target_cluster=Some(0)
RESULT branch_turn=51 cell=2,3 result=HIT remaining_cells=9 target_cluster=Some(0)
DECISION branch_turn=52 cell=2,2 target_cluster=Some(0)
RESULT branch_turn=52 cell=2,2 result=KILL remaining_cells=8 target_cluster=Some(0)
BRANCH branch_turn=? n=15 remaining_cells=7 beam_states=0 heat_cell=11,14 beam_cell=11,14 chosen_cell=11,14 heat_rank_of_beam=1 beam_rank_of_heat=1 chosen_heat_rank=1 chosen_beam_rank=1 heat_best=3.725814648 heat_second=3.725672748 beam_best=0.000000000 beam_second=0.000000000 heat_cell_beam=0.000000000 beam_cell_heat=3.725814648 chosen_heat=3.725814648 chosen_beam=0.000000000 beam_entropy=0.000000000
DECISION branch_turn=53 cell=11,14 target_cluster=None
RESULT branch_turn=53 cell=11,14 result=MISS remaining_cells=7 target_cluster=None
BRANCH branch_turn=? n=15 remaining_cells=7 beam_states=0 heat_cell=12,9 beam_cell=12,9 chosen_cell=12,9 heat_rank_of_beam=1 beam_rank_of_heat=1 chosen_heat_rank=1 chosen_beam_rank=1 heat_best=3.733496946 heat_second=3.733209007 beam_best=0.000000000 beam_second=0.000000000 heat_cell_beam=0.000000000 beam_cell_heat=3.733496946 chosen_heat=3.733496946 chosen_beam=0.000000000 beam_entropy=0.000000000
DECISION branch_turn=54 cell=12,9 target_cluster=None
RESULT branch_turn=54 cell=12,9 result=MISS remaining_cells=7 target_cluster=None
BRANCH branch_turn=? n=15 remaining_cells=7 beam_states=0 heat_cell=13,11 beam_cell=13,11 chosen_cell=13,11 heat_rank_of_beam=1 beam_rank_of_heat=1 chosen_heat_rank=1 chosen_beam_rank=1 heat_best=4.786491333 heat_second=4.785688901 beam_best=0.000000000 beam_second=0.000000000 heat_cell_beam=0.000000000 beam_cell_heat=4.786491333 chosen_heat=4.786491333 chosen_beam=0.000000000 beam_entropy=0.000000000
DECISION branch_turn=55 cell=13,11 target_cluster=None
RESULT branch_turn=55 cell=13,11 result=MISS remaining_cells=7 target_cluster=None
BRANCH branch_turn=? n=15 remaining_cells=7 beam_states=0 heat_cell=14,9 beam_cell=14,9 chosen_cell=14,9 heat_rank_of_beam=1 beam_rank_of_heat=1 chosen_heat_rank=1 chosen_beam_rank=1 heat_best=6.655692614 heat_second=6.655381638 beam_best=0.000000000 beam_second=0.000000000 heat_cell_beam=0.000000000 beam_cell_heat=6.655692614 chosen_heat=6.655692614 chosen_beam=0.000000000 beam_entropy=0.000000000
DECISION branch_turn=56 cell=14,9 target_cluster=None
RESULT branch_turn=56 cell=14,9 result=MISS remaining_cells=7 target_cluster=None
BRANCH branch_turn=? n=15 remaining_cells=7 beam_states=0 heat_cell=11,8 beam_cell=11,8 chosen_cell=11,8 heat_rank_of_beam=1 beam_rank_of_heat=1 chosen_heat_rank=1 chosen_beam_rank=1 heat_best=7.742486809 heat_second=7.742245462 beam_best=0.000000000 beam_second=0.000000000 heat_cell_beam=0.000000000 beam_cell_heat=7.742486809 chosen_heat=7.742486809 chosen_beam=0.000000000 beam_entropy=0.000000000
DECISION branch_turn=57 cell=11,8 target_cluster=None
RESULT branch_turn=57 cell=11,8 result=MISS remaining_cells=7 target_cluster=None
BRANCH branch_turn=? n=15 remaining_cells=7 beam_states=0 heat_cell=8,10 beam_cell=8,10 chosen_cell=8,10 heat_rank_of_beam=1 beam_rank_of_heat=1 chosen_heat_rank=1 chosen_beam_rank=1 heat_best=7.837082549 heat_second=7.833229073 beam_best=0.000000000 beam_second=0.000000000 heat_cell_beam=0.000000000 beam_cell_heat=7.837082549 chosen_heat=7.837082549 chosen_beam=0.000000000 beam_entropy=0.000000000
DECISION branch_turn=58 cell=8,10 target_cluster=None
RESULT branch_turn=58 cell=8,10 result=MISS remaining_cells=7 target_cluster=None
BRANCH branch_turn=? n=15 remaining_cells=7 beam_states=0 heat_cell=12,13 beam_cell=12,13 chosen_cell=12,13 heat_rank_of_beam=1 beam_rank_of_heat=1 chosen_heat_rank=1 chosen_beam_rank=1 heat_best=15.351264108 heat_second=15.349370970 beam_best=0.000000000 beam_second=0.000000000 heat_cell_beam=0.000000000 beam_cell_heat=15.351264108 chosen_heat=15.351264108 chosen_beam=0.000000000 beam_entropy=0.000000000
DECISION branch_turn=59 cell=12,13 target_cluster=None
RESULT branch_turn=59 cell=12,13 result=MISS remaining_cells=7 target_cluster=None
BRANCH branch_turn=? n=15 remaining_cells=7 beam_states=0 heat_cell=13,8 beam_cell=13,8 chosen_cell=13,8 heat_rank_of_beam=1 beam_rank_of_heat=1 chosen_heat_rank=1 chosen_beam_rank=1 heat_best=0.382437380 heat_second=0.292651705 beam_best=0.000000000 beam_second=0.000000000 heat_cell_beam=0.000000000 beam_cell_heat=0.382437380 chosen_heat=0.382437380 chosen_beam=0.000000000 beam_entropy=0.000000000
DECISION branch_turn=60 cell=13,8 target_cluster=None
RESULT branch_turn=60 cell=13,8 result=MISS remaining_cells=7 target_cluster=None
BRANCH branch_turn=? n=15 remaining_cells=7 beam_states=0 heat_cell=9,11 beam_cell=9,11 chosen_cell=9,11 heat_rank_of_beam=1 beam_rank_of_heat=1 chosen_heat_rank=1 chosen_beam_rank=1 heat_best=0.313252136 heat_second=0.312067435 beam_best=0.000000000 beam_second=0.000000000 heat_cell_beam=0.000000000 beam_cell_heat=0.313252136 chosen_heat=0.313252136 chosen_beam=0.000000000 beam_entropy=0.000000000
DECISION branch_turn=61 cell=9,11 target_cluster=None
RESULT branch_turn=61 cell=9,11 result=HIT remaining_cells=7 target_cluster=None
DECISION branch_turn=62 cell=8,11 target_cluster=Some(1)
RESULT branch_turn=62 cell=8,11 result=MISS remaining_cells=6 target_cluster=Some(1)
DECISION branch_turn=63 cell=9,12 target_cluster=Some(1)
RESULT branch_turn=63 cell=9,12 result=HIT remaining_cells=6 target_cluster=Some(1)
DECISION branch_turn=64 cell=9,13 target_cluster=Some(1)
RESULT branch_turn=64 cell=9,13 result=HIT remaining_cells=5 target_cluster=Some(1)
DECISION branch_turn=65 cell=9,14 target_cluster=Some(1)
RESULT branch_turn=65 cell=9,14 result=HIT remaining_cells=4 target_cluster=Some(1)
DECISION branch_turn=66 cell=9,10 target_cluster=Some(1)
RESULT branch_turn=66 cell=9,10 result=KILL remaining_cells=3 target_cluster=Some(1)
DECISION branch_turn=67 cell=8,14 target_cluster=Some(1)
RESULT branch_turn=67 cell=8,14 result=MISS remaining_cells=2 target_cluster=Some(1)
DECISION branch_turn=68 cell=8,12 target_cluster=Some(1)
RESULT branch_turn=68 cell=8,12 result=MISS remaining_cells=2 target_cluster=Some(1)
DECISION branch_turn=69 cell=10,13 target_cluster=Some(1)
RESULT branch_turn=69 cell=10,13 result=MISS remaining_cells=2 target_cluster=Some(1)
DECISION branch_turn=70 cell=10,14 target_cluster=Some(1)
RESULT branch_turn=70 cell=10,14 result=MISS remaining_cells=2 target_cluster=Some(1)
BRANCH branch_turn=? n=15 remaining_cells=2 beam_states=0 heat_cell=7,6 beam_cell=7,6 chosen_cell=7,6 heat_rank_of_beam=1 beam_rank_of_heat=1 chosen_heat_rank=1 chosen_beam_rank=1 heat_best=0.017246249 heat_second=0.017196269 beam_best=0.000000000 beam_second=0.000000000 heat_cell_beam=0.000000000 beam_cell_heat=0.017246249 chosen_heat=0.017246249 chosen_beam=0.000000000 beam_entropy=0.000000000
DECISION branch_turn=71 cell=7,6 target_cluster=None
RESULT branch_turn=71 cell=7,6 result=MISS remaining_cells=2 target_cluster=None
BRANCH branch_turn=? n=15 remaining_cells=2 beam_states=0 heat_cell=7,9 beam_cell=7,9 chosen_cell=7,9 heat_rank_of_beam=1 beam_rank_of_heat=1 chosen_heat_rank=1 chosen_beam_rank=1 heat_best=0.017247736 heat_second=0.016896342 beam_best=0.000000000 beam_second=0.000000000 heat_cell_beam=0.000000000 beam_cell_heat=0.017247736 chosen_heat=0.017247736 chosen_beam=0.000000000 beam_entropy=0.000000000
DECISION branch_turn=72 cell=7,9 target_cluster=None
RESULT branch_turn=72 cell=7,9 result=MISS remaining_cells=2 target_cluster=None
BRANCH branch_turn=? n=15 remaining_cells=2 beam_states=0 heat_cell=7,7 beam_cell=7,7 chosen_cell=7,7 heat_rank_of_beam=1 beam_rank_of_heat=1 chosen_heat_rank=1 chosen_beam_rank=1 heat_best=0.015974355 heat_second=0.015610260 beam_best=0.000000000 beam_second=0.000000000 heat_cell_beam=0.000000000 beam_cell_heat=0.015974355 chosen_heat=0.015974355 chosen_beam=0.000000000 beam_entropy=0.000000000
DECISION branch_turn=73 cell=7,7 target_cluster=None
RESULT branch_turn=73 cell=7,7 result=MISS remaining_cells=2 target_cluster=None
BRANCH branch_turn=? n=15 remaining_cells=2 beam_states=0 heat_cell=5,7 beam_cell=5,7 chosen_cell=5,7 heat_rank_of_beam=1 beam_rank_of_heat=1 chosen_heat_rank=1 chosen_beam_rank=1 heat_best=0.016790465 heat_second=0.016505121 beam_best=0.000000000 beam_second=0.000000000 heat_cell_beam=0.000000000 beam_cell_heat=0.016790465 chosen_heat=0.016790465 chosen_beam=0.000000000 beam_entropy=0.000000000
DECISION branch_turn=74 cell=5,7 target_cluster=None
RESULT branch_turn=74 cell=5,7 result=MISS remaining_cells=2 target_cluster=None
BRANCH branch_turn=? n=15 remaining_cells=2 beam_states=0 heat_cell=8,8 beam_cell=8,8 chosen_cell=8,8 heat_rank_of_beam=1 beam_rank_of_heat=1 chosen_heat_rank=1 chosen_beam_rank=1 heat_best=0.017114210 heat_second=0.015829726 beam_best=0.000000000 beam_second=0.000000000 heat_cell_beam=0.000000000 beam_cell_heat=0.017114210 chosen_heat=0.017114210 chosen_beam=0.000000000 beam_entropy=0.000000000
DECISION branch_turn=75 cell=8,8 target_cluster=None
RESULT branch_turn=75 cell=8,8 result=MISS remaining_cells=2 target_cluster=None
BRANCH branch_turn=? n=15 remaining_cells=2 beam_states=0 heat_cell=7,5 beam_cell=7,5 chosen_cell=7,5 heat_rank_of_beam=1 beam_rank_of_heat=1 chosen_heat_rank=1 chosen_beam_rank=1 heat_best=0.016256611 heat_second=0.016142952 beam_best=0.000000000 beam_second=0.000000000 heat_cell_beam=0.000000000 beam_cell_heat=0.016256611 chosen_heat=0.016256611 chosen_beam=0.000000000 beam_entropy=0.000000000
DECISION branch_turn=76 cell=7,5 target_cluster=None
RESULT branch_turn=76 cell=7,5 result=MISS remaining_cells=2 target_cluster=None
BRANCH branch_turn=? n=15 remaining_cells=2 beam_states=0 heat_cell=8,7 beam_cell=8,7 chosen_cell=8,7 heat_rank_of_beam=1 beam_rank_of_heat=1 chosen_heat_rank=1 chosen_beam_rank=1 heat_best=0.016909336 heat_second=0.015113269 beam_best=0.000000000 beam_second=0.000000000 heat_cell_beam=0.000000000 beam_cell_heat=0.016909336 chosen_heat=0.016909336 chosen_beam=0.000000000 beam_entropy=0.000000000
DECISION branch_turn=77 cell=8,7 target_cluster=None
RESULT branch_turn=77 cell=8,7 result=MISS remaining_cells=2 target_cluster=None
BRANCH branch_turn=? n=15 remaining_cells=2 beam_states=0 heat_cell=5,8 beam_cell=5,8 chosen_cell=5,8 heat_rank_of_beam=1 beam_rank_of_heat=1 chosen_heat_rank=1 chosen_beam_rank=1 heat_best=0.015923397 heat_second=0.014749645 beam_best=0.000000000 beam_second=0.000000000 heat_cell_beam=0.000000000 beam_cell_heat=0.015923397 chosen_heat=0.015923397 chosen_beam=0.000000000 beam_entropy=0.000000000
DECISION branch_turn=78 cell=5,8 target_cluster=None
RESULT branch_turn=78 cell=5,8 result=MISS remaining_cells=2 target_cluster=None
BRANCH branch_turn=? n=15 remaining_cells=2 beam_states=0 heat_cell=8,5 beam_cell=8,5 chosen_cell=8,5 heat_rank_of_beam=1 beam_rank_of_heat=1 chosen_heat_rank=1 chosen_beam_rank=1 heat_best=0.015563724 heat_second=0.015423140 beam_best=0.000000000 beam_second=0.000000000 heat_cell_beam=0.000000000 beam_cell_heat=0.015563724 chosen_heat=0.015563724 chosen_beam=0.000000000 beam_entropy=0.000000000
DECISION branch_turn=79 cell=8,5 target_cluster=None
RESULT branch_turn=79 cell=8,5 result=MISS remaining_cells=2 target_cluster=None
BRANCH branch_turn=? n=15 remaining_cells=2 beam_states=0 heat_cell=4,7 beam_cell=4,7 chosen_cell=4,7 heat_rank_of_beam=1 beam_rank_of_heat=1 chosen_heat_rank=1 chosen_beam_rank=1 heat_best=0.015450924 heat_second=0.014879120 beam_best=0.000000000 beam_second=0.000000000 heat_cell_beam=0.000000000 beam_cell_heat=0.015450924 chosen_heat=0.015450924 chosen_beam=0.000000000 beam_entropy=0.000000000
DECISION branch_turn=80 cell=4,7 target_cluster=None
RESULT branch_turn=80 cell=4,7 result=MISS remaining_cells=2 target_cluster=None
BRANCH branch_turn=? n=15 remaining_cells=2 beam_states=0 heat_cell=5,6 beam_cell=5,6 chosen_cell=5,6 heat_rank_of_beam=1 beam_rank_of_heat=1 chosen_heat_rank=1 chosen_beam_rank=1 heat_best=0.016036243 heat_second=0.015848113 beam_best=0.000000000 beam_second=0.000000000 heat_cell_beam=0.000000000 beam_cell_heat=0.016036243 chosen_heat=0.016036243 chosen_beam=0.000000000 beam_entropy=0.000000000
DECISION branch_turn=81 cell=5,6 target_cluster=None
RESULT branch_turn=81 cell=5,6 result=MISS remaining_cells=2 target_cluster=None
BRANCH branch_turn=? n=15 remaining_cells=2 beam_states=0 heat_cell=8,6 beam_cell=8,6 chosen_cell=8,6 heat_rank_of_beam=1 beam_rank_of_heat=1 chosen_heat_rank=1 chosen_beam_rank=1 heat_best=0.016833638 heat_second=0.015959241 beam_best=0.000000000 beam_second=0.000000000 heat_cell_beam=0.000000000 beam_cell_heat=0.016833638 chosen_heat=0.016833638 chosen_beam=0.000000000 beam_entropy=0.000000000
DECISION branch_turn=82 cell=8,6 target_cluster=None
RESULT branch_turn=82 cell=8,6 result=MISS remaining_cells=2 target_cluster=None
BRANCH branch_turn=? n=15 remaining_cells=2 beam_states=0 heat_cell=10,6 beam_cell=10,6 chosen_cell=10,6 heat_rank_of_beam=1 beam_rank_of_heat=1 chosen_heat_rank=1 chosen_beam_rank=1 heat_best=0.015175878 heat_second=0.015019379 beam_best=0.000000000 beam_second=0.000000000 heat_cell_beam=0.000000000 beam_cell_heat=0.015175878 chosen_heat=0.015175878 chosen_beam=0.000000000 beam_entropy=0.000000000
DECISION branch_turn=83 cell=10,6 target_cluster=None
RESULT branch_turn=83 cell=10,6 result=MISS remaining_cells=2 target_cluster=None
BRANCH branch_turn=? n=15 remaining_cells=2 beam_states=0 heat_cell=8,9 beam_cell=8,9 chosen_cell=8,9 heat_rank_of_beam=1 beam_rank_of_heat=1 chosen_heat_rank=1 chosen_beam_rank=1 heat_best=0.015926252 heat_second=0.014390957 beam_best=0.000000000 beam_second=0.000000000 heat_cell_beam=0.000000000 beam_cell_heat=0.015926252 chosen_heat=0.015926252 chosen_beam=0.000000000 beam_entropy=0.000000000
DECISION branch_turn=84 cell=8,9 target_cluster=None
RESULT branch_turn=84 cell=8,9 result=MISS remaining_cells=2 target_cluster=None
BRANCH branch_turn=? n=15 remaining_cells=2 beam_states=0 heat_cell=7,3 beam_cell=7,3 chosen_cell=7,3 heat_rank_of_beam=1 beam_rank_of_heat=1 chosen_heat_rank=1 chosen_beam_rank=1 heat_best=0.014974877 heat_second=0.014683757 beam_best=0.000000000 beam_second=0.000000000 heat_cell_beam=0.000000000 beam_cell_heat=0.014974877 chosen_heat=0.014974877 chosen_beam=0.000000000 beam_entropy=0.000000000
DECISION branch_turn=85 cell=7,3 target_cluster=None
RESULT branch_turn=85 cell=7,3 result=MISS remaining_cells=2 target_cluster=None
BRANCH branch_turn=? n=15 remaining_cells=2 beam_states=0 heat_cell=7,4 beam_cell=7,4 chosen_cell=7,4 heat_rank_of_beam=1 beam_rank_of_heat=1 chosen_heat_rank=1 chosen_beam_rank=1 heat_best=0.015465175 heat_second=0.015396719 beam_best=0.000000000 beam_second=0.000000000 heat_cell_beam=0.000000000 beam_cell_heat=0.015465175 chosen_heat=0.015465175 chosen_beam=0.000000000 beam_entropy=0.000000000
DECISION branch_turn=86 cell=7,4 target_cluster=None
RESULT branch_turn=86 cell=7,4 result=MISS remaining_cells=2 target_cluster=None
BRANCH branch_turn=? n=15 remaining_cells=2 beam_states=0 heat_cell=3,7 beam_cell=3,7 chosen_cell=3,7 heat_rank_of_beam=1 beam_rank_of_heat=1 chosen_heat_rank=1 chosen_beam_rank=1 heat_best=0.015004682 heat_second=0.014055442 beam_best=0.000000000 beam_second=0.000000000 heat_cell_beam=0.000000000 beam_cell_heat=0.015004682 chosen_heat=0.015004682 chosen_beam=0.000000000 beam_entropy=0.000000000
DECISION branch_turn=87 cell=3,7 target_cluster=None
RESULT branch_turn=87 cell=3,7 result=MISS remaining_cells=2 target_cluster=None
BRANCH branch_turn=? n=15 remaining_cells=2 beam_states=0 heat_cell=11,7 beam_cell=11,7 chosen_cell=11,7 heat_rank_of_beam=1 beam_rank_of_heat=1 chosen_heat_rank=1 chosen_beam_rank=1 heat_best=0.015004440 heat_second=0.014007564 beam_best=0.000000000 beam_second=0.000000000 heat_cell_beam=0.000000000 beam_cell_heat=0.015004440 chosen_heat=0.015004440 chosen_beam=0.000000000 beam_entropy=0.000000000
DECISION branch_turn=88 cell=11,7 target_cluster=None
RESULT branch_turn=88 cell=11,7 result=MISS remaining_cells=2 target_cluster=None
BRANCH branch_turn=? n=15 remaining_cells=2 beam_states=0 heat_cell=5,5 beam_cell=5,5 chosen_cell=5,5 heat_rank_of_beam=1 beam_rank_of_heat=1 chosen_heat_rank=1 chosen_beam_rank=1 heat_best=0.014850570 heat_second=0.012726688 beam_best=0.000000000 beam_second=0.000000000 heat_cell_beam=0.000000000 beam_cell_heat=0.014850570 chosen_heat=0.014850570 chosen_beam=0.000000000 beam_entropy=0.000000000
DECISION branch_turn=89 cell=5,5 target_cluster=None
RESULT branch_turn=89 cell=5,5 result=MISS remaining_cells=2 target_cluster=None
BRANCH branch_turn=? n=15 remaining_cells=2 beam_states=0 heat_cell=4,5 beam_cell=4,5 chosen_cell=4,5 heat_rank_of_beam=1 beam_rank_of_heat=1 chosen_heat_rank=1 chosen_beam_rank=1 heat_best=0.014182277 heat_second=0.014161383 beam_best=0.000000000 beam_second=0.000000000 heat_cell_beam=0.000000000 beam_cell_heat=0.014182277 chosen_heat=0.014182277 chosen_beam=0.000000000 beam_entropy=0.000000000
DECISION branch_turn=90 cell=4,5 target_cluster=None
RESULT branch_turn=90 cell=4,5 result=MISS remaining_cells=2 target_cluster=None
BRANCH branch_turn=? n=15 remaining_cells=2 beam_states=0 heat_cell=4,8 beam_cell=4,8 chosen_cell=4,8 heat_rank_of_beam=1 beam_rank_of_heat=1 chosen_heat_rank=1 chosen_beam_rank=1 heat_best=0.014155141 heat_second=0.013886002 beam_best=0.000000000 beam_second=0.000000000 heat_cell_beam=0.000000000 beam_cell_heat=0.014155141 chosen_heat=0.014155141 chosen_beam=0.000000000 beam_entropy=0.000000000
DECISION branch_turn=91 cell=4,8 target_cluster=None
RESULT branch_turn=91 cell=4,8 result=MISS remaining_cells=2 target_cluster=None
BRANCH branch_turn=? n=15 remaining_cells=2 beam_states=0 heat_cell=7,10 beam_cell=7,10 chosen_cell=7,10 heat_rank_of_beam=1 beam_rank_of_heat=1 chosen_heat_rank=1 chosen_beam_rank=1 heat_best=0.014258734 heat_second=0.014199173 beam_best=0.000000000 beam_second=0.000000000 heat_cell_beam=0.000000000 beam_cell_heat=0.014258734 chosen_heat=0.014258734 chosen_beam=0.000000000 beam_entropy=0.000000000
DECISION branch_turn=92 cell=7,10 target_cluster=None
RESULT branch_turn=92 cell=7,10 result=MISS remaining_cells=2 target_cluster=None
BRANCH branch_turn=? n=15 remaining_cells=2 beam_states=0 heat_cell=8,4 beam_cell=8,4 chosen_cell=8,4 heat_rank_of_beam=1 beam_rank_of_heat=1 chosen_heat_rank=1 chosen_beam_rank=1 heat_best=0.014835512 heat_second=0.014208057 beam_best=0.000000000 beam_second=0.000000000 heat_cell_beam=0.000000000 beam_cell_heat=0.014835512 chosen_heat=0.014835512 chosen_beam=0.000000000 beam_entropy=0.000000000
DECISION branch_turn=93 cell=8,4 target_cluster=None
RESULT branch_turn=93 cell=8,4 result=MISS remaining_cells=2 target_cluster=None
BRANCH branch_turn=? n=15 remaining_cells=2 beam_states=0 heat_cell=4,6 beam_cell=4,6 chosen_cell=4,6 heat_rank_of_beam=1 beam_rank_of_heat=1 chosen_heat_rank=1 chosen_beam_rank=1 heat_best=0.015131698 heat_second=0.014221533 beam_best=0.000000000 beam_second=0.000000000 heat_cell_beam=0.000000000 beam_cell_heat=0.015131698 chosen_heat=0.015131698 chosen_beam=0.000000000 beam_entropy=0.000000000
DECISION branch_turn=94 cell=4,6 target_cluster=None
RESULT branch_turn=94 cell=4,6 result=MISS remaining_cells=2 target_cluster=None
BRANCH branch_turn=? n=15 remaining_cells=2 beam_states=0 heat_cell=7,11 beam_cell=7,11 chosen_cell=7,11 heat_rank_of_beam=1 beam_rank_of_heat=1 chosen_heat_rank=1 chosen_beam_rank=1 heat_best=0.014824088 heat_second=0.014071095 beam_best=0.000000000 beam_second=0.000000000 heat_cell_beam=0.000000000 beam_cell_heat=0.014824088 chosen_heat=0.014824088 chosen_beam=0.000000000 beam_entropy=0.000000000
DECISION branch_turn=95 cell=7,11 target_cluster=None
RESULT branch_turn=95 cell=7,11 result=MISS remaining_cells=2 target_cluster=None
BRANCH branch_turn=? n=15 remaining_cells=2 beam_states=0 heat_cell=7,2 beam_cell=7,2 chosen_cell=7,2 heat_rank_of_beam=1 beam_rank_of_heat=1 chosen_heat_rank=1 chosen_beam_rank=1 heat_best=0.014206697 heat_second=0.013234858 beam_best=0.000000000 beam_second=0.000000000 heat_cell_beam=0.000000000 beam_cell_heat=0.014206697 chosen_heat=0.014206697 chosen_beam=0.000000000 beam_entropy=0.000000000
DECISION branch_turn=96 cell=7,2 target_cluster=None
RESULT branch_turn=96 cell=7,2 result=MISS remaining_cells=2 target_cluster=None
BRANCH branch_turn=? n=15 remaining_cells=2 beam_states=0 heat_cell=5,4 beam_cell=5,4 chosen_cell=5,4 heat_rank_of_beam=1 beam_rank_of_heat=1 chosen_heat_rank=1 chosen_beam_rank=1 heat_best=0.013319644 heat_second=0.013202204 beam_best=0.000000000 beam_second=0.000000000 heat_cell_beam=0.000000000 beam_cell_heat=0.013319644 chosen_heat=0.013319644 chosen_beam=0.000000000 beam_entropy=0.000000000
DECISION branch_turn=97 cell=5,4 target_cluster=None
RESULT branch_turn=97 cell=5,4 result=MISS remaining_cells=2 target_cluster=None
BRANCH branch_turn=? n=15 remaining_cells=2 beam_states=0 heat_cell=12,7 beam_cell=12,7 chosen_cell=12,7 heat_rank_of_beam=1 beam_rank_of_heat=1 chosen_heat_rank=1 chosen_beam_rank=1 heat_best=0.013402254 heat_second=0.013244947 beam_best=0.000000000 beam_second=0.000000000 heat_cell_beam=0.000000000 beam_cell_heat=0.013402254 chosen_heat=0.013402254 chosen_beam=0.000000000 beam_entropy=0.000000000
DECISION branch_turn=98 cell=12,7 target_cluster=None
RESULT branch_turn=98 cell=12,7 result=MISS remaining_cells=2 target_cluster=None
BRANCH branch_turn=? n=15 remaining_cells=2 beam_states=0 heat_cell=8,3 beam_cell=8,3 chosen_cell=8,3 heat_rank_of_beam=1 beam_rank_of_heat=1 chosen_heat_rank=1 chosen_beam_rank=1 heat_best=0.013912255 heat_second=0.013333314 beam_best=0.000000000 beam_second=0.000000000 heat_cell_beam=0.000000000 beam_cell_heat=0.013912255 chosen_heat=0.013912255 chosen_beam=0.000000000 beam_entropy=0.000000000
DECISION branch_turn=99 cell=8,3 target_cluster=None
RESULT branch_turn=99 cell=8,3 result=MISS remaining_cells=2 target_cluster=None
BRANCH branch_turn=? n=15 remaining_cells=2 beam_states=0 heat_cell=4,9 beam_cell=4,9 chosen_cell=4,9 heat_rank_of_beam=1 beam_rank_of_heat=1 chosen_heat_rank=1 chosen_beam_rank=1 heat_best=0.013844078 heat_second=0.012966892 beam_best=0.000000000 beam_second=0.000000000 heat_cell_beam=0.000000000 beam_cell_heat=0.013844078 chosen_heat=0.013844078 chosen_beam=0.000000000 beam_entropy=0.000000000
DECISION branch_turn=100 cell=4,9 target_cluster=None
RESULT branch_turn=100 cell=4,9 result=MISS remaining_cells=2 target_cluster=None
BRANCH branch_turn=? n=15 remaining_cells=2 beam_states=0 heat_cell=11,6 beam_cell=11,6 chosen_cell=11,6 heat_rank_of_beam=1 beam_rank_of_heat=1 chosen_heat_rank=1 chosen_beam_rank=1 heat_best=0.014261503 heat_second=0.013865761 beam_best=0.000000000 beam_second=0.000000000 heat_cell_beam=0.000000000 beam_cell_heat=0.014261503 chosen_heat=0.014261503 chosen_beam=0.000000000 beam_entropy=0.000000000
DECISION branch_turn=101 cell=11,6 target_cluster=None
RESULT branch_turn=101 cell=11,6 result=MISS remaining_cells=2 target_cluster=None
BRANCH branch_turn=? n=15 remaining_cells=2 beam_states=0 heat_cell=10,5 beam_cell=10,5 chosen_cell=10,5 heat_rank_of_beam=1 beam_rank_of_heat=1 chosen_heat_rank=1 chosen_beam_rank=1 heat_best=0.012629473 heat_second=0.012540986 beam_best=0.000000000 beam_second=0.000000000 heat_cell_beam=0.000000000 beam_cell_heat=0.012629473 chosen_heat=0.012629473 chosen_beam=0.000000000 beam_entropy=0.000000000
DECISION branch_turn=102 cell=10,5 target_cluster=None
RESULT branch_turn=102 cell=10,5 result=MISS remaining_cells=2 target_cluster=None
BRANCH branch_turn=? n=15 remaining_cells=2 beam_states=0 heat_cell=7,12 beam_cell=7,12 chosen_cell=7,12 heat_rank_of_beam=1 beam_rank_of_heat=1 chosen_heat_rank=1 chosen_beam_rank=1 heat_best=0.014095234 heat_second=0.013417377 beam_best=0.000000000 beam_second=0.000000000 heat_cell_beam=0.000000000 beam_cell_heat=0.014095234 chosen_heat=0.014095234 chosen_beam=0.000000000 beam_entropy=0.000000000
DECISION branch_turn=103 cell=7,12 target_cluster=None
RESULT branch_turn=103 cell=7,12 result=MISS remaining_cells=2 target_cluster=None
BRANCH branch_turn=? n=15 remaining_cells=2 beam_states=0 heat_cell=12,6 beam_cell=12,6 chosen_cell=12,6 heat_rank_of_beam=1 beam_rank_of_heat=1 chosen_heat_rank=1 chosen_beam_rank=1 heat_best=0.012904096 heat_second=0.012479236 beam_best=0.000000000 beam_second=0.000000000 heat_cell_beam=0.000000000 beam_cell_heat=0.012904096 chosen_heat=0.012904096 chosen_beam=0.000000000 beam_entropy=0.000000000
DECISION branch_turn=104 cell=12,6 target_cluster=None
RESULT branch_turn=104 cell=12,6 result=MISS remaining_cells=2 target_cluster=None
BRANCH branch_turn=? n=15 remaining_cells=2 beam_states=0 heat_cell=11,5 beam_cell=11,5 chosen_cell=11,5 heat_rank_of_beam=1 beam_rank_of_heat=1 chosen_heat_rank=1 chosen_beam_rank=1 heat_best=0.013107636 heat_second=0.013001114 beam_best=0.000000000 beam_second=0.000000000 heat_cell_beam=0.000000000 beam_cell_heat=0.013107636 chosen_heat=0.013107636 chosen_beam=0.000000000 beam_entropy=0.000000000
DECISION branch_turn=105 cell=11,5 target_cluster=None
RESULT branch_turn=105 cell=11,5 result=MISS remaining_cells=2 target_cluster=None
BRANCH branch_turn=? n=15 remaining_cells=2 beam_states=0 heat_cell=13,7 beam_cell=13,7 chosen_cell=13,7 heat_rank_of_beam=1 beam_rank_of_heat=1 chosen_heat_rank=1 chosen_beam_rank=1 heat_best=0.013219099 heat_second=0.012899427 beam_best=0.000000000 beam_second=0.000000000 heat_cell_beam=0.000000000 beam_cell_heat=0.013219099 chosen_heat=0.013219099 chosen_beam=0.000000000 beam_entropy=0.000000000
DECISION branch_turn=106 cell=13,7 target_cluster=None
RESULT branch_turn=106 cell=13,7 result=MISS remaining_cells=2 target_cluster=None
BRANCH branch_turn=? n=15 remaining_cells=2 beam_states=0 heat_cell=5,3 beam_cell=5,3 chosen_cell=5,3 heat_rank_of_beam=1 beam_rank_of_heat=1 chosen_heat_rank=1 chosen_beam_rank=1 heat_best=0.013212365 heat_second=0.013167425 beam_best=0.000000000 beam_second=0.000000000 heat_cell_beam=0.000000000 beam_cell_heat=0.013212365 chosen_heat=0.013212365 chosen_beam=0.000000000 beam_entropy=0.000000000
DECISION branch_turn=107 cell=5,3 target_cluster=None
RESULT branch_turn=107 cell=5,3 result=MISS remaining_cells=2 target_cluster=None
BRANCH branch_turn=? n=15 remaining_cells=2 beam_states=0 heat_cell=4,4 beam_cell=4,4 chosen_cell=4,4 heat_rank_of_beam=1 beam_rank_of_heat=1 chosen_heat_rank=1 chosen_beam_rank=1 heat_best=0.012336434 heat_second=0.012263210 beam_best=0.000000000 beam_second=0.000000000 heat_cell_beam=0.000000000 beam_cell_heat=0.012336434 chosen_heat=0.012336434 chosen_beam=0.000000000 beam_entropy=0.000000000
DECISION branch_turn=108 cell=4,4 target_cluster=None
RESULT branch_turn=108 cell=4,4 result=MISS remaining_cells=2 target_cluster=None
BRANCH branch_turn=? n=15 remaining_cells=2 beam_states=0 heat_cell=3,5 beam_cell=3,5 chosen_cell=3,5 heat_rank_of_beam=1 beam_rank_of_heat=1 chosen_heat_rank=1 chosen_beam_rank=1 heat_best=0.013248863 heat_second=0.013002212 beam_best=0.000000000 beam_second=0.000000000 heat_cell_beam=0.000000000 beam_cell_heat=0.013248863 chosen_heat=0.013248863 chosen_beam=0.000000000 beam_entropy=0.000000000
DECISION branch_turn=109 cell=3,5 target_cluster=None
RESULT branch_turn=109 cell=3,5 result=MISS remaining_cells=2 target_cluster=None
BRANCH branch_turn=? n=15 remaining_cells=2 beam_states=0 heat_cell=6,11 beam_cell=6,11 chosen_cell=6,11 heat_rank_of_beam=1 beam_rank_of_heat=1 chosen_heat_rank=1 chosen_beam_rank=1 heat_best=0.012992006 heat_second=0.012973993 beam_best=0.000000000 beam_second=0.000000000 heat_cell_beam=0.000000000 beam_cell_heat=0.012992006 chosen_heat=0.012992006 chosen_beam=0.000000000 beam_entropy=0.000000000
DECISION branch_turn=110 cell=6,11 target_cluster=None
RESULT branch_turn=110 cell=6,11 result=MISS remaining_cells=2 target_cluster=None
BRANCH branch_turn=? n=15 remaining_cells=2 beam_states=0 heat_cell=6,1 beam_cell=6,1 chosen_cell=6,1 heat_rank_of_beam=1 beam_rank_of_heat=1 chosen_heat_rank=1 chosen_beam_rank=1 heat_best=0.012047153 heat_second=0.011847323 beam_best=0.000000000 beam_second=0.000000000 heat_cell_beam=0.000000000 beam_cell_heat=0.012047153 chosen_heat=0.012047153 chosen_beam=0.000000000 beam_entropy=0.000000000
DECISION branch_turn=111 cell=6,1 target_cluster=None
RESULT branch_turn=111 cell=6,1 result=MISS remaining_cells=2 target_cluster=None
BRANCH branch_turn=? n=15 remaining_cells=2 beam_states=0 heat_cell=8,2 beam_cell=8,2 chosen_cell=8,2 heat_rank_of_beam=1 beam_rank_of_heat=1 chosen_heat_rank=1 chosen_beam_rank=1 heat_best=0.013290425 heat_second=0.012752308 beam_best=0.000000000 beam_second=0.000000000 heat_cell_beam=0.000000000 beam_cell_heat=0.013290425 chosen_heat=0.013290425 chosen_beam=0.000000000 beam_entropy=0.000000000
DECISION branch_turn=112 cell=8,2 target_cluster=None
RESULT branch_turn=112 cell=8,2 result=MISS remaining_cells=2 target_cluster=None
BRANCH branch_turn=? n=15 remaining_cells=2 beam_states=0 heat_cell=3,9 beam_cell=3,9 chosen_cell=3,9 heat_rank_of_beam=1 beam_rank_of_heat=1 chosen_heat_rank=1 chosen_beam_rank=1 heat_best=0.013056709 heat_second=0.013042414 beam_best=0.000000000 beam_second=0.000000000 heat_cell_beam=0.000000000 beam_cell_heat=0.013056709 chosen_heat=0.013056709 chosen_beam=0.000000000 beam_entropy=0.000000000
DECISION branch_turn=113 cell=3,9 target_cluster=None
RESULT branch_turn=113 cell=3,9 result=MISS remaining_cells=2 target_cluster=None
BRANCH branch_turn=? n=15 remaining_cells=2 beam_states=0 heat_cell=10,4 beam_cell=10,4 chosen_cell=10,4 heat_rank_of_beam=1 beam_rank_of_heat=1 chosen_heat_rank=1 chosen_beam_rank=1 heat_best=0.012893702 heat_second=0.012258755 beam_best=0.000000000 beam_second=0.000000000 heat_cell_beam=0.000000000 beam_cell_heat=0.012893702 chosen_heat=0.012893702 chosen_beam=0.000000000 beam_entropy=0.000000000
DECISION branch_turn=114 cell=10,4 target_cluster=None
RESULT branch_turn=114 cell=10,4 result=MISS remaining_cells=2 target_cluster=None
BRANCH branch_turn=? n=15 remaining_cells=2 beam_states=0 heat_cell=7,0 beam_cell=7,0 chosen_cell=7,0 heat_rank_of_beam=1 beam_rank_of_heat=1 chosen_heat_rank=1 chosen_beam_rank=1 heat_best=0.011772077 heat_second=0.011398233 beam_best=0.000000000 beam_second=0.000000000 heat_cell_beam=0.000000000 beam_cell_heat=0.011772077 chosen_heat=0.011772077 chosen_beam=0.000000000 beam_entropy=0.000000000
DECISION branch_turn=115 cell=7,0 target_cluster=None
RESULT branch_turn=115 cell=7,0 result=MISS remaining_cells=2 target_cluster=None
BRANCH branch_turn=? n=15 remaining_cells=2 beam_states=0 heat_cell=11,9 beam_cell=11,9 chosen_cell=11,9 heat_rank_of_beam=1 beam_rank_of_heat=1 chosen_heat_rank=1 chosen_beam_rank=1 heat_best=0.013189614 heat_second=0.012571819 beam_best=0.000000000 beam_second=0.000000000 heat_cell_beam=0.000000000 beam_cell_heat=0.013189614 chosen_heat=0.013189614 chosen_beam=0.000000000 beam_entropy=0.000000000
DECISION branch_turn=116 cell=11,9 target_cluster=None
RESULT branch_turn=116 cell=11,9 result=MISS remaining_cells=2 target_cluster=None
BRANCH branch_turn=? n=15 remaining_cells=2 beam_states=0 heat_cell=7,1 beam_cell=7,1 chosen_cell=7,1 heat_rank_of_beam=1 beam_rank_of_heat=1 chosen_heat_rank=1 chosen_beam_rank=1 heat_best=0.012357665 heat_second=0.012163008 beam_best=0.000000000 beam_second=0.000000000 heat_cell_beam=0.000000000 beam_cell_heat=0.012357665 chosen_heat=0.012357665 chosen_beam=0.000000000 beam_entropy=0.000000000
DECISION branch_turn=117 cell=7,1 target_cluster=None
RESULT branch_turn=117 cell=7,1 result=MISS remaining_cells=2 target_cluster=None
BRANCH branch_turn=? n=15 remaining_cells=2 beam_states=0 heat_cell=8,1 beam_cell=8,1 chosen_cell=8,1 heat_rank_of_beam=1 beam_rank_of_heat=1 chosen_heat_rank=1 chosen_beam_rank=1 heat_best=0.011675071 heat_second=0.011225078 beam_best=0.000000000 beam_second=0.000000000 heat_cell_beam=0.000000000 beam_cell_heat=0.011675071 chosen_heat=0.011675071 chosen_beam=0.000000000 beam_entropy=0.000000000
DECISION branch_turn=118 cell=8,1 target_cluster=None
RESULT branch_turn=118 cell=8,1 result=MISS remaining_cells=2 target_cluster=None
BRANCH branch_turn=? n=15 remaining_cells=2 beam_states=0 heat_cell=6,12 beam_cell=6,12 chosen_cell=6,12 heat_rank_of_beam=1 beam_rank_of_heat=1 chosen_heat_rank=1 chosen_beam_rank=1 heat_best=0.013132938 heat_second=0.012321546 beam_best=0.000000000 beam_second=0.000000000 heat_cell_beam=0.000000000 beam_cell_heat=0.013132938 chosen_heat=0.013132938 chosen_beam=0.000000000 beam_entropy=0.000000000
DECISION branch_turn=119 cell=6,12 target_cluster=None
RESULT branch_turn=119 cell=6,12 result=MISS remaining_cells=2 target_cluster=None
BRANCH branch_turn=? n=15 remaining_cells=2 beam_states=0 heat_cell=12,8 beam_cell=12,8 chosen_cell=12,8 heat_rank_of_beam=1 beam_rank_of_heat=1 chosen_heat_rank=1 chosen_beam_rank=1 heat_best=0.012917933 heat_second=0.012246891 beam_best=0.000000000 beam_second=0.000000000 heat_cell_beam=0.000000000 beam_cell_heat=0.012917933 chosen_heat=0.012917933 chosen_beam=0.000000000 beam_entropy=0.000000000
DECISION branch_turn=120 cell=12,8 target_cluster=None
RESULT branch_turn=120 cell=12,8 result=MISS remaining_cells=2 target_cluster=None
BRANCH branch_turn=? n=15 remaining_cells=2 beam_states=0 heat_cell=2,9 beam_cell=2,9 chosen_cell=2,9 heat_rank_of_beam=1 beam_rank_of_heat=1 chosen_heat_rank=1 chosen_beam_rank=1 heat_best=0.011677078 heat_second=0.011644741 beam_best=0.000000000 beam_second=0.000000000 heat_cell_beam=0.000000000 beam_cell_heat=0.011677078 chosen_heat=0.011677078 chosen_beam=0.000000000 beam_entropy=0.000000000
DECISION branch_turn=121 cell=2,9 target_cluster=None
RESULT branch_turn=121 cell=2,9 result=MISS remaining_cells=2 target_cluster=None
BRANCH branch_turn=? n=15 remaining_cells=2 beam_states=0 heat_cell=10,3 beam_cell=10,3 chosen_cell=10,3 heat_rank_of_beam=1 beam_rank_of_heat=1 chosen_heat_rank=1 chosen_beam_rank=1 heat_best=0.012032884 heat_second=0.011915367 beam_best=0.000000000 beam_second=0.000000000 heat_cell_beam=0.000000000 beam_cell_heat=0.012032884 chosen_heat=0.012032884 chosen_beam=0.000000000 beam_entropy=0.000000000
DECISION branch_turn=122 cell=10,3 target_cluster=None
RESULT branch_turn=122 cell=10,3 result=MISS remaining_cells=2 target_cluster=None
BRANCH branch_turn=? n=15 remaining_cells=2 beam_states=0 heat_cell=11,4 beam_cell=11,4 chosen_cell=11,4 heat_rank_of_beam=1 beam_rank_of_heat=1 chosen_heat_rank=1 chosen_beam_rank=1 heat_best=0.012129935 heat_second=0.011981089 beam_best=0.000000000 beam_second=0.000000000 heat_cell_beam=0.000000000 beam_cell_heat=0.012129935 chosen_heat=0.012129935 chosen_beam=0.000000000 beam_entropy=0.000000000
DECISION branch_turn=123 cell=11,4 target_cluster=None
RESULT branch_turn=123 cell=11,4 result=MISS remaining_cells=2 target_cluster=None
BRANCH branch_turn=? n=15 remaining_cells=2 beam_states=0 heat_cell=13,6 beam_cell=13,6 chosen_cell=13,6 heat_rank_of_beam=1 beam_rank_of_heat=1 chosen_heat_rank=1 chosen_beam_rank=1 heat_best=0.012072846 heat_second=0.011666769 beam_best=0.000000000 beam_second=0.000000000 heat_cell_beam=0.000000000 beam_cell_heat=0.012072846 chosen_heat=0.012072846 chosen_beam=0.000000000 beam_entropy=0.000000000
DECISION branch_turn=124 cell=13,6 target_cluster=None
RESULT branch_turn=124 cell=13,6 result=MISS remaining_cells=2 target_cluster=None
BRANCH branch_turn=? n=15 remaining_cells=2 beam_states=0 heat_cell=9,2 beam_cell=9,2 chosen_cell=9,2 heat_rank_of_beam=1 beam_rank_of_heat=1 chosen_heat_rank=1 chosen_beam_rank=1 heat_best=0.011680618 heat_second=0.011621079 beam_best=0.000000000 beam_second=0.000000000 heat_cell_beam=0.000000000 beam_cell_heat=0.011680618 chosen_heat=0.011680618 chosen_beam=0.000000000 beam_entropy=0.000000000
DECISION branch_turn=125 cell=9,2 target_cluster=None
RESULT branch_turn=125 cell=9,2 result=MISS remaining_cells=2 target_cluster=None
BRANCH branch_turn=? n=15 remaining_cells=2 beam_states=0 heat_cell=3,10 beam_cell=3,10 chosen_cell=3,10 heat_rank_of_beam=1 beam_rank_of_heat=1 chosen_heat_rank=1 chosen_beam_rank=1 heat_best=0.012100378 heat_second=0.011595522 beam_best=0.000000000 beam_second=0.000000000 heat_cell_beam=0.000000000 beam_cell_heat=0.012100378 chosen_heat=0.012100378 chosen_beam=0.000000000 beam_entropy=0.000000000
DECISION branch_turn=126 cell=3,10 target_cluster=None
RESULT branch_turn=126 cell=3,10 result=MISS remaining_cells=2 target_cluster=None
BRANCH branch_turn=? n=15 remaining_cells=2 beam_states=0 heat_cell=2,8 beam_cell=2,8 chosen_cell=2,8 heat_rank_of_beam=1 beam_rank_of_heat=1 chosen_heat_rank=1 chosen_beam_rank=1 heat_best=0.012879059 heat_second=0.011950089 beam_best=0.000000000 beam_second=0.000000000 heat_cell_beam=0.000000000 beam_cell_heat=0.012879059 chosen_heat=0.012879059 chosen_beam=0.000000000 beam_entropy=0.000000000
DECISION branch_turn=127 cell=2,8 target_cluster=None
RESULT branch_turn=127 cell=2,8 result=MISS remaining_cells=2 target_cluster=None
BRANCH branch_turn=? n=15 remaining_cells=2 beam_states=0 heat_cell=12,10 beam_cell=12,10 chosen_cell=12,10 heat_rank_of_beam=1 beam_rank_of_heat=1 chosen_heat_rank=1 chosen_beam_rank=1 heat_best=0.011241190 heat_second=0.011156958 beam_best=0.000000000 beam_second=0.000000000 heat_cell_beam=0.000000000 beam_cell_heat=0.011241190 chosen_heat=0.011241190 chosen_beam=0.000000000 beam_entropy=0.000000000
DECISION branch_turn=128 cell=12,10 target_cluster=None
RESULT branch_turn=128 cell=12,10 result=MISS remaining_cells=2 target_cluster=None
BRANCH branch_turn=? n=15 remaining_cells=2 beam_states=0 heat_cell=4,3 beam_cell=4,3 chosen_cell=4,3 heat_rank_of_beam=1 beam_rank_of_heat=1 chosen_heat_rank=1 chosen_beam_rank=1 heat_best=0.011897709 heat_second=0.011729173 beam_best=0.000000000 beam_second=0.000000000 heat_cell_beam=0.000000000 beam_cell_heat=0.011897709 chosen_heat=0.011897709 chosen_beam=0.000000000 beam_entropy=0.000000000
DECISION branch_turn=129 cell=4,3 target_cluster=None
RESULT branch_turn=129 cell=4,3 result=MISS remaining_cells=2 target_cluster=None
BRANCH branch_turn=? n=15 remaining_cells=2 beam_states=0 heat_cell=5,2 beam_cell=5,2 chosen_cell=5,2 heat_rank_of_beam=1 beam_rank_of_heat=1 chosen_heat_rank=1 chosen_beam_rank=1 heat_best=0.011712354 heat_second=0.011609488 beam_best=0.000000000 beam_second=0.000000000 heat_cell_beam=0.000000000 beam_cell_heat=0.011712354 chosen_heat=0.011712354 chosen_beam=0.000000000 beam_entropy=0.000000000
DECISION branch_turn=130 cell=5,2 target_cluster=None
RESULT branch_turn=130 cell=5,2 result=MISS remaining_cells=2 target_cluster=None
BRANCH branch_turn=? n=15 remaining_cells=2 beam_states=0 heat_cell=14,7 beam_cell=14,7 chosen_cell=14,7 heat_rank_of_beam=1 beam_rank_of_heat=1 chosen_heat_rank=1 chosen_beam_rank=1 heat_best=0.012158446 heat_second=0.012085935 beam_best=0.000000000 beam_second=0.000000000 heat_cell_beam=0.000000000 beam_cell_heat=0.012158446 chosen_heat=0.012158446 chosen_beam=0.000000000 beam_entropy=0.000000000
DECISION branch_turn=131 cell=14,7 target_cluster=None
RESULT branch_turn=131 cell=14,7 result=MISS remaining_cells=2 target_cluster=None
BRANCH branch_turn=? n=15 remaining_cells=2 beam_states=0 heat_cell=11,11 beam_cell=11,11 chosen_cell=11,11 heat_rank_of_beam=1 beam_rank_of_heat=1 chosen_heat_rank=1 chosen_beam_rank=1 heat_best=0.011008327 heat_second=0.010905845 beam_best=0.000000000 beam_second=0.000000000 heat_cell_beam=0.000000000 beam_cell_heat=0.011008327 chosen_heat=0.011008327 chosen_beam=0.000000000 beam_entropy=0.000000000
DECISION branch_turn=132 cell=11,11 target_cluster=None
RESULT branch_turn=132 cell=11,11 result=MISS remaining_cells=2 target_cluster=None
BRANCH branch_turn=? n=15 remaining_cells=2 beam_states=0 heat_cell=11,10 beam_cell=11,10 chosen_cell=11,10 heat_rank_of_beam=1 beam_rank_of_heat=1 chosen_heat_rank=1 chosen_beam_rank=1 heat_best=0.011245143 heat_second=0.011242822 beam_best=0.000000000 beam_second=0.000000000 heat_cell_beam=0.000000000 beam_cell_heat=0.011245143 chosen_heat=0.011245143 chosen_beam=0.000000000 beam_entropy=0.000000000
DECISION branch_turn=133 cell=11,10 target_cluster=None
RESULT branch_turn=133 cell=11,10 result=MISS remaining_cells=2 target_cluster=None
BRANCH branch_turn=? n=15 remaining_cells=2 beam_states=0 heat_cell=4,2 beam_cell=4,2 chosen_cell=4,2 heat_rank_of_beam=1 beam_rank_of_heat=1 chosen_heat_rank=1 chosen_beam_rank=1 heat_best=0.011051566 heat_second=0.010810501 beam_best=0.000000000 beam_second=0.000000000 heat_cell_beam=0.000000000 beam_cell_heat=0.011051566 chosen_heat=0.011051566 chosen_beam=0.000000000 beam_entropy=0.000000000
DECISION branch_turn=134 cell=4,2 target_cluster=None
RESULT branch_turn=134 cell=4,2 result=MISS remaining_cells=2 target_cluster=None
BRANCH branch_turn=? n=15 remaining_cells=2 beam_states=0 heat_cell=13,9 beam_cell=13,9 chosen_cell=13,9 heat_rank_of_beam=1 beam_rank_of_heat=1 chosen_heat_rank=1 chosen_beam_rank=1 heat_best=0.010902110 heat_second=0.010882720 beam_best=0.000000000 beam_second=0.000000000 heat_cell_beam=0.000000000 beam_cell_heat=0.010902110 chosen_heat=0.010902110 chosen_beam=0.000000000 beam_entropy=0.000000000
DECISION branch_turn=135 cell=13,9 target_cluster=None
RESULT branch_turn=135 cell=13,9 result=MISS remaining_cells=2 target_cluster=None
BRANCH branch_turn=? n=15 remaining_cells=2 beam_states=0 heat_cell=4,11 beam_cell=4,11 chosen_cell=4,11 heat_rank_of_beam=1 beam_rank_of_heat=1 chosen_heat_rank=1 chosen_beam_rank=1 heat_best=0.012189572 heat_second=0.011112814 beam_best=0.000000000 beam_second=0.000000000 heat_cell_beam=0.000000000 beam_cell_heat=0.012189572 chosen_heat=0.012189572 chosen_beam=0.000000000 beam_entropy=0.000000000
DECISION branch_turn=136 cell=4,11 target_cluster=None
RESULT branch_turn=136 cell=4,11 result=MISS remaining_cells=2 target_cluster=None
BRANCH branch_turn=? n=15 remaining_cells=2 beam_states=0 heat_cell=7,14 beam_cell=7,14 chosen_cell=7,14 heat_rank_of_beam=1 beam_rank_of_heat=1 chosen_heat_rank=1 chosen_beam_rank=1 heat_best=0.012100123 heat_second=0.011235068 beam_best=0.000000000 beam_second=0.000000000 heat_cell_beam=0.000000000 beam_cell_heat=0.012100123 chosen_heat=0.012100123 chosen_beam=0.000000000 beam_entropy=0.000000000
DECISION branch_turn=137 cell=7,14 target_cluster=None
RESULT branch_turn=137 cell=7,14 result=MISS remaining_cells=2 target_cluster=None
BRANCH branch_turn=? n=15 remaining_cells=2 beam_states=0 heat_cell=10,2 beam_cell=10,2 chosen_cell=10,2 heat_rank_of_beam=1 beam_rank_of_heat=1 chosen_heat_rank=1 chosen_beam_rank=1 heat_best=0.010370777 heat_second=0.010345889 beam_best=0.000000000 beam_second=0.000000000 heat_cell_beam=0.000000000 beam_cell_heat=0.010370777 chosen_heat=0.010370777 chosen_beam=0.000000000 beam_entropy=0.000000000
DECISION branch_turn=138 cell=10,2 target_cluster=None
RESULT branch_turn=138 cell=10,2 result=MISS remaining_cells=2 target_cluster=None
BRANCH branch_turn=? n=15 remaining_cells=2 beam_states=0 heat_cell=3,4 beam_cell=3,4 chosen_cell=3,4 heat_rank_of_beam=1 beam_rank_of_heat=1 chosen_heat_rank=1 chosen_beam_rank=1 heat_best=0.011767282 heat_second=0.010937581 beam_best=0.000000000 beam_second=0.000000000 heat_cell_beam=0.000000000 beam_cell_heat=0.011767282 chosen_heat=0.011767282 chosen_beam=0.000000000 beam_entropy=0.000000000
DECISION branch_turn=139 cell=3,4 target_cluster=None
RESULT branch_turn=139 cell=3,4 result=MISS remaining_cells=2 target_cluster=None
BRANCH branch_turn=? n=15 remaining_cells=2 beam_states=0 heat_cell=12,5 beam_cell=12,5 chosen_cell=12,5 heat_rank_of_beam=1 beam_rank_of_heat=1 chosen_heat_rank=1 chosen_beam_rank=1 heat_best=0.011264744 heat_second=0.010834350 beam_best=0.000000000 beam_second=0.000000000 heat_cell_beam=0.000000000 beam_cell_heat=0.011264744 chosen_heat=0.011264744 chosen_beam=0.000000000 beam_entropy=0.000000000
DECISION branch_turn=140 cell=12,5 target_cluster=None
RESULT branch_turn=140 cell=12,5 result=MISS remaining_cells=2 target_cluster=None
BRANCH branch_turn=? n=15 remaining_cells=2 beam_states=0 heat_cell=12,4 beam_cell=12,4 chosen_cell=12,4 heat_rank_of_beam=1 beam_rank_of_heat=1 chosen_heat_rank=1 chosen_beam_rank=1 heat_best=0.011239711 heat_second=0.011116307 beam_best=0.000000000 beam_second=0.000000000 heat_cell_beam=0.000000000 beam_cell_heat=0.011239711 chosen_heat=0.011239711 chosen_beam=0.000000000 beam_entropy=0.000000000
DECISION branch_turn=141 cell=12,4 target_cluster=None
RESULT branch_turn=141 cell=12,4 result=MISS remaining_cells=2 target_cluster=None
BRANCH branch_turn=? n=15 remaining_cells=2 beam_states=0 heat_cell=0,7 beam_cell=0,7 chosen_cell=0,7 heat_rank_of_beam=1 beam_rank_of_heat=1 chosen_heat_rank=1 chosen_beam_rank=1 heat_best=0.011453337 heat_second=0.010930103 beam_best=0.000000000 beam_second=0.000000000 heat_cell_beam=0.000000000 beam_cell_heat=0.011453337 chosen_heat=0.011453337 chosen_beam=0.000000000 beam_entropy=0.000000000
DECISION branch_turn=142 cell=0,7 target_cluster=None
RESULT branch_turn=142 cell=0,7 result=MISS remaining_cells=2 target_cluster=None
BRANCH branch_turn=? n=15 remaining_cells=2 beam_states=0 heat_cell=3,3 beam_cell=3,3 chosen_cell=3,3 heat_rank_of_beam=1 beam_rank_of_heat=1 chosen_heat_rank=1 chosen_beam_rank=1 heat_best=0.010901718 heat_second=0.010606418 beam_best=0.000000000 beam_second=0.000000000 heat_cell_beam=0.000000000 beam_cell_heat=0.010901718 chosen_heat=0.010901718 chosen_beam=0.000000000 beam_entropy=0.000000000
DECISION branch_turn=143 cell=3,3 target_cluster=None
RESULT branch_turn=143 cell=3,3 result=MISS remaining_cells=2 target_cluster=None
BRANCH branch_turn=? n=15 remaining_cells=2 beam_states=0 heat_cell=6,0 beam_cell=6,0 chosen_cell=6,0 heat_rank_of_beam=1 beam_rank_of_heat=1 chosen_heat_rank=1 chosen_beam_rank=1 heat_best=0.011080889 heat_second=0.011060812 beam_best=0.000000000 beam_second=0.000000000 heat_cell_beam=0.000000000 beam_cell_heat=0.011080889 chosen_heat=0.011080889 chosen_beam=0.000000000 beam_entropy=0.000000000
DECISION branch_turn=144 cell=6,0 target_cluster=None
RESULT branch_turn=144 cell=6,0 result=MISS remaining_cells=2 target_cluster=None
BRANCH branch_turn=? n=15 remaining_cells=2 beam_states=0 heat_cell=14,6 beam_cell=14,6 chosen_cell=14,6 heat_rank_of_beam=1 beam_rank_of_heat=1 chosen_heat_rank=1 chosen_beam_rank=1 heat_best=0.010693197 heat_second=0.010620299 beam_best=0.000000000 beam_second=0.000000000 heat_cell_beam=0.000000000 beam_cell_heat=0.010693197 chosen_heat=0.010693197 chosen_beam=0.000000000 beam_entropy=0.000000000
DECISION branch_turn=145 cell=14,6 target_cluster=None
RESULT branch_turn=145 cell=14,6 result=MISS remaining_cells=2 target_cluster=None
BRANCH branch_turn=? n=15 remaining_cells=2 beam_states=0 heat_cell=5,1 beam_cell=5,1 chosen_cell=5,1 heat_rank_of_beam=1 beam_rank_of_heat=1 chosen_heat_rank=1 chosen_beam_rank=1 heat_best=0.010890663 heat_second=0.010833787 beam_best=0.000000000 beam_second=0.000000000 heat_cell_beam=0.000000000 beam_cell_heat=0.010890663 chosen_heat=0.010890663 chosen_beam=0.000000000 beam_entropy=0.000000000
DECISION branch_turn=146 cell=5,1 target_cluster=None
RESULT branch_turn=146 cell=5,1 result=MISS remaining_cells=2 target_cluster=None
BRANCH branch_turn=? n=15 remaining_cells=2 beam_states=0 heat_cell=8,0 beam_cell=8,0 chosen_cell=8,0 heat_rank_of_beam=1 beam_rank_of_heat=1 chosen_heat_rank=1 chosen_beam_rank=1 heat_best=0.011294885 heat_second=0.010656490 beam_best=0.000000000 beam_second=0.000000000 heat_cell_beam=0.000000000 beam_cell_heat=0.011294885 chosen_heat=0.011294885 chosen_beam=0.000000000 beam_entropy=0.000000000
DECISION branch_turn=147 cell=8,0 target_cluster=None
RESULT branch_turn=147 cell=8,0 result=MISS remaining_cells=2 target_cluster=None
BRANCH branch_turn=? n=15 remaining_cells=2 beam_states=0 heat_cell=2,10 beam_cell=2,10 chosen_cell=2,10 heat_rank_of_beam=1 beam_rank_of_heat=1 chosen_heat_rank=1 chosen_beam_rank=1 heat_best=0.011216807 heat_second=0.011062425 beam_best=0.000000000 beam_second=0.000000000 heat_cell_beam=0.000000000 beam_cell_heat=0.011216807 chosen_heat=0.011216807 chosen_beam=0.000000000 beam_entropy=0.000000000
DECISION branch_turn=148 cell=2,10 target_cluster=None
RESULT branch_turn=148 cell=2,10 result=MISS remaining_cells=2 target_cluster=None
BRANCH branch_turn=? n=15 remaining_cells=2 beam_states=0 heat_cell=3,11 beam_cell=3,11 chosen_cell=3,11 heat_rank_of_beam=1 beam_rank_of_heat=1 chosen_heat_rank=1 chosen_beam_rank=1 heat_best=0.010702772 heat_second=0.010243310 beam_best=0.000000000 beam_second=0.000000000 heat_cell_beam=0.000000000 beam_cell_heat=0.010702772 chosen_heat=0.010702772 chosen_beam=0.000000000 beam_entropy=0.000000000
DECISION branch_turn=149 cell=3,11 target_cluster=None
RESULT branch_turn=149 cell=3,11 result=MISS remaining_cells=2 target_cluster=None
BRANCH branch_turn=? n=15 remaining_cells=2 beam_states=0 heat_cell=3,2 beam_cell=3,2 chosen_cell=3,2 heat_rank_of_beam=1 beam_rank_of_heat=1 chosen_heat_rank=1 chosen_beam_rank=1 heat_best=0.010108918 heat_second=0.010072761 beam_best=0.000000000 beam_second=0.000000000 heat_cell_beam=0.000000000 beam_cell_heat=0.010108918 chosen_heat=0.010108918 chosen_beam=0.000000000 beam_entropy=0.000000000
DECISION branch_turn=150 cell=3,2 target_cluster=None
RESULT branch_turn=150 cell=3,2 result=MISS remaining_cells=2 target_cluster=None
BRANCH branch_turn=? n=15 remaining_cells=2 beam_states=0 heat_cell=11,3 beam_cell=11,3 chosen_cell=11,3 heat_rank_of_beam=1 beam_rank_of_heat=1 chosen_heat_rank=1 chosen_beam_rank=1 heat_best=0.011054641 heat_second=0.010620378 beam_best=0.000000000 beam_second=0.000000000 heat_cell_beam=0.000000000 beam_cell_heat=0.011054641 chosen_heat=0.011054641 chosen_beam=0.000000000 beam_entropy=0.000000000
DECISION branch_turn=151 cell=11,3 target_cluster=None
RESULT branch_turn=151 cell=11,3 result=MISS remaining_cells=2 target_cluster=None
BRANCH branch_turn=? n=15 remaining_cells=2 beam_states=0 heat_cell=9,0 beam_cell=9,0 chosen_cell=9,0 heat_rank_of_beam=1 beam_rank_of_heat=1 chosen_heat_rank=1 chosen_beam_rank=1 heat_best=0.010162123 heat_second=0.009907275 beam_best=0.000000000 beam_second=0.000000000 heat_cell_beam=0.000000000 beam_cell_heat=0.010162123 chosen_heat=0.010162123 chosen_beam=0.000000000 beam_entropy=0.000000000
DECISION branch_turn=152 cell=9,0 target_cluster=None
RESULT branch_turn=152 cell=9,0 result=MISS remaining_cells=2 target_cluster=None
BRANCH branch_turn=? n=15 remaining_cells=2 beam_states=0 heat_cell=14,8 beam_cell=14,8 chosen_cell=14,8 heat_rank_of_beam=1 beam_rank_of_heat=1 chosen_heat_rank=1 chosen_beam_rank=1 heat_best=0.011286999 heat_second=0.010950416 beam_best=0.000000000 beam_second=0.000000000 heat_cell_beam=0.000000000 beam_cell_heat=0.011286999 chosen_heat=0.011286999 chosen_beam=0.000000000 beam_entropy=0.000000000
DECISION branch_turn=153 cell=14,8 target_cluster=None
RESULT branch_turn=153 cell=14,8 result=MISS remaining_cells=2 target_cluster=None
BRANCH branch_turn=? n=15 remaining_cells=2 beam_states=0 heat_cell=13,5 beam_cell=13,5 chosen_cell=13,5 heat_rank_of_beam=1 beam_rank_of_heat=1 chosen_heat_rank=1 chosen_beam_rank=1 heat_best=0.011070382 heat_second=0.010234480 beam_best=0.000000000 beam_second=0.000000000 heat_cell_beam=0.000000000 beam_cell_heat=0.011070382 chosen_heat=0.011070382 chosen_beam=0.000000000 beam_entropy=0.000000000
DECISION branch_turn=154 cell=13,5 target_cluster=None
RESULT branch_turn=154 cell=13,5 result=MISS remaining_cells=2 target_cluster=None
BRANCH branch_turn=? n=15 remaining_cells=2 beam_states=0 heat_cell=9,1 beam_cell=9,1 chosen_cell=9,1 heat_rank_of_beam=1 beam_rank_of_heat=1 chosen_heat_rank=1 chosen_beam_rank=1 heat_best=0.010937955 heat_second=0.009897051 beam_best=0.000000000 beam_second=0.000000000 heat_cell_beam=0.000000000 beam_cell_heat=0.010937955 chosen_heat=0.010937955 chosen_beam=0.000000000 beam_entropy=0.000000000
DECISION branch_turn=155 cell=9,1 target_cluster=None
RESULT branch_turn=155 cell=9,1 result=MISS remaining_cells=2 target_cluster=None
BRANCH branch_turn=? n=15 remaining_cells=2 beam_states=0 heat_cell=6,14 beam_cell=6,14 chosen_cell=6,14 heat_rank_of_beam=1 beam_rank_of_heat=1 chosen_heat_rank=1 chosen_beam_rank=1 heat_best=0.010639140 heat_second=0.010094940 beam_best=0.000000000 beam_second=0.000000000 heat_cell_beam=0.000000000 beam_cell_heat=0.010639140 chosen_heat=0.010639140 chosen_beam=0.000000000 beam_entropy=0.000000000
DECISION branch_turn=156 cell=6,14 target_cluster=None
RESULT branch_turn=156 cell=6,14 result=MISS remaining_cells=2 target_cluster=None
BRANCH branch_turn=? n=15 remaining_cells=2 beam_states=0 heat_cell=0,8 beam_cell=0,8 chosen_cell=0,8 heat_rank_of_beam=1 beam_rank_of_heat=1 chosen_heat_rank=1 chosen_beam_rank=1 heat_best=0.011249175 heat_second=0.010524947 beam_best=0.000000000 beam_second=0.000000000 heat_cell_beam=0.000000000 beam_cell_heat=0.011249175 chosen_heat=0.011249175 chosen_beam=0.000000000 beam_entropy=0.000000000
DECISION branch_turn=157 cell=0,8 target_cluster=None
RESULT branch_turn=157 cell=0,8 result=MISS remaining_cells=2 target_cluster=None
BRANCH branch_turn=? n=15 remaining_cells=2 beam_states=0 heat_cell=10,1 beam_cell=10,1 chosen_cell=10,1 heat_rank_of_beam=1 beam_rank_of_heat=1 chosen_heat_rank=1 chosen_beam_rank=1 heat_best=0.009651661 heat_second=0.009602229 beam_best=0.000000000 beam_second=0.000000000 heat_cell_beam=0.000000000 beam_cell_heat=0.009651661 chosen_heat=0.009651661 chosen_beam=0.000000000 beam_entropy=0.000000000
DECISION branch_turn=158 cell=10,1 target_cluster=None
RESULT branch_turn=158 cell=10,1 result=MISS remaining_cells=2 target_cluster=None
BRANCH branch_turn=? n=15 remaining_cells=2 beam_states=0 heat_cell=1,4 beam_cell=1,4 chosen_cell=1,4 heat_rank_of_beam=1 beam_rank_of_heat=1 chosen_heat_rank=1 chosen_beam_rank=1 heat_best=0.010049734 heat_second=0.009480986 beam_best=0.000000000 beam_second=0.000000000 heat_cell_beam=0.000000000 beam_cell_heat=0.010049734 chosen_heat=0.010049734 chosen_beam=0.000000000 beam_entropy=0.000000000
DECISION branch_turn=159 cell=1,4 target_cluster=None
RESULT branch_turn=159 cell=1,4 result=MISS remaining_cells=2 target_cluster=None
BRANCH branch_turn=? n=15 remaining_cells=2 beam_states=0 heat_cell=12,11 beam_cell=12,11 chosen_cell=12,11 heat_rank_of_beam=1 beam_rank_of_heat=1 chosen_heat_rank=1 chosen_beam_rank=1 heat_best=0.009944857 heat_second=0.009743462 beam_best=0.000000000 beam_second=0.000000000 heat_cell_beam=0.000000000 beam_cell_heat=0.009944857 chosen_heat=0.009944857 chosen_beam=0.000000000 beam_entropy=0.000000000
DECISION branch_turn=160 cell=12,11 target_cluster=None
RESULT branch_turn=160 cell=12,11 result=MISS remaining_cells=2 target_cluster=None
BRANCH branch_turn=? n=15 remaining_cells=2 beam_states=0 heat_cell=4,12 beam_cell=4,12 chosen_cell=4,12 heat_rank_of_beam=1 beam_rank_of_heat=1 chosen_heat_rank=1 chosen_beam_rank=1 heat_best=0.011203931 heat_second=0.010099163 beam_best=0.000000000 beam_second=0.000000000 heat_cell_beam=0.000000000 beam_cell_heat=0.011203931 chosen_heat=0.011203931 chosen_beam=0.000000000 beam_entropy=0.000000000
DECISION branch_turn=161 cell=4,12 target_cluster=None
RESULT branch_turn=161 cell=4,12 result=MISS remaining_cells=2 target_cluster=None
BRANCH branch_turn=? n=15 remaining_cells=2 beam_states=0 heat_cell=14,5 beam_cell=14,5 chosen_cell=14,5 heat_rank_of_beam=1 beam_rank_of_heat=1 chosen_heat_rank=1 chosen_beam_rank=1 heat_best=0.010127343 heat_second=0.009989982 beam_best=0.000000000 beam_second=0.000000000 heat_cell_beam=0.000000000 beam_cell_heat=0.010127343 chosen_heat=0.010127343 chosen_beam=0.000000000 beam_entropy=0.000000000
DECISION branch_turn=162 cell=14,5 target_cluster=None
RESULT branch_turn=162 cell=14,5 result=MISS remaining_cells=2 target_cluster=None
BRANCH branch_turn=? n=15 remaining_cells=2 beam_states=0 heat_cell=13,4 beam_cell=13,4 chosen_cell=13,4 heat_rank_of_beam=1 beam_rank_of_heat=1 chosen_heat_rank=1 chosen_beam_rank=1 heat_best=0.010085209 heat_second=0.009764085 beam_best=0.000000000 beam_second=0.000000000 heat_cell_beam=0.000000000 beam_cell_heat=0.010085209 chosen_heat=0.010085209 chosen_beam=0.000000000 beam_entropy=0.000000000
DECISION branch_turn=163 cell=13,4 target_cluster=None
RESULT branch_turn=163 cell=13,4 result=MISS remaining_cells=2 target_cluster=None
BRANCH branch_turn=? n=15 remaining_cells=2 beam_states=0 heat_cell=0,9 beam_cell=0,9 chosen_cell=0,9 heat_rank_of_beam=1 beam_rank_of_heat=1 chosen_heat_rank=1 chosen_beam_rank=1 heat_best=0.010253277 heat_second=0.009455481 beam_best=0.000000000 beam_second=0.000000000 heat_cell_beam=0.000000000 beam_cell_heat=0.010253277 chosen_heat=0.010253277 chosen_beam=0.000000000 beam_entropy=0.000000000
DECISION branch_turn=164 cell=0,9 target_cluster=None
RESULT branch_turn=164 cell=0,9 result=MISS remaining_cells=2 target_cluster=None
BRANCH branch_turn=? n=15 remaining_cells=2 beam_states=0 heat_cell=3,12 beam_cell=3,12 chosen_cell=3,12 heat_rank_of_beam=1 beam_rank_of_heat=1 chosen_heat_rank=1 chosen_beam_rank=1 heat_best=0.009417401 heat_second=0.009254282 beam_best=0.000000000 beam_second=0.000000000 heat_cell_beam=0.000000000 beam_cell_heat=0.009417401 chosen_heat=0.009417401 chosen_beam=0.000000000 beam_entropy=0.000000000
DECISION branch_turn=165 cell=3,12 target_cluster=None
RESULT branch_turn=165 cell=3,12 result=MISS remaining_cells=2 target_cluster=None
BRANCH branch_turn=? n=15 remaining_cells=2 beam_states=0 heat_cell=0,5 beam_cell=0,5 chosen_cell=0,5 heat_rank_of_beam=1 beam_rank_of_heat=1 chosen_heat_rank=1 chosen_beam_rank=1 heat_best=0.009706139 heat_second=0.009267024 beam_best=0.000000000 beam_second=0.000000000 heat_cell_beam=0.000000000 beam_cell_heat=0.009706139 chosen_heat=0.009706139 chosen_beam=0.000000000 beam_entropy=0.000000000
DECISION branch_turn=166 cell=0,5 target_cluster=None
RESULT branch_turn=166 cell=0,5 result=MISS remaining_cells=2 target_cluster=None
BRANCH branch_turn=? n=15 remaining_cells=2 beam_states=0 heat_cell=2,11 beam_cell=2,11 chosen_cell=2,11 heat_rank_of_beam=1 beam_rank_of_heat=1 chosen_heat_rank=1 chosen_beam_rank=1 heat_best=0.009716273 heat_second=0.009563184 beam_best=0.000000000 beam_second=0.000000000 heat_cell_beam=0.000000000 beam_cell_heat=0.009716273 chosen_heat=0.009716273 chosen_beam=0.000000000 beam_entropy=0.000000000
DECISION branch_turn=167 cell=2,11 target_cluster=None
RESULT branch_turn=167 cell=2,11 result=MISS remaining_cells=2 target_cluster=None
BRANCH branch_turn=? n=15 remaining_cells=2 beam_states=0 heat_cell=12,3 beam_cell=12,3 chosen_cell=12,3 heat_rank_of_beam=1 beam_rank_of_heat=1 chosen_heat_rank=1 chosen_beam_rank=1 heat_best=0.009393858 heat_second=0.009097940 beam_best=0.000000000 beam_second=0.000000000 heat_cell_beam=0.000000000 beam_cell_heat=0.009393858 chosen_heat=0.009393858 chosen_beam=0.000000000 beam_entropy=0.000000000
DECISION branch_turn=168 cell=12,3 target_cluster=None
RESULT branch_turn=168 cell=12,3 result=MISS remaining_cells=2 target_cluster=None
BRANCH branch_turn=? n=15 remaining_cells=2 beam_states=0 heat_cell=13,10 beam_cell=13,10 chosen_cell=13,10 heat_rank_of_beam=1 beam_rank_of_heat=1 chosen_heat_rank=1 chosen_beam_rank=1 heat_best=0.009661522 heat_second=0.009108780 beam_best=0.000000000 beam_second=0.000000000 heat_cell_beam=0.000000000 beam_cell_heat=0.009661522 chosen_heat=0.009661522 chosen_beam=0.000000000 beam_entropy=0.000000000
DECISION branch_turn=169 cell=13,10 target_cluster=None
RESULT branch_turn=169 cell=13,10 result=MISS remaining_cells=2 target_cluster=None
BRANCH branch_turn=? n=15 remaining_cells=2 beam_states=0 heat_cell=5,14 beam_cell=5,14 chosen_cell=5,14 heat_rank_of_beam=1 beam_rank_of_heat=1 chosen_heat_rank=1 chosen_beam_rank=1 heat_best=0.010053384 heat_second=0.009691868 beam_best=0.000000000 beam_second=0.000000000 heat_cell_beam=0.000000000 beam_cell_heat=0.010053384 chosen_heat=0.010053384 chosen_beam=0.000000000 beam_entropy=0.000000000
DECISION branch_turn=170 cell=5,14 target_cluster=None
RESULT branch_turn=170 cell=5,14 result=MISS remaining_cells=2 target_cluster=None
BRANCH branch_turn=? n=15 remaining_cells=2 beam_states=0 heat_cell=11,1 beam_cell=11,1 chosen_cell=11,1 heat_rank_of_beam=1 beam_rank_of_heat=1 chosen_heat_rank=1 chosen_beam_rank=1 heat_best=0.009261546 heat_second=0.009172679 beam_best=0.000000000 beam_second=0.000000000 heat_cell_beam=0.000000000 beam_cell_heat=0.009261546 chosen_heat=0.009261546 chosen_beam=0.000000000 beam_entropy=0.000000000
DECISION branch_turn=171 cell=11,1 target_cluster=None
RESULT branch_turn=171 cell=11,1 result=MISS remaining_cells=2 target_cluster=None
BRANCH branch_turn=? n=15 remaining_cells=2 beam_states=0 heat_cell=5,0 beam_cell=5,0 chosen_cell=5,0 heat_rank_of_beam=1 beam_rank_of_heat=1 chosen_heat_rank=1 chosen_beam_rank=1 heat_best=0.010268010 heat_second=0.009263320 beam_best=0.000000000 beam_second=0.000000000 heat_cell_beam=0.000000000 beam_cell_heat=0.010268010 chosen_heat=0.010268010 chosen_beam=0.000000000 beam_entropy=0.000000000
DECISION branch_turn=172 cell=5,0 target_cluster=None
RESULT branch_turn=172 cell=5,0 result=MISS remaining_cells=2 target_cluster=None
BRANCH branch_turn=? n=15 remaining_cells=2 beam_states=0 heat_cell=14,4 beam_cell=14,4 chosen_cell=14,4 heat_rank_of_beam=1 beam_rank_of_heat=1 chosen_heat_rank=1 chosen_beam_rank=1 heat_best=0.009162997 heat_second=0.009058881 beam_best=0.000000000 beam_second=0.000000000 heat_cell_beam=0.000000000 beam_cell_heat=0.009162997 chosen_heat=0.009162997 chosen_beam=0.000000000 beam_entropy=0.000000000
DECISION branch_turn=173 cell=14,4 target_cluster=None
RESULT branch_turn=173 cell=14,4 result=MISS remaining_cells=2 target_cluster=None
BRANCH branch_turn=? n=15 remaining_cells=2 beam_states=0 heat_cell=3,1 beam_cell=3,1 chosen_cell=3,1 heat_rank_of_beam=1 beam_rank_of_heat=1 chosen_heat_rank=1 chosen_beam_rank=1 heat_best=0.009144044 heat_second=0.008789683 beam_best=0.000000000 beam_second=0.000000000 heat_cell_beam=0.000000000 beam_cell_heat=0.009144044 chosen_heat=0.009144044 chosen_beam=0.000000000 beam_entropy=0.000000000
DECISION branch_turn=174 cell=3,1 target_cluster=None
RESULT branch_turn=174 cell=3,1 result=MISS remaining_cells=2 target_cluster=None
BRANCH branch_turn=? n=15 remaining_cells=2 beam_states=0 heat_cell=11,12 beam_cell=11,12 chosen_cell=11,12 heat_rank_of_beam=1 beam_rank_of_heat=1 chosen_heat_rank=1 chosen_beam_rank=1 heat_best=0.010145535 heat_second=0.008536428 beam_best=0.000000000 beam_second=0.000000000 heat_cell_beam=0.000000000 beam_cell_heat=0.010145535 chosen_heat=0.010145535 chosen_beam=0.000000000 beam_entropy=0.000000000
DECISION branch_turn=175 cell=11,12 target_cluster=None
RESULT branch_turn=175 cell=11,12 result=MISS remaining_cells=2 target_cluster=None
BRANCH branch_turn=? n=15 remaining_cells=2 beam_states=0 heat_cell=0,11 beam_cell=0,11 chosen_cell=0,11 heat_rank_of_beam=1 beam_rank_of_heat=1 chosen_heat_rank=1 chosen_beam_rank=1 heat_best=0.008257810 heat_second=0.008237255 beam_best=0.000000000 beam_second=0.000000000 heat_cell_beam=0.000000000 beam_cell_heat=0.008257810 chosen_heat=0.008257810 chosen_beam=0.000000000 beam_entropy=0.000000000
DECISION branch_turn=176 cell=0,11 target_cluster=None
RESULT branch_turn=176 cell=0,11 result=MISS remaining_cells=2 target_cluster=None
BRANCH branch_turn=? n=15 remaining_cells=2 beam_states=0 heat_cell=11,2 beam_cell=11,2 chosen_cell=11,2 heat_rank_of_beam=1 beam_rank_of_heat=1 chosen_heat_rank=1 chosen_beam_rank=1 heat_best=0.009939537 heat_second=0.008906850 beam_best=0.000000000 beam_second=0.000000000 heat_cell_beam=0.000000000 beam_cell_heat=0.009939537 chosen_heat=0.009939537 chosen_beam=0.000000000 beam_entropy=0.000000000
DECISION branch_turn=177 cell=11,2 target_cluster=None
RESULT branch_turn=177 cell=11,2 result=MISS remaining_cells=2 target_cluster=None
BRANCH branch_turn=? n=15 remaining_cells=2 beam_states=0 heat_cell=4,1 beam_cell=4,1 chosen_cell=4,1 heat_rank_of_beam=1 beam_rank_of_heat=1 chosen_heat_rank=1 chosen_beam_rank=1 heat_best=0.009313157 heat_second=0.009078348 beam_best=0.000000000 beam_second=0.000000000 heat_cell_beam=0.000000000 beam_cell_heat=0.009313157 chosen_heat=0.009313157 chosen_beam=0.000000000 beam_entropy=0.000000000
DECISION branch_turn=178 cell=4,1 target_cluster=None
RESULT branch_turn=178 cell=4,1 result=MISS remaining_cells=2 target_cluster=None
BRANCH branch_turn=? n=15 remaining_cells=2 beam_states=0 heat_cell=4,0 beam_cell=4,0 chosen_cell=4,0 heat_rank_of_beam=1 beam_rank_of_heat=1 chosen_heat_rank=1 chosen_beam_rank=1 heat_best=0.008708054 heat_second=0.008424585 beam_best=0.000000000 beam_second=0.000000000 heat_cell_beam=0.000000000 beam_cell_heat=0.008708054 chosen_heat=0.008708054 chosen_beam=0.000000000 beam_entropy=0.000000000
DECISION branch_turn=179 cell=4,0 target_cluster=None
RESULT branch_turn=179 cell=4,0 result=MISS remaining_cells=2 target_cluster=None
BRANCH branch_turn=? n=15 remaining_cells=2 beam_states=0 heat_cell=14,10 beam_cell=14,10 chosen_cell=14,10 heat_rank_of_beam=1 beam_rank_of_heat=1 chosen_heat_rank=1 chosen_beam_rank=1 heat_best=0.009009562 heat_second=0.008143394 beam_best=0.000000000 beam_second=0.000000000 heat_cell_beam=0.000000000 beam_cell_heat=0.009009562 chosen_heat=0.009009562 chosen_beam=0.000000000 beam_entropy=0.000000000
DECISION branch_turn=180 cell=14,10 target_cluster=None
RESULT branch_turn=180 cell=14,10 result=MISS remaining_cells=2 target_cluster=None
BRANCH branch_turn=? n=15 remaining_cells=2 beam_states=0 heat_cell=10,0 beam_cell=10,0 chosen_cell=10,0 heat_rank_of_beam=1 beam_rank_of_heat=1 chosen_heat_rank=1 chosen_beam_rank=1 heat_best=0.009095582 heat_second=0.008391975 beam_best=0.000000000 beam_second=0.000000000 heat_cell_beam=0.000000000 beam_cell_heat=0.009095582 chosen_heat=0.009095582 chosen_beam=0.000000000 beam_entropy=0.000000000
DECISION branch_turn=181 cell=10,0 target_cluster=None
RESULT branch_turn=181 cell=10,0 result=MISS remaining_cells=2 target_cluster=None
BRANCH branch_turn=? n=15 remaining_cells=2 beam_states=0 heat_cell=12,2 beam_cell=12,2 chosen_cell=12,2 heat_rank_of_beam=1 beam_rank_of_heat=1 chosen_heat_rank=1 chosen_beam_rank=1 heat_best=0.009180402 heat_second=0.009169254 beam_best=0.000000000 beam_second=0.000000000 heat_cell_beam=0.000000000 beam_cell_heat=0.009180402 chosen_heat=0.009180402 chosen_beam=0.000000000 beam_entropy=0.000000000
DECISION branch_turn=182 cell=12,2 target_cluster=None
RESULT branch_turn=182 cell=12,2 result=MISS remaining_cells=2 target_cluster=None
BRANCH branch_turn=? n=15 remaining_cells=2 beam_states=0 heat_cell=11,13 beam_cell=11,13 chosen_cell=11,13 heat_rank_of_beam=1 beam_rank_of_heat=1 chosen_heat_rank=1 chosen_beam_rank=1 heat_best=0.008917737 heat_second=0.008328318 beam_best=0.000000000 beam_second=0.000000000 heat_cell_beam=0.000000000 beam_cell_heat=0.008917737 chosen_heat=0.008917737 chosen_beam=0.000000000 beam_entropy=0.000000000
DECISION branch_turn=183 cell=11,13 target_cluster=None
RESULT branch_turn=183 cell=11,13 result=MISS remaining_cells=2 target_cluster=None
BRANCH branch_turn=? n=15 remaining_cells=2 beam_states=0 heat_cell=14,11 beam_cell=14,11 chosen_cell=14,11 heat_rank_of_beam=1 beam_rank_of_heat=1 chosen_heat_rank=1 chosen_beam_rank=1 heat_best=0.008146720 heat_second=0.008104119 beam_best=0.000000000 beam_second=0.000000000 heat_cell_beam=0.000000000 beam_cell_heat=0.008146720 chosen_heat=0.008146720 chosen_beam=0.000000000 beam_entropy=0.000000000
DECISION branch_turn=184 cell=14,11 target_cluster=None
RESULT branch_turn=184 cell=14,11 result=MISS remaining_cells=2 target_cluster=None
BRANCH branch_turn=? n=15 remaining_cells=2 beam_states=0 heat_cell=4,14 beam_cell=4,14 chosen_cell=4,14 heat_rank_of_beam=1 beam_rank_of_heat=1 chosen_heat_rank=1 chosen_beam_rank=1 heat_best=0.009264667 heat_second=0.008330991 beam_best=0.000000000 beam_second=0.000000000 heat_cell_beam=0.000000000 beam_cell_heat=0.009264667 chosen_heat=0.009264667 chosen_beam=0.000000000 beam_entropy=0.000000000
DECISION branch_turn=185 cell=4,14 target_cluster=None
RESULT branch_turn=185 cell=4,14 result=MISS remaining_cells=2 target_cluster=None
BRANCH branch_turn=? n=15 remaining_cells=2 beam_states=0 heat_cell=13,3 beam_cell=13,3 chosen_cell=13,3 heat_rank_of_beam=1 beam_rank_of_heat=1 chosen_heat_rank=1 chosen_beam_rank=1 heat_best=0.008520408 heat_second=0.008497447 beam_best=0.000000000 beam_second=0.000000000 heat_cell_beam=0.000000000 beam_cell_heat=0.008520408 chosen_heat=0.008520408 chosen_beam=0.000000000 beam_entropy=0.000000000
DECISION branch_turn=186 cell=13,3 target_cluster=None
RESULT branch_turn=186 cell=13,3 result=MISS remaining_cells=2 target_cluster=None
BRANCH branch_turn=? n=15 remaining_cells=2 beam_states=0 heat_cell=12,12 beam_cell=12,12 chosen_cell=12,12 heat_rank_of_beam=1 beam_rank_of_heat=1 chosen_heat_rank=1 chosen_beam_rank=1 heat_best=0.009099348 heat_second=0.008913825 beam_best=0.000000000 beam_second=0.000000000 heat_cell_beam=0.000000000 beam_cell_heat=0.009099348 chosen_heat=0.009099348 chosen_beam=0.000000000 beam_entropy=0.000000000
DECISION branch_turn=187 cell=12,12 target_cluster=None
RESULT branch_turn=187 cell=12,12 result=MISS remaining_cells=2 target_cluster=None
BRANCH branch_turn=? n=15 remaining_cells=2 beam_states=0 heat_cell=1,3 beam_cell=1,3 chosen_cell=1,3 heat_rank_of_beam=1 beam_rank_of_heat=1 chosen_heat_rank=1 chosen_beam_rank=1 heat_best=0.008246551 heat_second=0.007931023 beam_best=0.000000000 beam_second=0.000000000 heat_cell_beam=0.000000000 beam_cell_heat=0.008246551 chosen_heat=0.008246551 chosen_beam=0.000000000 beam_entropy=0.000000000
DECISION branch_turn=188 cell=1,3 target_cluster=None
RESULT branch_turn=188 cell=1,3 result=MISS remaining_cells=2 target_cluster=None
BRANCH branch_turn=? n=15 remaining_cells=2 beam_states=0 heat_cell=13,13 beam_cell=13,13 chosen_cell=13,13 heat_rank_of_beam=1 beam_rank_of_heat=1 chosen_heat_rank=1 chosen_beam_rank=1 heat_best=0.007193964 heat_second=0.007134070 beam_best=0.000000000 beam_second=0.000000000 heat_cell_beam=0.000000000 beam_cell_heat=0.007193964 chosen_heat=0.007193964 chosen_beam=0.000000000 beam_entropy=0.000000000
DECISION branch_turn=189 cell=13,13 target_cluster=None
RESULT branch_turn=189 cell=13,13 result=MISS remaining_cells=2 target_cluster=None
BRANCH branch_turn=? n=15 remaining_cells=2 beam_states=0 heat_cell=2,12 beam_cell=2,12 chosen_cell=2,12 heat_rank_of_beam=1 beam_rank_of_heat=1 chosen_heat_rank=1 chosen_beam_rank=1 heat_best=0.008867316 heat_second=0.008070771 beam_best=0.000000000 beam_second=0.000000000 heat_cell_beam=0.000000000 beam_cell_heat=0.008867316 chosen_heat=0.008867316 chosen_beam=0.000000000 beam_entropy=0.000000000
DECISION branch_turn=190 cell=2,12 target_cluster=None
RESULT branch_turn=190 cell=2,12 result=MISS remaining_cells=2 target_cluster=None
BRANCH branch_turn=? n=15 remaining_cells=2 beam_states=0 heat_cell=0,3 beam_cell=0,3 chosen_cell=0,3 heat_rank_of_beam=1 beam_rank_of_heat=1 chosen_heat_rank=1 chosen_beam_rank=1 heat_best=0.008193585 heat_second=0.007412695 beam_best=0.000000000 beam_second=0.000000000 heat_cell_beam=0.000000000 beam_cell_heat=0.008193585 chosen_heat=0.008193585 chosen_beam=0.000000000 beam_entropy=0.000000000
DECISION branch_turn=191 cell=0,3 target_cluster=None
RESULT branch_turn=191 cell=0,3 result=MISS remaining_cells=2 target_cluster=None
BRANCH branch_turn=? n=15 remaining_cells=2 beam_states=0 heat_cell=0,10 beam_cell=0,10 chosen_cell=0,10 heat_rank_of_beam=1 beam_rank_of_heat=1 chosen_heat_rank=1 chosen_beam_rank=1 heat_best=0.008118480 heat_second=0.007682024 beam_best=0.000000000 beam_second=0.000000000 heat_cell_beam=0.000000000 beam_cell_heat=0.008118480 chosen_heat=0.008118480 chosen_beam=0.000000000 beam_entropy=0.000000000
DECISION branch_turn=192 cell=0,10 target_cluster=None
RESULT branch_turn=192 cell=0,10 result=MISS remaining_cells=2 target_cluster=None
BRANCH branch_turn=? n=15 remaining_cells=2 beam_states=0 heat_cell=0,4 beam_cell=0,4 chosen_cell=0,4 heat_rank_of_beam=1 beam_rank_of_heat=1 chosen_heat_rank=1 chosen_beam_rank=1 heat_best=0.008310033 heat_second=0.008168153 beam_best=0.000000000 beam_second=0.000000000 heat_cell_beam=0.000000000 beam_cell_heat=0.008310033 chosen_heat=0.008310033 chosen_beam=0.000000000 beam_entropy=0.000000000
DECISION branch_turn=193 cell=0,4 target_cluster=None
RESULT branch_turn=193 cell=0,4 result=MISS remaining_cells=2 target_cluster=None
BRANCH branch_turn=? n=15 remaining_cells=2 beam_states=0 heat_cell=2,1 beam_cell=2,1 chosen_cell=2,1 heat_rank_of_beam=1 beam_rank_of_heat=1 chosen_heat_rank=1 chosen_beam_rank=1 heat_best=0.008123552 heat_second=0.007950945 beam_best=0.000000000 beam_second=0.000000000 heat_cell_beam=0.000000000 beam_cell_heat=0.008123552 chosen_heat=0.008123552 chosen_beam=0.000000000 beam_entropy=0.000000000
DECISION branch_turn=194 cell=2,1 target_cluster=None
RESULT branch_turn=194 cell=2,1 result=MISS remaining_cells=2 target_cluster=None
BRANCH branch_turn=? n=15 remaining_cells=2 beam_states=0 heat_cell=14,3 beam_cell=14,3 chosen_cell=14,3 heat_rank_of_beam=1 beam_rank_of_heat=1 chosen_heat_rank=1 chosen_beam_rank=1 heat_best=0.008193328 heat_second=0.007807895 beam_best=0.000000000 beam_second=0.000000000 heat_cell_beam=0.000000000 beam_cell_heat=0.008193328 chosen_heat=0.008193328 chosen_beam=0.000000000 beam_entropy=0.000000000
DECISION branch_turn=195 cell=14,3 target_cluster=None
RESULT branch_turn=195 cell=14,3 result=MISS remaining_cells=2 target_cluster=None
BRANCH branch_turn=? n=15 remaining_cells=2 beam_states=0 heat_cell=3,0 beam_cell=3,0 chosen_cell=3,0 heat_rank_of_beam=1 beam_rank_of_heat=1 chosen_heat_rank=1 chosen_beam_rank=1 heat_best=0.007472024 heat_second=0.007431962 beam_best=0.000000000 beam_second=0.000000000 heat_cell_beam=0.000000000 beam_cell_heat=0.007472024 chosen_heat=0.007472024 chosen_beam=0.000000000 beam_entropy=0.000000000
DECISION branch_turn=196 cell=3,0 target_cluster=None
RESULT branch_turn=196 cell=3,0 result=MISS remaining_cells=2 target_cluster=None
BRANCH branch_turn=? n=15 remaining_cells=2 beam_states=0 heat_cell=0,2 beam_cell=0,2 chosen_cell=0,2 heat_rank_of_beam=1 beam_rank_of_heat=1 chosen_heat_rank=1 chosen_beam_rank=1 heat_best=0.007007833 heat_second=0.006913858 beam_best=0.000000000 beam_second=0.000000000 heat_cell_beam=0.000000000 beam_cell_heat=0.007007833 chosen_heat=0.007007833 chosen_beam=0.000000000 beam_entropy=0.000000000
DECISION branch_turn=197 cell=0,2 target_cluster=None
RESULT branch_turn=197 cell=0,2 result=MISS remaining_cells=2 target_cluster=None
BRANCH branch_turn=? n=15 remaining_cells=2 beam_states=0 heat_cell=12,1 beam_cell=12,1 chosen_cell=12,1 heat_rank_of_beam=1 beam_rank_of_heat=1 chosen_heat_rank=1 chosen_beam_rank=1 heat_best=0.008223106 heat_second=0.007282833 beam_best=0.000000000 beam_second=0.000000000 heat_cell_beam=0.000000000 beam_cell_heat=0.008223106 chosen_heat=0.008223106 chosen_beam=0.000000000 beam_entropy=0.000000000
DECISION branch_turn=198 cell=12,1 target_cluster=None
RESULT branch_turn=198 cell=12,1 result=MISS remaining_cells=2 target_cluster=None
BRANCH branch_turn=? n=15 remaining_cells=2 beam_states=0 heat_cell=11,0 beam_cell=11,0 chosen_cell=11,0 heat_rank_of_beam=1 beam_rank_of_heat=1 chosen_heat_rank=1 chosen_beam_rank=1 heat_best=0.006841282 heat_second=0.006827825 beam_best=0.000000000 beam_second=0.000000000 heat_cell_beam=0.000000000 beam_cell_heat=0.006841282 chosen_heat=0.006841282 chosen_beam=0.000000000 beam_entropy=0.000000000
DECISION branch_turn=199 cell=11,0 target_cluster=None
RESULT branch_turn=199 cell=11,0 result=MISS remaining_cells=2 target_cluster=None
BRANCH branch_turn=? n=15 remaining_cells=2 beam_states=0 heat_cell=13,2 beam_cell=13,2 chosen_cell=13,2 heat_rank_of_beam=1 beam_rank_of_heat=1 chosen_heat_rank=1 chosen_beam_rank=1 heat_best=0.007377694 heat_second=0.006725825 beam_best=0.000000000 beam_second=0.000000000 heat_cell_beam=0.000000000 beam_cell_heat=0.007377694 chosen_heat=0.007377694 chosen_beam=0.000000000 beam_entropy=0.000000000
DECISION branch_turn=200 cell=13,2 target_cluster=None
RESULT branch_turn=200 cell=13,2 result=MISS remaining_cells=2 target_cluster=None
BRANCH branch_turn=? n=15 remaining_cells=2 beam_states=0 heat_cell=2,0 beam_cell=2,0 chosen_cell=2,0 heat_rank_of_beam=1 beam_rank_of_heat=1 chosen_heat_rank=1 chosen_beam_rank=1 heat_best=0.006879764 heat_second=0.006078621 beam_best=0.000000000 beam_second=0.000000000 heat_cell_beam=0.000000000 beam_cell_heat=0.006879764 chosen_heat=0.006879764 chosen_beam=0.000000000 beam_entropy=0.000000000
DECISION branch_turn=201 cell=2,0 target_cluster=None
RESULT branch_turn=201 cell=2,0 result=MISS remaining_cells=2 target_cluster=None
BRANCH branch_turn=? n=15 remaining_cells=2 beam_states=0 heat_cell=1,2 beam_cell=1,2 chosen_cell=1,2 heat_rank_of_beam=1 beam_rank_of_heat=1 chosen_heat_rank=1 chosen_beam_rank=1 heat_best=0.008110467 heat_second=0.007135215 beam_best=0.000000000 beam_second=0.000000000 heat_cell_beam=0.000000000 beam_cell_heat=0.008110467 chosen_heat=0.008110467 chosen_beam=0.000000000 beam_entropy=0.000000000
DECISION branch_turn=202 cell=1,2 target_cluster=None
RESULT branch_turn=202 cell=1,2 result=MISS remaining_cells=2 target_cluster=None
BRANCH branch_turn=? n=15 remaining_cells=2 beam_states=0 heat_cell=0,12 beam_cell=0,12 chosen_cell=0,12 heat_rank_of_beam=1 beam_rank_of_heat=1 chosen_heat_rank=1 chosen_beam_rank=1 heat_best=0.007065040 heat_second=0.007062382 beam_best=0.000000000 beam_second=0.000000000 heat_cell_beam=0.000000000 beam_cell_heat=0.007065040 chosen_heat=0.007065040 chosen_beam=0.000000000 beam_entropy=0.000000000
DECISION branch_turn=203 cell=0,12 target_cluster=None
RESULT branch_turn=203 cell=0,12 result=MISS remaining_cells=2 target_cluster=None
BRANCH branch_turn=? n=15 remaining_cells=2 beam_states=0 heat_cell=13,12 beam_cell=13,12 chosen_cell=13,12 heat_rank_of_beam=1 beam_rank_of_heat=1 chosen_heat_rank=1 chosen_beam_rank=1 heat_best=0.007751889 heat_second=0.006111423 beam_best=0.000000000 beam_second=0.000000000 heat_cell_beam=0.000000000 beam_cell_heat=0.007751889 chosen_heat=0.007751889 chosen_beam=0.000000000 beam_entropy=0.000000000
DECISION branch_turn=204 cell=13,12 target_cluster=None
RESULT branch_turn=204 cell=13,12 result=MISS remaining_cells=2 target_cluster=None
BRANCH branch_turn=? n=15 remaining_cells=2 beam_states=0 heat_cell=3,14 beam_cell=3,14 chosen_cell=3,14 heat_rank_of_beam=1 beam_rank_of_heat=1 chosen_heat_rank=1 chosen_beam_rank=1 heat_best=0.008000722 heat_second=0.007066068 beam_best=0.000000000 beam_second=0.000000000 heat_cell_beam=0.000000000 beam_cell_heat=0.008000722 chosen_heat=0.008000722 chosen_beam=0.000000000 beam_entropy=0.000000000
DECISION branch_turn=205 cell=3,14 target_cluster=None
RESULT branch_turn=205 cell=3,14 result=MISS remaining_cells=2 target_cluster=None
BRANCH branch_turn=? n=15 remaining_cells=2 beam_states=0 heat_cell=12,14 beam_cell=12,14 chosen_cell=12,14 heat_rank_of_beam=1 beam_rank_of_heat=1 chosen_heat_rank=1 chosen_beam_rank=1 heat_best=0.006605256 heat_second=0.006248694 beam_best=0.000000000 beam_second=0.000000000 heat_cell_beam=0.000000000 beam_cell_heat=0.006605256 chosen_heat=0.006605256 chosen_beam=0.000000000 beam_entropy=0.000000000
DECISION branch_turn=206 cell=12,14 target_cluster=None
RESULT branch_turn=206 cell=12,14 result=MISS remaining_cells=2 target_cluster=None
BRANCH branch_turn=? n=15 remaining_cells=2 beam_states=0 heat_cell=0,13 beam_cell=0,13 chosen_cell=0,13 heat_rank_of_beam=1 beam_rank_of_heat=1 chosen_heat_rank=1 chosen_beam_rank=1 heat_best=0.006206813 heat_second=0.006060904 beam_best=0.000000000 beam_second=0.000000000 heat_cell_beam=0.000000000 beam_cell_heat=0.006206813 chosen_heat=0.006206813 chosen_beam=0.000000000 beam_entropy=0.000000000
DECISION branch_turn=207 cell=0,13 target_cluster=None
RESULT branch_turn=207 cell=0,13 result=MISS remaining_cells=2 target_cluster=None
BRANCH branch_turn=? n=15 remaining_cells=2 beam_states=0 heat_cell=14,2 beam_cell=14,2 chosen_cell=14,2 heat_rank_of_beam=1 beam_rank_of_heat=1 chosen_heat_rank=1 chosen_beam_rank=1 heat_best=0.007176702 heat_second=0.007073439 beam_best=0.000000000 beam_second=0.000000000 heat_cell_beam=0.000000000 beam_cell_heat=0.007176702 chosen_heat=0.007176702 chosen_beam=0.000000000 beam_entropy=0.000000000
DECISION branch_turn=208 cell=14,2 target_cluster=None
RESULT branch_turn=208 cell=14,2 result=MISS remaining_cells=2 target_cluster=None
BRANCH branch_turn=? n=15 remaining_cells=2 beam_states=0 heat_cell=1,13 beam_cell=1,13 chosen_cell=1,13 heat_rank_of_beam=1 beam_rank_of_heat=1 chosen_heat_rank=1 chosen_beam_rank=1 heat_best=0.006226340 heat_second=0.005896576 beam_best=0.000000000 beam_second=0.000000000 heat_cell_beam=0.000000000 beam_cell_heat=0.006226340 chosen_heat=0.006226340 chosen_beam=0.000000000 beam_entropy=0.000000000
DECISION branch_turn=209 cell=1,13 target_cluster=None
RESULT branch_turn=209 cell=1,13 result=MISS remaining_cells=2 target_cluster=None
BRANCH branch_turn=? n=15 remaining_cells=2 beam_states=0 heat_cell=1,1 beam_cell=1,1 chosen_cell=1,1 heat_rank_of_beam=1 beam_rank_of_heat=1 chosen_heat_rank=1 chosen_beam_rank=1 heat_best=0.006078354 heat_second=0.005733460 beam_best=0.000000000 beam_second=0.000000000 heat_cell_beam=0.000000000 beam_cell_heat=0.006078354 chosen_heat=0.006078354 chosen_beam=0.000000000 beam_entropy=0.000000000
DECISION branch_turn=210 cell=1,1 target_cluster=None
RESULT branch_turn=210 cell=1,1 result=MISS remaining_cells=2 target_cluster=None
BRANCH branch_turn=? n=15 remaining_cells=2 beam_states=0 heat_cell=2,14 beam_cell=2,14 chosen_cell=2,14 heat_rank_of_beam=1 beam_rank_of_heat=1 chosen_heat_rank=1 chosen_beam_rank=1 heat_best=0.006860375 heat_second=0.006270173 beam_best=0.000000000 beam_second=0.000000000 heat_cell_beam=0.000000000 beam_cell_heat=0.006860375 chosen_heat=0.006860375 chosen_beam=0.000000000 beam_entropy=0.000000000
DECISION branch_turn=211 cell=2,14 target_cluster=None
RESULT branch_turn=211 cell=2,14 result=MISS remaining_cells=2 target_cluster=None
BRANCH branch_turn=? n=15 remaining_cells=2 beam_states=0 heat_cell=12,0 beam_cell=12,0 chosen_cell=12,0 heat_rank_of_beam=1 beam_rank_of_heat=1 chosen_heat_rank=1 chosen_beam_rank=1 heat_best=0.006101691 heat_second=0.005399997 beam_best=0.000000000 beam_second=0.000000000 heat_cell_beam=0.000000000 beam_cell_heat=0.006101691 chosen_heat=0.006101691 chosen_beam=0.000000000 beam_entropy=0.000000000
DECISION branch_turn=212 cell=12,0 target_cluster=None
RESULT branch_turn=212 cell=12,0 result=MISS remaining_cells=2 target_cluster=None
BRANCH branch_turn=? n=15 remaining_cells=2 beam_states=0 heat_cell=13,1 beam_cell=13,1 chosen_cell=13,1 heat_rank_of_beam=1 beam_rank_of_heat=1 chosen_heat_rank=1 chosen_beam_rank=1 heat_best=0.006904100 heat_second=0.006222377 beam_best=0.000000000 beam_second=0.000000000 heat_cell_beam=0.000000000 beam_cell_heat=0.006904100 chosen_heat=0.006904100 chosen_beam=0.000000000 beam_entropy=0.000000000
DECISION branch_turn=213 cell=13,1 target_cluster=None
RESULT branch_turn=213 cell=13,1 result=MISS remaining_cells=2 target_cluster=None
BRANCH branch_turn=? n=15 remaining_cells=2 beam_states=0 heat_cell=14,12 beam_cell=14,12 chosen_cell=14,12 heat_rank_of_beam=1 beam_rank_of_heat=1 chosen_heat_rank=1 chosen_beam_rank=1 heat_best=0.006357555 heat_second=0.005678607 beam_best=0.000000000 beam_second=0.000000000 heat_cell_beam=0.000000000 beam_cell_heat=0.006357555 chosen_heat=0.006357555 chosen_beam=0.000000000 beam_entropy=0.000000000
DECISION branch_turn=214 cell=14,12 target_cluster=None
RESULT branch_turn=214 cell=14,12 result=MISS remaining_cells=2 target_cluster=None
BRANCH branch_turn=? n=15 remaining_cells=2 beam_states=0 heat_cell=0,1 beam_cell=0,1 chosen_cell=0,1 heat_rank_of_beam=1 beam_rank_of_heat=1 chosen_heat_rank=1 chosen_beam_rank=1 heat_best=0.005001147 heat_second=0.004645321 beam_best=0.000000000 beam_second=0.000000000 heat_cell_beam=0.000000000 beam_cell_heat=0.005001147 chosen_heat=0.005001147 chosen_beam=0.000000000 beam_entropy=0.000000000
DECISION branch_turn=215 cell=0,1 target_cluster=None
RESULT branch_turn=215 cell=0,1 result=MISS remaining_cells=2 target_cluster=None
BRANCH branch_turn=? n=15 remaining_cells=2 beam_states=0 heat_cell=13,14 beam_cell=13,14 chosen_cell=13,14 heat_rank_of_beam=1 beam_rank_of_heat=1 chosen_heat_rank=1 chosen_beam_rank=1 heat_best=0.005004376 heat_second=0.004738971 beam_best=0.000000000 beam_second=0.000000000 heat_cell_beam=0.000000000 beam_cell_heat=0.005004376 chosen_heat=0.005004376 chosen_beam=0.000000000 beam_entropy=0.000000000
DECISION branch_turn=216 cell=13,14 target_cluster=None
RESULT branch_turn=216 cell=13,14 result=HIT remaining_cells=2 target_cluster=None
DECISION branch_turn=217 cell=14,14 target_cluster=Some(2)
RESULT branch_turn=217 cell=14,14 result=KILL remaining_cells=1 target_cluster=Some(2)
