GAME n=18 p=0.204244593 remaining=[0, 4, 2, 2, 2, 0, 4, 2, 0, 0]
BRANCH branch_turn=? n=18 remaining_cells=60 beam_states=0 heat_cell=6,11 beam_cell=6,11 chosen_cell=6,11 heat_rank_of_beam=1 beam_rank_of_heat=1 chosen_heat_rank=1 chosen_beam_rank=1 heat_best=2.054711990 heat_second=2.049217175 beam_best=0.000000000 beam_second=0.000000000 heat_cell_beam=0.000000000 beam_cell_heat=2.054711990 chosen_heat=2.054711990 chosen_beam=0.000000000 beam_entropy=0.000000000
DECISION branch_turn=1 cell=6,11 target_cluster=None
RESULT branch_turn=1 cell=6,11 result=MISS remaining_cells=60 target_cluster=None
BRANCH branch_turn=? n=18 remaining_cells=60 beam_states=0 heat_cell=7,10 beam_cell=7,10 chosen_cell=7,10 heat_rank_of_beam=1 beam_rank_of_heat=1 chosen_heat_rank=1 chosen_beam_rank=1 heat_best=2.122465533 heat_second=2.116467940 beam_best=0.000000000 beam_second=0.000000000 heat_cell_beam=0.000000000 beam_cell_heat=2.122465533 chosen_heat=2.122465533 chosen_beam=0.000000000 beam_entropy=0.000000000
DECISION branch_turn=2 cell=7,10 target_cluster=None
RESULT branch_turn=2 cell=7,10 result=MISS remaining_cells=60 target_cluster=None
BRANCH branch_turn=? n=18 remaining_cells=60 beam_states=0 heat_cell=8,12 beam_cell=8,12 chosen_cell=8,12 heat_rank_of_beam=1 beam_rank_of_heat=1 chosen_heat_rank=1 chosen_beam_rank=1 heat_best=2.206297132 heat_second=2.177098136 beam_best=0.000000000 beam_second=0.000000000 heat_cell_beam=0.000000000 beam_cell_heat=2.206297132 chosen_heat=2.206297132 chosen_beam=0.000000000 beam_entropy=0.000000000
DECISION branch_turn=3 cell=8,12 target_cluster=None
RESULT branch_turn=3 cell=8,12 result=HIT remaining_cells=60 target_cluster=None
DECISION branch_turn=4 cell=9,12 target_cluster=Some(0)
RESULT branch_turn=4 cell=9,12 result=MISS remaining_cells=59 target_cluster=Some(0)
DECISION branch_turn=5 cell=8,11 target_cluster=Some(0)
RESULT branch_turn=5 cell=8,11 result=MISS remaining_cells=59 target_cluster=Some(0)
DECISION branch_turn=6 cell=7,12 target_cluster=Some(0)
RESULT branch_turn=6 cell=7,12 result=HIT remaining_cells=59 target_cluster=Some(0)
DECISION branch_turn=7 cell=6,12 target_cluster=Some(0)
RESULT branch_turn=7 cell=6,12 result=KILL remaining_cells=58 target_cluster=Some(0)
BRANCH branch_turn=? n=18 remaining_cells=57 beam_states=0 heat_cell=11,13 beam_cell=11,13 chosen_cell=11,13 heat_rank_of_beam=1 beam_rank_of_heat=1 chosen_heat_rank=1 chosen_beam_rank=1 heat_best=2.031238727 heat_second=2.025497841 beam_best=0.000000000 beam_second=0.000000000 heat_cell_beam=0.000000000 beam_cell_heat=2.031238727 chosen_heat=2.031238727 chosen_beam=0.000000000 beam_entropy=0.000000000
DECISION branch_turn=8 cell=11,13 target_cluster=None
RESULT branch_turn=8 cell=11,13 result=HIT remaining_cells=57 target_cluster=None
DECISION branch_turn=9 cell=10,13 target_cluster=Some(0)
RESULT branch_turn=9 cell=10,13 result=HIT remaining_cells=56 target_cluster=Some(0)
DECISION branch_turn=10 cell=12,13 target_cluster=Some(0)
RESULT branch_turn=10 cell=12,13 result=HIT remaining_cells=55 target_cluster=Some(0)
DECISION branch_turn=11 cell=13,13 target_cluster=Some(0)
RESULT branch_turn=11 cell=13,13 result=HIT remaining_cells=54 target_cluster=Some(0)
DECISION branch_turn=12 cell=14,13 target_cluster=Some(0)
RESULT branch_turn=12 cell=14,13 result=HIT remaining_cells=53 target_cluster=Some(0)
DECISION branch_turn=13 cell=15,13 target_cluster=Some(0)
RESULT branch_turn=13 cell=15,13 result=HIT remaining_cells=52 target_cluster=Some(0)
DECISION branch_turn=14 cell=16,13 target_cluster=Some(0)
RESULT branch_turn=14 cell=16,13 result=HIT remaining_cells=51 target_cluster=Some(0)
DECISION branch_turn=15 cell=9,13 target_cluster=Some(0)
RESULT branch_turn=15 cell=9,13 result=HIT remaining_cells=50 target_cluster=Some(0)
DECISION branch_turn=16 cell=8,13 target_cluster=Some(0)
RESULT branch_turn=16 cell=8,13 result=KILL remaining_cells=49 target_cluster=Some(0)
DECISION branch_turn=17 cell=17,13 target_cluster=Some(0)
RESULT branch_turn=17 cell=17,13 result=KILL remaining_cells=48 target_cluster=Some(0)
BRANCH branch_turn=? n=18 remaining_cells=47 beam_states=0 heat_cell=5,9 beam_cell=5,9 chosen_cell=5,9 heat_rank_of_beam=1 beam_rank_of_heat=1 chosen_heat_rank=1 chosen_beam_rank=1 heat_best=2.135410634 heat_second=2.008513739 beam_best=0.000000000 beam_second=0.000000000 heat_cell_beam=0.000000000 beam_cell_heat=2.135410634 chosen_heat=2.135410634 chosen_beam=0.000000000 beam_entropy=0.000000000
DECISION branch_turn=18 cell=5,9 target_cluster=None
RESULT branch_turn=18 cell=5,9 result=MISS remaining_cells=47 target_cluster=None
BRANCH branch_turn=? n=18 remaining_cells=47 beam_states=0 heat_cell=4,14 beam_cell=4,14 chosen_cell=4,14 heat_rank_of_beam=1 beam_rank_of_heat=1 chosen_heat_rank=1 chosen_beam_rank=1 heat_best=1.813680657 heat_second=1.809631008 beam_best=0.000000000 beam_second=0.000000000 heat_cell_beam=0.000000000 beam_cell_heat=1.813680657 chosen_heat=1.813680657 chosen_beam=0.000000000 beam_entropy=0.000000000
DECISION branch_turn=19 cell=4,14 target_cluster=None
RESULT branch_turn=19 cell=4,14 result=MISS remaining_cells=47 target_cluster=None
BRANCH branch_turn=? n=18 remaining_cells=47 beam_states=0 heat_cell=6,5 beam_cell=6,5 chosen_cell=6,5 heat_rank_of_beam=1 beam_rank_of_heat=1 chosen_heat_rank=1 chosen_beam_rank=1 heat_best=1.855377724 heat_second=1.843970702 beam_best=0.000000000 beam_second=0.000000000 heat_cell_beam=0.000000000 beam_cell_heat=1.855377724 chosen_heat=1.855377724 chosen_beam=0.000000000 beam_entropy=0.000000000
DECISION branch_turn=20 cell=6,5 target_cluster=None
RESULT branch_turn=20 cell=6,5 result=MISS remaining_cells=47 target_cluster=None
BRANCH branch_turn=? n=18 remaining_cells=47 beam_states=0 heat_cell=4,7 beam_cell=4,7 chosen_cell=4,7 heat_rank_of_beam=1 beam_rank_of_heat=1 chosen_heat_rank=1 chosen_beam_rank=1 heat_best=1.948105010 heat_second=1.935597908 beam_best=0.000000000 beam_second=0.000000000 heat_cell_beam=0.000000000 beam_cell_heat=1.948105010 chosen_heat=1.948105010 chosen_beam=0.000000000 beam_entropy=0.000000000
DECISION branch_turn=21 cell=4,7 target_cluster=None
RESULT branch_turn=21 cell=4,7 result=HIT remaining_cells=47 target_cluster=None
DECISION branch_turn=22 cell=4,6 target_cluster=Some(0)
RESULT branch_turn=22 cell=4,6 result=HIT remaining_cells=46 target_cluster=Some(0)
DECISION branch_turn=23 cell=4,8 target_cluster=Some(0)
RESULT branch_turn=23 cell=4,8 result=HIT remaining_cells=45 target_cluster=Some(0)
DECISION branch_turn=24 cell=4,5 target_cluster=Some(0)
RESULT branch_turn=24 cell=4,5 result=HIT remaining_cells=44 target_cluster=Some(0)
DECISION branch_turn=25 cell=4,4 target_cluster=Some(0)
RESULT branch_turn=25 cell=4,4 result=HIT remaining_cells=43 target_cluster=Some(0)
DECISION branch_turn=26 cell=4,3 target_cluster=Some(0)
RESULT branch_turn=26 cell=4,3 result=KILL remaining_cells=42 target_cluster=Some(0)
BRANCH branch_turn=? n=18 remaining_cells=41 beam_states=0 heat_cell=5,15 beam_cell=5,15 chosen_cell=5,15 heat_rank_of_beam=1 beam_rank_of_heat=1 chosen_heat_rank=1 chosen_beam_rank=1 heat_best=2.215356506 heat_second=2.098776930 beam_best=0.000000000 beam_second=0.000000000 heat_cell_beam=0.000000000 beam_cell_heat=2.215356506 chosen_heat=2.215356506 chosen_beam=0.000000000 beam_entropy=0.000000000
DECISION branch_turn=27 cell=5,15 target_cluster=None
RESULT branch_turn=27 cell=5,15 result=HIT remaining_cells=41 target_cluster=None
DECISION branch_turn=28 cell=6,15 target_cluster=Some(0)
RESULT branch_turn=28 cell=6,15 result=MISS remaining_cells=40 target_cluster=Some(0)
DECISION branch_turn=29 cell=5,14 target_cluster=Some(0)
RESULT branch_turn=29 cell=5,14 result=HIT remaining_cells=40 target_cluster=Some(0)
DECISION branch_turn=30 cell=5,13 target_cluster=Some(0)
RESULT branch_turn=30 cell=5,13 result=HIT remaining_cells=39 target_cluster=Some(0)
DECISION branch_turn=31 cell=5,12 target_cluster=Some(0)
RESULT branch_turn=31 cell=5,12 result=HIT remaining_cells=38 target_cluster=Some(0)
DECISION branch_turn=32 cell=5,16 target_cluster=Some(0)
RESULT branch_turn=32 cell=5,16 result=HIT remaining_cells=37 target_cluster=Some(0)
DECISION branch_turn=33 cell=5,11 target_cluster=Some(0)
RESULT branch_turn=33 cell=5,11 result=HIT remaining_cells=36 target_cluster=Some(0)
DECISION branch_turn=34 cell=5,17 target_cluster=Some(0)
RESULT branch_turn=34 cell=5,17 result=MISS remaining_cells=35 target_cluster=Some(0)
DECISION branch_turn=35 cell=5,10 target_cluster=Some(0)
RESULT branch_turn=35 cell=5,10 result=KILL remaining_cells=35 target_cluster=Some(0)
BRANCH branch_turn=? n=18 remaining_cells=34 beam_states=180 heat_cell=11,9 beam_cell=11,9 chosen_cell=11,9 heat_rank_of_beam=1 beam_rank_of_heat=1 chosen_heat_rank=1 chosen_beam_rank=1 heat_best=1.022917417 heat_second=0.973801533 beam_best=0.935159793 beam_second=0.935159793 heat_cell_beam=0.935159793 beam_cell_heat=1.022917417 chosen_heat=1.022917417 chosen_beam=0.935159793 beam_entropy=3.687561076
DECISION branch_turn=36 cell=11,9 target_cluster=None
RESULT branch_turn=36 cell=11,9 result=MISS remaining_cells=34 target_cluster=None
BRANCH branch_turn=? n=18 remaining_cells=34 beam_states=180 heat_cell=8,6 beam_cell=8,6 chosen_cell=8,6 heat_rank_of_beam=1 beam_rank_of_heat=1 chosen_heat_rank=1 chosen_beam_rank=1 heat_best=0.945403263 heat_second=0.895572556 beam_best=0.969391784 beam_second=0.969391784 heat_cell_beam=0.969391784 beam_cell_heat=0.945403263 chosen_heat=0.945403263 chosen_beam=0.969391784 beam_entropy=3.678740238
DECISION branch_turn=37 cell=8,6 target_cluster=None
RESULT branch_turn=37 cell=8,6 result=MISS remaining_cells=34 target_cluster=None
BRANCH branch_turn=? n=18 remaining_cells=34 beam_states=180 heat_cell=7,4 beam_cell=7,4 chosen_cell=7,4 heat_rank_of_beam=1 beam_rank_of_heat=1 chosen_heat_rank=1 chosen_beam_rank=1 heat_best=0.928065922 heat_second=0.852553139 beam_best=0.999838098 beam_second=0.999838098 heat_cell_beam=0.999838098 beam_cell_heat=0.928065922 chosen_heat=0.928065922 chosen_beam=0.999838098 beam_entropy=3.678740238
DECISION branch_turn=38 cell=7,4 target_cluster=None
RESULT branch_turn=38 cell=7,4 result=MISS remaining_cells=34 target_cluster=None
BRANCH branch_turn=? n=18 remaining_cells=34 beam_states=180 heat_cell=13,10 beam_cell=13,10 chosen_cell=13,10 heat_rank_of_beam=1 beam_rank_of_heat=1 chosen_heat_rank=1 chosen_beam_rank=1 heat_best=1.014111433 heat_second=1.011666359 beam_best=1.029380096 beam_second=1.029380096 heat_cell_beam=1.029380096 beam_cell_heat=1.014111433 chosen_heat=1.014111433 chosen_beam=1.029380096 beam_entropy=3.692583175
DECISION branch_turn=39 cell=13,10 target_cluster=None
RESULT branch_turn=39 cell=13,10 result=MISS remaining_cells=34 target_cluster=None
BRANCH branch_turn=? n=18 remaining_cells=34 beam_states=180 heat_cell=12,11 beam_cell=10,7 chosen_cell=12,11 heat_rank_of_beam=2 beam_rank_of_heat=26 chosen_heat_rank=1 chosen_beam_rank=26 heat_best=0.908796489 heat_second=0.896408306 beam_best=1.062611193 beam_second=1.062611193 heat_cell_beam=1.009480633 beam_cell_heat=0.896408306 chosen_heat=0.908796489 chosen_beam=1.009480633 beam_entropy=3.731309038
DECISION branch_turn=40 cell=12,11 target_cluster=None
RESULT branch_turn=40 cell=12,11 result=MISS remaining_cells=34 target_cluster=None
BRANCH branch_turn=? n=18 remaining_cells=34 beam_states=180 heat_cell=10,7 beam_cell=10,7 chosen_cell=10,7 heat_rank_of_beam=1 beam_rank_of_heat=1 chosen_heat_rank=1 chosen_beam_rank=1 heat_best=0.918169534 heat_second=0.886584628 beam_best=1.090206784 beam_second=1.090206784 heat_cell_beam=1.090206784 beam_cell_heat=0.918169534 chosen_heat=0.918169534 chosen_beam=1.090206784 beam_entropy=3.687573754
DECISION branch_turn=41 cell=10,7 target_cluster=None
RESULT branch_turn=41 cell=10,7 result=MISS remaining_cells=34 target_cluster=None
BRANCH branch_turn=? n=18 remaining_cells=34 beam_states=180 heat_cell=12,5 beam_cell=12,5 chosen_cell=12,5 heat_rank_of_beam=1 beam_rank_of_heat=1 chosen_heat_rank=1 chosen_beam_rank=1 heat_best=0.919068873 heat_second=0.838214835 beam_best=1.090556370 beam_second=1.090556370 heat_cell_beam=1.090556370 beam_cell_heat=0.919068873 chosen_heat=0.919068873 chosen_beam=1.090556370 beam_entropy=3.665040341
DECISION branch_turn=42 cell=12,5 target_cluster=None
RESULT branch_turn=42 cell=12,5 result=MISS remaining_cells=34 target_cluster=None
BRANCH branch_turn=? n=18 remaining_cells=34 beam_states=180 heat_cell=9,8 beam_cell=9,8 chosen_cell=9,8 heat_rank_of_beam=1 beam_rank_of_heat=1 chosen_heat_rank=1 chosen_beam_rank=1 heat_best=0.860148413 heat_second=0.846900687 beam_best=1.074385388 beam_second=1.074385388 heat_cell_beam=1.074385388 beam_cell_heat=0.860148413 chosen_heat=0.860148413 chosen_beam=1.074385388 beam_entropy=3.929479500
DECISION branch_turn=43 cell=9,8 target_cluster=None
RESULT branch_turn=43 cell=9,8 result=HIT remaining_cells=34 target_cluster=None
DECISION branch_turn=44 cell=10,8 target_cluster=Some(0)
RESULT branch_turn=44 cell=10,8 result=HIT remaining_cells=33 target_cluster=Some(0)
DECISION branch_turn=45 cell=11,8 target_cluster=Some(0)
RESULT branch_turn=45 cell=11,8 result=HIT remaining_cells=32 target_cluster=Some(0)
DECISION branch_turn=46 cell=12,8 target_cluster=Some(0)
RESULT branch_turn=46 cell=12,8 result=MISS remaining_cells=31 target_cluster=Some(0)
DECISION branch_turn=47 cell=8,8 target_cluster=Some(0)
RESULT branch_turn=47 cell=8,8 result=KILL remaining_cells=31 target_cluster=Some(0)
BRANCH branch_turn=? n=18 remaining_cells=30 beam_states=180 heat_cell=11,14 beam_cell=11,14 chosen_cell=11,14 heat_rank_of_beam=1 beam_rank_of_heat=1 chosen_heat_rank=1 chosen_beam_rank=1 heat_best=1.165669132 heat_second=1.066016798 beam_best=1.082821212 beam_second=1.082821212 heat_cell_beam=1.082821212 beam_cell_heat=1.165669132 chosen_heat=1.165669132 chosen_beam=1.082821212 beam_entropy=3.612661886
DECISION branch_turn=48 cell=11,14 target_cluster=None
RESULT branch_turn=48 cell=11,14 result=MISS remaining_cells=30 target_cluster=None
BRANCH branch_turn=? n=18 remaining_cells=30 beam_states=180 heat_cell=3,12 beam_cell=5,3 chosen_cell=3,12 heat_rank_of_beam=7 beam_rank_of_heat=19 chosen_heat_rank=1 chosen_beam_rank=19 heat_best=1.127247446 heat_second=1.124057880 beam_best=1.122103787 beam_second=1.122103787 heat_cell_beam=1.047296868 beam_cell_heat=0.841311455 chosen_heat=1.127247446 chosen_beam=1.047296868 beam_entropy=3.622987669
DECISION branch_turn=49 cell=3,12 target_cluster=None
RESULT branch_turn=49 cell=3,12 result=HIT remaining_cells=30 target_cluster=None
DECISION branch_turn=50 cell=3,11 target_cluster=Some(0)
RESULT branch_turn=50 cell=3,11 result=HIT remaining_cells=29 target_cluster=Some(0)
DECISION branch_turn=51 cell=3,10 target_cluster=Some(0)
RESULT branch_turn=51 cell=3,10 result=HIT remaining_cells=28 target_cluster=Some(0)
DECISION branch_turn=52 cell=3,9 target_cluster=Some(0)
RESULT branch_turn=52 cell=3,9 result=HIT remaining_cells=27 target_cluster=Some(0)
DECISION branch_turn=53 cell=3,8 target_cluster=Some(0)
RESULT branch_turn=53 cell=3,8 result=HIT remaining_cells=26 target_cluster=Some(0)
DECISION branch_turn=54 cell=3,7 target_cluster=Some(0)
RESULT branch_turn=54 cell=3,7 result=KILL remaining_cells=25 target_cluster=Some(0)
BRANCH branch_turn=? n=18 remaining_cells=24 beam_states=180 heat_cell=12,15 beam_cell=13,9 chosen_cell=12,15 heat_rank_of_beam=10 beam_rank_of_heat=31 chosen_heat_rank=1 chosen_beam_rank=31 heat_best=0.879329440 heat_second=0.878635685 beam_best=0.822672972 beam_second=0.822672972 heat_cell_beam=0.000000000 beam_cell_heat=0.726048077 chosen_heat=0.879329440 chosen_beam=0.000000000 beam_entropy=3.285207931
DECISION branch_turn=55 cell=12,15 target_cluster=None
RESULT branch_turn=55 cell=12,15 result=MISS remaining_cells=24 target_cluster=None
BRANCH branch_turn=? n=18 remaining_cells=24 beam_states=180 heat_cell=12,17 beam_cell=13,9 chosen_cell=12,17 heat_rank_of_beam=9 beam_rank_of_heat=31 chosen_heat_rank=1 chosen_beam_rank=31 heat_best=0.902678588 heat_second=0.901798220 beam_best=0.834396851 beam_second=0.834396851 heat_cell_beam=0.000000000 beam_cell_heat=0.765866901 chosen_heat=0.902678588 chosen_beam=0.000000000 beam_entropy=3.285207931
DECISION branch_turn=56 cell=12,17 target_cluster=None
RESULT branch_turn=56 cell=12,17 result=MISS remaining_cells=24 target_cluster=None
BRANCH branch_turn=? n=18 remaining_cells=24 beam_states=180 heat_cell=11,16 beam_cell=13,9 chosen_cell=11,16 heat_rank_of_beam=6 beam_rank_of_heat=31 chosen_heat_rank=1 chosen_beam_rank=31 heat_best=0.948581969 heat_second=0.937934081 beam_best=0.866602938 beam_second=0.866602938 heat_cell_beam=0.000000000 beam_cell_heat=0.806965673 chosen_heat=0.948581969 chosen_beam=0.000000000 beam_entropy=3.285207931
DECISION branch_turn=57 cell=11,16 target_cluster=None
RESULT branch_turn=57 cell=11,16 result=HIT remaining_cells=24 target_cluster=None
DECISION branch_turn=58 cell=12,16 target_cluster=Some(0)
RESULT branch_turn=58 cell=12,16 result=HIT remaining_cells=23 target_cluster=Some(0)
DECISION branch_turn=59 cell=10,16 target_cluster=Some(0)
RESULT branch_turn=59 cell=10,16 result=MISS remaining_cells=22 target_cluster=Some(0)
DECISION branch_turn=60 cell=13,16 target_cluster=Some(0)
RESULT branch_turn=60 cell=13,16 result=HIT remaining_cells=22 target_cluster=Some(0)
DECISION branch_turn=61 cell=14,16 target_cluster=Some(0)
RESULT branch_turn=61 cell=14,16 result=HIT remaining_cells=21 target_cluster=Some(0)
DECISION branch_turn=62 cell=15,16 target_cluster=Some(0)
RESULT branch_turn=62 cell=15,16 result=HIT remaining_cells=20 target_cluster=Some(0)
DECISION branch_turn=63 cell=16,16 target_cluster=Some(0)
RESULT branch_turn=63 cell=16,16 result=KILL remaining_cells=19 target_cluster=Some(0)
BRANCH branch_turn=? n=18 remaining_cells=18 beam_states=180 heat_cell=5,3 beam_cell=7,9 chosen_cell=5,3 heat_rank_of_beam=78 beam_rank_of_heat=5 chosen_heat_rank=1 chosen_beam_rank=5 heat_best=0.583225794 heat_second=0.555391981 beam_best=0.616185175 beam_second=0.616185175 heat_cell_beam=0.588799167 beam_cell_heat=0.282360411 chosen_heat=0.583225794 chosen_beam=0.588799167 beam_entropy=3.219329243
DECISION branch_turn=64 cell=5,3 target_cluster=None
RESULT branch_turn=64 cell=5,3 result=MISS remaining_cells=18 target_cluster=None
BRANCH branch_turn=? n=18 remaining_cells=18 beam_states=180 heat_cell=13,4 beam_cell=13,4 chosen_cell=13,4 heat_rank_of_beam=1 beam_rank_of_heat=1 chosen_heat_rank=1 chosen_beam_rank=1 heat_best=0.532298550 heat_second=0.516524812 beam_best=0.541519890 beam_second=0.541519890 heat_cell_beam=0.541519890 beam_cell_heat=0.532298550 chosen_heat=0.532298550 chosen_beam=0.541519890 beam_entropy=3.145016840
DECISION branch_turn=65 cell=13,4 target_cluster=None
RESULT branch_turn=65 cell=13,4 result=MISS remaining_cells=18 target_cluster=None
BRANCH branch_turn=? n=18 remaining_cells=18 beam_states=180 heat_cell=8,3 beam_cell=8,3 chosen_cell=8,3 heat_rank_of_beam=1 beam_rank_of_heat=1 chosen_heat_rank=1 chosen_beam_rank=1 heat_best=0.579320131 heat_second=0.550284959 beam_best=0.561809341 beam_second=0.561809341 heat_cell_beam=0.561809341 beam_cell_heat=0.579320131 chosen_heat=0.579320131 chosen_beam=0.561809341 beam_entropy=3.129098431
DECISION branch_turn=66 cell=8,3 target_cluster=None
RESULT branch_turn=66 cell=8,3 result=MISS remaining_cells=18 target_cluster=None
BRANCH branch_turn=? n=18 remaining_cells=18 beam_states=180 heat_cell=14,6 beam_cell=14,6 chosen_cell=14,6 heat_rank_of_beam=1 beam_rank_of_heat=1 chosen_heat_rank=1 chosen_beam_rank=1 heat_best=0.567138126 heat_second=0.515600746 beam_best=0.571961065 beam_second=0.571961065 heat_cell_beam=0.571961065 beam_cell_heat=0.567138126 chosen_heat=0.567138126 chosen_beam=0.571961065 beam_entropy=3.181385661
DECISION branch_turn=67 cell=14,6 target_cluster=None
RESULT branch_turn=67 cell=14,6 result=MISS remaining_cells=18 target_cluster=None
BRANCH branch_turn=? n=18 remaining_cells=18 beam_states=180 heat_cell=6,2 beam_cell=7,2 chosen_cell=6,2 heat_rank_of_beam=2 beam_rank_of_heat=10 chosen_heat_rank=1 chosen_beam_rank=10 heat_best=0.729826198 heat_second=0.701289681 beam_best=0.602278797 beam_second=0.602278797 heat_cell_beam=0.592240817 beam_cell_heat=0.701289681 chosen_heat=0.729826198 chosen_beam=0.592240817 beam_entropy=3.146873932
DECISION branch_turn=68 cell=6,2 target_cluster=None
RESULT branch_turn=68 cell=6,2 result=MISS remaining_cells=18 target_cluster=None
BRANCH branch_turn=? n=18 remaining_cells=18 beam_states=140 heat_cell=11,2 beam_cell=11,2 chosen_cell=11,2 heat_rank_of_beam=1 beam_rank_of_heat=1 chosen_heat_rank=1 chosen_beam_rank=1 heat_best=0.548831612 heat_second=0.528623033 beam_best=0.577969609 beam_second=0.577969609 heat_cell_beam=0.577969609 beam_cell_heat=0.548831612 chosen_heat=0.548831612 chosen_beam=0.577969609 beam_entropy=3.212074364
DECISION branch_turn=69 cell=11,2 target_cluster=None
RESULT branch_turn=69 cell=11,2 result=MISS remaining_cells=18 target_cluster=None
BRANCH branch_turn=? n=18 remaining_cells=18 beam_states=180 heat_cell=2,5 beam_cell=9,7 chosen_cell=2,5 heat_rank_of_beam=66 beam_rank_of_heat=5 chosen_heat_rank=1 chosen_beam_rank=5 heat_best=0.735979686 heat_second=0.729653697 beam_best=0.606685188 beam_second=0.606685188 heat_cell_beam=0.542646196 beam_cell_heat=0.300587373 chosen_heat=0.735979686 chosen_beam=0.542646196 beam_entropy=3.336180543
DECISION branch_turn=70 cell=2,5 target_cluster=None
RESULT branch_turn=70 cell=2,5 result=MISS remaining_cells=18 target_cluster=None
BRANCH branch_turn=? n=18 remaining_cells=18 beam_states=180 heat_cell=3,1 beam_cell=8,7 chosen_cell=3,1 heat_rank_of_beam=38 beam_rank_of_heat=51 chosen_heat_rank=1 chosen_beam_rank=51 heat_best=0.592597746 heat_second=0.554216276 beam_best=0.643371037 beam_second=0.643371037 heat_cell_beam=0.000000000 beam_cell_heat=0.391469977 chosen_heat=0.592597746 chosen_beam=0.000000000 beam_entropy=3.493062900
DECISION branch_turn=71 cell=3,1 target_cluster=None
RESULT branch_turn=71 cell=3,1 result=HIT remaining_cells=18 target_cluster=None
DECISION branch_turn=72 cell=4,1 target_cluster=Some(0)
RESULT branch_turn=72 cell=4,1 result=HIT remaining_cells=17 target_cluster=Some(0)
DECISION branch_turn=73 cell=5,1 target_cluster=Some(0)
RESULT branch_turn=73 cell=5,1 result=HIT remaining_cells=16 target_cluster=Some(0)
DECISION branch_turn=74 cell=6,1 target_cluster=Some(0)
RESULT branch_turn=74 cell=6,1 result=MISS remaining_cells=15 target_cluster=Some(0)
DECISION branch_turn=75 cell=2,1 target_cluster=Some(0)
RESULT branch_turn=75 cell=2,1 result=HIT remaining_cells=15 target_cluster=Some(0)
DECISION branch_turn=76 cell=1,1 target_cluster=Some(0)
RESULT branch_turn=76 cell=1,1 result=HIT remaining_cells=14 target_cluster=Some(0)
DECISION branch_turn=77 cell=0,1 target_cluster=Some(0)
RESULT branch_turn=77 cell=0,1 result=KILL remaining_cells=13 target_cluster=Some(0)
BRANCH branch_turn=? n=18 remaining_cells=12 beam_states=180 heat_cell=9,6 beam_cell=8,9 chosen_cell=9,6 heat_rank_of_beam=17 beam_rank_of_heat=6 chosen_heat_rank=1 chosen_beam_rank=6 heat_best=0.298119006 heat_second=0.292471356 beam_best=0.282176215 beam_second=0.282176215 heat_cell_beam=0.275905632 beam_cell_heat=0.261063631 chosen_heat=0.298119006 chosen_beam=0.275905632 beam_entropy=2.819999946
DECISION branch_turn=78 cell=9,6 target_cluster=None
RESULT branch_turn=78 cell=9,6 result=HIT remaining_cells=12 target_cluster=None
DECISION branch_turn=79 cell=9,5 target_cluster=Some(0)
RESULT branch_turn=79 cell=9,5 result=KILL remaining_cells=11 target_cluster=Some(0)
BRANCH branch_turn=? n=18 remaining_cells=10 beam_states=180 heat_cell=2,13 beam_cell=8,9 chosen_cell=2,13 heat_rank_of_beam=3 beam_rank_of_heat=33 chosen_heat_rank=1 chosen_beam_rank=33 heat_best=0.329547772 heat_second=0.327944977 beam_best=0.276183122 beam_second=0.276183122 heat_cell_beam=0.000000000 beam_cell_heat=0.310616741 chosen_heat=0.329547772 chosen_beam=0.000000000 beam_entropy=2.786379445
DECISION branch_turn=80 cell=2,13 target_cluster=None
RESULT branch_turn=80 cell=2,13 result=MISS remaining_cells=10 target_cluster=None
BRANCH branch_turn=? n=18 remaining_cells=10 beam_states=180 heat_cell=8,9 beam_cell=8,9 chosen_cell=8,9 heat_rank_of_beam=1 beam_rank_of_heat=1 chosen_heat_rank=1 chosen_beam_rank=1 heat_best=0.308109380 heat_second=0.307510649 beam_best=0.254463184 beam_second=0.254463184 heat_cell_beam=0.254463184 beam_cell_heat=0.308109380 chosen_heat=0.308109380 chosen_beam=0.254463184 beam_entropy=2.786379445
DECISION branch_turn=81 cell=8,9 target_cluster=None
RESULT branch_turn=81 cell=8,9 result=MISS remaining_cells=10 target_cluster=None
BRANCH branch_turn=? n=18 remaining_cells=10 beam_states=180 heat_cell=1,14 beam_cell=8,10 chosen_cell=1,14 heat_rank_of_beam=14 beam_rank_of_heat=30 chosen_heat_rank=1 chosen_beam_rank=30 heat_best=0.318432175 heat_second=0.316806041 beam_best=0.261476280 beam_second=0.261476280 heat_cell_beam=0.000000000 beam_cell_heat=0.248359283 chosen_heat=0.318432175 chosen_beam=0.000000000 beam_entropy=2.742073881
DECISION branch_turn=82 cell=1,14 target_cluster=None
RESULT branch_turn=82 cell=1,14 result=MISS remaining_cells=10 target_cluster=None
BRANCH branch_turn=? n=18 remaining_cells=10 beam_states=180 heat_cell=3,15 beam_cell=8,10 chosen_cell=3,15 heat_rank_of_beam=12 beam_rank_of_heat=30 chosen_heat_rank=1 chosen_beam_rank=30 heat_best=0.303164378 heat_second=0.299943602 beam_best=0.247030476 beam_second=0.247030476 heat_cell_beam=0.000000000 beam_cell_heat=0.248789087 chosen_heat=0.303164378 chosen_beam=0.000000000 beam_entropy=2.742073881
DECISION branch_turn=83 cell=3,15 target_cluster=None
RESULT branch_turn=83 cell=3,15 result=MISS remaining_cells=10 target_cluster=None
BRANCH branch_turn=? n=18 remaining_cells=10 beam_states=180 heat_cell=7,14 beam_cell=8,10 chosen_cell=7,14 heat_rank_of_beam=8 beam_rank_of_heat=30 chosen_heat_rank=1 chosen_beam_rank=30 heat_best=0.314957909 heat_second=0.307241646 beam_best=0.256633857 beam_second=0.256633857 heat_cell_beam=0.000000000 beam_cell_heat=0.263790226 chosen_heat=0.314957909 chosen_beam=0.000000000 beam_entropy=2.742073881
DECISION branch_turn=84 cell=7,14 target_cluster=None
RESULT branch_turn=84 cell=7,14 result=MISS remaining_cells=10 target_cluster=None
BRANCH branch_turn=? n=18 remaining_cells=10 beam_states=180 heat_cell=0,13 beam_cell=8,10 chosen_cell=0,13 heat_rank_of_beam=6 beam_rank_of_heat=30 chosen_heat_rank=1 chosen_beam_rank=30 heat_best=0.328654691 heat_second=0.326935108 beam_best=0.267191306 beam_second=0.267191306 heat_cell_beam=0.000000000 beam_cell_heat=0.278980503 chosen_heat=0.328654691 chosen_beam=0.000000000 beam_entropy=2.742073881
DECISION branch_turn=85 cell=0,13 target_cluster=None
RESULT branch_turn=85 cell=0,13 result=KILL remaining_cells=10 target_cluster=None
BRANCH branch_turn=? n=18 remaining_cells=9 beam_states=180 heat_cell=10,10 beam_cell=10,10 chosen_cell=10,10 heat_rank_of_beam=1 beam_rank_of_heat=1 chosen_heat_rank=1 chosen_beam_rank=1 heat_best=0.302321567 heat_second=0.291570889 beam_best=0.289030451 beam_second=0.289030451 heat_cell_beam=0.289030451 beam_cell_heat=0.302321567 chosen_heat=0.302321567 chosen_beam=0.289030451 beam_entropy=2.718189220
DECISION branch_turn=86 cell=10,10 target_cluster=None
RESULT branch_turn=86 cell=10,10 result=MISS remaining_cells=9 target_cluster=None
BRANCH branch_turn=? n=18 remaining_cells=9 beam_states=180 heat_cell=15,9 beam_cell=13,9 chosen_cell=13,9 heat_rank_of_beam=2 beam_rank_of_heat=29 chosen_heat_rank=2 chosen_beam_rank=1 heat_best=0.302649817 heat_second=0.294301263 beam_best=0.298973729 beam_second=0.298973729 heat_cell_beam=0.000000000 beam_cell_heat=0.294301263 chosen_heat=0.294301263 chosen_beam=0.298973729 beam_entropy=2.692431178
DECISION branch_turn=87 cell=13,9 target_cluster=None
RESULT branch_turn=87 cell=13,9 result=HIT remaining_cells=9 target_cluster=None
DECISION branch_turn=88 cell=14,9 target_cluster=Some(0)
RESULT branch_turn=88 cell=14,9 result=HIT remaining_cells=8 target_cluster=Some(0)
DECISION branch_turn=89 cell=15,9 target_cluster=Some(0)
RESULT branch_turn=89 cell=15,9 result=KILL remaining_cells=7 target_cluster=Some(0)
DECISION branch_turn=90 cell=13,8 target_cluster=Some(0)
RESULT branch_turn=90 cell=13,8 result=MISS remaining_cells=6 target_cluster=Some(0)
DECISION branch_turn=91 cell=12,9 target_cluster=Some(0)
RESULT branch_turn=91 cell=12,9 result=MISS remaining_cells=6 target_cluster=Some(0)
BRANCH branch_turn=? n=18 remaining_cells=6 beam_states=0 heat_cell=14,3 beam_cell=14,3 chosen_cell=14,3 heat_rank_of_beam=1 beam_rank_of_heat=1 chosen_heat_rank=1 chosen_beam_rank=1 heat_best=0.638183989 heat_second=0.636630402 beam_best=0.000000000 beam_second=0.000000000 heat_cell_beam=0.000000000 beam_cell_heat=0.638183989 chosen_heat=0.638183989 chosen_beam=0.000000000 beam_entropy=0.000000000
DECISION branch_turn=92 cell=14,3 target_cluster=None
RESULT branch_turn=92 cell=14,3 result=MISS remaining_cells=6 target_cluster=None
BRANCH branch_turn=? n=18 remaining_cells=6 beam_states=0 heat_cell=10,3 beam_cell=10,3 chosen_cell=10,3 heat_rank_of_beam=1 beam_rank_of_heat=1 chosen_heat_rank=1 chosen_beam_rank=1 heat_best=0.613710363 heat_second=0.611557048 beam_best=0.000000000 beam_second=0.000000000 heat_cell_beam=0.000000000 beam_cell_heat=0.613710363 chosen_heat=0.613710363 chosen_beam=0.000000000 beam_entropy=0.000000000
DECISION branch_turn=93 cell=10,3 target_cluster=None
RESULT branch_turn=93 cell=10,3 result=HIT remaining_cells=6 target_cluster=None
DECISION branch_turn=94 cell=10,4 target_cluster=Some(1)
RESULT branch_turn=94 cell=10,4 result=MISS remaining_cells=5 target_cluster=Some(1)
DECISION branch_turn=95 cell=11,3 target_cluster=Some(1)
RESULT branch_turn=95 cell=11,3 result=KILL remaining_cells=5 target_cluster=Some(1)
BRANCH branch_turn=? n=18 remaining_cells=4 beam_states=0 heat_cell=2,16 beam_cell=2,16 chosen_cell=2,16 heat_rank_of_beam=1 beam_rank_of_heat=1 chosen_heat_rank=1 chosen_beam_rank=1 heat_best=1.013542097 heat_second=1.011876017 beam_best=0.000000000 beam_second=0.000000000 heat_cell_beam=0.000000000 beam_cell_heat=1.013542097 chosen_heat=1.013542097 chosen_beam=0.000000000 beam_entropy=0.000000000
DECISION branch_turn=96 cell=2,16 target_cluster=None
RESULT branch_turn=96 cell=2,16 result=MISS remaining_cells=4 target_cluster=None
BRANCH branch_turn=? n=18 remaining_cells=4 beam_states=0 heat_cell=4,10 beam_cell=4,10 chosen_cell=4,10 heat_rank_of_beam=1 beam_rank_of_heat=1 chosen_heat_rank=1 chosen_beam_rank=1 heat_best=0.815151756 heat_second=0.812463257 beam_best=0.000000000 beam_second=0.000000000 heat_cell_beam=0.000000000 beam_cell_heat=0.815151756 chosen_heat=0.815151756 chosen_beam=0.000000000 beam_entropy=0.000000000
DECISION branch_turn=97 cell=4,10 target_cluster=None
RESULT branch_turn=97 cell=4,10 result=MISS remaining_cells=4 target_cluster=None
BRANCH branch_turn=? n=18 remaining_cells=4 beam_states=0 heat_cell=1,11 beam_cell=1,11 chosen_cell=1,11 heat_rank_of_beam=1 beam_rank_of_heat=1 chosen_heat_rank=1 chosen_beam_rank=1 heat_best=0.869836540 heat_second=0.868301370 beam_best=0.000000000 beam_second=0.000000000 heat_cell_beam=0.000000000 beam_cell_heat=0.869836540 chosen_heat=0.869836540 chosen_beam=0.000000000 beam_entropy=0.000000000
DECISION branch_turn=98 cell=1,11 target_cluster=None
RESULT branch_turn=98 cell=1,11 result=MISS remaining_cells=4 target_cluster=None
BRANCH branch_turn=? n=18 remaining_cells=4 beam_states=0 heat_cell=3,17 beam_cell=3,17 chosen_cell=3,17 heat_rank_of_beam=1 beam_rank_of_heat=1 chosen_heat_rank=1 chosen_beam_rank=1 heat_best=0.932766202 heat_second=0.931530436 beam_best=0.000000000 beam_second=0.000000000 heat_cell_beam=0.000000000 beam_cell_heat=0.932766202 chosen_heat=0.932766202 chosen_beam=0.000000000 beam_entropy=0.000000000
DECISION branch_turn=99 cell=3,17 target_cluster=None
RESULT branch_turn=99 cell=3,17 result=MISS remaining_cells=4 target_cluster=None
BRANCH branch_turn=? n=18 remaining_cells=4 beam_states=0 heat_cell=2,10 beam_cell=2,10 chosen_cell=2,10 heat_rank_of_beam=1 beam_rank_of_heat=1 chosen_heat_rank=1 chosen_beam_rank=1 heat_best=0.661407613 heat_second=0.661405292 beam_best=0.000000000 beam_second=0.000000000 heat_cell_beam=0.000000000 beam_cell_heat=0.661407613 chosen_heat=0.661407613 chosen_beam=0.000000000 beam_entropy=0.000000000
DECISION branch_turn=100 cell=2,10 target_cluster=None
RESULT branch_turn=100 cell=2,10 result=MISS remaining_cells=4 target_cluster=None
BRANCH branch_turn=? n=18 remaining_cells=4 beam_states=0 heat_cell=8,15 beam_cell=8,15 chosen_cell=8,15 heat_rank_of_beam=1 beam_rank_of_heat=1 chosen_heat_rank=1 chosen_beam_rank=1 heat_best=0.692564544 heat_second=0.692173715 beam_best=0.000000000 beam_second=0.000000000 heat_cell_beam=0.000000000 beam_cell_heat=0.692564544 chosen_heat=0.692564544 chosen_beam=0.000000000 beam_entropy=0.000000000
DECISION branch_turn=101 cell=8,15 target_cluster=None
RESULT branch_turn=101 cell=8,15 result=MISS remaining_cells=4 target_cluster=None
BRANCH branch_turn=? n=18 remaining_cells=4 beam_states=0 heat_cell=0,9 beam_cell=0,9 chosen_cell=0,9 heat_rank_of_beam=1 beam_rank_of_heat=1 chosen_heat_rank=1 chosen_beam_rank=1 heat_best=0.726542077 heat_second=0.724502372 beam_best=0.000000000 beam_second=0.000000000 heat_cell_beam=0.000000000 beam_cell_heat=0.726542077 chosen_heat=0.726542077 chosen_beam=0.000000000 beam_entropy=0.000000000
DECISION branch_turn=102 cell=0,9 target_cluster=None
RESULT branch_turn=102 cell=0,9 result=MISS remaining_cells=4 target_cluster=None
BRANCH branch_turn=? n=18 remaining_cells=4 beam_states=0 heat_cell=0,15 beam_cell=0,15 chosen_cell=0,15 heat_rank_of_beam=1 beam_rank_of_heat=1 chosen_heat_rank=1 chosen_beam_rank=1 heat_best=0.758044782 heat_second=0.757014301 beam_best=0.000000000 beam_second=0.000000000 heat_cell_beam=0.000000000 beam_cell_heat=0.758044782 chosen_heat=0.758044782 chosen_beam=0.000000000 beam_entropy=0.000000000
DECISION branch_turn=103 cell=0,15 target_cluster=None
RESULT branch_turn=103 cell=0,15 result=MISS remaining_cells=4 target_cluster=None
BRANCH branch_turn=? n=18 remaining_cells=4 beam_states=0 heat_cell=12,1 beam_cell=12,1 chosen_cell=12,1 heat_rank_of_beam=1 beam_rank_of_heat=1 chosen_heat_rank=1 chosen_beam_rank=1 heat_best=0.443706520 heat_second=0.443257806 beam_best=0.000000000 beam_second=0.000000000 heat_cell_beam=0.000000000 beam_cell_heat=0.443706520 chosen_heat=0.443706520 chosen_beam=0.000000000 beam_entropy=0.000000000
DECISION branch_turn=104 cell=12,1 target_cluster=None
RESULT branch_turn=104 cell=12,1 result=MISS remaining_cells=4 target_cluster=None
BRANCH branch_turn=? n=18 remaining_cells=4 beam_states=0 heat_cell=16,5 beam_cell=16,5 chosen_cell=16,5 heat_rank_of_beam=1 beam_rank_of_heat=1 chosen_heat_rank=1 chosen_beam_rank=1 heat_best=0.510359799 heat_second=0.509933589 beam_best=0.000000000 beam_second=0.000000000 heat_cell_beam=0.000000000 beam_cell_heat=0.510359799 chosen_heat=0.510359799 chosen_beam=0.000000000 beam_entropy=0.000000000
DECISION branch_turn=105 cell=16,5 target_cluster=None
RESULT branch_turn=105 cell=16,5 result=MISS remaining_cells=4 target_cluster=None
BRANCH branch_turn=? n=18 remaining_cells=4 beam_states=0 heat_cell=15,2 beam_cell=15,2 chosen_cell=15,2 heat_rank_of_beam=1 beam_rank_of_heat=1 chosen_heat_rank=1 chosen_beam_rank=1 heat_best=0.597511572 heat_second=0.511688748 beam_best=0.000000000 beam_second=0.000000000 heat_cell_beam=0.000000000 beam_cell_heat=0.597511572 chosen_heat=0.597511572 chosen_beam=0.000000000 beam_entropy=0.000000000
DECISION branch_turn=106 cell=15,2 target_cluster=None
RESULT branch_turn=106 cell=15,2 result=MISS remaining_cells=4 target_cluster=None
BRANCH branch_turn=? n=18 remaining_cells=4 beam_states=0 heat_cell=15,7 beam_cell=15,7 chosen_cell=15,7 heat_rank_of_beam=1 beam_rank_of_heat=1 chosen_heat_rank=1 chosen_beam_rank=1 heat_best=0.606929171 heat_second=0.603750997 beam_best=0.000000000 beam_second=0.000000000 heat_cell_beam=0.000000000 beam_cell_heat=0.606929171 chosen_heat=0.606929171 chosen_beam=0.000000000 beam_entropy=0.000000000
DECISION branch_turn=107 cell=15,7 target_cluster=None
RESULT branch_turn=107 cell=15,7 result=MISS remaining_cells=4 target_cluster=None
BRANCH branch_turn=? n=18 remaining_cells=4 beam_states=0 heat_cell=13,0 beam_cell=13,0 chosen_cell=13,0 heat_rank_of_beam=1 beam_rank_of_heat=1 chosen_heat_rank=1 chosen_beam_rank=1 heat_best=0.730318930 heat_second=0.727867865 beam_best=0.000000000 beam_second=0.000000000 heat_cell_beam=0.000000000 beam_cell_heat=0.730318930 chosen_heat=0.730318930 chosen_beam=0.000000000 beam_entropy=0.000000000
DECISION branch_turn=108 cell=13,0 target_cluster=None
RESULT branch_turn=108 cell=13,0 result=MISS remaining_cells=4 target_cluster=None
BRANCH branch_turn=? n=18 remaining_cells=4 beam_states=0 heat_cell=17,4 beam_cell=17,4 chosen_cell=17,4 heat_rank_of_beam=1 beam_rank_of_heat=1 chosen_heat_rank=1 chosen_beam_rank=1 heat_best=0.915789577 heat_second=0.752173075 beam_best=0.000000000 beam_second=0.000000000 heat_cell_beam=0.000000000 beam_cell_heat=0.915789577 chosen_heat=0.915789577 chosen_beam=0.000000000 beam_entropy=0.000000000
DECISION branch_turn=109 cell=17,4 target_cluster=None
RESULT branch_turn=109 cell=17,4 result=MISS remaining_cells=4 target_cluster=None
BRANCH branch_turn=? n=18 remaining_cells=4 beam_states=0 heat_cell=16,1 beam_cell=16,1 chosen_cell=16,1 heat_rank_of_beam=1 beam_rank_of_heat=1 chosen_heat_rank=1 chosen_beam_rank=1 heat_best=0.988789744 heat_second=0.720667687 beam_best=0.000000000 beam_second=0.000000000 heat_cell_beam=0.000000000 beam_cell_heat=0.988789744 chosen_heat=0.988789744 chosen_beam=0.000000000 beam_entropy=0.000000000
DECISION branch_turn=110 cell=16,1 target_cluster=None
RESULT branch_turn=110 cell=16,1 result=MISS remaining_cells=4 target_cluster=None
BRANCH branch_turn=? n=18 remaining_cells=4 beam_states=0 heat_cell=8,10 beam_cell=8,10 chosen_cell=8,10 heat_rank_of_beam=1 beam_rank_of_heat=1 chosen_heat_rank=1 chosen_beam_rank=1 heat_best=0.805768900 heat_second=0.805017942 beam_best=0.000000000 beam_second=0.000000000 heat_cell_beam=0.000000000 beam_cell_heat=0.805768900 chosen_heat=0.805768900 chosen_beam=0.000000000 beam_entropy=0.000000000
DECISION branch_turn=111 cell=8,10 target_cluster=None
RESULT branch_turn=111 cell=8,10 result=MISS remaining_cells=4 target_cluster=None
BRANCH branch_turn=? n=18 remaining_cells=4 beam_states=0 heat_cell=6,10 beam_cell=6,10 chosen_cell=6,10 heat_rank_of_beam=1 beam_rank_of_heat=1 chosen_heat_rank=1 chosen_beam_rank=1 heat_best=0.810111494 heat_second=0.808609588 beam_best=0.000000000 beam_second=0.000000000 heat_cell_beam=0.000000000 beam_cell_heat=0.810111494 chosen_heat=0.810111494 chosen_beam=0.000000000 beam_entropy=0.000000000
DECISION branch_turn=112 cell=6,10 target_cluster=None
RESULT branch_turn=112 cell=6,10 result=MISS remaining_cells=4 target_cluster=None
BRANCH branch_turn=? n=18 remaining_cells=4 beam_states=0 heat_cell=6,9 beam_cell=6,9 chosen_cell=6,9 heat_rank_of_beam=1 beam_rank_of_heat=1 chosen_heat_rank=1 chosen_beam_rank=1 heat_best=0.813761952 heat_second=0.813512007 beam_best=0.000000000 beam_second=0.000000000 heat_cell_beam=0.000000000 beam_cell_heat=0.813761952 chosen_heat=0.813761952 chosen_beam=0.000000000 beam_entropy=0.000000000
DECISION branch_turn=113 cell=6,9 target_cluster=None
RESULT branch_turn=113 cell=6,9 result=MISS remaining_cells=4 target_cluster=None
BRANCH branch_turn=? n=18 remaining_cells=4 beam_states=0 heat_cell=7,11 beam_cell=7,11 chosen_cell=7,11 heat_rank_of_beam=1 beam_rank_of_heat=1 chosen_heat_rank=1 chosen_beam_rank=1 heat_best=0.818409748 heat_second=0.817005729 beam_best=0.000000000 beam_second=0.000000000 heat_cell_beam=0.000000000 beam_cell_heat=0.818409748 chosen_heat=0.818409748 chosen_beam=0.000000000 beam_entropy=0.000000000
DECISION branch_turn=114 cell=7,11 target_cluster=None
RESULT branch_turn=114 cell=7,11 result=MISS remaining_cells=4 target_cluster=None
BRANCH branch_turn=? n=18 remaining_cells=4 beam_states=0 heat_cell=7,9 beam_cell=7,9 chosen_cell=7,9 heat_rank_of_beam=1 beam_rank_of_heat=1 chosen_heat_rank=1 chosen_beam_rank=1 heat_best=0.821461416 heat_second=0.821035144 beam_best=0.000000000 beam_second=0.000000000 heat_cell_beam=0.000000000 beam_cell_heat=0.821461416 chosen_heat=0.821461416 chosen_beam=0.000000000 beam_entropy=0.000000000
DECISION branch_turn=115 cell=7,9 target_cluster=None
RESULT branch_turn=115 cell=7,9 result=MISS remaining_cells=4 target_cluster=None
BRANCH branch_turn=? n=18 remaining_cells=4 beam_states=0 heat_cell=4,9 beam_cell=4,9 chosen_cell=4,9 heat_rank_of_beam=1 beam_rank_of_heat=1 chosen_heat_rank=1 chosen_beam_rank=1 heat_best=0.826419362 heat_second=0.824515431 beam_best=0.000000000 beam_second=0.000000000 heat_cell_beam=0.000000000 beam_cell_heat=0.826419362 chosen_heat=0.826419362 chosen_beam=0.000000000 beam_entropy=0.000000000
DECISION branch_turn=116 cell=4,9 target_cluster=None
RESULT branch_turn=116 cell=4,9 result=MISS remaining_cells=4 target_cluster=None
BRANCH branch_turn=? n=18 remaining_cells=4 beam_states=0 heat_cell=2,9 beam_cell=2,9 chosen_cell=2,9 heat_rank_of_beam=1 beam_rank_of_heat=1 chosen_heat_rank=1 chosen_beam_rank=1 heat_best=0.829250175 heat_second=0.828333502 beam_best=0.000000000 beam_second=0.000000000 heat_cell_beam=0.000000000 beam_cell_heat=0.829250175 chosen_heat=0.829250175 chosen_beam=0.000000000 beam_entropy=0.000000000
DECISION branch_turn=117 cell=2,9 target_cluster=None
RESULT branch_turn=117 cell=2,9 result=MISS remaining_cells=4 target_cluster=None
BRANCH branch_turn=? n=18 remaining_cells=4 beam_states=0 heat_cell=4,11 beam_cell=4,11 chosen_cell=4,11 heat_rank_of_beam=1 beam_rank_of_heat=1 chosen_heat_rank=1 chosen_beam_rank=1 heat_best=0.833529186 heat_second=0.833096236 beam_best=0.000000000 beam_second=0.000000000 heat_cell_beam=0.000000000 beam_cell_heat=0.833529186 chosen_heat=0.833529186 chosen_beam=0.000000000 beam_entropy=0.000000000
DECISION branch_turn=118 cell=4,11 target_cluster=None
RESULT branch_turn=118 cell=4,11 result=MISS remaining_cells=4 target_cluster=None
BRANCH branch_turn=? n=18 remaining_cells=4 beam_states=0 heat_cell=6,13 beam_cell=6,13 chosen_cell=6,13 heat_rank_of_beam=1 beam_rank_of_heat=1 chosen_heat_rank=1 chosen_beam_rank=1 heat_best=0.838729334 heat_second=0.837712476 beam_best=0.000000000 beam_second=0.000000000 heat_cell_beam=0.000000000 beam_cell_heat=0.838729334 chosen_heat=0.838729334 chosen_beam=0.000000000 beam_entropy=0.000000000
DECISION branch_turn=119 cell=6,13 target_cluster=None
RESULT branch_turn=119 cell=6,13 result=MISS remaining_cells=4 target_cluster=None
BRANCH branch_turn=? n=18 remaining_cells=4 beam_states=0 heat_cell=8,14 beam_cell=8,14 chosen_cell=8,14 heat_rank_of_beam=1 beam_rank_of_heat=1 chosen_heat_rank=1 chosen_beam_rank=1 heat_best=0.844369981 heat_second=0.843863885 beam_best=0.000000000 beam_second=0.000000000 heat_cell_beam=0.000000000 beam_cell_heat=0.844369981 chosen_heat=0.844369981 chosen_beam=0.000000000 beam_entropy=0.000000000
DECISION branch_turn=120 cell=8,14 target_cluster=None
RESULT branch_turn=120 cell=8,14 result=MISS remaining_cells=4 target_cluster=None
BRANCH branch_turn=? n=18 remaining_cells=4 beam_states=0 heat_cell=7,15 beam_cell=7,15 chosen_cell=7,15 heat_rank_of_beam=1 beam_rank_of_heat=1 chosen_heat_rank=1 chosen_beam_rank=1 heat_best=0.847141378 heat_second=0.846469793 beam_best=0.000000000 beam_second=0.000000000 heat_cell_beam=0.000000000 beam_cell_heat=0.847141378 chosen_heat=0.847141378 chosen_beam=0.000000000 beam_entropy=0.000000000
DECISION branch_turn=121 cell=7,15 target_cluster=None
RESULT branch_turn=121 cell=7,15 result=MISS remaining_cells=4 target_cluster=None
BRANCH branch_turn=? n=18 remaining_cells=4 beam_states=0 heat_cell=4,13 beam_cell=4,13 chosen_cell=4,13 heat_rank_of_beam=1 beam_rank_of_heat=1 chosen_heat_rank=1 chosen_beam_rank=1 heat_best=0.851050094 heat_second=0.850816582 beam_best=0.000000000 beam_second=0.000000000 heat_cell_beam=0.000000000 beam_cell_heat=0.851050094 chosen_heat=0.851050094 chosen_beam=0.000000000 beam_entropy=0.000000000
DECISION branch_turn=122 cell=4,13 target_cluster=None
RESULT branch_turn=122 cell=4,13 result=MISS remaining_cells=4 target_cluster=None
BRANCH branch_turn=? n=18 remaining_cells=4 beam_states=0 heat_cell=1,9 beam_cell=1,9 chosen_cell=1,9 heat_rank_of_beam=1 beam_rank_of_heat=1 chosen_heat_rank=1 chosen_beam_rank=1 heat_best=0.856438101 heat_second=0.856395901 beam_best=0.000000000 beam_second=0.000000000 heat_cell_beam=0.000000000 beam_cell_heat=0.856438101 chosen_heat=0.856438101 chosen_beam=0.000000000 beam_entropy=0.000000000
DECISION branch_turn=123 cell=1,9 target_cluster=None
RESULT branch_turn=123 cell=1,9 result=MISS remaining_cells=4 target_cluster=None
BRANCH branch_turn=? n=18 remaining_cells=4 beam_states=0 heat_cell=7,13 beam_cell=7,13 chosen_cell=7,13 heat_rank_of_beam=1 beam_rank_of_heat=1 chosen_heat_rank=1 chosen_beam_rank=1 heat_best=0.863663988 heat_second=0.862075688 beam_best=0.000000000 beam_second=0.000000000 heat_cell_beam=0.000000000 beam_cell_heat=0.863663988 chosen_heat=0.863663988 chosen_beam=0.000000000 beam_entropy=0.000000000
DECISION branch_turn=124 cell=7,13 target_cluster=None
RESULT branch_turn=124 cell=7,13 result=MISS remaining_cells=4 target_cluster=None
BRANCH branch_turn=? n=18 remaining_cells=4 beam_states=0 heat_cell=6,14 beam_cell=6,14 chosen_cell=6,14 heat_rank_of_beam=1 beam_rank_of_heat=1 chosen_heat_rank=1 chosen_beam_rank=1 heat_best=0.866375948 heat_second=0.865399715 beam_best=0.000000000 beam_second=0.000000000 heat_cell_beam=0.000000000 beam_cell_heat=0.866375948 chosen_heat=0.866375948 chosen_beam=0.000000000 beam_entropy=0.000000000
DECISION branch_turn=125 cell=6,14 target_cluster=None
RESULT branch_turn=125 cell=6,14 result=MISS remaining_cells=4 target_cluster=None
BRANCH branch_turn=? n=18 remaining_cells=4 beam_states=0 heat_cell=4,12 beam_cell=4,12 chosen_cell=4,12 heat_rank_of_beam=1 beam_rank_of_heat=1 chosen_heat_rank=1 chosen_beam_rank=1 heat_best=0.872374681 heat_second=0.871258954 beam_best=0.000000000 beam_second=0.000000000 heat_cell_beam=0.000000000 beam_cell_heat=0.872374681 chosen_heat=0.872374681 chosen_beam=0.000000000 beam_entropy=0.000000000
DECISION branch_turn=126 cell=4,12 target_cluster=None
RESULT branch_turn=126 cell=4,12 result=MISS remaining_cells=4 target_cluster=None
BRANCH branch_turn=? n=18 remaining_cells=4 beam_states=0 heat_cell=8,16 beam_cell=8,16 chosen_cell=8,16 heat_rank_of_beam=1 beam_rank_of_heat=1 chosen_heat_rank=1 chosen_beam_rank=1 heat_best=0.878086149 heat_second=0.876521288 beam_best=0.000000000 beam_second=0.000000000 heat_cell_beam=0.000000000 beam_cell_heat=0.878086149 chosen_heat=0.878086149 chosen_beam=0.000000000 beam_entropy=0.000000000
DECISION branch_turn=127 cell=8,16 target_cluster=None
RESULT branch_turn=127 cell=8,16 result=MISS remaining_cells=4 target_cluster=None
BRANCH branch_turn=? n=18 remaining_cells=4 beam_states=0 heat_cell=7,16 beam_cell=7,16 chosen_cell=7,16 heat_rank_of_beam=1 beam_rank_of_heat=1 chosen_heat_rank=1 chosen_beam_rank=1 heat_best=0.882327053 heat_second=0.882177862 beam_best=0.000000000 beam_second=0.000000000 heat_cell_beam=0.000000000 beam_cell_heat=0.882327053 chosen_heat=0.882327053 chosen_beam=0.000000000 beam_entropy=0.000000000
DECISION branch_turn=128 cell=7,16 target_cluster=None
RESULT branch_turn=128 cell=7,16 result=MISS remaining_cells=4 target_cluster=None
BRANCH branch_turn=? n=18 remaining_cells=4 beam_states=0 heat_cell=2,11 beam_cell=2,11 chosen_cell=2,11 heat_rank_of_beam=1 beam_rank_of_heat=1 chosen_heat_rank=1 chosen_beam_rank=1 heat_best=0.887702861 heat_second=0.885904411 beam_best=0.000000000 beam_second=0.000000000 heat_cell_beam=0.000000000 beam_cell_heat=0.887702861 chosen_heat=0.887702861 chosen_beam=0.000000000 beam_entropy=0.000000000
DECISION branch_turn=129 cell=2,11 target_cluster=None
RESULT branch_turn=129 cell=2,11 result=MISS remaining_cells=4 target_cluster=None
BRANCH branch_turn=? n=18 remaining_cells=4 beam_states=0 heat_cell=8,17 beam_cell=8,17 chosen_cell=8,17 heat_rank_of_beam=1 beam_rank_of_heat=1 chosen_heat_rank=1 chosen_beam_rank=1 heat_best=0.893794694 heat_second=0.892380676 beam_best=0.000000000 beam_second=0.000000000 heat_cell_beam=0.000000000 beam_cell_heat=0.893794694 chosen_heat=0.893794694 chosen_beam=0.000000000 beam_entropy=0.000000000
DECISION branch_turn=130 cell=8,17 target_cluster=None
RESULT branch_turn=130 cell=8,17 result=MISS remaining_cells=4 target_cluster=None
BRANCH branch_turn=? n=18 remaining_cells=4 beam_states=0 heat_cell=1,10 beam_cell=1,10 chosen_cell=1,10 heat_rank_of_beam=1 beam_rank_of_heat=1 chosen_heat_rank=1 chosen_beam_rank=1 heat_best=0.899973880 heat_second=0.898741483 beam_best=0.000000000 beam_second=0.000000000 heat_cell_beam=0.000000000 beam_cell_heat=0.899973880 chosen_heat=0.899973880 chosen_beam=0.000000000 beam_entropy=0.000000000
DECISION branch_turn=131 cell=1,10 target_cluster=None
RESULT branch_turn=131 cell=1,10 result=MISS remaining_cells=4 target_cluster=None
BRANCH branch_turn=? n=18 remaining_cells=4 beam_states=0 heat_cell=2,12 beam_cell=2,12 chosen_cell=2,12 heat_rank_of_beam=1 beam_rank_of_heat=1 chosen_heat_rank=1 chosen_beam_rank=1 heat_best=0.905040126 heat_second=0.904386844 beam_best=0.000000000 beam_second=0.000000000 heat_cell_beam=0.000000000 beam_cell_heat=0.905040126 chosen_heat=0.905040126 chosen_beam=0.000000000 beam_entropy=0.000000000
DECISION branch_turn=132 cell=2,12 target_cluster=None
RESULT branch_turn=132 cell=2,12 result=MISS remaining_cells=4 target_cluster=None
BRANCH branch_turn=? n=18 remaining_cells=4 beam_states=0 heat_cell=7,17 beam_cell=7,17 chosen_cell=7,17 heat_rank_of_beam=1 beam_rank_of_heat=1 chosen_heat_rank=1 chosen_beam_rank=1 heat_best=0.910466862 heat_second=0.909855501 beam_best=0.000000000 beam_second=0.000000000 heat_cell_beam=0.000000000 beam_cell_heat=0.910466862 chosen_heat=0.910466862 chosen_beam=0.000000000 beam_entropy=0.000000000
DECISION branch_turn=133 cell=7,17 target_cluster=None
RESULT branch_turn=133 cell=7,17 result=MISS remaining_cells=4 target_cluster=None
BRANCH branch_turn=? n=18 remaining_cells=4 beam_states=0 heat_cell=6,16 beam_cell=6,16 chosen_cell=6,16 heat_rank_of_beam=1 beam_rank_of_heat=1 chosen_heat_rank=1 chosen_beam_rank=1 heat_best=0.917416282 heat_second=0.916547833 beam_best=0.000000000 beam_second=0.000000000 heat_cell_beam=0.000000000 beam_cell_heat=0.917416282 chosen_heat=0.917416282 chosen_beam=0.000000000 beam_entropy=0.000000000
DECISION branch_turn=134 cell=6,16 target_cluster=None
RESULT branch_turn=134 cell=6,16 result=MISS remaining_cells=4 target_cluster=None
BRANCH branch_turn=? n=18 remaining_cells=4 beam_states=0 heat_cell=0,10 beam_cell=0,10 chosen_cell=0,10 heat_rank_of_beam=1 beam_rank_of_heat=1 chosen_heat_rank=1 chosen_beam_rank=1 heat_best=0.923590072 heat_second=0.923068644 beam_best=0.000000000 beam_second=0.000000000 heat_cell_beam=0.000000000 beam_cell_heat=0.923590072 chosen_heat=0.923590072 chosen_beam=0.000000000 beam_entropy=0.000000000
DECISION branch_turn=135 cell=0,10 target_cluster=None
RESULT branch_turn=135 cell=0,10 result=MISS remaining_cells=4 target_cluster=None
BRANCH branch_turn=? n=18 remaining_cells=4 beam_states=0 heat_cell=0,11 beam_cell=0,11 chosen_cell=0,11 heat_rank_of_beam=1 beam_rank_of_heat=1 chosen_heat_rank=1 chosen_beam_rank=1 heat_best=0.929121165 heat_second=0.929106983 beam_best=0.000000000 beam_second=0.000000000 heat_cell_beam=0.000000000 beam_cell_heat=0.929121165 chosen_heat=0.929121165 chosen_beam=0.000000000 beam_entropy=0.000000000
DECISION branch_turn=136 cell=0,11 target_cluster=None
RESULT branch_turn=136 cell=0,11 result=MISS remaining_cells=4 target_cluster=None
BRANCH branch_turn=? n=18 remaining_cells=4 beam_states=0 heat_cell=4,15 beam_cell=4,15 chosen_cell=4,15 heat_rank_of_beam=1 beam_rank_of_heat=1 chosen_heat_rank=1 chosen_beam_rank=1 heat_best=0.935789848 heat_second=0.934872116 beam_best=0.000000000 beam_second=0.000000000 heat_cell_beam=0.000000000 beam_cell_heat=0.935789848 chosen_heat=0.935789848 chosen_beam=0.000000000 beam_entropy=0.000000000
DECISION branch_turn=137 cell=4,15 target_cluster=None
RESULT branch_turn=137 cell=4,15 result=MISS remaining_cells=4 target_cluster=None
BRANCH branch_turn=? n=18 remaining_cells=4 beam_states=0 heat_cell=1,12 beam_cell=1,12 chosen_cell=1,12 heat_rank_of_beam=1 beam_rank_of_heat=1 chosen_heat_rank=1 chosen_beam_rank=1 heat_best=0.942636780 heat_second=0.942016976 beam_best=0.000000000 beam_second=0.000000000 heat_cell_beam=0.000000000 beam_cell_heat=0.942636780 chosen_heat=0.942636780 chosen_beam=0.000000000 beam_entropy=0.000000000
DECISION branch_turn=138 cell=1,12 target_cluster=None
RESULT branch_turn=138 cell=1,12 result=MISS remaining_cells=4 target_cluster=None
BRANCH branch_turn=? n=18 remaining_cells=4 beam_states=0 heat_cell=3,13 beam_cell=3,13 chosen_cell=3,13 heat_rank_of_beam=1 beam_rank_of_heat=1 chosen_heat_rank=1 chosen_beam_rank=1 heat_best=0.950920502 heat_second=0.949527602 beam_best=0.000000000 beam_second=0.000000000 heat_cell_beam=0.000000000 beam_cell_heat=0.950920502 chosen_heat=0.950920502 chosen_beam=0.000000000 beam_entropy=0.000000000
DECISION branch_turn=139 cell=3,13 target_cluster=None
RESULT branch_turn=139 cell=3,13 result=HIT remaining_cells=4 target_cluster=None
DECISION branch_turn=140 cell=3,14 target_cluster=Some(1)
RESULT branch_turn=140 cell=3,14 result=KILL remaining_cells=3 target_cluster=Some(1)
BRANCH branch_turn=? n=18 remaining_cells=2 beam_states=0 heat_cell=11,7 beam_cell=11,7 chosen_cell=11,7 heat_rank_of_beam=1 beam_rank_of_heat=1 chosen_heat_rank=1 chosen_beam_rank=1 heat_best=1.190420894 heat_second=1.187427883 beam_best=0.000000000 beam_second=0.000000000 heat_cell_beam=0.000000000 beam_cell_heat=1.190420894 chosen_heat=1.190420894 chosen_beam=0.000000000 beam_entropy=0.000000000
DECISION branch_turn=141 cell=11,7 target_cluster=None
RESULT branch_turn=141 cell=11,7 result=MISS remaining_cells=2 target_cluster=None
BRANCH branch_turn=? n=18 remaining_cells=2 beam_states=0 heat_cell=9,2 beam_cell=9,2 chosen_cell=9,2 heat_rank_of_beam=1 beam_rank_of_heat=1 chosen_heat_rank=1 chosen_beam_rank=1 heat_best=1.460674994 heat_second=1.460540494 beam_best=0.000000000 beam_second=0.000000000 heat_cell_beam=0.000000000 beam_cell_heat=1.460674994 chosen_heat=1.460674994 chosen_beam=0.000000000 beam_entropy=0.000000000
DECISION branch_turn=142 cell=9,2 target_cluster=None
RESULT branch_turn=142 cell=9,2 result=MISS remaining_cells=2 target_cluster=None
BRANCH branch_turn=? n=18 remaining_cells=2 beam_states=0 heat_cell=17,8 beam_cell=17,8 chosen_cell=17,8 heat_rank_of_beam=1 beam_rank_of_heat=1 chosen_heat_rank=1 chosen_beam_rank=1 heat_best=1.889660581 heat_second=1.881605022 beam_best=0.000000000 beam_second=0.000000000 heat_cell_beam=0.000000000 beam_cell_heat=1.889660581 chosen_heat=1.889660581 chosen_beam=0.000000000 beam_entropy=0.000000000
DECISION branch_turn=143 cell=17,8 target_cluster=None
RESULT branch_turn=143 cell=17,8 result=MISS remaining_cells=2 target_cluster=None
BRANCH branch_turn=? n=18 remaining_cells=2 beam_states=0 heat_cell=17,0 beam_cell=17,0 chosen_cell=17,0 heat_rank_of_beam=1 beam_rank_of_heat=1 chosen_heat_rank=1 chosen_beam_rank=1 heat_best=2.657836656 heat_second=1.482049928 beam_best=0.000000000 beam_second=0.000000000 heat_cell_beam=0.000000000 beam_cell_heat=2.657836656 chosen_heat=2.657836656 chosen_beam=0.000000000 beam_entropy=0.000000000
DECISION branch_turn=144 cell=17,0 target_cluster=None
RESULT branch_turn=144 cell=17,0 result=MISS remaining_cells=2 target_cluster=None
BRANCH branch_turn=? n=18 remaining_cells=2 beam_states=0 heat_cell=10,6 beam_cell=10,6 chosen_cell=10,6 heat_rank_of_beam=1 beam_rank_of_heat=1 chosen_heat_rank=1 chosen_beam_rank=1 heat_best=2.262609113 heat_second=2.259241028 beam_best=0.000000000 beam_second=0.000000000 heat_cell_beam=0.000000000 beam_cell_heat=2.262609113 chosen_heat=2.262609113 chosen_beam=0.000000000 beam_entropy=0.000000000
DECISION branch_turn=145 cell=10,6 target_cluster=None
RESULT branch_turn=145 cell=10,6 result=MISS remaining_cells=2 target_cluster=None
BRANCH branch_turn=? n=18 remaining_cells=2 beam_states=0 heat_cell=10,0 beam_cell=10,0 chosen_cell=10,0 heat_rank_of_beam=1 beam_rank_of_heat=1 chosen_heat_rank=1 chosen_beam_rank=1 heat_best=3.412414268 heat_second=3.411682839 beam_best=0.000000000 beam_second=0.000000000 heat_cell_beam=0.000000000 beam_cell_heat=3.412414268 chosen_heat=3.412414268 chosen_beam=0.000000000 beam_entropy=0.000000000
DECISION branch_turn=146 cell=10,0 target_cluster=None
RESULT branch_turn=146 cell=10,0 result=MISS remaining_cells=2 target_cluster=None
BRANCH branch_turn=? n=18 remaining_cells=2 beam_states=0 heat_cell=15,6 beam_cell=15,6 chosen_cell=15,6 heat_rank_of_beam=1 beam_rank_of_heat=1 chosen_heat_rank=1 chosen_beam_rank=1 heat_best=6.881317950 heat_second=6.881232675 beam_best=0.000000000 beam_second=0.000000000 heat_cell_beam=0.000000000 beam_cell_heat=6.881317950 chosen_heat=6.881317950 chosen_beam=0.000000000 beam_entropy=0.000000000
DECISION branch_turn=147 cell=15,6 target_cluster=None
RESULT branch_turn=147 cell=15,6 result=MISS remaining_cells=2 target_cluster=None
BRANCH branch_turn=? n=18 remaining_cells=2 beam_states=0 heat_cell=6,17 beam_cell=6,17 chosen_cell=6,17 heat_rank_of_beam=1 beam_rank_of_heat=1 chosen_heat_rank=1 chosen_beam_rank=1 heat_best=0.057214690 heat_second=0.055911303 beam_best=0.000000000 beam_second=0.000000000 heat_cell_beam=0.000000000 beam_cell_heat=0.057214690 chosen_heat=0.057214690 chosen_beam=0.000000000 beam_entropy=0.000000000
DECISION branch_turn=148 cell=6,17 target_cluster=None
RESULT branch_turn=148 cell=6,17 result=MISS remaining_cells=2 target_cluster=None
BRANCH branch_turn=? n=18 remaining_cells=2 beam_states=0 heat_cell=0,12 beam_cell=0,12 chosen_cell=0,12 heat_rank_of_beam=1 beam_rank_of_heat=1 chosen_heat_rank=1 chosen_beam_rank=1 heat_best=0.055956104 heat_second=0.055828523 beam_best=0.000000000 beam_second=0.000000000 heat_cell_beam=0.000000000 beam_cell_heat=0.055956104 chosen_heat=0.055956104 chosen_beam=0.000000000 beam_entropy=0.000000000
DECISION branch_turn=149 cell=0,12 target_cluster=None
RESULT branch_turn=149 cell=0,12 result=MISS remaining_cells=2 target_cluster=None
BRANCH branch_turn=? n=18 remaining_cells=2 beam_states=0 heat_cell=3,16 beam_cell=3,16 chosen_cell=3,16 heat_rank_of_beam=1 beam_rank_of_heat=1 chosen_heat_rank=1 chosen_beam_rank=1 heat_best=0.057446916 heat_second=0.056113480 beam_best=0.000000000 beam_second=0.000000000 heat_cell_beam=0.000000000 beam_cell_heat=0.057446916 chosen_heat=0.057446916 chosen_beam=0.000000000 beam_entropy=0.000000000
DECISION branch_turn=150 cell=3,16 target_cluster=None
RESULT branch_turn=150 cell=3,16 result=MISS remaining_cells=2 target_cluster=None
BRANCH branch_turn=? n=18 remaining_cells=2 beam_states=0 heat_cell=2,14 beam_cell=2,14 chosen_cell=2,14 heat_rank_of_beam=1 beam_rank_of_heat=1 chosen_heat_rank=1 chosen_beam_rank=1 heat_best=0.059522399 heat_second=0.058911519 beam_best=0.000000000 beam_second=0.000000000 heat_cell_beam=0.000000000 beam_cell_heat=0.059522399 chosen_heat=0.059522399 chosen_beam=0.000000000 beam_entropy=0.000000000
DECISION branch_turn=151 cell=2,14 target_cluster=None
RESULT branch_turn=151 cell=2,14 result=MISS remaining_cells=2 target_cluster=None
BRANCH branch_turn=? n=18 remaining_cells=2 beam_states=0 heat_cell=2,15 beam_cell=2,15 chosen_cell=2,15 heat_rank_of_beam=1 beam_rank_of_heat=1 chosen_heat_rank=1 chosen_beam_rank=1 heat_best=0.059430257 heat_second=0.059208141 beam_best=0.000000000 beam_second=0.000000000 heat_cell_beam=0.000000000 beam_cell_heat=0.059430257 chosen_heat=0.059430257 chosen_beam=0.000000000 beam_entropy=0.000000000
DECISION branch_turn=152 cell=2,15 target_cluster=None
RESULT branch_turn=152 cell=2,15 result=MISS remaining_cells=2 target_cluster=None
BRANCH branch_turn=? n=18 remaining_cells=2 beam_states=0 heat_cell=4,16 beam_cell=4,16 chosen_cell=4,16 heat_rank_of_beam=1 beam_rank_of_heat=1 chosen_heat_rank=1 chosen_beam_rank=1 heat_best=0.061959222 heat_second=0.060615251 beam_best=0.000000000 beam_second=0.000000000 heat_cell_beam=0.000000000 beam_cell_heat=0.061959222 chosen_heat=0.061959222 chosen_beam=0.000000000 beam_entropy=0.000000000
DECISION branch_turn=153 cell=4,16 target_cluster=None
RESULT branch_turn=153 cell=4,16 result=MISS remaining_cells=2 target_cluster=None
BRANCH branch_turn=? n=18 remaining_cells=2 beam_states=0 heat_cell=1,13 beam_cell=1,13 chosen_cell=1,13 heat_rank_of_beam=1 beam_rank_of_heat=1 chosen_heat_rank=1 chosen_beam_rank=1 heat_best=0.063109272 heat_second=0.059078413 beam_best=0.000000000 beam_second=0.000000000 heat_cell_beam=0.000000000 beam_cell_heat=0.063109272 chosen_heat=0.063109272 chosen_beam=0.000000000 beam_entropy=0.000000000
DECISION branch_turn=154 cell=1,13 target_cluster=None
RESULT branch_turn=154 cell=1,13 result=MISS remaining_cells=2 target_cluster=None
BRANCH branch_turn=? n=18 remaining_cells=2 beam_states=0 heat_cell=0,14 beam_cell=0,14 chosen_cell=0,14 heat_rank_of_beam=1 beam_rank_of_heat=1 chosen_heat_rank=1 chosen_beam_rank=1 heat_best=0.062876042 heat_second=0.061822436 beam_best=0.000000000 beam_second=0.000000000 heat_cell_beam=0.000000000 beam_cell_heat=0.062876042 chosen_heat=0.062876042 chosen_beam=0.000000000 beam_entropy=0.000000000
DECISION branch_turn=155 cell=0,14 target_cluster=None
RESULT branch_turn=155 cell=0,14 result=MISS remaining_cells=2 target_cluster=None
BRANCH branch_turn=? n=18 remaining_cells=2 beam_states=0 heat_cell=1,15 beam_cell=1,15 chosen_cell=1,15 heat_rank_of_beam=1 beam_rank_of_heat=1 chosen_heat_rank=1 chosen_beam_rank=1 heat_best=0.063284879 heat_second=0.061974888 beam_best=0.000000000 beam_second=0.000000000 heat_cell_beam=0.000000000 beam_cell_heat=0.063284879 chosen_heat=0.063284879 chosen_beam=0.000000000 beam_entropy=0.000000000
DECISION branch_turn=156 cell=1,15 target_cluster=None
RESULT branch_turn=156 cell=1,15 result=MISS remaining_cells=2 target_cluster=None
BRANCH branch_turn=? n=18 remaining_cells=2 beam_states=0 heat_cell=4,17 beam_cell=4,17 chosen_cell=4,17 heat_rank_of_beam=1 beam_rank_of_heat=1 chosen_heat_rank=1 chosen_beam_rank=1 heat_best=0.062997413 heat_second=0.062987616 beam_best=0.000000000 beam_second=0.000000000 heat_cell_beam=0.000000000 beam_cell_heat=0.062997413 chosen_heat=0.062997413 chosen_beam=0.000000000 beam_entropy=0.000000000
DECISION branch_turn=157 cell=4,17 target_cluster=None
RESULT branch_turn=157 cell=4,17 result=MISS remaining_cells=2 target_cluster=None
BRANCH branch_turn=? n=18 remaining_cells=2 beam_states=0 heat_cell=2,17 beam_cell=2,17 chosen_cell=2,17 heat_rank_of_beam=1 beam_rank_of_heat=1 chosen_heat_rank=1 chosen_beam_rank=1 heat_best=0.066091369 heat_second=0.063710212 beam_best=0.000000000 beam_second=0.000000000 heat_cell_beam=0.000000000 beam_cell_heat=0.066091369 chosen_heat=0.066091369 chosen_beam=0.000000000 beam_entropy=0.000000000
DECISION branch_turn=158 cell=2,17 target_cluster=None
RESULT branch_turn=158 cell=2,17 result=MISS remaining_cells=2 target_cluster=None
BRANCH branch_turn=? n=18 remaining_cells=2 beam_states=0 heat_cell=1,16 beam_cell=1,16 chosen_cell=1,16 heat_rank_of_beam=1 beam_rank_of_heat=1 chosen_heat_rank=1 chosen_beam_rank=1 heat_best=0.066665869 heat_second=0.066446892 beam_best=0.000000000 beam_second=0.000000000 heat_cell_beam=0.000000000 beam_cell_heat=0.066665869 chosen_heat=0.066665869 chosen_beam=0.000000000 beam_entropy=0.000000000
DECISION branch_turn=159 cell=1,16 target_cluster=None
RESULT branch_turn=159 cell=1,16 result=MISS remaining_cells=2 target_cluster=None
BRANCH branch_turn=? n=18 remaining_cells=2 beam_states=0 heat_cell=1,17 beam_cell=1,17 chosen_cell=1,17 heat_rank_of_beam=1 beam_rank_of_heat=1 chosen_heat_rank=1 chosen_beam_rank=1 heat_best=0.067746274 heat_second=0.066866083 beam_best=0.000000000 beam_second=0.000000000 heat_cell_beam=0.000000000 beam_cell_heat=0.067746274 chosen_heat=0.067746274 chosen_beam=0.000000000 beam_entropy=0.000000000
DECISION branch_turn=160 cell=1,17 target_cluster=None
RESULT branch_turn=160 cell=1,17 result=KILL remaining_cells=2 target_cluster=None
BRANCH branch_turn=? n=18 remaining_cells=1 beam_states=0 heat_cell=9,10 beam_cell=9,10 chosen_cell=9,10 heat_rank_of_beam=1 beam_rank_of_heat=1 chosen_heat_rank=1 chosen_beam_rank=1 heat_best=0.019155621 heat_second=0.019042809 beam_best=0.000000000 beam_second=0.000000000 heat_cell_beam=0.000000000 beam_cell_heat=0.019155621 chosen_heat=0.019155621 chosen_beam=0.000000000 beam_entropy=0.000000000
DECISION branch_turn=161 cell=9,10 target_cluster=None
RESULT branch_turn=161 cell=9,10 result=MISS remaining_cells=1 target_cluster=None
BRANCH branch_turn=? n=18 remaining_cells=1 beam_states=0 heat_cell=8,7 beam_cell=8,7 chosen_cell=8,7 heat_rank_of_beam=1 beam_rank_of_heat=1 chosen_heat_rank=1 chosen_beam_rank=1 heat_best=0.019349264 heat_second=0.019166772 beam_best=0.000000000 beam_second=0.000000000 heat_cell_beam=0.000000000 beam_cell_heat=0.019349264 chosen_heat=0.019349264 chosen_beam=0.000000000 beam_entropy=0.000000000
DECISION branch_turn=162 cell=8,7 target_cluster=None
RESULT branch_turn=162 cell=8,7 result=MISS remaining_cells=1 target_cluster=None
BRANCH branch_turn=? n=18 remaining_cells=1 beam_states=0 heat_cell=9,9 beam_cell=9,9 chosen_cell=9,9 heat_rank_of_beam=1 beam_rank_of_heat=1 chosen_heat_rank=1 chosen_beam_rank=1 heat_best=0.019899822 heat_second=0.018202775 beam_best=0.000000000 beam_second=0.000000000 heat_cell_beam=0.000000000 beam_cell_heat=0.019899822 chosen_heat=0.019899822 chosen_beam=0.000000000 beam_entropy=0.000000000
DECISION branch_turn=163 cell=9,9 target_cluster=None
RESULT branch_turn=163 cell=9,9 result=MISS remaining_cells=1 target_cluster=None
BRANCH branch_turn=? n=18 remaining_cells=1 beam_states=0 heat_cell=10,9 beam_cell=10,9 chosen_cell=10,9 heat_rank_of_beam=1 beam_rank_of_heat=1 chosen_heat_rank=1 chosen_beam_rank=1 heat_best=0.020290736 heat_second=0.020030596 beam_best=0.000000000 beam_second=0.000000000 heat_cell_beam=0.000000000 beam_cell_heat=0.020290736 chosen_heat=0.020290736 chosen_beam=0.000000000 beam_entropy=0.000000000
DECISION branch_turn=164 cell=10,9 target_cluster=None
RESULT branch_turn=164 cell=10,9 result=MISS remaining_cells=1 target_cluster=None
BRANCH branch_turn=? n=18 remaining_cells=1 beam_states=0 heat_cell=9,11 beam_cell=9,11 chosen_cell=9,11 heat_rank_of_beam=1 beam_rank_of_heat=1 chosen_heat_rank=1 chosen_beam_rank=1 heat_best=0.019234417 heat_second=0.018916590 beam_best=0.000000000 beam_second=0.000000000 heat_cell_beam=0.000000000 beam_cell_heat=0.019234417 chosen_heat=0.019234417 chosen_beam=0.000000000 beam_entropy=0.000000000
DECISION branch_turn=165 cell=9,11 target_cluster=None
RESULT branch_turn=165 cell=9,11 result=MISS remaining_cells=1 target_cluster=None
BRANCH branch_turn=? n=18 remaining_cells=1 beam_states=0 heat_cell=7,8 beam_cell=7,8 chosen_cell=7,8 heat_rank_of_beam=1 beam_rank_of_heat=1 chosen_heat_rank=1 chosen_beam_rank=1 heat_best=0.017617192 heat_second=0.017327898 beam_best=0.000000000 beam_second=0.000000000 heat_cell_beam=0.000000000 beam_cell_heat=0.017617192 chosen_heat=0.017617192 chosen_beam=0.000000000 beam_entropy=0.000000000
DECISION branch_turn=166 cell=7,8 target_cluster=None
RESULT branch_turn=166 cell=7,8 result=MISS remaining_cells=1 target_cluster=None
BRANCH branch_turn=? n=18 remaining_cells=1 beam_states=0 heat_cell=9,7 beam_cell=9,7 chosen_cell=9,7 heat_rank_of_beam=1 beam_rank_of_heat=1 chosen_heat_rank=1 chosen_beam_rank=1 heat_best=0.020195249 heat_second=0.018559983 beam_best=0.000000000 beam_second=0.000000000 heat_cell_beam=0.000000000 beam_cell_heat=0.020195249 chosen_heat=0.020195249 chosen_beam=0.000000000 beam_entropy=0.000000000
DECISION branch_turn=167 cell=9,7 target_cluster=None
RESULT branch_turn=167 cell=9,7 result=MISS remaining_cells=1 target_cluster=None
BRANCH branch_turn=? n=18 remaining_cells=1 beam_states=0 heat_cell=6,8 beam_cell=6,8 chosen_cell=6,8 heat_rank_of_beam=1 beam_rank_of_heat=1 chosen_heat_rank=1 chosen_beam_rank=1 heat_best=0.018091960 heat_second=0.017727270 beam_best=0.000000000 beam_second=0.000000000 heat_cell_beam=0.000000000 beam_cell_heat=0.018091960 chosen_heat=0.018091960 chosen_beam=0.000000000 beam_entropy=0.000000000
DECISION branch_turn=168 cell=6,8 target_cluster=None
RESULT branch_turn=168 cell=6,8 result=MISS remaining_cells=1 target_cluster=None
BRANCH branch_turn=? n=18 remaining_cells=1 beam_states=0 heat_cell=7,7 beam_cell=7,7 chosen_cell=7,7 heat_rank_of_beam=1 beam_rank_of_heat=1 chosen_heat_rank=1 chosen_beam_rank=1 heat_best=0.018602623 heat_second=0.017143689 beam_best=0.000000000 beam_second=0.000000000 heat_cell_beam=0.000000000 beam_cell_heat=0.018602623 chosen_heat=0.018602623 chosen_beam=0.000000000 beam_entropy=0.000000000
DECISION branch_turn=169 cell=7,7 target_cluster=None
RESULT branch_turn=169 cell=7,7 result=MISS remaining_cells=1 target_cluster=None
BRANCH branch_turn=? n=18 remaining_cells=1 beam_states=0 heat_cell=8,5 beam_cell=8,5 chosen_cell=8,5 heat_rank_of_beam=1 beam_rank_of_heat=1 chosen_heat_rank=1 chosen_beam_rank=1 heat_best=0.018126391 heat_second=0.017251739 beam_best=0.000000000 beam_second=0.000000000 heat_cell_beam=0.000000000 beam_cell_heat=0.018126391 chosen_heat=0.018126391 chosen_beam=0.000000000 beam_entropy=0.000000000
DECISION branch_turn=170 cell=8,5 target_cluster=None
RESULT branch_turn=170 cell=8,5 result=MISS remaining_cells=1 target_cluster=None
BRANCH branch_turn=? n=18 remaining_cells=1 beam_states=0 heat_cell=10,11 beam_cell=10,11 chosen_cell=10,11 heat_rank_of_beam=1 beam_rank_of_heat=1 chosen_heat_rank=1 chosen_beam_rank=1 heat_best=0.017427167 heat_second=0.017190405 beam_best=0.000000000 beam_second=0.000000000 heat_cell_beam=0.000000000 beam_cell_heat=0.017427167 chosen_heat=0.017427167 chosen_beam=0.000000000 beam_entropy=0.000000000
DECISION branch_turn=171 cell=10,11 target_cluster=None
RESULT branch_turn=171 cell=10,11 result=MISS remaining_cells=1 target_cluster=None
BRANCH branch_turn=? n=18 remaining_cells=1 beam_states=0 heat_cell=6,6 beam_cell=6,6 chosen_cell=6,6 heat_rank_of_beam=1 beam_rank_of_heat=1 chosen_heat_rank=1 chosen_beam_rank=1 heat_best=0.017241148 heat_second=0.016963101 beam_best=0.000000000 beam_second=0.000000000 heat_cell_beam=0.000000000 beam_cell_heat=0.017241148 chosen_heat=0.017241148 chosen_beam=0.000000000 beam_entropy=0.000000000
DECISION branch_turn=172 cell=6,6 target_cluster=None
RESULT branch_turn=172 cell=6,6 result=MISS remaining_cells=1 target_cluster=None
BRANCH branch_turn=? n=18 remaining_cells=1 beam_states=0 heat_cell=11,10 beam_cell=11,10 chosen_cell=11,10 heat_rank_of_beam=1 beam_rank_of_heat=1 chosen_heat_rank=1 chosen_beam_rank=1 heat_best=0.018282951 heat_second=0.016199951 beam_best=0.000000000 beam_second=0.000000000 heat_cell_beam=0.000000000 beam_cell_heat=0.018282951 chosen_heat=0.018282951 chosen_beam=0.000000000 beam_entropy=0.000000000
DECISION branch_turn=173 cell=11,10 target_cluster=None
RESULT branch_turn=173 cell=11,10 result=MISS remaining_cells=1 target_cluster=None
BRANCH branch_turn=? n=18 remaining_cells=1 beam_states=0 heat_cell=5,8 beam_cell=5,8 chosen_cell=5,8 heat_rank_of_beam=1 beam_rank_of_heat=1 chosen_heat_rank=1 chosen_beam_rank=1 heat_best=0.017646530 heat_second=0.017198968 beam_best=0.000000000 beam_second=0.000000000 heat_cell_beam=0.000000000 beam_cell_heat=0.017646530 chosen_heat=0.017646530 chosen_beam=0.000000000 beam_entropy=0.000000000
DECISION branch_turn=174 cell=5,8 target_cluster=None
RESULT branch_turn=174 cell=5,8 result=MISS remaining_cells=1 target_cluster=None
BRANCH branch_turn=? n=18 remaining_cells=1 beam_states=0 heat_cell=6,7 beam_cell=6,7 chosen_cell=6,7 heat_rank_of_beam=1 beam_rank_of_heat=1 chosen_heat_rank=1 chosen_beam_rank=1 heat_best=0.018233946 heat_second=0.017973866 beam_best=0.000000000 beam_second=0.000000000 heat_cell_beam=0.000000000 beam_cell_heat=0.018233946 chosen_heat=0.018233946 chosen_beam=0.000000000 beam_entropy=0.000000000
DECISION branch_turn=175 cell=6,7 target_cluster=None
RESULT branch_turn=175 cell=6,7 result=MISS remaining_cells=1 target_cluster=None
BRANCH branch_turn=? n=18 remaining_cells=1 beam_states=0 heat_cell=10,5 beam_cell=10,5 chosen_cell=10,5 heat_rank_of_beam=1 beam_rank_of_heat=1 chosen_heat_rank=1 chosen_beam_rank=1 heat_best=0.017119958 heat_second=0.016667137 beam_best=0.000000000 beam_second=0.000000000 heat_cell_beam=0.000000000 beam_cell_heat=0.017119958 chosen_heat=0.017119958 chosen_beam=0.000000000 beam_entropy=0.000000000
DECISION branch_turn=176 cell=10,5 target_cluster=None
RESULT branch_turn=176 cell=10,5 result=MISS remaining_cells=1 target_cluster=None
BRANCH branch_turn=? n=18 remaining_cells=1 beam_states=0 heat_cell=10,12 beam_cell=10,12 chosen_cell=10,12 heat_rank_of_beam=1 beam_rank_of_heat=1 chosen_heat_rank=1 chosen_beam_rank=1 heat_best=0.017187602 heat_second=0.017105734 beam_best=0.000000000 beam_second=0.000000000 heat_cell_beam=0.000000000 beam_cell_heat=0.017187602 chosen_heat=0.017187602 chosen_beam=0.000000000 beam_entropy=0.000000000
DECISION branch_turn=177 cell=10,12 target_cluster=None
RESULT branch_turn=177 cell=10,12 result=MISS remaining_cells=1 target_cluster=None
BRANCH branch_turn=? n=18 remaining_cells=1 beam_states=0 heat_cell=11,11 beam_cell=11,11 chosen_cell=11,11 heat_rank_of_beam=1 beam_rank_of_heat=1 chosen_heat_rank=1 chosen_beam_rank=1 heat_best=0.017064128 heat_second=0.016240274 beam_best=0.000000000 beam_second=0.000000000 heat_cell_beam=0.000000000 beam_cell_heat=0.017064128 chosen_heat=0.017064128 chosen_beam=0.000000000 beam_entropy=0.000000000
DECISION branch_turn=178 cell=11,11 target_cluster=None
RESULT branch_turn=178 cell=11,11 result=MISS remaining_cells=1 target_cluster=None
BRANCH branch_turn=? n=18 remaining_cells=1 beam_states=0 heat_cell=7,6 beam_cell=7,6 chosen_cell=7,6 heat_rank_of_beam=1 beam_rank_of_heat=1 chosen_heat_rank=1 chosen_beam_rank=1 heat_best=0.017408037 heat_second=0.016765054 beam_best=0.000000000 beam_second=0.000000000 heat_cell_beam=0.000000000 beam_cell_heat=0.017408037 chosen_heat=0.017408037 chosen_beam=0.000000000 beam_entropy=0.000000000
DECISION branch_turn=179 cell=7,6 target_cluster=None
RESULT branch_turn=179 cell=7,6 result=MISS remaining_cells=1 target_cluster=None
BRANCH branch_turn=? n=18 remaining_cells=1 beam_states=0 heat_cell=7,5 beam_cell=7,5 chosen_cell=7,5 heat_rank_of_beam=1 beam_rank_of_heat=1 chosen_heat_rank=1 chosen_beam_rank=1 heat_best=0.016678372 heat_second=0.016564983 beam_best=0.000000000 beam_second=0.000000000 heat_cell_beam=0.000000000 beam_cell_heat=0.016678372 chosen_heat=0.016678372 chosen_beam=0.000000000 beam_entropy=0.000000000
DECISION branch_turn=180 cell=7,5 target_cluster=None
RESULT branch_turn=180 cell=7,5 result=MISS remaining_cells=1 target_cluster=None
BRANCH branch_turn=? n=18 remaining_cells=1 beam_states=0 heat_cell=8,4 beam_cell=8,4 chosen_cell=8,4 heat_rank_of_beam=1 beam_rank_of_heat=1 chosen_heat_rank=1 chosen_beam_rank=1 heat_best=0.016166170 heat_second=0.015665969 beam_best=0.000000000 beam_second=0.000000000 heat_cell_beam=0.000000000 beam_cell_heat=0.016166170 chosen_heat=0.016166170 chosen_beam=0.000000000 beam_entropy=0.000000000
DECISION branch_turn=181 cell=8,4 target_cluster=None
RESULT branch_turn=181 cell=8,4 result=MISS remaining_cells=1 target_cluster=None
BRANCH branch_turn=? n=18 remaining_cells=1 beam_states=0 heat_cell=12,10 beam_cell=12,10 chosen_cell=12,10 heat_rank_of_beam=1 beam_rank_of_heat=1 chosen_heat_rank=1 chosen_beam_rank=1 heat_best=0.017240081 heat_second=0.017017065 beam_best=0.000000000 beam_second=0.000000000 heat_cell_beam=0.000000000 beam_cell_heat=0.017240081 chosen_heat=0.017240081 chosen_beam=0.000000000 beam_entropy=0.000000000
DECISION branch_turn=182 cell=12,10 target_cluster=None
RESULT branch_turn=182 cell=12,10 result=MISS remaining_cells=1 target_cluster=None
BRANCH branch_turn=? n=18 remaining_cells=1 beam_states=0 heat_cell=11,6 beam_cell=11,6 chosen_cell=11,6 heat_rank_of_beam=1 beam_rank_of_heat=1 chosen_heat_rank=1 chosen_beam_rank=1 heat_best=0.016265307 heat_second=0.016141041 beam_best=0.000000000 beam_second=0.000000000 heat_cell_beam=0.000000000 beam_cell_heat=0.016265307 chosen_heat=0.016265307 chosen_beam=0.000000000 beam_entropy=0.000000000
DECISION branch_turn=183 cell=11,6 target_cluster=None
RESULT branch_turn=183 cell=11,6 result=MISS remaining_cells=1 target_cluster=None
BRANCH branch_turn=? n=18 remaining_cells=1 beam_states=0 heat_cell=12,7 beam_cell=12,7 chosen_cell=12,7 heat_rank_of_beam=1 beam_rank_of_heat=1 chosen_heat_rank=1 chosen_beam_rank=1 heat_best=0.016343005 heat_second=0.016137533 beam_best=0.000000000 beam_second=0.000000000 heat_cell_beam=0.000000000 beam_cell_heat=0.016343005 chosen_heat=0.016343005 chosen_beam=0.000000000 beam_entropy=0.000000000
DECISION branch_turn=184 cell=12,7 target_cluster=None
RESULT branch_turn=184 cell=12,7 result=MISS remaining_cells=1 target_cluster=None
BRANCH branch_turn=? n=18 remaining_cells=1 beam_states=0 heat_cell=11,5 beam_cell=11,5 chosen_cell=11,5 heat_rank_of_beam=1 beam_rank_of_heat=1 chosen_heat_rank=1 chosen_beam_rank=1 heat_best=0.016285783 heat_second=0.016173100 beam_best=0.000000000 beam_second=0.000000000 heat_cell_beam=0.000000000 beam_cell_heat=0.016285783 chosen_heat=0.016285783 chosen_beam=0.000000000 beam_entropy=0.000000000
DECISION branch_turn=185 cell=11,5 target_cluster=None
RESULT branch_turn=185 cell=11,5 result=MISS remaining_cells=1 target_cluster=None
BRANCH branch_turn=? n=18 remaining_cells=1 beam_states=0 heat_cell=9,4 beam_cell=9,4 chosen_cell=9,4 heat_rank_of_beam=1 beam_rank_of_heat=1 chosen_heat_rank=1 chosen_beam_rank=1 heat_best=0.016688378 heat_second=0.016422128 beam_best=0.000000000 beam_second=0.000000000 heat_cell_beam=0.000000000 beam_cell_heat=0.016688378 chosen_heat=0.016688378 chosen_beam=0.000000000 beam_entropy=0.000000000
DECISION branch_turn=186 cell=9,4 target_cluster=None
RESULT branch_turn=186 cell=9,4 result=MISS remaining_cells=1 target_cluster=None
BRANCH branch_turn=? n=18 remaining_cells=1 beam_states=0 heat_cell=14,8 beam_cell=14,8 chosen_cell=14,8 heat_rank_of_beam=1 beam_rank_of_heat=1 chosen_heat_rank=1 chosen_beam_rank=1 heat_best=0.015595585 heat_second=0.015131706 beam_best=0.000000000 beam_second=0.000000000 heat_cell_beam=0.000000000 beam_cell_heat=0.015595585 chosen_heat=0.015595585 chosen_beam=0.000000000 beam_entropy=0.000000000
DECISION branch_turn=187 cell=14,8 target_cluster=None
RESULT branch_turn=187 cell=14,8 result=MISS remaining_cells=1 target_cluster=None
BRANCH branch_turn=? n=18 remaining_cells=1 beam_states=0 heat_cell=5,7 beam_cell=5,7 chosen_cell=5,7 heat_rank_of_beam=1 beam_rank_of_heat=1 chosen_heat_rank=1 chosen_beam_rank=1 heat_best=0.016986683 heat_second=0.015742305 beam_best=0.000000000 beam_second=0.000000000 heat_cell_beam=0.000000000 beam_cell_heat=0.016986683 chosen_heat=0.016986683 chosen_beam=0.000000000 beam_entropy=0.000000000
DECISION branch_turn=188 cell=5,7 target_cluster=None
RESULT branch_turn=188 cell=5,7 result=MISS remaining_cells=1 target_cluster=None
BRANCH branch_turn=? n=18 remaining_cells=1 beam_states=0 heat_cell=9,3 beam_cell=9,3 chosen_cell=9,3 heat_rank_of_beam=1 beam_rank_of_heat=1 chosen_heat_rank=1 chosen_beam_rank=1 heat_best=0.015545854 heat_second=0.014955863 beam_best=0.000000000 beam_second=0.000000000 heat_cell_beam=0.000000000 beam_cell_heat=0.015545854 chosen_heat=0.015545854 chosen_beam=0.000000000 beam_entropy=0.000000000
DECISION branch_turn=189 cell=9,3 target_cluster=None
RESULT branch_turn=189 cell=9,3 result=MISS remaining_cells=1 target_cluster=None
BRANCH branch_turn=? n=18 remaining_cells=1 beam_states=0 heat_cell=12,6 beam_cell=12,6 chosen_cell=12,6 heat_rank_of_beam=1 beam_rank_of_heat=1 chosen_heat_rank=1 chosen_beam_rank=1 heat_best=0.015757500 heat_second=0.015598321 beam_best=0.000000000 beam_second=0.000000000 heat_cell_beam=0.000000000 beam_cell_heat=0.015757500 chosen_heat=0.015757500 chosen_beam=0.000000000 beam_entropy=0.000000000
DECISION branch_turn=190 cell=12,6 target_cluster=None
