GAME n=20 p=0.460198754 remaining=[0, 1, 1, 2, 1, 4, 3, 3, 3, 2, 0]
BRANCH branch_turn=? n=20 remaining_cells=114 beam_states=0 heat_cell=11,8 beam_cell=11,8 chosen_cell=11,8 heat_rank_of_beam=1 beam_rank_of_heat=1 chosen_heat_rank=1 chosen_beam_rank=1 heat_best=3.129119335 heat_second=3.119760901 beam_best=0.000000000 beam_second=0.000000000 heat_cell_beam=0.000000000 beam_cell_heat=3.129119335 chosen_heat=3.129119335 chosen_beam=0.000000000 beam_entropy=0.000000000
DECISION branch_turn=1 cell=11,8 target_cluster=None
RESULT branch_turn=1 cell=11,8 result=HIT remaining_cells=114 target_cluster=None
DECISION branch_turn=2 cell=10,8 target_cluster=Some(0)
RESULT branch_turn=2 cell=10,8 result=HIT remaining_cells=113 target_cluster=Some(0)
DECISION branch_turn=3 cell=9,8 target_cluster=Some(0)
RESULT branch_turn=3 cell=9,8 result=MISS remaining_cells=112 target_cluster=Some(0)
DECISION branch_turn=4 cell=12,8 target_cluster=Some(0)
RESULT branch_turn=4 cell=12,8 result=HIT remaining_cells=112 target_cluster=Some(0)
DECISION branch_turn=5 cell=13,8 target_cluster=Some(0)
RESULT branch_turn=5 cell=13,8 result=HIT remaining_cells=111 target_cluster=Some(0)
DECISION branch_turn=6 cell=14,8 target_cluster=Some(0)
RESULT branch_turn=6 cell=14,8 result=HIT remaining_cells=110 target_cluster=Some(0)
DECISION branch_turn=7 cell=15,8 target_cluster=Some(0)
RESULT branch_turn=7 cell=15,8 result=HIT remaining_cells=109 target_cluster=Some(0)
DECISION branch_turn=8 cell=16,8 target_cluster=Some(0)
RESULT branch_turn=8 cell=16,8 result=HIT remaining_cells=108 target_cluster=Some(0)
DECISION branch_turn=9 cell=17,8 target_cluster=Some(0)
RESULT branch_turn=9 cell=17,8 result=HIT remaining_cells=107 target_cluster=Some(0)
DECISION branch_turn=10 cell=18,8 target_cluster=Some(0)
RESULT branch_turn=10 cell=18,8 result=KILL remaining_cells=106 target_cluster=Some(0)
BRANCH branch_turn=? n=20 remaining_cells=105 beam_states=0 heat_cell=11,14 beam_cell=11,14 chosen_cell=11,14 heat_rank_of_beam=1 beam_rank_of_heat=1 chosen_heat_rank=1 chosen_beam_rank=1 heat_best=2.521063515 heat_second=2.513704619 beam_best=0.000000000 beam_second=0.000000000 heat_cell_beam=0.000000000 beam_cell_heat=2.521063515 chosen_heat=2.521063515 chosen_beam=0.000000000 beam_entropy=0.000000000
DECISION branch_turn=11 cell=11,14 target_cluster=None
RESULT branch_turn=11 cell=11,14 result=HIT remaining_cells=105 target_cluster=None
DECISION branch_turn=12 cell=10,14 target_cluster=Some(0)
RESULT branch_turn=12 cell=10,14 result=HIT remaining_cells=104 target_cluster=Some(0)
DECISION branch_turn=13 cell=9,14 target_cluster=Some(0)
RESULT branch_turn=13 cell=9,14 result=HIT remaining_cells=103 target_cluster=Some(0)
DECISION branch_turn=14 cell=8,14 target_cluster=Some(0)
RESULT branch_turn=14 cell=8,14 result=HIT remaining_cells=102 target_cluster=Some(0)
DECISION branch_turn=15 cell=7,14 target_cluster=Some(0)
RESULT branch_turn=15 cell=7,14 result=MISS remaining_cells=101 target_cluster=Some(0)
DECISION branch_turn=16 cell=12,14 target_cluster=Some(0)
RESULT branch_turn=16 cell=12,14 result=KILL remaining_cells=101 target_cluster=Some(0)
BRANCH branch_turn=? n=20 remaining_cells=100 beam_states=0 heat_cell=8,6 beam_cell=8,6 chosen_cell=8,6 heat_rank_of_beam=1 beam_rank_of_heat=1 chosen_heat_rank=1 chosen_beam_rank=1 heat_best=2.548780245 heat_second=2.546153886 beam_best=0.000000000 beam_second=0.000000000 heat_cell_beam=0.000000000 beam_cell_heat=2.548780245 chosen_heat=2.548780245 chosen_beam=0.000000000 beam_entropy=0.000000000
DECISION branch_turn=17 cell=8,6 target_cluster=None
RESULT branch_turn=17 cell=8,6 result=HIT remaining_cells=100 target_cluster=None
DECISION branch_turn=18 cell=7,6 target_cluster=Some(0)
RESULT branch_turn=18 cell=7,6 result=HIT remaining_cells=99 target_cluster=Some(0)
DECISION branch_turn=19 cell=6,6 target_cluster=Some(0)
RESULT branch_turn=19 cell=6,6 result=HIT remaining_cells=98 target_cluster=Some(0)
DECISION branch_turn=20 cell=5,6 target_cluster=Some(0)
RESULT branch_turn=20 cell=5,6 result=KILL remaining_cells=97 target_cluster=Some(0)
BRANCH branch_turn=? n=20 remaining_cells=96 beam_states=0 heat_cell=13,13 beam_cell=13,13 chosen_cell=13,13 heat_rank_of_beam=1 beam_rank_of_heat=1 chosen_heat_rank=1 chosen_beam_rank=1 heat_best=2.686978346 heat_second=2.686908754 beam_best=0.000000000 beam_second=0.000000000 heat_cell_beam=0.000000000 beam_cell_heat=2.686978346 chosen_heat=2.686978346 chosen_beam=0.000000000 beam_entropy=0.000000000
DECISION branch_turn=21 cell=13,13 target_cluster=None
RESULT branch_turn=21 cell=13,13 result=MISS remaining_cells=96 target_cluster=None
BRANCH branch_turn=? n=20 remaining_cells=96 beam_states=0 heat_cell=14,15 beam_cell=14,15 chosen_cell=14,15 heat_rank_of_beam=1 beam_rank_of_heat=1 chosen_heat_rank=1 chosen_beam_rank=1 heat_best=2.646683570 heat_second=2.503328826 beam_best=0.000000000 beam_second=0.000000000 heat_cell_beam=0.000000000 beam_cell_heat=2.646683570 chosen_heat=2.646683570 chosen_beam=0.000000000 beam_entropy=0.000000000
DECISION branch_turn=22 cell=14,15 target_cluster=None
RESULT branch_turn=22 cell=14,15 result=MISS remaining_cells=96 target_cluster=None
BRANCH branch_turn=? n=20 remaining_cells=96 beam_states=0 heat_cell=15,12 beam_cell=15,12 chosen_cell=15,12 heat_rank_of_beam=1 beam_rank_of_heat=1 chosen_heat_rank=1 chosen_beam_rank=1 heat_best=2.379113989 heat_second=2.373626799 beam_best=0.000000000 beam_second=0.000000000 heat_cell_beam=0.000000000 beam_cell_heat=2.379113989 chosen_heat=2.379113989 chosen_beam=0.000000000 beam_entropy=0.000000000
DECISION branch_turn=23 cell=15,12 target_cluster=None
RESULT branch_turn=23 cell=15,12 result=HIT remaining_cells=96 target_cluster=None
DECISION branch_turn=24 cell=14,12 target_cluster=Some(0)
RESULT branch_turn=24 cell=14,12 result=HIT remaining_cells=95 target_cluster=Some(0)
DECISION branch_turn=25 cell=13,12 target_cluster=Some(0)
RESULT branch_turn=25 cell=13,12 result=HIT remaining_cells=94 target_cluster=Some(0)
DECISION branch_turn=26 cell=12,12 target_cluster=Some(0)
RESULT branch_turn=26 cell=12,12 result=MISS remaining_cells=93 target_cluster=Some(0)
DECISION branch_turn=27 cell=16,12 target_cluster=Some(0)
RESULT branch_turn=27 cell=16,12 result=HIT remaining_cells=93 target_cluster=Some(0)
DECISION branch_turn=28 cell=17,12 target_cluster=Some(0)
RESULT branch_turn=28 cell=17,12 result=HIT remaining_cells=92 target_cluster=Some(0)
DECISION branch_turn=29 cell=18,12 target_cluster=Some(0)
RESULT branch_turn=29 cell=18,12 result=HIT remaining_cells=91 target_cluster=Some(0)
DECISION branch_turn=30 cell=19,12 target_cluster=Some(0)
RESULT branch_turn=30 cell=19,12 result=KILL remaining_cells=90 target_cluster=Some(0)
BRANCH branch_turn=? n=20 remaining_cells=89 beam_states=0 heat_cell=4,9 beam_cell=4,9 chosen_cell=4,9 heat_rank_of_beam=1 beam_rank_of_heat=1 chosen_heat_rank=1 chosen_beam_rank=1 heat_best=2.645740855 heat_second=2.632704102 beam_best=0.000000000 beam_second=0.000000000 heat_cell_beam=0.000000000 beam_cell_heat=2.645740855 chosen_heat=2.645740855 chosen_beam=0.000000000 beam_entropy=0.000000000
DECISION branch_turn=31 cell=4,9 target_cluster=None
RESULT branch_turn=31 cell=4,9 result=MISS remaining_cells=89 target_cluster=None
BRANCH branch_turn=? n=20 remaining_cells=89 beam_states=0 heat_cell=11,4 beam_cell=11,4 chosen_cell=11,4 heat_rank_of_beam=1 beam_rank_of_heat=1 chosen_heat_rank=1 chosen_beam_rank=1 heat_best=2.572521150 heat_second=2.569959833 beam_best=0.000000000 beam_second=0.000000000 heat_cell_beam=0.000000000 beam_cell_heat=2.572521150 chosen_heat=2.572521150 chosen_beam=0.000000000 beam_entropy=0.000000000
DECISION branch_turn=32 cell=11,4 target_cluster=None
RESULT branch_turn=32 cell=11,4 result=HIT remaining_cells=89 target_cluster=None
DECISION branch_turn=33 cell=10,4 target_cluster=Some(0)
RESULT branch_turn=33 cell=10,4 result=HIT remaining_cells=88 target_cluster=Some(0)
DECISION branch_turn=34 cell=9,4 target_cluster=Some(0)
RESULT branch_turn=34 cell=9,4 result=HIT remaining_cells=87 target_cluster=Some(0)
DECISION branch_turn=35 cell=12,4 target_cluster=Some(0)
RESULT branch_turn=35 cell=12,4 result=HIT remaining_cells=86 target_cluster=Some(0)
DECISION branch_turn=36 cell=13,4 target_cluster=Some(0)
RESULT branch_turn=36 cell=13,4 result=HIT remaining_cells=85 target_cluster=Some(0)
DECISION branch_turn=37 cell=14,4 target_cluster=Some(0)
RESULT branch_turn=37 cell=14,4 result=HIT remaining_cells=84 target_cluster=Some(0)
DECISION branch_turn=38 cell=8,4 target_cluster=Some(0)
RESULT branch_turn=38 cell=8,4 result=KILL remaining_cells=83 target_cluster=Some(0)
BRANCH branch_turn=? n=20 remaining_cells=82 beam_states=0 heat_cell=6,13 beam_cell=6,13 chosen_cell=6,13 heat_rank_of_beam=1 beam_rank_of_heat=1 chosen_heat_rank=1 chosen_beam_rank=1 heat_best=2.522418229 heat_second=2.505438927 beam_best=0.000000000 beam_second=0.000000000 heat_cell_beam=0.000000000 beam_cell_heat=2.522418229 chosen_heat=2.522418229 chosen_beam=0.000000000 beam_entropy=0.000000000
DECISION branch_turn=39 cell=6,13 target_cluster=None
RESULT branch_turn=39 cell=6,13 result=MISS remaining_cells=82 target_cluster=None
BRANCH branch_turn=? n=20 remaining_cells=82 beam_states=0 heat_cell=3,11 beam_cell=3,11 chosen_cell=3,11 heat_rank_of_beam=1 beam_rank_of_heat=1 chosen_heat_rank=1 chosen_beam_rank=1 heat_best=2.535668276 heat_second=2.534066981 beam_best=0.000000000 beam_second=0.000000000 heat_cell_beam=0.000000000 beam_cell_heat=2.535668276 chosen_heat=2.535668276 chosen_beam=0.000000000 beam_entropy=0.000000000
DECISION branch_turn=40 cell=3,11 target_cluster=None
RESULT branch_turn=40 cell=3,11 result=HIT remaining_cells=82 target_cluster=None
DECISION branch_turn=41 cell=3,10 target_cluster=Some(0)
RESULT branch_turn=41 cell=3,10 result=MISS remaining_cells=81 target_cluster=Some(0)
DECISION branch_turn=42 cell=4,11 target_cluster=Some(0)
RESULT branch_turn=42 cell=4,11 result=MISS remaining_cells=81 target_cluster=Some(0)
DECISION branch_turn=43 cell=3,12 target_cluster=Some(0)
RESULT branch_turn=43 cell=3,12 result=HIT remaining_cells=81 target_cluster=Some(0)
DECISION branch_turn=44 cell=3,13 target_cluster=Some(0)
RESULT branch_turn=44 cell=3,13 result=HIT remaining_cells=80 target_cluster=Some(0)
DECISION branch_turn=45 cell=3,14 target_cluster=Some(0)
RESULT branch_turn=45 cell=3,14 result=HIT remaining_cells=79 target_cluster=Some(0)
DECISION branch_turn=46 cell=3,15 target_cluster=Some(0)
RESULT branch_turn=46 cell=3,15 result=HIT remaining_cells=78 target_cluster=Some(0)
DECISION branch_turn=47 cell=3,16 target_cluster=Some(0)
RESULT branch_turn=47 cell=3,16 result=KILL remaining_cells=77 target_cluster=Some(0)
BRANCH branch_turn=? n=20 remaining_cells=76 beam_states=0 heat_cell=2,7 beam_cell=2,7 chosen_cell=2,7 heat_rank_of_beam=1 beam_rank_of_heat=1 chosen_heat_rank=1 chosen_beam_rank=1 heat_best=2.301971197 heat_second=2.222309823 beam_best=0.000000000 beam_second=0.000000000 heat_cell_beam=0.000000000 beam_cell_heat=2.301971197 chosen_heat=2.301971197 chosen_beam=0.000000000 beam_entropy=0.000000000
DECISION branch_turn=48 cell=2,7 target_cluster=None
RESULT branch_turn=48 cell=2,7 result=HIT remaining_cells=76 target_cluster=None
DECISION branch_turn=49 cell=2,8 target_cluster=Some(0)
RESULT branch_turn=49 cell=2,8 result=HIT remaining_cells=75 target_cluster=Some(0)
DECISION branch_turn=50 cell=2,9 target_cluster=Some(0)
RESULT branch_turn=50 cell=2,9 result=HIT remaining_cells=74 target_cluster=Some(0)
DECISION branch_turn=51 cell=2,10 target_cluster=Some(0)
RESULT branch_turn=51 cell=2,10 result=KILL remaining_cells=73 target_cluster=Some(0)
DECISION branch_turn=52 cell=3,7 target_cluster=Some(0)
RESULT branch_turn=52 cell=3,7 result=MISS remaining_cells=72 target_cluster=Some(0)
DECISION branch_turn=53 cell=2,6 target_cluster=Some(0)
RESULT branch_turn=53 cell=2,6 result=MISS remaining_cells=72 target_cluster=Some(0)
DECISION branch_turn=54 cell=1,7 target_cluster=Some(0)
RESULT branch_turn=54 cell=1,7 result=HIT remaining_cells=72 target_cluster=Some(0)
DECISION branch_turn=55 cell=0,7 target_cluster=Some(0)
RESULT branch_turn=55 cell=0,7 result=MISS remaining_cells=71 target_cluster=Some(0)
DECISION branch_turn=56 cell=1,8 target_cluster=Some(0)
RESULT branch_turn=56 cell=1,8 result=HIT remaining_cells=71 target_cluster=Some(0)
DECISION branch_turn=57 cell=1,9 target_cluster=Some(0)
RESULT branch_turn=57 cell=1,9 result=HIT remaining_cells=70 target_cluster=Some(0)
DECISION branch_turn=58 cell=1,10 target_cluster=Some(0)
RESULT branch_turn=58 cell=1,10 result=HIT remaining_cells=69 target_cluster=Some(0)
DECISION branch_turn=59 cell=1,11 target_cluster=Some(0)
RESULT branch_turn=59 cell=1,11 result=HIT remaining_cells=68 target_cluster=Some(0)
DECISION branch_turn=60 cell=1,12 target_cluster=Some(0)
RESULT branch_turn=60 cell=1,12 result=HIT remaining_cells=67 target_cluster=Some(0)
DECISION branch_turn=61 cell=1,13 target_cluster=Some(0)
RESULT branch_turn=61 cell=1,13 result=HIT remaining_cells=66 target_cluster=Some(0)
DECISION branch_turn=62 cell=1,6 target_cluster=Some(0)
RESULT branch_turn=62 cell=1,6 result=MISS remaining_cells=65 target_cluster=Some(0)
DECISION branch_turn=63 cell=1,14 target_cluster=Some(0)
RESULT branch_turn=63 cell=1,14 result=KILL remaining_cells=65 target_cluster=Some(0)
BRANCH branch_turn=? n=20 remaining_cells=64 beam_states=0 heat_cell=15,3 beam_cell=15,3 chosen_cell=15,3 heat_rank_of_beam=1 beam_rank_of_heat=1 chosen_heat_rank=1 chosen_beam_rank=1 heat_best=2.416018389 heat_second=2.346996466 beam_best=0.000000000 beam_second=0.000000000 heat_cell_beam=0.000000000 beam_cell_heat=2.416018389 chosen_heat=2.416018389 chosen_beam=0.000000000 beam_entropy=0.000000000
DECISION branch_turn=64 cell=15,3 target_cluster=None
RESULT branch_turn=64 cell=15,3 result=HIT remaining_cells=64 target_cluster=None
DECISION branch_turn=65 cell=14,3 target_cluster=Some(1)
RESULT branch_turn=65 cell=14,3 result=HIT remaining_cells=63 target_cluster=Some(1)
DECISION branch_turn=66 cell=13,3 target_cluster=Some(1)
RESULT branch_turn=66 cell=13,3 result=MISS remaining_cells=62 target_cluster=Some(1)
DECISION branch_turn=67 cell=16,3 target_cluster=Some(1)
RESULT branch_turn=67 cell=16,3 result=HIT remaining_cells=62 target_cluster=Some(1)
DECISION branch_turn=68 cell=17,3 target_cluster=Some(1)
RESULT branch_turn=68 cell=17,3 result=HIT remaining_cells=61 target_cluster=Some(1)
DECISION branch_turn=69 cell=18,3 target_cluster=Some(1)
RESULT branch_turn=69 cell=18,3 result=HIT remaining_cells=60 target_cluster=Some(1)
DECISION branch_turn=70 cell=19,3 target_cluster=Some(1)
RESULT branch_turn=70 cell=19,3 result=KILL remaining_cells=59 target_cluster=Some(1)
BRANCH branch_turn=? n=20 remaining_cells=58 beam_states=0 heat_cell=12,17 beam_cell=12,17 chosen_cell=12,17 heat_rank_of_beam=1 beam_rank_of_heat=1 chosen_heat_rank=1 chosen_beam_rank=1 heat_best=2.222749573 heat_second=2.221533999 beam_best=0.000000000 beam_second=0.000000000 heat_cell_beam=0.000000000 beam_cell_heat=2.222749573 chosen_heat=2.222749573 chosen_beam=0.000000000 beam_entropy=0.000000000
DECISION branch_turn=71 cell=12,17 target_cluster=None
RESULT branch_turn=71 cell=12,17 result=MISS remaining_cells=58 target_cluster=None
BRANCH branch_turn=? n=20 remaining_cells=58 beam_states=0 heat_cell=11,18 beam_cell=11,18 chosen_cell=11,18 heat_rank_of_beam=1 beam_rank_of_heat=1 chosen_heat_rank=1 chosen_beam_rank=1 heat_best=2.316248846 heat_second=2.315170636 beam_best=0.000000000 beam_second=0.000000000 heat_cell_beam=0.000000000 beam_cell_heat=2.316248846 chosen_heat=2.316248846 chosen_beam=0.000000000 beam_entropy=0.000000000
DECISION branch_turn=72 cell=11,18 target_cluster=None
RESULT branch_turn=72 cell=11,18 result=MISS remaining_cells=58 target_cluster=None
BRANCH branch_turn=? n=20 remaining_cells=58 beam_states=0 heat_cell=13,16 beam_cell=13,16 chosen_cell=13,16 heat_rank_of_beam=1 beam_rank_of_heat=1 chosen_heat_rank=1 chosen_beam_rank=1 heat_best=2.406697320 heat_second=2.360633813 beam_best=0.000000000 beam_second=0.000000000 heat_cell_beam=0.000000000 beam_cell_heat=2.406697320 chosen_heat=2.406697320 chosen_beam=0.000000000 beam_entropy=0.000000000
DECISION branch_turn=73 cell=13,16 target_cluster=None
RESULT branch_turn=73 cell=13,16 result=MISS remaining_cells=58 target_cluster=None
BRANCH branch_turn=? n=20 remaining_cells=58 beam_states=0 heat_cell=11,10 beam_cell=11,10 chosen_cell=11,10 heat_rank_of_beam=1 beam_rank_of_heat=1 chosen_heat_rank=1 chosen_beam_rank=1 heat_best=2.537160310 heat_second=2.499926611 beam_best=0.000000000 beam_second=0.000000000 heat_cell_beam=0.000000000 beam_cell_heat=2.537160310 chosen_heat=2.537160310 chosen_beam=0.000000000 beam_entropy=0.000000000
DECISION branch_turn=74 cell=11,10 target_cluster=None
RESULT branch_turn=74 cell=11,10 result=MISS remaining_cells=58 target_cluster=None
BRANCH branch_turn=? n=20 remaining_cells=58 beam_states=0 heat_cell=10,19 beam_cell=10,19 chosen_cell=10,19 heat_rank_of_beam=1 beam_rank_of_heat=1 chosen_heat_rank=1 chosen_beam_rank=1 heat_best=2.653650585 heat_second=2.646652815 beam_best=0.000000000 beam_second=0.000000000 heat_cell_beam=0.000000000 beam_cell_heat=2.653650585 chosen_heat=2.653650585 chosen_beam=0.000000000 beam_entropy=0.000000000
DECISION branch_turn=75 cell=10,19 target_cluster=None
RESULT branch_turn=75 cell=10,19 result=HIT remaining_cells=58 target_cluster=None
DECISION branch_turn=76 cell=9,19 target_cluster=Some(1)
RESULT branch_turn=76 cell=9,19 result=HIT remaining_cells=57 target_cluster=Some(1)
DECISION branch_turn=77 cell=8,19 target_cluster=Some(1)
RESULT branch_turn=77 cell=8,19 result=HIT remaining_cells=56 target_cluster=Some(1)
DECISION branch_turn=78 cell=7,19 target_cluster=Some(1)
RESULT branch_turn=78 cell=7,19 result=MISS remaining_cells=55 target_cluster=Some(1)
DECISION branch_turn=79 cell=11,19 target_cluster=Some(1)
RESULT branch_turn=79 cell=11,19 result=HIT remaining_cells=55 target_cluster=Some(1)
DECISION branch_turn=80 cell=12,19 target_cluster=Some(1)
RESULT branch_turn=80 cell=12,19 result=HIT remaining_cells=54 target_cluster=Some(1)
DECISION branch_turn=81 cell=13,19 target_cluster=Some(1)
RESULT branch_turn=81 cell=13,19 result=HIT remaining_cells=53 target_cluster=Some(1)
DECISION branch_turn=82 cell=14,19 target_cluster=Some(1)
RESULT branch_turn=82 cell=14,19 result=HIT remaining_cells=52 target_cluster=Some(1)
DECISION branch_turn=83 cell=15,19 target_cluster=Some(1)
RESULT branch_turn=83 cell=15,19 result=HIT remaining_cells=51 target_cluster=Some(1)
DECISION branch_turn=84 cell=16,19 target_cluster=Some(1)
RESULT branch_turn=84 cell=16,19 result=KILL remaining_cells=50 target_cluster=Some(1)
BRANCH branch_turn=? n=20 remaining_cells=49 beam_states=0 heat_cell=12,2 beam_cell=12,2 chosen_cell=12,2 heat_rank_of_beam=1 beam_rank_of_heat=1 chosen_heat_rank=1 chosen_beam_rank=1 heat_best=2.431969074 heat_second=2.429006819 beam_best=0.000000000 beam_second=0.000000000 heat_cell_beam=0.000000000 beam_cell_heat=2.431969074 chosen_heat=2.431969074 chosen_beam=0.000000000 beam_entropy=0.000000000
DECISION branch_turn=85 cell=12,2 target_cluster=None
RESULT branch_turn=85 cell=12,2 result=MISS remaining_cells=49 target_cluster=None
BRANCH branch_turn=? n=20 remaining_cells=49 beam_states=0 heat_cell=12,9 beam_cell=12,9 chosen_cell=12,9 heat_rank_of_beam=1 beam_rank_of_heat=1 chosen_heat_rank=1 chosen_beam_rank=1 heat_best=2.578464305 heat_second=2.577198233 beam_best=0.000000000 beam_second=0.000000000 heat_cell_beam=0.000000000 beam_cell_heat=2.578464305 chosen_heat=2.578464305 chosen_beam=0.000000000 beam_entropy=0.000000000
DECISION branch_turn=86 cell=12,9 target_cluster=None
RESULT branch_turn=86 cell=12,9 result=MISS remaining_cells=49 target_cluster=None
BRANCH branch_turn=? n=20 remaining_cells=49 beam_states=0 heat_cell=12,7 beam_cell=12,7 chosen_cell=12,7 heat_rank_of_beam=1 beam_rank_of_heat=1 chosen_heat_rank=1 chosen_beam_rank=1 heat_best=2.761684209 heat_second=2.758785392 beam_best=0.000000000 beam_second=0.000000000 heat_cell_beam=0.000000000 beam_cell_heat=2.761684209 chosen_heat=2.761684209 chosen_beam=0.000000000 beam_entropy=0.000000000
DECISION branch_turn=87 cell=12,7 target_cluster=None
RESULT branch_turn=87 cell=12,7 result=MISS remaining_cells=49 target_cluster=None
BRANCH branch_turn=? n=20 remaining_cells=49 beam_states=0 heat_cell=12,5 beam_cell=12,5 chosen_cell=12,5 heat_rank_of_beam=1 beam_rank_of_heat=1 chosen_heat_rank=1 chosen_beam_rank=1 heat_best=2.955617952 heat_second=2.951532911 beam_best=0.000000000 beam_second=0.000000000 heat_cell_beam=0.000000000 beam_cell_heat=2.955617952 chosen_heat=2.955617952 chosen_beam=0.000000000 beam_entropy=0.000000000
DECISION branch_turn=88 cell=12,5 target_cluster=None
RESULT branch_turn=88 cell=12,5 result=HIT remaining_cells=49 target_cluster=None
DECISION branch_turn=89 cell=11,5 target_cluster=Some(1)
RESULT branch_turn=89 cell=11,5 result=HIT remaining_cells=48 target_cluster=Some(1)
DECISION branch_turn=90 cell=10,5 target_cluster=Some(1)
RESULT branch_turn=90 cell=10,5 result=HIT remaining_cells=47 target_cluster=Some(1)
DECISION branch_turn=91 cell=9,5 target_cluster=Some(1)
RESULT branch_turn=91 cell=9,5 result=MISS remaining_cells=46 target_cluster=Some(1)
DECISION branch_turn=92 cell=13,5 target_cluster=Some(1)
RESULT branch_turn=92 cell=13,5 result=HIT remaining_cells=46 target_cluster=Some(1)
DECISION branch_turn=93 cell=14,5 target_cluster=Some(1)
RESULT branch_turn=93 cell=14,5 result=HIT remaining_cells=45 target_cluster=Some(1)
DECISION branch_turn=94 cell=15,5 target_cluster=Some(1)
RESULT branch_turn=94 cell=15,5 result=HIT remaining_cells=44 target_cluster=Some(1)
DECISION branch_turn=95 cell=16,5 target_cluster=Some(1)
RESULT branch_turn=95 cell=16,5 result=KILL remaining_cells=43 target_cluster=Some(1)
BRANCH branch_turn=? n=20 remaining_cells=42 beam_states=0 heat_cell=11,1 beam_cell=11,1 chosen_cell=11,1 heat_rank_of_beam=1 beam_rank_of_heat=1 chosen_heat_rank=1 chosen_beam_rank=1 heat_best=2.137000216 heat_second=2.125921522 beam_best=0.000000000 beam_second=0.000000000 heat_cell_beam=0.000000000 beam_cell_heat=2.137000216 chosen_heat=2.137000216 chosen_beam=0.000000000 beam_entropy=0.000000000
DECISION branch_turn=96 cell=11,1 target_cluster=None
RESULT branch_turn=96 cell=11,1 result=MISS remaining_cells=42 target_cluster=None
BRANCH branch_turn=? n=20 remaining_cells=42 beam_states=0 heat_cell=12,0 beam_cell=12,0 chosen_cell=12,0 heat_rank_of_beam=1 beam_rank_of_heat=1 chosen_heat_rank=1 chosen_beam_rank=1 heat_best=2.307416491 heat_second=2.265296412 beam_best=0.000000000 beam_second=0.000000000 heat_cell_beam=0.000000000 beam_cell_heat=2.307416491 chosen_heat=2.307416491 chosen_beam=0.000000000 beam_entropy=0.000000000
DECISION branch_turn=97 cell=12,0 target_cluster=None
RESULT branch_turn=97 cell=12,0 result=HIT remaining_cells=42 target_cluster=None
DECISION branch_turn=98 cell=11,0 target_cluster=Some(1)
RESULT branch_turn=98 cell=11,0 result=HIT remaining_cells=41 target_cluster=Some(1)
DECISION branch_turn=99 cell=10,0 target_cluster=Some(1)
RESULT branch_turn=99 cell=10,0 result=MISS remaining_cells=40 target_cluster=Some(1)
DECISION branch_turn=100 cell=13,0 target_cluster=Some(1)
RESULT branch_turn=100 cell=13,0 result=HIT remaining_cells=40 target_cluster=Some(1)
DECISION branch_turn=101 cell=14,0 target_cluster=Some(1)
RESULT branch_turn=101 cell=14,0 result=HIT remaining_cells=39 target_cluster=Some(1)
DECISION branch_turn=102 cell=15,0 target_cluster=Some(1)
RESULT branch_turn=102 cell=15,0 result=HIT remaining_cells=38 target_cluster=Some(1)
DECISION branch_turn=103 cell=16,0 target_cluster=Some(1)
RESULT branch_turn=103 cell=16,0 result=HIT remaining_cells=37 target_cluster=Some(1)
DECISION branch_turn=104 cell=17,0 target_cluster=Some(1)
RESULT branch_turn=104 cell=17,0 result=HIT remaining_cells=36 target_cluster=Some(1)
DECISION branch_turn=105 cell=18,0 target_cluster=Some(1)
RESULT branch_turn=105 cell=18,0 result=KILL remaining_cells=35 target_cluster=Some(1)
BRANCH branch_turn=? n=20 remaining_cells=34 beam_states=23 heat_cell=12,11 beam_cell=12,11 chosen_cell=12,11 heat_rank_of_beam=1 beam_rank_of_heat=1 chosen_heat_rank=1 chosen_beam_rank=1 heat_best=1.750817916 heat_second=1.734702147 beam_best=2.103708791 beam_second=2.103708791 heat_cell_beam=2.103708791 beam_cell_heat=1.750817916 chosen_heat=1.750817916 chosen_beam=2.103708791 beam_entropy=3.740044205
DECISION branch_turn=106 cell=12,11 target_cluster=None
RESULT branch_turn=106 cell=12,11 result=HIT remaining_cells=34 target_cluster=None
DECISION branch_turn=107 cell=13,11 target_cluster=Some(1)
RESULT branch_turn=107 cell=13,11 result=HIT remaining_cells=33 target_cluster=Some(1)
DECISION branch_turn=108 cell=11,11 target_cluster=Some(1)
RESULT branch_turn=108 cell=11,11 result=HIT remaining_cells=32 target_cluster=Some(1)
DECISION branch_turn=109 cell=10,11 target_cluster=Some(1)
RESULT branch_turn=109 cell=10,11 result=HIT remaining_cells=31 target_cluster=Some(1)
DECISION branch_turn=110 cell=14,11 target_cluster=Some(1)
RESULT branch_turn=110 cell=14,11 result=HIT remaining_cells=30 target_cluster=Some(1)
DECISION branch_turn=111 cell=9,11 target_cluster=Some(1)
RESULT branch_turn=111 cell=9,11 result=HIT remaining_cells=29 target_cluster=Some(1)
DECISION branch_turn=112 cell=8,11 target_cluster=Some(1)
RESULT branch_turn=112 cell=8,11 result=MISS remaining_cells=28 target_cluster=Some(1)
DECISION branch_turn=113 cell=15,11 target_cluster=Some(1)
RESULT branch_turn=113 cell=15,11 result=HIT remaining_cells=28 target_cluster=Some(1)
DECISION branch_turn=114 cell=16,11 target_cluster=Some(1)
RESULT branch_turn=114 cell=16,11 result=HIT remaining_cells=27 target_cluster=Some(1)
DECISION branch_turn=115 cell=17,11 target_cluster=Some(1)
RESULT branch_turn=115 cell=17,11 result=KILL remaining_cells=26 target_cluster=Some(1)
DECISION branch_turn=116 cell=9,12 target_cluster=Some(1)
RESULT branch_turn=116 cell=9,12 result=MISS remaining_cells=25 target_cluster=Some(1)
DECISION branch_turn=117 cell=9,10 target_cluster=Some(1)
RESULT branch_turn=117 cell=9,10 result=MISS remaining_cells=25 target_cluster=Some(1)
BRANCH branch_turn=? n=20 remaining_cells=25 beam_states=0 heat_cell=4,3 beam_cell=4,3 chosen_cell=4,3 heat_rank_of_beam=1 beam_rank_of_heat=1 chosen_heat_rank=1 chosen_beam_rank=1 heat_best=1.780131078 heat_second=1.724825769 beam_best=0.000000000 beam_second=0.000000000 heat_cell_beam=0.000000000 beam_cell_heat=1.780131078 chosen_heat=1.780131078 chosen_beam=0.000000000 beam_entropy=0.000000000
DECISION branch_turn=118 cell=4,3 target_cluster=None
RESULT branch_turn=118 cell=4,3 result=MISS remaining_cells=25 target_cluster=None
BRANCH branch_turn=? n=20 remaining_cells=25 beam_states=0 heat_cell=5,17 beam_cell=5,17 chosen_cell=5,17 heat_rank_of_beam=1 beam_rank_of_heat=1 chosen_heat_rank=1 chosen_beam_rank=1 heat_best=1.595859794 heat_second=1.540193836 beam_best=0.000000000 beam_second=0.000000000 heat_cell_beam=0.000000000 beam_cell_heat=1.595859794 chosen_heat=1.595859794 chosen_beam=0.000000000 beam_entropy=0.000000000
DECISION branch_turn=119 cell=5,17 target_cluster=None
RESULT branch_turn=119 cell=5,17 result=HIT remaining_cells=25 target_cluster=None
DECISION branch_turn=120 cell=4,17 target_cluster=Some(2)
RESULT branch_turn=120 cell=4,17 result=HIT remaining_cells=24 target_cluster=Some(2)
DECISION branch_turn=121 cell=6,17 target_cluster=Some(2)
RESULT branch_turn=121 cell=6,17 result=HIT remaining_cells=23 target_cluster=Some(2)
DECISION branch_turn=122 cell=7,17 target_cluster=Some(2)
RESULT branch_turn=122 cell=7,17 result=HIT remaining_cells=22 target_cluster=Some(2)
DECISION branch_turn=123 cell=8,17 target_cluster=Some(2)
RESULT branch_turn=123 cell=8,17 result=KILL remaining_cells=21 target_cluster=Some(2)
BRANCH branch_turn=? n=20 remaining_cells=20 beam_states=0 heat_cell=5,2 beam_cell=5,2 chosen_cell=5,2 heat_rank_of_beam=1 beam_rank_of_heat=1 chosen_heat_rank=1 chosen_beam_rank=1 heat_best=1.595761910 heat_second=1.588664412 beam_best=0.000000000 beam_second=0.000000000 heat_cell_beam=0.000000000 beam_cell_heat=1.595761910 chosen_heat=1.595761910 chosen_beam=0.000000000 beam_entropy=0.000000000
DECISION branch_turn=124 cell=5,2 target_cluster=None
RESULT branch_turn=124 cell=5,2 result=MISS remaining_cells=20 target_cluster=None
BRANCH branch_turn=? n=20 remaining_cells=20 beam_states=0 heat_cell=6,1 beam_cell=6,1 chosen_cell=6,1 heat_rank_of_beam=1 beam_rank_of_heat=1 chosen_heat_rank=1 chosen_beam_rank=1 heat_best=1.581456352 heat_second=1.528291686 beam_best=0.000000000 beam_second=0.000000000 heat_cell_beam=0.000000000 beam_cell_heat=1.581456352 chosen_heat=1.581456352 chosen_beam=0.000000000 beam_entropy=0.000000000
DECISION branch_turn=125 cell=6,1 target_cluster=None
RESULT branch_turn=125 cell=6,1 result=MISS remaining_cells=20 target_cluster=None
BRANCH branch_turn=? n=20 remaining_cells=20 beam_states=0 heat_cell=3,4 beam_cell=3,4 chosen_cell=3,4 heat_rank_of_beam=1 beam_rank_of_heat=1 chosen_heat_rank=1 chosen_beam_rank=1 heat_best=1.602550645 heat_second=1.543913188 beam_best=0.000000000 beam_second=0.000000000 heat_cell_beam=0.000000000 beam_cell_heat=1.602550645 chosen_heat=1.602550645 chosen_beam=0.000000000 beam_entropy=0.000000000
DECISION branch_turn=126 cell=3,4 target_cluster=None
RESULT branch_turn=126 cell=3,4 result=HIT remaining_cells=20 target_cluster=None
DECISION branch_turn=127 cell=4,4 target_cluster=Some(2)
RESULT branch_turn=127 cell=4,4 result=MISS remaining_cells=19 target_cluster=Some(2)
DECISION branch_turn=128 cell=3,3 target_cluster=Some(2)
RESULT branch_turn=128 cell=3,3 result=HIT remaining_cells=19 target_cluster=Some(2)
DECISION branch_turn=129 cell=3,2 target_cluster=Some(2)
RESULT branch_turn=129 cell=3,2 result=HIT remaining_cells=18 target_cluster=Some(2)
DECISION branch_turn=130 cell=3,5 target_cluster=Some(2)
RESULT branch_turn=130 cell=3,5 result=MISS remaining_cells=17 target_cluster=Some(2)
DECISION branch_turn=131 cell=3,1 target_cluster=Some(2)
RESULT branch_turn=131 cell=3,1 result=HIT remaining_cells=17 target_cluster=Some(2)
DECISION branch_turn=132 cell=3,0 target_cluster=Some(2)
RESULT branch_turn=132 cell=3,0 result=KILL remaining_cells=16 target_cluster=Some(2)
BRANCH branch_turn=? n=20 remaining_cells=15 beam_states=0 heat_cell=14,6 beam_cell=14,6 chosen_cell=14,6 heat_rank_of_beam=1 beam_rank_of_heat=1 chosen_heat_rank=1 chosen_beam_rank=1 heat_best=0.729813349 heat_second=0.723624584 beam_best=0.000000000 beam_second=0.000000000 heat_cell_beam=0.000000000 beam_cell_heat=0.729813349 chosen_heat=0.729813349 chosen_beam=0.000000000 beam_entropy=0.000000000
DECISION branch_turn=133 cell=14,6 target_cluster=None
RESULT branch_turn=133 cell=14,6 result=MISS remaining_cells=15 target_cluster=None
BRANCH branch_turn=? n=20 remaining_cells=15 beam_states=0 heat_cell=7,9 beam_cell=7,9 chosen_cell=7,9 heat_rank_of_beam=1 beam_rank_of_heat=1 chosen_heat_rank=1 chosen_beam_rank=1 heat_best=0.731258996 heat_second=0.699766420 beam_best=0.000000000 beam_second=0.000000000 heat_cell_beam=0.000000000 beam_cell_heat=0.731258996 chosen_heat=0.731258996 chosen_beam=0.000000000 beam_entropy=0.000000000
DECISION branch_turn=134 cell=7,9 target_cluster=None
RESULT branch_turn=134 cell=7,9 result=MISS remaining_cells=15 target_cluster=None
BRANCH branch_turn=? n=20 remaining_cells=15 beam_states=0 heat_cell=7,3 beam_cell=7,3 chosen_cell=7,3 heat_rank_of_beam=1 beam_rank_of_heat=1 chosen_heat_rank=1 chosen_beam_rank=1 heat_best=0.749842600 heat_second=0.707768940 beam_best=0.000000000 beam_second=0.000000000 heat_cell_beam=0.000000000 beam_cell_heat=0.749842600 chosen_heat=0.749842600 chosen_beam=0.000000000 beam_entropy=0.000000000
DECISION branch_turn=135 cell=7,3 target_cluster=None
RESULT branch_turn=135 cell=7,3 result=MISS remaining_cells=15 target_cluster=None
BRANCH branch_turn=? n=20 remaining_cells=15 beam_states=0 heat_cell=5,12 beam_cell=5,12 chosen_cell=5,12 heat_rank_of_beam=1 beam_rank_of_heat=1 chosen_heat_rank=1 chosen_beam_rank=1 heat_best=0.743617643 heat_second=0.699746503 beam_best=0.000000000 beam_second=0.000000000 heat_cell_beam=0.000000000 beam_cell_heat=0.743617643 chosen_heat=0.743617643 chosen_beam=0.000000000 beam_entropy=0.000000000
DECISION branch_turn=136 cell=5,12 target_cluster=None
RESULT branch_turn=136 cell=5,12 result=MISS remaining_cells=15 target_cluster=None
BRANCH branch_turn=? n=20 remaining_cells=15 beam_states=0 heat_cell=5,18 beam_cell=5,18 chosen_cell=5,18 heat_rank_of_beam=1 beam_rank_of_heat=1 chosen_heat_rank=1 chosen_beam_rank=1 heat_best=0.771155806 heat_second=0.765178382 beam_best=0.000000000 beam_second=0.000000000 heat_cell_beam=0.000000000 beam_cell_heat=0.771155806 chosen_heat=0.771155806 chosen_beam=0.000000000 beam_entropy=0.000000000
DECISION branch_turn=137 cell=5,18 target_cluster=None
RESULT branch_turn=137 cell=5,18 result=MISS remaining_cells=15 target_cluster=None
BRANCH branch_turn=? n=20 remaining_cells=15 beam_states=0 heat_cell=0,13 beam_cell=0,13 chosen_cell=0,13 heat_rank_of_beam=1 beam_rank_of_heat=1 chosen_heat_rank=1 chosen_beam_rank=1 heat_best=0.825600855 heat_second=0.820177633 beam_best=0.000000000 beam_second=0.000000000 heat_cell_beam=0.000000000 beam_cell_heat=0.825600855 chosen_heat=0.825600855 chosen_beam=0.000000000 beam_entropy=0.000000000
DECISION branch_turn=138 cell=0,13 target_cluster=None
RESULT branch_turn=138 cell=0,13 result=MISS remaining_cells=15 target_cluster=None
BRANCH branch_turn=? n=20 remaining_cells=15 beam_states=0 heat_cell=19,7 beam_cell=19,7 chosen_cell=19,7 heat_rank_of_beam=1 beam_rank_of_heat=1 chosen_heat_rank=1 chosen_beam_rank=1 heat_best=0.816044912 heat_second=0.805490468 beam_best=0.000000000 beam_second=0.000000000 heat_cell_beam=0.000000000 beam_cell_heat=0.816044912 chosen_heat=0.816044912 chosen_beam=0.000000000 beam_entropy=0.000000000
DECISION branch_turn=139 cell=19,7 target_cluster=None
RESULT branch_turn=139 cell=19,7 result=MISS remaining_cells=15 target_cluster=None
BRANCH branch_turn=? n=20 remaining_cells=15 beam_states=0 heat_cell=6,7 beam_cell=6,7 chosen_cell=6,7 heat_rank_of_beam=1 beam_rank_of_heat=1 chosen_heat_rank=1 chosen_beam_rank=1 heat_best=0.855268446 heat_second=0.842911100 beam_best=0.000000000 beam_second=0.000000000 heat_cell_beam=0.000000000 beam_cell_heat=0.855268446 chosen_heat=0.855268446 chosen_beam=0.000000000 beam_entropy=0.000000000
DECISION branch_turn=140 cell=6,7 target_cluster=None
RESULT branch_turn=140 cell=6,7 result=MISS remaining_cells=15 target_cluster=None
BRANCH branch_turn=? n=20 remaining_cells=15 beam_states=0 heat_cell=9,15 beam_cell=9,15 chosen_cell=9,15 heat_rank_of_beam=1 beam_rank_of_heat=1 chosen_heat_rank=1 chosen_beam_rank=1 heat_best=0.899066403 heat_second=0.888652239 beam_best=0.000000000 beam_second=0.000000000 heat_cell_beam=0.000000000 beam_cell_heat=0.899066403 chosen_heat=0.899066403 chosen_beam=0.000000000 beam_entropy=0.000000000
DECISION branch_turn=141 cell=9,15 target_cluster=None
RESULT branch_turn=141 cell=9,15 result=MISS remaining_cells=15 target_cluster=None
BRANCH branch_turn=? n=20 remaining_cells=15 beam_states=0 heat_cell=17,18 beam_cell=17,18 chosen_cell=17,18 heat_rank_of_beam=1 beam_rank_of_heat=1 chosen_heat_rank=1 chosen_beam_rank=1 heat_best=0.957334259 heat_second=0.943007075 beam_best=0.000000000 beam_second=0.000000000 heat_cell_beam=0.000000000 beam_cell_heat=0.957334259 chosen_heat=0.957334259 chosen_beam=0.000000000 beam_entropy=0.000000000
DECISION branch_turn=142 cell=17,18 target_cluster=None
RESULT branch_turn=142 cell=17,18 result=MISS remaining_cells=15 target_cluster=None
BRANCH branch_turn=? n=20 remaining_cells=15 beam_states=0 heat_cell=2,15 beam_cell=2,15 chosen_cell=2,15 heat_rank_of_beam=1 beam_rank_of_heat=1 chosen_heat_rank=1 chosen_beam_rank=1 heat_best=0.937344460 heat_second=0.926604292 beam_best=0.000000000 beam_second=0.000000000 heat_cell_beam=0.000000000 beam_cell_heat=0.937344460 chosen_heat=0.937344460 chosen_beam=0.000000000 beam_entropy=0.000000000
DECISION branch_turn=143 cell=2,15 target_cluster=None
RESULT branch_turn=143 cell=2,15 result=MISS remaining_cells=15 target_cluster=None
BRANCH branch_turn=? n=20 remaining_cells=15 beam_states=0 heat_cell=18,17 beam_cell=18,17 chosen_cell=18,17 heat_rank_of_beam=1 beam_rank_of_heat=1 chosen_heat_rank=1 chosen_beam_rank=1 heat_best=0.996918311 heat_second=0.989395591 beam_best=0.000000000 beam_second=0.000000000 heat_cell_beam=0.000000000 beam_cell_heat=0.996918311 chosen_heat=0.996918311 chosen_beam=0.000000000 beam_entropy=0.000000000
DECISION branch_turn=144 cell=18,17 target_cluster=None
RESULT branch_turn=144 cell=18,17 result=MISS remaining_cells=15 target_cluster=None
BRANCH branch_turn=? n=20 remaining_cells=15 beam_states=0 heat_cell=8,16 beam_cell=8,16 chosen_cell=8,16 heat_rank_of_beam=1 beam_rank_of_heat=1 chosen_heat_rank=1 chosen_beam_rank=1 heat_best=1.112124467 heat_second=1.068162605 beam_best=0.000000000 beam_second=0.000000000 heat_cell_beam=0.000000000 beam_cell_heat=1.112124467 chosen_heat=1.112124467 chosen_beam=0.000000000 beam_entropy=0.000000000
DECISION branch_turn=145 cell=8,16 target_cluster=None
RESULT branch_turn=145 cell=8,16 result=HIT remaining_cells=15 target_cluster=None
DECISION branch_turn=146 cell=9,16 target_cluster=Some(2)
RESULT branch_turn=146 cell=9,16 result=HIT remaining_cells=14 target_cluster=Some(2)
DECISION branch_turn=147 cell=7,16 target_cluster=Some(2)
RESULT branch_turn=147 cell=7,16 result=HIT remaining_cells=13 target_cluster=Some(2)
DECISION branch_turn=148 cell=10,16 target_cluster=Some(2)
RESULT branch_turn=148 cell=10,16 result=HIT remaining_cells=12 target_cluster=Some(2)
DECISION branch_turn=149 cell=6,16 target_cluster=Some(2)
RESULT branch_turn=149 cell=6,16 result=HIT remaining_cells=11 target_cluster=Some(2)
DECISION branch_turn=150 cell=11,16 target_cluster=Some(2)
RESULT branch_turn=150 cell=11,16 result=MISS remaining_cells=10 target_cluster=Some(2)
DECISION branch_turn=151 cell=5,16 target_cluster=Some(2)
RESULT branch_turn=151 cell=5,16 result=HIT remaining_cells=10 target_cluster=Some(2)
DECISION branch_turn=152 cell=4,16 target_cluster=Some(2)
RESULT branch_turn=152 cell=4,16 result=KILL remaining_cells=9 target_cluster=Some(2)
DECISION branch_turn=153 cell=10,17 target_cluster=Some(2)
RESULT branch_turn=153 cell=10,17 result=MISS remaining_cells=8 target_cluster=Some(2)
DECISION branch_turn=154 cell=10,15 target_cluster=Some(2)
RESULT branch_turn=154 cell=10,15 result=MISS remaining_cells=8 target_cluster=Some(2)
BRANCH branch_turn=? n=20 remaining_cells=8 beam_states=0 heat_cell=15,1 beam_cell=15,1 chosen_cell=15,1 heat_rank_of_beam=1 beam_rank_of_heat=1 chosen_heat_rank=1 chosen_beam_rank=1 heat_best=1.269499548 heat_second=1.267724664 beam_best=0.000000000 beam_second=0.000000000 heat_cell_beam=0.000000000 beam_cell_heat=1.269499548 chosen_heat=1.269499548 chosen_beam=0.000000000 beam_entropy=0.000000000
DECISION branch_turn=155 cell=15,1 target_cluster=None
RESULT branch_turn=155 cell=15,1 result=MISS remaining_cells=8 target_cluster=None
BRANCH branch_turn=? n=20 remaining_cells=8 beam_states=0 heat_cell=16,2 beam_cell=16,2 chosen_cell=16,2 heat_rank_of_beam=1 beam_rank_of_heat=1 chosen_heat_rank=1 chosen_beam_rank=1 heat_best=1.115011207 heat_second=1.114525286 beam_best=0.000000000 beam_second=0.000000000 heat_cell_beam=0.000000000 beam_cell_heat=1.115011207 chosen_heat=1.115011207 chosen_beam=0.000000000 beam_entropy=0.000000000
DECISION branch_turn=156 cell=16,2 target_cluster=None
RESULT branch_turn=156 cell=16,2 result=MISS remaining_cells=8 target_cluster=None
BRANCH branch_turn=? n=20 remaining_cells=8 beam_states=0 heat_cell=16,9 beam_cell=16,9 chosen_cell=16,9 heat_rank_of_beam=1 beam_rank_of_heat=1 chosen_heat_rank=1 chosen_beam_rank=1 heat_best=1.215337379 heat_second=1.212437857 beam_best=0.000000000 beam_second=0.000000000 heat_cell_beam=0.000000000 beam_cell_heat=1.215337379 chosen_heat=1.215337379 chosen_beam=0.000000000 beam_entropy=0.000000000
DECISION branch_turn=157 cell=16,9 target_cluster=None
RESULT branch_turn=157 cell=16,9 result=MISS remaining_cells=8 target_cluster=None
BRANCH branch_turn=? n=20 remaining_cells=8 beam_states=0 heat_cell=15,7 beam_cell=15,7 chosen_cell=15,7 heat_rank_of_beam=1 beam_rank_of_heat=1 chosen_heat_rank=1 chosen_beam_rank=1 heat_best=0.989115645 heat_second=0.988300991 beam_best=0.000000000 beam_second=0.000000000 heat_cell_beam=0.000000000 beam_cell_heat=0.989115645 chosen_heat=0.989115645 chosen_beam=0.000000000 beam_entropy=0.000000000
DECISION branch_turn=158 cell=15,7 target_cluster=None
RESULT branch_turn=158 cell=15,7 result=MISS remaining_cells=8 target_cluster=None
BRANCH branch_turn=? n=20 remaining_cells=8 beam_states=0 heat_cell=17,6 beam_cell=17,6 chosen_cell=17,6 heat_rank_of_beam=1 beam_rank_of_heat=1 chosen_heat_rank=1 chosen_beam_rank=1 heat_best=0.997661231 heat_second=0.905843299 beam_best=0.000000000 beam_second=0.000000000 heat_cell_beam=0.000000000 beam_cell_heat=0.997661231 chosen_heat=0.997661231 chosen_beam=0.000000000 beam_entropy=0.000000000
DECISION branch_turn=159 cell=17,6 target_cluster=None
RESULT branch_turn=159 cell=17,6 result=MISS remaining_cells=8 target_cluster=None
BRANCH branch_turn=? n=20 remaining_cells=8 beam_states=0 heat_cell=10,2 beam_cell=10,2 chosen_cell=10,2 heat_rank_of_beam=1 beam_rank_of_heat=1 chosen_heat_rank=1 chosen_beam_rank=1 heat_best=0.935555596 heat_second=0.893440376 beam_best=0.000000000 beam_second=0.000000000 heat_cell_beam=0.000000000 beam_cell_heat=0.935555596 chosen_heat=0.935555596 chosen_beam=0.000000000 beam_entropy=0.000000000
DECISION branch_turn=160 cell=10,2 target_cluster=None
RESULT branch_turn=160 cell=10,2 result=MISS remaining_cells=8 target_cluster=None
BRANCH branch_turn=? n=20 remaining_cells=8 beam_states=0 heat_cell=17,4 beam_cell=17,4 chosen_cell=17,4 heat_rank_of_beam=1 beam_rank_of_heat=1 chosen_heat_rank=1 chosen_beam_rank=1 heat_best=0.938399737 heat_second=0.936301944 beam_best=0.000000000 beam_second=0.000000000 heat_cell_beam=0.000000000 beam_cell_heat=0.938399737 chosen_heat=0.938399737 chosen_beam=0.000000000 beam_entropy=0.000000000
DECISION branch_turn=161 cell=17,4 target_cluster=None
RESULT branch_turn=161 cell=17,4 result=HIT remaining_cells=8 target_cluster=None
DECISION branch_turn=162 cell=18,4 target_cluster=Some(3)
RESULT branch_turn=162 cell=18,4 result=HIT remaining_cells=7 target_cluster=Some(3)
DECISION branch_turn=163 cell=16,4 target_cluster=Some(3)
RESULT branch_turn=163 cell=16,4 result=HIT remaining_cells=6 target_cluster=Some(3)
DECISION branch_turn=164 cell=19,4 target_cluster=Some(3)
RESULT branch_turn=164 cell=19,4 result=MISS remaining_cells=5 target_cluster=Some(3)
DECISION branch_turn=165 cell=15,4 target_cluster=Some(3)
RESULT branch_turn=165 cell=15,4 result=KILL remaining_cells=5 target_cluster=Some(3)
DECISION branch_turn=166 cell=18,5 target_cluster=Some(3)
RESULT branch_turn=166 cell=18,5 result=MISS remaining_cells=4 target_cluster=Some(3)
BRANCH branch_turn=? n=20 remaining_cells=4 beam_states=0 heat_cell=0,3 beam_cell=0,3 chosen_cell=0,3 heat_rank_of_beam=1 beam_rank_of_heat=1 chosen_heat_rank=1 chosen_beam_rank=1 heat_best=0.884879584 heat_second=0.882717372 beam_best=0.000000000 beam_second=0.000000000 heat_cell_beam=0.000000000 beam_cell_heat=0.884879584 chosen_heat=0.884879584 chosen_beam=0.000000000 beam_entropy=0.000000000
DECISION branch_turn=167 cell=0,3 target_cluster=None
RESULT branch_turn=167 cell=0,3 result=MISS remaining_cells=4 target_cluster=None
BRANCH branch_turn=? n=20 remaining_cells=4 beam_states=0 heat_cell=5,8 beam_cell=5,8 chosen_cell=5,8 heat_rank_of_beam=1 beam_rank_of_heat=1 chosen_heat_rank=1 chosen_beam_rank=1 heat_best=0.937863492 heat_second=0.865276430 beam_best=0.000000000 beam_second=0.000000000 heat_cell_beam=0.000000000 beam_cell_heat=0.937863492 chosen_heat=0.937863492 chosen_beam=0.000000000 beam_entropy=0.000000000
DECISION branch_turn=168 cell=5,8 target_cluster=None
RESULT branch_turn=168 cell=5,8 result=MISS remaining_cells=4 target_cluster=None
BRANCH branch_turn=? n=20 remaining_cells=4 beam_states=0 heat_cell=1,4 beam_cell=1,4 chosen_cell=1,4 heat_rank_of_beam=1 beam_rank_of_heat=1 chosen_heat_rank=1 chosen_beam_rank=1 heat_best=0.851540452 heat_second=0.848353878 beam_best=0.000000000 beam_second=0.000000000 heat_cell_beam=0.000000000 beam_cell_heat=0.851540452 chosen_heat=0.851540452 chosen_beam=0.000000000 beam_entropy=0.000000000
DECISION branch_turn=169 cell=1,4 target_cluster=None
RESULT branch_turn=169 cell=1,4 result=MISS remaining_cells=4 target_cluster=None
BRANCH branch_turn=? n=20 remaining_cells=4 beam_states=0 heat_cell=8,0 beam_cell=8,0 chosen_cell=8,0 heat_rank_of_beam=1 beam_rank_of_heat=1 chosen_heat_rank=1 chosen_beam_rank=1 heat_best=0.912753135 heat_second=0.911426404 beam_best=0.000000000 beam_second=0.000000000 heat_cell_beam=0.000000000 beam_cell_heat=0.912753135 chosen_heat=0.912753135 chosen_beam=0.000000000 beam_entropy=0.000000000
DECISION branch_turn=170 cell=8,0 target_cluster=None
RESULT branch_turn=170 cell=8,0 result=MISS remaining_cells=4 target_cluster=None
BRANCH branch_turn=? n=20 remaining_cells=4 beam_states=0 heat_cell=2,3 beam_cell=2,3 chosen_cell=2,3 heat_rank_of_beam=1 beam_rank_of_heat=1 chosen_heat_rank=1 chosen_beam_rank=1 heat_best=0.988492356 heat_second=0.985277599 beam_best=0.000000000 beam_second=0.000000000 heat_cell_beam=0.000000000 beam_cell_heat=0.988492356 chosen_heat=0.988492356 chosen_beam=0.000000000 beam_entropy=0.000000000
DECISION branch_turn=171 cell=2,3 target_cluster=None
RESULT branch_turn=171 cell=2,3 result=MISS remaining_cells=4 target_cluster=None
BRANCH branch_turn=? n=20 remaining_cells=4 beam_states=0 heat_cell=11,6 beam_cell=11,6 chosen_cell=11,6 heat_rank_of_beam=1 beam_rank_of_heat=1 chosen_heat_rank=1 chosen_beam_rank=1 heat_best=0.802373915 heat_second=0.799810007 beam_best=0.000000000 beam_second=0.000000000 heat_cell_beam=0.000000000 beam_cell_heat=0.802373915 chosen_heat=0.802373915 chosen_beam=0.000000000 beam_entropy=0.000000000
DECISION branch_turn=172 cell=11,6 target_cluster=None
RESULT branch_turn=172 cell=11,6 result=MISS remaining_cells=4 target_cluster=None
BRANCH branch_turn=? n=20 remaining_cells=4 beam_states=0 heat_cell=11,3 beam_cell=11,3 chosen_cell=11,3 heat_rank_of_beam=1 beam_rank_of_heat=1 chosen_heat_rank=1 chosen_beam_rank=1 heat_best=0.837178907 heat_second=0.832936102 beam_best=0.000000000 beam_second=0.000000000 heat_cell_beam=0.000000000 beam_cell_heat=0.837178907 chosen_heat=0.837178907 chosen_beam=0.000000000 beam_entropy=0.000000000
DECISION branch_turn=173 cell=11,3 target_cluster=None
RESULT branch_turn=173 cell=11,3 result=MISS remaining_cells=4 target_cluster=None
BRANCH branch_turn=? n=20 remaining_cells=4 beam_states=0 heat_cell=10,7 beam_cell=10,7 chosen_cell=10,7 heat_rank_of_beam=1 beam_rank_of_heat=1 chosen_heat_rank=1 chosen_beam_rank=1 heat_best=0.881539630 heat_second=0.800020074 beam_best=0.000000000 beam_second=0.000000000 heat_cell_beam=0.000000000 beam_cell_heat=0.881539630 chosen_heat=0.881539630 chosen_beam=0.000000000 beam_entropy=0.000000000
DECISION branch_turn=174 cell=10,7 target_cluster=None
RESULT branch_turn=174 cell=10,7 result=HIT remaining_cells=4 target_cluster=None
DECISION branch_turn=175 cell=9,7 target_cluster=Some(4)
RESULT branch_turn=175 cell=9,7 result=MISS remaining_cells=3 target_cluster=Some(4)
DECISION branch_turn=176 cell=10,6 target_cluster=Some(4)
RESULT branch_turn=176 cell=10,6 result=MISS remaining_cells=3 target_cluster=Some(4)
DECISION branch_turn=177 cell=11,7 target_cluster=Some(4)
RESULT branch_turn=177 cell=11,7 result=MISS remaining_cells=3 target_cluster=Some(4)
BRANCH branch_turn=? n=20 remaining_cells=3 beam_states=0 heat_cell=7,5 beam_cell=7,5 chosen_cell=7,5 heat_rank_of_beam=1 beam_rank_of_heat=1 chosen_heat_rank=1 chosen_beam_rank=1 heat_best=1.315126858 heat_second=1.314294626 beam_best=0.000000000 beam_second=0.000000000 heat_cell_beam=0.000000000 beam_cell_heat=1.315126858 chosen_heat=1.315126858 chosen_beam=0.000000000 beam_entropy=0.000000000
DECISION branch_turn=178 cell=7,5 target_cluster=None
RESULT branch_turn=178 cell=7,5 result=MISS remaining_cells=3 target_cluster=None
BRANCH branch_turn=? n=20 remaining_cells=3 beam_states=0 heat_cell=6,9 beam_cell=6,9 chosen_cell=6,9 heat_rank_of_beam=1 beam_rank_of_heat=1 chosen_heat_rank=1 chosen_beam_rank=1 heat_best=1.072750027 heat_second=0.966362038 beam_best=0.000000000 beam_second=0.000000000 heat_cell_beam=0.000000000 beam_cell_heat=1.072750027 chosen_heat=1.072750027 chosen_beam=0.000000000 beam_entropy=0.000000000
DECISION branch_turn=179 cell=6,9 target_cluster=None
RESULT branch_turn=179 cell=6,9 result=MISS remaining_cells=3 target_cluster=None
BRANCH branch_turn=? n=20 remaining_cells=3 beam_states=0 heat_cell=0,9 beam_cell=0,9 chosen_cell=0,9 heat_rank_of_beam=1 beam_rank_of_heat=1 chosen_heat_rank=1 chosen_beam_rank=1 heat_best=0.963840682 heat_second=0.853546622 beam_best=0.000000000 beam_second=0.000000000 heat_cell_beam=0.000000000 beam_cell_heat=0.963840682 chosen_heat=0.963840682 chosen_beam=0.000000000 beam_entropy=0.000000000
DECISION branch_turn=180 cell=0,9 target_cluster=None
RESULT branch_turn=180 cell=0,9 result=MISS remaining_cells=3 target_cluster=None
BRANCH branch_turn=? n=20 remaining_cells=3 beam_states=0 heat_cell=8,2 beam_cell=8,2 chosen_cell=8,2 heat_rank_of_beam=1 beam_rank_of_heat=1 chosen_heat_rank=1 chosen_beam_rank=1 heat_best=0.860838346 heat_second=0.860433461 beam_best=0.000000000 beam_second=0.000000000 heat_cell_beam=0.000000000 beam_cell_heat=0.860838346 chosen_heat=0.860838346 chosen_beam=0.000000000 beam_entropy=0.000000000
DECISION branch_turn=181 cell=8,2 target_cluster=None
RESULT branch_turn=181 cell=8,2 result=MISS remaining_cells=3 target_cluster=None
BRANCH branch_turn=? n=20 remaining_cells=3 beam_states=0 heat_cell=6,4 beam_cell=6,4 chosen_cell=6,4 heat_rank_of_beam=1 beam_rank_of_heat=1 chosen_heat_rank=1 chosen_beam_rank=1 heat_best=0.877855062 heat_second=0.870906928 beam_best=0.000000000 beam_second=0.000000000 heat_cell_beam=0.000000000 beam_cell_heat=0.877855062 chosen_heat=0.877855062 chosen_beam=0.000000000 beam_entropy=0.000000000
DECISION branch_turn=182 cell=6,4 target_cluster=None
RESULT branch_turn=182 cell=6,4 result=MISS remaining_cells=3 target_cluster=None
BRANCH branch_turn=? n=20 remaining_cells=3 beam_states=0 heat_cell=1,1 beam_cell=1,1 chosen_cell=1,1 heat_rank_of_beam=1 beam_rank_of_heat=1 chosen_heat_rank=1 chosen_beam_rank=1 heat_best=0.889881355 heat_second=0.889688075 beam_best=0.000000000 beam_second=0.000000000 heat_cell_beam=0.000000000 beam_cell_heat=0.889881355 chosen_heat=0.889881355 chosen_beam=0.000000000 beam_entropy=0.000000000
DECISION branch_turn=183 cell=1,1 target_cluster=None
RESULT branch_turn=183 cell=1,1 result=MISS remaining_cells=3 target_cluster=None
BRANCH branch_turn=? n=20 remaining_cells=3 beam_states=0 heat_cell=9,1 beam_cell=9,1 chosen_cell=9,1 heat_rank_of_beam=1 beam_rank_of_heat=1 chosen_heat_rank=1 chosen_beam_rank=1 heat_best=0.891434288 heat_second=0.734316971 beam_best=0.000000000 beam_second=0.000000000 heat_cell_beam=0.000000000 beam_cell_heat=0.891434288 chosen_heat=0.891434288 chosen_beam=0.000000000 beam_entropy=0.000000000
DECISION branch_turn=184 cell=9,1 target_cluster=None
RESULT branch_turn=184 cell=9,1 result=MISS remaining_cells=3 target_cluster=None
BRANCH branch_turn=? n=20 remaining_cells=3 beam_states=0 heat_cell=8,8 beam_cell=8,8 chosen_cell=8,8 heat_rank_of_beam=1 beam_rank_of_heat=1 chosen_heat_rank=1 chosen_beam_rank=1 heat_best=0.746164887 heat_second=0.743809681 beam_best=0.000000000 beam_second=0.000000000 heat_cell_beam=0.000000000 beam_cell_heat=0.746164887 chosen_heat=0.746164887 chosen_beam=0.000000000 beam_entropy=0.000000000
DECISION branch_turn=185 cell=8,8 target_cluster=None
RESULT branch_turn=185 cell=8,8 result=MISS remaining_cells=3 target_cluster=None
BRANCH branch_turn=? n=20 remaining_cells=3 beam_states=0 heat_cell=4,7 beam_cell=4,7 chosen_cell=4,7 heat_rank_of_beam=1 beam_rank_of_heat=1 chosen_heat_rank=1 chosen_beam_rank=1 heat_best=0.752730478 heat_second=0.752455376 beam_best=0.000000000 beam_second=0.000000000 heat_cell_beam=0.000000000 beam_cell_heat=0.752730478 chosen_heat=0.752730478 chosen_beam=0.000000000 beam_entropy=0.000000000
DECISION branch_turn=186 cell=4,7 target_cluster=None
RESULT branch_turn=186 cell=4,7 result=MISS remaining_cells=3 target_cluster=None
BRANCH branch_turn=? n=20 remaining_cells=3 beam_states=0 heat_cell=5,5 beam_cell=5,5 chosen_cell=5,5 heat_rank_of_beam=1 beam_rank_of_heat=1 chosen_heat_rank=1 chosen_beam_rank=1 heat_best=0.761381399 heat_second=0.759595763 beam_best=0.000000000 beam_second=0.000000000 heat_cell_beam=0.000000000 beam_cell_heat=0.761381399 chosen_heat=0.761381399 chosen_beam=0.000000000 beam_entropy=0.000000000
DECISION branch_turn=187 cell=5,5 target_cluster=None
RESULT branch_turn=187 cell=5,5 result=MISS remaining_cells=3 target_cluster=None
BRANCH branch_turn=? n=20 remaining_cells=3 beam_states=0 heat_cell=7,1 beam_cell=7,1 chosen_cell=7,1 heat_rank_of_beam=1 beam_rank_of_heat=1 chosen_heat_rank=1 chosen_beam_rank=1 heat_best=0.774992173 heat_second=0.769998454 beam_best=0.000000000 beam_second=0.000000000 heat_cell_beam=0.000000000 beam_cell_heat=0.774992173 chosen_heat=0.774992173 chosen_beam=0.000000000 beam_entropy=0.000000000
DECISION branch_turn=188 cell=7,1 target_cluster=None
RESULT branch_turn=188 cell=7,1 result=MISS remaining_cells=3 target_cluster=None
BRANCH branch_turn=? n=20 remaining_cells=3 beam_states=0 heat_cell=5,0 beam_cell=5,0 chosen_cell=5,0 heat_rank_of_beam=1 beam_rank_of_heat=1 chosen_heat_rank=1 chosen_beam_rank=1 heat_best=0.784511649 heat_second=0.783363459 beam_best=0.000000000 beam_second=0.000000000 heat_cell_beam=0.000000000 beam_cell_heat=0.784511649 chosen_heat=0.784511649 chosen_beam=0.000000000 beam_entropy=0.000000000
DECISION branch_turn=189 cell=5,0 target_cluster=None
RESULT branch_turn=189 cell=5,0 result=MISS remaining_cells=3 target_cluster=None
BRANCH branch_turn=? n=20 remaining_cells=3 beam_states=0 heat_cell=4,1 beam_cell=4,1 chosen_cell=4,1 heat_rank_of_beam=1 beam_rank_of_heat=1 chosen_heat_rank=1 chosen_beam_rank=1 heat_best=0.790033142 heat_second=0.789383035 beam_best=0.000000000 beam_second=0.000000000 heat_cell_beam=0.000000000 beam_cell_heat=0.790033142 chosen_heat=0.790033142 chosen_beam=0.000000000 beam_entropy=0.000000000
DECISION branch_turn=190 cell=4,1 target_cluster=None
RESULT branch_turn=190 cell=4,1 result=MISS remaining_cells=3 target_cluster=None
BRANCH branch_turn=? n=20 remaining_cells=3 beam_states=0 heat_cell=0,5 beam_cell=0,5 chosen_cell=0,5 heat_rank_of_beam=1 beam_rank_of_heat=1 chosen_heat_rank=1 chosen_beam_rank=1 heat_best=0.795100401 heat_second=0.793718317 beam_best=0.000000000 beam_second=0.000000000 heat_cell_beam=0.000000000 beam_cell_heat=0.795100401 chosen_heat=0.795100401 chosen_beam=0.000000000 beam_entropy=0.000000000
DECISION branch_turn=191 cell=0,5 target_cluster=None
RESULT branch_turn=191 cell=0,5 result=KILL remaining_cells=3 target_cluster=None
BRANCH branch_turn=? n=20 remaining_cells=2 beam_states=0 heat_cell=15,14 beam_cell=15,14 chosen_cell=15,14 heat_rank_of_beam=1 beam_rank_of_heat=1 chosen_heat_rank=1 chosen_beam_rank=1 heat_best=0.780315828 heat_second=0.777523364 beam_best=0.000000000 beam_second=0.000000000 heat_cell_beam=0.000000000 beam_cell_heat=0.780315828 chosen_heat=0.780315828 chosen_beam=0.000000000 beam_entropy=0.000000000
DECISION branch_turn=192 cell=15,14 target_cluster=None
RESULT branch_turn=192 cell=15,14 result=MISS remaining_cells=2 target_cluster=None
BRANCH branch_turn=? n=20 remaining_cells=2 beam_states=0 heat_cell=16,16 beam_cell=16,16 chosen_cell=16,16 heat_rank_of_beam=1 beam_rank_of_heat=1 chosen_heat_rank=1 chosen_beam_rank=1 heat_best=0.733404473 heat_second=0.726876010 beam_best=0.000000000 beam_second=0.000000000 heat_cell_beam=0.000000000 beam_cell_heat=0.733404473 chosen_heat=0.733404473 chosen_beam=0.000000000 beam_entropy=0.000000000
DECISION branch_turn=193 cell=16,16 target_cluster=None
RESULT branch_turn=193 cell=16,16 result=MISS remaining_cells=2 target_cluster=None
BRANCH branch_turn=? n=20 remaining_cells=2 beam_states=0 heat_cell=15,10 beam_cell=15,10 chosen_cell=15,10 heat_rank_of_beam=1 beam_rank_of_heat=1 chosen_heat_rank=1 chosen_beam_rank=1 heat_best=0.852900376 heat_second=0.825335920 beam_best=0.000000000 beam_second=0.000000000 heat_cell_beam=0.000000000 beam_cell_heat=0.852900376 chosen_heat=0.852900376 chosen_beam=0.000000000 beam_entropy=0.000000000
DECISION branch_turn=194 cell=15,10 target_cluster=None
RESULT branch_turn=194 cell=15,10 result=MISS remaining_cells=2 target_cluster=None
BRANCH branch_turn=? n=20 remaining_cells=2 beam_states=0 heat_cell=19,15 beam_cell=19,15 chosen_cell=19,15 heat_rank_of_beam=1 beam_rank_of_heat=1 chosen_heat_rank=1 chosen_beam_rank=1 heat_best=0.998722293 heat_second=0.787456471 beam_best=0.000000000 beam_second=0.000000000 heat_cell_beam=0.000000000 beam_cell_heat=0.998722293 chosen_heat=0.998722293 chosen_beam=0.000000000 beam_entropy=0.000000000
DECISION branch_turn=195 cell=19,15 target_cluster=None
RESULT branch_turn=195 cell=19,15 result=MISS remaining_cells=2 target_cluster=None
BRANCH branch_turn=? n=20 remaining_cells=2 beam_states=0 heat_cell=17,13 beam_cell=17,13 chosen_cell=17,13 heat_rank_of_beam=1 beam_rank_of_heat=1 chosen_heat_rank=1 chosen_beam_rank=1 heat_best=0.939019030 heat_second=0.859690478 beam_best=0.000000000 beam_second=0.000000000 heat_cell_beam=0.000000000 beam_cell_heat=0.939019030 chosen_heat=0.939019030 chosen_beam=0.000000000 beam_entropy=0.000000000
DECISION branch_turn=196 cell=17,13 target_cluster=None
RESULT branch_turn=196 cell=17,13 result=MISS remaining_cells=2 target_cluster=None
BRANCH branch_turn=? n=20 remaining_cells=2 beam_states=0 heat_cell=3,19 beam_cell=3,19 chosen_cell=3,19 heat_rank_of_beam=1 beam_rank_of_heat=1 chosen_heat_rank=1 chosen_beam_rank=1 heat_best=1.037078579 heat_second=1.036308686 beam_best=0.000000000 beam_second=0.000000000 heat_cell_beam=0.000000000 beam_cell_heat=1.037078579 chosen_heat=1.037078579 chosen_beam=0.000000000 beam_entropy=0.000000000
DECISION branch_turn=197 cell=3,19 target_cluster=None
RESULT branch_turn=197 cell=3,19 result=MISS remaining_cells=2 target_cluster=None
BRANCH branch_turn=? n=20 remaining_cells=2 beam_states=0 heat_cell=0,18 beam_cell=0,18 chosen_cell=0,18 heat_rank_of_beam=1 beam_rank_of_heat=1 chosen_heat_rank=1 chosen_beam_rank=1 heat_best=1.315312622 heat_second=1.128311578 beam_best=0.000000000 beam_second=0.000000000 heat_cell_beam=0.000000000 beam_cell_heat=1.315312622 chosen_heat=1.315312622 chosen_beam=0.000000000 beam_entropy=0.000000000
DECISION branch_turn=198 cell=0,18 target_cluster=None
RESULT branch_turn=198 cell=0,18 result=MISS remaining_cells=2 target_cluster=None
BRANCH branch_turn=? n=20 remaining_cells=2 beam_states=0 heat_cell=13,1 beam_cell=13,1 chosen_cell=13,1 heat_rank_of_beam=1 beam_rank_of_heat=1 chosen_heat_rank=1 chosen_beam_rank=1 heat_best=1.321564713 heat_second=1.319479507 beam_best=0.000000000 beam_second=0.000000000 heat_cell_beam=0.000000000 beam_cell_heat=1.321564713 chosen_heat=1.321564713 chosen_beam=0.000000000 beam_entropy=0.000000000
DECISION branch_turn=199 cell=13,1 target_cluster=None
RESULT branch_turn=199 cell=13,1 result=MISS remaining_cells=2 target_cluster=None
BRANCH branch_turn=? n=20 remaining_cells=2 beam_states=0 heat_cell=14,2 beam_cell=14,2 chosen_cell=14,2 heat_rank_of_beam=1 beam_rank_of_heat=1 chosen_heat_rank=1 chosen_beam_rank=1 heat_best=1.331194073 heat_second=1.329928135 beam_best=0.000000000 beam_second=0.000000000 heat_cell_beam=0.000000000 beam_cell_heat=1.331194073 chosen_heat=1.331194073 chosen_beam=0.000000000 beam_entropy=0.000000000
DECISION branch_turn=200 cell=14,2 target_cluster=None
RESULT branch_turn=200 cell=14,2 result=MISS remaining_cells=2 target_cluster=None
BRANCH branch_turn=? n=20 remaining_cells=2 beam_states=0 heat_cell=17,1 beam_cell=17,1 chosen_cell=17,1 heat_rank_of_beam=1 beam_rank_of_heat=1 chosen_heat_rank=1 chosen_beam_rank=1 heat_best=1.342671542 heat_second=1.341896562 beam_best=0.000000000 beam_second=0.000000000 heat_cell_beam=0.000000000 beam_cell_heat=1.342671542 chosen_heat=1.342671542 chosen_beam=0.000000000 beam_entropy=0.000000000
DECISION branch_turn=201 cell=17,1 target_cluster=None
RESULT branch_turn=201 cell=17,1 result=MISS remaining_cells=2 target_cluster=None
BRANCH branch_turn=? n=20 remaining_cells=2 beam_states=0 heat_cell=18,2 beam_cell=18,2 chosen_cell=18,2 heat_rank_of_beam=1 beam_rank_of_heat=1 chosen_heat_rank=1 chosen_beam_rank=1 heat_best=1.356771542 heat_second=1.355705578 beam_best=0.000000000 beam_second=0.000000000 heat_cell_beam=0.000000000 beam_cell_heat=1.356771542 chosen_heat=1.356771542 chosen_beam=0.000000000 beam_entropy=0.000000000
DECISION branch_turn=202 cell=18,2 target_cluster=None
RESULT branch_turn=202 cell=18,2 result=MISS remaining_cells=2 target_cluster=None
BRANCH branch_turn=? n=20 remaining_cells=2 beam_states=0 heat_cell=19,1 beam_cell=19,1 chosen_cell=19,1 heat_rank_of_beam=1 beam_rank_of_heat=1 chosen_heat_rank=1 chosen_beam_rank=1 heat_best=1.369376755 heat_second=1.301283257 beam_best=0.000000000 beam_second=0.000000000 heat_cell_beam=0.000000000 beam_cell_heat=1.369376755 chosen_heat=1.369376755 chosen_beam=0.000000000 beam_entropy=0.000000000
DECISION branch_turn=203 cell=19,1 target_cluster=None
RESULT branch_turn=203 cell=19,1 result=MISS remaining_cells=2 target_cluster=None
BRANCH branch_turn=? n=20 remaining_cells=2 beam_states=0 heat_cell=11,13 beam_cell=11,13 chosen_cell=11,13 heat_rank_of_beam=1 beam_rank_of_heat=1 chosen_heat_rank=1 chosen_beam_rank=1 heat_best=1.301286139 heat_second=1.300899794 beam_best=0.000000000 beam_second=0.000000000 heat_cell_beam=0.000000000 beam_cell_heat=1.301286139 chosen_heat=1.301286139 chosen_beam=0.000000000 beam_entropy=0.000000000
DECISION branch_turn=204 cell=11,13 target_cluster=None
RESULT branch_turn=204 cell=11,13 result=MISS remaining_cells=2 target_cluster=None
BRANCH branch_turn=? n=20 remaining_cells=2 beam_states=0 heat_cell=14,9 beam_cell=14,9 chosen_cell=14,9 heat_rank_of_beam=1 beam_rank_of_heat=1 chosen_heat_rank=1 chosen_beam_rank=1 heat_best=1.060135523 heat_second=1.057160186 beam_best=0.000000000 beam_second=0.000000000 heat_cell_beam=0.000000000 beam_cell_heat=1.060135523 chosen_heat=1.060135523 chosen_beam=0.000000000 beam_entropy=0.000000000
DECISION branch_turn=205 cell=14,9 target_cluster=None
RESULT branch_turn=205 cell=14,9 result=MISS remaining_cells=2 target_cluster=None
BRANCH branch_turn=? n=20 remaining_cells=2 beam_states=0 heat_cell=18,9 beam_cell=18,9 chosen_cell=18,9 heat_rank_of_beam=1 beam_rank_of_heat=1 chosen_heat_rank=1 chosen_beam_rank=1 heat_best=1.074273710 heat_second=1.072555973 beam_best=0.000000000 beam_second=0.000000000 heat_cell_beam=0.000000000 beam_cell_heat=1.074273710 chosen_heat=1.074273710 chosen_beam=0.000000000 beam_entropy=0.000000000
DECISION branch_turn=206 cell=18,9 target_cluster=None
RESULT branch_turn=206 cell=18,9 result=MISS remaining_cells=2 target_cluster=None
BRANCH branch_turn=? n=20 remaining_cells=2 beam_states=0 heat_cell=10,9 beam_cell=10,9 chosen_cell=10,9 heat_rank_of_beam=1 beam_rank_of_heat=1 chosen_heat_rank=1 chosen_beam_rank=1 heat_best=1.081735098 heat_second=1.063741373 beam_best=0.000000000 beam_second=0.000000000 heat_cell_beam=0.000000000 beam_cell_heat=1.081735098 chosen_heat=1.081735098 chosen_beam=0.000000000 beam_entropy=0.000000000
DECISION branch_turn=207 cell=10,9 target_cluster=None
RESULT branch_turn=207 cell=10,9 result=KILL remaining_cells=2 target_cluster=None
BRANCH branch_turn=? n=20 remaining_cells=1 beam_states=0 heat_cell=7,10 beam_cell=7,10 chosen_cell=7,10 heat_rank_of_beam=1 beam_rank_of_heat=1 chosen_heat_rank=1 chosen_beam_rank=1 heat_best=1.868042340 heat_second=1.867203125 beam_best=0.000000000 beam_second=0.000000000 heat_cell_beam=0.000000000 beam_cell_heat=1.868042340 chosen_heat=1.868042340 chosen_beam=0.000000000 beam_entropy=0.000000000
DECISION branch_turn=208 cell=7,10 target_cluster=None
RESULT branch_turn=208 cell=7,10 result=MISS remaining_cells=1 target_cluster=None
BRANCH branch_turn=? n=20 remaining_cells=1 beam_states=0 heat_cell=6,15 beam_cell=6,15 chosen_cell=6,15 heat_rank_of_beam=1 beam_rank_of_heat=1 chosen_heat_rank=1 chosen_beam_rank=1 heat_best=2.340174753 heat_second=2.340116738 beam_best=0.000000000 beam_second=0.000000000 heat_cell_beam=0.000000000 beam_cell_heat=2.340174753 chosen_heat=2.340174753 chosen_beam=0.000000000 beam_entropy=0.000000000
DECISION branch_turn=209 cell=6,15 target_cluster=None
RESULT branch_turn=209 cell=6,15 result=MISS remaining_cells=1 target_cluster=None
BRANCH branch_turn=? n=20 remaining_cells=1 beam_states=0 heat_cell=1,17 beam_cell=1,17 chosen_cell=1,17 heat_rank_of_beam=1 beam_rank_of_heat=1 chosen_heat_rank=1 chosen_beam_rank=1 heat_best=3.136759165 heat_second=3.136193272 beam_best=0.000000000 beam_second=0.000000000 heat_cell_beam=0.000000000 beam_cell_heat=3.136759165 chosen_heat=3.136759165 chosen_beam=0.000000000 beam_entropy=0.000000000
DECISION branch_turn=210 cell=1,17 target_cluster=None
RESULT branch_turn=210 cell=1,17 result=MISS remaining_cells=1 target_cluster=None
BRANCH branch_turn=? n=20 remaining_cells=1 beam_states=0 heat_cell=8,18 beam_cell=8,18 chosen_cell=8,18 heat_rank_of_beam=1 beam_rank_of_heat=1 chosen_heat_rank=1 chosen_beam_rank=1 heat_best=4.216332051 heat_second=4.215781182 beam_best=0.000000000 beam_second=0.000000000 heat_cell_beam=0.000000000 beam_cell_heat=4.216332051 chosen_heat=4.216332051 chosen_beam=0.000000000 beam_entropy=0.000000000
DECISION branch_turn=211 cell=8,18 target_cluster=None
RESULT branch_turn=211 cell=8,18 result=MISS remaining_cells=1 target_cluster=None
BRANCH branch_turn=? n=20 remaining_cells=1 beam_states=0 heat_cell=12,18 beam_cell=12,18 chosen_cell=12,18 heat_rank_of_beam=1 beam_rank_of_heat=1 chosen_heat_rank=1 chosen_beam_rank=1 heat_best=2.512996567 heat_second=2.511083464 beam_best=0.000000000 beam_second=0.000000000 heat_cell_beam=0.000000000 beam_cell_heat=2.512996567 chosen_heat=2.512996567 chosen_beam=0.000000000 beam_entropy=0.000000000
DECISION branch_turn=212 cell=12,18 target_cluster=None
RESULT branch_turn=212 cell=12,18 result=MISS remaining_cells=1 target_cluster=None
BRANCH branch_turn=? n=20 remaining_cells=1 beam_states=0 heat_cell=13,17 beam_cell=13,17 chosen_cell=13,17 heat_rank_of_beam=1 beam_rank_of_heat=1 chosen_heat_rank=1 chosen_beam_rank=1 heat_best=5.012342506 heat_second=5.008336047 beam_best=0.000000000 beam_second=0.000000000 heat_cell_beam=0.000000000 beam_cell_heat=5.012342506 chosen_heat=5.012342506 chosen_beam=0.000000000 beam_entropy=0.000000000
DECISION branch_turn=213 cell=13,17 target_cluster=None
RESULT branch_turn=213 cell=13,17 result=MISS remaining_cells=1 target_cluster=None
BRANCH branch_turn=? n=20 remaining_cells=1 beam_states=0 heat_cell=10,12 beam_cell=10,12 chosen_cell=10,12 heat_rank_of_beam=1 beam_rank_of_heat=1 chosen_heat_rank=1 chosen_beam_rank=1 heat_best=0.021223942 heat_second=0.020928762 beam_best=0.000000000 beam_second=0.000000000 heat_cell_beam=0.000000000 beam_cell_heat=0.021223942 chosen_heat=0.021223942 chosen_beam=0.000000000 beam_entropy=0.000000000
DECISION branch_turn=214 cell=10,12 target_cluster=None
RESULT branch_turn=214 cell=10,12 result=MISS remaining_cells=1 target_cluster=None
BRANCH branch_turn=? n=20 remaining_cells=1 beam_states=0 heat_cell=9,9 beam_cell=9,9 chosen_cell=9,9 heat_rank_of_beam=1 beam_rank_of_heat=1 chosen_heat_rank=1 chosen_beam_rank=1 heat_best=0.023262981 heat_second=0.022170400 beam_best=0.000000000 beam_second=0.000000000 heat_cell_beam=0.000000000 beam_cell_heat=0.023262981 chosen_heat=0.023262981 chosen_beam=0.000000000 beam_entropy=0.000000000
DECISION branch_turn=215 cell=9,9 target_cluster=None
RESULT branch_turn=215 cell=9,9 result=MISS remaining_cells=1 target_cluster=None
BRANCH branch_turn=? n=20 remaining_cells=1 beam_states=0 heat_cell=10,10 beam_cell=10,10 chosen_cell=10,10 heat_rank_of_beam=1 beam_rank_of_heat=1 chosen_heat_rank=1 chosen_beam_rank=1 heat_best=0.022876780 heat_second=0.022189369 beam_best=0.000000000 beam_second=0.000000000 heat_cell_beam=0.000000000 beam_cell_heat=0.022876780 chosen_heat=0.022876780 chosen_beam=0.000000000 beam_entropy=0.000000000
DECISION branch_turn=216 cell=10,10 target_cluster=None
RESULT branch_turn=216 cell=10,10 result=MISS remaining_cells=1 target_cluster=None
BRANCH branch_turn=? n=20 remaining_cells=1 beam_states=0 heat_cell=8,10 beam_cell=8,10 chosen_cell=8,10 heat_rank_of_beam=1 beam_rank_of_heat=1 chosen_heat_rank=1 chosen_beam_rank=1 heat_best=0.021625007 heat_second=0.021613508 beam_best=0.000000000 beam_second=0.000000000 heat_cell_beam=0.000000000 beam_cell_heat=0.021625007 chosen_heat=0.021625007 chosen_beam=0.000000000 beam_entropy=0.000000000
DECISION branch_turn=217 cell=8,10 target_cluster=None
RESULT branch_turn=217 cell=8,10 result=MISS remaining_cells=1 target_cluster=None
BRANCH branch_turn=? n=20 remaining_cells=1 beam_states=0 heat_cell=11,9 beam_cell=11,9 chosen_cell=11,9 heat_rank_of_beam=1 beam_rank_of_heat=1 chosen_heat_rank=1 chosen_beam_rank=1 heat_best=0.022059262 heat_second=0.020301748 beam_best=0.000000000 beam_second=0.000000000 heat_cell_beam=0.000000000 beam_cell_heat=0.022059262 chosen_heat=0.022059262 chosen_beam=0.000000000 beam_entropy=0.000000000
DECISION branch_turn=218 cell=11,9 target_cluster=None
RESULT branch_turn=218 cell=11,9 result=MISS remaining_cells=1 target_cluster=None
BRANCH branch_turn=? n=20 remaining_cells=1 beam_states=0 heat_cell=8,9 beam_cell=8,9 chosen_cell=8,9 heat_rank_of_beam=1 beam_rank_of_heat=1 chosen_heat_rank=1 chosen_beam_rank=1 heat_best=0.020147498 heat_second=0.019882543 beam_best=0.000000000 beam_second=0.000000000 heat_cell_beam=0.000000000 beam_cell_heat=0.020147498 chosen_heat=0.020147498 chosen_beam=0.000000000 beam_entropy=0.000000000
DECISION branch_turn=219 cell=8,9 target_cluster=None
RESULT branch_turn=219 cell=8,9 result=MISS remaining_cells=1 target_cluster=None
BRANCH branch_turn=? n=20 remaining_cells=1 beam_states=0 heat_cell=12,10 beam_cell=12,10 chosen_cell=12,10 heat_rank_of_beam=1 beam_rank_of_heat=1 chosen_heat_rank=1 chosen_beam_rank=1 heat_best=0.020937164 heat_second=0.019531162 beam_best=0.000000000 beam_second=0.000000000 heat_cell_beam=0.000000000 beam_cell_heat=0.020937164 chosen_heat=0.020937164 chosen_beam=0.000000000 beam_entropy=0.000000000
DECISION branch_turn=220 cell=12,10 target_cluster=None
RESULT branch_turn=220 cell=12,10 result=MISS remaining_cells=1 target_cluster=None
BRANCH branch_turn=? n=20 remaining_cells=1 beam_states=0 heat_cell=9,6 beam_cell=9,6 chosen_cell=9,6 heat_rank_of_beam=1 beam_rank_of_heat=1 chosen_heat_rank=1 chosen_beam_rank=1 heat_best=0.019226862 heat_second=0.019150285 beam_best=0.000000000 beam_second=0.000000000 heat_cell_beam=0.000000000 beam_cell_heat=0.019226862 chosen_heat=0.019226862 chosen_beam=0.000000000 beam_entropy=0.000000000
DECISION branch_turn=221 cell=9,6 target_cluster=None
RESULT branch_turn=221 cell=9,6 result=MISS remaining_cells=1 target_cluster=None
BRANCH branch_turn=? n=20 remaining_cells=1 beam_states=0 heat_cell=8,7 beam_cell=8,7 chosen_cell=8,7 heat_rank_of_beam=1 beam_rank_of_heat=1 chosen_heat_rank=1 chosen_beam_rank=1 heat_best=0.020075095 heat_second=0.019994788 beam_best=0.000000000 beam_second=0.000000000 heat_cell_beam=0.000000000 beam_cell_heat=0.020075095 chosen_heat=0.020075095 chosen_beam=0.000000000 beam_entropy=0.000000000
DECISION branch_turn=222 cell=8,7 target_cluster=None
RESULT branch_turn=222 cell=8,7 result=KILL remaining_cells=1 target_cluster=None
