GAME n=18 p=0.997715160 remaining=[0, 1, 3, 0, 2, 1, 1, 1, 1, 1]
BRANCH branch_turn=? n=18 remaining_cells=50 beam_states=0 heat_cell=8,8 beam_cell=8,8 chosen_cell=8,8 heat_rank_of_beam=1 beam_rank_of_heat=1 chosen_heat_rank=1 chosen_beam_rank=1 heat_best=1.905177184 heat_second=1.888955222 beam_best=0.000000000 beam_second=0.000000000 heat_cell_beam=0.000000000 beam_cell_heat=1.905177184 chosen_heat=1.905177184 chosen_beam=0.000000000 beam_entropy=0.000000000
DECISION branch_turn=1 cell=8,8 target_cluster=None
RESULT branch_turn=1 cell=8,8 result=MISS remaining_cells=50 target_cluster=None
BRANCH branch_turn=? n=18 remaining_cells=50 beam_states=0 heat_cell=7,7 beam_cell=7,7 chosen_cell=7,7 heat_rank_of_beam=1 beam_rank_of_heat=1 chosen_heat_rank=1 chosen_beam_rank=1 heat_best=1.948792244 heat_second=1.898642318 beam_best=0.000000000 beam_second=0.000000000 heat_cell_beam=0.000000000 beam_cell_heat=1.948792244 chosen_heat=1.948792244 chosen_beam=0.000000000 beam_entropy=0.000000000
DECISION branch_turn=2 cell=7,7 target_cluster=None
RESULT branch_turn=2 cell=7,7 result=MISS remaining_cells=50 target_cluster=None
BRANCH branch_turn=? n=18 remaining_cells=50 beam_states=0 heat_cell=6,6 beam_cell=6,6 chosen_cell=6,6 heat_rank_of_beam=1 beam_rank_of_heat=1 chosen_heat_rank=1 chosen_beam_rank=1 heat_best=1.923417078 heat_second=1.841846375 beam_best=0.000000000 beam_second=0.000000000 heat_cell_beam=0.000000000 beam_cell_heat=1.923417078 chosen_heat=1.923417078 chosen_beam=0.000000000 beam_entropy=0.000000000
DECISION branch_turn=3 cell=6,6 target_cluster=None
RESULT branch_turn=3 cell=6,6 result=MISS remaining_cells=50 target_cluster=None
BRANCH branch_turn=? n=18 remaining_cells=50 beam_states=0 heat_cell=5,5 beam_cell=5,5 chosen_cell=5,5 heat_rank_of_beam=1 beam_rank_of_heat=1 chosen_heat_rank=1 chosen_beam_rank=1 heat_best=1.845476617 heat_second=1.774947500 beam_best=0.000000000 beam_second=0.000000000 heat_cell_beam=0.000000000 beam_cell_heat=1.845476617 chosen_heat=1.845476617 chosen_beam=0.000000000 beam_entropy=0.000000000
DECISION branch_turn=4 cell=5,5 target_cluster=None
RESULT branch_turn=4 cell=5,5 result=HIT remaining_cells=50 target_cluster=None
DECISION branch_turn=5 cell=6,5 target_cluster=Some(0)
RESULT branch_turn=5 cell=6,5 result=HIT remaining_cells=49 target_cluster=Some(0)
DECISION branch_turn=6 cell=7,5 target_cluster=Some(0)
RESULT branch_turn=6 cell=7,5 result=HIT remaining_cells=48 target_cluster=Some(0)
DECISION branch_turn=7 cell=8,5 target_cluster=Some(0)
RESULT branch_turn=7 cell=8,5 result=HIT remaining_cells=47 target_cluster=Some(0)
DECISION branch_turn=8 cell=9,5 target_cluster=Some(0)
RESULT branch_turn=8 cell=9,5 result=HIT remaining_cells=46 target_cluster=Some(0)
DECISION branch_turn=9 cell=10,5 target_cluster=Some(0)
RESULT branch_turn=9 cell=10,5 result=HIT remaining_cells=45 target_cluster=Some(0)
DECISION branch_turn=10 cell=11,5 target_cluster=Some(0)
RESULT branch_turn=10 cell=11,5 result=HIT remaining_cells=44 target_cluster=Some(0)
DECISION branch_turn=11 cell=12,5 target_cluster=Some(0)
RESULT branch_turn=11 cell=12,5 result=MISS remaining_cells=43 target_cluster=Some(0)
DECISION branch_turn=12 cell=4,5 target_cluster=Some(0)
RESULT branch_turn=12 cell=4,5 result=HIT remaining_cells=43 target_cluster=Some(0)
DECISION branch_turn=13 cell=3,5 target_cluster=Some(0)
RESULT branch_turn=13 cell=3,5 result=KILL remaining_cells=42 target_cluster=Some(0)
BRANCH branch_turn=? n=18 remaining_cells=41 beam_states=0 heat_cell=5,11 beam_cell=5,11 chosen_cell=5,11 heat_rank_of_beam=1 beam_rank_of_heat=1 chosen_heat_rank=1 chosen_beam_rank=1 heat_best=1.318160709 heat_second=1.317662967 beam_best=0.000000000 beam_second=0.000000000 heat_cell_beam=0.000000000 beam_cell_heat=1.318160709 chosen_heat=1.318160709 chosen_beam=0.000000000 beam_entropy=0.000000000
DECISION branch_turn=14 cell=5,11 target_cluster=None
RESULT branch_turn=14 cell=5,11 result=MISS remaining_cells=41 target_cluster=None
BRANCH branch_turn=? n=18 remaining_cells=41 beam_states=0 heat_cell=6,12 beam_cell=6,12 chosen_cell=6,12 heat_rank_of_beam=1 beam_rank_of_heat=1 chosen_heat_rank=1 chosen_beam_rank=1 heat_best=1.366091607 heat_second=1.342843368 beam_best=0.000000000 beam_second=0.000000000 heat_cell_beam=0.000000000 beam_cell_heat=1.366091607 chosen_heat=1.366091607 chosen_beam=0.000000000 beam_entropy=0.000000000
DECISION branch_turn=15 cell=6,12 target_cluster=None
RESULT branch_turn=15 cell=6,12 result=MISS remaining_cells=41 target_cluster=None
BRANCH branch_turn=? n=18 remaining_cells=41 beam_states=0 heat_cell=7,13 beam_cell=7,13 chosen_cell=7,13 heat_rank_of_beam=1 beam_rank_of_heat=1 chosen_heat_rank=1 chosen_beam_rank=1 heat_best=1.362186640 heat_second=1.322948320 beam_best=0.000000000 beam_second=0.000000000 heat_cell_beam=0.000000000 beam_cell_heat=1.362186640 chosen_heat=1.362186640 chosen_beam=0.000000000 beam_entropy=0.000000000
DECISION branch_turn=16 cell=7,13 target_cluster=None
RESULT branch_turn=16 cell=7,13 result=MISS remaining_cells=41 target_cluster=None
BRANCH branch_turn=? n=18 remaining_cells=41 beam_states=0 heat_cell=4,10 beam_cell=4,10 chosen_cell=4,10 heat_rank_of_beam=1 beam_rank_of_heat=1 chosen_heat_rank=1 chosen_beam_rank=1 heat_best=1.359055248 heat_second=1.310463860 beam_best=0.000000000 beam_second=0.000000000 heat_cell_beam=0.000000000 beam_cell_heat=1.359055248 chosen_heat=1.359055248 chosen_beam=0.000000000 beam_entropy=0.000000000
DECISION branch_turn=17 cell=4,10 target_cluster=None
RESULT branch_turn=17 cell=4,10 result=HIT remaining_cells=41 target_cluster=None
DECISION branch_turn=18 cell=5,10 target_cluster=Some(0)
RESULT branch_turn=18 cell=5,10 result=MISS remaining_cells=40 target_cluster=Some(0)
DECISION branch_turn=19 cell=4,11 target_cluster=Some(0)
RESULT branch_turn=19 cell=4,11 result=HIT remaining_cells=40 target_cluster=Some(0)
DECISION branch_turn=20 cell=4,12 target_cluster=Some(0)
RESULT branch_turn=20 cell=4,12 result=HIT remaining_cells=39 target_cluster=Some(0)
DECISION branch_turn=21 cell=4,13 target_cluster=Some(0)
RESULT branch_turn=21 cell=4,13 result=KILL remaining_cells=38 target_cluster=Some(0)
BRANCH branch_turn=? n=18 remaining_cells=37 beam_states=0 heat_cell=13,9 beam_cell=13,9 chosen_cell=13,9 heat_rank_of_beam=1 beam_rank_of_heat=1 chosen_heat_rank=1 chosen_beam_rank=1 heat_best=1.159486816 heat_second=1.158192886 beam_best=0.000000000 beam_second=0.000000000 heat_cell_beam=0.000000000 beam_cell_heat=1.159486816 chosen_heat=1.159486816 chosen_beam=0.000000000 beam_entropy=0.000000000
DECISION branch_turn=22 cell=13,9 target_cluster=None
RESULT branch_turn=22 cell=13,9 result=MISS remaining_cells=37 target_cluster=None
BRANCH branch_turn=? n=18 remaining_cells=37 beam_states=0 heat_cell=8,14 beam_cell=8,14 chosen_cell=8,14 heat_rank_of_beam=1 beam_rank_of_heat=1 chosen_heat_rank=1 chosen_beam_rank=1 heat_best=1.154131771 heat_second=1.152327252 beam_best=0.000000000 beam_second=0.000000000 heat_cell_beam=0.000000000 beam_cell_heat=1.154131771 chosen_heat=1.154131771 chosen_beam=0.000000000 beam_entropy=0.000000000
DECISION branch_turn=23 cell=8,14 target_cluster=None
RESULT branch_turn=23 cell=8,14 result=MISS remaining_cells=37 target_cluster=None
BRANCH branch_turn=? n=18 remaining_cells=37 beam_states=0 heat_cell=2,9 beam_cell=2,9 chosen_cell=2,9 heat_rank_of_beam=1 beam_rank_of_heat=1 chosen_heat_rank=1 chosen_beam_rank=1 heat_best=1.197492995 heat_second=1.173954973 beam_best=0.000000000 beam_second=0.000000000 heat_cell_beam=0.000000000 beam_cell_heat=1.197492995 chosen_heat=1.197492995 chosen_beam=0.000000000 beam_entropy=0.000000000
DECISION branch_turn=24 cell=2,9 target_cluster=None
RESULT branch_turn=24 cell=2,9 result=MISS remaining_cells=37 target_cluster=None
BRANCH branch_turn=? n=18 remaining_cells=37 beam_states=0 heat_cell=11,11 beam_cell=11,11 chosen_cell=11,11 heat_rank_of_beam=1 beam_rank_of_heat=1 chosen_heat_rank=1 chosen_beam_rank=1 heat_best=1.216618864 heat_second=1.213669240 beam_best=0.000000000 beam_second=0.000000000 heat_cell_beam=0.000000000 beam_cell_heat=1.216618864 chosen_heat=1.216618864 chosen_beam=0.000000000 beam_entropy=0.000000000
DECISION branch_turn=25 cell=11,11 target_cluster=None
RESULT branch_turn=25 cell=11,11 result=MISS remaining_cells=37 target_cluster=None
BRANCH branch_turn=? n=18 remaining_cells=37 beam_states=0 heat_cell=14,10 beam_cell=14,10 chosen_cell=14,10 heat_rank_of_beam=1 beam_rank_of_heat=1 chosen_heat_rank=1 chosen_beam_rank=1 heat_best=1.253024046 heat_second=1.228071062 beam_best=0.000000000 beam_second=0.000000000 heat_cell_beam=0.000000000 beam_cell_heat=1.253024046 chosen_heat=1.253024046 chosen_beam=0.000000000 beam_entropy=0.000000000
DECISION branch_turn=26 cell=14,10 target_cluster=None
RESULT branch_turn=26 cell=14,10 result=MISS remaining_cells=37 target_cluster=None
BRANCH branch_turn=? n=18 remaining_cells=37 beam_states=0 heat_cell=12,12 beam_cell=12,12 chosen_cell=12,12 heat_rank_of_beam=1 beam_rank_of_heat=1 chosen_heat_rank=1 chosen_beam_rank=1 heat_best=1.255667147 heat_second=1.204893449 beam_best=0.000000000 beam_second=0.000000000 heat_cell_beam=0.000000000 beam_cell_heat=1.255667147 chosen_heat=1.255667147 chosen_beam=0.000000000 beam_entropy=0.000000000
DECISION branch_turn=27 cell=12,12 target_cluster=None
RESULT branch_turn=27 cell=12,12 result=MISS remaining_cells=37 target_cluster=None
BRANCH branch_turn=? n=18 remaining_cells=37 beam_states=0 heat_cell=9,15 beam_cell=9,15 chosen_cell=9,15 heat_rank_of_beam=1 beam_rank_of_heat=1 chosen_heat_rank=1 chosen_beam_rank=1 heat_best=1.272806687 heat_second=1.267245284 beam_best=0.000000000 beam_second=0.000000000 heat_cell_beam=0.000000000 beam_cell_heat=1.272806687 chosen_heat=1.272806687 chosen_beam=0.000000000 beam_entropy=0.000000000
DECISION branch_turn=28 cell=9,15 target_cluster=None
RESULT branch_turn=28 cell=9,15 result=MISS remaining_cells=37 target_cluster=None
BRANCH branch_turn=? n=18 remaining_cells=37 beam_states=0 heat_cell=15,7 beam_cell=15,7 chosen_cell=15,7 heat_rank_of_beam=1 beam_rank_of_heat=1 chosen_heat_rank=1 chosen_beam_rank=1 heat_best=1.234214011 heat_second=1.218640434 beam_best=0.000000000 beam_second=0.000000000 heat_cell_beam=0.000000000 beam_cell_heat=1.234214011 chosen_heat=1.234214011 chosen_beam=0.000000000 beam_entropy=0.000000000
DECISION branch_turn=29 cell=15,7 target_cluster=None
RESULT branch_turn=29 cell=15,7 result=MISS remaining_cells=37 target_cluster=None
BRANCH branch_turn=? n=18 remaining_cells=37 beam_states=0 heat_cell=1,8 beam_cell=1,8 chosen_cell=1,8 heat_rank_of_beam=1 beam_rank_of_heat=1 chosen_heat_rank=1 chosen_beam_rank=1 heat_best=1.273906487 heat_second=1.253819986 beam_best=0.000000000 beam_second=0.000000000 heat_cell_beam=0.000000000 beam_cell_heat=1.273906487 chosen_heat=1.273906487 chosen_beam=0.000000000 beam_entropy=0.000000000
DECISION branch_turn=30 cell=1,8 target_cluster=None
RESULT branch_turn=30 cell=1,8 result=MISS remaining_cells=37 target_cluster=None
BRANCH branch_turn=? n=18 remaining_cells=37 beam_states=0 heat_cell=10,16 beam_cell=10,16 chosen_cell=10,16 heat_rank_of_beam=1 beam_rank_of_heat=1 chosen_heat_rank=1 chosen_beam_rank=1 heat_best=1.306005391 heat_second=1.229687558 beam_best=0.000000000 beam_second=0.000000000 heat_cell_beam=0.000000000 beam_cell_heat=1.306005391 chosen_heat=1.306005391 chosen_beam=0.000000000 beam_entropy=0.000000000
DECISION branch_turn=31 cell=10,16 target_cluster=None
RESULT branch_turn=31 cell=10,16 result=HIT remaining_cells=37 target_cluster=None
DECISION branch_turn=32 cell=11,16 target_cluster=Some(0)
RESULT branch_turn=32 cell=11,16 result=HIT remaining_cells=36 target_cluster=Some(0)
DECISION branch_turn=33 cell=9,16 target_cluster=Some(0)
RESULT branch_turn=33 cell=9,16 result=HIT remaining_cells=35 target_cluster=Some(0)
DECISION branch_turn=34 cell=8,16 target_cluster=Some(0)
RESULT branch_turn=34 cell=8,16 result=HIT remaining_cells=34 target_cluster=Some(0)
DECISION branch_turn=35 cell=7,16 target_cluster=Some(0)
RESULT branch_turn=35 cell=7,16 result=HIT remaining_cells=33 target_cluster=Some(0)
DECISION branch_turn=36 cell=6,16 target_cluster=Some(0)
RESULT branch_turn=36 cell=6,16 result=HIT remaining_cells=32 target_cluster=Some(0)
DECISION branch_turn=37 cell=5,16 target_cluster=Some(0)
RESULT branch_turn=37 cell=5,16 result=MISS remaining_cells=31 target_cluster=Some(0)
DECISION branch_turn=38 cell=12,16 target_cluster=Some(0)
RESULT branch_turn=38 cell=12,16 result=KILL remaining_cells=31 target_cluster=Some(0)
BRANCH branch_turn=? n=18 remaining_cells=30 beam_states=0 heat_cell=7,3 beam_cell=7,3 chosen_cell=7,3 heat_rank_of_beam=1 beam_rank_of_heat=1 chosen_heat_rank=1 chosen_beam_rank=1 heat_best=1.194374117 heat_second=1.190788882 beam_best=0.000000000 beam_second=0.000000000 heat_cell_beam=0.000000000 beam_cell_heat=1.194374117 chosen_heat=1.194374117 chosen_beam=0.000000000 beam_entropy=0.000000000
DECISION branch_turn=39 cell=7,3 target_cluster=None
RESULT branch_turn=39 cell=7,3 result=MISS remaining_cells=30 target_cluster=None
BRANCH branch_turn=? n=18 remaining_cells=30 beam_states=0 heat_cell=8,1 beam_cell=8,1 chosen_cell=8,1 heat_rank_of_beam=1 beam_rank_of_heat=1 chosen_heat_rank=1 chosen_beam_rank=1 heat_best=1.243542359 heat_second=1.243092313 beam_best=0.000000000 beam_second=0.000000000 heat_cell_beam=0.000000000 beam_cell_heat=1.243542359 chosen_heat=1.243542359 chosen_beam=0.000000000 beam_entropy=0.000000000
DECISION branch_turn=40 cell=8,1 target_cluster=None
RESULT branch_turn=40 cell=8,1 result=MISS remaining_cells=30 target_cluster=None
BRANCH branch_turn=? n=18 remaining_cells=30 beam_states=0 heat_cell=0,7 beam_cell=0,7 chosen_cell=0,7 heat_rank_of_beam=1 beam_rank_of_heat=1 chosen_heat_rank=1 chosen_beam_rank=1 heat_best=1.303873171 heat_second=1.298607474 beam_best=0.000000000 beam_second=0.000000000 heat_cell_beam=0.000000000 beam_cell_heat=1.303873171 chosen_heat=1.303873171 chosen_beam=0.000000000 beam_entropy=0.000000000
DECISION branch_turn=41 cell=0,7 target_cluster=None
RESULT branch_turn=41 cell=0,7 result=HIT remaining_cells=30 target_cluster=None
DECISION branch_turn=42 cell=0,6 target_cluster=Some(0)
RESULT branch_turn=42 cell=0,6 result=HIT remaining_cells=29 target_cluster=Some(0)
DECISION branch_turn=43 cell=0,8 target_cluster=Some(0)
RESULT branch_turn=43 cell=0,8 result=HIT remaining_cells=28 target_cluster=Some(0)
DECISION branch_turn=44 cell=0,9 target_cluster=Some(0)
RESULT branch_turn=44 cell=0,9 result=HIT remaining_cells=27 target_cluster=Some(0)
DECISION branch_turn=45 cell=0,10 target_cluster=Some(0)
RESULT branch_turn=45 cell=0,10 result=MISS remaining_cells=26 target_cluster=Some(0)
DECISION branch_turn=46 cell=0,5 target_cluster=Some(0)
RESULT branch_turn=46 cell=0,5 result=HIT remaining_cells=26 target_cluster=Some(0)
DECISION branch_turn=47 cell=0,4 target_cluster=Some(0)
RESULT branch_turn=47 cell=0,4 result=HIT remaining_cells=25 target_cluster=Some(0)
DECISION branch_turn=48 cell=0,3 target_cluster=Some(0)
RESULT branch_turn=48 cell=0,3 result=HIT remaining_cells=24 target_cluster=Some(0)
DECISION branch_turn=49 cell=0,2 target_cluster=Some(0)
RESULT branch_turn=49 cell=0,2 result=KILL remaining_cells=23 target_cluster=Some(0)
BRANCH branch_turn=? n=18 remaining_cells=22 beam_states=46 heat_cell=10,10 beam_cell=10,10 chosen_cell=10,10 heat_rank_of_beam=1 beam_rank_of_heat=1 chosen_heat_rank=1 chosen_beam_rank=1 heat_best=0.685095027 heat_second=0.660310027 beam_best=0.713264241 beam_second=0.713264241 heat_cell_beam=0.713264241 beam_cell_heat=0.685095027 chosen_heat=0.685095027 chosen_beam=0.713264241 beam_entropy=3.284055451
DECISION branch_turn=50 cell=10,10 target_cluster=None
RESULT branch_turn=50 cell=10,10 result=MISS remaining_cells=22 target_cluster=None
BRANCH branch_turn=? n=18 remaining_cells=22 beam_states=66 heat_cell=9,9 beam_cell=9,9 chosen_cell=9,9 heat_rank_of_beam=1 beam_rank_of_heat=1 chosen_heat_rank=1 chosen_beam_rank=1 heat_best=0.684910725 heat_second=0.538793704 beam_best=0.740881208 beam_second=0.740881208 heat_cell_beam=0.740881208 beam_cell_heat=0.684910725 chosen_heat=0.684910725 chosen_beam=0.740881208 beam_entropy=3.376562834
DECISION branch_turn=51 cell=9,9 target_cluster=None
RESULT branch_turn=51 cell=9,9 result=MISS remaining_cells=22 target_cluster=None
BRANCH branch_turn=? n=18 remaining_cells=22 beam_states=127 heat_cell=12,8 beam_cell=11,7 chosen_cell=12,8 heat_rank_of_beam=11 beam_rank_of_heat=9 chosen_heat_rank=1 chosen_beam_rank=9 heat_best=0.603601440 heat_second=0.544995934 beam_best=0.768932598 beam_second=0.768932598 heat_cell_beam=0.762878011 beam_cell_heat=0.488623739 chosen_heat=0.603601440 chosen_beam=0.762878011 beam_entropy=3.371458721
DECISION branch_turn=52 cell=12,8 target_cluster=None
RESULT branch_turn=52 cell=12,8 result=MISS remaining_cells=22 target_cluster=None
BRANCH branch_turn=? n=18 remaining_cells=22 beam_states=57 heat_cell=13,4 beam_cell=9,11 chosen_cell=13,4 heat_rank_of_beam=33 beam_rank_of_heat=44 chosen_heat_rank=1 chosen_beam_rank=44 heat_best=0.561334564 heat_second=0.543699331 beam_best=0.793675864 beam_second=0.779503081 heat_cell_beam=0.000000000 beam_cell_heat=0.399447259 chosen_heat=0.561334564 chosen_beam=0.000000000 beam_entropy=3.517611988
DECISION branch_turn=53 cell=13,4 target_cluster=None
RESULT branch_turn=53 cell=13,4 result=HIT remaining_cells=22 target_cluster=None
DECISION branch_turn=54 cell=12,4 target_cluster=Some(0)
RESULT branch_turn=54 cell=12,4 result=MISS remaining_cells=21 target_cluster=Some(0)
DECISION branch_turn=55 cell=13,3 target_cluster=Some(0)
RESULT branch_turn=55 cell=13,3 result=MISS remaining_cells=21 target_cluster=Some(0)
DECISION branch_turn=56 cell=14,4 target_cluster=Some(0)
RESULT branch_turn=56 cell=14,4 result=HIT remaining_cells=21 target_cluster=Some(0)
DECISION branch_turn=57 cell=15,4 target_cluster=Some(0)
RESULT branch_turn=57 cell=15,4 result=HIT remaining_cells=20 target_cluster=Some(0)
DECISION branch_turn=58 cell=16,4 target_cluster=Some(0)
RESULT branch_turn=58 cell=16,4 result=KILL remaining_cells=19 target_cluster=Some(0)
BRANCH branch_turn=? n=18 remaining_cells=18 beam_states=139 heat_cell=13,13 beam_cell=11,7 chosen_cell=13,13 heat_rank_of_beam=33 beam_rank_of_heat=47 chosen_heat_rank=1 chosen_beam_rank=47 heat_best=0.532778318 heat_second=0.506083213 beam_best=0.744276565 beam_second=0.744276565 heat_cell_beam=0.000000000 beam_cell_heat=0.336715857 chosen_heat=0.532778318 chosen_beam=0.000000000 beam_entropy=3.305868448
DECISION branch_turn=59 cell=13,13 target_cluster=None
RESULT branch_turn=59 cell=13,13 result=MISS remaining_cells=18 target_cluster=None
BRANCH branch_turn=? n=18 remaining_cells=18 beam_states=139 heat_cell=15,14 beam_cell=11,7 chosen_cell=15,14 heat_rank_of_beam=37 beam_rank_of_heat=47 chosen_heat_rank=1 chosen_beam_rank=47 heat_best=0.479805279 heat_second=0.472740892 beam_best=0.674364208 beam_second=0.674364208 heat_cell_beam=0.000000000 beam_cell_heat=0.324407728 chosen_heat=0.479805279 chosen_beam=0.000000000 beam_entropy=3.305868448
DECISION branch_turn=60 cell=15,14 target_cluster=None
RESULT branch_turn=60 cell=15,14 result=MISS remaining_cells=18 target_cluster=None
BRANCH branch_turn=? n=18 remaining_cells=18 beam_states=139 heat_cell=16,11 beam_cell=11,7 chosen_cell=16,11 heat_rank_of_beam=30 beam_rank_of_heat=47 chosen_heat_rank=1 chosen_beam_rank=47 heat_best=0.496769534 heat_second=0.454795155 beam_best=0.695620710 beam_second=0.695620710 heat_cell_beam=0.000000000 beam_cell_heat=0.335019302 chosen_heat=0.496769534 chosen_beam=0.000000000 beam_entropy=3.305868448
DECISION branch_turn=61 cell=16,11 target_cluster=None
RESULT branch_turn=61 cell=16,11 result=MISS remaining_cells=18 target_cluster=None
BRANCH branch_turn=? n=18 remaining_cells=18 beam_states=139 heat_cell=3,14 beam_cell=11,7 chosen_cell=3,14 heat_rank_of_beam=27 beam_rank_of_heat=47 chosen_heat_rank=1 chosen_beam_rank=47 heat_best=0.478822086 heat_second=0.462273360 beam_best=0.730012875 beam_second=0.730012875 heat_cell_beam=0.000000000 beam_cell_heat=0.349726835 chosen_heat=0.478822086 chosen_beam=0.000000000 beam_entropy=3.305868448
DECISION branch_turn=62 cell=3,14 target_cluster=None
RESULT branch_turn=62 cell=3,14 result=MISS remaining_cells=18 target_cluster=None
BRANCH branch_turn=? n=18 remaining_cells=18 beam_states=139 heat_cell=14,15 beam_cell=11,7 chosen_cell=14,15 heat_rank_of_beam=21 beam_rank_of_heat=47 chosen_heat_rank=1 chosen_beam_rank=47 heat_best=0.479272860 heat_second=0.463859802 beam_best=0.670894466 beam_second=0.670894466 heat_cell_beam=0.000000000 beam_cell_heat=0.341013446 chosen_heat=0.479272860 chosen_beam=0.000000000 beam_entropy=3.305868448
DECISION branch_turn=63 cell=14,15 target_cluster=None
RESULT branch_turn=63 cell=14,15 result=MISS remaining_cells=18 target_cluster=None
BRANCH branch_turn=? n=18 remaining_cells=18 beam_states=139 heat_cell=17,12 beam_cell=11,7 chosen_cell=17,12 heat_rank_of_beam=21 beam_rank_of_heat=47 chosen_heat_rank=1 chosen_beam_rank=47 heat_best=0.505184526 heat_second=0.460365462 beam_best=0.710709468 beam_second=0.710709468 heat_cell_beam=0.000000000 beam_cell_heat=0.365233358 chosen_heat=0.505184526 chosen_beam=0.000000000 beam_entropy=3.305868448
DECISION branch_turn=64 cell=17,12 target_cluster=None
RESULT branch_turn=64 cell=17,12 result=MISS remaining_cells=18 target_cluster=None
BRANCH branch_turn=? n=18 remaining_cells=18 beam_states=139 heat_cell=12,17 beam_cell=11,7 chosen_cell=12,17 heat_rank_of_beam=17 beam_rank_of_heat=47 chosen_heat_rank=1 chosen_beam_rank=47 heat_best=0.476650715 heat_second=0.475344249 beam_best=0.721231446 beam_second=0.721231446 heat_cell_beam=0.000000000 beam_cell_heat=0.369565791 chosen_heat=0.476650715 chosen_beam=0.000000000 beam_entropy=3.305868448
DECISION branch_turn=65 cell=12,17 target_cluster=None
RESULT branch_turn=65 cell=12,17 result=HIT remaining_cells=18 target_cluster=None
DECISION branch_turn=66 cell=11,17 target_cluster=Some(0)
RESULT branch_turn=66 cell=11,17 result=HIT remaining_cells=17 target_cluster=Some(0)
DECISION branch_turn=67 cell=10,17 target_cluster=Some(0)
RESULT branch_turn=67 cell=10,17 result=HIT remaining_cells=16 target_cluster=Some(0)
DECISION branch_turn=68 cell=9,17 target_cluster=Some(0)
RESULT branch_turn=68 cell=9,17 result=HIT remaining_cells=15 target_cluster=Some(0)
DECISION branch_turn=69 cell=8,17 target_cluster=Some(0)
RESULT branch_turn=69 cell=8,17 result=HIT remaining_cells=14 target_cluster=Some(0)
DECISION branch_turn=70 cell=7,17 target_cluster=Some(0)
RESULT branch_turn=70 cell=7,17 result=KILL remaining_cells=13 target_cluster=Some(0)
BRANCH branch_turn=? n=18 remaining_cells=12 beam_states=28 heat_cell=11,7 beam_cell=11,7 chosen_cell=11,7 heat_rank_of_beam=1 beam_rank_of_heat=1 chosen_heat_rank=1 chosen_beam_rank=1 heat_best=0.316996091 heat_second=0.293650744 beam_best=0.341210949 beam_second=0.341210949 heat_cell_beam=0.341210949 beam_cell_heat=0.316996091 chosen_heat=0.316996091 chosen_beam=0.341210949 beam_entropy=2.719208323
DECISION branch_turn=71 cell=11,7 target_cluster=None
RESULT branch_turn=71 cell=11,7 result=MISS remaining_cells=12 target_cluster=None
BRANCH branch_turn=? n=18 remaining_cells=12 beam_states=0 heat_cell=2,4 beam_cell=2,4 chosen_cell=2,4 heat_rank_of_beam=1 beam_rank_of_heat=1 chosen_heat_rank=1 chosen_beam_rank=1 heat_best=0.415813917 heat_second=0.375766697 beam_best=0.000000000 beam_second=0.000000000 heat_cell_beam=0.000000000 beam_cell_heat=0.415813917 chosen_heat=0.415813917 chosen_beam=0.000000000 beam_entropy=0.000000000
DECISION branch_turn=72 cell=2,4 target_cluster=None
RESULT branch_turn=72 cell=2,4 result=HIT remaining_cells=12 target_cluster=None
DECISION branch_turn=73 cell=2,3 target_cluster=Some(0)
RESULT branch_turn=73 cell=2,3 result=MISS remaining_cells=11 target_cluster=Some(0)
DECISION branch_turn=74 cell=3,4 target_cluster=Some(0)
RESULT branch_turn=74 cell=3,4 result=MISS remaining_cells=11 target_cluster=Some(0)
DECISION branch_turn=75 cell=2,5 target_cluster=Some(0)
RESULT branch_turn=75 cell=2,5 result=KILL remaining_cells=11 target_cluster=Some(0)
BRANCH branch_turn=? n=18 remaining_cells=10 beam_states=25 heat_cell=11,2 beam_cell=9,11 chosen_cell=9,11 heat_rank_of_beam=3 beam_rank_of_heat=26 chosen_heat_rank=3 chosen_beam_rank=1 heat_best=0.231737521 heat_second=0.230296257 beam_best=0.318413470 beam_second=0.286572123 heat_cell_beam=0.000000000 beam_cell_heat=0.227017636 chosen_heat=0.227017636 chosen_beam=0.318413470 beam_entropy=3.027184863
FORCE branch_turn=76 from=9,11 to=11,2
DECISION branch_turn=76 cell=11,2 target_cluster=None
RESULT branch_turn=76 cell=11,2 result=MISS remaining_cells=10 target_cluster=None
BRANCH branch_turn=? n=18 remaining_cells=10 beam_states=133 heat_cell=11,6 beam_cell=11,6 chosen_cell=11,6 heat_rank_of_beam=1 beam_rank_of_heat=1 chosen_heat_rank=1 chosen_beam_rank=1 heat_best=0.299028109 heat_second=0.285577872 beam_best=0.335602512 beam_second=0.335602512 heat_cell_beam=0.335602512 beam_cell_heat=0.299028109 chosen_heat=0.299028109 chosen_beam=0.335602512 beam_entropy=2.835254150
DECISION branch_turn=77 cell=11,6 target_cluster=None
RESULT branch_turn=77 cell=11,6 result=MISS remaining_cells=10 target_cluster=None
BRANCH branch_turn=? n=18 remaining_cells=10 beam_states=0 heat_cell=17,6 beam_cell=17,6 chosen_cell=17,6 heat_rank_of_beam=1 beam_rank_of_heat=1 chosen_heat_rank=1 chosen_beam_rank=1 heat_best=0.357958081 heat_second=0.355575940 beam_best=0.000000000 beam_second=0.000000000 heat_cell_beam=0.000000000 beam_cell_heat=0.357958081 chosen_heat=0.357958081 chosen_beam=0.000000000 beam_entropy=0.000000000
DECISION branch_turn=78 cell=17,6 target_cluster=None
RESULT branch_turn=78 cell=17,6 result=MISS remaining_cells=10 target_cluster=None
BRANCH branch_turn=? n=18 remaining_cells=10 beam_states=0 heat_cell=10,0 beam_cell=10,0 chosen_cell=10,0 heat_rank_of_beam=1 beam_rank_of_heat=1 chosen_heat_rank=1 chosen_beam_rank=1 heat_best=0.367759359 heat_second=0.360809275 beam_best=0.000000000 beam_second=0.000000000 heat_cell_beam=0.000000000 beam_cell_heat=0.367759359 chosen_heat=0.367759359 chosen_beam=0.000000000 beam_entropy=0.000000000
DECISION branch_turn=79 cell=10,0 target_cluster=None
RESULT branch_turn=79 cell=10,0 result=MISS remaining_cells=10 target_cluster=None
BRANCH branch_turn=? n=18 remaining_cells=10 beam_states=0 heat_cell=13,1 beam_cell=13,1 chosen_cell=13,1 heat_rank_of_beam=1 beam_rank_of_heat=1 chosen_heat_rank=1 chosen_beam_rank=1 heat_best=0.358592328 heat_second=0.309818973 beam_best=0.000000000 beam_second=0.000000000 heat_cell_beam=0.000000000 beam_cell_heat=0.358592328 chosen_heat=0.358592328 chosen_beam=0.000000000 beam_entropy=0.000000000
DECISION branch_turn=80 cell=13,1 target_cluster=None
RESULT branch_turn=80 cell=13,1 result=MISS remaining_cells=10 target_cluster=None
BRANCH branch_turn=? n=18 remaining_cells=10 beam_states=0 heat_cell=6,2 beam_cell=6,2 chosen_cell=6,2 heat_rank_of_beam=1 beam_rank_of_heat=1 chosen_heat_rank=1 chosen_beam_rank=1 heat_best=0.306427169 heat_second=0.301406515 beam_best=0.000000000 beam_second=0.000000000 heat_cell_beam=0.000000000 beam_cell_heat=0.306427169 chosen_heat=0.306427169 chosen_beam=0.000000000 beam_entropy=0.000000000
DECISION branch_turn=81 cell=6,2 target_cluster=None
RESULT branch_turn=81 cell=6,2 result=MISS remaining_cells=10 target_cluster=None
BRANCH branch_turn=? n=18 remaining_cells=10 beam_states=0 heat_cell=9,4 beam_cell=9,4 chosen_cell=9,4 heat_rank_of_beam=1 beam_rank_of_heat=1 chosen_heat_rank=1 chosen_beam_rank=1 heat_best=0.316944034 heat_second=0.310170688 beam_best=0.000000000 beam_second=0.000000000 heat_cell_beam=0.000000000 beam_cell_heat=0.316944034 chosen_heat=0.316944034 chosen_beam=0.000000000 beam_entropy=0.000000000
DECISION branch_turn=82 cell=9,4 target_cluster=None
RESULT branch_turn=82 cell=9,4 result=MISS remaining_cells=10 target_cluster=None
BRANCH branch_turn=? n=18 remaining_cells=10 beam_states=0 heat_cell=2,15 beam_cell=2,15 chosen_cell=2,15 heat_rank_of_beam=1 beam_rank_of_heat=1 chosen_heat_rank=1 chosen_beam_rank=1 heat_best=0.323808803 heat_second=0.319833210 beam_best=0.000000000 beam_second=0.000000000 heat_cell_beam=0.000000000 beam_cell_heat=0.323808803 chosen_heat=0.323808803 chosen_beam=0.000000000 beam_entropy=0.000000000
DECISION branch_turn=83 cell=2,15 target_cluster=None
RESULT branch_turn=83 cell=2,15 result=MISS remaining_cells=10 target_cluster=None
BRANCH branch_turn=? n=18 remaining_cells=10 beam_states=0 heat_cell=16,8 beam_cell=16,8 chosen_cell=16,8 heat_rank_of_beam=1 beam_rank_of_heat=1 chosen_heat_rank=1 chosen_beam_rank=1 heat_best=0.346957977 heat_second=0.346123367 beam_best=0.000000000 beam_second=0.000000000 heat_cell_beam=0.000000000 beam_cell_heat=0.346957977 chosen_heat=0.346957977 chosen_beam=0.000000000 beam_entropy=0.000000000
DECISION branch_turn=84 cell=16,8 target_cluster=None
RESULT branch_turn=84 cell=16,8 result=MISS remaining_cells=10 target_cluster=None
BRANCH branch_turn=? n=18 remaining_cells=10 beam_states=0 heat_cell=5,0 beam_cell=5,0 chosen_cell=5,0 heat_rank_of_beam=1 beam_rank_of_heat=1 chosen_heat_rank=1 chosen_beam_rank=1 heat_best=0.363714623 heat_second=0.361185669 beam_best=0.000000000 beam_second=0.000000000 heat_cell_beam=0.000000000 beam_cell_heat=0.363714623 chosen_heat=0.363714623 chosen_beam=0.000000000 beam_entropy=0.000000000
DECISION branch_turn=85 cell=5,0 target_cluster=None
RESULT branch_turn=85 cell=5,0 result=MISS remaining_cells=10 target_cluster=None
BRANCH branch_turn=? n=18 remaining_cells=10 beam_states=0 heat_cell=10,14 beam_cell=10,14 chosen_cell=10,14 heat_rank_of_beam=1 beam_rank_of_heat=1 chosen_heat_rank=1 chosen_beam_rank=1 heat_best=0.356519232 heat_second=0.351316757 beam_best=0.000000000 beam_second=0.000000000 heat_cell_beam=0.000000000 beam_cell_heat=0.356519232 chosen_heat=0.356519232 chosen_beam=0.000000000 beam_entropy=0.000000000
DECISION branch_turn=86 cell=10,14 target_cluster=None
RESULT branch_turn=86 cell=10,14 result=MISS remaining_cells=10 target_cluster=None
BRANCH branch_turn=? n=18 remaining_cells=10 beam_states=0 heat_cell=16,16 beam_cell=16,16 chosen_cell=16,16 heat_rank_of_beam=1 beam_rank_of_heat=1 chosen_heat_rank=1 chosen_beam_rank=1 heat_best=0.371036706 heat_second=0.359958921 beam_best=0.000000000 beam_second=0.000000000 heat_cell_beam=0.000000000 beam_cell_heat=0.371036706 chosen_heat=0.371036706 chosen_beam=0.000000000 beam_entropy=0.000000000
DECISION branch_turn=87 cell=16,16 target_cluster=None
RESULT branch_turn=87 cell=16,16 result=MISS remaining_cells=10 target_cluster=None
BRANCH branch_turn=? n=18 remaining_cells=10 beam_states=0 heat_cell=3,8 beam_cell=3,8 chosen_cell=3,8 heat_rank_of_beam=1 beam_rank_of_heat=1 chosen_heat_rank=1 chosen_beam_rank=1 heat_best=0.376666242 heat_second=0.367834294 beam_best=0.000000000 beam_second=0.000000000 heat_cell_beam=0.000000000 beam_cell_heat=0.376666242 chosen_heat=0.376666242 chosen_beam=0.000000000 beam_entropy=0.000000000
DECISION branch_turn=88 cell=3,8 target_cluster=None
RESULT branch_turn=88 cell=3,8 result=MISS remaining_cells=10 target_cluster=None
BRANCH branch_turn=? n=18 remaining_cells=10 beam_states=0 heat_cell=4,1 beam_cell=4,1 chosen_cell=4,1 heat_rank_of_beam=1 beam_rank_of_heat=1 chosen_heat_rank=1 chosen_beam_rank=1 heat_best=0.404639696 heat_second=0.395081439 beam_best=0.000000000 beam_second=0.000000000 heat_cell_beam=0.000000000 beam_cell_heat=0.404639696 chosen_heat=0.404639696 chosen_beam=0.000000000 beam_entropy=0.000000000
DECISION branch_turn=89 cell=4,1 target_cluster=None
RESULT branch_turn=89 cell=4,1 result=MISS remaining_cells=10 target_cluster=None
BRANCH branch_turn=? n=18 remaining_cells=10 beam_states=0 heat_cell=14,0 beam_cell=14,0 chosen_cell=14,0 heat_rank_of_beam=1 beam_rank_of_heat=1 chosen_heat_rank=1 chosen_beam_rank=1 heat_best=0.428993946 heat_second=0.428286223 beam_best=0.000000000 beam_second=0.000000000 heat_cell_beam=0.000000000 beam_cell_heat=0.428993946 chosen_heat=0.428993946 chosen_beam=0.000000000 beam_entropy=0.000000000
DECISION branch_turn=90 cell=14,0 target_cluster=None
RESULT branch_turn=90 cell=14,0 result=MISS remaining_cells=10 target_cluster=None
BRANCH branch_turn=? n=18 remaining_cells=10 beam_states=0 heat_cell=17,2 beam_cell=17,2 chosen_cell=17,2 heat_rank_of_beam=1 beam_rank_of_heat=1 chosen_heat_rank=1 chosen_beam_rank=1 heat_best=0.461269058 heat_second=0.451912393 beam_best=0.000000000 beam_second=0.000000000 heat_cell_beam=0.000000000 beam_cell_heat=0.461269058 chosen_heat=0.461269058 chosen_beam=0.000000000 beam_entropy=0.000000000
DECISION branch_turn=91 cell=17,2 target_cluster=None
RESULT branch_turn=91 cell=17,2 result=MISS remaining_cells=10 target_cluster=None
BRANCH branch_turn=? n=18 remaining_cells=10 beam_states=0 heat_cell=1,13 beam_cell=1,13 chosen_cell=1,13 heat_rank_of_beam=1 beam_rank_of_heat=1 chosen_heat_rank=1 chosen_beam_rank=1 heat_best=0.485362849 heat_second=0.434449701 beam_best=0.000000000 beam_second=0.000000000 heat_cell_beam=0.000000000 beam_cell_heat=0.485362849 chosen_heat=0.485362849 chosen_beam=0.000000000 beam_entropy=0.000000000
DECISION branch_turn=92 cell=1,13 target_cluster=None
RESULT branch_turn=92 cell=1,13 result=MISS remaining_cells=10 target_cluster=None
BRANCH branch_turn=? n=18 remaining_cells=10 beam_states=0 heat_cell=14,6 beam_cell=14,6 chosen_cell=14,6 heat_rank_of_beam=1 beam_rank_of_heat=1 chosen_heat_rank=1 chosen_beam_rank=1 heat_best=0.473992654 heat_second=0.456580705 beam_best=0.000000000 beam_second=0.000000000 heat_cell_beam=0.000000000 beam_cell_heat=0.473992654 chosen_heat=0.473992654 chosen_beam=0.000000000 beam_entropy=0.000000000
DECISION branch_turn=93 cell=14,6 target_cluster=None
RESULT branch_turn=93 cell=14,6 result=MISS remaining_cells=10 target_cluster=None
BRANCH branch_turn=? n=18 remaining_cells=10 beam_states=0 heat_cell=15,9 beam_cell=15,9 chosen_cell=15,9 heat_rank_of_beam=1 beam_rank_of_heat=1 chosen_heat_rank=1 chosen_beam_rank=1 heat_best=0.488799624 heat_second=0.483504103 beam_best=0.000000000 beam_second=0.000000000 heat_cell_beam=0.000000000 beam_cell_heat=0.488799624 chosen_heat=0.488799624 chosen_beam=0.000000000 beam_entropy=0.000000000
DECISION branch_turn=94 cell=15,9 target_cluster=None
RESULT branch_turn=94 cell=15,9 result=MISS remaining_cells=10 target_cluster=None
BRANCH branch_turn=? n=18 remaining_cells=10 beam_states=0 heat_cell=1,2 beam_cell=1,2 chosen_cell=1,2 heat_rank_of_beam=1 beam_rank_of_heat=1 chosen_heat_rank=1 chosen_beam_rank=1 heat_best=0.505257417 heat_second=0.471581133 beam_best=0.000000000 beam_second=0.000000000 heat_cell_beam=0.000000000 beam_cell_heat=0.505257417 chosen_heat=0.505257417 chosen_beam=0.000000000 beam_entropy=0.000000000
DECISION branch_turn=95 cell=1,2 target_cluster=None
RESULT branch_turn=95 cell=1,2 result=MISS remaining_cells=10 target_cluster=None
BRANCH branch_turn=? n=18 remaining_cells=10 beam_states=0 heat_cell=7,9 beam_cell=7,9 chosen_cell=7,9 heat_rank_of_beam=1 beam_rank_of_heat=1 chosen_heat_rank=1 chosen_beam_rank=1 heat_best=0.439674246 heat_second=0.437648093 beam_best=0.000000000 beam_second=0.000000000 heat_cell_beam=0.000000000 beam_cell_heat=0.439674246 chosen_heat=0.439674246 chosen_beam=0.000000000 beam_entropy=0.000000000
DECISION branch_turn=96 cell=7,9 target_cluster=None
RESULT branch_turn=96 cell=7,9 result=MISS remaining_cells=10 target_cluster=None
BRANCH branch_turn=? n=18 remaining_cells=10 beam_states=0 heat_cell=17,17 beam_cell=17,17 chosen_cell=17,17 heat_rank_of_beam=1 beam_rank_of_heat=1 chosen_heat_rank=1 chosen_beam_rank=1 heat_best=0.467770308 heat_second=0.459341311 beam_best=0.000000000 beam_second=0.000000000 heat_cell_beam=0.000000000 beam_cell_heat=0.467770308 chosen_heat=0.467770308 chosen_beam=0.000000000 beam_entropy=0.000000000
DECISION branch_turn=97 cell=17,17 target_cluster=None
RESULT branch_turn=97 cell=17,17 result=MISS remaining_cells=10 target_cluster=None
BRANCH branch_turn=? n=18 remaining_cells=10 beam_states=0 heat_cell=0,14 beam_cell=0,14 chosen_cell=0,14 heat_rank_of_beam=1 beam_rank_of_heat=1 chosen_heat_rank=1 chosen_beam_rank=1 heat_best=0.496062760 heat_second=0.495553029 beam_best=0.000000000 beam_second=0.000000000 heat_cell_beam=0.000000000 beam_cell_heat=0.496062760 chosen_heat=0.496062760 chosen_beam=0.000000000 beam_entropy=0.000000000
DECISION branch_turn=98 cell=0,14 target_cluster=None
RESULT branch_turn=98 cell=0,14 result=MISS remaining_cells=10 target_cluster=None
BRANCH branch_turn=? n=18 remaining_cells=10 beam_states=0 heat_cell=4,17 beam_cell=4,17 chosen_cell=4,17 heat_rank_of_beam=1 beam_rank_of_heat=1 chosen_heat_rank=1 chosen_beam_rank=1 heat_best=0.557740456 heat_second=0.557602321 beam_best=0.000000000 beam_second=0.000000000 heat_cell_beam=0.000000000 beam_cell_heat=0.557740456 chosen_heat=0.557740456 chosen_beam=0.000000000 beam_entropy=0.000000000
DECISION branch_turn=99 cell=4,17 target_cluster=None
RESULT branch_turn=99 cell=4,17 result=MISS remaining_cells=10 target_cluster=None
BRANCH branch_turn=? n=18 remaining_cells=10 beam_states=0 heat_cell=8,12 beam_cell=8,12 chosen_cell=8,12 heat_rank_of_beam=1 beam_rank_of_heat=1 chosen_heat_rank=1 chosen_beam_rank=1 heat_best=0.485969755 heat_second=0.482939552 beam_best=0.000000000 beam_second=0.000000000 heat_cell_beam=0.000000000 beam_cell_heat=0.485969755 chosen_heat=0.485969755 chosen_beam=0.000000000 beam_entropy=0.000000000
DECISION branch_turn=100 cell=8,12 target_cluster=None
RESULT branch_turn=100 cell=8,12 result=MISS remaining_cells=10 target_cluster=None
BRANCH branch_turn=? n=18 remaining_cells=10 beam_states=0 heat_cell=15,2 beam_cell=15,2 chosen_cell=15,2 heat_rank_of_beam=1 beam_rank_of_heat=1 chosen_heat_rank=1 chosen_beam_rank=1 heat_best=0.516853630 heat_second=0.516465232 beam_best=0.000000000 beam_second=0.000000000 heat_cell_beam=0.000000000 beam_cell_heat=0.516853630 chosen_heat=0.516853630 chosen_beam=0.000000000 beam_entropy=0.000000000
DECISION branch_turn=101 cell=15,2 target_cluster=None
RESULT branch_turn=101 cell=15,2 result=HIT remaining_cells=10 target_cluster=None
DECISION branch_turn=102 cell=14,2 target_cluster=Some(0)
RESULT branch_turn=102 cell=14,2 result=MISS remaining_cells=9 target_cluster=Some(0)
DECISION branch_turn=103 cell=15,1 target_cluster=Some(0)
RESULT branch_turn=103 cell=15,1 result=KILL remaining_cells=9 target_cluster=Some(0)
BRANCH branch_turn=? n=18 remaining_cells=8 beam_states=0 heat_cell=4,15 beam_cell=4,15 chosen_cell=4,15 heat_rank_of_beam=1 beam_rank_of_heat=1 chosen_heat_rank=1 chosen_beam_rank=1 heat_best=0.775763131 heat_second=0.735292128 beam_best=0.000000000 beam_second=0.000000000 heat_cell_beam=0.000000000 beam_cell_heat=0.775763131 chosen_heat=0.775763131 chosen_beam=0.000000000 beam_entropy=0.000000000
DECISION branch_turn=104 cell=4,15 target_cluster=None
RESULT branch_turn=104 cell=4,15 result=MISS remaining_cells=8 target_cluster=None
BRANCH branch_turn=? n=18 remaining_cells=8 beam_states=0 heat_cell=2,12 beam_cell=2,12 chosen_cell=2,12 heat_rank_of_beam=1 beam_rank_of_heat=1 chosen_heat_rank=1 chosen_beam_rank=1 heat_best=0.603570682 heat_second=0.601528098 beam_best=0.000000000 beam_second=0.000000000 heat_cell_beam=0.000000000 beam_cell_heat=0.603570682 chosen_heat=0.603570682 chosen_beam=0.000000000 beam_entropy=0.000000000
DECISION branch_turn=105 cell=2,12 target_cluster=None
RESULT branch_turn=105 cell=2,12 result=MISS remaining_cells=8 target_cluster=None
BRANCH branch_turn=? n=18 remaining_cells=8 beam_states=0 heat_cell=3,16 beam_cell=3,16 chosen_cell=3,16 heat_rank_of_beam=1 beam_rank_of_heat=1 chosen_heat_rank=1 chosen_beam_rank=1 heat_best=0.659379517 heat_second=0.656861428 beam_best=0.000000000 beam_second=0.000000000 heat_cell_beam=0.000000000 beam_cell_heat=0.659379517 chosen_heat=0.659379517 chosen_beam=0.000000000 beam_entropy=0.000000000
DECISION branch_turn=106 cell=3,16 target_cluster=None
RESULT branch_turn=106 cell=3,16 result=MISS remaining_cells=8 target_cluster=None
BRANCH branch_turn=? n=18 remaining_cells=8 beam_states=0 heat_cell=9,13 beam_cell=9,13 chosen_cell=9,13 heat_rank_of_beam=1 beam_rank_of_heat=1 chosen_heat_rank=1 chosen_beam_rank=1 heat_best=0.706515859 heat_second=0.702478368 beam_best=0.000000000 beam_second=0.000000000 heat_cell_beam=0.000000000 beam_cell_heat=0.706515859 chosen_heat=0.706515859 chosen_beam=0.000000000 beam_entropy=0.000000000
DECISION branch_turn=107 cell=9,13 target_cluster=None
RESULT branch_turn=107 cell=9,13 result=HIT remaining_cells=8 target_cluster=None
DECISION branch_turn=108 cell=10,13 target_cluster=Some(0)
RESULT branch_turn=108 cell=10,13 result=HIT remaining_cells=7 target_cluster=Some(0)
DECISION branch_turn=109 cell=11,13 target_cluster=Some(0)
RESULT branch_turn=109 cell=11,13 result=HIT remaining_cells=6 target_cluster=Some(0)
DECISION branch_turn=110 cell=12,13 target_cluster=Some(0)
RESULT branch_turn=110 cell=12,13 result=MISS remaining_cells=5 target_cluster=Some(0)
DECISION branch_turn=111 cell=8,13 target_cluster=Some(0)
RESULT branch_turn=111 cell=8,13 result=KILL remaining_cells=5 target_cluster=Some(0)
DECISION branch_turn=112 cell=10,12 target_cluster=Some(0)
RESULT branch_turn=112 cell=10,12 result=MISS remaining_cells=4 target_cluster=Some(0)
DECISION branch_turn=113 cell=11,14 target_cluster=Some(0)
RESULT branch_turn=113 cell=11,14 result=MISS remaining_cells=4 target_cluster=Some(0)
DECISION branch_turn=114 cell=11,12 target_cluster=Some(0)
RESULT branch_turn=114 cell=11,12 result=MISS remaining_cells=4 target_cluster=Some(0)
BRANCH branch_turn=? n=18 remaining_cells=4 beam_states=0 heat_cell=5,7 beam_cell=5,7 chosen_cell=5,7 heat_rank_of_beam=1 beam_rank_of_heat=1 chosen_heat_rank=1 chosen_beam_rank=1 heat_best=2.330424699 heat_second=2.328251516 beam_best=0.000000000 beam_second=0.000000000 heat_cell_beam=0.000000000 beam_cell_heat=2.330424699 chosen_heat=2.330424699 chosen_beam=0.000000000 beam_entropy=0.000000000
DECISION branch_turn=115 cell=5,7 target_cluster=None
RESULT branch_turn=115 cell=5,7 result=MISS remaining_cells=4 target_cluster=None
BRANCH branch_turn=? n=18 remaining_cells=4 beam_states=0 heat_cell=1,6 beam_cell=1,6 chosen_cell=1,6 heat_rank_of_beam=1 beam_rank_of_heat=1 chosen_heat_rank=1 chosen_beam_rank=1 heat_best=2.980001015 heat_second=1.627392089 beam_best=0.000000000 beam_second=0.000000000 heat_cell_beam=0.000000000 beam_cell_heat=2.980001015 chosen_heat=2.980001015 chosen_beam=0.000000000 beam_entropy=0.000000000
DECISION branch_turn=116 cell=1,6 target_cluster=None
RESULT branch_turn=116 cell=1,6 result=MISS remaining_cells=4 target_cluster=None
BRANCH branch_turn=? n=18 remaining_cells=4 beam_states=0 heat_cell=7,4 beam_cell=7,4 chosen_cell=7,4 heat_rank_of_beam=1 beam_rank_of_heat=1 chosen_heat_rank=1 chosen_beam_rank=1 heat_best=2.077973813 heat_second=2.077447633 beam_best=0.000000000 beam_second=0.000000000 heat_cell_beam=0.000000000 beam_cell_heat=2.077973813 chosen_heat=2.077973813 chosen_beam=0.000000000 beam_entropy=0.000000000
DECISION branch_turn=117 cell=7,4 target_cluster=None
RESULT branch_turn=117 cell=7,4 result=MISS remaining_cells=4 target_cluster=None
BRANCH branch_turn=? n=18 remaining_cells=4 beam_states=0 heat_cell=4,0 beam_cell=4,0 chosen_cell=4,0 heat_rank_of_beam=1 beam_rank_of_heat=1 chosen_heat_rank=1 chosen_beam_rank=1 heat_best=2.571502665 heat_second=2.569866463 beam_best=0.000000000 beam_second=0.000000000 heat_cell_beam=0.000000000 beam_cell_heat=2.571502665 chosen_heat=2.571502665 chosen_beam=0.000000000 beam_entropy=0.000000000
DECISION branch_turn=118 cell=4,0 target_cluster=None
RESULT branch_turn=118 cell=4,0 result=MISS remaining_cells=4 target_cluster=None
BRANCH branch_turn=? n=18 remaining_cells=4 beam_states=0 heat_cell=6,8 beam_cell=6,8 chosen_cell=6,8 heat_rank_of_beam=1 beam_rank_of_heat=1 chosen_heat_rank=1 chosen_beam_rank=1 heat_best=2.682034665 heat_second=2.680846798 beam_best=0.000000000 beam_second=0.000000000 heat_cell_beam=0.000000000 beam_cell_heat=2.682034665 chosen_heat=2.682034665 chosen_beam=0.000000000 beam_entropy=0.000000000
DECISION branch_turn=119 cell=6,8 target_cluster=None
RESULT branch_turn=119 cell=6,8 result=MISS remaining_cells=4 target_cluster=None
BRANCH branch_turn=? n=18 remaining_cells=4 beam_states=0 heat_cell=8,3 beam_cell=8,3 chosen_cell=8,3 heat_rank_of_beam=1 beam_rank_of_heat=1 chosen_heat_rank=1 chosen_beam_rank=1 heat_best=3.195916420 heat_second=1.963573861 beam_best=0.000000000 beam_second=0.000000000 heat_cell_beam=0.000000000 beam_cell_heat=3.195916420 chosen_heat=3.195916420 chosen_beam=0.000000000 beam_entropy=0.000000000
DECISION branch_turn=120 cell=8,3 target_cluster=None
RESULT branch_turn=120 cell=8,3 result=MISS remaining_cells=4 target_cluster=None
BRANCH branch_turn=? n=18 remaining_cells=4 beam_states=0 heat_cell=3,9 beam_cell=3,9 chosen_cell=3,9 heat_rank_of_beam=1 beam_rank_of_heat=1 chosen_heat_rank=1 chosen_beam_rank=1 heat_best=2.833363496 heat_second=2.833266892 beam_best=0.000000000 beam_second=0.000000000 heat_cell_beam=0.000000000 beam_cell_heat=2.833363496 chosen_heat=2.833363496 chosen_beam=0.000000000 beam_entropy=0.000000000
DECISION branch_turn=121 cell=3,9 target_cluster=None
RESULT branch_turn=121 cell=3,9 result=MISS remaining_cells=4 target_cluster=None
BRANCH branch_turn=? n=18 remaining_cells=4 beam_states=0 heat_cell=13,5 beam_cell=13,5 chosen_cell=13,5 heat_rank_of_beam=1 beam_rank_of_heat=1 chosen_heat_rank=1 chosen_beam_rank=1 heat_best=4.172110808 heat_second=4.170282529 beam_best=0.000000000 beam_second=0.000000000 heat_cell_beam=0.000000000 beam_cell_heat=4.172110808 chosen_heat=4.172110808 chosen_beam=0.000000000 beam_entropy=0.000000000
DECISION branch_turn=122 cell=13,5 target_cluster=None
RESULT branch_turn=122 cell=13,5 result=MISS remaining_cells=4 target_cluster=None
BRANCH branch_turn=? n=18 remaining_cells=4 beam_states=0 heat_cell=17,8 beam_cell=17,8 chosen_cell=17,8 heat_rank_of_beam=1 beam_rank_of_heat=1 chosen_heat_rank=1 chosen_beam_rank=1 heat_best=7.481143209 heat_second=7.481126617 beam_best=0.000000000 beam_second=0.000000000 heat_cell_beam=0.000000000 beam_cell_heat=7.481143209 chosen_heat=7.481143209 chosen_beam=0.000000000 beam_entropy=0.000000000
DECISION branch_turn=123 cell=17,8 target_cluster=None
RESULT branch_turn=123 cell=17,8 result=MISS remaining_cells=4 target_cluster=None
BRANCH branch_turn=? n=18 remaining_cells=4 beam_states=0 heat_cell=8,7 beam_cell=8,7 chosen_cell=8,7 heat_rank_of_beam=1 beam_rank_of_heat=1 chosen_heat_rank=1 chosen_beam_rank=1 heat_best=0.034925481 heat_second=0.034642896 beam_best=0.000000000 beam_second=0.000000000 heat_cell_beam=0.000000000 beam_cell_heat=0.034925481 chosen_heat=0.034925481 chosen_beam=0.000000000 beam_entropy=0.000000000
DECISION branch_turn=124 cell=8,7 target_cluster=None
RESULT branch_turn=124 cell=8,7 result=MISS remaining_cells=4 target_cluster=None
BRANCH branch_turn=? n=18 remaining_cells=4 beam_states=0 heat_cell=8,6 beam_cell=8,6 chosen_cell=8,6 heat_rank_of_beam=1 beam_rank_of_heat=1 chosen_heat_rank=1 chosen_beam_rank=1 heat_best=0.036242378 heat_second=0.036237067 beam_best=0.000000000 beam_second=0.000000000 heat_cell_beam=0.000000000 beam_cell_heat=0.036242378 chosen_heat=0.036242378 chosen_beam=0.000000000 beam_entropy=0.000000000
DECISION branch_turn=125 cell=8,6 target_cluster=None
RESULT branch_turn=125 cell=8,6 result=MISS remaining_cells=4 target_cluster=None
BRANCH branch_turn=? n=18 remaining_cells=4 beam_states=0 heat_cell=7,8 beam_cell=7,8 chosen_cell=7,8 heat_rank_of_beam=1 beam_rank_of_heat=1 chosen_heat_rank=1 chosen_beam_rank=1 heat_best=0.037364838 heat_second=0.033603611 beam_best=0.000000000 beam_second=0.000000000 heat_cell_beam=0.000000000 beam_cell_heat=0.037364838 chosen_heat=0.037364838 chosen_beam=0.000000000 beam_entropy=0.000000000
DECISION branch_turn=126 cell=7,8 target_cluster=None
RESULT branch_turn=126 cell=7,8 result=MISS remaining_cells=4 target_cluster=None
BRANCH branch_turn=? n=18 remaining_cells=4 beam_states=0 heat_cell=4,8 beam_cell=4,8 chosen_cell=4,8 heat_rank_of_beam=1 beam_rank_of_heat=1 chosen_heat_rank=1 chosen_beam_rank=1 heat_best=0.034077396 heat_second=0.034076923 beam_best=0.000000000 beam_second=0.000000000 heat_cell_beam=0.000000000 beam_cell_heat=0.034077396 chosen_heat=0.034077396 chosen_beam=0.000000000 beam_entropy=0.000000000
DECISION branch_turn=127 cell=4,8 target_cluster=None
RESULT branch_turn=127 cell=4,8 result=HIT remaining_cells=4 target_cluster=None
DECISION branch_turn=128 cell=5,8 target_cluster=Some(1)
RESULT branch_turn=128 cell=5,8 result=MISS remaining_cells=3 target_cluster=Some(1)
DECISION branch_turn=129 cell=4,9 target_cluster=Some(1)
RESULT branch_turn=129 cell=4,9 result=HIT remaining_cells=3 target_cluster=Some(1)
DECISION branch_turn=130 cell=4,7 target_cluster=Some(1)
RESULT branch_turn=130 cell=4,7 result=KILL remaining_cells=2 target_cluster=Some(1)
BRANCH branch_turn=? n=18 remaining_cells=1 beam_states=0 heat_cell=9,8 beam_cell=9,8 chosen_cell=9,8 heat_rank_of_beam=1 beam_rank_of_heat=1 chosen_heat_rank=1 chosen_beam_rank=1 heat_best=0.019215072 heat_second=0.019085934 beam_best=0.000000000 beam_second=0.000000000 heat_cell_beam=0.000000000 beam_cell_heat=0.019215072 chosen_heat=0.019215072 chosen_beam=0.000000000 beam_entropy=0.000000000
DECISION branch_turn=131 cell=9,8 target_cluster=None
RESULT branch_turn=131 cell=9,8 result=MISS remaining_cells=1 target_cluster=None
BRANCH branch_turn=? n=18 remaining_cells=1 beam_states=0 heat_cell=9,10 beam_cell=9,10 chosen_cell=9,10 heat_rank_of_beam=1 beam_rank_of_heat=1 chosen_heat_rank=1 chosen_beam_rank=1 heat_best=0.019731165 heat_second=0.018649857 beam_best=0.000000000 beam_second=0.000000000 heat_cell_beam=0.000000000 beam_cell_heat=0.019731165 chosen_heat=0.019731165 chosen_beam=0.000000000 beam_entropy=0.000000000
DECISION branch_turn=132 cell=9,10 target_cluster=None
RESULT branch_turn=132 cell=9,10 result=MISS remaining_cells=1 target_cluster=None
BRANCH branch_turn=? n=18 remaining_cells=1 beam_states=0 heat_cell=8,10 beam_cell=8,10 chosen_cell=8,10 heat_rank_of_beam=1 beam_rank_of_heat=1 chosen_heat_rank=1 chosen_beam_rank=1 heat_best=0.019837376 heat_second=0.018765411 beam_best=0.000000000 beam_second=0.000000000 heat_cell_beam=0.000000000 beam_cell_heat=0.019837376 chosen_heat=0.019837376 chosen_beam=0.000000000 beam_entropy=0.000000000
DECISION branch_turn=133 cell=8,10 target_cluster=None
RESULT branch_turn=133 cell=8,10 result=MISS remaining_cells=1 target_cluster=None
BRANCH branch_turn=? n=18 remaining_cells=1 beam_states=0 heat_cell=8,9 beam_cell=8,9 chosen_cell=8,9 heat_rank_of_beam=1 beam_rank_of_heat=1 chosen_heat_rank=1 chosen_beam_rank=1 heat_best=0.020543241 heat_second=0.019459283 beam_best=0.000000000 beam_second=0.000000000 heat_cell_beam=0.000000000 beam_cell_heat=0.020543241 chosen_heat=0.020543241 chosen_beam=0.000000000 beam_entropy=0.000000000
DECISION branch_turn=134 cell=8,9 target_cluster=None
RESULT branch_turn=134 cell=8,9 result=MISS remaining_cells=1 target_cluster=None
BRANCH branch_turn=? n=18 remaining_cells=1 beam_states=0 heat_cell=9,7 beam_cell=9,7 chosen_cell=9,7 heat_rank_of_beam=1 beam_rank_of_heat=1 chosen_heat_rank=1 chosen_beam_rank=1 heat_best=0.019616130 heat_second=0.018755408 beam_best=0.000000000 beam_second=0.000000000 heat_cell_beam=0.000000000 beam_cell_heat=0.019616130 chosen_heat=0.019616130 chosen_beam=0.000000000 beam_entropy=0.000000000
DECISION branch_turn=135 cell=9,7 target_cluster=None
RESULT branch_turn=135 cell=9,7 result=MISS remaining_cells=1 target_cluster=None
BRANCH branch_turn=? n=18 remaining_cells=1 beam_states=0 heat_cell=7,10 beam_cell=7,10 chosen_cell=7,10 heat_rank_of_beam=1 beam_rank_of_heat=1 chosen_heat_rank=1 chosen_beam_rank=1 heat_best=0.018986514 heat_second=0.018878785 beam_best=0.000000000 beam_second=0.000000000 heat_cell_beam=0.000000000 beam_cell_heat=0.018986514 chosen_heat=0.018986514 chosen_beam=0.000000000 beam_entropy=0.000000000
DECISION branch_turn=136 cell=7,10 target_cluster=None
RESULT branch_turn=136 cell=7,10 result=MISS remaining_cells=1 target_cluster=None
BRANCH branch_turn=? n=18 remaining_cells=1 beam_states=0 heat_cell=10,7 beam_cell=10,7 chosen_cell=10,7 heat_rank_of_beam=1 beam_rank_of_heat=1 chosen_heat_rank=1 chosen_beam_rank=1 heat_best=0.019236185 heat_second=0.017861540 beam_best=0.000000000 beam_second=0.000000000 heat_cell_beam=0.000000000 beam_cell_heat=0.019236185 chosen_heat=0.019236185 chosen_beam=0.000000000 beam_entropy=0.000000000
DECISION branch_turn=137 cell=10,7 target_cluster=None
RESULT branch_turn=137 cell=10,7 result=MISS remaining_cells=1 target_cluster=None
BRANCH branch_turn=? n=18 remaining_cells=1 beam_states=0 heat_cell=10,9 beam_cell=10,9 chosen_cell=10,9 heat_rank_of_beam=1 beam_rank_of_heat=1 chosen_heat_rank=1 chosen_beam_rank=1 heat_best=0.019669743 heat_second=0.019524238 beam_best=0.000000000 beam_second=0.000000000 heat_cell_beam=0.000000000 beam_cell_heat=0.019669743 chosen_heat=0.019669743 chosen_beam=0.000000000 beam_entropy=0.000000000
DECISION branch_turn=138 cell=10,9 target_cluster=None
RESULT branch_turn=138 cell=10,9 result=MISS remaining_cells=1 target_cluster=None
BRANCH branch_turn=? n=18 remaining_cells=1 beam_states=0 heat_cell=11,8 beam_cell=11,8 chosen_cell=11,8 heat_rank_of_beam=1 beam_rank_of_heat=1 chosen_heat_rank=1 chosen_beam_rank=1 heat_best=0.019184367 heat_second=0.018810477 beam_best=0.000000000 beam_second=0.000000000 heat_cell_beam=0.000000000 beam_cell_heat=0.019184367 chosen_heat=0.019184367 chosen_beam=0.000000000 beam_entropy=0.000000000
DECISION branch_turn=139 cell=11,8 target_cluster=None
RESULT branch_turn=139 cell=11,8 result=MISS remaining_cells=1 target_cluster=None
BRANCH branch_turn=? n=18 remaining_cells=1 beam_states=0 heat_cell=10,8 beam_cell=10,8 chosen_cell=10,8 heat_rank_of_beam=1 beam_rank_of_heat=1 chosen_heat_rank=1 chosen_beam_rank=1 heat_best=0.019977754 heat_second=0.019080463 beam_best=0.000000000 beam_second=0.000000000 heat_cell_beam=0.000000000 beam_cell_heat=0.019977754 chosen_heat=0.019977754 chosen_beam=0.000000000 beam_entropy=0.000000000
DECISION branch_turn=140 cell=10,8 target_cluster=None
RESULT branch_turn=140 cell=10,8 result=MISS remaining_cells=1 target_cluster=None
BRANCH branch_turn=? n=18 remaining_cells=1 beam_states=0 heat_cell=10,11 beam_cell=10,11 chosen_cell=10,11 heat_rank_of_beam=1 beam_rank_of_heat=1 chosen_heat_rank=1 chosen_beam_rank=1 heat_best=0.018084248 heat_second=0.017869368 beam_best=0.000000000 beam_second=0.000000000 heat_cell_beam=0.000000000 beam_cell_heat=0.018084248 chosen_heat=0.018084248 chosen_beam=0.000000000 beam_entropy=0.000000000
DECISION branch_turn=141 cell=10,11 target_cluster=None
RESULT branch_turn=141 cell=10,11 result=MISS remaining_cells=1 target_cluster=None
BRANCH branch_turn=? n=18 remaining_cells=1 beam_states=0 heat_cell=6,9 beam_cell=6,9 chosen_cell=6,9 heat_rank_of_beam=1 beam_rank_of_heat=1 chosen_heat_rank=1 chosen_beam_rank=1 heat_best=0.018435342 heat_second=0.018389728 beam_best=0.000000000 beam_second=0.000000000 heat_cell_beam=0.000000000 beam_cell_heat=0.018435342 chosen_heat=0.018435342 chosen_beam=0.000000000 beam_entropy=0.000000000
DECISION branch_turn=142 cell=6,9 target_cluster=None
RESULT branch_turn=142 cell=6,9 result=MISS remaining_cells=1 target_cluster=None
BRANCH branch_turn=? n=18 remaining_cells=1 beam_states=0 heat_cell=8,11 beam_cell=8,11 chosen_cell=8,11 heat_rank_of_beam=1 beam_rank_of_heat=1 chosen_heat_rank=1 chosen_beam_rank=1 heat_best=0.018985318 heat_second=0.018154154 beam_best=0.000000000 beam_second=0.000000000 heat_cell_beam=0.000000000 beam_cell_heat=0.018985318 chosen_heat=0.018985318 chosen_beam=0.000000000 beam_entropy=0.000000000
DECISION branch_turn=143 cell=8,11 target_cluster=None
RESULT branch_turn=143 cell=8,11 result=MISS remaining_cells=1 target_cluster=None
BRANCH branch_turn=? n=18 remaining_cells=1 beam_states=0 heat_cell=11,9 beam_cell=11,9 chosen_cell=11,9 heat_rank_of_beam=1 beam_rank_of_heat=1 chosen_heat_rank=1 chosen_beam_rank=1 heat_best=0.018238120 heat_second=0.018201968 beam_best=0.000000000 beam_second=0.000000000 heat_cell_beam=0.000000000 beam_cell_heat=0.018238120 chosen_heat=0.018238120 chosen_beam=0.000000000 beam_entropy=0.000000000
DECISION branch_turn=144 cell=11,9 target_cluster=None
RESULT branch_turn=144 cell=11,9 result=MISS remaining_cells=1 target_cluster=None
BRANCH branch_turn=? n=18 remaining_cells=1 beam_states=0 heat_cell=10,6 beam_cell=10,6 chosen_cell=10,6 heat_rank_of_beam=1 beam_rank_of_heat=1 chosen_heat_rank=1 chosen_beam_rank=1 heat_best=0.017637625 heat_second=0.017510917 beam_best=0.000000000 beam_second=0.000000000 heat_cell_beam=0.000000000 beam_cell_heat=0.017637625 chosen_heat=0.017637625 chosen_beam=0.000000000 beam_entropy=0.000000000
DECISION branch_turn=145 cell=10,6 target_cluster=None
RESULT branch_turn=145 cell=10,6 result=MISS remaining_cells=1 target_cluster=None
BRANCH branch_turn=? n=18 remaining_cells=1 beam_states=0 heat_cell=6,10 beam_cell=6,10 chosen_cell=6,10 heat_rank_of_beam=1 beam_rank_of_heat=1 chosen_heat_rank=1 chosen_beam_rank=1 heat_best=0.017645100 heat_second=0.016469257 beam_best=0.000000000 beam_second=0.000000000 heat_cell_beam=0.000000000 beam_cell_heat=0.017645100 chosen_heat=0.017645100 chosen_beam=0.000000000 beam_entropy=0.000000000
DECISION branch_turn=146 cell=6,10 target_cluster=None
RESULT branch_turn=146 cell=6,10 result=MISS remaining_cells=1 target_cluster=None
BRANCH branch_turn=? n=18 remaining_cells=1 beam_states=0 heat_cell=9,12 beam_cell=9,12 chosen_cell=9,12 heat_rank_of_beam=1 beam_rank_of_heat=1 chosen_heat_rank=1 chosen_beam_rank=1 heat_best=0.018048248 heat_second=0.017657645 beam_best=0.000000000 beam_second=0.000000000 heat_cell_beam=0.000000000 beam_cell_heat=0.018048248 chosen_heat=0.018048248 chosen_beam=0.000000000 beam_entropy=0.000000000
DECISION branch_turn=147 cell=9,12 target_cluster=None
RESULT branch_turn=147 cell=9,12 result=MISS remaining_cells=1 target_cluster=None
BRANCH branch_turn=? n=18 remaining_cells=1 beam_states=0 heat_cell=12,9 beam_cell=12,9 chosen_cell=12,9 heat_rank_of_beam=1 beam_rank_of_heat=1 chosen_heat_rank=1 chosen_beam_rank=1 heat_best=0.017493348 heat_second=0.017326641 beam_best=0.000000000 beam_second=0.000000000 heat_cell_beam=0.000000000 beam_cell_heat=0.017493348 chosen_heat=0.017493348 chosen_beam=0.000000000 beam_entropy=0.000000000
DECISION branch_turn=148 cell=12,9 target_cluster=None
RESULT branch_turn=148 cell=12,9 result=MISS remaining_cells=1 target_cluster=None
BRANCH branch_turn=? n=18 remaining_cells=1 beam_states=0 heat_cell=9,6 beam_cell=9,6 chosen_cell=9,6 heat_rank_of_beam=1 beam_rank_of_heat=1 chosen_heat_rank=1 chosen_beam_rank=1 heat_best=0.018881835 heat_second=0.018252235 beam_best=0.000000000 beam_second=0.000000000 heat_cell_beam=0.000000000 beam_cell_heat=0.018881835 chosen_heat=0.018881835 chosen_beam=0.000000000 beam_entropy=0.000000000
DECISION branch_turn=149 cell=9,6 target_cluster=None
RESULT branch_turn=149 cell=9,6 result=MISS remaining_cells=1 target_cluster=None
BRANCH branch_turn=? n=18 remaining_cells=1 beam_states=0 heat_cell=6,11 beam_cell=6,11 chosen_cell=6,11 heat_rank_of_beam=1 beam_rank_of_heat=1 chosen_heat_rank=1 chosen_beam_rank=1 heat_best=0.017183507 heat_second=0.016974098 beam_best=0.000000000 beam_second=0.000000000 heat_cell_beam=0.000000000 beam_cell_heat=0.017183507 chosen_heat=0.017183507 chosen_beam=0.000000000 beam_entropy=0.000000000
DECISION branch_turn=150 cell=6,11 target_cluster=None
RESULT branch_turn=150 cell=6,11 result=MISS remaining_cells=1 target_cluster=None
BRANCH branch_turn=? n=18 remaining_cells=1 beam_states=0 heat_cell=7,6 beam_cell=7,6 chosen_cell=7,6 heat_rank_of_beam=1 beam_rank_of_heat=1 chosen_heat_rank=1 chosen_beam_rank=1 heat_best=0.017076772 heat_second=0.016574540 beam_best=0.000000000 beam_second=0.000000000 heat_cell_beam=0.000000000 beam_cell_heat=0.017076772 chosen_heat=0.017076772 chosen_beam=0.000000000 beam_entropy=0.000000000
DECISION branch_turn=151 cell=7,6 target_cluster=None
RESULT branch_turn=151 cell=7,6 result=MISS remaining_cells=1 target_cluster=None
BRANCH branch_turn=? n=18 remaining_cells=1 beam_states=0 heat_cell=12,7 beam_cell=12,7 chosen_cell=12,7 heat_rank_of_beam=1 beam_rank_of_heat=1 chosen_heat_rank=1 chosen_beam_rank=1 heat_best=0.016844588 heat_second=0.016537682 beam_best=0.000000000 beam_second=0.000000000 heat_cell_beam=0.000000000 beam_cell_heat=0.016844588 chosen_heat=0.016844588 chosen_beam=0.000000000 beam_entropy=0.000000000
DECISION branch_turn=152 cell=12,7 target_cluster=None
RESULT branch_turn=152 cell=12,7 result=MISS remaining_cells=1 target_cluster=None
BRANCH branch_turn=? n=18 remaining_cells=1 beam_states=0 heat_cell=7,11 beam_cell=7,11 chosen_cell=7,11 heat_rank_of_beam=1 beam_rank_of_heat=1 chosen_heat_rank=1 chosen_beam_rank=1 heat_best=0.017866750 heat_second=0.017798126 beam_best=0.000000000 beam_second=0.000000000 heat_cell_beam=0.000000000 beam_cell_heat=0.017866750 chosen_heat=0.017866750 chosen_beam=0.000000000 beam_entropy=0.000000000
DECISION branch_turn=153 cell=7,11 target_cluster=None
RESULT branch_turn=153 cell=7,11 result=MISS remaining_cells=1 target_cluster=None
BRANCH branch_turn=? n=18 remaining_cells=1 beam_states=0 heat_cell=12,10 beam_cell=12,10 chosen_cell=12,10 heat_rank_of_beam=1 beam_rank_of_heat=1 chosen_heat_rank=1 chosen_beam_rank=1 heat_best=0.017171946 heat_second=0.017090559 beam_best=0.000000000 beam_second=0.000000000 heat_cell_beam=0.000000000 beam_cell_heat=0.017171946 chosen_heat=0.017171946 chosen_beam=0.000000000 beam_entropy=0.000000000
DECISION branch_turn=154 cell=12,10 target_cluster=None
RESULT branch_turn=154 cell=12,10 result=MISS remaining_cells=1 target_cluster=None
BRANCH branch_turn=? n=18 remaining_cells=1 beam_states=0 heat_cell=5,9 beam_cell=5,9 chosen_cell=5,9 heat_rank_of_beam=1 beam_rank_of_heat=1 chosen_heat_rank=1 chosen_beam_rank=1 heat_best=0.017094606 heat_second=0.016288724 beam_best=0.000000000 beam_second=0.000000000 heat_cell_beam=0.000000000 beam_cell_heat=0.017094606 chosen_heat=0.017094606 chosen_beam=0.000000000 beam_entropy=0.000000000
DECISION branch_turn=155 cell=5,9 target_cluster=None
RESULT branch_turn=155 cell=5,9 result=MISS remaining_cells=1 target_cluster=None
BRANCH branch_turn=? n=18 remaining_cells=1 beam_states=0 heat_cell=11,10 beam_cell=11,10 chosen_cell=11,10 heat_rank_of_beam=1 beam_rank_of_heat=1 chosen_heat_rank=1 chosen_beam_rank=1 heat_best=0.016970008 heat_second=0.016276103 beam_best=0.000000000 beam_second=0.000000000 heat_cell_beam=0.000000000 beam_cell_heat=0.016970008 chosen_heat=0.016970008 chosen_beam=0.000000000 beam_entropy=0.000000000
DECISION branch_turn=156 cell=11,10 target_cluster=None
RESULT branch_turn=156 cell=11,10 result=MISS remaining_cells=1 target_cluster=None
BRANCH branch_turn=? n=18 remaining_cells=1 beam_states=0 heat_cell=7,12 beam_cell=7,12 chosen_cell=7,12 heat_rank_of_beam=1 beam_rank_of_heat=1 chosen_heat_rank=1 chosen_beam_rank=1 heat_best=0.016727246 heat_second=0.016204535 beam_best=0.000000000 beam_second=0.000000000 heat_cell_beam=0.000000000 beam_cell_heat=0.016727246 chosen_heat=0.016727246 chosen_beam=0.000000000 beam_entropy=0.000000000
DECISION branch_turn=157 cell=7,12 target_cluster=None
RESULT branch_turn=157 cell=7,12 result=MISS remaining_cells=1 target_cluster=None
BRANCH branch_turn=? n=18 remaining_cells=1 beam_states=0 heat_cell=6,7 beam_cell=6,7 chosen_cell=6,7 heat_rank_of_beam=1 beam_rank_of_heat=1 chosen_heat_rank=1 chosen_beam_rank=1 heat_best=0.016499406 heat_second=0.016225661 beam_best=0.000000000 beam_second=0.000000000 heat_cell_beam=0.000000000 beam_cell_heat=0.016499406 chosen_heat=0.016499406 chosen_beam=0.000000000 beam_entropy=0.000000000
DECISION branch_turn=158 cell=6,7 target_cluster=None
RESULT branch_turn=158 cell=6,7 result=MISS remaining_cells=1 target_cluster=None
BRANCH branch_turn=? n=18 remaining_cells=1 beam_states=0 heat_cell=13,8 beam_cell=13,8 chosen_cell=13,8 heat_rank_of_beam=1 beam_rank_of_heat=1 chosen_heat_rank=1 chosen_beam_rank=1 heat_best=0.016328142 heat_second=0.016285858 beam_best=0.000000000 beam_second=0.000000000 heat_cell_beam=0.000000000 beam_cell_heat=0.016328142 chosen_heat=0.016328142 chosen_beam=0.000000000 beam_entropy=0.000000000
DECISION branch_turn=159 cell=13,8 target_cluster=None
RESULT branch_turn=159 cell=13,8 result=MISS remaining_cells=1 target_cluster=None
BRANCH branch_turn=? n=18 remaining_cells=1 beam_states=0 heat_cell=14,9 beam_cell=14,9 chosen_cell=14,9 heat_rank_of_beam=1 beam_rank_of_heat=1 chosen_heat_rank=1 chosen_beam_rank=1 heat_best=0.016282365 heat_second=0.015940507 beam_best=0.000000000 beam_second=0.000000000 heat_cell_beam=0.000000000 beam_cell_heat=0.016282365 chosen_heat=0.016282365 chosen_beam=0.000000000 beam_entropy=0.000000000
DECISION branch_turn=160 cell=14,9 target_cluster=None
RESULT branch_turn=160 cell=14,9 result=MISS remaining_cells=1 target_cluster=None
BRANCH branch_turn=? n=18 remaining_cells=1 beam_states=0 heat_cell=12,11 beam_cell=12,11 chosen_cell=12,11 heat_rank_of_beam=1 beam_rank_of_heat=1 chosen_heat_rank=1 chosen_beam_rank=1 heat_best=0.016099275 heat_second=0.015835097 beam_best=0.000000000 beam_second=0.000000000 heat_cell_beam=0.000000000 beam_cell_heat=0.016099275 chosen_heat=0.016099275 chosen_beam=0.000000000 beam_entropy=0.000000000
DECISION branch_turn=161 cell=12,11 target_cluster=None
RESULT branch_turn=161 cell=12,11 result=MISS remaining_cells=1 target_cluster=None
BRANCH branch_turn=? n=18 remaining_cells=1 beam_states=0 heat_cell=8,4 beam_cell=8,4 chosen_cell=8,4 heat_rank_of_beam=1 beam_rank_of_heat=1 chosen_heat_rank=1 chosen_beam_rank=1 heat_best=0.016474551 heat_second=0.015469338 beam_best=0.000000000 beam_second=0.000000000 heat_cell_beam=0.000000000 beam_cell_heat=0.016474551 chosen_heat=0.016474551 chosen_beam=0.000000000 beam_entropy=0.000000000
DECISION branch_turn=162 cell=8,4 target_cluster=None
RESULT branch_turn=162 cell=8,4 result=MISS remaining_cells=1 target_cluster=None
BRANCH branch_turn=? n=18 remaining_cells=1 beam_states=0 heat_cell=12,6 beam_cell=12,6 chosen_cell=12,6 heat_rank_of_beam=1 beam_rank_of_heat=1 chosen_heat_rank=1 chosen_beam_rank=1 heat_best=0.016106102 heat_second=0.015034858 beam_best=0.000000000 beam_second=0.000000000 heat_cell_beam=0.000000000 beam_cell_heat=0.016106102 chosen_heat=0.016106102 chosen_beam=0.000000000 beam_entropy=0.000000000
DECISION branch_turn=163 cell=12,6 target_cluster=None
RESULT branch_turn=163 cell=12,6 result=MISS remaining_cells=1 target_cluster=None
BRANCH branch_turn=? n=18 remaining_cells=1 beam_states=0 heat_cell=9,3 beam_cell=9,3 chosen_cell=9,3 heat_rank_of_beam=1 beam_rank_of_heat=1 chosen_heat_rank=1 chosen_beam_rank=1 heat_best=0.015793334 heat_second=0.015178253 beam_best=0.000000000 beam_second=0.000000000 heat_cell_beam=0.000000000 beam_cell_heat=0.015793334 chosen_heat=0.015793334 chosen_beam=0.000000000 beam_entropy=0.000000000
DECISION branch_turn=164 cell=9,3 target_cluster=None
RESULT branch_turn=164 cell=9,3 result=MISS remaining_cells=1 target_cluster=None
BRANCH branch_turn=? n=18 remaining_cells=1 beam_states=0 heat_cell=13,10 beam_cell=13,10 chosen_cell=13,10 heat_rank_of_beam=1 beam_rank_of_heat=1 chosen_heat_rank=1 chosen_beam_rank=1 heat_best=0.015330822 heat_second=0.014927803 beam_best=0.000000000 beam_second=0.000000000 heat_cell_beam=0.000000000 beam_cell_heat=0.015330822 chosen_heat=0.015330822 chosen_beam=0.000000000 beam_entropy=0.000000000
DECISION branch_turn=165 cell=13,10 target_cluster=None
RESULT branch_turn=165 cell=13,10 result=MISS remaining_cells=1 target_cluster=None
BRANCH branch_turn=? n=18 remaining_cells=1 beam_states=0 heat_cell=9,14 beam_cell=9,14 chosen_cell=9,14 heat_rank_of_beam=1 beam_rank_of_heat=1 chosen_heat_rank=1 chosen_beam_rank=1 heat_best=0.015623517 heat_second=0.014737506 beam_best=0.000000000 beam_second=0.000000000 heat_cell_beam=0.000000000 beam_cell_heat=0.015623517 chosen_heat=0.015623517 chosen_beam=0.000000000 beam_entropy=0.000000000
DECISION branch_turn=166 cell=9,14 target_cluster=None
RESULT branch_turn=166 cell=9,14 result=MISS remaining_cells=1 target_cluster=None
BRANCH branch_turn=? n=18 remaining_cells=1 beam_states=0 heat_cell=3,7 beam_cell=3,7 chosen_cell=3,7 heat_rank_of_beam=1 beam_rank_of_heat=1 chosen_heat_rank=1 chosen_beam_rank=1 heat_best=0.015063922 heat_second=0.014950166 beam_best=0.000000000 beam_second=0.000000000 heat_cell_beam=0.000000000 beam_cell_heat=0.015063922 chosen_heat=0.015063922 chosen_beam=0.000000000 beam_entropy=0.000000000
DECISION branch_turn=167 cell=3,7 target_cluster=None
RESULT branch_turn=167 cell=3,7 result=MISS remaining_cells=1 target_cluster=None
BRANCH branch_turn=? n=18 remaining_cells=1 beam_states=0 heat_cell=10,4 beam_cell=10,4 chosen_cell=10,4 heat_rank_of_beam=1 beam_rank_of_heat=1 chosen_heat_rank=1 chosen_beam_rank=1 heat_best=0.015441169 heat_second=0.015390603 beam_best=0.000000000 beam_second=0.000000000 heat_cell_beam=0.000000000 beam_cell_heat=0.015441169 chosen_heat=0.015441169 chosen_beam=0.000000000 beam_entropy=0.000000000
DECISION branch_turn=168 cell=10,4 target_cluster=None
RESULT branch_turn=168 cell=10,4 result=MISS remaining_cells=1 target_cluster=None
BRANCH branch_turn=? n=18 remaining_cells=1 beam_states=0 heat_cell=3,10 beam_cell=3,10 chosen_cell=3,10 heat_rank_of_beam=1 beam_rank_of_heat=1 chosen_heat_rank=1 chosen_beam_rank=1 heat_best=0.015040010 heat_second=0.014825448 beam_best=0.000000000 beam_second=0.000000000 heat_cell_beam=0.000000000 beam_cell_heat=0.015040010 chosen_heat=0.015040010 chosen_beam=0.000000000 beam_entropy=0.000000000
DECISION branch_turn=169 cell=3,10 target_cluster=None
RESULT branch_turn=169 cell=3,10 result=MISS remaining_cells=1 target_cluster=None
BRANCH branch_turn=? n=18 remaining_cells=1 beam_states=0 heat_cell=14,8 beam_cell=14,8 chosen_cell=14,8 heat_rank_of_beam=1 beam_rank_of_heat=1 chosen_heat_rank=1 chosen_beam_rank=1 heat_best=0.015855550 heat_second=0.014998473 beam_best=0.000000000 beam_second=0.000000000 heat_cell_beam=0.000000000 beam_cell_heat=0.015855550 chosen_heat=0.015855550 chosen_beam=0.000000000 beam_entropy=0.000000000
DECISION branch_turn=170 cell=14,8 target_cluster=None
RESULT branch_turn=170 cell=14,8 result=MISS remaining_cells=1 target_cluster=None
BRANCH branch_turn=? n=18 remaining_cells=1 beam_states=0 heat_cell=13,7 beam_cell=13,7 chosen_cell=13,7 heat_rank_of_beam=1 beam_rank_of_heat=1 chosen_heat_rank=1 chosen_beam_rank=1 heat_best=0.016013341 heat_second=0.015289911 beam_best=0.000000000 beam_second=0.000000000 heat_cell_beam=0.000000000 beam_cell_heat=0.016013341 chosen_heat=0.016013341 chosen_beam=0.000000000 beam_entropy=0.000000000
DECISION branch_turn=171 cell=13,7 target_cluster=None
RESULT branch_turn=171 cell=13,7 result=MISS remaining_cells=1 target_cluster=None
BRANCH branch_turn=? n=18 remaining_cells=1 beam_states=0 heat_cell=2,8 beam_cell=2,8 chosen_cell=2,8 heat_rank_of_beam=1 beam_rank_of_heat=1 chosen_heat_rank=1 chosen_beam_rank=1 heat_best=0.015276458 heat_second=0.015236722 beam_best=0.000000000 beam_second=0.000000000 heat_cell_beam=0.000000000 beam_cell_heat=0.015276458 chosen_heat=0.015276458 chosen_beam=0.000000000 beam_entropy=0.000000000
DECISION branch_turn=172 cell=2,8 target_cluster=None
RESULT branch_turn=172 cell=2,8 result=MISS remaining_cells=1 target_cluster=None
BRANCH branch_turn=? n=18 remaining_cells=1 beam_states=0 heat_cell=7,2 beam_cell=7,2 chosen_cell=7,2 heat_rank_of_beam=1 beam_rank_of_heat=1 chosen_heat_rank=1 chosen_beam_rank=1 heat_best=0.014215019 heat_second=0.014203165 beam_best=0.000000000 beam_second=0.000000000 heat_cell_beam=0.000000000 beam_cell_heat=0.014215019 chosen_heat=0.014215019 chosen_beam=0.000000000 beam_entropy=0.000000000
DECISION branch_turn=173 cell=7,2 target_cluster=None
RESULT branch_turn=173 cell=7,2 result=MISS remaining_cells=1 target_cluster=None
BRANCH branch_turn=? n=18 remaining_cells=1 beam_states=0 heat_cell=5,6 beam_cell=5,6 chosen_cell=5,6 heat_rank_of_beam=1 beam_rank_of_heat=1 chosen_heat_rank=1 chosen_beam_rank=1 heat_best=0.015989810 heat_second=0.014936692 beam_best=0.000000000 beam_second=0.000000000 heat_cell_beam=0.000000000 beam_cell_heat=0.015989810 chosen_heat=0.015989810 chosen_beam=0.000000000 beam_entropy=0.000000000
DECISION branch_turn=174 cell=5,6 target_cluster=None
RESULT branch_turn=174 cell=5,6 result=MISS remaining_cells=1 target_cluster=None
BRANCH branch_turn=? n=18 remaining_cells=1 beam_states=0 heat_cell=6,13 beam_cell=6,13 chosen_cell=6,13 heat_rank_of_beam=1 beam_rank_of_heat=1 chosen_heat_rank=1 chosen_beam_rank=1 heat_best=0.015215814 heat_second=0.014925983 beam_best=0.000000000 beam_second=0.000000000 heat_cell_beam=0.000000000 beam_cell_heat=0.015215814 chosen_heat=0.015215814 chosen_beam=0.000000000 beam_entropy=0.000000000
DECISION branch_turn=175 cell=6,13 target_cluster=None
RESULT branch_turn=175 cell=6,13 result=MISS remaining_cells=1 target_cluster=None
BRANCH branch_turn=? n=18 remaining_cells=1 beam_states=0 heat_cell=5,12 beam_cell=5,12 chosen_cell=5,12 heat_rank_of_beam=1 beam_rank_of_heat=1 chosen_heat_rank=1 chosen_beam_rank=1 heat_best=0.014374476 heat_second=0.014292050 beam_best=0.000000000 beam_second=0.000000000 heat_cell_beam=0.000000000 beam_cell_heat=0.014374476 chosen_heat=0.014374476 chosen_beam=0.000000000 beam_entropy=0.000000000
DECISION branch_turn=176 cell=5,12 target_cluster=None
RESULT branch_turn=176 cell=5,12 result=MISS remaining_cells=1 target_cluster=None
BRANCH branch_turn=? n=18 remaining_cells=1 beam_states=0 heat_cell=7,14 beam_cell=7,14 chosen_cell=7,14 heat_rank_of_beam=1 beam_rank_of_heat=1 chosen_heat_rank=1 chosen_beam_rank=1 heat_best=0.015096840 heat_second=0.014785591 beam_best=0.000000000 beam_second=0.000000000 heat_cell_beam=0.000000000 beam_cell_heat=0.015096840 chosen_heat=0.015096840 chosen_beam=0.000000000 beam_entropy=0.000000000
DECISION branch_turn=177 cell=7,14 target_cluster=None
RESULT branch_turn=177 cell=7,14 result=MISS remaining_cells=1 target_cluster=None
BRANCH branch_turn=? n=18 remaining_cells=1 beam_states=0 heat_cell=11,4 beam_cell=11,4 chosen_cell=11,4 heat_rank_of_beam=1 beam_rank_of_heat=1 chosen_heat_rank=1 chosen_beam_rank=1 heat_best=0.015234072 heat_second=0.014185295 beam_best=0.000000000 beam_second=0.000000000 heat_cell_beam=0.000000000 beam_cell_heat=0.015234072 chosen_heat=0.015234072 chosen_beam=0.000000000 beam_entropy=0.000000000
DECISION branch_turn=178 cell=11,4 target_cluster=None
RESULT branch_turn=178 cell=11,4 result=MISS remaining_cells=1 target_cluster=None
BRANCH branch_turn=? n=18 remaining_cells=1 beam_states=0 heat_cell=8,2 beam_cell=8,2 chosen_cell=8,2 heat_rank_of_beam=1 beam_rank_of_heat=1 chosen_heat_rank=1 chosen_beam_rank=1 heat_best=0.014640006 heat_second=0.014495810 beam_best=0.000000000 beam_second=0.000000000 heat_cell_beam=0.000000000 beam_cell_heat=0.014640006 chosen_heat=0.014640006 chosen_beam=0.000000000 beam_entropy=0.000000000
DECISION branch_turn=179 cell=8,2 target_cluster=None
RESULT branch_turn=179 cell=8,2 result=MISS remaining_cells=1 target_cluster=None
BRANCH branch_turn=? n=18 remaining_cells=1 beam_states=0 heat_cell=13,12 beam_cell=13,12 chosen_cell=13,12 heat_rank_of_beam=1 beam_rank_of_heat=1 chosen_heat_rank=1 chosen_beam_rank=1 heat_best=0.014274181 heat_second=0.014262342 beam_best=0.000000000 beam_second=0.000000000 heat_cell_beam=0.000000000 beam_cell_heat=0.014274181 chosen_heat=0.014274181 chosen_beam=0.000000000 beam_entropy=0.000000000
DECISION branch_turn=180 cell=13,12 target_cluster=None
RESULT branch_turn=180 cell=13,12 result=MISS remaining_cells=1 target_cluster=None
BRANCH branch_turn=? n=18 remaining_cells=1 beam_states=0 heat_cell=4,6 beam_cell=4,6 chosen_cell=4,6 heat_rank_of_beam=1 beam_rank_of_heat=1 chosen_heat_rank=1 chosen_beam_rank=1 heat_best=0.014570624 heat_second=0.014344920 beam_best=0.000000000 beam_second=0.000000000 heat_cell_beam=0.000000000 beam_cell_heat=0.014570624 chosen_heat=0.014570624 chosen_beam=0.000000000 beam_entropy=0.000000000
DECISION branch_turn=181 cell=4,6 target_cluster=None
RESULT branch_turn=181 cell=4,6 result=MISS remaining_cells=1 target_cluster=None
BRANCH branch_turn=? n=18 remaining_cells=1 beam_states=0 heat_cell=13,6 beam_cell=13,6 chosen_cell=13,6 heat_rank_of_beam=1 beam_rank_of_heat=1 chosen_heat_rank=1 chosen_beam_rank=1 heat_best=0.014939624 heat_second=0.014690738 beam_best=0.000000000 beam_second=0.000000000 heat_cell_beam=0.000000000 beam_cell_heat=0.014939624 chosen_heat=0.014939624 chosen_beam=0.000000000 beam_entropy=0.000000000
DECISION branch_turn=182 cell=13,6 target_cluster=None
RESULT branch_turn=182 cell=13,6 result=KILL remaining_cells=1 target_cluster=None
