GAME n=15 p=0.409979019 remaining=[0, 0, 1, 2, 1, 3, 0, 1]
BRANCH branch_turn=? n=15 remaining_cells=34 beam_states=147 heat_cell=8,9 beam_cell=8,9 chosen_cell=8,9 heat_rank_of_beam=1 beam_rank_of_heat=1 chosen_heat_rank=1 chosen_beam_rank=1 heat_best=1.326653121 heat_second=1.322635542 beam_best=1.311142757 beam_second=1.311142757 heat_cell_beam=1.311142757 beam_cell_heat=1.326653121 chosen_heat=1.326653121 chosen_beam=1.311142757 beam_entropy=3.710720280
DECISION branch_turn=1 cell=8,9 target_cluster=None
RESULT branch_turn=1 cell=8,9 result=MISS remaining_cells=34 target_cluster=None
BRANCH branch_turn=? n=15 remaining_cells=34 beam_states=154 heat_cell=9,8 beam_cell=9,8 chosen_cell=9,8 heat_rank_of_beam=1 beam_rank_of_heat=1 chosen_heat_rank=1 chosen_beam_rank=1 heat_best=1.372110419 heat_second=1.361577965 beam_best=1.355982580 beam_second=1.355982580 heat_cell_beam=1.355982580 beam_cell_heat=1.372110419 chosen_heat=1.372110419 chosen_beam=1.355982580 beam_entropy=3.732866483
DECISION branch_turn=2 cell=9,8 target_cluster=None
RESULT branch_turn=2 cell=9,8 result=MISS remaining_cells=34 target_cluster=None
BRANCH branch_turn=? n=15 remaining_cells=34 beam_states=130 heat_cell=7,10 beam_cell=7,10 chosen_cell=7,10 heat_rank_of_beam=1 beam_rank_of_heat=1 chosen_heat_rank=1 chosen_beam_rank=1 heat_best=1.413721349 heat_second=1.380473992 beam_best=1.399194864 beam_second=1.399194864 heat_cell_beam=1.399194864 beam_cell_heat=1.413721349 chosen_heat=1.413721349 chosen_beam=1.399194864 beam_entropy=3.745850382
DECISION branch_turn=3 cell=7,10 target_cluster=None
RESULT branch_turn=3 cell=7,10 result=MISS remaining_cells=34 target_cluster=None
BRANCH branch_turn=? n=15 remaining_cells=34 beam_states=168 heat_cell=10,7 beam_cell=10,7 chosen_cell=10,7 heat_rank_of_beam=1 beam_rank_of_heat=1 chosen_heat_rank=1 chosen_beam_rank=1 heat_best=1.424567620 heat_second=1.218995102 beam_best=1.412330460 beam_second=1.412330460 heat_cell_beam=1.412330460 beam_cell_heat=1.424567620 chosen_heat=1.424567620 chosen_beam=1.412330460 beam_entropy=3.738137970
DECISION branch_turn=4 cell=10,7 target_cluster=None
RESULT branch_turn=4 cell=10,7 result=MISS remaining_cells=34 target_cluster=None
BRANCH branch_turn=? n=15 remaining_cells=34 beam_states=168 heat_cell=9,11 beam_cell=7,7 chosen_cell=7,7 heat_rank_of_beam=2 beam_rank_of_heat=34 chosen_heat_rank=2 chosen_beam_rank=1 heat_best=1.005446432 heat_second=0.985845621 beam_best=1.312683076 beam_second=1.312683076 heat_cell_beam=0.711036666 beam_cell_heat=0.985845621 chosen_heat=0.985845621 chosen_beam=1.312683076 beam_entropy=3.740061460
DECISION branch_turn=5 cell=7,7 target_cluster=None
RESULT branch_turn=5 cell=7,7 result=MISS remaining_cells=34 target_cluster=None
BRANCH branch_turn=? n=15 remaining_cells=34 beam_states=177 heat_cell=9,11 beam_cell=5,8 chosen_cell=9,11 heat_rank_of_beam=14 beam_rank_of_heat=24 chosen_heat_rank=1 chosen_beam_rank=24 heat_best=1.135493607 heat_second=1.130374707 beam_best=1.351583198 beam_second=1.351583198 heat_cell_beam=1.076684920 beam_cell_heat=0.870972070 chosen_heat=1.135493607 chosen_beam=1.076684920 beam_entropy=3.805502581
DECISION branch_turn=6 cell=9,11 target_cluster=None
RESULT branch_turn=6 cell=9,11 result=MISS remaining_cells=34 target_cluster=None
BRANCH branch_turn=? n=15 remaining_cells=34 beam_states=172 heat_cell=11,10 beam_cell=5,8 chosen_cell=11,10 heat_rank_of_beam=11 beam_rank_of_heat=25 chosen_heat_rank=1 chosen_beam_rank=25 heat_best=1.193270914 heat_second=1.179402911 beam_best=1.286368774 beam_second=1.286368774 heat_cell_beam=0.942339916 beam_cell_heat=0.864988490 chosen_heat=1.193270914 chosen_beam=0.942339916 beam_entropy=3.840173348
DECISION branch_turn=7 cell=11,10 target_cluster=None
RESULT branch_turn=7 cell=11,10 result=MISS remaining_cells=34 target_cluster=None
BRANCH branch_turn=? n=15 remaining_cells=34 beam_states=160 heat_cell=12,9 beam_cell=5,8 chosen_cell=12,9 heat_rank_of_beam=6 beam_rank_of_heat=33 chosen_heat_rank=1 chosen_beam_rank=33 heat_best=1.076077707 heat_second=1.075711406 beam_best=1.341433669 beam_second=1.341433669 heat_cell_beam=0.737788518 beam_cell_heat=0.898727249 chosen_heat=1.076077707 chosen_beam=0.737788518 beam_entropy=3.865171980
DECISION branch_turn=8 cell=12,9 target_cluster=None
RESULT branch_turn=8 cell=12,9 result=MISS remaining_cells=34 target_cluster=None
BRANCH branch_turn=? n=15 remaining_cells=34 beam_states=166 heat_cell=10,12 beam_cell=5,8 chosen_cell=8,12 heat_rank_of_beam=4 beam_rank_of_heat=35 chosen_heat_rank=2 chosen_beam_rank=23 heat_best=1.213486035 heat_second=1.198574884 beam_best=1.398863634 beam_second=1.398863634 heat_cell_beam=0.749993153 beam_cell_heat=0.929190199 chosen_heat=1.198574884 chosen_beam=1.179764511 beam_entropy=3.858511895
DECISION branch_turn=9 cell=8,12 target_cluster=None
RESULT branch_turn=9 cell=8,12 result=MISS remaining_cells=34 target_cluster=None
BRANCH branch_turn=? n=15 remaining_cells=34 beam_states=170 heat_cell=13,8 beam_cell=5,8 chosen_cell=13,8 heat_rank_of_beam=3 beam_rank_of_heat=34 chosen_heat_rank=1 chosen_beam_rank=34 heat_best=0.987889365 heat_second=0.942987229 beam_best=1.320094794 beam_second=1.320094794 heat_cell_beam=0.551333708 beam_cell_heat=0.939658160 chosen_heat=0.987889365 chosen_beam=0.551333708 beam_entropy=3.937936232
DECISION branch_turn=10 cell=13,8 target_cluster=None
RESULT branch_turn=10 cell=13,8 result=MISS remaining_cells=34 target_cluster=None
BRANCH branch_turn=? n=15 remaining_cells=34 beam_states=153 heat_cell=10,13 beam_cell=5,8 chosen_cell=5,8 heat_rank_of_beam=2 beam_rank_of_heat=58 chosen_heat_rank=2 chosen_beam_rank=1 heat_best=1.001234858 heat_second=0.971194784 beam_best=1.374186088 beam_second=1.374186088 heat_cell_beam=0.098797693 beam_cell_heat=0.971194784 chosen_heat=0.971194784 chosen_beam=1.374186088 beam_entropy=3.946978812
DECISION branch_turn=11 cell=5,8 target_cluster=None
RESULT branch_turn=11 cell=5,8 result=MISS remaining_cells=34 target_cluster=None
BRANCH branch_turn=? n=15 remaining_cells=34 beam_states=147 heat_cell=10,13 beam_cell=6,9 chosen_cell=10,13 heat_rank_of_beam=7 beam_rank_of_heat=60 chosen_heat_rank=1 chosen_beam_rank=60 heat_best=1.049225279 heat_second=1.021960551 beam_best=1.431880215 beam_second=1.431880215 heat_cell_beam=0.126628863 beam_cell_heat=0.881069857 chosen_heat=1.049225279 chosen_beam=0.126628863 beam_entropy=3.954605393
DECISION branch_turn=12 cell=10,13 target_cluster=None
RESULT branch_turn=12 cell=10,13 result=HIT remaining_cells=34 target_cluster=None
DECISION branch_turn=13 cell=9,13 target_cluster=Some(0)
RESULT branch_turn=13 cell=9,13 result=HIT remaining_cells=33 target_cluster=Some(0)
DECISION branch_turn=14 cell=8,13 target_cluster=Some(0)
RESULT branch_turn=14 cell=8,13 result=HIT remaining_cells=32 target_cluster=Some(0)
DECISION branch_turn=15 cell=7,13 target_cluster=Some(0)
RESULT branch_turn=15 cell=7,13 result=HIT remaining_cells=31 target_cluster=Some(0)
DECISION branch_turn=16 cell=6,13 target_cluster=Some(0)
RESULT branch_turn=16 cell=6,13 result=MISS remaining_cells=30 target_cluster=Some(0)
DECISION branch_turn=17 cell=11,13 target_cluster=Some(0)
RESULT branch_turn=17 cell=11,13 result=KILL remaining_cells=30 target_cluster=Some(0)
BRANCH branch_turn=? n=15 remaining_cells=29 beam_states=106 heat_cell=4,9 beam_cell=4,7 chosen_cell=4,9 heat_rank_of_beam=2 beam_rank_of_heat=16 chosen_heat_rank=1 chosen_beam_rank=16 heat_best=0.961083159 heat_second=0.914705458 beam_best=1.190464234 beam_second=1.190464234 heat_cell_beam=0.999540725 beam_cell_heat=0.914705458 chosen_heat=0.961083159 chosen_beam=0.999540725 beam_entropy=3.740853812
DECISION branch_turn=18 cell=4,9 target_cluster=None
RESULT branch_turn=18 cell=4,9 result=MISS remaining_cells=29 target_cluster=None
BRANCH branch_turn=? n=15 remaining_cells=29 beam_states=71 heat_cell=3,7 beam_cell=6,7 chosen_cell=3,7 heat_rank_of_beam=4 beam_rank_of_heat=12 chosen_heat_rank=1 chosen_beam_rank=12 heat_best=0.956413824 heat_second=0.926843726 beam_best=1.197414465 beam_second=1.197414465 heat_cell_beam=1.146819488 beam_cell_heat=0.794018730 chosen_heat=0.956413824 chosen_beam=1.146819488 beam_entropy=3.733858651
DECISION branch_turn=19 cell=3,7 target_cluster=None
RESULT branch_turn=19 cell=3,7 result=HIT remaining_cells=29 target_cluster=None
DECISION branch_turn=20 cell=3,6 target_cluster=Some(0)
RESULT branch_turn=20 cell=3,6 result=HIT remaining_cells=28 target_cluster=Some(0)
DECISION branch_turn=21 cell=3,5 target_cluster=Some(0)
RESULT branch_turn=21 cell=3,5 result=HIT remaining_cells=27 target_cluster=Some(0)
DECISION branch_turn=22 cell=3,4 target_cluster=Some(0)
RESULT branch_turn=22 cell=3,4 result=MISS remaining_cells=26 target_cluster=Some(0)
DECISION branch_turn=23 cell=3,8 target_cluster=Some(0)
RESULT branch_turn=23 cell=3,8 result=HIT remaining_cells=26 target_cluster=Some(0)
DECISION branch_turn=24 cell=3,9 target_cluster=Some(0)
RESULT branch_turn=24 cell=3,9 result=HIT remaining_cells=25 target_cluster=Some(0)
DECISION branch_turn=25 cell=3,10 target_cluster=Some(0)
RESULT branch_turn=25 cell=3,10 result=HIT remaining_cells=24 target_cluster=Some(0)
DECISION branch_turn=26 cell=3,11 target_cluster=Some(0)
RESULT branch_turn=26 cell=3,11 result=KILL remaining_cells=23 target_cluster=Some(0)
BRANCH branch_turn=? n=15 remaining_cells=22 beam_states=141 heat_cell=14,11 beam_cell=8,6 chosen_cell=14,11 heat_rank_of_beam=7 beam_rank_of_heat=54 chosen_heat_rank=1 chosen_beam_rank=54 heat_best=0.609034651 heat_second=0.585854284 beam_best=0.945241279 beam_second=0.945241279 heat_cell_beam=0.000000000 beam_cell_heat=0.539185996 chosen_heat=0.609034651 chosen_beam=0.000000000 beam_entropy=3.541940556
DECISION branch_turn=27 cell=14,11 target_cluster=None
RESULT branch_turn=27 cell=14,11 result=MISS remaining_cells=22 target_cluster=None
BRANCH branch_turn=? n=15 remaining_cells=22 beam_states=141 heat_cell=13,12 beam_cell=8,6 chosen_cell=11,7 heat_rank_of_beam=6 beam_rank_of_heat=54 chosen_heat_rank=2 chosen_beam_rank=19 heat_best=0.611704408 heat_second=0.596437837 beam_best=0.988994569 beam_second=0.988994569 heat_cell_beam=0.000000000 beam_cell_heat=0.559529376 chosen_heat=0.596437837 chosen_beam=0.652315567 beam_entropy=3.541940556
DECISION branch_turn=28 cell=11,7 target_cluster=None
RESULT branch_turn=28 cell=11,7 result=HIT remaining_cells=22 target_cluster=None
DECISION branch_turn=29 cell=11,6 target_cluster=Some(0)
RESULT branch_turn=29 cell=11,6 result=HIT remaining_cells=21 target_cluster=Some(0)
DECISION branch_turn=30 cell=11,5 target_cluster=Some(0)
RESULT branch_turn=30 cell=11,5 result=KILL remaining_cells=20 target_cluster=Some(0)
BRANCH branch_turn=? n=15 remaining_cells=19 beam_states=138 heat_cell=10,12 beam_cell=8,7 chosen_cell=10,12 heat_rank_of_beam=13 beam_rank_of_heat=13 chosen_heat_rank=1 chosen_beam_rank=13 heat_best=0.616119863 heat_second=0.606896977 beam_best=0.856766042 beam_second=0.856766042 heat_cell_beam=0.645678756 beam_cell_heat=0.467715192 chosen_heat=0.616119863 chosen_beam=0.645678756 beam_entropy=3.481971009
DECISION branch_turn=31 cell=10,12 target_cluster=None
RESULT branch_turn=31 cell=10,12 result=HIT remaining_cells=19 target_cluster=None
DECISION branch_turn=32 cell=11,12 target_cluster=Some(0)
RESULT branch_turn=32 cell=11,12 result=MISS remaining_cells=18 target_cluster=Some(0)
DECISION branch_turn=33 cell=10,11 target_cluster=Some(0)
RESULT branch_turn=33 cell=10,11 result=HIT remaining_cells=18 target_cluster=Some(0)
DECISION branch_turn=34 cell=10,10 target_cluster=Some(0)
RESULT branch_turn=34 cell=10,10 result=HIT remaining_cells=17 target_cluster=Some(0)
DECISION branch_turn=35 cell=10,9 target_cluster=Some(0)
RESULT branch_turn=35 cell=10,9 result=HIT remaining_cells=16 target_cluster=Some(0)
DECISION branch_turn=36 cell=10,8 target_cluster=Some(0)
RESULT branch_turn=36 cell=10,8 result=KILL remaining_cells=15 target_cluster=Some(0)
BRANCH branch_turn=? n=15 remaining_cells=14 beam_states=129 heat_cell=8,6 beam_cell=8,6 chosen_cell=8,6 heat_rank_of_beam=1 beam_rank_of_heat=1 chosen_heat_rank=1 chosen_beam_rank=1 heat_best=0.335283081 heat_second=0.329516401 beam_best=0.580785932 beam_second=0.576283716 heat_cell_beam=0.580785932 beam_cell_heat=0.335283081 chosen_heat=0.335283081 chosen_beam=0.580785932 beam_entropy=3.343927920
DECISION branch_turn=37 cell=8,6 target_cluster=None
RESULT branch_turn=37 cell=8,6 result=MISS remaining_cells=14 target_cluster=None
BRANCH branch_turn=? n=15 remaining_cells=14 beam_states=120 heat_cell=9,4 beam_cell=6,8 chosen_cell=9,4 heat_rank_of_beam=6 beam_rank_of_heat=19 chosen_heat_rank=1 chosen_beam_rank=19 heat_best=0.324750830 heat_second=0.319142457 beam_best=0.575355046 beam_second=0.473522294 heat_cell_beam=0.203665503 beam_cell_heat=0.303754968 chosen_heat=0.324750830 chosen_beam=0.203665503 beam_entropy=3.600608067
DECISION branch_turn=38 cell=9,4 target_cluster=None
RESULT branch_turn=38 cell=9,4 result=MISS remaining_cells=14 target_cluster=None
BRANCH branch_turn=? n=15 remaining_cells=14 beam_states=139 heat_cell=7,3 beam_cell=7,5 chosen_cell=7,3 heat_rank_of_beam=5 beam_rank_of_heat=10 chosen_heat_rank=1 chosen_beam_rank=10 heat_best=0.336911417 heat_second=0.334598238 beam_best=0.572976633 beam_second=0.551436158 heat_cell_beam=0.336031409 beam_cell_heat=0.318499331 chosen_heat=0.336911417 chosen_beam=0.336031409 beam_entropy=3.585346045
DECISION branch_turn=39 cell=7,3 target_cluster=None
RESULT branch_turn=39 cell=7,3 result=MISS remaining_cells=14 target_cluster=None
BRANCH branch_turn=? n=15 remaining_cells=14 beam_states=142 heat_cell=10,14 beam_cell=6,8 chosen_cell=9,14 heat_rank_of_beam=8 beam_rank_of_heat=62 chosen_heat_rank=2 chosen_beam_rank=40 heat_best=0.353487265 heat_second=0.351844980 beam_best=0.577851375 beam_second=0.518366674 heat_cell_beam=0.008497814 beam_cell_heat=0.312935850 chosen_heat=0.351844980 chosen_beam=0.033991257 beam_entropy=3.580147902
DECISION branch_turn=40 cell=9,14 target_cluster=None
RESULT branch_turn=40 cell=9,14 result=MISS remaining_cells=14 target_cluster=None
BRANCH branch_turn=? n=15 remaining_cells=14 beam_states=141 heat_cell=14,7 beam_cell=6,8 chosen_cell=14,7 heat_rank_of_beam=2 beam_rank_of_heat=25 chosen_heat_rank=1 chosen_beam_rank=25 heat_best=0.341160761 heat_second=0.324007306 beam_best=0.603014379 beam_second=0.540479554 heat_cell_beam=0.089335464 beam_cell_heat=0.324007306 chosen_heat=0.341160761 chosen_beam=0.089335464 beam_entropy=3.568960922
DECISION branch_turn=41 cell=14,7 target_cluster=None
RESULT branch_turn=41 cell=14,7 result=MISS remaining_cells=14 target_cluster=None
BRANCH branch_turn=? n=15 remaining_cells=14 beam_states=136 heat_cell=6,8 beam_cell=6,8 chosen_cell=6,8 heat_rank_of_beam=1 beam_rank_of_heat=1 chosen_heat_rank=1 chosen_beam_rank=1 heat_best=0.335016561 heat_second=0.309838171 beam_best=0.624700823 beam_second=0.538203786 heat_cell_beam=0.624700823 beam_cell_heat=0.335016561 chosen_heat=0.335016561 chosen_beam=0.624700823 beam_entropy=3.583683962
DECISION branch_turn=42 cell=6,8 target_cluster=None
RESULT branch_turn=42 cell=6,8 result=MISS remaining_cells=14 target_cluster=None
BRANCH branch_turn=? n=15 remaining_cells=14 beam_states=110 heat_cell=10,2 beam_cell=8,5 chosen_cell=5,11 heat_rank_of_beam=6 beam_rank_of_heat=41 chosen_heat_rank=2 chosen_beam_rank=5 heat_best=0.326548356 heat_second=0.321695781 beam_best=0.641668472 beam_second=0.612501723 heat_cell_beam=0.065625185 beam_cell_heat=0.304834334 chosen_heat=0.321695781 chosen_beam=0.503126415 beam_entropy=3.761866103
DECISION branch_turn=43 cell=5,11 target_cluster=None
RESULT branch_turn=43 cell=5,11 result=MISS remaining_cells=14 target_cluster=None
BRANCH branch_turn=? n=15 remaining_cells=14 beam_states=111 heat_cell=13,11 beam_cell=8,5 chosen_cell=13,11 heat_rank_of_beam=5 beam_rank_of_heat=16 chosen_heat_rank=1 chosen_beam_rank=16 heat_best=0.364235827 heat_second=0.362814869 beam_best=0.658178880 beam_second=0.639896134 heat_cell_beam=0.262052702 beam_cell_heat=0.310894777 chosen_heat=0.364235827 chosen_beam=0.262052702 beam_entropy=3.556782328
DECISION branch_turn=44 cell=13,11 target_cluster=None
RESULT branch_turn=44 cell=13,11 result=MISS remaining_cells=14 target_cluster=None
BRANCH branch_turn=? n=15 remaining_cells=14 beam_states=110 heat_cell=12,12 beam_cell=8,5 chosen_cell=12,12 heat_rank_of_beam=6 beam_rank_of_heat=5 chosen_heat_rank=1 chosen_beam_rank=5 heat_best=0.384486428 heat_second=0.342064689 beam_best=0.677654774 beam_second=0.656696379 heat_cell_beam=0.537932140 beam_cell_heat=0.316501213 chosen_heat=0.384486428 chosen_beam=0.537932140 beam_entropy=3.626818268
DECISION branch_turn=45 cell=12,12 target_cluster=None
RESULT branch_turn=45 cell=12,12 result=MISS remaining_cells=14 target_cluster=None
BRANCH branch_turn=? n=15 remaining_cells=14 beam_states=129 heat_cell=4,12 beam_cell=8,5 chosen_cell=4,12 heat_rank_of_beam=4 beam_rank_of_heat=13 chosen_heat_rank=1 chosen_beam_rank=13 heat_best=0.353004523 heat_second=0.341609677 beam_best=0.691203706 beam_second=0.631388001 heat_cell_beam=0.299078527 beam_cell_heat=0.319867763 chosen_heat=0.353004523 chosen_beam=0.299078527 beam_entropy=3.937870033
DECISION branch_turn=46 cell=4,12 target_cluster=None
RESULT branch_turn=46 cell=4,12 result=MISS remaining_cells=14 target_cluster=None
BRANCH branch_turn=? n=15 remaining_cells=14 beam_states=133 heat_cell=10,2 beam_cell=8,5 chosen_cell=8,5 heat_rank_of_beam=2 beam_rank_of_heat=60 chosen_heat_rank=2 chosen_beam_rank=1 heat_best=0.347132471 heat_second=0.331186364 beam_best=0.720326296 beam_second=0.683068039 heat_cell_beam=0.024838838 beam_cell_heat=0.331186364 chosen_heat=0.331186364 chosen_beam=0.720326296 beam_entropy=3.855354360
DECISION branch_turn=47 cell=8,5 target_cluster=None
RESULT branch_turn=47 cell=8,5 result=MISS remaining_cells=14 target_cluster=None
BRANCH branch_turn=? n=15 remaining_cells=14 beam_states=106 heat_cell=10,2 beam_cell=2,10 chosen_cell=10,2 heat_rank_of_beam=4 beam_rank_of_heat=21 chosen_heat_rank=1 chosen_beam_rank=21 heat_best=0.436876419 heat_second=0.420193773 beam_best=0.746081957 beam_second=0.746081957 heat_cell_beam=0.421175299 beam_cell_heat=0.405314541 chosen_heat=0.436876419 chosen_beam=0.421175299 beam_entropy=3.900857529
DECISION branch_turn=48 cell=10,2 target_cluster=None
RESULT branch_turn=48 cell=10,2 result=MISS remaining_cells=14 target_cluster=None
BRANCH branch_turn=? n=15 remaining_cells=14 beam_states=103 heat_cell=12,7 beam_cell=12,7 chosen_cell=12,7 heat_rank_of_beam=1 beam_rank_of_heat=1 chosen_heat_rank=1 chosen_beam_rank=1 heat_best=0.444969745 heat_second=0.382762900 beam_best=0.754860085 beam_second=0.754860085 heat_cell_beam=0.754860085 beam_cell_heat=0.444969745 chosen_heat=0.444969745 chosen_beam=0.754860085 beam_entropy=3.918083444
DECISION branch_turn=49 cell=12,7 target_cluster=None
RESULT branch_turn=49 cell=12,7 result=MISS remaining_cells=14 target_cluster=None
BRANCH branch_turn=? n=15 remaining_cells=14 beam_states=117 heat_cell=12,3 beam_cell=8,3 chosen_cell=12,3 heat_rank_of_beam=18 beam_rank_of_heat=15 chosen_heat_rank=1 chosen_beam_rank=15 heat_best=0.428783164 heat_second=0.384997223 beam_best=0.712021761 beam_second=0.700896421 heat_cell_beam=0.456138941 beam_cell_heat=0.291995353 chosen_heat=0.428783164 chosen_beam=0.456138941 beam_entropy=4.044164108
DECISION branch_turn=50 cell=12,3 target_cluster=None
RESULT branch_turn=50 cell=12,3 result=MISS remaining_cells=14 target_cluster=None
BRANCH branch_turn=? n=15 remaining_cells=14 beam_states=98 heat_cell=8,1 beam_cell=8,4 chosen_cell=8,1 heat_rank_of_beam=32 beam_rank_of_heat=4 chosen_heat_rank=1 chosen_beam_rank=4 heat_best=0.418331470 heat_second=0.390228611 beam_best=0.668229377 beam_second=0.544483196 heat_cell_beam=0.482610106 beam_cell_heat=0.252318356 chosen_heat=0.418331470 chosen_beam=0.482610106 beam_entropy=4.069944163
DECISION branch_turn=51 cell=8,1 target_cluster=None
RESULT branch_turn=51 cell=8,1 result=MISS remaining_cells=14 target_cluster=None
BRANCH branch_turn=? n=15 remaining_cells=14 beam_states=82 heat_cell=13,14 beam_cell=9,7 chosen_cell=13,14 heat_rank_of_beam=29 beam_rank_of_heat=2 chosen_heat_rank=1 chosen_beam_rank=2 heat_best=0.449441553 heat_second=0.446601496 beam_best=0.695516170 beam_second=0.619916586 heat_cell_beam=0.619916586 beam_cell_heat=0.266785840 chosen_heat=0.449441553 chosen_beam=0.619916586 beam_entropy=4.048807207
DECISION branch_turn=52 cell=13,14 target_cluster=None
RESULT branch_turn=52 cell=13,14 result=HIT remaining_cells=14 target_cluster=None
DECISION branch_turn=53 cell=12,14 target_cluster=Some(0)
RESULT branch_turn=53 cell=12,14 result=HIT remaining_cells=13 target_cluster=Some(0)
DECISION branch_turn=54 cell=11,14 target_cluster=Some(0)
RESULT branch_turn=54 cell=11,14 result=HIT remaining_cells=12 target_cluster=Some(0)
DECISION branch_turn=55 cell=14,14 target_cluster=Some(0)
RESULT branch_turn=55 cell=14,14 result=MISS remaining_cells=11 target_cluster=Some(0)
DECISION branch_turn=56 cell=10,14 target_cluster=Some(0)
RESULT branch_turn=56 cell=10,14 result=KILL remaining_cells=11 target_cluster=Some(0)
BRANCH branch_turn=? n=15 remaining_cells=10 beam_states=97 heat_cell=4,4 beam_cell=4,4 chosen_cell=4,4 heat_rank_of_beam=1 beam_rank_of_heat=1 chosen_heat_rank=1 chosen_beam_rank=1 heat_best=0.399216027 heat_second=0.392229424 beam_best=0.566100355 beam_second=0.486846306 heat_cell_beam=0.566100355 beam_cell_heat=0.399216027 chosen_heat=0.399216027 chosen_beam=0.566100355 beam_entropy=3.986764014
DECISION branch_turn=57 cell=4,4 target_cluster=None
RESULT branch_turn=57 cell=4,4 result=MISS remaining_cells=10 target_cluster=None
BRANCH branch_turn=? n=15 remaining_cells=10 beam_states=74 heat_cell=6,2 beam_cell=2,8 chosen_cell=6,2 heat_rank_of_beam=3 beam_rank_of_heat=2 chosen_heat_rank=1 chosen_beam_rank=2 heat_best=0.489923981 heat_second=0.487141011 beam_best=0.600531143 beam_second=0.581764545 heat_cell_beam=0.581764545 beam_cell_heat=0.448586757 chosen_heat=0.489923981 chosen_beam=0.581764545 beam_entropy=3.906193838
DECISION branch_turn=58 cell=6,2 target_cluster=None
RESULT branch_turn=58 cell=6,2 result=MISS remaining_cells=10 target_cluster=None
BRANCH branch_turn=? n=15 remaining_cells=10 beam_states=58 heat_cell=2,8 beam_cell=2,8 chosen_cell=2,8 heat_rank_of_beam=1 beam_rank_of_heat=1 chosen_heat_rank=1 chosen_beam_rank=1 heat_best=0.464861551 heat_second=0.450275967 beam_best=0.580652661 beam_second=0.552328141 heat_cell_beam=0.580652661 beam_cell_heat=0.464861551 chosen_heat=0.464861551 chosen_beam=0.580652661 beam_entropy=3.660250761
DECISION branch_turn=59 cell=2,8 target_cluster=None
RESULT branch_turn=59 cell=2,8 result=MISS remaining_cells=10 target_cluster=None
BRANCH branch_turn=? n=15 remaining_cells=10 beam_states=38 heat_cell=1,7 beam_cell=1,7 chosen_cell=1,7 heat_rank_of_beam=1 beam_rank_of_heat=1 chosen_heat_rank=1 chosen_beam_rank=1 heat_best=0.498111515 heat_second=0.475033033 beam_best=0.615512084 beam_second=0.615512084 heat_cell_beam=0.615512084 beam_cell_heat=0.498111515 chosen_heat=0.498111515 chosen_beam=0.615512084 beam_entropy=3.870245500
DECISION branch_turn=60 cell=1,7 target_cluster=None
RESULT branch_turn=60 cell=1,7 result=MISS remaining_cells=10 target_cluster=None
BRANCH branch_turn=? n=15 remaining_cells=10 beam_states=32 heat_cell=5,3 beam_cell=6,7 chosen_cell=5,3 heat_rank_of_beam=28 beam_rank_of_heat=6 chosen_heat_rank=1 chosen_beam_rank=6 heat_best=0.450316599 heat_second=0.449290695 beam_best=0.655275204 beam_second=0.578184004 heat_cell_beam=0.385456003 beam_cell_heat=0.301299168 chosen_heat=0.450316599 chosen_beam=0.385456003 beam_entropy=3.899750272
DECISION branch_turn=61 cell=5,3 target_cluster=None
RESULT branch_turn=61 cell=5,3 result=MISS remaining_cells=10 target_cluster=None
BRANCH branch_turn=? n=15 remaining_cells=10 beam_states=29 heat_cell=13,4 beam_cell=6,7 chosen_cell=13,4 heat_rank_of_beam=37 beam_rank_of_heat=4 chosen_heat_rank=1 chosen_beam_rank=4 heat_best=0.449385589 heat_second=0.390347101 beam_best=0.554198779 beam_second=0.453435364 heat_cell_beam=0.327481097 beam_cell_heat=0.277098971 chosen_heat=0.449385589 chosen_beam=0.327481097 beam_entropy=3.824836349
DECISION branch_turn=62 cell=13,4 target_cluster=None
RESULT branch_turn=62 cell=13,4 result=MISS remaining_cells=10 target_cluster=None
BRANCH branch_turn=? n=15 remaining_cells=10 beam_states=34 heat_cell=0,8 beam_cell=6,7 chosen_cell=0,8 heat_rank_of_beam=37 beam_rank_of_heat=11 chosen_heat_rank=1 chosen_beam_rank=11 heat_best=0.428583375 heat_second=0.428005534 beam_best=0.592489600 beam_second=0.592489600 heat_cell_beam=0.236995840 beam_cell_heat=0.293646005 chosen_heat=0.428583375 chosen_beam=0.236995840 beam_entropy=4.041004216
DECISION branch_turn=63 cell=0,8 target_cluster=None
RESULT branch_turn=63 cell=0,8 result=MISS remaining_cells=10 target_cluster=None
BRANCH branch_turn=? n=15 remaining_cells=10 beam_states=30 heat_cell=7,0 beam_cell=6,7 chosen_cell=7,0 heat_rank_of_beam=29 beam_rank_of_heat=9 chosen_heat_rank=1 chosen_beam_rank=9 heat_best=0.463291862 heat_second=0.460648604 beam_best=0.640475334 beam_second=0.512380267 heat_cell_beam=0.298888489 beam_cell_heat=0.316704320 chosen_heat=0.463291862 chosen_beam=0.298888489 beam_entropy=3.969117453
DECISION branch_turn=64 cell=7,0 target_cluster=None
RESULT branch_turn=64 cell=7,0 result=MISS remaining_cells=10 target_cluster=None
BRANCH branch_turn=? n=15 remaining_cells=10 beam_states=26 heat_cell=2,13 beam_cell=6,7 chosen_cell=2,13 heat_rank_of_beam=23 beam_rank_of_heat=13 chosen_heat_rank=1 chosen_beam_rank=13 heat_best=0.514330163 heat_second=0.507735926 beam_best=0.697499046 beam_second=0.697499046 heat_cell_beam=0.321922636 beam_cell_heat=0.343727054 chosen_heat=0.514330163 chosen_beam=0.321922636 beam_entropy=3.796414791
DECISION branch_turn=65 cell=2,13 target_cluster=None
RESULT branch_turn=65 cell=2,13 result=HIT remaining_cells=10 target_cluster=None
DECISION branch_turn=66 cell=1,13 target_cluster=Some(0)
RESULT branch_turn=66 cell=1,13 result=MISS remaining_cells=9 target_cluster=Some(0)
DECISION branch_turn=67 cell=2,12 target_cluster=Some(0)
RESULT branch_turn=67 cell=2,12 result=HIT remaining_cells=9 target_cluster=Some(0)
DECISION branch_turn=68 cell=2,11 target_cluster=Some(0)
RESULT branch_turn=68 cell=2,11 result=HIT remaining_cells=8 target_cluster=Some(0)
DECISION branch_turn=69 cell=2,10 target_cluster=Some(0)
RESULT branch_turn=69 cell=2,10 result=HIT remaining_cells=7 target_cluster=Some(0)
DECISION branch_turn=70 cell=2,14 target_cluster=Some(0)
RESULT branch_turn=70 cell=2,14 result=KILL remaining_cells=6 target_cluster=Some(0)
BRANCH branch_turn=? n=15 remaining_cells=5 beam_states=62 heat_cell=11,1 beam_cell=7,5 chosen_cell=11,1 heat_rank_of_beam=12 beam_rank_of_heat=25 chosen_heat_rank=1 chosen_beam_rank=25 heat_best=0.629832736 heat_second=0.531633944 beam_best=0.496719030 beam_second=0.443876580 heat_cell_beam=0.021136980 beam_cell_heat=0.452056754 chosen_heat=0.629832736 chosen_beam=0.021136980 beam_entropy=2.898700453
DECISION branch_turn=71 cell=11,1 target_cluster=None
RESULT branch_turn=71 cell=11,1 result=MISS remaining_cells=5 target_cluster=None
BRANCH branch_turn=? n=15 remaining_cells=5 beam_states=61 heat_cell=13,2 beam_cell=7,5 chosen_cell=13,2 heat_rank_of_beam=9 beam_rank_of_heat=31 chosen_heat_rank=1 chosen_beam_rank=31 heat_best=0.588557962 heat_second=0.542276589 beam_best=0.471530394 beam_second=0.410026430 heat_cell_beam=0.000000000 beam_cell_heat=0.457052217 chosen_heat=0.588557962 chosen_beam=0.000000000 beam_entropy=2.881802972
DECISION branch_turn=72 cell=13,2 target_cluster=None
RESULT branch_turn=72 cell=13,2 result=HIT remaining_cells=5 target_cluster=None
DECISION branch_turn=73 cell=13,1 target_cluster=Some(0)
RESULT branch_turn=73 cell=13,1 result=HIT remaining_cells=4 target_cluster=Some(0)
DECISION branch_turn=74 cell=13,0 target_cluster=Some(0)
RESULT branch_turn=74 cell=13,0 result=KILL remaining_cells=3 target_cluster=Some(0)
BRANCH branch_turn=? n=15 remaining_cells=2 beam_states=47 heat_cell=13,6 beam_cell=13,6 chosen_cell=13,6 heat_rank_of_beam=1 beam_rank_of_heat=1 chosen_heat_rank=1 chosen_beam_rank=1 heat_best=0.227118035 heat_second=0.197912761 beam_best=0.120061233 beam_second=0.120061233 heat_cell_beam=0.120061233 beam_cell_heat=0.227118035 chosen_heat=0.227118035 chosen_beam=0.120061233 beam_entropy=3.667030744
DECISION branch_turn=75 cell=13,6 target_cluster=None
RESULT branch_turn=75 cell=13,6 result=MISS remaining_cells=2 target_cluster=None
BRANCH branch_turn=? n=15 remaining_cells=2 beam_states=44 heat_cell=10,5 beam_cell=10,5 chosen_cell=10,5 heat_rank_of_beam=1 beam_rank_of_heat=1 chosen_heat_rank=1 chosen_beam_rank=1 heat_best=0.197623795 heat_second=0.197436835 beam_best=0.102428936 beam_second=0.102428936 heat_cell_beam=0.102428936 beam_cell_heat=0.197623795 chosen_heat=0.197623795 chosen_beam=0.102428936 beam_entropy=3.631986229
DECISION branch_turn=76 cell=10,5 target_cluster=None
RESULT branch_turn=76 cell=10,5 result=MISS remaining_cells=2 target_cluster=None
BRANCH branch_turn=? n=15 remaining_cells=2 beam_states=41 heat_cell=8,3 beam_cell=8,3 chosen_cell=8,3 heat_rank_of_beam=1 beam_rank_of_heat=1 chosen_heat_rank=1 chosen_beam_rank=1 heat_best=0.210094001 heat_second=0.209523644 beam_best=0.108107650 beam_second=0.108107650 heat_cell_beam=0.108107650 beam_cell_heat=0.210094001 chosen_heat=0.210094001 chosen_beam=0.108107650 beam_entropy=3.596806035
DECISION branch_turn=77 cell=8,3 target_cluster=None
RESULT branch_turn=77 cell=8,3 result=MISS remaining_cells=2 target_cluster=None
BRANCH branch_turn=? n=15 remaining_cells=2 beam_states=38 heat_cell=9,2 beam_cell=9,2 chosen_cell=9,2 heat_rank_of_beam=1 beam_rank_of_heat=1 chosen_heat_rank=1 chosen_beam_rank=1 heat_best=0.219493332 heat_second=0.219104966 beam_best=0.114455265 beam_second=0.114455265 heat_cell_beam=0.114455265 beam_cell_heat=0.219493332 chosen_heat=0.219493332 chosen_beam=0.114455265 beam_entropy=3.568737720
DECISION branch_turn=78 cell=9,2 target_cluster=None
RESULT branch_turn=78 cell=9,2 result=HIT remaining_cells=2 target_cluster=None
DECISION branch_turn=79 cell=9,1 target_cluster=Some(0)
RESULT branch_turn=79 cell=9,1 result=MISS remaining_cells=1 target_cluster=Some(0)
DECISION branch_turn=80 cell=8,2 target_cluster=Some(0)
RESULT branch_turn=80 cell=8,2 result=KILL remaining_cells=1 target_cluster=Some(0)
