GAME n=19 p=0.420157830 remaining=[0, 2, 3, 0, 1, 0, 2, 2, 2, 0]
BRANCH branch_turn=? n=19 remaining_cells=54 beam_states=0 heat_cell=11,10 beam_cell=11,10 chosen_cell=11,10 heat_rank_of_beam=1 beam_rank_of_heat=1 chosen_heat_rank=1 chosen_beam_rank=1 heat_best=1.574134359 heat_second=1.571295099 beam_best=0.000000000 beam_second=0.000000000 heat_cell_beam=0.000000000 beam_cell_heat=1.574134359 chosen_heat=1.574134359 chosen_beam=0.000000000 beam_entropy=0.000000000
DECISION branch_turn=1 cell=11,10 target_cluster=None
RESULT branch_turn=1 cell=11,10 result=MISS remaining_cells=54 target_cluster=None
BRANCH branch_turn=? n=19 remaining_cells=54 beam_states=0 heat_cell=12,11 beam_cell=12,11 chosen_cell=12,11 heat_rank_of_beam=1 beam_rank_of_heat=1 chosen_heat_rank=1 chosen_beam_rank=1 heat_best=1.612175945 heat_second=1.608080193 beam_best=0.000000000 beam_second=0.000000000 heat_cell_beam=0.000000000 beam_cell_heat=1.612175945 chosen_heat=1.612175945 chosen_beam=0.000000000 beam_entropy=0.000000000
DECISION branch_turn=2 cell=12,11 target_cluster=None
RESULT branch_turn=2 cell=12,11 result=MISS remaining_cells=54 target_cluster=None
BRANCH branch_turn=? n=19 remaining_cells=54 beam_states=0 heat_cell=10,9 beam_cell=10,9 chosen_cell=10,9 heat_rank_of_beam=1 beam_rank_of_heat=1 chosen_heat_rank=1 chosen_beam_rank=1 heat_best=1.653368477 heat_second=1.614524248 beam_best=0.000000000 beam_second=0.000000000 heat_cell_beam=0.000000000 beam_cell_heat=1.653368477 chosen_heat=1.653368477 chosen_beam=0.000000000 beam_entropy=0.000000000
DECISION branch_turn=3 cell=10,9 target_cluster=None
RESULT branch_turn=3 cell=10,9 result=MISS remaining_cells=54 target_cluster=None
BRANCH branch_turn=? n=19 remaining_cells=54 beam_states=0 heat_cell=9,12 beam_cell=9,12 chosen_cell=9,12 heat_rank_of_beam=1 beam_rank_of_heat=1 chosen_heat_rank=1 chosen_beam_rank=1 heat_best=1.629766565 heat_second=1.622660352 beam_best=0.000000000 beam_second=0.000000000 heat_cell_beam=0.000000000 beam_cell_heat=1.629766565 chosen_heat=1.629766565 chosen_beam=0.000000000 beam_entropy=0.000000000
DECISION branch_turn=4 cell=9,12 target_cluster=None
RESULT branch_turn=4 cell=9,12 result=MISS remaining_cells=54 target_cluster=None
BRANCH branch_turn=? n=19 remaining_cells=54 beam_states=0 heat_cell=13,8 beam_cell=13,8 chosen_cell=13,8 heat_rank_of_beam=1 beam_rank_of_heat=1 chosen_heat_rank=1 chosen_beam_rank=1 heat_best=1.635784218 heat_second=1.631815041 beam_best=0.000000000 beam_second=0.000000000 heat_cell_beam=0.000000000 beam_cell_heat=1.635784218 chosen_heat=1.635784218 chosen_beam=0.000000000 beam_entropy=0.000000000
DECISION branch_turn=5 cell=13,8 target_cluster=None
RESULT branch_turn=5 cell=13,8 result=MISS remaining_cells=54 target_cluster=None
BRANCH branch_turn=? n=19 remaining_cells=54 beam_states=0 heat_cell=14,7 beam_cell=14,7 chosen_cell=14,7 heat_rank_of_beam=1 beam_rank_of_heat=1 chosen_heat_rank=1 chosen_beam_rank=1 heat_best=1.597947237 heat_second=1.547070036 beam_best=0.000000000 beam_second=0.000000000 heat_cell_beam=0.000000000 beam_cell_heat=1.597947237 chosen_heat=1.597947237 chosen_beam=0.000000000 beam_entropy=0.000000000
DECISION branch_turn=6 cell=14,7 target_cluster=None
RESULT branch_turn=6 cell=14,7 result=HIT remaining_cells=54 target_cluster=None
DECISION branch_turn=7 cell=14,6 target_cluster=Some(0)
RESULT branch_turn=7 cell=14,6 result=MISS remaining_cells=53 target_cluster=Some(0)
DECISION branch_turn=8 cell=13,7 target_cluster=Some(0)
RESULT branch_turn=8 cell=13,7 result=HIT remaining_cells=53 target_cluster=Some(0)
DECISION branch_turn=9 cell=12,7 target_cluster=Some(0)
RESULT branch_turn=9 cell=12,7 result=HIT remaining_cells=52 target_cluster=Some(0)
DECISION branch_turn=10 cell=11,7 target_cluster=Some(0)
RESULT branch_turn=10 cell=11,7 result=HIT remaining_cells=51 target_cluster=Some(0)
DECISION branch_turn=11 cell=15,7 target_cluster=Some(0)
RESULT branch_turn=11 cell=15,7 result=HIT remaining_cells=50 target_cluster=Some(0)
DECISION branch_turn=12 cell=16,7 target_cluster=Some(0)
RESULT branch_turn=12 cell=16,7 result=HIT remaining_cells=49 target_cluster=Some(0)
DECISION branch_turn=13 cell=10,7 target_cluster=Some(0)
RESULT branch_turn=13 cell=10,7 result=HIT remaining_cells=48 target_cluster=Some(0)
DECISION branch_turn=14 cell=9,7 target_cluster=Some(0)
RESULT branch_turn=14 cell=9,7 result=MISS remaining_cells=47 target_cluster=Some(0)
DECISION branch_turn=15 cell=17,7 target_cluster=Some(0)
RESULT branch_turn=15 cell=17,7 result=KILL remaining_cells=47 target_cluster=Some(0)
BRANCH branch_turn=? n=19 remaining_cells=46 beam_states=0 heat_cell=14,13 beam_cell=14,13 chosen_cell=14,13 heat_rank_of_beam=1 beam_rank_of_heat=1 chosen_heat_rank=1 chosen_beam_rank=1 heat_best=1.379026324 heat_second=1.371643096 beam_best=0.000000000 beam_second=0.000000000 heat_cell_beam=0.000000000 beam_cell_heat=1.379026324 chosen_heat=1.379026324 chosen_beam=0.000000000 beam_entropy=0.000000000
DECISION branch_turn=16 cell=14,13 target_cluster=None
RESULT branch_turn=16 cell=14,13 result=MISS remaining_cells=46 target_cluster=None
BRANCH branch_turn=? n=19 remaining_cells=46 beam_states=0 heat_cell=13,14 beam_cell=13,14 chosen_cell=13,14 heat_rank_of_beam=1 beam_rank_of_heat=1 chosen_heat_rank=1 chosen_beam_rank=1 heat_best=1.420992477 heat_second=1.380859014 beam_best=0.000000000 beam_second=0.000000000 heat_cell_beam=0.000000000 beam_cell_heat=1.420992477 chosen_heat=1.420992477 chosen_beam=0.000000000 beam_entropy=0.000000000
DECISION branch_turn=17 cell=13,14 target_cluster=None
RESULT branch_turn=17 cell=13,14 result=HIT remaining_cells=46 target_cluster=None
DECISION branch_turn=18 cell=12,14 target_cluster=Some(0)
RESULT branch_turn=18 cell=12,14 result=KILL remaining_cells=45 target_cluster=Some(0)
BRANCH branch_turn=? n=19 remaining_cells=44 beam_states=0 heat_cell=10,15 beam_cell=10,15 chosen_cell=10,15 heat_rank_of_beam=1 beam_rank_of_heat=1 chosen_heat_rank=1 chosen_beam_rank=1 heat_best=1.351819841 heat_second=1.297661877 beam_best=0.000000000 beam_second=0.000000000 heat_cell_beam=0.000000000 beam_cell_heat=1.351819841 chosen_heat=1.351819841 chosen_beam=0.000000000 beam_entropy=0.000000000
DECISION branch_turn=19 cell=10,15 target_cluster=None
RESULT branch_turn=19 cell=10,15 result=MISS remaining_cells=44 target_cluster=None
BRANCH branch_turn=? n=19 remaining_cells=44 beam_states=0 heat_cell=11,16 beam_cell=11,16 chosen_cell=11,16 heat_rank_of_beam=1 beam_rank_of_heat=1 chosen_heat_rank=1 chosen_beam_rank=1 heat_best=1.291434785 heat_second=1.234079467 beam_best=0.000000000 beam_second=0.000000000 heat_cell_beam=0.000000000 beam_cell_heat=1.291434785 chosen_heat=1.291434785 chosen_beam=0.000000000 beam_entropy=0.000000000
DECISION branch_turn=20 cell=11,16 target_cluster=None
RESULT branch_turn=20 cell=11,16 result=MISS remaining_cells=44 target_cluster=None
BRANCH branch_turn=? n=19 remaining_cells=44 beam_states=0 heat_cell=15,12 beam_cell=15,12 chosen_cell=15,12 heat_rank_of_beam=1 beam_rank_of_heat=1 chosen_heat_rank=1 chosen_beam_rank=1 heat_best=1.244428904 heat_second=1.188016009 beam_best=0.000000000 beam_second=0.000000000 heat_cell_beam=0.000000000 beam_cell_heat=1.244428904 chosen_heat=1.244428904 chosen_beam=0.000000000 beam_entropy=0.000000000
DECISION branch_turn=21 cell=15,12 target_cluster=None
RESULT branch_turn=21 cell=15,12 result=MISS remaining_cells=44 target_cluster=None
BRANCH branch_turn=? n=19 remaining_cells=44 beam_states=0 heat_cell=18,9 beam_cell=18,9 chosen_cell=18,9 heat_rank_of_beam=1 beam_rank_of_heat=1 chosen_heat_rank=1 chosen_beam_rank=1 heat_best=1.172305276 heat_second=1.158782159 beam_best=0.000000000 beam_second=0.000000000 heat_cell_beam=0.000000000 beam_cell_heat=1.172305276 chosen_heat=1.172305276 chosen_beam=0.000000000 beam_entropy=0.000000000
DECISION branch_turn=22 cell=18,9 target_cluster=None
RESULT branch_turn=22 cell=18,9 result=MISS remaining_cells=44 target_cluster=None
BRANCH branch_turn=? n=19 remaining_cells=44 beam_states=0 heat_cell=7,13 beam_cell=7,13 chosen_cell=7,13 heat_rank_of_beam=1 beam_rank_of_heat=1 chosen_heat_rank=1 chosen_beam_rank=1 heat_best=1.121896133 heat_second=1.106103571 beam_best=0.000000000 beam_second=0.000000000 heat_cell_beam=0.000000000 beam_cell_heat=1.121896133 chosen_heat=1.121896133 chosen_beam=0.000000000 beam_entropy=0.000000000
DECISION branch_turn=23 cell=7,13 target_cluster=None
RESULT branch_turn=23 cell=7,13 result=HIT remaining_cells=44 target_cluster=None
DECISION branch_turn=24 cell=6,13 target_cluster=Some(0)
RESULT branch_turn=24 cell=6,13 result=MISS remaining_cells=43 target_cluster=Some(0)
DECISION branch_turn=25 cell=7,12 target_cluster=Some(0)
RESULT branch_turn=25 cell=7,12 result=MISS remaining_cells=43 target_cluster=Some(0)
DECISION branch_turn=26 cell=8,13 target_cluster=Some(0)
RESULT branch_turn=26 cell=8,13 result=HIT remaining_cells=43 target_cluster=Some(0)
DECISION branch_turn=27 cell=9,13 target_cluster=Some(0)
RESULT branch_turn=27 cell=9,13 result=HIT remaining_cells=42 target_cluster=Some(0)
DECISION branch_turn=28 cell=10,13 target_cluster=Some(0)
RESULT branch_turn=28 cell=10,13 result=KILL remaining_cells=41 target_cluster=Some(0)
BRANCH branch_turn=? n=19 remaining_cells=40 beam_states=0 heat_cell=12,17 beam_cell=12,17 chosen_cell=12,17 heat_rank_of_beam=1 beam_rank_of_heat=1 chosen_heat_rank=1 chosen_beam_rank=1 heat_best=1.104029680 heat_second=1.103252675 beam_best=0.000000000 beam_second=0.000000000 heat_cell_beam=0.000000000 beam_cell_heat=1.104029680 chosen_heat=1.104029680 chosen_beam=0.000000000 beam_entropy=0.000000000
DECISION branch_turn=29 cell=12,17 target_cluster=None
RESULT branch_turn=29 cell=12,17 result=MISS remaining_cells=40 target_cluster=None
BRANCH branch_turn=? n=19 remaining_cells=40 beam_states=0 heat_cell=11,18 beam_cell=11,18 chosen_cell=11,18 heat_rank_of_beam=1 beam_rank_of_heat=1 chosen_heat_rank=1 chosen_beam_rank=1 heat_best=1.143048368 heat_second=1.113490311 beam_best=0.000000000 beam_second=0.000000000 heat_cell_beam=0.000000000 beam_cell_heat=1.143048368 chosen_heat=1.143048368 chosen_beam=0.000000000 beam_entropy=0.000000000
DECISION branch_turn=30 cell=11,18 target_cluster=None
RESULT branch_turn=30 cell=11,18 result=HIT remaining_cells=40 target_cluster=None
DECISION branch_turn=31 cell=10,18 target_cluster=Some(0)
RESULT branch_turn=31 cell=10,18 result=HIT remaining_cells=39 target_cluster=Some(0)
DECISION branch_turn=32 cell=9,18 target_cluster=Some(0)
RESULT branch_turn=32 cell=9,18 result=HIT remaining_cells=38 target_cluster=Some(0)
DECISION branch_turn=33 cell=8,18 target_cluster=Some(0)
RESULT branch_turn=33 cell=8,18 result=HIT remaining_cells=37 target_cluster=Some(0)
DECISION branch_turn=34 cell=7,18 target_cluster=Some(0)
RESULT branch_turn=34 cell=7,18 result=MISS remaining_cells=36 target_cluster=Some(0)
DECISION branch_turn=35 cell=12,18 target_cluster=Some(0)
RESULT branch_turn=35 cell=12,18 result=HIT remaining_cells=36 target_cluster=Some(0)
DECISION branch_turn=36 cell=13,18 target_cluster=Some(0)
RESULT branch_turn=36 cell=13,18 result=HIT remaining_cells=35 target_cluster=Some(0)
DECISION branch_turn=37 cell=14,18 target_cluster=Some(0)
RESULT branch_turn=37 cell=14,18 result=HIT remaining_cells=34 target_cluster=Some(0)
DECISION branch_turn=38 cell=15,18 target_cluster=Some(0)
RESULT branch_turn=38 cell=15,18 result=KILL remaining_cells=33 target_cluster=Some(0)
BRANCH branch_turn=? n=19 remaining_cells=32 beam_states=0 heat_cell=6,6 beam_cell=6,6 chosen_cell=6,6 heat_rank_of_beam=1 beam_rank_of_heat=1 chosen_heat_rank=1 chosen_beam_rank=1 heat_best=1.047788773 heat_second=1.038375437 beam_best=0.000000000 beam_second=0.000000000 heat_cell_beam=0.000000000 beam_cell_heat=1.047788773 chosen_heat=1.047788773 chosen_beam=0.000000000 beam_entropy=0.000000000
DECISION branch_turn=39 cell=6,6 target_cluster=None
RESULT branch_turn=39 cell=6,6 result=HIT remaining_cells=32 target_cluster=None
DECISION branch_turn=40 cell=7,6 target_cluster=Some(0)
RESULT branch_turn=40 cell=7,6 result=MISS remaining_cells=31 target_cluster=Some(0)
DECISION branch_turn=41 cell=6,5 target_cluster=Some(0)
RESULT branch_turn=41 cell=6,5 result=MISS remaining_cells=31 target_cluster=Some(0)
DECISION branch_turn=42 cell=5,6 target_cluster=Some(0)
RESULT branch_turn=42 cell=5,6 result=MISS remaining_cells=31 target_cluster=Some(0)
DECISION branch_turn=43 cell=6,7 target_cluster=Some(0)
RESULT branch_turn=43 cell=6,7 result=HIT remaining_cells=31 target_cluster=Some(0)
DECISION branch_turn=44 cell=6,8 target_cluster=Some(0)
RESULT branch_turn=44 cell=6,8 result=HIT remaining_cells=30 target_cluster=Some(0)
DECISION branch_turn=45 cell=6,9 target_cluster=Some(0)
RESULT branch_turn=45 cell=6,9 result=HIT remaining_cells=29 target_cluster=Some(0)
DECISION branch_turn=46 cell=6,10 target_cluster=Some(0)
RESULT branch_turn=46 cell=6,10 result=HIT remaining_cells=28 target_cluster=Some(0)
DECISION branch_turn=47 cell=6,11 target_cluster=Some(0)
RESULT branch_turn=47 cell=6,11 result=KILL remaining_cells=27 target_cluster=Some(0)
BRANCH branch_turn=? n=19 remaining_cells=26 beam_states=15 heat_cell=13,5 beam_cell=13,5 chosen_cell=13,5 heat_rank_of_beam=1 beam_rank_of_heat=1 chosen_heat_rank=1 chosen_beam_rank=1 heat_best=1.163014698 heat_second=1.159345853 beam_best=1.092857290 beam_second=1.092857290 heat_cell_beam=1.092857290 beam_cell_heat=1.163014698 chosen_heat=1.163014698 chosen_beam=1.092857290 beam_entropy=3.343420686
DECISION branch_turn=48 cell=13,5 target_cluster=None
RESULT branch_turn=48 cell=13,5 result=MISS remaining_cells=26 target_cluster=None
BRANCH branch_turn=? n=19 remaining_cells=26 beam_states=0 heat_cell=12,4 beam_cell=12,4 chosen_cell=12,4 heat_rank_of_beam=1 beam_rank_of_heat=1 chosen_heat_rank=1 chosen_beam_rank=1 heat_best=1.280990526 heat_second=1.279974974 beam_best=0.000000000 beam_second=0.000000000 heat_cell_beam=0.000000000 beam_cell_heat=1.280990526 chosen_heat=1.280990526 chosen_beam=0.000000000 beam_entropy=0.000000000
DECISION branch_turn=49 cell=12,4 target_cluster=None
RESULT branch_turn=49 cell=12,4 result=MISS remaining_cells=26 target_cluster=None
BRANCH branch_turn=? n=19 remaining_cells=26 beam_states=0 heat_cell=11,1 beam_cell=11,1 chosen_cell=11,1 heat_rank_of_beam=1 beam_rank_of_heat=1 chosen_heat_rank=1 chosen_beam_rank=1 heat_best=1.308887966 heat_second=1.308830295 beam_best=0.000000000 beam_second=0.000000000 heat_cell_beam=0.000000000 beam_cell_heat=1.308887966 chosen_heat=1.308887966 chosen_beam=0.000000000 beam_entropy=0.000000000
DECISION branch_turn=50 cell=11,1 target_cluster=None
RESULT branch_turn=50 cell=11,1 result=MISS remaining_cells=26 target_cluster=None
BRANCH branch_turn=? n=19 remaining_cells=26 beam_states=0 heat_cell=10,3 beam_cell=10,3 chosen_cell=10,3 heat_rank_of_beam=1 beam_rank_of_heat=1 chosen_heat_rank=1 chosen_beam_rank=1 heat_best=1.330161332 heat_second=1.328001093 beam_best=0.000000000 beam_second=0.000000000 heat_cell_beam=0.000000000 beam_cell_heat=1.330161332 chosen_heat=1.330161332 chosen_beam=0.000000000 beam_entropy=0.000000000
DECISION branch_turn=51 cell=10,3 target_cluster=None
RESULT branch_turn=51 cell=10,3 result=MISS remaining_cells=26 target_cluster=None
BRANCH branch_turn=? n=19 remaining_cells=26 beam_states=0 heat_cell=9,2 beam_cell=9,2 chosen_cell=9,2 heat_rank_of_beam=1 beam_rank_of_heat=1 chosen_heat_rank=1 chosen_beam_rank=1 heat_best=1.333157196 heat_second=1.298849726 beam_best=0.000000000 beam_second=0.000000000 heat_cell_beam=0.000000000 beam_cell_heat=1.333157196 chosen_heat=1.333157196 chosen_beam=0.000000000 beam_entropy=0.000000000
DECISION branch_turn=52 cell=9,2 target_cluster=None
RESULT branch_turn=52 cell=9,2 result=HIT remaining_cells=26 target_cluster=None
DECISION branch_turn=53 cell=8,2 target_cluster=Some(0)
RESULT branch_turn=53 cell=8,2 result=MISS remaining_cells=25 target_cluster=Some(0)
DECISION branch_turn=54 cell=9,1 target_cluster=Some(0)
RESULT branch_turn=54 cell=9,1 result=HIT remaining_cells=25 target_cluster=Some(0)
DECISION branch_turn=55 cell=9,3 target_cluster=Some(0)
RESULT branch_turn=55 cell=9,3 result=HIT remaining_cells=24 target_cluster=Some(0)
DECISION branch_turn=56 cell=9,4 target_cluster=Some(0)
RESULT branch_turn=56 cell=9,4 result=HIT remaining_cells=23 target_cluster=Some(0)
DECISION branch_turn=57 cell=9,5 target_cluster=Some(0)
RESULT branch_turn=57 cell=9,5 result=HIT remaining_cells=22 target_cluster=Some(0)
DECISION branch_turn=58 cell=9,0 target_cluster=Some(0)
RESULT branch_turn=58 cell=9,0 result=HIT remaining_cells=21 target_cluster=Some(0)
DECISION branch_turn=59 cell=9,6 target_cluster=Some(0)
RESULT branch_turn=59 cell=9,6 result=KILL remaining_cells=20 target_cluster=Some(0)
BRANCH branch_turn=? n=19 remaining_cells=19 beam_states=12 heat_cell=16,9 beam_cell=16,9 chosen_cell=16,9 heat_rank_of_beam=1 beam_rank_of_heat=1 chosen_heat_rank=1 chosen_beam_rank=1 heat_best=0.615821599 heat_second=0.561034348 beam_best=0.932921915 beam_second=0.932921915 heat_cell_beam=0.932921915 beam_cell_heat=0.615821599 chosen_heat=0.615821599 chosen_beam=0.932921915 beam_entropy=3.028347905
DECISION branch_turn=60 cell=16,9 target_cluster=None
RESULT branch_turn=60 cell=16,9 result=MISS remaining_cells=19 target_cluster=None
BRANCH branch_turn=? n=19 remaining_cells=19 beam_states=0 heat_cell=17,15 beam_cell=17,15 chosen_cell=17,15 heat_rank_of_beam=1 beam_rank_of_heat=1 chosen_heat_rank=1 chosen_beam_rank=1 heat_best=0.772622813 heat_second=0.756500567 beam_best=0.000000000 beam_second=0.000000000 heat_cell_beam=0.000000000 beam_cell_heat=0.772622813 chosen_heat=0.772622813 chosen_beam=0.000000000 beam_entropy=0.000000000
DECISION branch_turn=61 cell=17,15 target_cluster=None
RESULT branch_turn=61 cell=17,15 result=MISS remaining_cells=19 target_cluster=None
BRANCH branch_turn=? n=19 remaining_cells=19 beam_states=0 heat_cell=5,14 beam_cell=5,14 chosen_cell=5,14 heat_rank_of_beam=1 beam_rank_of_heat=1 chosen_heat_rank=1 chosen_beam_rank=1 heat_best=0.733780809 heat_second=0.667005403 beam_best=0.000000000 beam_second=0.000000000 heat_cell_beam=0.000000000 beam_cell_heat=0.733780809 chosen_heat=0.733780809 chosen_beam=0.000000000 beam_entropy=0.000000000
DECISION branch_turn=62 cell=5,14 target_cluster=None
RESULT branch_turn=62 cell=5,14 result=MISS remaining_cells=19 target_cluster=None
BRANCH branch_turn=? n=19 remaining_cells=19 beam_states=0 heat_cell=16,16 beam_cell=16,16 chosen_cell=16,16 heat_rank_of_beam=1 beam_rank_of_heat=1 chosen_heat_rank=1 chosen_beam_rank=1 heat_best=0.670739164 heat_second=0.606368476 beam_best=0.000000000 beam_second=0.000000000 heat_cell_beam=0.000000000 beam_cell_heat=0.670739164 chosen_heat=0.670739164 chosen_beam=0.000000000 beam_entropy=0.000000000
DECISION branch_turn=63 cell=16,16 target_cluster=None
RESULT branch_turn=63 cell=16,16 result=MISS remaining_cells=19 target_cluster=None
BRANCH branch_turn=? n=19 remaining_cells=19 beam_states=0 heat_cell=4,15 beam_cell=4,15 chosen_cell=4,15 heat_rank_of_beam=1 beam_rank_of_heat=1 chosen_heat_rank=1 chosen_beam_rank=1 heat_best=0.632032818 heat_second=0.606835814 beam_best=0.000000000 beam_second=0.000000000 heat_cell_beam=0.000000000 beam_cell_heat=0.632032818 chosen_heat=0.632032818 chosen_beam=0.000000000 beam_entropy=0.000000000
DECISION branch_turn=64 cell=4,15 target_cluster=None
RESULT branch_turn=64 cell=4,15 result=MISS remaining_cells=19 target_cluster=None
BRANCH branch_turn=? n=19 remaining_cells=19 beam_states=0 heat_cell=2,12 beam_cell=2,12 chosen_cell=2,12 heat_rank_of_beam=1 beam_rank_of_heat=1 chosen_heat_rank=1 chosen_beam_rank=1 heat_best=0.633948571 heat_second=0.633316975 beam_best=0.000000000 beam_second=0.000000000 heat_cell_beam=0.000000000 beam_cell_heat=0.633948571 chosen_heat=0.633948571 chosen_beam=0.000000000 beam_entropy=0.000000000
DECISION branch_turn=65 cell=2,12 target_cluster=None
RESULT branch_turn=65 cell=2,12 result=MISS remaining_cells=19 target_cluster=None
BRANCH branch_turn=? n=19 remaining_cells=19 beam_states=0 heat_cell=18,14 beam_cell=18,14 chosen_cell=18,14 heat_rank_of_beam=1 beam_rank_of_heat=1 chosen_heat_rank=1 chosen_beam_rank=1 heat_best=0.617902597 heat_second=0.616242760 beam_best=0.000000000 beam_second=0.000000000 heat_cell_beam=0.000000000 beam_cell_heat=0.617902597 chosen_heat=0.617902597 chosen_beam=0.000000000 beam_entropy=0.000000000
DECISION branch_turn=66 cell=18,14 target_cluster=None
RESULT branch_turn=66 cell=18,14 result=MISS remaining_cells=19 target_cluster=None
BRANCH branch_turn=? n=19 remaining_cells=19 beam_states=0 heat_cell=3,16 beam_cell=3,16 chosen_cell=3,16 heat_rank_of_beam=1 beam_rank_of_heat=1 chosen_heat_rank=1 chosen_beam_rank=1 heat_best=0.635255173 heat_second=0.614014115 beam_best=0.000000000 beam_second=0.000000000 heat_cell_beam=0.000000000 beam_cell_heat=0.635255173 chosen_heat=0.635255173 chosen_beam=0.000000000 beam_entropy=0.000000000
DECISION branch_turn=67 cell=3,16 target_cluster=None
RESULT branch_turn=67 cell=3,16 result=MISS remaining_cells=19 target_cluster=None
BRANCH branch_turn=? n=19 remaining_cells=19 beam_states=0 heat_cell=1,11 beam_cell=1,11 chosen_cell=1,11 heat_rank_of_beam=1 beam_rank_of_heat=1 chosen_heat_rank=1 chosen_beam_rank=1 heat_best=0.653521267 heat_second=0.639190331 beam_best=0.000000000 beam_second=0.000000000 heat_cell_beam=0.000000000 beam_cell_heat=0.653521267 chosen_heat=0.653521267 chosen_beam=0.000000000 beam_entropy=0.000000000
DECISION branch_turn=68 cell=1,11 target_cluster=None
RESULT branch_turn=68 cell=1,11 result=MISS remaining_cells=19 target_cluster=None
BRANCH branch_turn=? n=19 remaining_cells=19 beam_states=0 heat_cell=3,9 beam_cell=3,9 chosen_cell=3,9 heat_rank_of_beam=1 beam_rank_of_heat=1 chosen_heat_rank=1 chosen_beam_rank=1 heat_best=0.672960316 heat_second=0.672818750 beam_best=0.000000000 beam_second=0.000000000 heat_cell_beam=0.000000000 beam_cell_heat=0.672960316 chosen_heat=0.672960316 chosen_beam=0.000000000 beam_entropy=0.000000000
DECISION branch_turn=69 cell=3,9 target_cluster=None
RESULT branch_turn=69 cell=3,9 result=MISS remaining_cells=19 target_cluster=None
BRANCH branch_turn=? n=19 remaining_cells=19 beam_states=0 heat_cell=6,17 beam_cell=6,17 chosen_cell=6,17 heat_rank_of_beam=1 beam_rank_of_heat=1 chosen_heat_rank=1 chosen_beam_rank=1 heat_best=0.724208468 heat_second=0.722634982 beam_best=0.000000000 beam_second=0.000000000 heat_cell_beam=0.000000000 beam_cell_heat=0.724208468 chosen_heat=0.724208468 chosen_beam=0.000000000 beam_entropy=0.000000000
DECISION branch_turn=70 cell=6,17 target_cluster=None
RESULT branch_turn=70 cell=6,17 result=MISS remaining_cells=19 target_cluster=None
BRANCH branch_turn=? n=19 remaining_cells=19 beam_states=0 heat_cell=0,10 beam_cell=0,10 chosen_cell=0,10 heat_rank_of_beam=1 beam_rank_of_heat=1 chosen_heat_rank=1 chosen_beam_rank=1 heat_best=0.791680612 heat_second=0.780006701 beam_best=0.000000000 beam_second=0.000000000 heat_cell_beam=0.000000000 beam_cell_heat=0.791680612 chosen_heat=0.791680612 chosen_beam=0.000000000 beam_entropy=0.000000000
DECISION branch_turn=71 cell=0,10 target_cluster=None
RESULT branch_turn=71 cell=0,10 result=MISS remaining_cells=19 target_cluster=None
BRANCH branch_turn=? n=19 remaining_cells=19 beam_states=0 heat_cell=17,10 beam_cell=17,10 chosen_cell=17,10 heat_rank_of_beam=1 beam_rank_of_heat=1 chosen_heat_rank=1 chosen_beam_rank=1 heat_best=0.823012755 heat_second=0.728789232 beam_best=0.000000000 beam_second=0.000000000 heat_cell_beam=0.000000000 beam_cell_heat=0.823012755 chosen_heat=0.823012755 chosen_beam=0.000000000 beam_entropy=0.000000000
DECISION branch_turn=72 cell=17,10 target_cluster=None
RESULT branch_turn=72 cell=17,10 result=MISS remaining_cells=19 target_cluster=None
BRANCH branch_turn=? n=19 remaining_cells=19 beam_states=0 heat_cell=15,2 beam_cell=15,2 chosen_cell=15,2 heat_rank_of_beam=1 beam_rank_of_heat=1 chosen_heat_rank=1 chosen_beam_rank=1 heat_best=0.761142259 heat_second=0.756095263 beam_best=0.000000000 beam_second=0.000000000 heat_cell_beam=0.000000000 beam_cell_heat=0.761142259 chosen_heat=0.761142259 chosen_beam=0.000000000 beam_entropy=0.000000000
DECISION branch_turn=73 cell=15,2 target_cluster=None
RESULT branch_turn=73 cell=15,2 result=MISS remaining_cells=19 target_cluster=None
BRANCH branch_turn=? n=19 remaining_cells=19 beam_states=0 heat_cell=4,9 beam_cell=4,9 chosen_cell=4,9 heat_rank_of_beam=1 beam_rank_of_heat=1 chosen_heat_rank=1 chosen_beam_rank=1 heat_best=0.803490762 heat_second=0.741339628 beam_best=0.000000000 beam_second=0.000000000 heat_cell_beam=0.000000000 beam_cell_heat=0.803490762 chosen_heat=0.803490762 chosen_beam=0.000000000 beam_entropy=0.000000000
DECISION branch_turn=74 cell=4,9 target_cluster=None
RESULT branch_turn=74 cell=4,9 result=MISS remaining_cells=19 target_cluster=None
BRANCH branch_turn=? n=19 remaining_cells=19 beam_states=0 heat_cell=18,3 beam_cell=18,3 chosen_cell=18,3 heat_rank_of_beam=1 beam_rank_of_heat=1 chosen_heat_rank=1 chosen_beam_rank=1 heat_best=0.805272689 heat_second=0.748241746 beam_best=0.000000000 beam_second=0.000000000 heat_cell_beam=0.000000000 beam_cell_heat=0.805272689 chosen_heat=0.805272689 chosen_beam=0.000000000 beam_entropy=0.000000000
DECISION branch_turn=75 cell=18,3 target_cluster=None
RESULT branch_turn=75 cell=18,3 result=MISS remaining_cells=19 target_cluster=None
BRANCH branch_turn=? n=19 remaining_cells=19 beam_states=0 heat_cell=2,4 beam_cell=2,4 chosen_cell=2,4 heat_rank_of_beam=1 beam_rank_of_heat=1 chosen_heat_rank=1 chosen_beam_rank=1 heat_best=0.813042074 heat_second=0.808248218 beam_best=0.000000000 beam_second=0.000000000 heat_cell_beam=0.000000000 beam_cell_heat=0.813042074 chosen_heat=0.813042074 chosen_beam=0.000000000 beam_entropy=0.000000000
DECISION branch_turn=76 cell=2,4 target_cluster=None
RESULT branch_turn=76 cell=2,4 result=MISS remaining_cells=19 target_cluster=None
BRANCH branch_turn=? n=19 remaining_cells=19 beam_states=0 heat_cell=16,0 beam_cell=16,0 chosen_cell=16,0 heat_rank_of_beam=1 beam_rank_of_heat=1 chosen_heat_rank=1 chosen_beam_rank=1 heat_best=0.884593348 heat_second=0.838121341 beam_best=0.000000000 beam_second=0.000000000 heat_cell_beam=0.000000000 beam_cell_heat=0.884593348 chosen_heat=0.884593348 chosen_beam=0.000000000 beam_entropy=0.000000000
DECISION branch_turn=77 cell=16,0 target_cluster=None
RESULT branch_turn=77 cell=16,0 result=MISS remaining_cells=19 target_cluster=None
BRANCH branch_turn=? n=19 remaining_cells=19 beam_states=0 heat_cell=4,3 beam_cell=4,3 chosen_cell=4,3 heat_rank_of_beam=1 beam_rank_of_heat=1 chosen_heat_rank=1 chosen_beam_rank=1 heat_best=0.837757052 heat_second=0.836096141 beam_best=0.000000000 beam_second=0.000000000 heat_cell_beam=0.000000000 beam_cell_heat=0.837757052 chosen_heat=0.837757052 chosen_beam=0.000000000 beam_entropy=0.000000000
DECISION branch_turn=78 cell=4,3 target_cluster=None
RESULT branch_turn=78 cell=4,3 result=MISS remaining_cells=19 target_cluster=None
BRANCH branch_turn=? n=19 remaining_cells=19 beam_states=0 heat_cell=8,9 beam_cell=8,9 chosen_cell=8,9 heat_rank_of_beam=1 beam_rank_of_heat=1 chosen_heat_rank=1 chosen_beam_rank=1 heat_best=0.911684053 heat_second=0.834055747 beam_best=0.000000000 beam_second=0.000000000 heat_cell_beam=0.000000000 beam_cell_heat=0.911684053 chosen_heat=0.911684053 chosen_beam=0.000000000 beam_entropy=0.000000000
DECISION branch_turn=79 cell=8,9 target_cluster=None
RESULT branch_turn=79 cell=8,9 result=MISS remaining_cells=19 target_cluster=None
BRANCH branch_turn=? n=19 remaining_cells=19 beam_states=42 heat_cell=9,16 beam_cell=9,16 chosen_cell=9,16 heat_rank_of_beam=1 beam_rank_of_heat=1 chosen_heat_rank=1 chosen_beam_rank=1 heat_best=1.076063717 heat_second=0.904889252 beam_best=1.649657207 beam_second=1.649657207 heat_cell_beam=1.649657207 beam_cell_heat=1.076063717 chosen_heat=1.076063717 chosen_beam=1.649657207 beam_entropy=3.108338531
DECISION branch_turn=80 cell=9,16 target_cluster=None
RESULT branch_turn=80 cell=9,16 result=HIT remaining_cells=19 target_cluster=None
DECISION branch_turn=81 cell=8,16 target_cluster=Some(0)
RESULT branch_turn=81 cell=8,16 result=MISS remaining_cells=18 target_cluster=Some(0)
DECISION branch_turn=82 cell=9,17 target_cluster=Some(0)
RESULT branch_turn=82 cell=9,17 result=KILL remaining_cells=18 target_cluster=Some(0)
BRANCH branch_turn=? n=19 remaining_cells=17 beam_states=0 heat_cell=1,5 beam_cell=1,5 chosen_cell=1,5 heat_rank_of_beam=1 beam_rank_of_heat=1 chosen_heat_rank=1 chosen_beam_rank=1 heat_best=1.211033471 heat_second=1.125362321 beam_best=0.000000000 beam_second=0.000000000 heat_cell_beam=0.000000000 beam_cell_heat=1.211033471 chosen_heat=1.211033471 chosen_beam=0.000000000 beam_entropy=0.000000000
DECISION branch_turn=83 cell=1,5 target_cluster=None
RESULT branch_turn=83 cell=1,5 result=HIT remaining_cells=17 target_cluster=None
DECISION branch_turn=84 cell=1,6 target_cluster=Some(0)
RESULT branch_turn=84 cell=1,6 result=HIT remaining_cells=16 target_cluster=Some(0)
DECISION branch_turn=85 cell=1,4 target_cluster=Some(0)
RESULT branch_turn=85 cell=1,4 result=HIT remaining_cells=15 target_cluster=Some(0)
DECISION branch_turn=86 cell=1,7 target_cluster=Some(0)
RESULT branch_turn=86 cell=1,7 result=HIT remaining_cells=14 target_cluster=Some(0)
DECISION branch_turn=87 cell=1,3 target_cluster=Some(0)
RESULT branch_turn=87 cell=1,3 result=HIT remaining_cells=13 target_cluster=Some(0)
DECISION branch_turn=88 cell=1,2 target_cluster=Some(0)
RESULT branch_turn=88 cell=1,2 result=HIT remaining_cells=12 target_cluster=Some(0)
DECISION branch_turn=89 cell=1,1 target_cluster=Some(0)
RESULT branch_turn=89 cell=1,1 result=MISS remaining_cells=11 target_cluster=Some(0)
DECISION branch_turn=90 cell=1,8 target_cluster=Some(0)
RESULT branch_turn=90 cell=1,8 result=KILL remaining_cells=11 target_cluster=Some(0)
BRANCH branch_turn=? n=19 remaining_cells=10 beam_states=180 heat_cell=16,11 beam_cell=16,11 chosen_cell=16,11 heat_rank_of_beam=1 beam_rank_of_heat=1 chosen_heat_rank=1 chosen_beam_rank=1 heat_best=3.123481034 heat_second=2.328517238 beam_best=3.110252005 beam_second=3.110252005 heat_cell_beam=3.110252005 beam_cell_heat=3.123481034 chosen_heat=3.123481034 chosen_beam=3.110252005 beam_entropy=2.716085104
DECISION branch_turn=91 cell=16,11 target_cluster=None
RESULT branch_turn=91 cell=16,11 result=MISS remaining_cells=10 target_cluster=None
BRANCH branch_turn=? n=19 remaining_cells=10 beam_states=180 heat_cell=14,15 beam_cell=14,15 chosen_cell=14,15 heat_rank_of_beam=1 beam_rank_of_heat=1 chosen_heat_rank=1 chosen_beam_rank=1 heat_best=3.124567803 heat_second=3.122268641 beam_best=3.114190519 beam_second=3.114190519 heat_cell_beam=3.114190519 beam_cell_heat=3.124567803 chosen_heat=3.124567803 chosen_beam=3.114190519 beam_entropy=2.719626544
DECISION branch_turn=92 cell=14,15 target_cluster=None
RESULT branch_turn=92 cell=14,15 result=MISS remaining_cells=10 target_cluster=None
BRANCH branch_turn=? n=19 remaining_cells=10 beam_states=180 heat_cell=17,17 beam_cell=17,17 chosen_cell=17,17 heat_rank_of_beam=1 beam_rank_of_heat=1 chosen_heat_rank=1 chosen_beam_rank=1 heat_best=6.125588167 heat_second=5.880991811 beam_best=6.118459069 beam_second=6.118459069 heat_cell_beam=6.118459069 beam_cell_heat=6.125588167 chosen_heat=6.125588167 chosen_beam=6.118459069 beam_entropy=2.719626544
DECISION branch_turn=93 cell=17,17 target_cluster=None
RESULT branch_turn=93 cell=17,17 result=MISS remaining_cells=10 target_cluster=None
BRANCH branch_turn=? n=19 remaining_cells=10 beam_states=0 heat_cell=10,11 beam_cell=10,11 chosen_cell=10,11 heat_rank_of_beam=1 beam_rank_of_heat=1 chosen_heat_rank=1 chosen_beam_rank=1 heat_best=0.140819759 heat_second=0.140815772 beam_best=0.000000000 beam_second=0.000000000 heat_cell_beam=0.000000000 beam_cell_heat=0.140819759 chosen_heat=0.140819759 chosen_beam=0.000000000 beam_entropy=0.000000000
DECISION branch_turn=94 cell=10,11 target_cluster=None
RESULT branch_turn=94 cell=10,11 result=MISS remaining_cells=10 target_cluster=None
BRANCH branch_turn=? n=19 remaining_cells=10 beam_states=0 heat_cell=11,12 beam_cell=11,12 chosen_cell=11,12 heat_rank_of_beam=1 beam_rank_of_heat=1 chosen_heat_rank=1 chosen_beam_rank=1 heat_best=0.146281736 heat_second=0.144882697 beam_best=0.000000000 beam_second=0.000000000 heat_cell_beam=0.000000000 beam_cell_heat=0.146281736 chosen_heat=0.146281736 chosen_beam=0.000000000 beam_entropy=0.000000000
DECISION branch_turn=95 cell=11,12 target_cluster=None
RESULT branch_turn=95 cell=11,12 result=HIT remaining_cells=10 target_cluster=None
DECISION branch_turn=96 cell=12,12 target_cluster=Some(0)
RESULT branch_turn=96 cell=12,12 result=MISS remaining_cells=9 target_cluster=Some(0)
DECISION branch_turn=97 cell=11,13 target_cluster=Some(0)
RESULT branch_turn=97 cell=11,13 result=MISS remaining_cells=9 target_cluster=Some(0)
DECISION branch_turn=98 cell=10,12 target_cluster=Some(0)
RESULT branch_turn=98 cell=10,12 result=KILL remaining_cells=9 target_cluster=Some(0)
BRANCH branch_turn=? n=19 remaining_cells=8 beam_states=0 heat_cell=9,9 beam_cell=9,9 chosen_cell=9,9 heat_rank_of_beam=1 beam_rank_of_heat=1 chosen_heat_rank=1 chosen_beam_rank=1 heat_best=0.053201880 heat_second=0.053100490 beam_best=0.000000000 beam_second=0.000000000 heat_cell_beam=0.000000000 beam_cell_heat=0.053201880 chosen_heat=0.053201880 chosen_beam=0.000000000 beam_entropy=0.000000000
DECISION branch_turn=99 cell=9,9 target_cluster=None
RESULT branch_turn=99 cell=9,9 result=MISS remaining_cells=8 target_cluster=None
BRANCH branch_turn=? n=19 remaining_cells=8 beam_states=0 heat_cell=9,10 beam_cell=9,10 chosen_cell=9,10 heat_rank_of_beam=1 beam_rank_of_heat=1 chosen_heat_rank=1 chosen_beam_rank=1 heat_best=0.052561882 heat_second=0.051564432 beam_best=0.000000000 beam_second=0.000000000 heat_cell_beam=0.000000000 beam_cell_heat=0.052561882 chosen_heat=0.052561882 chosen_beam=0.000000000 beam_entropy=0.000000000
DECISION branch_turn=100 cell=9,10 target_cluster=None
RESULT branch_turn=100 cell=9,10 result=HIT remaining_cells=8 target_cluster=None
DECISION branch_turn=101 cell=10,10 target_cluster=Some(0)
RESULT branch_turn=101 cell=10,10 result=KILL remaining_cells=7 target_cluster=Some(0)
BRANCH branch_turn=? n=19 remaining_cells=6 beam_states=0 heat_cell=11,9 beam_cell=11,9 chosen_cell=11,9 heat_rank_of_beam=1 beam_rank_of_heat=1 chosen_heat_rank=1 chosen_beam_rank=1 heat_best=0.036211632 heat_second=0.033943044 beam_best=0.000000000 beam_second=0.000000000 heat_cell_beam=0.000000000 beam_cell_heat=0.036211632 chosen_heat=0.036211632 chosen_beam=0.000000000 beam_entropy=0.000000000
DECISION branch_turn=102 cell=11,9 target_cluster=None
RESULT branch_turn=102 cell=11,9 result=MISS remaining_cells=6 target_cluster=None
BRANCH branch_turn=? n=19 remaining_cells=6 beam_states=0 heat_cell=9,11 beam_cell=9,11 chosen_cell=9,11 heat_rank_of_beam=1 beam_rank_of_heat=1 chosen_heat_rank=1 chosen_beam_rank=1 heat_best=0.036471373 heat_second=0.035678563 beam_best=0.000000000 beam_second=0.000000000 heat_cell_beam=0.000000000 beam_cell_heat=0.036471373 chosen_heat=0.036471373 chosen_beam=0.000000000 beam_entropy=0.000000000
DECISION branch_turn=103 cell=9,11 target_cluster=None
RESULT branch_turn=103 cell=9,11 result=MISS remaining_cells=6 target_cluster=None
BRANCH branch_turn=? n=19 remaining_cells=6 beam_states=0 heat_cell=12,10 beam_cell=12,10 chosen_cell=12,10 heat_rank_of_beam=1 beam_rank_of_heat=1 chosen_heat_rank=1 chosen_beam_rank=1 heat_best=0.034724426 heat_second=0.034672155 beam_best=0.000000000 beam_second=0.000000000 heat_cell_beam=0.000000000 beam_cell_heat=0.034724426 chosen_heat=0.034724426 chosen_beam=0.000000000 beam_entropy=0.000000000
DECISION branch_turn=104 cell=12,10 target_cluster=None
RESULT branch_turn=104 cell=12,10 result=MISS remaining_cells=6 target_cluster=None
BRANCH branch_turn=? n=19 remaining_cells=6 beam_states=0 heat_cell=13,9 beam_cell=13,9 chosen_cell=13,9 heat_rank_of_beam=1 beam_rank_of_heat=1 chosen_heat_rank=1 chosen_beam_rank=1 heat_best=0.035158943 heat_second=0.034580846 beam_best=0.000000000 beam_second=0.000000000 heat_cell_beam=0.000000000 beam_cell_heat=0.035158943 chosen_heat=0.035158943 chosen_beam=0.000000000 beam_entropy=0.000000000
DECISION branch_turn=105 cell=13,9 target_cluster=None
RESULT branch_turn=105 cell=13,9 result=HIT remaining_cells=6 target_cluster=None
DECISION branch_turn=106 cell=14,9 target_cluster=Some(0)
RESULT branch_turn=106 cell=14,9 result=MISS remaining_cells=5 target_cluster=Some(0)
DECISION branch_turn=107 cell=12,9 target_cluster=Some(0)
RESULT branch_turn=107 cell=12,9 result=MISS remaining_cells=5 target_cluster=Some(0)
DECISION branch_turn=108 cell=13,10 target_cluster=Some(0)
RESULT branch_turn=108 cell=13,10 result=HIT remaining_cells=5 target_cluster=Some(0)
DECISION branch_turn=109 cell=13,11 target_cluster=Some(0)
RESULT branch_turn=109 cell=13,11 result=HIT remaining_cells=4 target_cluster=Some(0)
DECISION branch_turn=110 cell=13,12 target_cluster=Some(0)
RESULT branch_turn=110 cell=13,12 result=HIT remaining_cells=3 target_cluster=Some(0)
DECISION branch_turn=111 cell=13,13 target_cluster=Some(0)
RESULT branch_turn=111 cell=13,13 result=KILL remaining_cells=2 target_cluster=Some(0)
BRANCH branch_turn=? n=19 remaining_cells=1 beam_states=51 heat_cell=15,9 beam_cell=15,9 chosen_cell=15,9 heat_rank_of_beam=1 beam_rank_of_heat=1 chosen_heat_rank=1 chosen_beam_rank=1 heat_best=0.036710815 heat_second=0.036138379 beam_best=0.019607843 beam_second=0.019607843 heat_cell_beam=0.019607843 beam_cell_heat=0.036710815 chosen_heat=0.036710815 chosen_beam=0.019607843 beam_entropy=3.931825633
DECISION branch_turn=112 cell=15,9 target_cluster=None
RESULT branch_turn=112 cell=15,9 result=MISS remaining_cells=1 target_cluster=None
BRANCH branch_turn=? n=19 remaining_cells=1 beam_states=50 heat_cell=11,11 beam_cell=11,11 chosen_cell=11,11 heat_rank_of_beam=1 beam_rank_of_heat=1 chosen_heat_rank=1 chosen_beam_rank=1 heat_best=0.036214627 heat_second=0.034693767 beam_best=0.020000000 beam_second=0.020000000 heat_cell_beam=0.020000000 beam_cell_heat=0.036214627 chosen_heat=0.036214627 chosen_beam=0.020000000 beam_entropy=3.912023005
DECISION branch_turn=113 cell=11,11 target_cluster=None
RESULT branch_turn=113 cell=11,11 result=MISS remaining_cells=1 target_cluster=None
BRANCH branch_turn=? n=19 remaining_cells=1 beam_states=49 heat_cell=14,10 beam_cell=14,10 chosen_cell=14,10 heat_rank_of_beam=1 beam_rank_of_heat=1 chosen_heat_rank=1 chosen_beam_rank=1 heat_best=0.037333860 heat_second=0.037139876 beam_best=0.020408163 beam_second=0.020408163 heat_cell_beam=0.020408163 beam_cell_heat=0.037333860 chosen_heat=0.037333860 chosen_beam=0.020408163 beam_entropy=3.891820298
DECISION branch_turn=114 cell=14,10 target_cluster=None
RESULT branch_turn=114 cell=14,10 result=MISS remaining_cells=1 target_cluster=None
BRANCH branch_turn=? n=19 remaining_cells=1 beam_states=48 heat_cell=9,14 beam_cell=9,14 chosen_cell=9,14 heat_rank_of_beam=1 beam_rank_of_heat=1 chosen_heat_rank=1 chosen_beam_rank=1 heat_best=0.038575093 heat_second=0.035910734 beam_best=0.020833333 beam_second=0.020833333 heat_cell_beam=0.020833333 beam_cell_heat=0.038575093 chosen_heat=0.038575093 chosen_beam=0.020833333 beam_entropy=3.871201011
DECISION branch_turn=115 cell=9,14 target_cluster=None
RESULT branch_turn=115 cell=9,14 result=MISS remaining_cells=1 target_cluster=None
BRANCH branch_turn=? n=19 remaining_cells=1 beam_states=47 heat_cell=9,15 beam_cell=9,15 chosen_cell=9,15 heat_rank_of_beam=1 beam_rank_of_heat=1 chosen_heat_rank=1 chosen_beam_rank=1 heat_best=0.037305322 heat_second=0.037213311 beam_best=0.021276596 beam_second=0.021276596 heat_cell_beam=0.021276596 beam_cell_heat=0.037305322 chosen_heat=0.037305322 chosen_beam=0.021276596 beam_entropy=3.850147602
DECISION branch_turn=116 cell=9,15 target_cluster=None
RESULT branch_turn=116 cell=9,15 result=MISS remaining_cells=1 target_cluster=None
BRANCH branch_turn=? n=19 remaining_cells=1 beam_states=46 heat_cell=10,14 beam_cell=10,14 chosen_cell=10,14 heat_rank_of_beam=1 beam_rank_of_heat=1 chosen_heat_rank=1 chosen_beam_rank=1 heat_best=0.037500936 heat_second=0.036104006 beam_best=0.021739130 beam_second=0.021739130 heat_cell_beam=0.021739130 beam_cell_heat=0.037500936 chosen_heat=0.037500936 chosen_beam=0.021739130 beam_entropy=3.828641396
DECISION branch_turn=117 cell=10,14 target_cluster=None
RESULT branch_turn=117 cell=10,14 result=MISS remaining_cells=1 target_cluster=None
BRANCH branch_turn=? n=19 remaining_cells=1 beam_states=45 heat_cell=11,15 beam_cell=11,15 chosen_cell=11,15 heat_rank_of_beam=1 beam_rank_of_heat=1 chosen_heat_rank=1 chosen_beam_rank=1 heat_best=0.037106103 heat_second=0.036995776 beam_best=0.022222222 beam_second=0.022222222 heat_cell_beam=0.022222222 beam_cell_heat=0.037106103 chosen_heat=0.037106103 chosen_beam=0.022222222 beam_entropy=3.806662490
DECISION branch_turn=118 cell=11,15 target_cluster=None
RESULT branch_turn=118 cell=11,15 result=MISS remaining_cells=1 target_cluster=None
BRANCH branch_turn=? n=19 remaining_cells=1 beam_states=44 heat_cell=15,11 beam_cell=15,11 chosen_cell=15,11 heat_rank_of_beam=1 beam_rank_of_heat=1 chosen_heat_rank=1 chosen_beam_rank=1 heat_best=0.037678781 heat_second=0.037667756 beam_best=0.022727273 beam_second=0.022727273 heat_cell_beam=0.022727273 beam_cell_heat=0.037678781 chosen_heat=0.037678781 chosen_beam=0.022727273 beam_entropy=3.784189634
DECISION branch_turn=119 cell=15,11 target_cluster=None
RESULT branch_turn=119 cell=15,11 result=MISS remaining_cells=1 target_cluster=None
BRANCH branch_turn=? n=19 remaining_cells=1 beam_states=43 heat_cell=12,13 beam_cell=12,13 chosen_cell=12,13 heat_rank_of_beam=1 beam_rank_of_heat=1 chosen_heat_rank=1 chosen_beam_rank=1 heat_best=0.038758990 heat_second=0.038240260 beam_best=0.023255814 beam_second=0.023255814 heat_cell_beam=0.023255814 beam_cell_heat=0.038758990 chosen_heat=0.038758990 chosen_beam=0.023255814 beam_entropy=3.761200116
DECISION branch_turn=120 cell=12,13 target_cluster=None
RESULT branch_turn=120 cell=12,13 result=MISS remaining_cells=1 target_cluster=None
BRANCH branch_turn=? n=19 remaining_cells=1 beam_states=42 heat_cell=14,12 beam_cell=14,12 chosen_cell=14,12 heat_rank_of_beam=1 beam_rank_of_heat=1 chosen_heat_rank=1 chosen_beam_rank=1 heat_best=0.038948283 heat_second=0.038705483 beam_best=0.023809524 beam_second=0.023809524 heat_cell_beam=0.023809524 beam_cell_heat=0.038948283 chosen_heat=0.038948283 chosen_beam=0.023809524 beam_entropy=3.737669618
DECISION branch_turn=121 cell=14,12 target_cluster=None
RESULT branch_turn=121 cell=14,12 result=MISS remaining_cells=1 target_cluster=None
BRANCH branch_turn=? n=19 remaining_cells=1 beam_states=41 heat_cell=11,14 beam_cell=11,14 chosen_cell=11,14 heat_rank_of_beam=1 beam_rank_of_heat=1 chosen_heat_rank=1 chosen_beam_rank=1 heat_best=0.040062769 heat_second=0.039233727 beam_best=0.024390244 beam_second=0.024390244 heat_cell_beam=0.024390244 beam_cell_heat=0.040062769 chosen_heat=0.040062769 chosen_beam=0.024390244 beam_entropy=3.713572067
DECISION branch_turn=122 cell=11,14 target_cluster=None
RESULT branch_turn=122 cell=11,14 result=MISS remaining_cells=1 target_cluster=None
BRANCH branch_turn=? n=19 remaining_cells=1 beam_states=40 heat_cell=15,13 beam_cell=15,13 chosen_cell=15,13 heat_rank_of_beam=1 beam_rank_of_heat=1 chosen_heat_rank=1 chosen_beam_rank=1 heat_best=0.038276605 heat_second=0.038196201 beam_best=0.025000000 beam_second=0.025000000 heat_cell_beam=0.025000000 beam_cell_heat=0.038276605 chosen_heat=0.038276605 chosen_beam=0.025000000 beam_entropy=3.688879454
DECISION branch_turn=123 cell=15,13 target_cluster=None
RESULT branch_turn=123 cell=15,13 result=MISS remaining_cells=1 target_cluster=None
BRANCH branch_turn=? n=19 remaining_cells=1 beam_states=39 heat_cell=15,10 beam_cell=15,10 chosen_cell=15,10 heat_rank_of_beam=1 beam_rank_of_heat=1 chosen_heat_rank=1 chosen_beam_rank=1 heat_best=0.040687965 heat_second=0.039983767 beam_best=0.025641026 beam_second=0.025641026 heat_cell_beam=0.025641026 beam_cell_heat=0.040687965 chosen_heat=0.040687965 chosen_beam=0.025641026 beam_entropy=3.663561646
DECISION branch_turn=124 cell=15,10 target_cluster=None
RESULT branch_turn=124 cell=15,10 result=MISS remaining_cells=1 target_cluster=None
BRANCH branch_turn=? n=19 remaining_cells=1 beam_states=38 heat_cell=14,11 beam_cell=14,11 chosen_cell=14,11 heat_rank_of_beam=1 beam_rank_of_heat=1 chosen_heat_rank=1 chosen_beam_rank=1 heat_best=0.042161155 heat_second=0.041062715 beam_best=0.026315789 beam_second=0.026315789 heat_cell_beam=0.026315789 beam_cell_heat=0.042161155 chosen_heat=0.042161155 chosen_beam=0.026315789 beam_entropy=3.637586160
DECISION branch_turn=125 cell=14,11 target_cluster=None
RESULT branch_turn=125 cell=14,11 result=MISS remaining_cells=1 target_cluster=None
BRANCH branch_turn=? n=19 remaining_cells=1 beam_states=37 heat_cell=17,9 beam_cell=17,9 chosen_cell=17,9 heat_rank_of_beam=1 beam_rank_of_heat=1 chosen_heat_rank=1 chosen_beam_rank=1 heat_best=0.042264370 heat_second=0.039811338 beam_best=0.027027027 beam_second=0.027027027 heat_cell_beam=0.027027027 beam_cell_heat=0.042264370 chosen_heat=0.042264370 chosen_beam=0.027027027 beam_entropy=3.610917913
DECISION branch_turn=126 cell=17,9 target_cluster=None
RESULT branch_turn=126 cell=17,9 result=MISS remaining_cells=1 target_cluster=None
BRANCH branch_turn=? n=19 remaining_cells=1 beam_states=36 heat_cell=10,16 beam_cell=10,16 chosen_cell=10,16 heat_rank_of_beam=1 beam_rank_of_heat=1 chosen_heat_rank=1 chosen_beam_rank=1 heat_best=0.041949920 heat_second=0.041642795 beam_best=0.027777778 beam_second=0.027777778 heat_cell_beam=0.027777778 beam_cell_heat=0.041949920 chosen_heat=0.041949920 chosen_beam=0.027777778 beam_entropy=3.583518938
DECISION branch_turn=127 cell=10,16 target_cluster=None
RESULT branch_turn=127 cell=10,16 result=MISS remaining_cells=1 target_cluster=None
BRANCH branch_turn=? n=19 remaining_cells=1 beam_states=35 heat_cell=16,10 beam_cell=16,10 chosen_cell=16,10 heat_rank_of_beam=1 beam_rank_of_heat=1 chosen_heat_rank=1 chosen_beam_rank=1 heat_best=0.042425425 heat_second=0.040848820 beam_best=0.028571429 beam_second=0.028571429 heat_cell_beam=0.028571429 beam_cell_heat=0.042425425 chosen_heat=0.042425425 chosen_beam=0.028571429 beam_entropy=3.555348061
DECISION branch_turn=128 cell=16,10 target_cluster=None
RESULT branch_turn=128 cell=16,10 result=MISS remaining_cells=1 target_cluster=None
BRANCH branch_turn=? n=19 remaining_cells=1 beam_states=34 heat_cell=12,15 beam_cell=12,15 chosen_cell=12,15 heat_rank_of_beam=1 beam_rank_of_heat=1 chosen_heat_rank=1 chosen_beam_rank=1 heat_best=0.043008949 heat_second=0.042315692 beam_best=0.029411765 beam_second=0.029411765 heat_cell_beam=0.029411765 beam_cell_heat=0.043008949 chosen_heat=0.043008949 chosen_beam=0.029411765 beam_entropy=3.526360525
DECISION branch_turn=129 cell=12,15 target_cluster=None
RESULT branch_turn=129 cell=12,15 result=MISS remaining_cells=1 target_cluster=None
BRANCH branch_turn=? n=19 remaining_cells=1 beam_states=33 heat_cell=11,17 beam_cell=11,17 chosen_cell=11,17 heat_rank_of_beam=1 beam_rank_of_heat=1 chosen_heat_rank=1 chosen_beam_rank=1 heat_best=0.043542800 heat_second=0.042936776 beam_best=0.030303030 beam_second=0.030303030 heat_cell_beam=0.030303030 beam_cell_heat=0.043542800 chosen_heat=0.043542800 chosen_beam=0.030303030 beam_entropy=3.496507561
DECISION branch_turn=130 cell=11,17 target_cluster=None
RESULT branch_turn=130 cell=11,17 result=MISS remaining_cells=1 target_cluster=None
BRANCH branch_turn=? n=19 remaining_cells=1 beam_states=32 heat_cell=17,11 beam_cell=17,11 chosen_cell=17,11 heat_rank_of_beam=1 beam_rank_of_heat=1 chosen_heat_rank=1 chosen_beam_rank=1 heat_best=0.044087666 heat_second=0.043322111 beam_best=0.031250000 beam_second=0.031250000 heat_cell_beam=0.031250000 beam_cell_heat=0.044087666 chosen_heat=0.044087666 chosen_beam=0.031250000 beam_entropy=3.465735903
DECISION branch_turn=131 cell=17,11 target_cluster=None
RESULT branch_turn=131 cell=17,11 result=MISS remaining_cells=1 target_cluster=None
BRANCH branch_turn=? n=19 remaining_cells=1 beam_states=31 heat_cell=10,17 beam_cell=10,17 chosen_cell=10,17 heat_rank_of_beam=1 beam_rank_of_heat=1 chosen_heat_rank=1 chosen_beam_rank=1 heat_best=0.045906778 heat_second=0.044932030 beam_best=0.032258065 beam_second=0.032258065 heat_cell_beam=0.032258065 beam_cell_heat=0.045906778 chosen_heat=0.045906778 chosen_beam=0.032258065 beam_entropy=3.433987204
DECISION branch_turn=132 cell=10,17 target_cluster=None
RESULT branch_turn=132 cell=10,17 result=MISS remaining_cells=1 target_cluster=None
BRANCH branch_turn=? n=19 remaining_cells=1 beam_states=30 heat_cell=12,16 beam_cell=12,16 chosen_cell=12,16 heat_rank_of_beam=1 beam_rank_of_heat=1 chosen_heat_rank=1 chosen_beam_rank=1 heat_best=0.046602932 heat_second=0.046047181 beam_best=0.033333333 beam_second=0.033333333 heat_cell_beam=0.033333333 beam_cell_heat=0.046602932 chosen_heat=0.046602932 chosen_beam=0.033333333 beam_entropy=3.401197382
DECISION branch_turn=133 cell=12,16 target_cluster=None
RESULT branch_turn=133 cell=12,16 result=MISS remaining_cells=1 target_cluster=None
BRANCH branch_turn=? n=19 remaining_cells=1 beam_states=29 heat_cell=16,12 beam_cell=16,12 chosen_cell=16,12 heat_rank_of_beam=1 beam_rank_of_heat=1 chosen_heat_rank=1 chosen_beam_rank=1 heat_best=0.047348700 heat_second=0.046801276 beam_best=0.034482759 beam_second=0.034482759 heat_cell_beam=0.034482759 beam_cell_heat=0.047348700 chosen_heat=0.047348700 chosen_beam=0.034482759 beam_entropy=3.367295830
DECISION branch_turn=134 cell=16,12 target_cluster=None
RESULT branch_turn=134 cell=16,12 result=MISS remaining_cells=1 target_cluster=None
BRANCH branch_turn=? n=19 remaining_cells=1 beam_states=28 heat_cell=18,10 beam_cell=18,10 chosen_cell=18,10 heat_rank_of_beam=1 beam_rank_of_heat=1 chosen_heat_rank=1 chosen_beam_rank=1 heat_best=0.048255700 heat_second=0.047175664 beam_best=0.035714286 beam_second=0.035714286 heat_cell_beam=0.035714286 beam_cell_heat=0.048255700 chosen_heat=0.048255700 chosen_beam=0.035714286 beam_entropy=3.332204510
DECISION branch_turn=135 cell=18,10 target_cluster=None
RESULT branch_turn=135 cell=18,10 result=MISS remaining_cells=1 target_cluster=None
BRANCH branch_turn=? n=19 remaining_cells=1 beam_states=27 heat_cell=13,15 beam_cell=13,15 chosen_cell=13,15 heat_rank_of_beam=1 beam_rank_of_heat=1 chosen_heat_rank=1 chosen_beam_rank=1 heat_best=0.050009002 heat_second=0.049757725 beam_best=0.037037037 beam_second=0.037037037 heat_cell_beam=0.037037037 beam_cell_heat=0.050009002 chosen_heat=0.050009002 chosen_beam=0.037037037 beam_entropy=3.295836866
DECISION branch_turn=136 cell=13,15 target_cluster=None
RESULT branch_turn=136 cell=13,15 result=MISS remaining_cells=1 target_cluster=None
BRANCH branch_turn=? n=19 remaining_cells=1 beam_states=26 heat_cell=18,11 beam_cell=18,11 chosen_cell=18,11 heat_rank_of_beam=1 beam_rank_of_heat=1 chosen_heat_rank=1 chosen_beam_rank=1 heat_best=0.049962351 heat_second=0.049761948 beam_best=0.038461538 beam_second=0.038461538 heat_cell_beam=0.038461538 beam_cell_heat=0.049962351 chosen_heat=0.049962351 chosen_beam=0.038461538 beam_entropy=3.258096538
DECISION branch_turn=137 cell=18,11 target_cluster=None
RESULT branch_turn=137 cell=18,11 result=MISS remaining_cells=1 target_cluster=None
BRANCH branch_turn=? n=19 remaining_cells=1 beam_states=25 heat_cell=14,14 beam_cell=14,14 chosen_cell=14,14 heat_rank_of_beam=1 beam_rank_of_heat=1 chosen_heat_rank=1 chosen_beam_rank=1 heat_best=0.052276119 heat_second=0.052228839 beam_best=0.040000000 beam_second=0.040000000 heat_cell_beam=0.040000000 beam_cell_heat=0.052276119 chosen_heat=0.052276119 chosen_beam=0.040000000 beam_entropy=3.218875825
DECISION branch_turn=138 cell=14,14 target_cluster=None
RESULT branch_turn=138 cell=14,14 result=MISS remaining_cells=1 target_cluster=None
BRANCH branch_turn=? n=19 remaining_cells=1 beam_states=24 heat_cell=13,16 beam_cell=13,16 chosen_cell=13,16 heat_rank_of_beam=1 beam_rank_of_heat=1 chosen_heat_rank=1 chosen_beam_rank=1 heat_best=0.052697106 heat_second=0.052572364 beam_best=0.041666667 beam_second=0.041666667 heat_cell_beam=0.041666667 beam_cell_heat=0.052697106 chosen_heat=0.052697106 chosen_beam=0.041666667 beam_entropy=3.178053830
DECISION branch_turn=139 cell=13,16 target_cluster=None
RESULT branch_turn=139 cell=13,16 result=MISS remaining_cells=1 target_cluster=None
BRANCH branch_turn=? n=19 remaining_cells=1 beam_states=23 heat_cell=16,13 beam_cell=16,13 chosen_cell=16,13 heat_rank_of_beam=1 beam_rank_of_heat=1 chosen_heat_rank=1 chosen_beam_rank=1 heat_best=0.055031610 heat_second=0.053890270 beam_best=0.043478261 beam_second=0.043478261 heat_cell_beam=0.043478261 beam_cell_heat=0.055031610 chosen_heat=0.055031610 chosen_beam=0.043478261 beam_entropy=3.135494216
DECISION branch_turn=140 cell=16,13 target_cluster=None
RESULT branch_turn=140 cell=16,13 result=MISS remaining_cells=1 target_cluster=None
BRANCH branch_turn=? n=19 remaining_cells=1 beam_states=22 heat_cell=17,12 beam_cell=17,12 chosen_cell=17,12 heat_rank_of_beam=1 beam_rank_of_heat=1 chosen_heat_rank=1 chosen_beam_rank=1 heat_best=0.057161974 heat_second=0.056371753 beam_best=0.045454545 beam_second=0.045454545 heat_cell_beam=0.045454545 beam_cell_heat=0.057161974 chosen_heat=0.057161974 chosen_beam=0.045454545 beam_entropy=3.091042453
DECISION branch_turn=141 cell=17,12 target_cluster=None
RESULT branch_turn=141 cell=17,12 result=MISS remaining_cells=1 target_cluster=None
BRANCH branch_turn=? n=19 remaining_cells=1 beam_states=21 heat_cell=16,14 beam_cell=16,14 chosen_cell=16,14 heat_rank_of_beam=1 beam_rank_of_heat=1 chosen_heat_rank=1 chosen_beam_rank=1 heat_best=0.058220871 heat_second=0.057246616 beam_best=0.047619048 beam_second=0.047619048 heat_cell_beam=0.047619048 beam_cell_heat=0.058220871 chosen_heat=0.058220871 chosen_beam=0.047619048 beam_entropy=3.044522438
DECISION branch_turn=142 cell=16,14 target_cluster=None
RESULT branch_turn=142 cell=16,14 result=MISS remaining_cells=1 target_cluster=None
BRANCH branch_turn=? n=19 remaining_cells=1 beam_states=20 heat_cell=15,14 beam_cell=15,14 chosen_cell=15,14 heat_rank_of_beam=1 beam_rank_of_heat=1 chosen_heat_rank=1 chosen_beam_rank=1 heat_best=0.061041023 heat_second=0.059813679 beam_best=0.050000000 beam_second=0.050000000 heat_cell_beam=0.050000000 beam_cell_heat=0.061041023 chosen_heat=0.061041023 chosen_beam=0.050000000 beam_entropy=2.995732274
DECISION branch_turn=143 cell=15,14 target_cluster=None
RESULT branch_turn=143 cell=15,14 result=MISS remaining_cells=1 target_cluster=None
BRANCH branch_turn=? n=19 remaining_cells=1 beam_states=19 heat_cell=13,17 beam_cell=13,17 chosen_cell=13,17 heat_rank_of_beam=1 beam_rank_of_heat=1 chosen_heat_rank=1 chosen_beam_rank=1 heat_best=0.063765947 heat_second=0.062800903 beam_best=0.052631579 beam_second=0.052631579 heat_cell_beam=0.052631579 beam_cell_heat=0.063765947 chosen_heat=0.063765947 chosen_beam=0.052631579 beam_entropy=2.944438979
DECISION branch_turn=144 cell=13,17 target_cluster=None
RESULT branch_turn=144 cell=13,17 result=MISS remaining_cells=1 target_cluster=None
BRANCH branch_turn=? n=19 remaining_cells=1 beam_states=18 heat_cell=14,16 beam_cell=14,16 chosen_cell=14,16 heat_rank_of_beam=1 beam_rank_of_heat=1 chosen_heat_rank=1 chosen_beam_rank=1 heat_best=0.066685751 heat_second=0.066566479 beam_best=0.055555556 beam_second=0.055555556 heat_cell_beam=0.055555556 beam_cell_heat=0.066685751 chosen_heat=0.066685751 chosen_beam=0.055555556 beam_entropy=2.890371758
DECISION branch_turn=145 cell=14,16 target_cluster=None
RESULT branch_turn=145 cell=14,16 result=MISS remaining_cells=1 target_cluster=None
BRANCH branch_turn=? n=19 remaining_cells=1 beam_states=17 heat_cell=15,15 beam_cell=15,15 chosen_cell=15,15 heat_rank_of_beam=1 beam_rank_of_heat=1 chosen_heat_rank=1 chosen_beam_rank=1 heat_best=0.069481946 heat_second=0.067902604 beam_best=0.058823529 beam_second=0.058823529 heat_cell_beam=0.058823529 beam_cell_heat=0.069481946 chosen_heat=0.069481946 chosen_beam=0.058823529 beam_entropy=2.833213344
DECISION branch_turn=146 cell=15,15 target_cluster=None
RESULT branch_turn=146 cell=15,15 result=MISS remaining_cells=1 target_cluster=None
BRANCH branch_turn=? n=19 remaining_cells=1 beam_states=16 heat_cell=17,13 beam_cell=17,13 chosen_cell=17,13 heat_rank_of_beam=1 beam_rank_of_heat=1 chosen_heat_rank=1 chosen_beam_rank=1 heat_best=0.072769216 heat_second=0.072313986 beam_best=0.062500000 beam_second=0.062500000 heat_cell_beam=0.062500000 beam_cell_heat=0.072769216 chosen_heat=0.072769216 chosen_beam=0.062500000 beam_entropy=2.772588722
DECISION branch_turn=147 cell=17,13 target_cluster=None
RESULT branch_turn=147 cell=17,13 result=MISS remaining_cells=1 target_cluster=None
BRANCH branch_turn=? n=19 remaining_cells=1 beam_states=15 heat_cell=18,12 beam_cell=18,12 chosen_cell=18,12 heat_rank_of_beam=1 beam_rank_of_heat=1 chosen_heat_rank=1 chosen_beam_rank=1 heat_best=0.077430149 heat_second=0.076913516 beam_best=0.066666667 beam_second=0.066666667 heat_cell_beam=0.066666667 beam_cell_heat=0.077430149 chosen_heat=0.077430149 chosen_beam=0.066666667 beam_entropy=2.708050201
DECISION branch_turn=148 cell=18,12 target_cluster=None
RESULT branch_turn=148 cell=18,12 result=MISS remaining_cells=1 target_cluster=None
BRANCH branch_turn=? n=19 remaining_cells=1 beam_states=14 heat_cell=16,15 beam_cell=16,15 chosen_cell=16,15 heat_rank_of_beam=1 beam_rank_of_heat=1 chosen_heat_rank=1 chosen_beam_rank=1 heat_best=0.080779295 heat_second=0.080317150 beam_best=0.071428571 beam_second=0.071428571 heat_cell_beam=0.071428571 beam_cell_heat=0.080779295 chosen_heat=0.080779295 chosen_beam=0.071428571 beam_entropy=2.639057330
DECISION branch_turn=149 cell=16,15 target_cluster=None
RESULT branch_turn=149 cell=16,15 result=MISS remaining_cells=1 target_cluster=None
BRANCH branch_turn=? n=19 remaining_cells=1 beam_states=13 heat_cell=18,13 beam_cell=18,13 chosen_cell=18,13 heat_rank_of_beam=1 beam_rank_of_heat=1 chosen_heat_rank=1 chosen_beam_rank=1 heat_best=0.086035445 heat_second=0.084555553 beam_best=0.076923077 beam_second=0.076923077 heat_cell_beam=0.076923077 beam_cell_heat=0.086035445 chosen_heat=0.086035445 chosen_beam=0.076923077 beam_entropy=2.564949357
DECISION branch_turn=150 cell=18,13 target_cluster=None
RESULT branch_turn=150 cell=18,13 result=MISS remaining_cells=1 target_cluster=None
BRANCH branch_turn=? n=19 remaining_cells=1 beam_states=12 heat_cell=15,16 beam_cell=15,16 chosen_cell=15,16 heat_rank_of_beam=1 beam_rank_of_heat=1 chosen_heat_rank=1 chosen_beam_rank=1 heat_best=0.091868519 heat_second=0.091753154 beam_best=0.083333333 beam_second=0.083333333 heat_cell_beam=0.083333333 beam_cell_heat=0.091868519 chosen_heat=0.091868519 chosen_beam=0.083333333 beam_entropy=2.484906650
DECISION branch_turn=151 cell=15,16 target_cluster=None
RESULT branch_turn=151 cell=15,16 result=MISS remaining_cells=1 target_cluster=None
BRANCH branch_turn=? n=19 remaining_cells=1 beam_states=11 heat_cell=17,14 beam_cell=17,14 chosen_cell=17,14 heat_rank_of_beam=1 beam_rank_of_heat=1 chosen_heat_rank=1 chosen_beam_rank=1 heat_best=0.100981252 heat_second=0.099181223 beam_best=0.090909091 beam_second=0.090909091 heat_cell_beam=0.090909091 beam_cell_heat=0.100981252 chosen_heat=0.100981252 chosen_beam=0.090909091 beam_entropy=2.397895273
DECISION branch_turn=152 cell=17,14 target_cluster=None
RESULT branch_turn=152 cell=17,14 result=KILL remaining_cells=1 target_cluster=None
