GAME n=18 p=0.468788889 remaining=[0, 1, 0, 1, 1, 1, 1, 1, 0, 3]
BRANCH branch_turn=? n=18 remaining_cells=53 beam_states=0 heat_cell=9,9 beam_cell=9,9 chosen_cell=9,9 heat_rank_of_beam=1 beam_rank_of_heat=1 chosen_heat_rank=1 chosen_beam_rank=1 heat_best=2.234593911 heat_second=2.194170812 beam_best=0.000000000 beam_second=0.000000000 heat_cell_beam=0.000000000 beam_cell_heat=2.234593911 chosen_heat=2.234593911 chosen_beam=0.000000000 beam_entropy=0.000000000
DECISION branch_turn=1 cell=9,9 target_cluster=None
RESULT branch_turn=1 cell=9,9 result=HIT remaining_cells=53 target_cluster=None
DECISION branch_turn=2 cell=8,9 target_cluster=Some(0)
RESULT branch_turn=2 cell=8,9 result=MISS remaining_cells=52 target_cluster=Some(0)
DECISION branch_turn=3 cell=9,8 target_cluster=Some(0)
RESULT branch_turn=3 cell=9,8 result=MISS remaining_cells=52 target_cluster=Some(0)
DECISION branch_turn=4 cell=10,9 target_cluster=Some(0)
RESULT branch_turn=4 cell=10,9 result=HIT remaining_cells=52 target_cluster=Some(0)
DECISION branch_turn=5 cell=11,9 target_cluster=Some(0)
RESULT branch_turn=5 cell=11,9 result=HIT remaining_cells=51 target_cluster=Some(0)
DECISION branch_turn=6 cell=12,9 target_cluster=Some(0)
RESULT branch_turn=6 cell=12,9 result=HIT remaining_cells=50 target_cluster=Some(0)
DECISION branch_turn=7 cell=13,9 target_cluster=Some(0)
RESULT branch_turn=7 cell=13,9 result=HIT remaining_cells=49 target_cluster=Some(0)
DECISION branch_turn=8 cell=14,9 target_cluster=Some(0)
RESULT branch_turn=8 cell=14,9 result=HIT remaining_cells=48 target_cluster=Some(0)
DECISION branch_turn=9 cell=15,9 target_cluster=Some(0)
RESULT branch_turn=9 cell=15,9 result=HIT remaining_cells=47 target_cluster=Some(0)
DECISION branch_turn=10 cell=16,9 target_cluster=Some(0)
RESULT branch_turn=10 cell=16,9 result=HIT remaining_cells=46 target_cluster=Some(0)
DECISION branch_turn=11 cell=17,9 target_cluster=Some(0)
RESULT branch_turn=11 cell=17,9 result=KILL remaining_cells=45 target_cluster=Some(0)
BRANCH branch_turn=? n=18 remaining_cells=44 beam_states=117 heat_cell=10,6 beam_cell=10,6 chosen_cell=10,6 heat_rank_of_beam=1 beam_rank_of_heat=1 chosen_heat_rank=1 chosen_beam_rank=1 heat_best=1.587234653 heat_second=1.551089887 beam_best=1.756048075 beam_second=1.756048075 heat_cell_beam=1.756048075 beam_cell_heat=1.587234653 chosen_heat=1.587234653 chosen_beam=1.756048075 beam_entropy=3.953501423
DECISION branch_turn=12 cell=10,6 target_cluster=None
RESULT branch_turn=12 cell=10,6 result=MISS remaining_cells=44 target_cluster=None
BRANCH branch_turn=? n=18 remaining_cells=44 beam_states=53 heat_cell=9,5 beam_cell=11,7 chosen_cell=9,5 heat_rank_of_beam=2 beam_rank_of_heat=35 chosen_heat_rank=1 chosen_beam_rank=35 heat_best=1.581609456 heat_second=1.546723663 beam_best=1.820872314 beam_second=1.820872314 heat_cell_beam=1.752160151 beam_cell_heat=1.546723663 chosen_heat=1.581609456 chosen_beam=1.752160151 beam_entropy=3.933358440
DECISION branch_turn=13 cell=9,5 target_cluster=None
RESULT branch_turn=13 cell=9,5 result=MISS remaining_cells=44 target_cluster=None
BRANCH branch_turn=? n=18 remaining_cells=44 beam_states=28 heat_cell=11,7 beam_cell=11,7 chosen_cell=11,7 heat_rank_of_beam=1 beam_rank_of_heat=1 chosen_heat_rank=1 chosen_beam_rank=1 heat_best=1.609819102 heat_second=1.543015439 beam_best=1.888200675 beam_second=1.888200675 heat_cell_beam=1.888200675 beam_cell_heat=1.609819102 chosen_heat=1.609819102 chosen_beam=1.888200675 beam_entropy=3.933004316
DECISION branch_turn=14 cell=11,7 target_cluster=None
RESULT branch_turn=14 cell=11,7 result=MISS remaining_cells=44 target_cluster=None
BRANCH branch_turn=? n=18 remaining_cells=44 beam_states=0 heat_cell=12,4 beam_cell=12,4 chosen_cell=12,4 heat_rank_of_beam=1 beam_rank_of_heat=1 chosen_heat_rank=1 chosen_beam_rank=1 heat_best=1.566870171 heat_second=1.549772776 beam_best=0.000000000 beam_second=0.000000000 heat_cell_beam=0.000000000 beam_cell_heat=1.566870171 chosen_heat=1.566870171 chosen_beam=0.000000000 beam_entropy=0.000000000
DECISION branch_turn=15 cell=12,4 target_cluster=None
RESULT branch_turn=15 cell=12,4 result=MISS remaining_cells=44 target_cluster=None
BRANCH branch_turn=? n=18 remaining_cells=44 beam_states=0 heat_cell=11,3 beam_cell=11,3 chosen_cell=11,3 heat_rank_of_beam=1 beam_rank_of_heat=1 chosen_heat_rank=1 chosen_beam_rank=1 heat_best=1.477742248 heat_second=1.475214788 beam_best=0.000000000 beam_second=0.000000000 heat_cell_beam=0.000000000 beam_cell_heat=1.477742248 chosen_heat=1.477742248 chosen_beam=0.000000000 beam_entropy=0.000000000
DECISION branch_turn=16 cell=11,3 target_cluster=None
RESULT branch_turn=16 cell=11,3 result=MISS remaining_cells=44 target_cluster=None
BRANCH branch_turn=? n=18 remaining_cells=44 beam_states=0 heat_cell=9,13 beam_cell=9,13 chosen_cell=9,13 heat_rank_of_beam=1 beam_rank_of_heat=1 chosen_heat_rank=1 chosen_beam_rank=1 heat_best=1.505210044 heat_second=1.504697286 beam_best=0.000000000 beam_second=0.000000000 heat_cell_beam=0.000000000 beam_cell_heat=1.505210044 chosen_heat=1.505210044 chosen_beam=0.000000000 beam_entropy=0.000000000
DECISION branch_turn=17 cell=9,13 target_cluster=None
RESULT branch_turn=17 cell=9,13 result=MISS remaining_cells=44 target_cluster=None
BRANCH branch_turn=? n=18 remaining_cells=44 beam_states=0 heat_cell=10,2 beam_cell=10,2 chosen_cell=10,2 heat_rank_of_beam=1 beam_rank_of_heat=1 chosen_heat_rank=1 chosen_beam_rank=1 heat_best=1.555018166 heat_second=1.549672150 beam_best=0.000000000 beam_second=0.000000000 heat_cell_beam=0.000000000 beam_cell_heat=1.555018166 chosen_heat=1.555018166 chosen_beam=0.000000000 beam_entropy=0.000000000
DECISION branch_turn=18 cell=10,2 target_cluster=None
RESULT branch_turn=18 cell=10,2 result=HIT remaining_cells=44 target_cluster=None
DECISION branch_turn=19 cell=9,2 target_cluster=Some(0)
RESULT branch_turn=19 cell=9,2 result=HIT remaining_cells=43 target_cluster=Some(0)
DECISION branch_turn=20 cell=8,2 target_cluster=Some(0)
RESULT branch_turn=20 cell=8,2 result=HIT remaining_cells=42 target_cluster=Some(0)
DECISION branch_turn=21 cell=7,2 target_cluster=Some(0)
RESULT branch_turn=21 cell=7,2 result=MISS remaining_cells=41 target_cluster=Some(0)
DECISION branch_turn=22 cell=11,2 target_cluster=Some(0)
RESULT branch_turn=22 cell=11,2 result=HIT remaining_cells=41 target_cluster=Some(0)
DECISION branch_turn=23 cell=12,2 target_cluster=Some(0)
RESULT branch_turn=23 cell=12,2 result=HIT remaining_cells=40 target_cluster=Some(0)
DECISION branch_turn=24 cell=13,2 target_cluster=Some(0)
RESULT branch_turn=24 cell=13,2 result=HIT remaining_cells=39 target_cluster=Some(0)
DECISION branch_turn=25 cell=14,2 target_cluster=Some(0)
RESULT branch_turn=25 cell=14,2 result=HIT remaining_cells=38 target_cluster=Some(0)
DECISION branch_turn=26 cell=15,2 target_cluster=Some(0)
RESULT branch_turn=26 cell=15,2 result=HIT remaining_cells=37 target_cluster=Some(0)
DECISION branch_turn=27 cell=16,2 target_cluster=Some(0)
RESULT branch_turn=27 cell=16,2 result=KILL remaining_cells=36 target_cluster=Some(0)
BRANCH branch_turn=? n=18 remaining_cells=35 beam_states=94 heat_cell=7,11 beam_cell=7,11 chosen_cell=7,11 heat_rank_of_beam=1 beam_rank_of_heat=1 chosen_heat_rank=1 chosen_beam_rank=1 heat_best=1.410836957 heat_second=1.408486960 beam_best=1.633842585 beam_second=1.633842585 heat_cell_beam=1.633842585 beam_cell_heat=1.410836957 chosen_heat=1.410836957 chosen_beam=1.633842585 beam_entropy=3.744803503
DECISION branch_turn=28 cell=7,11 target_cluster=None
RESULT branch_turn=28 cell=7,11 result=HIT remaining_cells=35 target_cluster=None
DECISION branch_turn=29 cell=8,11 target_cluster=Some(0)
RESULT branch_turn=29 cell=8,11 result=MISS remaining_cells=34 target_cluster=Some(0)
DECISION branch_turn=30 cell=7,10 target_cluster=Some(0)
RESULT branch_turn=30 cell=7,10 result=MISS remaining_cells=34 target_cluster=Some(0)
DECISION branch_turn=31 cell=7,12 target_cluster=Some(0)
RESULT branch_turn=31 cell=7,12 result=MISS remaining_cells=34 target_cluster=Some(0)
DECISION branch_turn=32 cell=6,11 target_cluster=Some(0)
RESULT branch_turn=32 cell=6,11 result=HIT remaining_cells=34 target_cluster=Some(0)
DECISION branch_turn=33 cell=5,11 target_cluster=Some(0)
RESULT branch_turn=33 cell=5,11 result=KILL remaining_cells=33 target_cluster=Some(0)
BRANCH branch_turn=? n=18 remaining_cells=32 beam_states=32 heat_cell=10,14 beam_cell=13,10 chosen_cell=13,10 heat_rank_of_beam=5 beam_rank_of_heat=58 chosen_heat_rank=5 chosen_beam_rank=1 heat_best=1.018397040 heat_second=0.990928460 beam_best=1.437540903 beam_second=1.437540903 heat_cell_beam=0.000000000 beam_cell_heat=0.973179647 chosen_heat=0.973179647 chosen_beam=1.437540903 beam_entropy=3.820293525
FORCE branch_turn=34 from=13,10 to=10,14
DECISION branch_turn=34 cell=10,14 target_cluster=None
RESULT branch_turn=34 cell=10,14 result=MISS remaining_cells=32 target_cluster=None
BRANCH branch_turn=? n=18 remaining_cells=32 beam_states=20 heat_cell=12,12 beam_cell=4,7 chosen_cell=4,7 heat_rank_of_beam=2 beam_rank_of_heat=19 chosen_heat_rank=2 chosen_beam_rank=1 heat_best=1.132365142 heat_second=1.124627629 beam_best=1.557155803 beam_second=1.557155803 heat_cell_beam=1.323582432 beam_cell_heat=1.124627629 chosen_heat=1.124627629 chosen_beam=1.557155803 beam_entropy=3.782411250
DECISION branch_turn=35 cell=4,7 target_cluster=None
RESULT branch_turn=35 cell=4,7 result=MISS remaining_cells=32 target_cluster=None
BRANCH branch_turn=? n=18 remaining_cells=32 beam_states=0 heat_cell=11,15 beam_cell=11,15 chosen_cell=11,15 heat_rank_of_beam=1 beam_rank_of_heat=1 chosen_heat_rank=1 chosen_beam_rank=1 heat_best=1.553805222 heat_second=1.473570003 beam_best=0.000000000 beam_second=0.000000000 heat_cell_beam=0.000000000 beam_cell_heat=1.553805222 chosen_heat=1.553805222 chosen_beam=0.000000000 beam_entropy=0.000000000
DECISION branch_turn=36 cell=11,15 target_cluster=None
RESULT branch_turn=36 cell=11,15 result=HIT remaining_cells=32 target_cluster=None
DECISION branch_turn=37 cell=10,15 target_cluster=Some(0)
RESULT branch_turn=37 cell=10,15 result=HIT remaining_cells=31 target_cluster=Some(0)
DECISION branch_turn=38 cell=9,15 target_cluster=Some(0)
RESULT branch_turn=38 cell=9,15 result=HIT remaining_cells=30 target_cluster=Some(0)
DECISION branch_turn=39 cell=8,15 target_cluster=Some(0)
RESULT branch_turn=39 cell=8,15 result=HIT remaining_cells=29 target_cluster=Some(0)
DECISION branch_turn=40 cell=12,15 target_cluster=Some(0)
RESULT branch_turn=40 cell=12,15 result=MISS remaining_cells=28 target_cluster=Some(0)
DECISION branch_turn=41 cell=7,15 target_cluster=Some(0)
RESULT branch_turn=41 cell=7,15 result=KILL remaining_cells=28 target_cluster=Some(0)
BRANCH branch_turn=? n=18 remaining_cells=27 beam_states=0 heat_cell=9,1 beam_cell=9,1 chosen_cell=9,1 heat_rank_of_beam=1 beam_rank_of_heat=1 chosen_heat_rank=1 chosen_beam_rank=1 heat_best=1.481751936 heat_second=1.479334154 beam_best=0.000000000 beam_second=0.000000000 heat_cell_beam=0.000000000 beam_cell_heat=1.481751936 chosen_heat=1.481751936 chosen_beam=0.000000000 beam_entropy=0.000000000
DECISION branch_turn=42 cell=9,1 target_cluster=None
RESULT branch_turn=42 cell=9,1 result=MISS remaining_cells=27 target_cluster=None
BRANCH branch_turn=? n=18 remaining_cells=27 beam_states=0 heat_cell=9,0 beam_cell=9,0 chosen_cell=9,0 heat_rank_of_beam=1 beam_rank_of_heat=1 chosen_heat_rank=1 chosen_beam_rank=1 heat_best=1.602714353 heat_second=1.544344400 beam_best=0.000000000 beam_second=0.000000000 heat_cell_beam=0.000000000 beam_cell_heat=1.602714353 chosen_heat=1.602714353 chosen_beam=0.000000000 beam_entropy=0.000000000
DECISION branch_turn=43 cell=9,0 target_cluster=None
RESULT branch_turn=43 cell=9,0 result=HIT remaining_cells=27 target_cluster=None
DECISION branch_turn=44 cell=8,0 target_cluster=Some(0)
RESULT branch_turn=44 cell=8,0 result=HIT remaining_cells=26 target_cluster=Some(0)
DECISION branch_turn=45 cell=7,0 target_cluster=Some(0)
RESULT branch_turn=45 cell=7,0 result=HIT remaining_cells=25 target_cluster=Some(0)
DECISION branch_turn=46 cell=6,0 target_cluster=Some(0)
RESULT branch_turn=46 cell=6,0 result=HIT remaining_cells=24 target_cluster=Some(0)
DECISION branch_turn=47 cell=10,0 target_cluster=Some(0)
RESULT branch_turn=47 cell=10,0 result=HIT remaining_cells=23 target_cluster=Some(0)
DECISION branch_turn=48 cell=5,0 target_cluster=Some(0)
RESULT branch_turn=48 cell=5,0 result=HIT remaining_cells=22 target_cluster=Some(0)
DECISION branch_turn=49 cell=11,0 target_cluster=Some(0)
RESULT branch_turn=49 cell=11,0 result=HIT remaining_cells=21 target_cluster=Some(0)
DECISION branch_turn=50 cell=12,0 target_cluster=Some(0)
RESULT branch_turn=50 cell=12,0 result=HIT remaining_cells=20 target_cluster=Some(0)
DECISION branch_turn=51 cell=4,0 target_cluster=Some(0)
RESULT branch_turn=51 cell=4,0 result=KILL remaining_cells=19 target_cluster=Some(0)
BRANCH branch_turn=? n=18 remaining_cells=18 beam_states=100 heat_cell=14,12 beam_cell=7,7 chosen_cell=14,12 heat_rank_of_beam=117 beam_rank_of_heat=18 chosen_heat_rank=1 chosen_beam_rank=18 heat_best=0.767863679 heat_second=0.722061763 beam_best=0.914946332 beam_second=0.896647406 heat_cell_beam=0.384277460 beam_cell_heat=0.181171919 chosen_heat=0.767863679 chosen_beam=0.384277460 beam_entropy=3.462249480
DECISION branch_turn=52 cell=14,12 target_cluster=None
RESULT branch_turn=52 cell=14,12 result=MISS remaining_cells=18 target_cluster=None
BRANCH branch_turn=? n=18 remaining_cells=18 beam_states=78 heat_cell=15,11 beam_cell=15,11 chosen_cell=15,11 heat_rank_of_beam=1 beam_rank_of_heat=1 chosen_heat_rank=1 chosen_beam_rank=1 heat_best=0.820961876 heat_second=0.773885105 beam_best=0.938082831 beam_second=0.938082831 heat_cell_beam=0.938082831 beam_cell_heat=0.820961876 chosen_heat=0.820961876 chosen_beam=0.938082831 beam_entropy=3.283808151
DECISION branch_turn=53 cell=15,11 target_cluster=None
RESULT branch_turn=53 cell=15,11 result=MISS remaining_cells=18 target_cluster=None
BRANCH branch_turn=? n=18 remaining_cells=18 beam_states=73 heat_cell=16,13 beam_cell=13,13 chosen_cell=13,13 heat_rank_of_beam=2 beam_rank_of_heat=6 chosen_heat_rank=2 chosen_beam_rank=1 heat_best=0.804300672 heat_second=0.802453878 beam_best=0.987915913 beam_second=0.987915913 heat_cell_beam=0.906717345 beam_cell_heat=0.802453878 chosen_heat=0.802453878 chosen_beam=0.987915913 beam_entropy=3.353776880
DECISION branch_turn=54 cell=13,13 target_cluster=None
RESULT branch_turn=54 cell=13,13 result=MISS remaining_cells=18 target_cluster=None
BRANCH branch_turn=? n=18 remaining_cells=18 beam_states=85 heat_cell=11,16 beam_cell=10,10 chosen_cell=11,16 heat_rank_of_beam=24 beam_rank_of_heat=18 chosen_heat_rank=1 chosen_beam_rank=18 heat_best=0.796234666 heat_second=0.765203559 beam_best=0.960402953 beam_second=0.948690721 heat_cell_beam=0.374791396 beam_cell_heat=0.378370398 chosen_heat=0.796234666 chosen_beam=0.374791396 beam_entropy=3.787301846
DECISION branch_turn=55 cell=11,16 target_cluster=None
RESULT branch_turn=55 cell=11,16 result=HIT remaining_cells=18 target_cluster=None
DECISION branch_turn=56 cell=10,16 target_cluster=Some(0)
RESULT branch_turn=56 cell=10,16 result=MISS remaining_cells=17 target_cluster=Some(0)
DECISION branch_turn=57 cell=12,16 target_cluster=Some(0)
RESULT branch_turn=57 cell=12,16 result=MISS remaining_cells=17 target_cluster=Some(0)
DECISION branch_turn=58 cell=11,17 target_cluster=Some(0)
RESULT branch_turn=58 cell=11,17 result=MISS remaining_cells=17 target_cluster=Some(0)
BRANCH branch_turn=? n=18 remaining_cells=17 beam_states=106 heat_cell=16,14 beam_cell=16,14 chosen_cell=16,14 heat_rank_of_beam=1 beam_rank_of_heat=1 chosen_heat_rank=1 chosen_beam_rank=1 heat_best=0.847685338 heat_second=0.722873987 beam_best=0.986811446 beam_second=0.948857159 heat_cell_beam=0.986811446 beam_cell_heat=0.847685338 chosen_heat=0.847685338 chosen_beam=0.986811446 beam_entropy=4.322249713
DECISION branch_turn=59 cell=16,14 target_cluster=None
RESULT branch_turn=59 cell=16,14 result=MISS remaining_cells=17 target_cluster=None
BRANCH branch_turn=? n=18 remaining_cells=17 beam_states=150 heat_cell=4,14 beam_cell=4,14 chosen_cell=4,14 heat_rank_of_beam=1 beam_rank_of_heat=1 chosen_heat_rank=1 chosen_beam_rank=1 heat_best=0.675099412 heat_second=0.654467660 beam_best=1.033629687 beam_second=1.033629687 heat_cell_beam=1.033629687 beam_cell_heat=0.675099412 chosen_heat=0.675099412 chosen_beam=1.033629687 beam_entropy=4.148206841
DECISION branch_turn=60 cell=4,14 target_cluster=None
RESULT branch_turn=60 cell=4,14 result=HIT remaining_cells=17 target_cluster=None
DECISION branch_turn=61 cell=5,14 target_cluster=Some(1)
RESULT branch_turn=61 cell=5,14 result=HIT remaining_cells=16 target_cluster=Some(1)
DECISION branch_turn=62 cell=3,14 target_cluster=Some(1)
RESULT branch_turn=62 cell=3,14 result=MISS remaining_cells=15 target_cluster=Some(1)
DECISION branch_turn=63 cell=6,14 target_cluster=Some(1)
RESULT branch_turn=63 cell=6,14 result=HIT remaining_cells=15 target_cluster=Some(1)
DECISION branch_turn=64 cell=7,14 target_cluster=Some(1)
RESULT branch_turn=64 cell=7,14 result=HIT remaining_cells=14 target_cluster=Some(1)
DECISION branch_turn=65 cell=8,14 target_cluster=Some(1)
RESULT branch_turn=65 cell=8,14 result=HIT remaining_cells=13 target_cluster=Some(1)
DECISION branch_turn=66 cell=9,14 target_cluster=Some(1)
RESULT branch_turn=66 cell=9,14 result=KILL remaining_cells=12 target_cluster=Some(1)
BRANCH branch_turn=? n=18 remaining_cells=11 beam_states=0 heat_cell=17,5 beam_cell=17,5 chosen_cell=17,5 heat_rank_of_beam=1 beam_rank_of_heat=1 chosen_heat_rank=1 chosen_beam_rank=1 heat_best=0.795316240 heat_second=0.751500645 beam_best=0.000000000 beam_second=0.000000000 heat_cell_beam=0.000000000 beam_cell_heat=0.795316240 chosen_heat=0.795316240 chosen_beam=0.000000000 beam_entropy=0.000000000
DECISION branch_turn=67 cell=17,5 target_cluster=None
RESULT branch_turn=67 cell=17,5 result=MISS remaining_cells=11 target_cluster=None
BRANCH branch_turn=? n=18 remaining_cells=11 beam_states=0 heat_cell=13,8 beam_cell=13,8 chosen_cell=13,8 heat_rank_of_beam=1 beam_rank_of_heat=1 chosen_heat_rank=1 chosen_beam_rank=1 heat_best=0.621947673 heat_second=0.621101846 beam_best=0.000000000 beam_second=0.000000000 heat_cell_beam=0.000000000 beam_cell_heat=0.621947673 chosen_heat=0.621947673 chosen_beam=0.000000000 beam_entropy=0.000000000
DECISION branch_turn=68 cell=13,8 target_cluster=None
RESULT branch_turn=68 cell=13,8 result=HIT remaining_cells=11 target_cluster=None
DECISION branch_turn=69 cell=14,8 target_cluster=Some(1)
RESULT branch_turn=69 cell=14,8 result=MISS remaining_cells=10 target_cluster=Some(1)
DECISION branch_turn=70 cell=13,7 target_cluster=Some(1)
RESULT branch_turn=70 cell=13,7 result=HIT remaining_cells=10 target_cluster=Some(1)
DECISION branch_turn=71 cell=13,6 target_cluster=Some(1)
RESULT branch_turn=71 cell=13,6 result=HIT remaining_cells=9 target_cluster=Some(1)
DECISION branch_turn=72 cell=13,5 target_cluster=Some(1)
RESULT branch_turn=72 cell=13,5 result=HIT remaining_cells=8 target_cluster=Some(1)
DECISION branch_turn=73 cell=13,4 target_cluster=Some(1)
RESULT branch_turn=73 cell=13,4 result=KILL remaining_cells=7 target_cluster=Some(1)
DECISION branch_turn=74 cell=12,8 target_cluster=Some(1)
RESULT branch_turn=74 cell=12,8 result=MISS remaining_cells=6 target_cluster=Some(1)
BRANCH branch_turn=? n=18 remaining_cells=6 beam_states=0 heat_cell=17,12 beam_cell=17,12 chosen_cell=17,12 heat_rank_of_beam=1 beam_rank_of_heat=1 chosen_heat_rank=1 chosen_beam_rank=1 heat_best=0.631130104 heat_second=0.630516318 beam_best=0.000000000 beam_second=0.000000000 heat_cell_beam=0.000000000 beam_cell_heat=0.631130104 chosen_heat=0.631130104 chosen_beam=0.000000000 beam_entropy=0.000000000
DECISION branch_turn=75 cell=17,12 target_cluster=None
RESULT branch_turn=75 cell=17,12 result=MISS remaining_cells=6 target_cluster=None
BRANCH branch_turn=? n=18 remaining_cells=6 beam_states=0 heat_cell=9,17 beam_cell=9,17 chosen_cell=9,17 heat_rank_of_beam=1 beam_rank_of_heat=1 chosen_heat_rank=1 chosen_beam_rank=1 heat_best=0.335615623 heat_second=0.261122066 beam_best=0.000000000 beam_second=0.000000000 heat_cell_beam=0.000000000 beam_cell_heat=0.335615623 chosen_heat=0.335615623 chosen_beam=0.000000000 beam_entropy=0.000000000
DECISION branch_turn=76 cell=9,17 target_cluster=None
RESULT branch_turn=76 cell=9,17 result=MISS remaining_cells=6 target_cluster=None
BRANCH branch_turn=? n=18 remaining_cells=6 beam_states=0 heat_cell=2,13 beam_cell=2,13 chosen_cell=2,13 heat_rank_of_beam=1 beam_rank_of_heat=1 chosen_heat_rank=1 chosen_beam_rank=1 heat_best=0.273149910 heat_second=0.245729164 beam_best=0.000000000 beam_second=0.000000000 heat_cell_beam=0.000000000 beam_cell_heat=0.273149910 chosen_heat=0.273149910 chosen_beam=0.000000000 beam_entropy=0.000000000
DECISION branch_turn=77 cell=2,13 target_cluster=None
RESULT branch_turn=77 cell=2,13 result=MISS remaining_cells=6 target_cluster=None
BRANCH branch_turn=? n=18 remaining_cells=6 beam_states=0 heat_cell=1,9 beam_cell=1,9 chosen_cell=1,9 heat_rank_of_beam=1 beam_rank_of_heat=1 chosen_heat_rank=1 chosen_beam_rank=1 heat_best=0.276891351 heat_second=0.259316181 beam_best=0.000000000 beam_second=0.000000000 heat_cell_beam=0.000000000 beam_cell_heat=0.276891351 chosen_heat=0.276891351 chosen_beam=0.000000000 beam_entropy=0.000000000
DECISION branch_turn=78 cell=1,9 target_cluster=None
RESULT branch_turn=78 cell=1,9 result=MISS remaining_cells=6 target_cluster=None
BRANCH branch_turn=? n=18 remaining_cells=6 beam_states=0 heat_cell=0,10 beam_cell=0,10 chosen_cell=0,10 heat_rank_of_beam=1 beam_rank_of_heat=1 chosen_heat_rank=1 chosen_beam_rank=1 heat_best=0.295661343 heat_second=0.293656309 beam_best=0.000000000 beam_second=0.000000000 heat_cell_beam=0.000000000 beam_cell_heat=0.295661343 chosen_heat=0.295661343 chosen_beam=0.000000000 beam_entropy=0.000000000
DECISION branch_turn=79 cell=0,10 target_cluster=None
RESULT branch_turn=79 cell=0,10 result=MISS remaining_cells=6 target_cluster=None
BRANCH branch_turn=? n=18 remaining_cells=6 beam_states=0 heat_cell=9,16 beam_cell=9,16 chosen_cell=9,16 heat_rank_of_beam=1 beam_rank_of_heat=1 chosen_heat_rank=1 chosen_beam_rank=1 heat_best=0.289273432 heat_second=0.235018353 beam_best=0.000000000 beam_second=0.000000000 heat_cell_beam=0.000000000 beam_cell_heat=0.289273432 chosen_heat=0.289273432 chosen_beam=0.000000000 beam_entropy=0.000000000
DECISION branch_turn=80 cell=9,16 target_cluster=None
RESULT branch_turn=80 cell=9,16 result=MISS remaining_cells=6 target_cluster=None
BRANCH branch_turn=? n=18 remaining_cells=6 beam_states=0 heat_cell=1,16 beam_cell=1,16 chosen_cell=1,16 heat_rank_of_beam=1 beam_rank_of_heat=1 chosen_heat_rank=1 chosen_beam_rank=1 heat_best=0.227245039 heat_second=0.199894442 beam_best=0.000000000 beam_second=0.000000000 heat_cell_beam=0.000000000 beam_cell_heat=0.227245039 chosen_heat=0.227245039 chosen_beam=0.000000000 beam_entropy=0.000000000
DECISION branch_turn=81 cell=1,16 target_cluster=None
RESULT branch_turn=81 cell=1,16 result=MISS remaining_cells=6 target_cluster=None
BRANCH branch_turn=? n=18 remaining_cells=6 beam_states=0 heat_cell=3,6 beam_cell=3,6 chosen_cell=3,6 heat_rank_of_beam=1 beam_rank_of_heat=1 chosen_heat_rank=1 chosen_beam_rank=1 heat_best=0.219627843 heat_second=0.200707998 beam_best=0.000000000 beam_second=0.000000000 heat_cell_beam=0.000000000 beam_cell_heat=0.219627843 chosen_heat=0.219627843 chosen_beam=0.000000000 beam_entropy=0.000000000
DECISION branch_turn=82 cell=3,6 target_cluster=None
RESULT branch_turn=82 cell=3,6 result=MISS remaining_cells=6 target_cluster=None
BRANCH branch_turn=? n=18 remaining_cells=6 beam_states=0 heat_cell=4,17 beam_cell=4,17 chosen_cell=4,17 heat_rank_of_beam=1 beam_rank_of_heat=1 chosen_heat_rank=1 chosen_beam_rank=1 heat_best=0.232047555 heat_second=0.230698879 beam_best=0.000000000 beam_second=0.000000000 heat_cell_beam=0.000000000 beam_cell_heat=0.232047555 chosen_heat=0.232047555 chosen_beam=0.000000000 beam_entropy=0.000000000
DECISION branch_turn=83 cell=4,17 target_cluster=None
RESULT branch_turn=83 cell=4,17 result=MISS remaining_cells=6 target_cluster=None
BRANCH branch_turn=? n=18 remaining_cells=6 beam_states=0 heat_cell=6,4 beam_cell=6,4 chosen_cell=6,4 heat_rank_of_beam=1 beam_rank_of_heat=1 chosen_heat_rank=1 chosen_beam_rank=1 heat_best=0.254654898 heat_second=0.250682941 beam_best=0.000000000 beam_second=0.000000000 heat_cell_beam=0.000000000 beam_cell_heat=0.254654898 chosen_heat=0.254654898 chosen_beam=0.000000000 beam_entropy=0.000000000
DECISION branch_turn=84 cell=6,4 target_cluster=None
RESULT branch_turn=84 cell=6,4 result=MISS remaining_cells=6 target_cluster=None
BRANCH branch_turn=? n=18 remaining_cells=6 beam_states=0 heat_cell=2,5 beam_cell=2,5 chosen_cell=2,5 heat_rank_of_beam=1 beam_rank_of_heat=1 chosen_heat_rank=1 chosen_beam_rank=1 heat_best=0.270755181 heat_second=0.259287074 beam_best=0.000000000 beam_second=0.000000000 heat_cell_beam=0.000000000 beam_cell_heat=0.270755181 chosen_heat=0.270755181 chosen_beam=0.000000000 beam_entropy=0.000000000
DECISION branch_turn=85 cell=2,5 target_cluster=None
RESULT branch_turn=85 cell=2,5 result=MISS remaining_cells=6 target_cluster=None
BRANCH branch_turn=? n=18 remaining_cells=6 beam_states=0 heat_cell=5,3 beam_cell=5,3 chosen_cell=5,3 heat_rank_of_beam=1 beam_rank_of_heat=1 chosen_heat_rank=1 chosen_beam_rank=1 heat_best=0.285654052 heat_second=0.274766517 beam_best=0.000000000 beam_second=0.000000000 heat_cell_beam=0.000000000 beam_cell_heat=0.285654052 chosen_heat=0.285654052 chosen_beam=0.000000000 beam_entropy=0.000000000
DECISION branch_turn=86 cell=5,3 target_cluster=None
RESULT branch_turn=86 cell=5,3 result=MISS remaining_cells=6 target_cluster=None
BRANCH branch_turn=? n=18 remaining_cells=6 beam_states=0 heat_cell=12,1 beam_cell=12,1 chosen_cell=12,1 heat_rank_of_beam=1 beam_rank_of_heat=1 chosen_heat_rank=1 chosen_beam_rank=1 heat_best=0.327848478 heat_second=0.327358474 beam_best=0.000000000 beam_second=0.000000000 heat_cell_beam=0.000000000 beam_cell_heat=0.327848478 chosen_heat=0.327848478 chosen_beam=0.000000000 beam_entropy=0.000000000
DECISION branch_turn=87 cell=12,1 target_cluster=None
RESULT branch_turn=87 cell=12,1 result=MISS remaining_cells=6 target_cluster=None
BRANCH branch_turn=? n=18 remaining_cells=6 beam_states=0 heat_cell=0,15 beam_cell=0,15 chosen_cell=0,15 heat_rank_of_beam=1 beam_rank_of_heat=1 chosen_heat_rank=1 chosen_beam_rank=1 heat_best=0.354960770 heat_second=0.354638430 beam_best=0.000000000 beam_second=0.000000000 heat_cell_beam=0.000000000 beam_cell_heat=0.354960770 chosen_heat=0.354960770 chosen_beam=0.000000000 beam_entropy=0.000000000
DECISION branch_turn=88 cell=0,15 target_cluster=None
RESULT branch_turn=88 cell=0,15 result=MISS remaining_cells=6 target_cluster=None
BRANCH branch_turn=? n=18 remaining_cells=6 beam_states=0 heat_cell=3,12 beam_cell=3,12 chosen_cell=3,12 heat_rank_of_beam=1 beam_rank_of_heat=1 chosen_heat_rank=1 chosen_beam_rank=1 heat_best=0.391253777 heat_second=0.368730729 beam_best=0.000000000 beam_second=0.000000000 heat_cell_beam=0.000000000 beam_cell_heat=0.391253777 chosen_heat=0.391253777 chosen_beam=0.000000000 beam_entropy=0.000000000
DECISION branch_turn=89 cell=3,12 target_cluster=None
RESULT branch_turn=89 cell=3,12 result=MISS remaining_cells=6 target_cluster=None
BRANCH branch_turn=? n=18 remaining_cells=6 beam_states=0 heat_cell=10,10 beam_cell=10,10 chosen_cell=10,10 heat_rank_of_beam=1 beam_rank_of_heat=1 chosen_heat_rank=1 chosen_beam_rank=1 heat_best=0.337406117 heat_second=0.337283420 beam_best=0.000000000 beam_second=0.000000000 heat_cell_beam=0.000000000 beam_cell_heat=0.337406117 chosen_heat=0.337406117 chosen_beam=0.000000000 beam_entropy=0.000000000
DECISION branch_turn=90 cell=10,10 target_cluster=None
RESULT branch_turn=90 cell=10,10 result=MISS remaining_cells=6 target_cluster=None
BRANCH branch_turn=? n=18 remaining_cells=6 beam_states=0 heat_cell=9,11 beam_cell=9,11 chosen_cell=9,11 heat_rank_of_beam=1 beam_rank_of_heat=1 chosen_heat_rank=1 chosen_beam_rank=1 heat_best=0.338615658 heat_second=0.337734455 beam_best=0.000000000 beam_second=0.000000000 heat_cell_beam=0.000000000 beam_cell_heat=0.338615658 chosen_heat=0.338615658 chosen_beam=0.000000000 beam_entropy=0.000000000
DECISION branch_turn=91 cell=9,11 target_cluster=None
RESULT branch_turn=91 cell=9,11 result=MISS remaining_cells=6 target_cluster=None
BRANCH branch_turn=? n=18 remaining_cells=6 beam_states=0 heat_cell=9,10 beam_cell=9,10 chosen_cell=9,10 heat_rank_of_beam=1 beam_rank_of_heat=1 chosen_heat_rank=1 chosen_beam_rank=1 heat_best=0.338707924 heat_second=0.336710244 beam_best=0.000000000 beam_second=0.000000000 heat_cell_beam=0.000000000 beam_cell_heat=0.338707924 chosen_heat=0.338707924 chosen_beam=0.000000000 beam_entropy=0.000000000
DECISION branch_turn=92 cell=9,10 target_cluster=None
RESULT branch_turn=92 cell=9,10 result=MISS remaining_cells=6 target_cluster=None
BRANCH branch_turn=? n=18 remaining_cells=6 beam_states=0 heat_cell=9,12 beam_cell=9,12 chosen_cell=9,12 heat_rank_of_beam=1 beam_rank_of_heat=1 chosen_heat_rank=1 chosen_beam_rank=1 heat_best=0.337879704 heat_second=0.337047489 beam_best=0.000000000 beam_second=0.000000000 heat_cell_beam=0.000000000 beam_cell_heat=0.337879704 chosen_heat=0.337879704 chosen_beam=0.000000000 beam_entropy=0.000000000
DECISION branch_turn=93 cell=9,12 target_cluster=None
RESULT branch_turn=93 cell=9,12 result=MISS remaining_cells=6 target_cluster=None
BRANCH branch_turn=? n=18 remaining_cells=6 beam_states=0 heat_cell=12,10 beam_cell=12,10 chosen_cell=12,10 heat_rank_of_beam=1 beam_rank_of_heat=1 chosen_heat_rank=1 chosen_beam_rank=1 heat_best=0.336564832 heat_second=0.335186349 beam_best=0.000000000 beam_second=0.000000000 heat_cell_beam=0.000000000 beam_cell_heat=0.336564832 chosen_heat=0.336564832 chosen_beam=0.000000000 beam_entropy=0.000000000
DECISION branch_turn=94 cell=12,10 target_cluster=None
RESULT branch_turn=94 cell=12,10 result=MISS remaining_cells=6 target_cluster=None
BRANCH branch_turn=? n=18 remaining_cells=6 beam_states=0 heat_cell=10,11 beam_cell=10,11 chosen_cell=10,11 heat_rank_of_beam=1 beam_rank_of_heat=1 chosen_heat_rank=1 chosen_beam_rank=1 heat_best=0.338061172 heat_second=0.336790142 beam_best=0.000000000 beam_second=0.000000000 heat_cell_beam=0.000000000 beam_cell_heat=0.338061172 chosen_heat=0.338061172 chosen_beam=0.000000000 beam_entropy=0.000000000
DECISION branch_turn=95 cell=10,11 target_cluster=None
RESULT branch_turn=95 cell=10,11 result=MISS remaining_cells=6 target_cluster=None
BRANCH branch_turn=? n=18 remaining_cells=6 beam_states=0 heat_cell=10,12 beam_cell=10,12 chosen_cell=10,12 heat_rank_of_beam=1 beam_rank_of_heat=1 chosen_heat_rank=1 chosen_beam_rank=1 heat_best=0.336601920 heat_second=0.336586538 beam_best=0.000000000 beam_second=0.000000000 heat_cell_beam=0.000000000 beam_cell_heat=0.336601920 chosen_heat=0.336601920 chosen_beam=0.000000000 beam_entropy=0.000000000
DECISION branch_turn=96 cell=10,12 target_cluster=None
RESULT branch_turn=96 cell=10,12 result=MISS remaining_cells=6 target_cluster=None
BRANCH branch_turn=? n=18 remaining_cells=6 beam_states=0 heat_cell=12,12 beam_cell=12,12 chosen_cell=12,12 heat_rank_of_beam=1 beam_rank_of_heat=1 chosen_heat_rank=1 chosen_beam_rank=1 heat_best=0.335245194 heat_second=0.334935775 beam_best=0.000000000 beam_second=0.000000000 heat_cell_beam=0.000000000 beam_cell_heat=0.335245194 chosen_heat=0.335245194 chosen_beam=0.000000000 beam_entropy=0.000000000
DECISION branch_turn=97 cell=12,12 target_cluster=None
RESULT branch_turn=97 cell=12,12 result=MISS remaining_cells=6 target_cluster=None
BRANCH branch_turn=? n=18 remaining_cells=6 beam_states=0 heat_cell=11,10 beam_cell=11,10 chosen_cell=11,10 heat_rank_of_beam=1 beam_rank_of_heat=1 chosen_heat_rank=1 chosen_beam_rank=1 heat_best=0.337653716 heat_second=0.336428676 beam_best=0.000000000 beam_second=0.000000000 heat_cell_beam=0.000000000 beam_cell_heat=0.337653716 chosen_heat=0.337653716 chosen_beam=0.000000000 beam_entropy=0.000000000
DECISION branch_turn=98 cell=11,10 target_cluster=None
RESULT branch_turn=98 cell=11,10 result=HIT remaining_cells=6 target_cluster=None
DECISION branch_turn=99 cell=11,11 target_cluster=Some(2)
RESULT branch_turn=99 cell=11,11 result=HIT remaining_cells=5 target_cluster=Some(2)
DECISION branch_turn=100 cell=11,12 target_cluster=Some(2)
RESULT branch_turn=100 cell=11,12 result=HIT remaining_cells=4 target_cluster=Some(2)
DECISION branch_turn=101 cell=11,13 target_cluster=Some(2)
RESULT branch_turn=101 cell=11,13 result=HIT remaining_cells=3 target_cluster=Some(2)
DECISION branch_turn=102 cell=11,14 target_cluster=Some(2)
RESULT branch_turn=102 cell=11,14 result=KILL remaining_cells=2 target_cluster=Some(2)
BRANCH branch_turn=? n=18 remaining_cells=1 beam_states=0 heat_cell=8,6 beam_cell=8,6 chosen_cell=8,6 heat_rank_of_beam=1 beam_rank_of_heat=1 chosen_heat_rank=1 chosen_beam_rank=1 heat_best=0.039591969 heat_second=0.039083808 beam_best=0.000000000 beam_second=0.000000000 heat_cell_beam=0.000000000 beam_cell_heat=0.039591969 chosen_heat=0.039591969 chosen_beam=0.000000000 beam_entropy=0.000000000
DECISION branch_turn=103 cell=8,6 target_cluster=None
RESULT branch_turn=103 cell=8,6 result=MISS remaining_cells=1 target_cluster=None
BRANCH branch_turn=? n=18 remaining_cells=1 beam_states=0 heat_cell=8,7 beam_cell=8,7 chosen_cell=8,7 heat_rank_of_beam=1 beam_rank_of_heat=1 chosen_heat_rank=1 chosen_beam_rank=1 heat_best=0.038923950 heat_second=0.038835254 beam_best=0.000000000 beam_second=0.000000000 heat_cell_beam=0.000000000 beam_cell_heat=0.038923950 chosen_heat=0.038923950 chosen_beam=0.000000000 beam_entropy=0.000000000
DECISION branch_turn=104 cell=8,7 target_cluster=None
RESULT branch_turn=104 cell=8,7 result=MISS remaining_cells=1 target_cluster=None
BRANCH branch_turn=? n=18 remaining_cells=1 beam_states=0 heat_cell=6,8 beam_cell=6,8 chosen_cell=6,8 heat_rank_of_beam=1 beam_rank_of_heat=1 chosen_heat_rank=1 chosen_beam_rank=1 heat_best=0.039951648 heat_second=0.038656275 beam_best=0.000000000 beam_second=0.000000000 heat_cell_beam=0.000000000 beam_cell_heat=0.039951648 chosen_heat=0.039951648 chosen_beam=0.000000000 beam_entropy=0.000000000
DECISION branch_turn=105 cell=6,8 target_cluster=None
RESULT branch_turn=105 cell=6,8 result=MISS remaining_cells=1 target_cluster=None
BRANCH branch_turn=? n=18 remaining_cells=1 beam_states=0 heat_cell=7,8 beam_cell=7,8 chosen_cell=7,8 heat_rank_of_beam=1 beam_rank_of_heat=1 chosen_heat_rank=1 chosen_beam_rank=1 heat_best=0.040793457 heat_second=0.039651012 beam_best=0.000000000 beam_second=0.000000000 heat_cell_beam=0.000000000 beam_cell_heat=0.040793457 chosen_heat=0.040793457 chosen_beam=0.000000000 beam_entropy=0.000000000
DECISION branch_turn=106 cell=7,8 target_cluster=None
RESULT branch_turn=106 cell=7,8 result=MISS remaining_cells=1 target_cluster=None
BRANCH branch_turn=? n=18 remaining_cells=1 beam_states=0 heat_cell=8,5 beam_cell=8,5 chosen_cell=8,5 heat_rank_of_beam=1 beam_rank_of_heat=1 chosen_heat_rank=1 chosen_beam_rank=1 heat_best=0.039145861 heat_second=0.038371064 beam_best=0.000000000 beam_second=0.000000000 heat_cell_beam=0.000000000 beam_cell_heat=0.039145861 chosen_heat=0.039145861 chosen_beam=0.000000000 beam_entropy=0.000000000
DECISION branch_turn=107 cell=8,5 target_cluster=None
RESULT branch_turn=107 cell=8,5 result=MISS remaining_cells=1 target_cluster=None
BRANCH branch_turn=? n=18 remaining_cells=1 beam_states=0 heat_cell=8,8 beam_cell=8,8 chosen_cell=8,8 heat_rank_of_beam=1 beam_rank_of_heat=1 chosen_heat_rank=1 chosen_beam_rank=1 heat_best=0.039837822 heat_second=0.039662708 beam_best=0.000000000 beam_second=0.000000000 heat_cell_beam=0.000000000 beam_cell_heat=0.039837822 chosen_heat=0.039837822 chosen_beam=0.000000000 beam_entropy=0.000000000
DECISION branch_turn=108 cell=8,8 target_cluster=None
RESULT branch_turn=108 cell=8,8 result=MISS remaining_cells=1 target_cluster=None
BRANCH branch_turn=? n=18 remaining_cells=1 beam_states=0 heat_cell=6,7 beam_cell=6,7 chosen_cell=6,7 heat_rank_of_beam=1 beam_rank_of_heat=1 chosen_heat_rank=1 chosen_beam_rank=1 heat_best=0.040022271 heat_second=0.039590031 beam_best=0.000000000 beam_second=0.000000000 heat_cell_beam=0.000000000 beam_cell_heat=0.040022271 chosen_heat=0.040022271 chosen_beam=0.000000000 beam_entropy=0.000000000
DECISION branch_turn=109 cell=6,7 target_cluster=None
RESULT branch_turn=109 cell=6,7 result=MISS remaining_cells=1 target_cluster=None
BRANCH branch_turn=? n=18 remaining_cells=1 beam_states=0 heat_cell=7,7 beam_cell=7,7 chosen_cell=7,7 heat_rank_of_beam=1 beam_rank_of_heat=1 chosen_heat_rank=1 chosen_beam_rank=1 heat_best=0.040214556 heat_second=0.040157728 beam_best=0.000000000 beam_second=0.000000000 heat_cell_beam=0.000000000 beam_cell_heat=0.040214556 chosen_heat=0.040214556 chosen_beam=0.000000000 beam_entropy=0.000000000
DECISION branch_turn=110 cell=7,7 target_cluster=None
RESULT branch_turn=110 cell=7,7 result=MISS remaining_cells=1 target_cluster=None
BRANCH branch_turn=? n=18 remaining_cells=1 beam_states=0 heat_cell=7,6 beam_cell=7,6 chosen_cell=7,6 heat_rank_of_beam=1 beam_rank_of_heat=1 chosen_heat_rank=1 chosen_beam_rank=1 heat_best=0.040297630 heat_second=0.039153820 beam_best=0.000000000 beam_second=0.000000000 heat_cell_beam=0.000000000 beam_cell_heat=0.040297630 chosen_heat=0.040297630 chosen_beam=0.000000000 beam_entropy=0.000000000
DECISION branch_turn=111 cell=7,6 target_cluster=None
RESULT branch_turn=111 cell=7,6 result=MISS remaining_cells=1 target_cluster=None
BRANCH branch_turn=? n=18 remaining_cells=1 beam_states=0 heat_cell=5,8 beam_cell=5,8 chosen_cell=5,8 heat_rank_of_beam=1 beam_rank_of_heat=1 chosen_heat_rank=1 chosen_beam_rank=1 heat_best=0.038621087 heat_second=0.038285873 beam_best=0.000000000 beam_second=0.000000000 heat_cell_beam=0.000000000 beam_cell_heat=0.038621087 chosen_heat=0.038621087 chosen_beam=0.000000000 beam_entropy=0.000000000
DECISION branch_turn=112 cell=5,8 target_cluster=None
RESULT branch_turn=112 cell=5,8 result=MISS remaining_cells=1 target_cluster=None
BRANCH branch_turn=? n=18 remaining_cells=1 beam_states=0 heat_cell=8,4 beam_cell=8,4 chosen_cell=8,4 heat_rank_of_beam=1 beam_rank_of_heat=1 chosen_heat_rank=1 chosen_beam_rank=1 heat_best=0.038801226 heat_second=0.038174923 beam_best=0.000000000 beam_second=0.000000000 heat_cell_beam=0.000000000 beam_cell_heat=0.038801226 chosen_heat=0.038801226 chosen_beam=0.000000000 beam_entropy=0.000000000
DECISION branch_turn=113 cell=8,4 target_cluster=None
RESULT branch_turn=113 cell=8,4 result=MISS remaining_cells=1 target_cluster=None
BRANCH branch_turn=? n=18 remaining_cells=1 beam_states=0 heat_cell=5,7 beam_cell=5,7 chosen_cell=5,7 heat_rank_of_beam=1 beam_rank_of_heat=1 chosen_heat_rank=1 chosen_beam_rank=1 heat_best=0.039263455 heat_second=0.038955806 beam_best=0.000000000 beam_second=0.000000000 heat_cell_beam=0.000000000 beam_cell_heat=0.039263455 chosen_heat=0.039263455 chosen_beam=0.000000000 beam_entropy=0.000000000
DECISION branch_turn=114 cell=5,7 target_cluster=None
RESULT branch_turn=114 cell=5,7 result=MISS remaining_cells=1 target_cluster=None
BRANCH branch_turn=? n=18 remaining_cells=1 beam_states=0 heat_cell=7,5 beam_cell=7,5 chosen_cell=7,5 heat_rank_of_beam=1 beam_rank_of_heat=1 chosen_heat_rank=1 chosen_beam_rank=1 heat_best=0.039481836 heat_second=0.039232373 beam_best=0.000000000 beam_second=0.000000000 heat_cell_beam=0.000000000 beam_cell_heat=0.039481836 chosen_heat=0.039481836 chosen_beam=0.000000000 beam_entropy=0.000000000
DECISION branch_turn=115 cell=7,5 target_cluster=None
RESULT branch_turn=115 cell=7,5 result=MISS remaining_cells=1 target_cluster=None
BRANCH branch_turn=? n=18 remaining_cells=1 beam_states=0 heat_cell=6,5 beam_cell=6,5 chosen_cell=6,5 heat_rank_of_beam=1 beam_rank_of_heat=1 chosen_heat_rank=1 chosen_beam_rank=1 heat_best=0.038793960 heat_second=0.038561741 beam_best=0.000000000 beam_second=0.000000000 heat_cell_beam=0.000000000 beam_cell_heat=0.038793960 chosen_heat=0.038793960 chosen_beam=0.000000000 beam_entropy=0.000000000
DECISION branch_turn=116 cell=6,5 target_cluster=None
RESULT branch_turn=116 cell=6,5 result=MISS remaining_cells=1 target_cluster=None
BRANCH branch_turn=? n=18 remaining_cells=1 beam_states=0 heat_cell=5,6 beam_cell=5,6 chosen_cell=5,6 heat_rank_of_beam=1 beam_rank_of_heat=1 chosen_heat_rank=1 chosen_beam_rank=1 heat_best=0.038632060 heat_second=0.038164646 beam_best=0.000000000 beam_second=0.000000000 heat_cell_beam=0.000000000 beam_cell_heat=0.038632060 chosen_heat=0.038632060 chosen_beam=0.000000000 beam_entropy=0.000000000
DECISION branch_turn=117 cell=5,6 target_cluster=None
RESULT branch_turn=117 cell=5,6 result=MISS remaining_cells=1 target_cluster=None
BRANCH branch_turn=? n=18 remaining_cells=1 beam_states=0 heat_cell=4,8 beam_cell=4,8 chosen_cell=4,8 heat_rank_of_beam=1 beam_rank_of_heat=1 chosen_heat_rank=1 chosen_beam_rank=1 heat_best=0.040621055 heat_second=0.039923965 beam_best=0.000000000 beam_second=0.000000000 heat_cell_beam=0.000000000 beam_cell_heat=0.040621055 chosen_heat=0.040621055 chosen_beam=0.000000000 beam_entropy=0.000000000
DECISION branch_turn=118 cell=4,8 target_cluster=None
RESULT branch_turn=118 cell=4,8 result=MISS remaining_cells=1 target_cluster=None
BRANCH branch_turn=? n=18 remaining_cells=1 beam_states=0 heat_cell=3,8 beam_cell=3,8 chosen_cell=3,8 heat_rank_of_beam=1 beam_rank_of_heat=1 chosen_heat_rank=1 chosen_beam_rank=1 heat_best=0.040328802 heat_second=0.039092403 beam_best=0.000000000 beam_second=0.000000000 heat_cell_beam=0.000000000 beam_cell_heat=0.040328802 chosen_heat=0.040328802 chosen_beam=0.000000000 beam_entropy=0.000000000
DECISION branch_turn=119 cell=3,8 target_cluster=None
RESULT branch_turn=119 cell=3,8 result=MISS remaining_cells=1 target_cluster=None
BRANCH branch_turn=? n=18 remaining_cells=1 beam_states=0 heat_cell=7,3 beam_cell=7,3 chosen_cell=7,3 heat_rank_of_beam=1 beam_rank_of_heat=1 chosen_heat_rank=1 chosen_beam_rank=1 heat_best=0.039236879 heat_second=0.038801647 beam_best=0.000000000 beam_second=0.000000000 heat_cell_beam=0.000000000 beam_cell_heat=0.039236879 chosen_heat=0.039236879 chosen_beam=0.000000000 beam_entropy=0.000000000
DECISION branch_turn=120 cell=7,3 target_cluster=None
RESULT branch_turn=120 cell=7,3 result=MISS remaining_cells=1 target_cluster=None
BRANCH branch_turn=? n=18 remaining_cells=1 beam_states=0 heat_cell=5,5 beam_cell=5,5 chosen_cell=5,5 heat_rank_of_beam=1 beam_rank_of_heat=1 chosen_heat_rank=1 chosen_beam_rank=1 heat_best=0.039037999 heat_second=0.038848929 beam_best=0.000000000 beam_second=0.000000000 heat_cell_beam=0.000000000 beam_cell_heat=0.039037999 chosen_heat=0.039037999 chosen_beam=0.000000000 beam_entropy=0.000000000
DECISION branch_turn=121 cell=5,5 target_cluster=None
RESULT branch_turn=121 cell=5,5 result=MISS remaining_cells=1 target_cluster=None
BRANCH branch_turn=? n=18 remaining_cells=1 beam_states=0 heat_cell=6,6 beam_cell=6,6 chosen_cell=6,6 heat_rank_of_beam=1 beam_rank_of_heat=1 chosen_heat_rank=1 chosen_beam_rank=1 heat_best=0.042099461 heat_second=0.040171973 beam_best=0.000000000 beam_second=0.000000000 heat_cell_beam=0.000000000 beam_cell_heat=0.042099461 chosen_heat=0.042099461 chosen_beam=0.000000000 beam_entropy=0.000000000
DECISION branch_turn=122 cell=6,6 target_cluster=None
RESULT branch_turn=122 cell=6,6 result=MISS remaining_cells=1 target_cluster=None
BRANCH branch_turn=? n=18 remaining_cells=1 beam_states=0 heat_cell=1,8 beam_cell=1,8 chosen_cell=1,8 heat_rank_of_beam=1 beam_rank_of_heat=1 chosen_heat_rank=1 chosen_beam_rank=1 heat_best=0.038347191 heat_second=0.038310806 beam_best=0.000000000 beam_second=0.000000000 heat_cell_beam=0.000000000 beam_cell_heat=0.038347191 chosen_heat=0.038347191 chosen_beam=0.000000000 beam_entropy=0.000000000
DECISION branch_turn=123 cell=1,8 target_cluster=None
RESULT branch_turn=123 cell=1,8 result=MISS remaining_cells=1 target_cluster=None
BRANCH branch_turn=? n=18 remaining_cells=1 beam_states=0 heat_cell=8,3 beam_cell=8,3 chosen_cell=8,3 heat_rank_of_beam=1 beam_rank_of_heat=1 chosen_heat_rank=1 chosen_beam_rank=1 heat_best=0.041629770 heat_second=0.041566982 beam_best=0.000000000 beam_second=0.000000000 heat_cell_beam=0.000000000 beam_cell_heat=0.041629770 chosen_heat=0.041629770 chosen_beam=0.000000000 beam_entropy=0.000000000
DECISION branch_turn=124 cell=8,3 target_cluster=None
RESULT branch_turn=124 cell=8,3 result=MISS remaining_cells=1 target_cluster=None
BRANCH branch_turn=? n=18 remaining_cells=1 beam_states=0 heat_cell=3,7 beam_cell=3,7 chosen_cell=3,7 heat_rank_of_beam=1 beam_rank_of_heat=1 chosen_heat_rank=1 chosen_beam_rank=1 heat_best=0.040896328 heat_second=0.040531282 beam_best=0.000000000 beam_second=0.000000000 heat_cell_beam=0.000000000 beam_cell_heat=0.040896328 chosen_heat=0.040896328 chosen_beam=0.000000000 beam_entropy=0.000000000
DECISION branch_turn=125 cell=3,7 target_cluster=None
RESULT branch_turn=125 cell=3,7 result=MISS remaining_cells=1 target_cluster=None
BRANCH branch_turn=? n=18 remaining_cells=1 beam_states=0 heat_cell=7,4 beam_cell=7,4 chosen_cell=7,4 heat_rank_of_beam=1 beam_rank_of_heat=1 chosen_heat_rank=1 chosen_beam_rank=1 heat_best=0.041289977 heat_second=0.041060347 beam_best=0.000000000 beam_second=0.000000000 heat_cell_beam=0.000000000 beam_cell_heat=0.041289977 chosen_heat=0.041289977 chosen_beam=0.000000000 beam_entropy=0.000000000
DECISION branch_turn=126 cell=7,4 target_cluster=None
RESULT branch_turn=126 cell=7,4 result=MISS remaining_cells=1 target_cluster=None
BRANCH branch_turn=? n=18 remaining_cells=1 beam_states=0 heat_cell=2,8 beam_cell=2,8 chosen_cell=2,8 heat_rank_of_beam=1 beam_rank_of_heat=1 chosen_heat_rank=1 chosen_beam_rank=1 heat_best=0.040641087 heat_second=0.040428491 beam_best=0.000000000 beam_second=0.000000000 heat_cell_beam=0.000000000 beam_cell_heat=0.040641087 chosen_heat=0.040641087 chosen_beam=0.000000000 beam_entropy=0.000000000
DECISION branch_turn=127 cell=2,8 target_cluster=None
RESULT branch_turn=127 cell=2,8 result=MISS remaining_cells=1 target_cluster=None
BRANCH branch_turn=? n=18 remaining_cells=1 beam_states=0 heat_cell=4,6 beam_cell=4,6 chosen_cell=4,6 heat_rank_of_beam=1 beam_rank_of_heat=1 chosen_heat_rank=1 chosen_beam_rank=1 heat_best=0.041581800 heat_second=0.040841105 beam_best=0.000000000 beam_second=0.000000000 heat_cell_beam=0.000000000 beam_cell_heat=0.041581800 chosen_heat=0.041581800 chosen_beam=0.000000000 beam_entropy=0.000000000
DECISION branch_turn=128 cell=4,6 target_cluster=None
RESULT branch_turn=128 cell=4,6 result=MISS remaining_cells=1 target_cluster=None
BRANCH branch_turn=? n=18 remaining_cells=1 beam_states=0 heat_cell=2,7 beam_cell=2,7 chosen_cell=2,7 heat_rank_of_beam=1 beam_rank_of_heat=1 chosen_heat_rank=1 chosen_beam_rank=1 heat_best=0.041351337 heat_second=0.040300399 beam_best=0.000000000 beam_second=0.000000000 heat_cell_beam=0.000000000 beam_cell_heat=0.041351337 chosen_heat=0.041351337 chosen_beam=0.000000000 beam_entropy=0.000000000
DECISION branch_turn=129 cell=2,7 target_cluster=None
RESULT branch_turn=129 cell=2,7 result=MISS remaining_cells=1 target_cluster=None
BRANCH branch_turn=? n=18 remaining_cells=1 beam_states=0 heat_cell=8,1 beam_cell=8,1 chosen_cell=8,1 heat_rank_of_beam=1 beam_rank_of_heat=1 chosen_heat_rank=1 chosen_beam_rank=1 heat_best=0.041104137 heat_second=0.040583780 beam_best=0.000000000 beam_second=0.000000000 heat_cell_beam=0.000000000 beam_cell_heat=0.041104137 chosen_heat=0.041104137 chosen_beam=0.000000000 beam_entropy=0.000000000
DECISION branch_turn=130 cell=8,1 target_cluster=None
RESULT branch_turn=130 cell=8,1 result=MISS remaining_cells=1 target_cluster=None
BRANCH branch_turn=? n=18 remaining_cells=1 beam_states=0 heat_cell=5,4 beam_cell=5,4 chosen_cell=5,4 heat_rank_of_beam=1 beam_rank_of_heat=1 chosen_heat_rank=1 chosen_beam_rank=1 heat_best=0.041219279 heat_second=0.040253423 beam_best=0.000000000 beam_second=0.000000000 heat_cell_beam=0.000000000 beam_cell_heat=0.041219279 chosen_heat=0.041219279 chosen_beam=0.000000000 beam_entropy=0.000000000
DECISION branch_turn=131 cell=5,4 target_cluster=None
RESULT branch_turn=131 cell=5,4 result=MISS remaining_cells=1 target_cluster=None
BRANCH branch_turn=? n=18 remaining_cells=1 beam_states=0 heat_cell=6,3 beam_cell=6,3 chosen_cell=6,3 heat_rank_of_beam=1 beam_rank_of_heat=1 chosen_heat_rank=1 chosen_beam_rank=1 heat_best=0.041905061 heat_second=0.040519025 beam_best=0.000000000 beam_second=0.000000000 heat_cell_beam=0.000000000 beam_cell_heat=0.041905061 chosen_heat=0.041905061 chosen_beam=0.000000000 beam_entropy=0.000000000
DECISION branch_turn=132 cell=6,3 target_cluster=None
RESULT branch_turn=132 cell=6,3 result=MISS remaining_cells=1 target_cluster=None
BRANCH branch_turn=? n=18 remaining_cells=1 beam_states=0 heat_cell=1,7 beam_cell=1,7 chosen_cell=1,7 heat_rank_of_beam=1 beam_rank_of_heat=1 chosen_heat_rank=1 chosen_beam_rank=1 heat_best=0.041005992 heat_second=0.040511685 beam_best=0.000000000 beam_second=0.000000000 heat_cell_beam=0.000000000 beam_cell_heat=0.041005992 chosen_heat=0.041005992 chosen_beam=0.000000000 beam_entropy=0.000000000
DECISION branch_turn=133 cell=1,7 target_cluster=None
RESULT branch_turn=133 cell=1,7 result=MISS remaining_cells=1 target_cluster=None
BRANCH branch_turn=? n=18 remaining_cells=1 beam_states=0 heat_cell=4,4 beam_cell=4,4 chosen_cell=4,4 heat_rank_of_beam=1 beam_rank_of_heat=1 chosen_heat_rank=1 chosen_beam_rank=1 heat_best=0.041571517 heat_second=0.041165946 beam_best=0.000000000 beam_second=0.000000000 heat_cell_beam=0.000000000 beam_cell_heat=0.041571517 chosen_heat=0.041571517 chosen_beam=0.000000000 beam_entropy=0.000000000
DECISION branch_turn=134 cell=4,4 target_cluster=None
RESULT branch_turn=134 cell=4,4 result=MISS remaining_cells=1 target_cluster=None
BRANCH branch_turn=? n=18 remaining_cells=1 beam_states=0 heat_cell=4,5 beam_cell=4,5 chosen_cell=4,5 heat_rank_of_beam=1 beam_rank_of_heat=1 chosen_heat_rank=1 chosen_beam_rank=1 heat_best=0.042900906 heat_second=0.040932531 beam_best=0.000000000 beam_second=0.000000000 heat_cell_beam=0.000000000 beam_cell_heat=0.042900906 chosen_heat=0.042900906 chosen_beam=0.000000000 beam_entropy=0.000000000
DECISION branch_turn=135 cell=4,5 target_cluster=None
RESULT branch_turn=135 cell=4,5 result=MISS remaining_cells=1 target_cluster=None
BRANCH branch_turn=? n=18 remaining_cells=1 beam_states=0 heat_cell=0,8 beam_cell=0,8 chosen_cell=0,8 heat_rank_of_beam=1 beam_rank_of_heat=1 chosen_heat_rank=1 chosen_beam_rank=1 heat_best=0.041490337 heat_second=0.041002316 beam_best=0.000000000 beam_second=0.000000000 heat_cell_beam=0.000000000 beam_cell_heat=0.041490337 chosen_heat=0.041490337 chosen_beam=0.000000000 beam_entropy=0.000000000
DECISION branch_turn=136 cell=0,8 target_cluster=None
RESULT branch_turn=136 cell=0,8 result=MISS remaining_cells=1 target_cluster=None
BRANCH branch_turn=? n=18 remaining_cells=1 beam_states=0 heat_cell=0,7 beam_cell=0,7 chosen_cell=0,7 heat_rank_of_beam=1 beam_rank_of_heat=1 chosen_heat_rank=1 chosen_beam_rank=1 heat_best=0.040936725 heat_second=0.040427799 beam_best=0.000000000 beam_second=0.000000000 heat_cell_beam=0.000000000 beam_cell_heat=0.040936725 chosen_heat=0.040936725 chosen_beam=0.000000000 beam_entropy=0.000000000
DECISION branch_turn=137 cell=0,7 target_cluster=None
RESULT branch_turn=137 cell=0,7 result=MISS remaining_cells=1 target_cluster=None
BRANCH branch_turn=? n=18 remaining_cells=1 beam_states=0 heat_cell=2,6 beam_cell=2,6 chosen_cell=2,6 heat_rank_of_beam=1 beam_rank_of_heat=1 chosen_heat_rank=1 chosen_beam_rank=1 heat_best=0.041825346 heat_second=0.041527875 beam_best=0.000000000 beam_second=0.000000000 heat_cell_beam=0.000000000 beam_cell_heat=0.041825346 chosen_heat=0.041825346 chosen_beam=0.000000000 beam_entropy=0.000000000
DECISION branch_turn=138 cell=2,6 target_cluster=None
RESULT branch_turn=138 cell=2,6 result=MISS remaining_cells=1 target_cluster=None
BRANCH branch_turn=? n=18 remaining_cells=1 beam_states=0 heat_cell=6,2 beam_cell=6,2 chosen_cell=6,2 heat_rank_of_beam=1 beam_rank_of_heat=1 chosen_heat_rank=1 chosen_beam_rank=1 heat_best=0.042209614 heat_second=0.040554212 beam_best=0.000000000 beam_second=0.000000000 heat_cell_beam=0.000000000 beam_cell_heat=0.042209614 chosen_heat=0.042209614 chosen_beam=0.000000000 beam_entropy=0.000000000
DECISION branch_turn=139 cell=6,2 target_cluster=None
RESULT branch_turn=139 cell=6,2 result=MISS remaining_cells=1 target_cluster=None
BRANCH branch_turn=? n=18 remaining_cells=1 beam_states=0 heat_cell=7,1 beam_cell=7,1 chosen_cell=7,1 heat_rank_of_beam=1 beam_rank_of_heat=1 chosen_heat_rank=1 chosen_beam_rank=1 heat_best=0.041944096 heat_second=0.041435465 beam_best=0.000000000 beam_second=0.000000000 heat_cell_beam=0.000000000 beam_cell_heat=0.041944096 chosen_heat=0.041944096 chosen_beam=0.000000000 beam_entropy=0.000000000
DECISION branch_turn=140 cell=7,1 target_cluster=None
RESULT branch_turn=140 cell=7,1 result=MISS remaining_cells=1 target_cluster=None
BRANCH branch_turn=? n=18 remaining_cells=1 beam_states=0 heat_cell=3,5 beam_cell=3,5 chosen_cell=3,5 heat_rank_of_beam=1 beam_rank_of_heat=1 chosen_heat_rank=1 chosen_beam_rank=1 heat_best=0.041853339 heat_second=0.041262519 beam_best=0.000000000 beam_second=0.000000000 heat_cell_beam=0.000000000 beam_cell_heat=0.041853339 chosen_heat=0.041853339 chosen_beam=0.000000000 beam_entropy=0.000000000
DECISION branch_turn=141 cell=3,5 target_cluster=None
RESULT branch_turn=141 cell=3,5 result=MISS remaining_cells=1 target_cluster=None
BRANCH branch_turn=? n=18 remaining_cells=1 beam_states=0 heat_cell=4,3 beam_cell=4,3 chosen_cell=4,3 heat_rank_of_beam=1 beam_rank_of_heat=1 chosen_heat_rank=1 chosen_beam_rank=1 heat_best=0.042026960 heat_second=0.041933114 beam_best=0.000000000 beam_second=0.000000000 heat_cell_beam=0.000000000 beam_cell_heat=0.042026960 chosen_heat=0.042026960 chosen_beam=0.000000000 beam_entropy=0.000000000
DECISION branch_turn=142 cell=4,3 target_cluster=None
RESULT branch_turn=142 cell=4,3 result=MISS remaining_cells=1 target_cluster=None
BRANCH branch_turn=? n=18 remaining_cells=1 beam_states=0 heat_cell=3,4 beam_cell=3,4 chosen_cell=3,4 heat_rank_of_beam=1 beam_rank_of_heat=1 chosen_heat_rank=1 chosen_beam_rank=1 heat_best=0.042357063 heat_second=0.040015404 beam_best=0.000000000 beam_second=0.000000000 heat_cell_beam=0.000000000 beam_cell_heat=0.042357063 chosen_heat=0.042357063 chosen_beam=0.000000000 beam_entropy=0.000000000
DECISION branch_turn=143 cell=3,4 target_cluster=None
RESULT branch_turn=143 cell=3,4 result=MISS remaining_cells=1 target_cluster=None
BRANCH branch_turn=? n=18 remaining_cells=1 beam_states=0 heat_cell=6,1 beam_cell=6,1 chosen_cell=6,1 heat_rank_of_beam=1 beam_rank_of_heat=1 chosen_heat_rank=1 chosen_beam_rank=1 heat_best=0.042063789 heat_second=0.041318648 beam_best=0.000000000 beam_second=0.000000000 heat_cell_beam=0.000000000 beam_cell_heat=0.042063789 chosen_heat=0.042063789 chosen_beam=0.000000000 beam_entropy=0.000000000
DECISION branch_turn=144 cell=6,1 target_cluster=None
RESULT branch_turn=144 cell=6,1 result=MISS remaining_cells=1 target_cluster=None
BRANCH branch_turn=? n=18 remaining_cells=1 beam_states=0 heat_cell=5,2 beam_cell=5,2 chosen_cell=5,2 heat_rank_of_beam=1 beam_rank_of_heat=1 chosen_heat_rank=1 chosen_beam_rank=1 heat_best=0.042293901 heat_second=0.041807963 beam_best=0.000000000 beam_second=0.000000000 heat_cell_beam=0.000000000 beam_cell_heat=0.042293901 chosen_heat=0.042293901 chosen_beam=0.000000000 beam_entropy=0.000000000
DECISION branch_turn=145 cell=5,2 target_cluster=None
RESULT branch_turn=145 cell=5,2 result=MISS remaining_cells=1 target_cluster=None
BRANCH branch_turn=? n=18 remaining_cells=1 beam_states=0 heat_cell=3,3 beam_cell=3,3 chosen_cell=3,3 heat_rank_of_beam=1 beam_rank_of_heat=1 chosen_heat_rank=1 chosen_beam_rank=1 heat_best=0.041219627 heat_second=0.039978515 beam_best=0.000000000 beam_second=0.000000000 heat_cell_beam=0.000000000 beam_cell_heat=0.041219627 chosen_heat=0.041219627 chosen_beam=0.000000000 beam_entropy=0.000000000
DECISION branch_turn=146 cell=3,3 target_cluster=None
RESULT branch_turn=146 cell=3,3 result=MISS remaining_cells=1 target_cluster=None
BRANCH branch_turn=? n=18 remaining_cells=1 beam_states=0 heat_cell=4,2 beam_cell=4,2 chosen_cell=4,2 heat_rank_of_beam=1 beam_rank_of_heat=1 chosen_heat_rank=1 chosen_beam_rank=1 heat_best=0.042230714 heat_second=0.041965245 beam_best=0.000000000 beam_second=0.000000000 heat_cell_beam=0.000000000 beam_cell_heat=0.042230714 chosen_heat=0.042230714 chosen_beam=0.000000000 beam_entropy=0.000000000
DECISION branch_turn=147 cell=4,2 target_cluster=None
RESULT branch_turn=147 cell=4,2 result=MISS remaining_cells=1 target_cluster=None
BRANCH branch_turn=? n=18 remaining_cells=1 beam_states=0 heat_cell=1,6 beam_cell=1,6 chosen_cell=1,6 heat_rank_of_beam=1 beam_rank_of_heat=1 chosen_heat_rank=1 chosen_beam_rank=1 heat_best=0.043127654 heat_second=0.041217119 beam_best=0.000000000 beam_second=0.000000000 heat_cell_beam=0.000000000 beam_cell_heat=0.043127654 chosen_heat=0.043127654 chosen_beam=0.000000000 beam_entropy=0.000000000
DECISION branch_turn=148 cell=1,6 target_cluster=None
RESULT branch_turn=148 cell=1,6 result=MISS remaining_cells=1 target_cluster=None
BRANCH branch_turn=? n=18 remaining_cells=1 beam_states=0 heat_cell=5,1 beam_cell=5,1 chosen_cell=5,1 heat_rank_of_beam=1 beam_rank_of_heat=1 chosen_heat_rank=1 chosen_beam_rank=1 heat_best=0.041946706 heat_second=0.041348146 beam_best=0.000000000 beam_second=0.000000000 heat_cell_beam=0.000000000 beam_cell_heat=0.041946706 chosen_heat=0.041946706 chosen_beam=0.000000000 beam_entropy=0.000000000
DECISION branch_turn=149 cell=5,1 target_cluster=None
RESULT branch_turn=149 cell=5,1 result=MISS remaining_cells=1 target_cluster=None
BRANCH branch_turn=? n=18 remaining_cells=1 beam_states=0 heat_cell=1,4 beam_cell=1,4 chosen_cell=1,4 heat_rank_of_beam=1 beam_rank_of_heat=1 chosen_heat_rank=1 chosen_beam_rank=1 heat_best=0.041102482 heat_second=0.040987727 beam_best=0.000000000 beam_second=0.000000000 heat_cell_beam=0.000000000 beam_cell_heat=0.041102482 chosen_heat=0.041102482 chosen_beam=0.000000000 beam_entropy=0.000000000
DECISION branch_turn=150 cell=1,4 target_cluster=None
RESULT branch_turn=150 cell=1,4 result=MISS remaining_cells=1 target_cluster=None
BRANCH branch_turn=? n=18 remaining_cells=1 beam_states=0 heat_cell=0,5 beam_cell=0,5 chosen_cell=0,5 heat_rank_of_beam=1 beam_rank_of_heat=1 chosen_heat_rank=1 chosen_beam_rank=1 heat_best=0.041765071 heat_second=0.041471308 beam_best=0.000000000 beam_second=0.000000000 heat_cell_beam=0.000000000 beam_cell_heat=0.041765071 chosen_heat=0.041765071 chosen_beam=0.000000000 beam_entropy=0.000000000
DECISION branch_turn=151 cell=0,5 target_cluster=None
RESULT branch_turn=151 cell=0,5 result=MISS remaining_cells=1 target_cluster=None
BRANCH branch_turn=? n=18 remaining_cells=1 beam_states=0 heat_cell=2,4 beam_cell=2,4 chosen_cell=2,4 heat_rank_of_beam=1 beam_rank_of_heat=1 chosen_heat_rank=1 chosen_beam_rank=1 heat_best=0.043625586 heat_second=0.043193990 beam_best=0.000000000 beam_second=0.000000000 heat_cell_beam=0.000000000 beam_cell_heat=0.043625586 chosen_heat=0.043625586 chosen_beam=0.000000000 beam_entropy=0.000000000
DECISION branch_turn=152 cell=2,4 target_cluster=None
RESULT branch_turn=152 cell=2,4 result=MISS remaining_cells=1 target_cluster=None
BRANCH branch_turn=? n=18 remaining_cells=1 beam_states=0 heat_cell=1,5 beam_cell=1,5 chosen_cell=1,5 heat_rank_of_beam=1 beam_rank_of_heat=1 chosen_heat_rank=1 chosen_beam_rank=1 heat_best=0.043493768 heat_second=0.043369072 beam_best=0.000000000 beam_second=0.000000000 heat_cell_beam=0.000000000 beam_cell_heat=0.043493768 chosen_heat=0.043493768 chosen_beam=0.000000000 beam_entropy=0.000000000
DECISION branch_turn=153 cell=1,5 target_cluster=None
RESULT branch_turn=153 cell=1,5 result=MISS remaining_cells=1 target_cluster=None
BRANCH branch_turn=? n=18 remaining_cells=1 beam_states=0 heat_cell=2,3 beam_cell=2,3 chosen_cell=2,3 heat_rank_of_beam=1 beam_rank_of_heat=1 chosen_heat_rank=1 chosen_beam_rank=1 heat_best=0.042872646 heat_second=0.040425979 beam_best=0.000000000 beam_second=0.000000000 heat_cell_beam=0.000000000 beam_cell_heat=0.042872646 chosen_heat=0.042872646 chosen_beam=0.000000000 beam_entropy=0.000000000
DECISION branch_turn=154 cell=2,3 target_cluster=None
RESULT branch_turn=154 cell=2,3 result=MISS remaining_cells=1 target_cluster=None
BRANCH branch_turn=? n=18 remaining_cells=1 beam_states=0 heat_cell=3,1 beam_cell=3,1 chosen_cell=3,1 heat_rank_of_beam=1 beam_rank_of_heat=1 chosen_heat_rank=1 chosen_beam_rank=1 heat_best=0.042365355 heat_second=0.042255606 beam_best=0.000000000 beam_second=0.000000000 heat_cell_beam=0.000000000 beam_cell_heat=0.042365355 chosen_heat=0.042365355 chosen_beam=0.000000000 beam_entropy=0.000000000
DECISION branch_turn=155 cell=3,1 target_cluster=None
RESULT branch_turn=155 cell=3,1 result=MISS remaining_cells=1 target_cluster=None
BRANCH branch_turn=? n=18 remaining_cells=1 beam_states=0 heat_cell=3,2 beam_cell=3,2 chosen_cell=3,2 heat_rank_of_beam=1 beam_rank_of_heat=1 chosen_heat_rank=1 chosen_beam_rank=1 heat_best=0.042625193 heat_second=0.042298011 beam_best=0.000000000 beam_second=0.000000000 heat_cell_beam=0.000000000 beam_cell_heat=0.042625193 chosen_heat=0.042625193 chosen_beam=0.000000000 beam_entropy=0.000000000
DECISION branch_turn=156 cell=3,2 target_cluster=None
RESULT branch_turn=156 cell=3,2 result=MISS remaining_cells=1 target_cluster=None
BRANCH branch_turn=? n=18 remaining_cells=1 beam_states=0 heat_cell=0,6 beam_cell=0,6 chosen_cell=0,6 heat_rank_of_beam=1 beam_rank_of_heat=1 chosen_heat_rank=1 chosen_beam_rank=1 heat_best=0.042280119 heat_second=0.041623917 beam_best=0.000000000 beam_second=0.000000000 heat_cell_beam=0.000000000 beam_cell_heat=0.042280119 chosen_heat=0.042280119 chosen_beam=0.000000000 beam_entropy=0.000000000
DECISION branch_turn=157 cell=0,6 target_cluster=None
RESULT branch_turn=157 cell=0,6 result=MISS remaining_cells=1 target_cluster=None
BRANCH branch_turn=? n=18 remaining_cells=1 beam_states=0 heat_cell=1,3 beam_cell=1,3 chosen_cell=1,3 heat_rank_of_beam=1 beam_rank_of_heat=1 chosen_heat_rank=1 chosen_beam_rank=1 heat_best=0.042887229 heat_second=0.041699353 beam_best=0.000000000 beam_second=0.000000000 heat_cell_beam=0.000000000 beam_cell_heat=0.042887229 chosen_heat=0.042887229 chosen_beam=0.000000000 beam_entropy=0.000000000
DECISION branch_turn=158 cell=1,3 target_cluster=None
RESULT branch_turn=158 cell=1,3 result=MISS remaining_cells=1 target_cluster=None
BRANCH branch_turn=? n=18 remaining_cells=1 beam_states=0 heat_cell=4,1 beam_cell=4,1 chosen_cell=4,1 heat_rank_of_beam=1 beam_rank_of_heat=1 chosen_heat_rank=1 chosen_beam_rank=1 heat_best=0.044290885 heat_second=0.043102101 beam_best=0.000000000 beam_second=0.000000000 heat_cell_beam=0.000000000 beam_cell_heat=0.044290885 chosen_heat=0.044290885 chosen_beam=0.000000000 beam_entropy=0.000000000
DECISION branch_turn=159 cell=4,1 target_cluster=None
RESULT branch_turn=159 cell=4,1 result=MISS remaining_cells=1 target_cluster=None
BRANCH branch_turn=? n=18 remaining_cells=1 beam_states=0 heat_cell=0,4 beam_cell=0,4 chosen_cell=0,4 heat_rank_of_beam=1 beam_rank_of_heat=1 chosen_heat_rank=1 chosen_beam_rank=1 heat_best=0.043538921 heat_second=0.042209877 beam_best=0.000000000 beam_second=0.000000000 heat_cell_beam=0.000000000 beam_cell_heat=0.043538921 chosen_heat=0.043538921 chosen_beam=0.000000000 beam_entropy=0.000000000
DECISION branch_turn=160 cell=0,4 target_cluster=None
RESULT branch_turn=160 cell=0,4 result=MISS remaining_cells=1 target_cluster=None
BRANCH branch_turn=? n=18 remaining_cells=1 beam_states=0 heat_cell=0,3 beam_cell=0,3 chosen_cell=0,3 heat_rank_of_beam=1 beam_rank_of_heat=1 chosen_heat_rank=1 chosen_beam_rank=1 heat_best=0.043344410 heat_second=0.043035286 beam_best=0.000000000 beam_second=0.000000000 heat_cell_beam=0.000000000 beam_cell_heat=0.043344410 chosen_heat=0.043344410 chosen_beam=0.000000000 beam_entropy=0.000000000
DECISION branch_turn=161 cell=0,3 target_cluster=None
RESULT branch_turn=161 cell=0,3 result=MISS remaining_cells=1 target_cluster=None
BRANCH branch_turn=? n=18 remaining_cells=1 beam_states=0 heat_cell=2,2 beam_cell=2,2 chosen_cell=2,2 heat_rank_of_beam=1 beam_rank_of_heat=1 chosen_heat_rank=1 chosen_beam_rank=1 heat_best=0.044713815 heat_second=0.043798897 beam_best=0.000000000 beam_second=0.000000000 heat_cell_beam=0.000000000 beam_cell_heat=0.044713815 chosen_heat=0.044713815 chosen_beam=0.000000000 beam_entropy=0.000000000
DECISION branch_turn=162 cell=2,2 target_cluster=None
RESULT branch_turn=162 cell=2,2 result=MISS remaining_cells=1 target_cluster=None
BRANCH branch_turn=? n=18 remaining_cells=1 beam_states=0 heat_cell=1,0 beam_cell=1,0 chosen_cell=1,0 heat_rank_of_beam=1 beam_rank_of_heat=1 chosen_heat_rank=1 chosen_beam_rank=1 heat_best=0.042454091 heat_second=0.041312062 beam_best=0.000000000 beam_second=0.000000000 heat_cell_beam=0.000000000 beam_cell_heat=0.042454091 chosen_heat=0.042454091 chosen_beam=0.000000000 beam_entropy=0.000000000
DECISION branch_turn=163 cell=1,0 target_cluster=None
RESULT branch_turn=163 cell=1,0 result=MISS remaining_cells=1 target_cluster=None
BRANCH branch_turn=? n=18 remaining_cells=1 beam_states=0 heat_cell=2,1 beam_cell=2,1 chosen_cell=2,1 heat_rank_of_beam=1 beam_rank_of_heat=1 chosen_heat_rank=1 chosen_beam_rank=1 heat_best=0.044462484 heat_second=0.044433300 beam_best=0.000000000 beam_second=0.000000000 heat_cell_beam=0.000000000 beam_cell_heat=0.044462484 chosen_heat=0.044462484 chosen_beam=0.000000000 beam_entropy=0.000000000
DECISION branch_turn=164 cell=2,1 target_cluster=None
RESULT branch_turn=164 cell=2,1 result=MISS remaining_cells=1 target_cluster=None
BRANCH branch_turn=? n=18 remaining_cells=1 beam_states=0 heat_cell=1,2 beam_cell=1,2 chosen_cell=1,2 heat_rank_of_beam=1 beam_rank_of_heat=1 chosen_heat_rank=1 chosen_beam_rank=1 heat_best=0.043854981 heat_second=0.043301222 beam_best=0.000000000 beam_second=0.000000000 heat_cell_beam=0.000000000 beam_cell_heat=0.043854981 chosen_heat=0.043854981 chosen_beam=0.000000000 beam_entropy=0.000000000
DECISION branch_turn=165 cell=1,2 target_cluster=None
RESULT branch_turn=165 cell=1,2 result=MISS remaining_cells=1 target_cluster=None
BRANCH branch_turn=? n=18 remaining_cells=1 beam_states=0 heat_cell=1,1 beam_cell=1,1 chosen_cell=1,1 heat_rank_of_beam=1 beam_rank_of_heat=1 chosen_heat_rank=1 chosen_beam_rank=1 heat_best=0.044830380 heat_second=0.044338983 beam_best=0.000000000 beam_second=0.000000000 heat_cell_beam=0.000000000 beam_cell_heat=0.044830380 chosen_heat=0.044830380 chosen_beam=0.000000000 beam_entropy=0.000000000
DECISION branch_turn=166 cell=1,1 target_cluster=None
RESULT branch_turn=166 cell=1,1 result=MISS remaining_cells=1 target_cluster=None
BRANCH branch_turn=? n=18 remaining_cells=1 beam_states=0 heat_cell=3,0 beam_cell=3,0 chosen_cell=3,0 heat_rank_of_beam=1 beam_rank_of_heat=1 chosen_heat_rank=1 chosen_beam_rank=1 heat_best=0.046309841 heat_second=0.044711382 beam_best=0.000000000 beam_second=0.000000000 heat_cell_beam=0.000000000 beam_cell_heat=0.046309841 chosen_heat=0.046309841 chosen_beam=0.000000000 beam_entropy=0.000000000
DECISION branch_turn=167 cell=3,0 target_cluster=None
RESULT branch_turn=167 cell=3,0 result=MISS remaining_cells=1 target_cluster=None
BRANCH branch_turn=? n=18 remaining_cells=1 beam_states=0 heat_cell=0,1 beam_cell=0,1 chosen_cell=0,1 heat_rank_of_beam=1 beam_rank_of_heat=1 chosen_heat_rank=1 chosen_beam_rank=1 heat_best=0.044635314 heat_second=0.042647346 beam_best=0.000000000 beam_second=0.000000000 heat_cell_beam=0.000000000 beam_cell_heat=0.044635314 chosen_heat=0.044635314 chosen_beam=0.000000000 beam_entropy=0.000000000
DECISION branch_turn=168 cell=0,1 target_cluster=None
RESULT branch_turn=168 cell=0,1 result=MISS remaining_cells=1 target_cluster=None
BRANCH branch_turn=? n=18 remaining_cells=1 beam_states=0 heat_cell=0,2 beam_cell=0,2 chosen_cell=0,2 heat_rank_of_beam=1 beam_rank_of_heat=1 chosen_heat_rank=1 chosen_beam_rank=1 heat_best=0.042761243 heat_second=0.042601283 beam_best=0.000000000 beam_second=0.000000000 heat_cell_beam=0.000000000 beam_cell_heat=0.042761243 chosen_heat=0.042761243 chosen_beam=0.000000000 beam_entropy=0.000000000
DECISION branch_turn=169 cell=0,2 target_cluster=None
RESULT branch_turn=169 cell=0,2 result=MISS remaining_cells=1 target_cluster=None
BRANCH branch_turn=? n=18 remaining_cells=1 beam_states=0 heat_cell=2,0 beam_cell=2,0 chosen_cell=2,0 heat_rank_of_beam=1 beam_rank_of_heat=1 chosen_heat_rank=1 chosen_beam_rank=1 heat_best=0.044919634 heat_second=0.044745906 beam_best=0.000000000 beam_second=0.000000000 heat_cell_beam=0.000000000 beam_cell_heat=0.044919634 chosen_heat=0.044919634 chosen_beam=0.000000000 beam_entropy=0.000000000
DECISION branch_turn=170 cell=2,0 target_cluster=None
RESULT branch_turn=170 cell=2,0 result=MISS remaining_cells=1 target_cluster=None
BRANCH branch_turn=? n=18 remaining_cells=1 beam_states=0 heat_cell=0,0 beam_cell=0,0 chosen_cell=0,0 heat_rank_of_beam=1 beam_rank_of_heat=1 chosen_heat_rank=1 chosen_beam_rank=1 heat_best=0.043823878 heat_second=0.037849525 beam_best=0.000000000 beam_second=0.000000000 heat_cell_beam=0.000000000 beam_cell_heat=0.043823878 chosen_heat=0.043823878 chosen_beam=0.000000000 beam_entropy=0.000000000
DECISION branch_turn=171 cell=0,0 target_cluster=None
RESULT branch_turn=171 cell=0,0 result=KILL remaining_cells=1 target_cluster=None
