GAME n=15 p=0.409979019 remaining=[0, 0, 1, 2, 1, 3, 0, 1]
BRANCH branch_turn=? n=15 remaining_cells=34 beam_states=147 heat_cell=8,9 beam_cell=8,9 chosen_cell=8,9 heat_rank_of_beam=1 beam_rank_of_heat=1 chosen_heat_rank=1 chosen_beam_rank=1 heat_best=1.326653121 heat_second=1.322635542 beam_best=1.311142757 beam_second=1.311142757 heat_cell_beam=1.311142757 beam_cell_heat=1.326653121 chosen_heat=1.326653121 chosen_beam=1.311142757 beam_entropy=3.710720280
DECISION branch_turn=1 cell=8,9 target_cluster=None
RESULT branch_turn=1 cell=8,9 result=MISS remaining_cells=34 target_cluster=None
BRANCH branch_turn=? n=15 remaining_cells=34 beam_states=154 heat_cell=9,8 beam_cell=9,8 chosen_cell=9,8 heat_rank_of_beam=1 beam_rank_of_heat=1 chosen_heat_rank=1 chosen_beam_rank=1 heat_best=1.372110419 heat_second=1.361577965 beam_best=1.355982580 beam_second=1.355982580 heat_cell_beam=1.355982580 beam_cell_heat=1.372110419 chosen_heat=1.372110419 chosen_beam=1.355982580 beam_entropy=3.732866483
DECISION branch_turn=2 cell=9,8 target_cluster=None
RESULT branch_turn=2 cell=9,8 result=MISS remaining_cells=34 target_cluster=None
BRANCH branch_turn=? n=15 remaining_cells=34 beam_states=130 heat_cell=7,10 beam_cell=7,10 chosen_cell=7,10 heat_rank_of_beam=1 beam_rank_of_heat=1 chosen_heat_rank=1 chosen_beam_rank=1 heat_best=1.413721349 heat_second=1.380473992 beam_best=1.399194864 beam_second=1.399194864 heat_cell_beam=1.399194864 beam_cell_heat=1.413721349 chosen_heat=1.413721349 chosen_beam=1.399194864 beam_entropy=3.745850382
DECISION branch_turn=3 cell=7,10 target_cluster=None
RESULT branch_turn=3 cell=7,10 result=MISS remaining_cells=34 target_cluster=None
BRANCH branch_turn=? n=15 remaining_cells=34 beam_states=168 heat_cell=10,7 beam_cell=10,7 chosen_cell=10,7 heat_rank_of_beam=1 beam_rank_of_heat=1 chosen_heat_rank=1 chosen_beam_rank=1 heat_best=1.424567620 heat_second=1.218995102 beam_best=1.412330460 beam_second=1.412330460 heat_cell_beam=1.412330460 beam_cell_heat=1.424567620 chosen_heat=1.424567620 chosen_beam=1.412330460 beam_entropy=3.738137970
DECISION branch_turn=4 cell=10,7 target_cluster=None
RESULT branch_turn=4 cell=10,7 result=MISS remaining_cells=34 target_cluster=None
BRANCH branch_turn=? n=15 remaining_cells=34 beam_states=168 heat_cell=9,11 beam_cell=7,7 chosen_cell=7,7 heat_rank_of_beam=2 beam_rank_of_heat=34 chosen_heat_rank=2 chosen_beam_rank=1 heat_best=1.005446432 heat_second=0.985845621 beam_best=1.312683076 beam_second=1.312683076 heat_cell_beam=0.711036666 beam_cell_heat=0.985845621 chosen_heat=0.985845621 chosen_beam=1.312683076 beam_entropy=3.740061460
FORCE branch_turn=5 from=7,7 to=9,11
DECISION branch_turn=5 cell=9,11 target_cluster=None
RESULT branch_turn=5 cell=9,11 result=MISS remaining_cells=34 target_cluster=None
BRANCH branch_turn=? n=15 remaining_cells=34 beam_states=172 heat_cell=11,10 beam_cell=5,8 chosen_cell=11,9 heat_rank_of_beam=11 beam_rank_of_heat=25 chosen_heat_rank=2 chosen_beam_rank=17 heat_best=1.191745199 heat_second=1.180067654 beam_best=1.286368774 beam_second=1.286368774 heat_cell_beam=0.942339916 beam_cell_heat=0.866592094 chosen_heat=1.180067654 chosen_beam=1.219058780 beam_entropy=3.840173348
DECISION branch_turn=6 cell=11,9 target_cluster=None
RESULT branch_turn=6 cell=11,9 result=MISS remaining_cells=34 target_cluster=None
BRANCH branch_turn=? n=15 remaining_cells=34 beam_states=155 heat_cell=10,12 beam_cell=10,10 chosen_cell=8,12 heat_rank_of_beam=3 beam_rank_of_heat=35 chosen_heat_rank=2 chosen_beam_rank=23 heat_best=1.119744191 heat_second=1.116536114 beam_best=1.335023053 beam_second=1.335023053 heat_cell_beam=0.585687533 beam_cell_heat=1.088155648 chosen_heat=1.116536114 chosen_beam=1.024953182 beam_entropy=3.877928935
DECISION branch_turn=7 cell=8,12 target_cluster=None
RESULT branch_turn=7 cell=8,12 result=MISS remaining_cells=34 target_cluster=None
BRANCH branch_turn=? n=15 remaining_cells=34 beam_states=145 heat_cell=12,10 beam_cell=10,10 chosen_cell=12,10 heat_rank_of_beam=3 beam_rank_of_heat=31 chosen_heat_rank=1 chosen_beam_rank=31 heat_best=1.216240260 heat_second=1.167391264 beam_best=1.372564580 beam_second=1.372564580 heat_cell_beam=0.814072786 beam_cell_heat=1.123204803 chosen_heat=1.216240260 chosen_beam=0.814072786 beam_entropy=3.881237789
DECISION branch_turn=8 cell=12,10 target_cluster=None
RESULT branch_turn=8 cell=12,10 result=MISS remaining_cells=34 target_cluster=None
BRANCH branch_turn=? n=15 remaining_cells=34 beam_states=128 heat_cell=13,8 beam_cell=5,8 chosen_cell=13,8 heat_rank_of_beam=3 beam_rank_of_heat=37 chosen_heat_rank=1 chosen_beam_rank=37 heat_best=0.988322050 heat_second=0.945163022 beam_best=1.319417696 beam_second=1.319417696 heat_cell_beam=0.556629341 beam_cell_heat=0.938838789 chosen_heat=0.988322050 chosen_beam=0.556629341 beam_entropy=3.873022222
DECISION branch_turn=9 cell=13,8 target_cluster=None
RESULT branch_turn=9 cell=13,8 result=MISS remaining_cells=34 target_cluster=None
BRANCH branch_turn=? n=15 remaining_cells=34 beam_states=142 heat_cell=10,13 beam_cell=5,8 chosen_cell=5,8 heat_rank_of_beam=2 beam_rank_of_heat=60 chosen_heat_rank=2 chosen_beam_rank=1 heat_best=0.992015344 heat_second=0.967917985 beam_best=1.373461349 beam_second=1.373461349 heat_cell_beam=0.067705841 beam_cell_heat=0.967917985 chosen_heat=0.967917985 chosen_beam=1.373461349 beam_entropy=3.950006724
DECISION branch_turn=10 cell=5,8 target_cluster=None
RESULT branch_turn=10 cell=5,8 result=MISS remaining_cells=34 target_cluster=None
BRANCH branch_turn=? n=15 remaining_cells=34 beam_states=153 heat_cell=10,13 beam_cell=6,9 chosen_cell=10,13 heat_rank_of_beam=8 beam_rank_of_heat=56 chosen_heat_rank=1 chosen_beam_rank=56 heat_best=1.044960879 heat_second=0.998314036 beam_best=1.431077540 beam_second=1.431077540 heat_cell_beam=0.121594824 beam_cell_heat=0.880698671 chosen_heat=1.044960879 chosen_beam=0.121594824 beam_entropy=3.967722183
DECISION branch_turn=11 cell=10,13 target_cluster=None
RESULT branch_turn=11 cell=10,13 result=HIT remaining_cells=34 target_cluster=None
DECISION branch_turn=12 cell=9,13 target_cluster=Some(0)
RESULT branch_turn=12 cell=9,13 result=HIT remaining_cells=33 target_cluster=Some(0)
DECISION branch_turn=13 cell=8,13 target_cluster=Some(0)
RESULT branch_turn=13 cell=8,13 result=HIT remaining_cells=32 target_cluster=Some(0)
DECISION branch_turn=14 cell=7,13 target_cluster=Some(0)
RESULT branch_turn=14 cell=7,13 result=HIT remaining_cells=31 target_cluster=Some(0)
DECISION branch_turn=15 cell=6,13 target_cluster=Some(0)
RESULT branch_turn=15 cell=6,13 result=MISS remaining_cells=30 target_cluster=Some(0)
DECISION branch_turn=16 cell=11,13 target_cluster=Some(0)
RESULT branch_turn=16 cell=11,13 result=KILL remaining_cells=30 target_cluster=Some(0)
BRANCH branch_turn=? n=15 remaining_cells=29 beam_states=115 heat_cell=4,9 beam_cell=6,9 chosen_cell=4,9 heat_rank_of_beam=4 beam_rank_of_heat=16 chosen_heat_rank=1 chosen_beam_rank=16 heat_best=0.961843049 heat_second=0.907662664 beam_best=1.193529620 beam_second=1.193529620 heat_cell_beam=1.006716288 beam_cell_heat=0.822710773 chosen_heat=0.961843049 chosen_beam=1.006716288 beam_entropy=3.773497249
DECISION branch_turn=17 cell=4,9 target_cluster=None
RESULT branch_turn=17 cell=4,9 result=MISS remaining_cells=29 target_cluster=None
BRANCH branch_turn=? n=15 remaining_cells=29 beam_states=82 heat_cell=3,7 beam_cell=6,7 chosen_cell=3,7 heat_rank_of_beam=4 beam_rank_of_heat=13 chosen_heat_rank=1 chosen_beam_rank=13 heat_best=0.949283982 heat_second=0.890368806 beam_best=1.200335943 beam_second=1.200335943 heat_cell_beam=1.112506484 beam_cell_heat=0.798267791 chosen_heat=0.949283982 chosen_beam=1.112506484 beam_entropy=3.781974318
DECISION branch_turn=18 cell=3,7 target_cluster=None
RESULT branch_turn=18 cell=3,7 result=HIT remaining_cells=29 target_cluster=None
DECISION branch_turn=19 cell=3,6 target_cluster=Some(0)
RESULT branch_turn=19 cell=3,6 result=HIT remaining_cells=28 target_cluster=Some(0)
DECISION branch_turn=20 cell=3,5 target_cluster=Some(0)
RESULT branch_turn=20 cell=3,5 result=HIT remaining_cells=27 target_cluster=Some(0)
DECISION branch_turn=21 cell=3,4 target_cluster=Some(0)
RESULT branch_turn=21 cell=3,4 result=MISS remaining_cells=26 target_cluster=Some(0)
DECISION branch_turn=22 cell=3,8 target_cluster=Some(0)
RESULT branch_turn=22 cell=3,8 result=HIT remaining_cells=26 target_cluster=Some(0)
DECISION branch_turn=23 cell=3,9 target_cluster=Some(0)
RESULT branch_turn=23 cell=3,9 result=HIT remaining_cells=25 target_cluster=Some(0)
DECISION branch_turn=24 cell=3,10 target_cluster=Some(0)
RESULT branch_turn=24 cell=3,10 result=HIT remaining_cells=24 target_cluster=Some(0)
DECISION branch_turn=25 cell=3,11 target_cluster=Some(0)
RESULT branch_turn=25 cell=3,11 result=KILL remaining_cells=23 target_cluster=Some(0)
BRANCH branch_turn=? n=15 remaining_cells=22 beam_states=150 heat_cell=10,10 beam_cell=8,6 chosen_cell=10,10 heat_rank_of_beam=10 beam_rank_of_heat=5 chosen_heat_rank=1 chosen_beam_rank=5 heat_best=0.616979511 heat_second=0.612105287 beam_best=0.921307494 beam_second=0.921307494 heat_cell_beam=0.902881344 beam_cell_heat=0.537598906 chosen_heat=0.616979511 chosen_beam=0.902881344 beam_entropy=3.606564929
DECISION branch_turn=26 cell=10,10 target_cluster=None
RESULT branch_turn=26 cell=10,10 result=HIT remaining_cells=22 target_cluster=None
DECISION branch_turn=27 cell=10,11 target_cluster=Some(0)
RESULT branch_turn=27 cell=10,11 result=HIT remaining_cells=21 target_cluster=Some(0)
DECISION branch_turn=28 cell=10,9 target_cluster=Some(0)
RESULT branch_turn=28 cell=10,9 result=HIT remaining_cells=20 target_cluster=Some(0)
DECISION branch_turn=29 cell=10,12 target_cluster=Some(0)
RESULT branch_turn=29 cell=10,12 result=HIT remaining_cells=19 target_cluster=Some(0)
DECISION branch_turn=30 cell=10,8 target_cluster=Some(0)
RESULT branch_turn=30 cell=10,8 result=KILL remaining_cells=18 target_cluster=Some(0)
BRANCH branch_turn=? n=15 remaining_cells=17 beam_states=126 heat_cell=8,5 beam_cell=8,6 chosen_cell=8,5 heat_rank_of_beam=2 beam_rank_of_heat=7 chosen_heat_rank=1 chosen_beam_rank=7 heat_best=0.497719188 heat_second=0.490336243 beam_best=0.656834754 beam_second=0.656834754 heat_cell_beam=0.578640141 beam_cell_heat=0.490336243 chosen_heat=0.497719188 chosen_beam=0.578640141 beam_entropy=3.479407217
DECISION branch_turn=31 cell=8,5 target_cluster=None
RESULT branch_turn=31 cell=8,5 result=MISS remaining_cells=17 target_cluster=None
BRANCH branch_turn=? n=15 remaining_cells=17 beam_states=139 heat_cell=9,4 beam_cell=6,8 chosen_cell=9,4 heat_rank_of_beam=52 beam_rank_of_heat=15 chosen_heat_rank=1 chosen_beam_rank=15 heat_best=0.466564831 heat_second=0.441576830 beam_best=0.685169669 beam_second=0.675311113 heat_cell_beam=0.359837308 beam_cell_heat=0.268150949 chosen_heat=0.466564831 chosen_beam=0.359837308 beam_entropy=3.476356503
DECISION branch_turn=32 cell=9,4 target_cluster=None
RESULT branch_turn=32 cell=9,4 result=MISS remaining_cells=17 target_cluster=None
BRANCH branch_turn=? n=15 remaining_cells=17 beam_states=129 heat_cell=7,3 beam_cell=6,8 chosen_cell=7,3 heat_rank_of_beam=51 beam_rank_of_heat=10 chosen_heat_rank=1 chosen_beam_rank=10 heat_best=0.458608092 heat_second=0.438320546 beam_best=0.679749753 beam_second=0.658672241 heat_cell_beam=0.442627746 beam_cell_heat=0.269802328 chosen_heat=0.458608092 chosen_beam=0.442627746 beam_entropy=3.509670503
DECISION branch_turn=33 cell=7,3 target_cluster=None
RESULT branch_turn=33 cell=7,3 result=MISS remaining_cells=17 target_cluster=None
BRANCH branch_turn=? n=15 remaining_cells=17 beam_states=132 heat_cell=11,6 beam_cell=8,6 chosen_cell=11,6 heat_rank_of_beam=5 beam_rank_of_heat=6 chosen_heat_rank=1 chosen_beam_rank=6 heat_best=0.514479249 heat_second=0.462978534 beam_best=0.681312050 beam_second=0.660666231 heat_cell_beam=0.552275677 beam_cell_heat=0.404443109 chosen_heat=0.514479249 chosen_beam=0.552275677 beam_entropy=3.553274693
DECISION branch_turn=34 cell=11,6 target_cluster=None
RESULT branch_turn=34 cell=11,6 result=HIT remaining_cells=17 target_cluster=None
DECISION branch_turn=35 cell=10,6 target_cluster=Some(0)
RESULT branch_turn=35 cell=10,6 result=MISS remaining_cells=16 target_cluster=Some(0)
DECISION branch_turn=36 cell=11,5 target_cluster=Some(0)
RESULT branch_turn=36 cell=11,5 result=HIT remaining_cells=16 target_cluster=Some(0)
DECISION branch_turn=37 cell=11,4 target_cluster=Some(0)
RESULT branch_turn=37 cell=11,4 result=MISS remaining_cells=15 target_cluster=Some(0)
DECISION branch_turn=38 cell=11,7 target_cluster=Some(0)
RESULT branch_turn=38 cell=11,7 result=KILL remaining_cells=15 target_cluster=Some(0)
BRANCH branch_turn=? n=15 remaining_cells=14 beam_states=111 heat_cell=14,9 beam_cell=6,8 chosen_cell=12,7 heat_rank_of_beam=12 beam_rank_of_heat=53 chosen_heat_rank=4 chosen_beam_rank=8 heat_best=0.361085246 heat_second=0.356423137 beam_best=0.544979864 beam_second=0.465710066 heat_cell_beam=0.004954362 beam_cell_heat=0.302660394 chosen_heat=0.347218355 chosen_beam=0.351759730 beam_entropy=3.513977643
DECISION branch_turn=39 cell=12,7 target_cluster=None
RESULT branch_turn=39 cell=12,7 result=MISS remaining_cells=14 target_cluster=None
BRANCH branch_turn=? n=15 remaining_cells=14 beam_states=135 heat_cell=14,11 beam_cell=8,6 chosen_cell=14,11 heat_rank_of_beam=34 beam_rank_of_heat=22 chosen_heat_rank=1 chosen_beam_rank=22 heat_best=0.401935444 heat_second=0.387687886 beam_best=0.553034210 beam_second=0.548812575 heat_cell_beam=0.109762515 beam_cell_heat=0.219455130 chosen_heat=0.401935444 chosen_beam=0.109762515 beam_entropy=3.730153492
DECISION branch_turn=40 cell=14,11 target_cluster=None
RESULT branch_turn=40 cell=14,11 result=MISS remaining_cells=14 target_cluster=None
BRANCH branch_turn=? n=15 remaining_cells=14 beam_states=139 heat_cell=10,14 beam_cell=8,6 chosen_cell=10,14 heat_rank_of_beam=33 beam_rank_of_heat=41 chosen_heat_rank=1 chosen_beam_rank=41 heat_best=0.383018609 heat_second=0.377445003 beam_best=0.576731830 beam_second=0.568312388 heat_cell_beam=0.050516657 beam_cell_heat=0.226190893 chosen_heat=0.383018609 chosen_beam=0.050516657 beam_entropy=3.756722781
DECISION branch_turn=41 cell=10,14 target_cluster=None
RESULT branch_turn=41 cell=10,14 result=HIT remaining_cells=14 target_cluster=None
DECISION branch_turn=42 cell=9,14 target_cluster=Some(0)
RESULT branch_turn=42 cell=9,14 result=MISS remaining_cells=13 target_cluster=Some(0)
DECISION branch_turn=43 cell=11,14 target_cluster=Some(0)
RESULT branch_turn=43 cell=11,14 result=HIT remaining_cells=13 target_cluster=Some(0)
DECISION branch_turn=44 cell=12,14 target_cluster=Some(0)
RESULT branch_turn=44 cell=12,14 result=HIT remaining_cells=12 target_cluster=Some(0)
DECISION branch_turn=45 cell=13,14 target_cluster=Some(0)
RESULT branch_turn=45 cell=13,14 result=KILL remaining_cells=11 target_cluster=Some(0)
BRANCH branch_turn=? n=15 remaining_cells=10 beam_states=93 heat_cell=6,6 beam_cell=6,6 chosen_cell=6,6 heat_rank_of_beam=1 beam_rank_of_heat=1 chosen_heat_rank=1 chosen_beam_rank=1 heat_best=0.374109841 heat_second=0.300500212 beam_best=0.419696696 beam_second=0.373063730 heat_cell_beam=0.419696696 beam_cell_heat=0.374109841 chosen_heat=0.374109841 chosen_beam=0.419696696 beam_entropy=3.171341042
DECISION branch_turn=46 cell=6,6 target_cluster=None
RESULT branch_turn=46 cell=6,6 result=MISS remaining_cells=10 target_cluster=None
BRANCH branch_turn=? n=15 remaining_cells=10 beam_states=53 heat_cell=6,11 beam_cell=6,9 chosen_cell=6,11 heat_rank_of_beam=8 beam_rank_of_heat=3 chosen_heat_rank=1 chosen_beam_rank=3 heat_best=0.293677537 heat_second=0.292530573 beam_best=0.439475798 beam_second=0.408814696 heat_cell_beam=0.398594329 beam_cell_heat=0.269231268 chosen_heat=0.293677537 chosen_beam=0.398594329 beam_entropy=3.388067912
DECISION branch_turn=47 cell=6,11 target_cluster=None
RESULT branch_turn=47 cell=6,11 result=MISS remaining_cells=10 target_cluster=None
BRANCH branch_turn=? n=15 remaining_cells=10 beam_states=73 heat_cell=5,2 beam_cell=8,8 chosen_cell=5,4 heat_rank_of_beam=73 beam_rank_of_heat=32 chosen_heat_rank=2 chosen_beam_rank=4 heat_best=0.307644403 heat_second=0.307122399 beam_best=0.450464359 beam_second=0.423436497 heat_cell_beam=0.045046436 beam_cell_heat=0.194463811 chosen_heat=0.307122399 chosen_beam=0.342352913 beam_entropy=3.798204882
DECISION branch_turn=48 cell=5,4 target_cluster=None
RESULT branch_turn=48 cell=5,4 result=MISS remaining_cells=10 target_cluster=None
BRANCH branch_turn=? n=15 remaining_cells=10 beam_states=46 heat_cell=6,2 beam_cell=8,8 chosen_cell=4,3 heat_rank_of_beam=77 beam_rank_of_heat=15 chosen_heat_rank=2 chosen_beam_rank=14 heat_best=0.329976010 heat_second=0.328440802 beam_best=0.468086785 beam_second=0.401217244 heat_cell_beam=0.150456467 beam_cell_heat=0.197803927 chosen_heat=0.328440802 chosen_beam=0.167173852 beam_entropy=3.689828431
DECISION branch_turn=49 cell=4,3 target_cluster=None
RESULT branch_turn=49 cell=4,3 result=MISS remaining_cells=10 target_cluster=None
BRANCH branch_turn=? n=15 remaining_cells=10 beam_states=37 heat_cell=6,2 beam_cell=9,6 chosen_cell=6,2 heat_rank_of_beam=82 beam_rank_of_heat=17 chosen_heat_rank=1 chosen_beam_rank=17 heat_best=0.355228604 heat_second=0.335594280 beam_best=0.460921245 beam_second=0.398068348 heat_cell_beam=0.188558691 beam_cell_heat=0.194265559 chosen_heat=0.355228604 chosen_beam=0.188558691 beam_entropy=3.683424847
DECISION branch_turn=50 cell=6,2 target_cluster=None
RESULT branch_turn=50 cell=6,2 result=MISS remaining_cells=10 target_cluster=None
BRANCH branch_turn=? n=15 remaining_cells=10 beam_states=33 heat_cell=2,7 beam_cell=9,6 chosen_cell=2,7 heat_rank_of_beam=80 beam_rank_of_heat=5 chosen_heat_rank=1 chosen_beam_rank=5 heat_best=0.333342362 heat_second=0.328103508 beam_best=0.471346350 beam_second=0.333870331 heat_cell_beam=0.274952037 beam_cell_heat=0.200958165 chosen_heat=0.333342362 chosen_beam=0.274952037 beam_entropy=3.438930385
DECISION branch_turn=51 cell=2,7 target_cluster=None
RESULT branch_turn=51 cell=2,7 result=MISS remaining_cells=10 target_cluster=None
BRANCH branch_turn=? n=15 remaining_cells=10 beam_states=30 heat_cell=5,12 beam_cell=4,7 chosen_cell=5,12 heat_rank_of_beam=26 beam_rank_of_heat=10 chosen_heat_rank=1 chosen_beam_rank=10 heat_best=0.365363724 heat_second=0.355442964 beam_best=0.490512748 beam_second=0.465987111 heat_cell_beam=0.196205099 beam_cell_heat=0.262470083 chosen_heat=0.365363724 chosen_beam=0.196205099 beam_entropy=3.646416623
DECISION branch_turn=52 cell=5,12 target_cluster=None
RESULT branch_turn=52 cell=5,12 result=MISS remaining_cells=10 target_cluster=None
BRANCH branch_turn=? n=15 remaining_cells=10 beam_states=32 heat_cell=10,1 beam_cell=4,7 chosen_cell=10,1 heat_rank_of_beam=23 beam_rank_of_heat=15 chosen_heat_rank=1 chosen_beam_rank=15 heat_best=0.379717771 heat_second=0.359537655 beam_best=0.513622344 beam_second=0.366873103 heat_cell_beam=0.110061931 beam_cell_heat=0.276405281 chosen_heat=0.379717771 chosen_beam=0.110061931 beam_entropy=3.493419678
DECISION branch_turn=53 cell=10,1 target_cluster=None
RESULT branch_turn=53 cell=10,1 result=MISS remaining_cells=10 target_cluster=None
BRANCH branch_turn=? n=15 remaining_cells=10 beam_states=34 heat_cell=12,3 beam_cell=4,7 chosen_cell=12,3 heat_rank_of_beam=23 beam_rank_of_heat=14 chosen_heat_rank=1 chosen_beam_rank=14 heat_best=0.389151504 heat_second=0.351347717 beam_best=0.509591524 beam_second=0.363993946 heat_cell_beam=0.145597578 beam_cell_heat=0.277069181 chosen_heat=0.389151504 chosen_beam=0.145597578 beam_entropy=3.459833011
DECISION branch_turn=54 cell=12,3 target_cluster=None
RESULT branch_turn=54 cell=12,3 result=MISS remaining_cells=10 target_cluster=None
BRANCH branch_turn=? n=15 remaining_cells=10 beam_states=47 heat_cell=8,0 beam_cell=4,7 chosen_cell=8,0 heat_rank_of_beam=34 beam_rank_of_heat=16 chosen_heat_rank=1 chosen_beam_rank=16 heat_best=0.379790148 heat_second=0.357228679 beam_best=0.511459061 beam_second=0.400873318 heat_cell_beam=0.138232179 beam_cell_heat=0.286548562 chosen_heat=0.379790148 chosen_beam=0.138232179 beam_entropy=3.640232564
DECISION branch_turn=55 cell=8,0 target_cluster=None
RESULT branch_turn=55 cell=8,0 result=MISS remaining_cells=10 target_cluster=None
BRANCH branch_turn=? n=15 remaining_cells=10 beam_states=52 heat_cell=4,14 beam_cell=4,7 chosen_cell=1,8 heat_rank_of_beam=30 beam_rank_of_heat=65 chosen_heat_rank=2 chosen_beam_rank=24 heat_best=0.378598344 heat_second=0.363540314 beam_best=0.545879838 beam_second=0.504938850 heat_cell_beam=0.000000000 beam_cell_heat=0.303215749 chosen_heat=0.363540314 chosen_beam=0.068234980 beam_entropy=3.599821879
DECISION branch_turn=56 cell=1,8 target_cluster=None
RESULT branch_turn=56 cell=1,8 result=MISS remaining_cells=10 target_cluster=None
BRANCH branch_turn=? n=15 remaining_cells=10 beam_states=48 heat_cell=4,14 beam_cell=4,7 chosen_cell=4,14 heat_rank_of_beam=22 beam_rank_of_heat=60 chosen_heat_rank=1 chosen_beam_rank=60 heat_best=0.407561571 heat_second=0.380750154 beam_best=0.588419770 beam_second=0.545364665 heat_cell_beam=0.000000000 beam_cell_heat=0.324289896 chosen_heat=0.407561571 chosen_beam=0.000000000 beam_entropy=3.476944434
DECISION branch_turn=57 cell=4,14 target_cluster=None
RESULT branch_turn=57 cell=4,14 result=MISS remaining_cells=10 target_cluster=None
BRANCH branch_turn=? n=15 remaining_cells=10 beam_states=59 heat_cell=5,1 beam_cell=4,7 chosen_cell=5,1 heat_rank_of_beam=22 beam_rank_of_heat=15 chosen_heat_rank=1 chosen_beam_rank=15 heat_best=0.397362966 heat_second=0.382254124 beam_best=0.577867368 beam_second=0.507108098 heat_cell_beam=0.094345693 beam_cell_heat=0.325944362 chosen_heat=0.397362966 chosen_beam=0.094345693 beam_entropy=3.592192431
DECISION branch_turn=58 cell=5,1 target_cluster=None
RESULT branch_turn=58 cell=5,1 result=MISS remaining_cells=10 target_cluster=None
BRANCH branch_turn=? n=15 remaining_cells=10 beam_states=53 heat_cell=2,2 beam_cell=4,7 chosen_cell=2,2 heat_rank_of_beam=20 beam_rank_of_heat=63 chosen_heat_rank=1 chosen_beam_rank=63 heat_best=0.417793015 heat_second=0.409683911 beam_best=0.625287053 beam_second=0.574243212 heat_cell_beam=0.000000000 beam_cell_heat=0.351277196 chosen_heat=0.417793015 chosen_beam=0.000000000 beam_entropy=3.412036461
DECISION branch_turn=59 cell=2,2 target_cluster=None
RESULT branch_turn=59 cell=2,2 result=MISS remaining_cells=10 target_cluster=None
BRANCH branch_turn=? n=15 remaining_cells=10 beam_states=53 heat_cell=13,2 beam_cell=4,7 chosen_cell=13,2 heat_rank_of_beam=21 beam_rank_of_heat=63 chosen_heat_rank=1 chosen_beam_rank=63 heat_best=0.455367345 heat_second=0.449448908 beam_best=0.666007877 beam_second=0.611639887 heat_cell_beam=0.000000000 beam_cell_heat=0.378114766 chosen_heat=0.455367345 chosen_beam=0.000000000 beam_entropy=3.412036461
DECISION branch_turn=60 cell=13,2 target_cluster=None
RESULT branch_turn=60 cell=13,2 result=HIT remaining_cells=10 target_cluster=None
DECISION branch_turn=61 cell=13,3 target_cluster=Some(0)
RESULT branch_turn=61 cell=13,3 result=MISS remaining_cells=9 target_cluster=Some(0)
DECISION branch_turn=62 cell=12,2 target_cluster=Some(0)
RESULT branch_turn=62 cell=12,2 result=MISS remaining_cells=9 target_cluster=Some(0)
DECISION branch_turn=63 cell=13,1 target_cluster=Some(0)
RESULT branch_turn=63 cell=13,1 result=HIT remaining_cells=9 target_cluster=Some(0)
DECISION branch_turn=64 cell=13,0 target_cluster=Some(0)
RESULT branch_turn=64 cell=13,0 result=KILL remaining_cells=8 target_cluster=Some(0)
BRANCH branch_turn=? n=15 remaining_cells=7 beam_states=67 heat_cell=2,12 beam_cell=2,12 chosen_cell=2,12 heat_rank_of_beam=1 beam_rank_of_heat=1 chosen_heat_rank=1 chosen_beam_rank=1 heat_best=1.195752665 heat_second=0.977667035 beam_best=0.943849099 beam_second=0.841256805 heat_cell_beam=0.943849099 beam_cell_heat=1.195752665 chosen_heat=1.195752665 chosen_beam=0.943849099 beam_entropy=3.480530099
DECISION branch_turn=65 cell=2,12 target_cluster=None
RESULT branch_turn=65 cell=2,12 result=HIT remaining_cells=7 target_cluster=None
DECISION branch_turn=66 cell=2,11 target_cluster=Some(0)
RESULT branch_turn=66 cell=2,11 result=HIT remaining_cells=6 target_cluster=Some(0)
DECISION branch_turn=67 cell=2,10 target_cluster=Some(0)
RESULT branch_turn=67 cell=2,10 result=HIT remaining_cells=5 target_cluster=Some(0)
DECISION branch_turn=68 cell=2,13 target_cluster=Some(0)
RESULT branch_turn=68 cell=2,13 result=HIT remaining_cells=4 target_cluster=Some(0)
DECISION branch_turn=69 cell=2,9 target_cluster=Some(0)
RESULT branch_turn=69 cell=2,9 result=MISS remaining_cells=3 target_cluster=Some(0)
DECISION branch_turn=70 cell=2,14 target_cluster=Some(0)
RESULT branch_turn=70 cell=2,14 result=KILL remaining_cells=3 target_cluster=Some(0)
BRANCH branch_turn=? n=15 remaining_cells=2 beam_states=51 heat_cell=10,3 beam_cell=10,3 chosen_cell=10,3 heat_rank_of_beam=1 beam_rank_of_heat=1 chosen_heat_rank=1 chosen_beam_rank=1 heat_best=0.220578653 heat_second=0.219229610 beam_best=0.109835754 beam_second=0.109835754 heat_cell_beam=0.109835754 beam_cell_heat=0.220578653 chosen_heat=0.220578653 chosen_beam=0.109835754 beam_entropy=3.669731563
DECISION branch_turn=71 cell=10,3 target_cluster=None
RESULT branch_turn=71 cell=10,3 result=MISS remaining_cells=2 target_cluster=None
BRANCH branch_turn=? n=15 remaining_cells=2 beam_states=47 heat_cell=9,2 beam_cell=9,2 chosen_cell=9,2 heat_rank_of_beam=1 beam_rank_of_heat=1 chosen_heat_rank=1 chosen_beam_rank=1 heat_best=0.233144622 heat_second=0.232512132 beam_best=0.116421321 beam_second=0.116421321 heat_cell_beam=0.116421321 beam_cell_heat=0.233144622 chosen_heat=0.233144622 chosen_beam=0.116421321 beam_entropy=3.635871843
DECISION branch_turn=72 cell=9,2 target_cluster=None
RESULT branch_turn=72 cell=9,2 result=HIT remaining_cells=2 target_cluster=None
DECISION branch_turn=73 cell=8,2 target_cluster=Some(0)
RESULT branch_turn=73 cell=8,2 result=KILL remaining_cells=1 target_cluster=Some(0)
