GAME n=19 p=0.221160288 remaining=[0, 1, 4, 1, 4, 0, 3, 3, 0, 1]
BRANCH branch_turn=? n=19 remaining_cells=76 beam_states=0 heat_cell=8,8 beam_cell=8,8 chosen_cell=8,8 heat_rank_of_beam=1 beam_rank_of_heat=1 chosen_heat_rank=1 chosen_beam_rank=1 heat_best=2.263773788 heat_second=2.252326533 beam_best=0.000000000 beam_second=0.000000000 heat_cell_beam=0.000000000 beam_cell_heat=2.263773788 chosen_heat=2.263773788 chosen_beam=0.000000000 beam_entropy=0.000000000
DECISION branch_turn=1 cell=8,8 target_cluster=None
RESULT branch_turn=1 cell=8,8 result=MISS remaining_cells=76 target_cluster=None
BRANCH branch_turn=? n=19 remaining_cells=76 beam_states=0 heat_cell=7,7 beam_cell=7,7 chosen_cell=7,7 heat_rank_of_beam=1 beam_rank_of_heat=1 chosen_heat_rank=1 chosen_beam_rank=1 heat_best=2.331937827 heat_second=2.318158020 beam_best=0.000000000 beam_second=0.000000000 heat_cell_beam=0.000000000 beam_cell_heat=2.331937827 chosen_heat=2.331937827 chosen_beam=0.000000000 beam_entropy=0.000000000
DECISION branch_turn=2 cell=7,7 target_cluster=None
RESULT branch_turn=2 cell=7,7 result=HIT remaining_cells=76 target_cluster=None
DECISION branch_turn=3 cell=8,7 target_cluster=Some(0)
RESULT branch_turn=3 cell=8,7 result=MISS remaining_cells=75 target_cluster=Some(0)
DECISION branch_turn=4 cell=7,8 target_cluster=Some(0)
RESULT branch_turn=4 cell=7,8 result=HIT remaining_cells=75 target_cluster=Some(0)
DECISION branch_turn=5 cell=7,9 target_cluster=Some(0)
RESULT branch_turn=5 cell=7,9 result=HIT remaining_cells=74 target_cluster=Some(0)
DECISION branch_turn=6 cell=7,10 target_cluster=Some(0)
RESULT branch_turn=6 cell=7,10 result=HIT remaining_cells=73 target_cluster=Some(0)
DECISION branch_turn=7 cell=7,11 target_cluster=Some(0)
RESULT branch_turn=7 cell=7,11 result=HIT remaining_cells=72 target_cluster=Some(0)
DECISION branch_turn=8 cell=7,6 target_cluster=Some(0)
RESULT branch_turn=8 cell=7,6 result=HIT remaining_cells=71 target_cluster=Some(0)
DECISION branch_turn=9 cell=7,12 target_cluster=Some(0)
RESULT branch_turn=9 cell=7,12 result=HIT remaining_cells=70 target_cluster=Some(0)
DECISION branch_turn=10 cell=7,5 target_cluster=Some(0)
RESULT branch_turn=10 cell=7,5 result=MISS remaining_cells=69 target_cluster=Some(0)
DECISION branch_turn=11 cell=7,13 target_cluster=Some(0)
RESULT branch_turn=11 cell=7,13 result=KILL remaining_cells=69 target_cluster=Some(0)
DECISION branch_turn=12 cell=8,6 target_cluster=Some(0)
RESULT branch_turn=12 cell=8,6 result=HIT remaining_cells=68 target_cluster=Some(0)
DECISION branch_turn=13 cell=9,6 target_cluster=Some(0)
RESULT branch_turn=13 cell=9,6 result=HIT remaining_cells=67 target_cluster=Some(0)
DECISION branch_turn=14 cell=10,6 target_cluster=Some(0)
RESULT branch_turn=14 cell=10,6 result=HIT remaining_cells=66 target_cluster=Some(0)
DECISION branch_turn=15 cell=11,6 target_cluster=Some(0)
RESULT branch_turn=15 cell=11,6 result=MISS remaining_cells=65 target_cluster=Some(0)
DECISION branch_turn=16 cell=6,6 target_cluster=Some(0)
RESULT branch_turn=16 cell=6,6 result=HIT remaining_cells=65 target_cluster=Some(0)
DECISION branch_turn=17 cell=5,6 target_cluster=Some(0)
RESULT branch_turn=17 cell=5,6 result=HIT remaining_cells=64 target_cluster=Some(0)
DECISION branch_turn=18 cell=4,6 target_cluster=Some(0)
RESULT branch_turn=18 cell=4,6 result=KILL remaining_cells=63 target_cluster=Some(0)
BRANCH branch_turn=? n=19 remaining_cells=62 beam_states=0 heat_cell=12,4 beam_cell=12,4 chosen_cell=12,4 heat_rank_of_beam=1 beam_rank_of_heat=1 chosen_heat_rank=1 chosen_beam_rank=1 heat_best=1.870884435 heat_second=1.816247232 beam_best=0.000000000 beam_second=0.000000000 heat_cell_beam=0.000000000 beam_cell_heat=1.870884435 chosen_heat=1.870884435 chosen_beam=0.000000000 beam_entropy=0.000000000
DECISION branch_turn=19 cell=12,4 target_cluster=None
RESULT branch_turn=19 cell=12,4 result=MISS remaining_cells=62 target_cluster=None
BRANCH branch_turn=? n=19 remaining_cells=62 beam_states=0 heat_cell=13,5 beam_cell=13,5 chosen_cell=13,5 heat_rank_of_beam=1 beam_rank_of_heat=1 chosen_heat_rank=1 chosen_beam_rank=1 heat_best=1.860315979 heat_second=1.799181312 beam_best=0.000000000 beam_second=0.000000000 heat_cell_beam=0.000000000 beam_cell_heat=1.860315979 chosen_heat=1.860315979 chosen_beam=0.000000000 beam_entropy=0.000000000
DECISION branch_turn=20 cell=13,5 target_cluster=None
RESULT branch_turn=20 cell=13,5 result=MISS remaining_cells=62 target_cluster=None
BRANCH branch_turn=? n=19 remaining_cells=62 beam_states=0 heat_cell=14,7 beam_cell=14,7 chosen_cell=14,7 heat_rank_of_beam=1 beam_rank_of_heat=1 chosen_heat_rank=1 chosen_beam_rank=1 heat_best=1.872041320 heat_second=1.861679939 beam_best=0.000000000 beam_second=0.000000000 heat_cell_beam=0.000000000 beam_cell_heat=1.872041320 chosen_heat=1.872041320 chosen_beam=0.000000000 beam_entropy=0.000000000
DECISION branch_turn=21 cell=14,7 target_cluster=None
RESULT branch_turn=21 cell=14,7 result=MISS remaining_cells=62 target_cluster=None
BRANCH branch_turn=? n=19 remaining_cells=62 beam_states=0 heat_cell=15,8 beam_cell=15,8 chosen_cell=15,8 heat_rank_of_beam=1 beam_rank_of_heat=1 chosen_heat_rank=1 chosen_beam_rank=1 heat_best=1.892963707 heat_second=1.739968404 beam_best=0.000000000 beam_second=0.000000000 heat_cell_beam=0.000000000 beam_cell_heat=1.892963707 chosen_heat=1.892963707 chosen_beam=0.000000000 beam_entropy=0.000000000
DECISION branch_turn=22 cell=15,8 target_cluster=None
RESULT branch_turn=22 cell=15,8 result=MISS remaining_cells=62 target_cluster=None
BRANCH branch_turn=? n=19 remaining_cells=62 beam_states=0 heat_cell=6,14 beam_cell=6,14 chosen_cell=6,14 heat_rank_of_beam=1 beam_rank_of_heat=1 chosen_heat_rank=1 chosen_beam_rank=1 heat_best=1.675414193 heat_second=1.632538584 beam_best=0.000000000 beam_second=0.000000000 heat_cell_beam=0.000000000 beam_cell_heat=1.675414193 chosen_heat=1.675414193 chosen_beam=0.000000000 beam_entropy=0.000000000
DECISION branch_turn=23 cell=6,14 target_cluster=None
RESULT branch_turn=23 cell=6,14 result=HIT remaining_cells=62 target_cluster=None
DECISION branch_turn=24 cell=7,14 target_cluster=Some(0)
RESULT branch_turn=24 cell=7,14 result=MISS remaining_cells=61 target_cluster=Some(0)
DECISION branch_turn=25 cell=6,13 target_cluster=Some(0)
RESULT branch_turn=25 cell=6,13 result=HIT remaining_cells=61 target_cluster=Some(0)
DECISION branch_turn=26 cell=6,12 target_cluster=Some(0)
RESULT branch_turn=26 cell=6,12 result=HIT remaining_cells=60 target_cluster=Some(0)
DECISION branch_turn=27 cell=6,15 target_cluster=Some(0)
RESULT branch_turn=27 cell=6,15 result=MISS remaining_cells=59 target_cluster=Some(0)
DECISION branch_turn=28 cell=6,11 target_cluster=Some(0)
RESULT branch_turn=28 cell=6,11 result=KILL remaining_cells=59 target_cluster=Some(0)
BRANCH branch_turn=? n=19 remaining_cells=58 beam_states=0 heat_cell=10,3 beam_cell=10,3 chosen_cell=10,3 heat_rank_of_beam=1 beam_rank_of_heat=1 chosen_heat_rank=1 chosen_beam_rank=1 heat_best=1.805693519 heat_second=1.803498079 beam_best=0.000000000 beam_second=0.000000000 heat_cell_beam=0.000000000 beam_cell_heat=1.805693519 chosen_heat=1.805693519 chosen_beam=0.000000000 beam_entropy=0.000000000
DECISION branch_turn=29 cell=10,3 target_cluster=None
RESULT branch_turn=29 cell=10,3 result=HIT remaining_cells=58 target_cluster=None
DECISION branch_turn=30 cell=9,3 target_cluster=Some(0)
RESULT branch_turn=30 cell=9,3 result=MISS remaining_cells=57 target_cluster=Some(0)
DECISION branch_turn=31 cell=10,2 target_cluster=Some(0)
RESULT branch_turn=31 cell=10,2 result=HIT remaining_cells=57 target_cluster=Some(0)
DECISION branch_turn=32 cell=10,1 target_cluster=Some(0)
RESULT branch_turn=32 cell=10,1 result=MISS remaining_cells=56 target_cluster=Some(0)
DECISION branch_turn=33 cell=10,4 target_cluster=Some(0)
RESULT branch_turn=33 cell=10,4 result=HIT remaining_cells=56 target_cluster=Some(0)
DECISION branch_turn=34 cell=10,5 target_cluster=Some(0)
RESULT branch_turn=34 cell=10,5 result=HIT remaining_cells=55 target_cluster=Some(0)
DECISION branch_turn=35 cell=11,2 target_cluster=Some(0)
RESULT branch_turn=35 cell=11,2 result=HIT remaining_cells=54 target_cluster=Some(0)
DECISION branch_turn=36 cell=9,2 target_cluster=Some(0)
RESULT branch_turn=36 cell=9,2 result=HIT remaining_cells=53 target_cluster=Some(0)
DECISION branch_turn=37 cell=8,2 target_cluster=Some(0)
RESULT branch_turn=37 cell=8,2 result=HIT remaining_cells=52 target_cluster=Some(0)
DECISION branch_turn=38 cell=7,2 target_cluster=Some(0)
RESULT branch_turn=38 cell=7,2 result=MISS remaining_cells=51 target_cluster=Some(0)
DECISION branch_turn=39 cell=12,2 target_cluster=Some(0)
RESULT branch_turn=39 cell=12,2 result=KILL remaining_cells=51 target_cluster=Some(0)
DECISION branch_turn=40 cell=9,4 target_cluster=Some(0)
RESULT branch_turn=40 cell=9,4 result=MISS remaining_cells=50 target_cluster=Some(0)
DECISION branch_turn=41 cell=11,3 target_cluster=Some(0)
RESULT branch_turn=41 cell=11,3 result=MISS remaining_cells=50 target_cluster=Some(0)
DECISION branch_turn=42 cell=11,5 target_cluster=Some(0)
RESULT branch_turn=42 cell=11,5 result=HIT remaining_cells=50 target_cluster=Some(0)
DECISION branch_turn=43 cell=12,5 target_cluster=Some(0)
RESULT branch_turn=43 cell=12,5 result=KILL remaining_cells=49 target_cluster=Some(0)
DECISION branch_turn=44 cell=11,4 target_cluster=Some(1)
RESULT branch_turn=44 cell=11,4 result=MISS remaining_cells=48 target_cluster=Some(1)
DECISION branch_turn=45 cell=8,3 target_cluster=Some(0)
RESULT branch_turn=45 cell=8,3 result=HIT remaining_cells=48 target_cluster=Some(0)
DECISION branch_turn=46 cell=8,1 target_cluster=Some(0)
RESULT branch_turn=46 cell=8,1 result=HIT remaining_cells=47 target_cluster=Some(0)
DECISION branch_turn=47 cell=8,0 target_cluster=Some(0)
RESULT branch_turn=47 cell=8,0 result=MISS remaining_cells=46 target_cluster=Some(0)
DECISION branch_turn=48 cell=8,4 target_cluster=Some(0)
RESULT branch_turn=48 cell=8,4 result=KILL remaining_cells=46 target_cluster=Some(0)
BRANCH branch_turn=? n=19 remaining_cells=45 beam_states=260 heat_cell=12,11 beam_cell=12,11 chosen_cell=12,11 heat_rank_of_beam=1 beam_rank_of_heat=1 chosen_heat_rank=1 chosen_beam_rank=1 heat_best=1.659194778 heat_second=1.593094246 beam_best=1.643812288 beam_second=1.643812288 heat_cell_beam=1.643812288 beam_cell_heat=1.659194778 chosen_heat=1.659194778 chosen_beam=1.643812288 beam_entropy=3.944919919
DECISION branch_turn=49 cell=12,11 target_cluster=None
RESULT branch_turn=49 cell=12,11 result=MISS remaining_cells=45 target_cluster=None
BRANCH branch_turn=? n=19 remaining_cells=45 beam_states=260 heat_cell=11,12 beam_cell=11,12 chosen_cell=11,12 heat_rank_of_beam=1 beam_rank_of_heat=1 chosen_heat_rank=1 chosen_beam_rank=1 heat_best=1.649712805 heat_second=1.570079057 beam_best=1.719899445 beam_second=1.719899445 heat_cell_beam=1.719899445 beam_cell_heat=1.649712805 chosen_heat=1.649712805 chosen_beam=1.719899445 beam_entropy=4.049665710
DECISION branch_turn=50 cell=11,12 target_cluster=None
RESULT branch_turn=50 cell=11,12 result=MISS remaining_cells=45 target_cluster=None
BRANCH branch_turn=? n=19 remaining_cells=45 beam_states=260 heat_cell=13,10 beam_cell=9,13 chosen_cell=13,10 heat_rank_of_beam=4 beam_rank_of_heat=30 chosen_heat_rank=1 chosen_beam_rank=30 heat_best=1.796376629 heat_second=1.683737554 beam_best=1.770962372 beam_second=1.770962372 heat_cell_beam=1.736905403 beam_cell_heat=1.525193693 chosen_heat=1.796376629 chosen_beam=1.736905403 beam_entropy=3.969408631
DECISION branch_turn=51 cell=13,10 target_cluster=None
RESULT branch_turn=51 cell=13,10 result=MISS remaining_cells=45 target_cluster=None
BRANCH branch_turn=? n=19 remaining_cells=45 beam_states=260 heat_cell=10,13 beam_cell=9,13 chosen_cell=10,13 heat_rank_of_beam=2 beam_rank_of_heat=32 chosen_heat_rank=1 chosen_beam_rank=32 heat_best=1.768348540 heat_second=1.647945694 beam_best=1.861096996 beam_second=1.861096996 heat_cell_beam=1.825306669 beam_cell_heat=1.647945694 chosen_heat=1.768348540 chosen_beam=1.825306669 beam_entropy=3.963009346
DECISION branch_turn=52 cell=10,13 target_cluster=None
RESULT branch_turn=52 cell=10,13 result=HIT remaining_cells=45 target_cluster=None
DECISION branch_turn=53 cell=10,12 target_cluster=Some(1)
RESULT branch_turn=53 cell=10,12 result=HIT remaining_cells=44 target_cluster=Some(1)
DECISION branch_turn=54 cell=10,14 target_cluster=Some(1)
RESULT branch_turn=54 cell=10,14 result=HIT remaining_cells=43 target_cluster=Some(1)
DECISION branch_turn=55 cell=10,15 target_cluster=Some(1)
RESULT branch_turn=55 cell=10,15 result=HIT remaining_cells=42 target_cluster=Some(1)
DECISION branch_turn=56 cell=10,11 target_cluster=Some(1)
RESULT branch_turn=56 cell=10,11 result=MISS remaining_cells=41 target_cluster=Some(1)
DECISION branch_turn=57 cell=10,16 target_cluster=Some(1)
RESULT branch_turn=57 cell=10,16 result=HIT remaining_cells=41 target_cluster=Some(1)
DECISION branch_turn=58 cell=10,17 target_cluster=Some(1)
RESULT branch_turn=58 cell=10,17 result=KILL remaining_cells=40 target_cluster=Some(1)
BRANCH branch_turn=? n=19 remaining_cells=39 beam_states=260 heat_cell=3,7 beam_cell=5,12 chosen_cell=3,7 heat_rank_of_beam=4 beam_rank_of_heat=23 chosen_heat_rank=1 chosen_beam_rank=23 heat_best=1.809417364 heat_second=1.790621088 beam_best=1.775315361 beam_second=1.775315361 heat_cell_beam=1.768487225 beam_cell_heat=1.638593986 chosen_heat=1.809417364 chosen_beam=1.768487225 beam_entropy=3.824553067
DECISION branch_turn=59 cell=3,7 target_cluster=None
RESULT branch_turn=59 cell=3,7 result=HIT remaining_cells=39 target_cluster=None
DECISION branch_turn=60 cell=3,8 target_cluster=Some(1)
RESULT branch_turn=60 cell=3,8 result=HIT remaining_cells=38 target_cluster=Some(1)
DECISION branch_turn=61 cell=3,9 target_cluster=Some(1)
RESULT branch_turn=61 cell=3,9 result=MISS remaining_cells=37 target_cluster=Some(1)
DECISION branch_turn=62 cell=3,6 target_cluster=Some(1)
RESULT branch_turn=62 cell=3,6 result=HIT remaining_cells=37 target_cluster=Some(1)
DECISION branch_turn=63 cell=3,5 target_cluster=Some(1)
RESULT branch_turn=63 cell=3,5 result=HIT remaining_cells=36 target_cluster=Some(1)
DECISION branch_turn=64 cell=3,4 target_cluster=Some(1)
RESULT branch_turn=64 cell=3,4 result=HIT remaining_cells=35 target_cluster=Some(1)
DECISION branch_turn=65 cell=3,3 target_cluster=Some(1)
RESULT branch_turn=65 cell=3,3 result=HIT remaining_cells=34 target_cluster=Some(1)
DECISION branch_turn=66 cell=3,2 target_cluster=Some(1)
RESULT branch_turn=66 cell=3,2 result=HIT remaining_cells=33 target_cluster=Some(1)
DECISION branch_turn=67 cell=3,1 target_cluster=Some(1)
RESULT branch_turn=67 cell=3,1 result=HIT remaining_cells=32 target_cluster=Some(1)
DECISION branch_turn=68 cell=3,0 target_cluster=Some(1)
RESULT branch_turn=68 cell=3,0 result=KILL remaining_cells=31 target_cluster=Some(1)
BRANCH branch_turn=? n=19 remaining_cells=30 beam_states=260 heat_cell=5,14 beam_cell=8,13 chosen_cell=5,14 heat_rank_of_beam=4 beam_rank_of_heat=17 chosen_heat_rank=1 chosen_beam_rank=17 heat_best=1.608542127 heat_second=1.607295291 beam_best=1.353751338 beam_second=1.353751338 heat_cell_beam=1.322510922 beam_cell_heat=1.507805485 chosen_heat=1.608542127 chosen_beam=1.322510922 beam_entropy=3.543553954
DECISION branch_turn=69 cell=5,14 target_cluster=None
RESULT branch_turn=69 cell=5,14 result=MISS remaining_cells=30 target_cluster=None
BRANCH branch_turn=? n=19 remaining_cells=30 beam_states=260 heat_cell=8,13 beam_cell=8,13 chosen_cell=8,13 heat_rank_of_beam=1 beam_rank_of_heat=1 chosen_heat_rank=1 chosen_beam_rank=1 heat_best=1.592962140 heat_second=1.591210717 beam_best=1.416055761 beam_second=1.416055761 heat_cell_beam=1.416055761 beam_cell_heat=1.592962140 chosen_heat=1.592962140 chosen_beam=1.416055761 beam_entropy=3.702685419
DECISION branch_turn=70 cell=8,13 target_cluster=None
RESULT branch_turn=70 cell=8,13 result=HIT remaining_cells=30 target_cluster=None
DECISION branch_turn=71 cell=8,14 target_cluster=Some(1)
RESULT branch_turn=71 cell=8,14 result=HIT remaining_cells=29 target_cluster=Some(1)
DECISION branch_turn=72 cell=8,15 target_cluster=Some(1)
RESULT branch_turn=72 cell=8,15 result=MISS remaining_cells=28 target_cluster=Some(1)
DECISION branch_turn=73 cell=8,12 target_cluster=Some(1)
RESULT branch_turn=73 cell=8,12 result=HIT remaining_cells=28 target_cluster=Some(1)
DECISION branch_turn=74 cell=8,11 target_cluster=Some(1)
RESULT branch_turn=74 cell=8,11 result=KILL remaining_cells=27 target_cluster=Some(1)
BRANCH branch_turn=? n=19 remaining_cells=26 beam_states=260 heat_cell=16,6 beam_cell=9,8 chosen_cell=16,6 heat_rank_of_beam=9 beam_rank_of_heat=54 chosen_heat_rank=1 chosen_beam_rank=54 heat_best=1.300904010 heat_second=1.299834783 beam_best=1.277197599 beam_second=1.277197599 heat_cell_beam=0.009824597 beam_cell_heat=1.020890121 chosen_heat=1.300904010 chosen_beam=0.009824597 beam_entropy=3.591349465
DECISION branch_turn=75 cell=16,6 target_cluster=None
RESULT branch_turn=75 cell=16,6 result=MISS remaining_cells=26 target_cluster=None
BRANCH branch_turn=? n=19 remaining_cells=26 beam_states=260 heat_cell=14,9 beam_cell=9,8 chosen_cell=14,9 heat_rank_of_beam=12 beam_rank_of_heat=15 chosen_heat_rank=1 chosen_beam_rank=15 heat_best=1.164816423 heat_second=1.146389643 beam_best=1.235382662 beam_second=1.235382662 heat_cell_beam=1.197370888 beam_cell_heat=1.047841455 chosen_heat=1.164816423 chosen_beam=1.197370888 beam_entropy=3.582431080
DECISION branch_turn=76 cell=14,9 target_cluster=None
RESULT branch_turn=76 cell=14,9 result=MISS remaining_cells=26 target_cluster=None
BRANCH branch_turn=? n=19 remaining_cells=26 beam_states=260 heat_cell=17,7 beam_cell=9,8 chosen_cell=17,7 heat_rank_of_beam=13 beam_rank_of_heat=55 chosen_heat_rank=1 chosen_beam_rank=55 heat_best=1.178529327 heat_second=1.160204129 beam_best=1.215186537 beam_second=1.215186537 heat_cell_beam=0.000000000 beam_cell_heat=1.052443273 chosen_heat=1.178529327 chosen_beam=0.000000000 beam_entropy=3.660105980
DECISION branch_turn=77 cell=17,7 target_cluster=None
RESULT branch_turn=77 cell=17,7 result=MISS remaining_cells=26 target_cluster=None
BRANCH branch_turn=? n=19 remaining_cells=26 beam_states=260 heat_cell=18,6 beam_cell=9,8 chosen_cell=18,6 heat_rank_of_beam=7 beam_rank_of_heat=67 chosen_heat_rank=1 chosen_beam_rank=67 heat_best=1.248781554 heat_second=1.199202835 beam_best=1.279129281 beam_second=1.279129281 heat_cell_beam=0.000000000 beam_cell_heat=1.125168203 chosen_heat=1.248781554 chosen_beam=0.000000000 beam_entropy=3.698000280
DECISION branch_turn=78 cell=18,6 target_cluster=None
RESULT branch_turn=78 cell=18,6 result=MISS remaining_cells=26 target_cluster=None
BRANCH branch_turn=? n=19 remaining_cells=26 beam_states=260 heat_cell=14,0 beam_cell=9,8 chosen_cell=9,8 heat_rank_of_beam=2 beam_rank_of_heat=67 chosen_heat_rank=2 chosen_beam_rank=1 heat_best=1.255743574 heat_second=1.206426322 beam_best=1.355016143 beam_second=1.355016143 heat_cell_beam=0.000000000 beam_cell_heat=1.206426322 chosen_heat=1.206426322 chosen_beam=1.355016143 beam_entropy=3.698000280
FORCE branch_turn=79 from=9,8 to=14,0
DECISION branch_turn=79 cell=14,0 target_cluster=None
RESULT branch_turn=79 cell=14,0 result=MISS remaining_cells=26 target_cluster=None
BRANCH branch_turn=? n=19 remaining_cells=26 beam_states=260 heat_cell=15,3 beam_cell=4,10 chosen_cell=15,3 heat_rank_of_beam=5 beam_rank_of_heat=29 chosen_heat_rank=1 chosen_beam_rank=29 heat_best=1.399911461 heat_second=1.246892124 beam_best=1.466473761 beam_second=1.466473761 heat_cell_beam=0.575308937 beam_cell_heat=1.192049002 chosen_heat=1.399911461 chosen_beam=0.575308937 beam_entropy=3.831942146
DECISION branch_turn=80 cell=15,3 target_cluster=None
RESULT branch_turn=80 cell=15,3 result=HIT remaining_cells=26 target_cluster=None
DECISION branch_turn=81 cell=15,4 target_cluster=Some(1)
RESULT branch_turn=81 cell=15,4 result=MISS remaining_cells=25 target_cluster=Some(1)
DECISION branch_turn=82 cell=16,3 target_cluster=Some(1)
RESULT branch_turn=82 cell=16,3 result=MISS remaining_cells=25 target_cluster=Some(1)
DECISION branch_turn=83 cell=14,3 target_cluster=Some(1)
RESULT branch_turn=83 cell=14,3 result=MISS remaining_cells=25 target_cluster=Some(1)
DECISION branch_turn=84 cell=15,2 target_cluster=Some(1)
RESULT branch_turn=84 cell=15,2 result=KILL remaining_cells=25 target_cluster=Some(1)
BRANCH branch_turn=? n=19 remaining_cells=24 beam_states=260 heat_cell=4,16 beam_cell=4,10 chosen_cell=4,16 heat_rank_of_beam=2 beam_rank_of_heat=51 chosen_heat_rank=1 chosen_beam_rank=51 heat_best=1.402166772 heat_second=1.334920505 beam_best=1.564572869 beam_second=1.564572869 heat_cell_beam=0.066193468 beam_cell_heat=1.334920505 chosen_heat=1.402166772 chosen_beam=0.066193468 beam_entropy=3.721913306
DECISION branch_turn=85 cell=4,16 target_cluster=None
RESULT branch_turn=85 cell=4,16 result=MISS remaining_cells=24 target_cluster=None
BRANCH branch_turn=? n=19 remaining_cells=24 beam_states=260 heat_cell=16,12 beam_cell=16,12 chosen_cell=16,12 heat_rank_of_beam=1 beam_rank_of_heat=1 chosen_heat_rank=1 chosen_beam_rank=1 heat_best=1.820921109 heat_second=1.530378755 beam_best=1.681152678 beam_second=1.681152678 heat_cell_beam=1.681152678 beam_cell_heat=1.820921109 chosen_heat=1.820921109 chosen_beam=1.681152678 beam_entropy=3.494009013
DECISION branch_turn=86 cell=16,12 target_cluster=None
RESULT branch_turn=86 cell=16,12 result=MISS remaining_cells=24 target_cluster=None
BRANCH branch_turn=? n=19 remaining_cells=24 beam_states=260 heat_cell=4,10 beam_cell=4,10 chosen_cell=4,10 heat_rank_of_beam=1 beam_rank_of_heat=1 chosen_heat_rank=1 chosen_beam_rank=1 heat_best=1.405760895 heat_second=1.352438372 beam_best=1.624570310 beam_second=1.624570310 heat_cell_beam=1.624570310 beam_cell_heat=1.405760895 chosen_heat=1.405760895 chosen_beam=1.624570310 beam_entropy=3.720814409
DECISION branch_turn=87 cell=4,10 target_cluster=None
RESULT branch_turn=87 cell=4,10 result=MISS remaining_cells=24 target_cluster=None
BRANCH branch_turn=? n=19 remaining_cells=24 beam_states=260 heat_cell=6,18 beam_cell=9,10 chosen_cell=13,1 heat_rank_of_beam=55 beam_rank_of_heat=78 chosen_heat_rank=4 chosen_beam_rank=3 heat_best=1.408832012 heat_second=1.394151500 beam_best=1.678603791 beam_second=1.678603791 heat_cell_beam=0.000000000 beam_cell_heat=1.065180457 chosen_heat=1.384462170 chosen_beam=1.652779117 beam_entropy=3.756101697
DECISION branch_turn=88 cell=13,1 target_cluster=None
RESULT branch_turn=88 cell=13,1 result=MISS remaining_cells=24 target_cluster=None
BRANCH branch_turn=? n=19 remaining_cells=24 beam_states=260 heat_cell=9,14 beam_cell=9,14 chosen_cell=9,14 heat_rank_of_beam=1 beam_rank_of_heat=1 chosen_heat_rank=1 chosen_beam_rank=1 heat_best=1.455869232 heat_second=1.455343306 beam_best=1.732019249 beam_second=1.732019249 heat_cell_beam=1.732019249 beam_cell_heat=1.455869232 chosen_heat=1.455869232 chosen_beam=1.732019249 beam_entropy=3.631218502
DECISION branch_turn=89 cell=9,14 target_cluster=None
RESULT branch_turn=89 cell=9,14 result=MISS remaining_cells=24 target_cluster=None
BRANCH branch_turn=? n=19 remaining_cells=24 beam_states=260 heat_cell=3,15 beam_cell=17,5 chosen_cell=3,15 heat_rank_of_beam=30 beam_rank_of_heat=7 chosen_heat_rank=1 chosen_beam_rank=7 heat_best=1.775376898 heat_second=1.774949035 beam_best=1.819204131 beam_second=1.819204131 heat_cell_beam=1.784219436 beam_cell_heat=1.297282014 chosen_heat=1.775376898 chosen_beam=1.784219436 beam_entropy=3.732724802
DECISION branch_turn=90 cell=3,15 target_cluster=None
RESULT branch_turn=90 cell=3,15 result=MISS remaining_cells=24 target_cluster=None
BRANCH branch_turn=? n=19 remaining_cells=24 beam_states=260 heat_cell=2,13 beam_cell=2,13 chosen_cell=2,13 heat_rank_of_beam=1 beam_rank_of_heat=1 chosen_heat_rank=1 chosen_beam_rank=1 heat_best=2.145963137 heat_second=2.010539402 beam_best=1.910644997 beam_second=1.910644997 heat_cell_beam=1.910644997 beam_cell_heat=2.145963137 chosen_heat=2.145963137 chosen_beam=1.910644997 beam_entropy=3.708606075
DECISION branch_turn=91 cell=2,13 target_cluster=None
RESULT branch_turn=91 cell=2,13 result=MISS remaining_cells=24 target_cluster=None
BRANCH branch_turn=? n=19 remaining_cells=24 beam_states=260 heat_cell=17,13 beam_cell=17,5 chosen_cell=17,13 heat_rank_of_beam=24 beam_rank_of_heat=22 chosen_heat_rank=1 chosen_beam_rank=22 heat_best=1.890169009 heat_second=1.808478443 beam_best=2.046138384 beam_second=2.046138384 heat_cell_beam=0.637450804 beam_cell_heat=1.443195320 chosen_heat=1.890169009 chosen_beam=0.637450804 beam_entropy=3.873661377
DECISION branch_turn=92 cell=17,13 target_cluster=None
RESULT branch_turn=92 cell=17,13 result=MISS remaining_cells=24 target_cluster=None
BRANCH branch_turn=? n=19 remaining_cells=24 beam_states=260 heat_cell=6,18 beam_cell=17,4 chosen_cell=1,11 heat_rank_of_beam=23 beam_rank_of_heat=97 chosen_heat_rank=4 chosen_beam_rank=10 heat_best=1.983872047 heat_second=1.962778775 beam_best=2.245429065 beam_second=2.245429065 heat_cell_beam=0.000000000 beam_cell_heat=1.591718403 chosen_heat=1.952482276 chosen_beam=1.744525658 beam_entropy=3.881024497
DECISION branch_turn=93 cell=1,11 target_cluster=None
RESULT branch_turn=93 cell=1,11 result=MISS remaining_cells=24 target_cluster=None
BRANCH branch_turn=? n=19 remaining_cells=24 beam_states=260 heat_cell=0,12 beam_cell=0,12 chosen_cell=0,12 heat_rank_of_beam=1 beam_rank_of_heat=1 chosen_heat_rank=1 chosen_beam_rank=1 heat_best=2.576022962 heat_second=2.150860799 beam_best=2.383833161 beam_second=2.383833161 heat_cell_beam=2.383833161 beam_cell_heat=2.576022962 chosen_heat=2.576022962 chosen_beam=2.383833161 beam_entropy=3.775149527
DECISION branch_turn=94 cell=0,12 target_cluster=None
RESULT branch_turn=94 cell=0,12 result=MISS remaining_cells=24 target_cluster=None
BRANCH branch_turn=? n=19 remaining_cells=24 beam_states=260 heat_cell=5,17 beam_cell=5,17 chosen_cell=5,17 heat_rank_of_beam=1 beam_rank_of_heat=1 chosen_heat_rank=1 chosen_beam_rank=1 heat_best=2.917292730 heat_second=2.855287755 beam_best=2.598909506 beam_second=2.598909506 heat_cell_beam=2.598909506 beam_cell_heat=2.917292730 chosen_heat=2.917292730 chosen_beam=2.598909506 beam_entropy=3.727918407
DECISION branch_turn=95 cell=5,17 target_cluster=None
RESULT branch_turn=95 cell=5,17 result=MISS remaining_cells=24 target_cluster=None
BRANCH branch_turn=? n=19 remaining_cells=24 beam_states=260 heat_cell=6,18 beam_cell=17,4 chosen_cell=6,18 heat_rank_of_beam=20 beam_rank_of_heat=9 chosen_heat_rank=1 chosen_beam_rank=9 heat_best=3.559058827 heat_second=3.519940184 beam_best=2.864134113 beam_second=2.864134113 heat_cell_beam=2.104036983 beam_cell_heat=1.991827494 chosen_heat=3.559058827 chosen_beam=2.104036983 beam_entropy=3.857257029
DECISION branch_turn=96 cell=6,18 target_cluster=None
RESULT branch_turn=96 cell=6,18 result=HIT remaining_cells=24 target_cluster=None
DECISION branch_turn=97 cell=7,18 target_cluster=Some(1)
RESULT branch_turn=97 cell=7,18 result=HIT remaining_cells=23 target_cluster=Some(1)
DECISION branch_turn=98 cell=8,18 target_cluster=Some(1)
RESULT branch_turn=98 cell=8,18 result=HIT remaining_cells=22 target_cluster=Some(1)
DECISION branch_turn=99 cell=9,18 target_cluster=Some(1)
RESULT branch_turn=99 cell=9,18 result=MISS remaining_cells=21 target_cluster=Some(1)
DECISION branch_turn=100 cell=5,18 target_cluster=Some(1)
RESULT branch_turn=100 cell=5,18 result=HIT remaining_cells=21 target_cluster=Some(1)
DECISION branch_turn=101 cell=4,18 target_cluster=Some(1)
RESULT branch_turn=101 cell=4,18 result=HIT remaining_cells=20 target_cluster=Some(1)
DECISION branch_turn=102 cell=3,18 target_cluster=Some(1)
RESULT branch_turn=102 cell=3,18 result=HIT remaining_cells=19 target_cluster=Some(1)
DECISION branch_turn=103 cell=2,18 target_cluster=Some(1)
RESULT branch_turn=103 cell=2,18 result=KILL remaining_cells=18 target_cluster=Some(1)
BRANCH branch_turn=? n=19 remaining_cells=17 beam_states=260 heat_cell=18,12 beam_cell=10,9 chosen_cell=18,12 heat_rank_of_beam=22 beam_rank_of_heat=7 chosen_heat_rank=1 chosen_beam_rank=7 heat_best=2.745952911 heat_second=2.745670281 beam_best=2.200190640 beam_second=2.200190640 heat_cell_beam=1.802463870 beam_cell_heat=1.612938785 chosen_heat=2.745952911 chosen_beam=1.802463870 beam_entropy=3.331293526
DECISION branch_turn=104 cell=18,12 target_cluster=None
RESULT branch_turn=104 cell=18,12 result=MISS remaining_cells=17 target_cluster=None
BRANCH branch_turn=? n=19 remaining_cells=17 beam_states=260 heat_cell=15,14 beam_cell=17,4 chosen_cell=15,14 heat_rank_of_beam=2 beam_rank_of_heat=55 chosen_heat_rank=1 chosen_beam_rank=55 heat_best=2.861293925 heat_second=2.570625897 beam_best=2.523532703 beam_second=2.523532703 heat_cell_beam=0.000000000 beam_cell_heat=2.570625897 chosen_heat=2.861293925 chosen_beam=0.000000000 beam_entropy=3.219256585
DECISION branch_turn=105 cell=15,14 target_cluster=None
RESULT branch_turn=105 cell=15,14 result=MISS remaining_cells=17 target_cluster=None
BRANCH branch_turn=? n=19 remaining_cells=17 beam_states=260 heat_cell=14,15 beam_cell=17,4 chosen_cell=14,15 heat_rank_of_beam=2 beam_rank_of_heat=55 chosen_heat_rank=1 chosen_beam_rank=55 heat_best=3.150881955 heat_second=2.929258975 beam_best=2.760333794 beam_second=2.760333794 heat_cell_beam=0.000000000 beam_cell_heat=2.929258975 chosen_heat=3.150881955 chosen_beam=0.000000000 beam_entropy=3.219256585
DECISION branch_turn=106 cell=14,15 target_cluster=None
RESULT branch_turn=106 cell=14,15 result=HIT remaining_cells=17 target_cluster=None
DECISION branch_turn=107 cell=14,14 target_cluster=Some(1)
RESULT branch_turn=107 cell=14,14 result=HIT remaining_cells=16 target_cluster=Some(1)
DECISION branch_turn=108 cell=14,13 target_cluster=Some(1)
RESULT branch_turn=108 cell=14,13 result=HIT remaining_cells=15 target_cluster=Some(1)
DECISION branch_turn=109 cell=14,16 target_cluster=Some(1)
RESULT branch_turn=109 cell=14,16 result=HIT remaining_cells=14 target_cluster=Some(1)
DECISION branch_turn=110 cell=14,17 target_cluster=Some(1)
RESULT branch_turn=110 cell=14,17 result=HIT remaining_cells=13 target_cluster=Some(1)
DECISION branch_turn=111 cell=14,18 target_cluster=Some(1)
RESULT branch_turn=111 cell=14,18 result=KILL remaining_cells=12 target_cluster=Some(1)
BRANCH branch_turn=? n=19 remaining_cells=11 beam_states=260 heat_cell=17,4 beam_cell=17,4 chosen_cell=17,4 heat_rank_of_beam=1 beam_rank_of_heat=1 chosen_heat_rank=1 chosen_beam_rank=1 heat_best=4.544691356 heat_second=4.543577834 beam_best=1.813788165 beam_second=1.813788165 heat_cell_beam=1.813788165 beam_cell_heat=4.544691356 chosen_heat=4.544691356 chosen_beam=1.813788165 beam_entropy=2.983957139
DECISION branch_turn=112 cell=17,4 target_cluster=None
RESULT branch_turn=112 cell=17,4 result=MISS remaining_cells=11 target_cluster=None
BRANCH branch_turn=? n=19 remaining_cells=11 beam_states=260 heat_cell=18,3 beam_cell=18,3 chosen_cell=18,3 heat_rank_of_beam=1 beam_rank_of_heat=1 chosen_heat_rank=1 chosen_beam_rank=1 heat_best=3.298563781 heat_second=3.297660980 beam_best=1.316338418 beam_second=1.316338418 heat_cell_beam=1.316338418 beam_cell_heat=3.298563781 chosen_heat=3.298563781 chosen_beam=1.316338418 beam_entropy=2.987937567
DECISION branch_turn=113 cell=18,3 target_cluster=None
RESULT branch_turn=113 cell=18,3 result=MISS remaining_cells=11 target_cluster=None
BRANCH branch_turn=? n=19 remaining_cells=11 beam_states=0 heat_cell=12,7 beam_cell=12,7 chosen_cell=12,7 heat_rank_of_beam=1 beam_rank_of_heat=1 chosen_heat_rank=1 chosen_beam_rank=1 heat_best=2.351906048 heat_second=2.340172849 beam_best=0.000000000 beam_second=0.000000000 heat_cell_beam=0.000000000 beam_cell_heat=2.351906048 chosen_heat=2.351906048 chosen_beam=0.000000000 beam_entropy=0.000000000
DECISION branch_turn=114 cell=12,7 target_cluster=None
RESULT branch_turn=114 cell=12,7 result=HIT remaining_cells=11 target_cluster=None
DECISION branch_turn=115 cell=12,8 target_cluster=Some(1)
RESULT branch_turn=115 cell=12,8 result=HIT remaining_cells=10 target_cluster=Some(1)
DECISION branch_turn=116 cell=12,9 target_cluster=Some(1)
RESULT branch_turn=116 cell=12,9 result=MISS remaining_cells=9 target_cluster=Some(1)
DECISION branch_turn=117 cell=12,6 target_cluster=Some(1)
RESULT branch_turn=117 cell=12,6 result=KILL remaining_cells=9 target_cluster=Some(1)
DECISION branch_turn=118 cell=13,8 target_cluster=Some(1)
RESULT branch_turn=118 cell=13,8 result=MISS remaining_cells=8 target_cluster=Some(1)
DECISION branch_turn=119 cell=11,8 target_cluster=Some(1)
RESULT branch_turn=119 cell=11,8 result=MISS remaining_cells=8 target_cluster=Some(1)
BRANCH branch_turn=? n=19 remaining_cells=8 beam_states=0 heat_cell=16,1 beam_cell=16,1 chosen_cell=16,1 heat_rank_of_beam=1 beam_rank_of_heat=1 chosen_heat_rank=1 chosen_beam_rank=1 heat_best=2.241133928 heat_second=2.240929364 beam_best=0.000000000 beam_second=0.000000000 heat_cell_beam=0.000000000 beam_cell_heat=2.241133928 chosen_heat=2.241133928 chosen_beam=0.000000000 beam_entropy=0.000000000
DECISION branch_turn=120 cell=16,1 target_cluster=None
RESULT branch_turn=120 cell=16,1 result=MISS remaining_cells=8 target_cluster=None
BRANCH branch_turn=? n=19 remaining_cells=8 beam_states=0 heat_cell=17,2 beam_cell=17,2 chosen_cell=17,2 heat_rank_of_beam=1 beam_rank_of_heat=1 chosen_heat_rank=1 chosen_beam_rank=1 heat_best=2.283536422 heat_second=2.076772433 beam_best=0.000000000 beam_second=0.000000000 heat_cell_beam=0.000000000 beam_cell_heat=2.283536422 chosen_heat=2.283536422 chosen_beam=0.000000000 beam_entropy=0.000000000
DECISION branch_turn=121 cell=17,2 target_cluster=None
RESULT branch_turn=121 cell=17,2 result=MISS remaining_cells=8 target_cluster=None
BRANCH branch_turn=? n=19 remaining_cells=8 beam_states=0 heat_cell=13,13 beam_cell=13,13 chosen_cell=13,13 heat_rank_of_beam=1 beam_rank_of_heat=1 chosen_heat_rank=1 chosen_beam_rank=1 heat_best=2.139641564 heat_second=2.137374090 beam_best=0.000000000 beam_second=0.000000000 heat_cell_beam=0.000000000 beam_cell_heat=2.139641564 chosen_heat=2.139641564 chosen_beam=0.000000000 beam_entropy=0.000000000
DECISION branch_turn=122 cell=13,13 target_cluster=None
RESULT branch_turn=122 cell=13,13 result=MISS remaining_cells=8 target_cluster=None
BRANCH branch_turn=? n=19 remaining_cells=8 beam_states=0 heat_cell=12,14 beam_cell=12,14 chosen_cell=12,14 heat_rank_of_beam=1 beam_rank_of_heat=1 chosen_heat_rank=1 chosen_beam_rank=1 heat_best=2.059187163 heat_second=2.057407032 beam_best=0.000000000 beam_second=0.000000000 heat_cell_beam=0.000000000 beam_cell_heat=2.059187163 chosen_heat=2.059187163 chosen_beam=0.000000000 beam_entropy=0.000000000
DECISION branch_turn=123 cell=12,14 target_cluster=None
RESULT branch_turn=123 cell=12,14 result=MISS remaining_cells=8 target_cluster=None
BRANCH branch_turn=? n=19 remaining_cells=8 beam_states=0 heat_cell=10,7 beam_cell=10,7 chosen_cell=10,7 heat_rank_of_beam=1 beam_rank_of_heat=1 chosen_heat_rank=1 chosen_beam_rank=1 heat_best=1.585097384 heat_second=1.581423148 beam_best=0.000000000 beam_second=0.000000000 heat_cell_beam=0.000000000 beam_cell_heat=1.585097384 chosen_heat=1.585097384 chosen_beam=0.000000000 beam_entropy=0.000000000
DECISION branch_turn=124 cell=10,7 target_cluster=None
RESULT branch_turn=124 cell=10,7 result=HIT remaining_cells=8 target_cluster=None
DECISION branch_turn=125 cell=10,8 target_cluster=Some(2)
RESULT branch_turn=125 cell=10,8 result=HIT remaining_cells=7 target_cluster=Some(2)
DECISION branch_turn=126 cell=10,9 target_cluster=Some(2)
RESULT branch_turn=126 cell=10,9 result=KILL remaining_cells=6 target_cluster=Some(2)
DECISION branch_turn=127 cell=11,7 target_cluster=Some(2)
RESULT branch_turn=127 cell=11,7 result=MISS remaining_cells=5 target_cluster=Some(2)
DECISION branch_turn=128 cell=9,7 target_cluster=Some(2)
RESULT branch_turn=128 cell=9,7 result=MISS remaining_cells=5 target_cluster=Some(2)
BRANCH branch_turn=? n=19 remaining_cells=5 beam_states=0 heat_cell=14,11 beam_cell=14,11 chosen_cell=14,11 heat_rank_of_beam=1 beam_rank_of_heat=1 chosen_heat_rank=1 chosen_beam_rank=1 heat_best=1.519146587 heat_second=1.519129886 beam_best=0.000000000 beam_second=0.000000000 heat_cell_beam=0.000000000 beam_cell_heat=1.519146587 chosen_heat=1.519146587 chosen_beam=0.000000000 beam_entropy=0.000000000
DECISION branch_turn=129 cell=14,11 target_cluster=None
RESULT branch_turn=129 cell=14,11 result=MISS remaining_cells=5 target_cluster=None
BRANCH branch_turn=? n=19 remaining_cells=5 beam_states=0 heat_cell=16,15 beam_cell=16,15 chosen_cell=16,15 heat_rank_of_beam=1 beam_rank_of_heat=1 chosen_heat_rank=1 chosen_beam_rank=1 heat_best=1.826898090 heat_second=1.826480417 beam_best=0.000000000 beam_second=0.000000000 heat_cell_beam=0.000000000 beam_cell_heat=1.826898090 chosen_heat=1.826898090 chosen_beam=0.000000000 beam_entropy=0.000000000
DECISION branch_turn=130 cell=16,15 target_cluster=None
RESULT branch_turn=130 cell=16,15 result=MISS remaining_cells=5 target_cluster=None
BRANCH branch_turn=? n=19 remaining_cells=5 beam_states=0 heat_cell=11,15 beam_cell=11,15 chosen_cell=11,15 heat_rank_of_beam=1 beam_rank_of_heat=1 chosen_heat_rank=1 chosen_beam_rank=1 heat_best=2.307487612 heat_second=2.304198757 beam_best=0.000000000 beam_second=0.000000000 heat_cell_beam=0.000000000 beam_cell_heat=2.307487612 chosen_heat=2.307487612 chosen_beam=0.000000000 beam_entropy=0.000000000
DECISION branch_turn=131 cell=11,15 target_cluster=None
RESULT branch_turn=131 cell=11,15 result=MISS remaining_cells=5 target_cluster=None
BRANCH branch_turn=? n=19 remaining_cells=5 beam_states=0 heat_cell=18,16 beam_cell=18,16 chosen_cell=18,16 heat_rank_of_beam=1 beam_rank_of_heat=1 chosen_heat_rank=1 chosen_beam_rank=1 heat_best=3.129666429 heat_second=3.129450242 beam_best=0.000000000 beam_second=0.000000000 heat_cell_beam=0.000000000 beam_cell_heat=3.129666429 chosen_heat=3.129666429 chosen_beam=0.000000000 beam_entropy=0.000000000
DECISION branch_turn=132 cell=18,16 target_cluster=None
RESULT branch_turn=132 cell=18,16 result=MISS remaining_cells=5 target_cluster=None
BRANCH branch_turn=? n=19 remaining_cells=5 beam_states=0 heat_cell=14,6 beam_cell=14,6 chosen_cell=14,6 heat_rank_of_beam=1 beam_rank_of_heat=1 chosen_heat_rank=1 chosen_beam_rank=1 heat_best=3.728118707 heat_second=3.727815679 beam_best=0.000000000 beam_second=0.000000000 heat_cell_beam=0.000000000 beam_cell_heat=3.728118707 chosen_heat=3.728118707 chosen_beam=0.000000000 beam_entropy=0.000000000
DECISION branch_turn=133 cell=14,6 target_cluster=None
RESULT branch_turn=133 cell=14,6 result=MISS remaining_cells=5 target_cluster=None
BRANCH branch_turn=? n=19 remaining_cells=5 beam_states=0 heat_cell=16,5 beam_cell=16,5 chosen_cell=16,5 heat_rank_of_beam=1 beam_rank_of_heat=1 chosen_heat_rank=1 chosen_beam_rank=1 heat_best=3.877150116 heat_second=3.877022207 beam_best=0.000000000 beam_second=0.000000000 heat_cell_beam=0.000000000 beam_cell_heat=3.877150116 chosen_heat=3.877150116 chosen_beam=0.000000000 beam_entropy=0.000000000
DECISION branch_turn=134 cell=16,5 target_cluster=None
RESULT branch_turn=134 cell=16,5 result=MISS remaining_cells=5 target_cluster=None
BRANCH branch_turn=? n=19 remaining_cells=5 beam_states=0 heat_cell=13,3 beam_cell=13,3 chosen_cell=13,3 heat_rank_of_beam=1 beam_rank_of_heat=1 chosen_heat_rank=1 chosen_beam_rank=1 heat_best=4.036791662 heat_second=4.036789013 beam_best=0.000000000 beam_second=0.000000000 heat_cell_beam=0.000000000 beam_cell_heat=4.036791662 chosen_heat=4.036791662 chosen_beam=0.000000000 beam_entropy=0.000000000
DECISION branch_turn=135 cell=13,3 target_cluster=None
RESULT branch_turn=135 cell=13,3 result=MISS remaining_cells=5 target_cluster=None
BRANCH branch_turn=? n=19 remaining_cells=5 beam_states=0 heat_cell=11,0 beam_cell=11,0 chosen_cell=11,0 heat_rank_of_beam=1 beam_rank_of_heat=1 chosen_heat_rank=1 chosen_beam_rank=1 heat_best=4.206789081 heat_second=4.205587897 beam_best=0.000000000 beam_second=0.000000000 heat_cell_beam=0.000000000 beam_cell_heat=4.206789081 chosen_heat=4.206789081 chosen_beam=0.000000000 beam_entropy=0.000000000
DECISION branch_turn=136 cell=11,0 target_cluster=None
RESULT branch_turn=136 cell=11,0 result=MISS remaining_cells=5 target_cluster=None
BRANCH branch_turn=? n=19 remaining_cells=5 beam_states=0 heat_cell=18,1 beam_cell=18,1 chosen_cell=18,1 heat_rank_of_beam=1 beam_rank_of_heat=1 chosen_heat_rank=1 chosen_beam_rank=1 heat_best=4.369213601 heat_second=4.367142052 beam_best=0.000000000 beam_second=0.000000000 heat_cell_beam=0.000000000 beam_cell_heat=4.369213601 chosen_heat=4.369213601 chosen_beam=0.000000000 beam_entropy=0.000000000
DECISION branch_turn=137 cell=18,1 target_cluster=None
RESULT branch_turn=137 cell=18,1 result=MISS remaining_cells=5 target_cluster=None
BRANCH branch_turn=? n=19 remaining_cells=5 beam_states=0 heat_cell=17,0 beam_cell=17,0 chosen_cell=17,0 heat_rank_of_beam=1 beam_rank_of_heat=1 chosen_heat_rank=1 chosen_beam_rank=1 heat_best=4.460312264 heat_second=4.212622670 beam_best=0.000000000 beam_second=0.000000000 heat_cell_beam=0.000000000 beam_cell_heat=4.460312264 chosen_heat=4.460312264 chosen_beam=0.000000000 beam_entropy=0.000000000
DECISION branch_turn=138 cell=17,0 target_cluster=None
RESULT branch_turn=138 cell=17,0 result=HIT remaining_cells=5 target_cluster=None
DECISION branch_turn=139 cell=16,0 target_cluster=Some(3)
RESULT branch_turn=139 cell=16,0 result=KILL remaining_cells=4 target_cluster=Some(3)
BRANCH branch_turn=? n=19 remaining_cells=3 beam_states=0 heat_cell=1,13 beam_cell=1,13 chosen_cell=1,13 heat_rank_of_beam=1 beam_rank_of_heat=1 chosen_heat_rank=1 chosen_beam_rank=1 heat_best=5.096792265 heat_second=5.095690186 beam_best=0.000000000 beam_second=0.000000000 heat_cell_beam=0.000000000 beam_cell_heat=5.096792265 chosen_heat=5.096792265 chosen_beam=0.000000000 beam_entropy=0.000000000
DECISION branch_turn=140 cell=1,13 target_cluster=None
RESULT branch_turn=140 cell=1,13 result=MISS remaining_cells=3 target_cluster=None
BRANCH branch_turn=? n=19 remaining_cells=3 beam_states=0 heat_cell=0,13 beam_cell=0,13 chosen_cell=0,13 heat_rank_of_beam=1 beam_rank_of_heat=1 chosen_heat_rank=1 chosen_beam_rank=1 heat_best=7.734379937 heat_second=7.733116941 beam_best=0.000000000 beam_second=0.000000000 heat_cell_beam=0.000000000 beam_cell_heat=7.734379937 chosen_heat=7.734379937 chosen_beam=0.000000000 beam_entropy=0.000000000
DECISION branch_turn=141 cell=0,13 target_cluster=None
RESULT branch_turn=141 cell=0,13 result=MISS remaining_cells=3 target_cluster=None
BRANCH branch_turn=? n=19 remaining_cells=3 beam_states=0 heat_cell=10,10 beam_cell=10,10 chosen_cell=10,10 heat_rank_of_beam=1 beam_rank_of_heat=1 chosen_heat_rank=1 chosen_beam_rank=1 heat_best=0.041093082 heat_second=0.040538142 beam_best=0.000000000 beam_second=0.000000000 heat_cell_beam=0.000000000 beam_cell_heat=0.041093082 chosen_heat=0.041093082 chosen_beam=0.000000000 beam_entropy=0.000000000
DECISION branch_turn=142 cell=10,10 target_cluster=None
RESULT branch_turn=142 cell=10,10 result=MISS remaining_cells=3 target_cluster=None
BRANCH branch_turn=? n=19 remaining_cells=3 beam_states=0 heat_cell=9,10 beam_cell=9,10 chosen_cell=9,10 heat_rank_of_beam=1 beam_rank_of_heat=1 chosen_heat_rank=1 chosen_beam_rank=1 heat_best=0.042370233 heat_second=0.041658890 beam_best=0.000000000 beam_second=0.000000000 heat_cell_beam=0.000000000 beam_cell_heat=0.042370233 chosen_heat=0.042370233 chosen_beam=0.000000000 beam_entropy=0.000000000
DECISION branch_turn=143 cell=9,10 target_cluster=None
RESULT branch_turn=143 cell=9,10 result=MISS remaining_cells=3 target_cluster=None
BRANCH branch_turn=? n=19 remaining_cells=3 beam_states=0 heat_cell=9,11 beam_cell=9,11 chosen_cell=9,11 heat_rank_of_beam=1 beam_rank_of_heat=1 chosen_heat_rank=1 chosen_beam_rank=1 heat_best=0.041804691 heat_second=0.040703571 beam_best=0.000000000 beam_second=0.000000000 heat_cell_beam=0.000000000 beam_cell_heat=0.041804691 chosen_heat=0.041804691 chosen_beam=0.000000000 beam_entropy=0.000000000
DECISION branch_turn=144 cell=9,11 target_cluster=None
RESULT branch_turn=144 cell=9,11 result=MISS remaining_cells=3 target_cluster=None
BRANCH branch_turn=? n=19 remaining_cells=3 beam_states=0 heat_cell=9,9 beam_cell=9,9 chosen_cell=9,9 heat_rank_of_beam=1 beam_rank_of_heat=1 chosen_heat_rank=1 chosen_beam_rank=1 heat_best=0.043247042 heat_second=0.041921266 beam_best=0.000000000 beam_second=0.000000000 heat_cell_beam=0.000000000 beam_cell_heat=0.043247042 chosen_heat=0.043247042 chosen_beam=0.000000000 beam_entropy=0.000000000
DECISION branch_turn=145 cell=9,9 target_cluster=None
RESULT branch_turn=145 cell=9,9 result=MISS remaining_cells=3 target_cluster=None
BRANCH branch_turn=? n=19 remaining_cells=3 beam_states=0 heat_cell=11,9 beam_cell=11,9 chosen_cell=11,9 heat_rank_of_beam=1 beam_rank_of_heat=1 chosen_heat_rank=1 chosen_beam_rank=1 heat_best=0.041596888 heat_second=0.040748758 beam_best=0.000000000 beam_second=0.000000000 heat_cell_beam=0.000000000 beam_cell_heat=0.041596888 chosen_heat=0.041596888 chosen_beam=0.000000000 beam_entropy=0.000000000
DECISION branch_turn=146 cell=11,9 target_cluster=None
RESULT branch_turn=146 cell=11,9 result=MISS remaining_cells=3 target_cluster=None
BRANCH branch_turn=? n=19 remaining_cells=3 beam_states=0 heat_cell=9,12 beam_cell=9,12 chosen_cell=9,12 heat_rank_of_beam=1 beam_rank_of_heat=1 chosen_heat_rank=1 chosen_beam_rank=1 heat_best=0.043501135 heat_second=0.042396664 beam_best=0.000000000 beam_second=0.000000000 heat_cell_beam=0.000000000 beam_cell_heat=0.043501135 chosen_heat=0.043501135 chosen_beam=0.000000000 beam_entropy=0.000000000
DECISION branch_turn=147 cell=9,12 target_cluster=None
RESULT branch_turn=147 cell=9,12 result=MISS remaining_cells=3 target_cluster=None
BRANCH branch_turn=? n=19 remaining_cells=3 beam_states=0 heat_cell=11,10 beam_cell=11,10 chosen_cell=11,10 heat_rank_of_beam=1 beam_rank_of_heat=1 chosen_heat_rank=1 chosen_beam_rank=1 heat_best=0.043373720 heat_second=0.043042631 beam_best=0.000000000 beam_second=0.000000000 heat_cell_beam=0.000000000 beam_cell_heat=0.043373720 chosen_heat=0.043373720 chosen_beam=0.000000000 beam_entropy=0.000000000
DECISION branch_turn=148 cell=11,10 target_cluster=None
RESULT branch_turn=148 cell=11,10 result=MISS remaining_cells=3 target_cluster=None
BRANCH branch_turn=? n=19 remaining_cells=3 beam_states=0 heat_cell=13,9 beam_cell=13,9 chosen_cell=13,9 heat_rank_of_beam=1 beam_rank_of_heat=1 chosen_heat_rank=1 chosen_beam_rank=1 heat_best=0.042133263 heat_second=0.041555256 beam_best=0.000000000 beam_second=0.000000000 heat_cell_beam=0.000000000 beam_cell_heat=0.042133263 chosen_heat=0.042133263 chosen_beam=0.000000000 beam_entropy=0.000000000
DECISION branch_turn=149 cell=13,9 target_cluster=None
RESULT branch_turn=149 cell=13,9 result=MISS remaining_cells=3 target_cluster=None
BRANCH branch_turn=? n=19 remaining_cells=3 beam_states=0 heat_cell=12,10 beam_cell=12,10 chosen_cell=12,10 heat_rank_of_beam=1 beam_rank_of_heat=1 chosen_heat_rank=1 chosen_beam_rank=1 heat_best=0.043947415 heat_second=0.041797832 beam_best=0.000000000 beam_second=0.000000000 heat_cell_beam=0.000000000 beam_cell_heat=0.043947415 chosen_heat=0.043947415 chosen_beam=0.000000000 beam_entropy=0.000000000
DECISION branch_turn=150 cell=12,10 target_cluster=None
RESULT branch_turn=150 cell=12,10 result=MISS remaining_cells=3 target_cluster=None
BRANCH branch_turn=? n=19 remaining_cells=3 beam_states=0 heat_cell=9,13 beam_cell=9,13 chosen_cell=9,13 heat_rank_of_beam=1 beam_rank_of_heat=1 chosen_heat_rank=1 chosen_beam_rank=1 heat_best=0.043420882 heat_second=0.041806080 beam_best=0.000000000 beam_second=0.000000000 heat_cell_beam=0.000000000 beam_cell_heat=0.043420882 chosen_heat=0.043420882 chosen_beam=0.000000000 beam_entropy=0.000000000
DECISION branch_turn=151 cell=9,13 target_cluster=None
RESULT branch_turn=151 cell=9,13 result=MISS remaining_cells=3 target_cluster=None
BRANCH branch_turn=? n=19 remaining_cells=3 beam_states=0 heat_cell=11,11 beam_cell=11,11 chosen_cell=11,11 heat_rank_of_beam=1 beam_rank_of_heat=1 chosen_heat_rank=1 chosen_beam_rank=1 heat_best=0.044427826 heat_second=0.043254914 beam_best=0.000000000 beam_second=0.000000000 heat_cell_beam=0.000000000 beam_cell_heat=0.044427826 chosen_heat=0.044427826 chosen_beam=0.000000000 beam_entropy=0.000000000
DECISION branch_turn=152 cell=11,11 target_cluster=None
RESULT branch_turn=152 cell=11,11 result=MISS remaining_cells=3 target_cluster=None
BRANCH branch_turn=? n=19 remaining_cells=3 beam_states=0 heat_cell=12,12 beam_cell=12,12 chosen_cell=12,12 heat_rank_of_beam=1 beam_rank_of_heat=1 chosen_heat_rank=1 chosen_beam_rank=1 heat_best=0.043972414 heat_second=0.043481519 beam_best=0.000000000 beam_second=0.000000000 heat_cell_beam=0.000000000 beam_cell_heat=0.043972414 chosen_heat=0.043972414 chosen_beam=0.000000000 beam_entropy=0.000000000
DECISION branch_turn=153 cell=12,12 target_cluster=None
RESULT branch_turn=153 cell=12,12 result=MISS remaining_cells=3 target_cluster=None
BRANCH branch_turn=? n=19 remaining_cells=3 beam_states=0 heat_cell=13,11 beam_cell=13,11 chosen_cell=13,11 heat_rank_of_beam=1 beam_rank_of_heat=1 chosen_heat_rank=1 chosen_beam_rank=1 heat_best=0.044094249 heat_second=0.043517355 beam_best=0.000000000 beam_second=0.000000000 heat_cell_beam=0.000000000 beam_cell_heat=0.044094249 chosen_heat=0.044094249 chosen_beam=0.000000000 beam_entropy=0.000000000
DECISION branch_turn=154 cell=13,11 target_cluster=None
RESULT branch_turn=154 cell=13,11 result=MISS remaining_cells=3 target_cluster=None
BRANCH branch_turn=? n=19 remaining_cells=3 beam_states=0 heat_cell=9,15 beam_cell=9,15 chosen_cell=9,15 heat_rank_of_beam=1 beam_rank_of_heat=1 chosen_heat_rank=1 chosen_beam_rank=1 heat_best=0.045098473 heat_second=0.043996911 beam_best=0.000000000 beam_second=0.000000000 heat_cell_beam=0.000000000 beam_cell_heat=0.045098473 chosen_heat=0.045098473 chosen_beam=0.000000000 beam_entropy=0.000000000
DECISION branch_turn=155 cell=9,15 target_cluster=None
RESULT branch_turn=155 cell=9,15 result=MISS remaining_cells=3 target_cluster=None
BRANCH branch_turn=? n=19 remaining_cells=3 beam_states=0 heat_cell=11,13 beam_cell=11,13 chosen_cell=11,13 heat_rank_of_beam=1 beam_rank_of_heat=1 chosen_heat_rank=1 chosen_beam_rank=1 heat_best=0.045768496 heat_second=0.044917339 beam_best=0.000000000 beam_second=0.000000000 heat_cell_beam=0.000000000 beam_cell_heat=0.045768496 chosen_heat=0.045768496 chosen_beam=0.000000000 beam_entropy=0.000000000
DECISION branch_turn=156 cell=11,13 target_cluster=None
RESULT branch_turn=156 cell=11,13 result=MISS remaining_cells=3 target_cluster=None
BRANCH branch_turn=? n=19 remaining_cells=3 beam_states=0 heat_cell=14,10 beam_cell=14,10 chosen_cell=14,10 heat_rank_of_beam=1 beam_rank_of_heat=1 chosen_heat_rank=1 chosen_beam_rank=1 heat_best=0.045962544 heat_second=0.045370487 beam_best=0.000000000 beam_second=0.000000000 heat_cell_beam=0.000000000 beam_cell_heat=0.045962544 chosen_heat=0.045962544 chosen_beam=0.000000000 beam_entropy=0.000000000
DECISION branch_turn=157 cell=14,10 target_cluster=None
RESULT branch_turn=157 cell=14,10 result=MISS remaining_cells=3 target_cluster=None
BRANCH branch_turn=? n=19 remaining_cells=3 beam_states=0 heat_cell=15,9 beam_cell=15,9 chosen_cell=15,9 heat_rank_of_beam=1 beam_rank_of_heat=1 chosen_heat_rank=1 chosen_beam_rank=1 heat_best=0.047290663 heat_second=0.045169802 beam_best=0.000000000 beam_second=0.000000000 heat_cell_beam=0.000000000 beam_cell_heat=0.047290663 chosen_heat=0.047290663 chosen_beam=0.000000000 beam_entropy=0.000000000
DECISION branch_turn=158 cell=15,9 target_cluster=None
RESULT branch_turn=158 cell=15,9 result=MISS remaining_cells=3 target_cluster=None
BRANCH branch_turn=? n=19 remaining_cells=3 beam_states=0 heat_cell=9,16 beam_cell=9,16 chosen_cell=9,16 heat_rank_of_beam=1 beam_rank_of_heat=1 chosen_heat_rank=1 chosen_beam_rank=1 heat_best=0.046485573 heat_second=0.045777839 beam_best=0.000000000 beam_second=0.000000000 heat_cell_beam=0.000000000 beam_cell_heat=0.046485573 chosen_heat=0.046485573 chosen_beam=0.000000000 beam_entropy=0.000000000
DECISION branch_turn=159 cell=9,16 target_cluster=None
RESULT branch_turn=159 cell=9,16 result=MISS remaining_cells=3 target_cluster=None
BRANCH branch_turn=? n=19 remaining_cells=3 beam_states=0 heat_cell=13,12 beam_cell=13,12 chosen_cell=13,12 heat_rank_of_beam=1 beam_rank_of_heat=1 chosen_heat_rank=1 chosen_beam_rank=1 heat_best=0.047164047 heat_second=0.047053570 beam_best=0.000000000 beam_second=0.000000000 heat_cell_beam=0.000000000 beam_cell_heat=0.047164047 chosen_heat=0.047164047 chosen_beam=0.000000000 beam_entropy=0.000000000
DECISION branch_turn=160 cell=13,12 target_cluster=None
RESULT branch_turn=160 cell=13,12 result=MISS remaining_cells=3 target_cluster=None
BRANCH branch_turn=? n=19 remaining_cells=3 beam_states=0 heat_cell=14,12 beam_cell=14,12 chosen_cell=14,12 heat_rank_of_beam=1 beam_rank_of_heat=1 chosen_heat_rank=1 chosen_beam_rank=1 heat_best=0.046573861 heat_second=0.045484881 beam_best=0.000000000 beam_second=0.000000000 heat_cell_beam=0.000000000 beam_cell_heat=0.046573861 chosen_heat=0.046573861 chosen_beam=0.000000000 beam_entropy=0.000000000
DECISION branch_turn=161 cell=14,12 target_cluster=None
RESULT branch_turn=161 cell=14,12 result=MISS remaining_cells=3 target_cluster=None
BRANCH branch_turn=? n=19 remaining_cells=3 beam_states=0 heat_cell=16,9 beam_cell=16,9 chosen_cell=16,9 heat_rank_of_beam=1 beam_rank_of_heat=1 chosen_heat_rank=1 chosen_beam_rank=1 heat_best=0.047691524 heat_second=0.047077466 beam_best=0.000000000 beam_second=0.000000000 heat_cell_beam=0.000000000 beam_cell_heat=0.047691524 chosen_heat=0.047691524 chosen_beam=0.000000000 beam_entropy=0.000000000
DECISION branch_turn=162 cell=16,9 target_cluster=None
RESULT branch_turn=162 cell=16,9 result=MISS remaining_cells=3 target_cluster=None
BRANCH branch_turn=? n=19 remaining_cells=3 beam_states=0 heat_cell=12,13 beam_cell=12,13 chosen_cell=12,13 heat_rank_of_beam=1 beam_rank_of_heat=1 chosen_heat_rank=1 chosen_beam_rank=1 heat_best=0.048498139 heat_second=0.046655112 beam_best=0.000000000 beam_second=0.000000000 heat_cell_beam=0.000000000 beam_cell_heat=0.048498139 chosen_heat=0.048498139 chosen_beam=0.000000000 beam_entropy=0.000000000
DECISION branch_turn=163 cell=12,13 target_cluster=None
RESULT branch_turn=163 cell=12,13 result=MISS remaining_cells=3 target_cluster=None
BRANCH branch_turn=? n=19 remaining_cells=3 beam_states=0 heat_cell=11,14 beam_cell=11,14 chosen_cell=11,14 heat_rank_of_beam=1 beam_rank_of_heat=1 chosen_heat_rank=1 chosen_beam_rank=1 heat_best=0.048992167 heat_second=0.048441963 beam_best=0.000000000 beam_second=0.000000000 heat_cell_beam=0.000000000 beam_cell_heat=0.048992167 chosen_heat=0.048992167 chosen_beam=0.000000000 beam_entropy=0.000000000
DECISION branch_turn=164 cell=11,14 target_cluster=None
RESULT branch_turn=164 cell=11,14 result=MISS remaining_cells=3 target_cluster=None
BRANCH branch_turn=? n=19 remaining_cells=3 beam_states=0 heat_cell=9,17 beam_cell=9,17 chosen_cell=9,17 heat_rank_of_beam=1 beam_rank_of_heat=1 chosen_heat_rank=1 chosen_beam_rank=1 heat_best=0.048344457 heat_second=0.047628800 beam_best=0.000000000 beam_second=0.000000000 heat_cell_beam=0.000000000 beam_cell_heat=0.048344457 chosen_heat=0.048344457 chosen_beam=0.000000000 beam_entropy=0.000000000
DECISION branch_turn=165 cell=9,17 target_cluster=None
RESULT branch_turn=165 cell=9,17 result=MISS remaining_cells=3 target_cluster=None
BRANCH branch_turn=? n=19 remaining_cells=3 beam_states=0 heat_cell=15,11 beam_cell=15,11 chosen_cell=15,11 heat_rank_of_beam=1 beam_rank_of_heat=1 chosen_heat_rank=1 chosen_beam_rank=1 heat_best=0.048859219 heat_second=0.048747041 beam_best=0.000000000 beam_second=0.000000000 heat_cell_beam=0.000000000 beam_cell_heat=0.048859219 chosen_heat=0.048859219 chosen_beam=0.000000000 beam_entropy=0.000000000
DECISION branch_turn=166 cell=15,11 target_cluster=None
RESULT branch_turn=166 cell=15,11 result=MISS remaining_cells=3 target_cluster=None
BRANCH branch_turn=? n=19 remaining_cells=3 beam_states=0 heat_cell=17,9 beam_cell=17,9 chosen_cell=17,9 heat_rank_of_beam=1 beam_rank_of_heat=1 chosen_heat_rank=1 chosen_beam_rank=1 heat_best=0.048734818 heat_second=0.048620381 beam_best=0.000000000 beam_second=0.000000000 heat_cell_beam=0.000000000 beam_cell_heat=0.048734818 chosen_heat=0.048734818 chosen_beam=0.000000000 beam_entropy=0.000000000
DECISION branch_turn=167 cell=17,9 target_cluster=None
RESULT branch_turn=167 cell=17,9 result=MISS remaining_cells=3 target_cluster=None
BRANCH branch_turn=? n=19 remaining_cells=3 beam_states=0 heat_cell=15,10 beam_cell=15,10 chosen_cell=15,10 heat_rank_of_beam=1 beam_rank_of_heat=1 chosen_heat_rank=1 chosen_beam_rank=1 heat_best=0.051150199 heat_second=0.049828317 beam_best=0.000000000 beam_second=0.000000000 heat_cell_beam=0.000000000 beam_cell_heat=0.051150199 chosen_heat=0.051150199 chosen_beam=0.000000000 beam_entropy=0.000000000
DECISION branch_turn=168 cell=15,10 target_cluster=None
RESULT branch_turn=168 cell=15,10 result=MISS remaining_cells=3 target_cluster=None
BRANCH branch_turn=? n=19 remaining_cells=3 beam_states=0 heat_cell=18,9 beam_cell=18,9 chosen_cell=18,9 heat_rank_of_beam=1 beam_rank_of_heat=1 chosen_heat_rank=1 chosen_beam_rank=1 heat_best=0.049780760 heat_second=0.049188256 beam_best=0.000000000 beam_second=0.000000000 heat_cell_beam=0.000000000 beam_cell_heat=0.049780760 chosen_heat=0.049780760 chosen_beam=0.000000000 beam_entropy=0.000000000
DECISION branch_turn=169 cell=18,9 target_cluster=None
RESULT branch_turn=169 cell=18,9 result=MISS remaining_cells=3 target_cluster=None
BRANCH branch_turn=? n=19 remaining_cells=3 beam_states=0 heat_cell=16,11 beam_cell=16,11 chosen_cell=16,11 heat_rank_of_beam=1 beam_rank_of_heat=1 chosen_heat_rank=1 chosen_beam_rank=1 heat_best=0.050293717 heat_second=0.049609972 beam_best=0.000000000 beam_second=0.000000000 heat_cell_beam=0.000000000 beam_cell_heat=0.050293717 chosen_heat=0.050293717 chosen_beam=0.000000000 beam_entropy=0.000000000
DECISION branch_turn=170 cell=16,11 target_cluster=None
RESULT branch_turn=170 cell=16,11 result=MISS remaining_cells=3 target_cluster=None
BRANCH branch_turn=? n=19 remaining_cells=3 beam_states=0 heat_cell=11,16 beam_cell=11,16 chosen_cell=11,16 heat_rank_of_beam=1 beam_rank_of_heat=1 chosen_heat_rank=1 chosen_beam_rank=1 heat_best=0.050520991 heat_second=0.050137403 beam_best=0.000000000 beam_second=0.000000000 heat_cell_beam=0.000000000 beam_cell_heat=0.050520991 chosen_heat=0.050520991 chosen_beam=0.000000000 beam_entropy=0.000000000
DECISION branch_turn=171 cell=11,16 target_cluster=None
RESULT branch_turn=171 cell=11,16 result=MISS remaining_cells=3 target_cluster=None
BRANCH branch_turn=? n=19 remaining_cells=3 beam_states=0 heat_cell=16,10 beam_cell=16,10 chosen_cell=16,10 heat_rank_of_beam=1 beam_rank_of_heat=1 chosen_heat_rank=1 chosen_beam_rank=1 heat_best=0.052147335 heat_second=0.051261796 beam_best=0.000000000 beam_second=0.000000000 heat_cell_beam=0.000000000 beam_cell_heat=0.052147335 chosen_heat=0.052147335 chosen_beam=0.000000000 beam_entropy=0.000000000
DECISION branch_turn=172 cell=16,10 target_cluster=None
RESULT branch_turn=172 cell=16,10 result=MISS remaining_cells=3 target_cluster=None
BRANCH branch_turn=? n=19 remaining_cells=3 beam_states=0 heat_cell=17,10 beam_cell=17,10 chosen_cell=17,10 heat_rank_of_beam=1 beam_rank_of_heat=1 chosen_heat_rank=1 chosen_beam_rank=1 heat_best=0.051191224 heat_second=0.050657708 beam_best=0.000000000 beam_second=0.000000000 heat_cell_beam=0.000000000 beam_cell_heat=0.051191224 chosen_heat=0.051191224 chosen_beam=0.000000000 beam_entropy=0.000000000
DECISION branch_turn=173 cell=17,10 target_cluster=None
RESULT branch_turn=173 cell=17,10 result=MISS remaining_cells=3 target_cluster=None
BRANCH branch_turn=? n=19 remaining_cells=3 beam_states=0 heat_cell=12,15 beam_cell=12,15 chosen_cell=12,15 heat_rank_of_beam=1 beam_rank_of_heat=1 chosen_heat_rank=1 chosen_beam_rank=1 heat_best=0.052300230 heat_second=0.052088318 beam_best=0.000000000 beam_second=0.000000000 heat_cell_beam=0.000000000 beam_cell_heat=0.052300230 chosen_heat=0.052300230 chosen_beam=0.000000000 beam_entropy=0.000000000
DECISION branch_turn=174 cell=12,15 target_cluster=None
RESULT branch_turn=174 cell=12,15 result=MISS remaining_cells=3 target_cluster=None
BRANCH branch_turn=? n=19 remaining_cells=3 beam_states=0 heat_cell=15,12 beam_cell=15,12 chosen_cell=15,12 heat_rank_of_beam=1 beam_rank_of_heat=1 chosen_heat_rank=1 chosen_beam_rank=1 heat_best=0.053087270 heat_second=0.051222713 beam_best=0.000000000 beam_second=0.000000000 heat_cell_beam=0.000000000 beam_cell_heat=0.053087270 chosen_heat=0.053087270 chosen_beam=0.000000000 beam_entropy=0.000000000
DECISION branch_turn=175 cell=15,12 target_cluster=None
RESULT branch_turn=175 cell=15,12 result=MISS remaining_cells=3 target_cluster=None
BRANCH branch_turn=? n=19 remaining_cells=3 beam_states=0 heat_cell=10,18 beam_cell=10,18 chosen_cell=10,18 heat_rank_of_beam=1 beam_rank_of_heat=1 chosen_heat_rank=1 chosen_beam_rank=1 heat_best=0.053289853 heat_second=0.052808556 beam_best=0.000000000 beam_second=0.000000000 heat_cell_beam=0.000000000 beam_cell_heat=0.053289853 chosen_heat=0.053289853 chosen_beam=0.000000000 beam_entropy=0.000000000
DECISION branch_turn=176 cell=10,18 target_cluster=None
RESULT branch_turn=176 cell=10,18 result=MISS remaining_cells=3 target_cluster=None
BRANCH branch_turn=? n=19 remaining_cells=3 beam_states=0 heat_cell=13,14 beam_cell=13,14 chosen_cell=13,14 heat_rank_of_beam=1 beam_rank_of_heat=1 chosen_heat_rank=1 chosen_beam_rank=1 heat_best=0.054700702 heat_second=0.053973692 beam_best=0.000000000 beam_second=0.000000000 heat_cell_beam=0.000000000 beam_cell_heat=0.054700702 chosen_heat=0.054700702 chosen_beam=0.000000000 beam_entropy=0.000000000
DECISION branch_turn=177 cell=13,14 target_cluster=None
RESULT branch_turn=177 cell=13,14 result=MISS remaining_cells=3 target_cluster=None
BRANCH branch_turn=? n=19 remaining_cells=3 beam_states=0 heat_cell=17,11 beam_cell=17,11 chosen_cell=17,11 heat_rank_of_beam=1 beam_rank_of_heat=1 chosen_heat_rank=1 chosen_beam_rank=1 heat_best=0.054859657 heat_second=0.054549559 beam_best=0.000000000 beam_second=0.000000000 heat_cell_beam=0.000000000 beam_cell_heat=0.054859657 chosen_heat=0.054859657 chosen_beam=0.000000000 beam_entropy=0.000000000
DECISION branch_turn=178 cell=17,11 target_cluster=None
RESULT branch_turn=178 cell=17,11 result=MISS remaining_cells=3 target_cluster=None
BRANCH branch_turn=? n=19 remaining_cells=3 beam_states=0 heat_cell=12,16 beam_cell=12,16 chosen_cell=12,16 heat_rank_of_beam=1 beam_rank_of_heat=1 chosen_heat_rank=1 chosen_beam_rank=1 heat_best=0.055614890 heat_second=0.054485816 beam_best=0.000000000 beam_second=0.000000000 heat_cell_beam=0.000000000 beam_cell_heat=0.055614890 chosen_heat=0.055614890 chosen_beam=0.000000000 beam_entropy=0.000000000
DECISION branch_turn=179 cell=12,16 target_cluster=None
RESULT branch_turn=179 cell=12,16 result=MISS remaining_cells=3 target_cluster=None
BRANCH branch_turn=? n=19 remaining_cells=3 beam_states=0 heat_cell=11,17 beam_cell=11,17 chosen_cell=11,17 heat_rank_of_beam=1 beam_rank_of_heat=1 chosen_heat_rank=1 chosen_beam_rank=1 heat_best=0.056220340 heat_second=0.055874082 beam_best=0.000000000 beam_second=0.000000000 heat_cell_beam=0.000000000 beam_cell_heat=0.056220340 chosen_heat=0.056220340 chosen_beam=0.000000000 beam_entropy=0.000000000
DECISION branch_turn=180 cell=11,17 target_cluster=None
RESULT branch_turn=180 cell=11,17 result=MISS remaining_cells=3 target_cluster=None
BRANCH branch_turn=? n=19 remaining_cells=3 beam_states=0 heat_cell=13,15 beam_cell=13,15 chosen_cell=13,15 heat_rank_of_beam=1 beam_rank_of_heat=1 chosen_heat_rank=1 chosen_beam_rank=1 heat_best=0.055234939 heat_second=0.054859535 beam_best=0.000000000 beam_second=0.000000000 heat_cell_beam=0.000000000 beam_cell_heat=0.055234939 chosen_heat=0.055234939 chosen_beam=0.000000000 beam_entropy=0.000000000
DECISION branch_turn=181 cell=13,15 target_cluster=None
RESULT branch_turn=181 cell=13,15 result=MISS remaining_cells=3 target_cluster=None
BRANCH branch_turn=? n=19 remaining_cells=3 beam_states=0 heat_cell=18,11 beam_cell=18,11 chosen_cell=18,11 heat_rank_of_beam=1 beam_rank_of_heat=1 chosen_heat_rank=1 chosen_beam_rank=1 heat_best=0.056548776 heat_second=0.056391005 beam_best=0.000000000 beam_second=0.000000000 heat_cell_beam=0.000000000 beam_cell_heat=0.056548776 chosen_heat=0.056548776 chosen_beam=0.000000000 beam_entropy=0.000000000
DECISION branch_turn=182 cell=18,11 target_cluster=None
RESULT branch_turn=182 cell=18,11 result=MISS remaining_cells=3 target_cluster=None
BRANCH branch_turn=? n=19 remaining_cells=3 beam_states=0 heat_cell=18,10 beam_cell=18,10 chosen_cell=18,10 heat_rank_of_beam=1 beam_rank_of_heat=1 chosen_heat_rank=1 chosen_beam_rank=1 heat_best=0.056899284 heat_second=0.056101469 beam_best=0.000000000 beam_second=0.000000000 heat_cell_beam=0.000000000 beam_cell_heat=0.056899284 chosen_heat=0.056899284 chosen_beam=0.000000000 beam_entropy=0.000000000
DECISION branch_turn=183 cell=18,10 target_cluster=None
RESULT branch_turn=183 cell=18,10 result=MISS remaining_cells=3 target_cluster=None
BRANCH branch_turn=? n=19 remaining_cells=3 beam_states=0 heat_cell=11,18 beam_cell=11,18 chosen_cell=11,18 heat_rank_of_beam=1 beam_rank_of_heat=1 chosen_heat_rank=1 chosen_beam_rank=1 heat_best=0.058752376 heat_second=0.058547059 beam_best=0.000000000 beam_second=0.000000000 heat_cell_beam=0.000000000 beam_cell_heat=0.058752376 chosen_heat=0.058752376 chosen_beam=0.000000000 beam_entropy=0.000000000
DECISION branch_turn=184 cell=11,18 target_cluster=None
RESULT branch_turn=184 cell=11,18 result=MISS remaining_cells=3 target_cluster=None
BRANCH branch_turn=? n=19 remaining_cells=3 beam_states=0 heat_cell=15,13 beam_cell=15,13 chosen_cell=15,13 heat_rank_of_beam=1 beam_rank_of_heat=1 chosen_heat_rank=1 chosen_beam_rank=1 heat_best=0.060164422 heat_second=0.059521707 beam_best=0.000000000 beam_second=0.000000000 heat_cell_beam=0.000000000 beam_cell_heat=0.060164422 chosen_heat=0.060164422 chosen_beam=0.000000000 beam_entropy=0.000000000
DECISION branch_turn=185 cell=15,13 target_cluster=None
RESULT branch_turn=185 cell=15,13 result=MISS remaining_cells=3 target_cluster=None
BRANCH branch_turn=? n=19 remaining_cells=3 beam_states=0 heat_cell=16,13 beam_cell=16,13 chosen_cell=16,13 heat_rank_of_beam=1 beam_rank_of_heat=1 chosen_heat_rank=1 chosen_beam_rank=1 heat_best=0.060220992 heat_second=0.059754778 beam_best=0.000000000 beam_second=0.000000000 heat_cell_beam=0.000000000 beam_cell_heat=0.060220992 chosen_heat=0.060220992 chosen_beam=0.000000000 beam_entropy=0.000000000
DECISION branch_turn=186 cell=16,13 target_cluster=None
RESULT branch_turn=186 cell=16,13 result=MISS remaining_cells=3 target_cluster=None
BRANCH branch_turn=? n=19 remaining_cells=3 beam_states=0 heat_cell=17,12 beam_cell=17,12 chosen_cell=17,12 heat_rank_of_beam=1 beam_rank_of_heat=1 chosen_heat_rank=1 chosen_beam_rank=1 heat_best=0.062037206 heat_second=0.061404701 beam_best=0.000000000 beam_second=0.000000000 heat_cell_beam=0.000000000 beam_cell_heat=0.062037206 chosen_heat=0.062037206 chosen_beam=0.000000000 beam_entropy=0.000000000
DECISION branch_turn=187 cell=17,12 target_cluster=None
RESULT branch_turn=187 cell=17,12 result=MISS remaining_cells=3 target_cluster=None
BRANCH branch_turn=? n=19 remaining_cells=3 beam_states=0 heat_cell=15,15 beam_cell=15,15 chosen_cell=15,15 heat_rank_of_beam=1 beam_rank_of_heat=1 chosen_heat_rank=1 chosen_beam_rank=1 heat_best=0.061634565 heat_second=0.061488605 beam_best=0.000000000 beam_second=0.000000000 heat_cell_beam=0.000000000 beam_cell_heat=0.061634565 chosen_heat=0.061634565 chosen_beam=0.000000000 beam_entropy=0.000000000
DECISION branch_turn=188 cell=15,15 target_cluster=None
RESULT branch_turn=188 cell=15,15 result=MISS remaining_cells=3 target_cluster=None
BRANCH branch_turn=? n=19 remaining_cells=3 beam_states=0 heat_cell=15,16 beam_cell=15,16 chosen_cell=15,16 heat_rank_of_beam=1 beam_rank_of_heat=1 chosen_heat_rank=1 chosen_beam_rank=1 heat_best=0.062854747 heat_second=0.062317076 beam_best=0.000000000 beam_second=0.000000000 heat_cell_beam=0.000000000 beam_cell_heat=0.062854747 chosen_heat=0.062854747 chosen_beam=0.000000000 beam_entropy=0.000000000
DECISION branch_turn=189 cell=15,16 target_cluster=None
RESULT branch_turn=189 cell=15,16 result=MISS remaining_cells=3 target_cluster=None
BRANCH branch_turn=? n=19 remaining_cells=3 beam_states=0 heat_cell=12,18 beam_cell=12,18 chosen_cell=12,18 heat_rank_of_beam=1 beam_rank_of_heat=1 chosen_heat_rank=1 chosen_beam_rank=1 heat_best=0.065220862 heat_second=0.064987156 beam_best=0.000000000 beam_second=0.000000000 heat_cell_beam=0.000000000 beam_cell_heat=0.065220862 chosen_heat=0.065220862 chosen_beam=0.000000000 beam_entropy=0.000000000
DECISION branch_turn=190 cell=12,18 target_cluster=None
RESULT branch_turn=190 cell=12,18 result=MISS remaining_cells=3 target_cluster=None
BRANCH branch_turn=? n=19 remaining_cells=3 beam_states=0 heat_cell=13,16 beam_cell=13,16 chosen_cell=13,16 heat_rank_of_beam=1 beam_rank_of_heat=1 chosen_heat_rank=1 chosen_beam_rank=1 heat_best=0.065067046 heat_second=0.064216292 beam_best=0.000000000 beam_second=0.000000000 heat_cell_beam=0.000000000 beam_cell_heat=0.065067046 chosen_heat=0.065067046 chosen_beam=0.000000000 beam_entropy=0.000000000
DECISION branch_turn=191 cell=13,16 target_cluster=None
RESULT branch_turn=191 cell=13,16 result=MISS remaining_cells=3 target_cluster=None
BRANCH branch_turn=? n=19 remaining_cells=3 beam_states=0 heat_cell=13,17 beam_cell=13,17 chosen_cell=13,17 heat_rank_of_beam=1 beam_rank_of_heat=1 chosen_heat_rank=1 chosen_beam_rank=1 heat_best=0.067888553 heat_second=0.067671702 beam_best=0.000000000 beam_second=0.000000000 heat_cell_beam=0.000000000 beam_cell_heat=0.067888553 chosen_heat=0.067888553 chosen_beam=0.000000000 beam_entropy=0.000000000
DECISION branch_turn=192 cell=13,17 target_cluster=None
RESULT branch_turn=192 cell=13,17 result=MISS remaining_cells=3 target_cluster=None
BRANCH branch_turn=? n=19 remaining_cells=3 beam_states=0 heat_cell=12,17 beam_cell=12,17 chosen_cell=12,17 heat_rank_of_beam=1 beam_rank_of_heat=1 chosen_heat_rank=1 chosen_beam_rank=1 heat_best=0.068454125 heat_second=0.067973259 beam_best=0.000000000 beam_second=0.000000000 heat_cell_beam=0.000000000 beam_cell_heat=0.068454125 chosen_heat=0.068454125 chosen_beam=0.000000000 beam_entropy=0.000000000
DECISION branch_turn=193 cell=12,17 target_cluster=None
RESULT branch_turn=193 cell=12,17 result=MISS remaining_cells=3 target_cluster=None
BRANCH branch_turn=? n=19 remaining_cells=3 beam_states=0 heat_cell=16,14 beam_cell=16,14 chosen_cell=16,14 heat_rank_of_beam=1 beam_rank_of_heat=1 chosen_heat_rank=1 chosen_beam_rank=1 heat_best=0.070188639 heat_second=0.068283303 beam_best=0.000000000 beam_second=0.000000000 heat_cell_beam=0.000000000 beam_cell_heat=0.070188639 chosen_heat=0.070188639 chosen_beam=0.000000000 beam_entropy=0.000000000
DECISION branch_turn=194 cell=16,14 target_cluster=None
RESULT branch_turn=194 cell=16,14 result=HIT remaining_cells=3 target_cluster=None
DECISION branch_turn=195 cell=17,14 target_cluster=Some(3)
RESULT branch_turn=195 cell=17,14 result=KILL remaining_cells=2 target_cluster=Some(3)
BRANCH branch_turn=? n=19 remaining_cells=1 beam_states=0 heat_cell=8,9 beam_cell=8,9 chosen_cell=8,9 heat_rank_of_beam=1 beam_rank_of_heat=1 chosen_heat_rank=1 chosen_beam_rank=1 heat_best=0.020249589 heat_second=0.019390213 beam_best=0.000000000 beam_second=0.000000000 heat_cell_beam=0.000000000 beam_cell_heat=0.020249589 chosen_heat=0.020249589 chosen_beam=0.000000000 beam_entropy=0.000000000
DECISION branch_turn=196 cell=8,9 target_cluster=None
RESULT branch_turn=196 cell=8,9 result=MISS remaining_cells=1 target_cluster=None
BRANCH branch_turn=? n=19 remaining_cells=1 beam_states=0 heat_cell=5,9 beam_cell=5,9 chosen_cell=5,9 heat_rank_of_beam=1 beam_rank_of_heat=1 chosen_heat_rank=1 chosen_beam_rank=1 heat_best=0.019197666 heat_second=0.018881724 beam_best=0.000000000 beam_second=0.000000000 heat_cell_beam=0.000000000 beam_cell_heat=0.019197666 chosen_heat=0.019197666 chosen_beam=0.000000000 beam_entropy=0.000000000
DECISION branch_turn=197 cell=5,9 target_cluster=None
RESULT branch_turn=197 cell=5,9 result=MISS remaining_cells=1 target_cluster=None
BRANCH branch_turn=? n=19 remaining_cells=1 beam_states=0 heat_cell=8,10 beam_cell=8,10 chosen_cell=8,10 heat_rank_of_beam=1 beam_rank_of_heat=1 chosen_heat_rank=1 chosen_beam_rank=1 heat_best=0.020952118 heat_second=0.018250921 beam_best=0.000000000 beam_second=0.000000000 heat_cell_beam=0.000000000 beam_cell_heat=0.020952118 chosen_heat=0.020952118 chosen_beam=0.000000000 beam_entropy=0.000000000
DECISION branch_turn=198 cell=8,10 target_cluster=None
RESULT branch_turn=198 cell=8,10 result=MISS remaining_cells=1 target_cluster=None
BRANCH branch_turn=? n=19 remaining_cells=1 beam_states=0 heat_cell=6,9 beam_cell=6,9 chosen_cell=6,9 heat_rank_of_beam=1 beam_rank_of_heat=1 chosen_heat_rank=1 chosen_beam_rank=1 heat_best=0.020078474 heat_second=0.017938854 beam_best=0.000000000 beam_second=0.000000000 heat_cell_beam=0.000000000 beam_cell_heat=0.020078474 chosen_heat=0.020078474 chosen_beam=0.000000000 beam_entropy=0.000000000
DECISION branch_turn=199 cell=6,9 target_cluster=None
RESULT branch_turn=199 cell=6,9 result=MISS remaining_cells=1 target_cluster=None
BRANCH branch_turn=? n=19 remaining_cells=1 beam_states=0 heat_cell=6,8 beam_cell=6,8 chosen_cell=6,8 heat_rank_of_beam=1 beam_rank_of_heat=1 chosen_heat_rank=1 chosen_beam_rank=1 heat_best=0.018863334 heat_second=0.018668390 beam_best=0.000000000 beam_second=0.000000000 heat_cell_beam=0.000000000 beam_cell_heat=0.018863334 chosen_heat=0.018863334 chosen_beam=0.000000000 beam_entropy=0.000000000
DECISION branch_turn=200 cell=6,8 target_cluster=None
RESULT branch_turn=200 cell=6,8 result=MISS remaining_cells=1 target_cluster=None
BRANCH branch_turn=? n=19 remaining_cells=1 beam_states=0 heat_cell=9,5 beam_cell=9,5 chosen_cell=9,5 heat_rank_of_beam=1 beam_rank_of_heat=1 chosen_heat_rank=1 chosen_beam_rank=1 heat_best=0.018132573 heat_second=0.017423992 beam_best=0.000000000 beam_second=0.000000000 heat_cell_beam=0.000000000 beam_cell_heat=0.018132573 chosen_heat=0.018132573 chosen_beam=0.000000000 beam_entropy=0.000000000
DECISION branch_turn=201 cell=9,5 target_cluster=None
RESULT branch_turn=201 cell=9,5 result=MISS remaining_cells=1 target_cluster=None
BRANCH branch_turn=? n=19 remaining_cells=1 beam_states=0 heat_cell=6,10 beam_cell=6,10 chosen_cell=6,10 heat_rank_of_beam=1 beam_rank_of_heat=1 chosen_heat_rank=1 chosen_beam_rank=1 heat_best=0.018942300 heat_second=0.018228862 beam_best=0.000000000 beam_second=0.000000000 heat_cell_beam=0.000000000 beam_cell_heat=0.018942300 chosen_heat=0.018942300 chosen_beam=0.000000000 beam_entropy=0.000000000
DECISION branch_turn=202 cell=6,10 target_cluster=None
RESULT branch_turn=202 cell=6,10 result=MISS remaining_cells=1 target_cluster=None
BRANCH branch_turn=? n=19 remaining_cells=1 beam_states=0 heat_cell=4,9 beam_cell=4,9 chosen_cell=4,9 heat_rank_of_beam=1 beam_rank_of_heat=1 chosen_heat_rank=1 chosen_beam_rank=1 heat_best=0.017877361 heat_second=0.016521054 beam_best=0.000000000 beam_second=0.000000000 heat_cell_beam=0.000000000 beam_cell_heat=0.017877361 chosen_heat=0.017877361 chosen_beam=0.000000000 beam_entropy=0.000000000
DECISION branch_turn=203 cell=4,9 target_cluster=None
RESULT branch_turn=203 cell=4,9 result=MISS remaining_cells=1 target_cluster=None
BRANCH branch_turn=? n=19 remaining_cells=1 beam_states=0 heat_cell=5,10 beam_cell=5,10 chosen_cell=5,10 heat_rank_of_beam=1 beam_rank_of_heat=1 chosen_heat_rank=1 chosen_beam_rank=1 heat_best=0.018017654 heat_second=0.018007507 beam_best=0.000000000 beam_second=0.000000000 heat_cell_beam=0.000000000 beam_cell_heat=0.018017654 chosen_heat=0.018017654 chosen_beam=0.000000000 beam_entropy=0.000000000
DECISION branch_turn=204 cell=5,10 target_cluster=None
RESULT branch_turn=204 cell=5,10 result=MISS remaining_cells=1 target_cluster=None
BRANCH branch_turn=? n=19 remaining_cells=1 beam_states=0 heat_cell=6,7 beam_cell=6,7 chosen_cell=6,7 heat_rank_of_beam=1 beam_rank_of_heat=1 chosen_heat_rank=1 chosen_beam_rank=1 heat_best=0.016266261 heat_second=0.016147945 beam_best=0.000000000 beam_second=0.000000000 heat_cell_beam=0.000000000 beam_cell_heat=0.016266261 chosen_heat=0.016266261 chosen_beam=0.000000000 beam_entropy=0.000000000
DECISION branch_turn=205 cell=6,7 target_cluster=None
RESULT branch_turn=205 cell=6,7 result=MISS remaining_cells=1 target_cluster=None
BRANCH branch_turn=? n=19 remaining_cells=1 beam_states=0 heat_cell=4,8 beam_cell=4,8 chosen_cell=4,8 heat_rank_of_beam=1 beam_rank_of_heat=1 chosen_heat_rank=1 chosen_beam_rank=1 heat_best=0.016762248 heat_second=0.016362979 beam_best=0.000000000 beam_second=0.000000000 heat_cell_beam=0.000000000 beam_cell_heat=0.016762248 chosen_heat=0.016762248 chosen_beam=0.000000000 beam_entropy=0.000000000
DECISION branch_turn=206 cell=4,8 target_cluster=None
RESULT branch_turn=206 cell=4,8 result=MISS remaining_cells=1 target_cluster=None
BRANCH branch_turn=? n=19 remaining_cells=1 beam_states=0 heat_cell=14,8 beam_cell=14,8 chosen_cell=14,8 heat_rank_of_beam=1 beam_rank_of_heat=1 chosen_heat_rank=1 chosen_beam_rank=1 heat_best=0.017159413 heat_second=0.016257340 beam_best=0.000000000 beam_second=0.000000000 heat_cell_beam=0.000000000 beam_cell_heat=0.017159413 chosen_heat=0.017159413 chosen_beam=0.000000000 beam_entropy=0.000000000
DECISION branch_turn=207 cell=14,8 target_cluster=None
RESULT branch_turn=207 cell=14,8 result=MISS remaining_cells=1 target_cluster=None
BRANCH branch_turn=? n=19 remaining_cells=1 beam_states=0 heat_cell=5,8 beam_cell=5,8 chosen_cell=5,8 heat_rank_of_beam=1 beam_rank_of_heat=1 chosen_heat_rank=1 chosen_beam_rank=1 heat_best=0.016877674 heat_second=0.016708134 beam_best=0.000000000 beam_second=0.000000000 heat_cell_beam=0.000000000 beam_cell_heat=0.016877674 chosen_heat=0.016877674 chosen_beam=0.000000000 beam_entropy=0.000000000
DECISION branch_turn=208 cell=5,8 target_cluster=None
RESULT branch_turn=208 cell=5,8 result=MISS remaining_cells=1 target_cluster=None
BRANCH branch_turn=? n=19 remaining_cells=1 beam_states=0 heat_cell=8,5 beam_cell=8,5 chosen_cell=8,5 heat_rank_of_beam=1 beam_rank_of_heat=1 chosen_heat_rank=1 chosen_beam_rank=1 heat_best=0.018218055 heat_second=0.015430409 beam_best=0.000000000 beam_second=0.000000000 heat_cell_beam=0.000000000 beam_cell_heat=0.018218055 chosen_heat=0.018218055 chosen_beam=0.000000000 beam_entropy=0.000000000
DECISION branch_turn=209 cell=8,5 target_cluster=None
RESULT branch_turn=209 cell=8,5 result=MISS remaining_cells=1 target_cluster=None
BRANCH branch_turn=? n=19 remaining_cells=1 beam_states=0 heat_cell=5,7 beam_cell=5,7 chosen_cell=5,7 heat_rank_of_beam=1 beam_rank_of_heat=1 chosen_heat_rank=1 chosen_beam_rank=1 heat_best=0.016793412 heat_second=0.015948934 beam_best=0.000000000 beam_second=0.000000000 heat_cell_beam=0.000000000 beam_cell_heat=0.016793412 chosen_heat=0.016793412 chosen_beam=0.000000000 beam_entropy=0.000000000
DECISION branch_turn=210 cell=5,7 target_cluster=None
RESULT branch_turn=210 cell=5,7 result=MISS remaining_cells=1 target_cluster=None
BRANCH branch_turn=? n=19 remaining_cells=1 beam_states=0 heat_cell=13,7 beam_cell=13,7 chosen_cell=13,7 heat_rank_of_beam=1 beam_rank_of_heat=1 chosen_heat_rank=1 chosen_beam_rank=1 heat_best=0.017178702 heat_second=0.015988904 beam_best=0.000000000 beam_second=0.000000000 heat_cell_beam=0.000000000 beam_cell_heat=0.017178702 chosen_heat=0.017178702 chosen_beam=0.000000000 beam_entropy=0.000000000
DECISION branch_turn=211 cell=13,7 target_cluster=None
RESULT branch_turn=211 cell=13,7 result=MISS remaining_cells=1 target_cluster=None
BRANCH branch_turn=? n=19 remaining_cells=1 beam_states=0 heat_cell=3,10 beam_cell=3,10 chosen_cell=3,10 heat_rank_of_beam=1 beam_rank_of_heat=1 chosen_heat_rank=1 chosen_beam_rank=1 heat_best=0.015585864 heat_second=0.015389232 beam_best=0.000000000 beam_second=0.000000000 heat_cell_beam=0.000000000 beam_cell_heat=0.015585864 chosen_heat=0.015585864 chosen_beam=0.000000000 beam_entropy=0.000000000
DECISION branch_turn=212 cell=3,10 target_cluster=None
RESULT branch_turn=212 cell=3,10 result=MISS remaining_cells=1 target_cluster=None
BRANCH branch_turn=? n=19 remaining_cells=1 beam_states=0 heat_cell=5,11 beam_cell=5,11 chosen_cell=5,11 heat_rank_of_beam=1 beam_rank_of_heat=1 chosen_heat_rank=1 chosen_beam_rank=1 heat_best=0.017033935 heat_second=0.016197258 beam_best=0.000000000 beam_second=0.000000000 heat_cell_beam=0.000000000 beam_cell_heat=0.017033935 chosen_heat=0.017033935 chosen_beam=0.000000000 beam_entropy=0.000000000
DECISION branch_turn=213 cell=5,11 target_cluster=None
RESULT branch_turn=213 cell=5,11 result=MISS remaining_cells=1 target_cluster=None
BRANCH branch_turn=? n=19 remaining_cells=1 beam_states=0 heat_cell=4,7 beam_cell=4,7 chosen_cell=4,7 heat_rank_of_beam=1 beam_rank_of_heat=1 chosen_heat_rank=1 chosen_beam_rank=1 heat_best=0.016264743 heat_second=0.015456332 beam_best=0.000000000 beam_second=0.000000000 heat_cell_beam=0.000000000 beam_cell_heat=0.016264743 chosen_heat=0.016264743 chosen_beam=0.000000000 beam_entropy=0.000000000
DECISION branch_turn=214 cell=4,7 target_cluster=None
RESULT branch_turn=214 cell=4,7 result=MISS remaining_cells=1 target_cluster=None
BRANCH branch_turn=? n=19 remaining_cells=1 beam_states=0 heat_cell=7,4 beam_cell=7,4 chosen_cell=7,4 heat_rank_of_beam=1 beam_rank_of_heat=1 chosen_heat_rank=1 chosen_beam_rank=1 heat_best=0.016069701 heat_second=0.014740082 beam_best=0.000000000 beam_second=0.000000000 heat_cell_beam=0.000000000 beam_cell_heat=0.016069701 chosen_heat=0.016069701 chosen_beam=0.000000000 beam_entropy=0.000000000
DECISION branch_turn=215 cell=7,4 target_cluster=None
RESULT branch_turn=215 cell=7,4 result=MISS remaining_cells=1 target_cluster=None
BRANCH branch_turn=? n=19 remaining_cells=1 beam_states=0 heat_cell=4,11 beam_cell=4,11 chosen_cell=4,11 heat_rank_of_beam=1 beam_rank_of_heat=1 chosen_heat_rank=1 chosen_beam_rank=1 heat_best=0.016232572 heat_second=0.015884775 beam_best=0.000000000 beam_second=0.000000000 heat_cell_beam=0.000000000 beam_cell_heat=0.016232572 chosen_heat=0.016232572 chosen_beam=0.000000000 beam_entropy=0.000000000
DECISION branch_turn=216 cell=4,11 target_cluster=None
RESULT branch_turn=216 cell=4,11 result=MISS remaining_cells=1 target_cluster=None
BRANCH branch_turn=? n=19 remaining_cells=1 beam_states=0 heat_cell=2,9 beam_cell=2,9 chosen_cell=2,9 heat_rank_of_beam=1 beam_rank_of_heat=1 chosen_heat_rank=1 chosen_beam_rank=1 heat_best=0.015528247 heat_second=0.015383384 beam_best=0.000000000 beam_second=0.000000000 heat_cell_beam=0.000000000 beam_cell_heat=0.015528247 chosen_heat=0.015528247 chosen_beam=0.000000000 beam_entropy=0.000000000
DECISION branch_turn=217 cell=2,9 target_cluster=None
RESULT branch_turn=217 cell=2,9 result=KILL remaining_cells=1 target_cluster=None
