turn=1 mode=SCAN region=0,0,8,17
turn=1 result=SCAN count=49
turn=2 mode=SCAN region=0,0,17,8
turn=2 result=SCAN count=42
turn=3 mode=HUNT rank=1 cell=8,8 score=4.271477 prob=2.530017 density=1.680000 center=0.017000
turn=3 mode=HUNT rank=2 cell=7,8 score=4.204414 prob=2.490987 density=1.680000 center=0.016000
turn=3 mode=HUNT rank=3 cell=8,7 score=4.167878 prob=2.469486 density=1.680000 center=0.016000
turn=3 mode=HUNT rank=4 cell=6,8 score=4.119156 prob=2.442604 density=1.680000 center=0.015000
turn=3 mode=HUNT rank=5 cell=7,7 score=4.101721 prob=2.430456 density=1.680000 center=0.015000
turn=3 picked cell=8,8 target_cluster=None active_clusters=0 remaining_cells=70 scans=2
turn=3 result=MISS
turn=4 mode=HUNT rank=1 cell=7,7 score=4.298462 prob=2.531963 density=1.690451 center=0.015000
turn=4 mode=HUNT rank=2 cell=6,7 score=4.208262 prob=2.481078 density=1.690451 center=0.014000
turn=4 mode=HUNT rank=3 cell=7,6 score=4.180049 prob=2.462583 density=1.690451 center=0.014000
turn=4 mode=HUNT rank=4 cell=5,7 score=4.109159 prob=2.420699 density=1.690451 center=0.013000
turn=4 mode=HUNT rank=5 cell=6,6 score=4.090378 prob=2.411698 density=1.690451 center=0.013000
turn=4 picked cell=7,7 target_cluster=None active_clusters=0 remaining_cells=70 scans=2
turn=4 result=MISS
turn=5 mode=HUNT rank=1 cell=6,6 score=4.279121 prob=2.507313 density=1.701066 center=0.013000
turn=5 mode=HUNT rank=2 cell=5,6 score=4.173761 prob=2.444063 density=1.701066 center=0.012000
turn=5 mode=HUNT rank=3 cell=6,5 score=4.145613 prob=2.428836 density=1.701066 center=0.012000
turn=5 mode=HUNT rank=4 cell=5,5 score=4.035888 prob=2.365586 density=1.701066 center=0.011000
turn=5 mode=HUNT rank=5 cell=4,6 score=3.950004 prob=2.314132 density=1.701066 center=0.011000
turn=5 picked cell=6,6 target_cluster=None active_clusters=0 remaining_cells=70 scans=2
turn=5 result=MISS
turn=6 mode=HUNT rank=1 cell=5,5 score=4.218416 prob=2.456503 density=1.711848 center=0.011000
turn=6 mode=HUNT rank=2 cell=4,5 score=3.987520 prob=2.321310 density=1.711848 center=0.010000
turn=6 mode=HUNT rank=3 cell=5,4 score=3.968575 prob=2.310035 density=1.711848 center=0.010000
turn=6 mode=HUNT rank=4 cell=4,4 score=3.733732 prob=2.174842 density=1.711848 center=0.009000
turn=6 mode=HUNT rank=5 cell=3,5 score=3.688194 prob=2.146744 density=1.711848 center=0.009000
turn=6 picked cell=5,5 target_cluster=None active_clusters=0 remaining_cells=70 scans=2
turn=6 result=MISS
turn=7 mode=HUNT rank=1 cell=4,4 score=3.964851 prob=2.295246 density=1.722801 center=0.009000
turn=7 mode=HUNT rank=2 cell=3,4 score=3.647446 prob=2.110937 density=1.722801 center=0.008000
turn=7 mode=HUNT rank=3 cell=4,3 score=3.632085 prob=2.102766 density=1.722801 center=0.008000
turn=7 mode=HUNT rank=4 cell=4,8 score=3.509464 prob=2.028778 density=1.722801 center=0.013000
turn=7 mode=HUNT rank=5 cell=3,8 score=3.508496 prob=2.028778 density=1.722801 center=0.012000
turn=7 picked cell=4,4 target_cluster=None active_clusters=0 remaining_cells=70 scans=2
turn=7 result=HIT
turn=8 mode=CHASE cluster=0 cluster_len=1 cell=5,4 score=100001.088911 chase_score=5076.838911 prob=1.088911
turn=8 picked cell=5,4 target_cluster=Some(0) active_clusters=1 remaining_cells=69 scans=2
turn=8 result=MISS
turn=9 mode=CHASE cluster=0 cluster_len=1 cell=4,5 score=100001.107676 chase_score=5076.857676 prob=1.107676
turn=9 picked cell=4,5 target_cluster=Some(0) active_clusters=1 remaining_cells=69 scans=2
turn=9 result=HIT
turn=10 mode=CHASE cluster=0 cluster_len=2 cell=4,6 score=200001.298677 chase_score=10262.298677 prob=1.298677
turn=10 picked cell=4,6 target_cluster=Some(0) active_clusters=1 remaining_cells=68 scans=2
turn=10 result=HIT
turn=11 mode=CHASE cluster=0 cluster_len=3 cell=4,7 score=300001.485128 chase_score=10222.485128 prob=1.485128
turn=11 picked cell=4,7 target_cluster=Some(0) active_clusters=1 remaining_cells=67 scans=2
turn=11 result=HIT
turn=12 mode=CHASE cluster=0 cluster_len=4 cell=4,8 score=400001.671579 chase_score=10182.671579 prob=1.671579
turn=12 picked cell=4,8 target_cluster=Some(0) active_clusters=1 remaining_cells=66 scans=2
turn=12 result=KILL
turn=12 kill_infer inferred_len=5 committed_hits=4 cluster_hits=4
turn=13 mode=HUNT rank=1 cell=3,9 score=3.260947 prob=2.322366 density=1.398381 center=0.012000
turn=13 mode=HUNT rank=2 cell=8,3 score=3.128329 prob=1.892967 density=1.644371 center=0.012000
turn=13 mode=HUNT rank=3 cell=3,3 score=3.093681 prob=1.877012 density=1.644371 center=0.007000
turn=13 mode=HUNT rank=4 cell=3,10 score=3.080524 prob=2.194957 density=1.398381 center=0.011000
turn=13 mode=HUNT rank=5 cell=8,2 score=3.032591 prob=1.836614 density=1.644371 center=0.011000
turn=13 picked cell=3,9 target_cluster=None active_clusters=0 remaining_cells=65 scans=2
turn=13 result=MISS
turn=14 mode=HUNT rank=1 cell=8,3 score=3.294309 prob=1.995335 density=1.644735 center=0.012000
turn=14 mode=HUNT rank=2 cell=8,2 score=3.197890 prob=1.936261 density=1.644735 center=0.011000
turn=14 mode=HUNT rank=3 cell=7,3 score=3.056423 prob=1.850745 density=1.644735 center=0.011000
turn=14 mode=HUNT rank=4 cell=5,11 score=3.033185 prob=2.150386 density=1.403158 center=0.012000
turn=14 mode=HUNT rank=5 cell=5,12 score=3.020138 prob=2.143196 density=1.403158 center=0.011000
turn=14 picked cell=8,3 target_cluster=None active_clusters=0 remaining_cells=65 scans=2
turn=14 result=HIT
turn=15 mode=CHASE cluster=0 cluster_len=1 cell=9,3 score=100002.096349 chase_score=5093.096349 prob=2.096349
turn=15 picked cell=9,3 target_cluster=Some(0) active_clusters=1 remaining_cells=64 scans=2
turn=15 result=HIT
turn=16 mode=CHASE cluster=0 cluster_len=2 cell=10,3 score=200002.004834 chase_score=10302.004834 prob=2.004834
turn=16 picked cell=10,3 target_cluster=Some(0) active_clusters=1 remaining_cells=63 scans=2
turn=16 result=MISS
turn=17 mode=CHASE cluster=0 cluster_len=2 cell=7,3 score=200000.788267 chase_score=10062.788267 prob=0.788267
turn=17 picked cell=7,3 target_cluster=Some(0) active_clusters=1 remaining_cells=63 scans=2
turn=17 result=HIT
turn=18 mode=CHASE cluster=0 cluster_len=3 cell=6,3 score=300000.788267 chase_score=10062.788267 prob=0.788267
turn=18 picked cell=6,3 target_cluster=Some(0) active_clusters=1 remaining_cells=62 scans=2
turn=18 result=HIT
turn=19 mode=CHASE cluster=0 cluster_len=4 cell=5,3 score=400000.704996 chase_score=10050.704996 prob=0.704996
turn=19 picked cell=5,3 target_cluster=Some(0) active_clusters=1 remaining_cells=61 scans=2
turn=19 result=KILL
turn=19 kill_infer inferred_len=5 committed_hits=4 cluster_hits=4
turn=20 mode=HUNT rank=1 cell=5,11 score=3.031139 prob=2.165454 density=1.392290 center=0.012000
turn=20 mode=HUNT rank=2 cell=5,12 score=3.023428 prob=2.160645 density=1.392290 center=0.011000
turn=20 mode=HUNT rank=3 cell=2,10 score=3.002525 prob=2.148323 density=1.392290 center=0.010000
turn=20 mode=HUNT rank=4 cell=6,12 score=2.967975 prob=2.121283 density=1.392290 center=0.012000
turn=20 mode=HUNT rank=5 cell=5,10 score=2.943839 prob=2.104983 density=1.392290 center=0.013000
turn=20 picked cell=5,11 target_cluster=None active_clusters=0 remaining_cells=60 scans=2
turn=20 result=HIT
turn=21 mode=CHASE cluster=0 cluster_len=1 cell=6,11 score=100001.875128 chase_score=5074.375128 prob=1.875128
turn=21 picked cell=6,11 target_cluster=Some(0) active_clusters=1 remaining_cells=59 scans=2
turn=21 result=MISS
turn=22 mode=CHASE cluster=0 cluster_len=1 cell=5,12 score=100001.998633 chase_score=5060.998633 prob=1.998633
turn=22 picked cell=5,12 target_cluster=Some(0) active_clusters=1 remaining_cells=59 scans=2
turn=22 result=MISS
turn=23 mode=CHASE cluster=0 cluster_len=1 cell=5,10 score=100001.286198 chase_score=5009.286198 prob=1.286198
turn=23 picked cell=5,10 target_cluster=Some(0) active_clusters=1 remaining_cells=59 scans=2
turn=23 result=HIT
turn=24 mode=CHASE cluster=0 cluster_len=2 cell=5,9 score=200000.591975 chase_score=10030.591975 prob=0.591975
turn=24 picked cell=5,9 target_cluster=Some(0) active_clusters=1 remaining_cells=58 scans=2
turn=24 result=HIT
turn=25 mode=CHASE cluster=0 cluster_len=3 cell=5,8 score=300000.186331 chase_score=10030.186331 prob=0.186331
turn=25 picked cell=5,8 target_cluster=Some(0) active_clusters=1 remaining_cells=57 scans=2
turn=25 result=HIT
turn=26 mode=CHASE cluster=0 cluster_len=4 cell=5,7 score=400000.150912 chase_score=10018.150912 prob=0.150912
turn=26 picked cell=5,7 target_cluster=Some(0) active_clusters=1 remaining_cells=56 scans=2
turn=26 result=HIT
turn=27 mode=CHASE cluster=0 cluster_len=5 cell=5,6 score=500000.104685 chase_score=10018.104685 prob=0.104685
turn=27 picked cell=5,6 target_cluster=Some(0) active_clusters=1 remaining_cells=55 scans=2
turn=27 result=KILL
turn=27 kill_infer inferred_len=6 committed_hits=5 cluster_hits=5
turn=28 mode=HUNT rank=1 cell=7,13 score=2.738729 prob=2.013006 density=1.354383 center=0.012000
turn=28 mode=HUNT rank=2 cell=1,8 score=2.723330 prob=1.782911 density=1.520831 center=0.010000
turn=28 mode=HUNT rank=3 cell=2,8 score=2.723213 prob=1.782911 density=1.520831 center=0.011000
turn=28 mode=HUNT rank=4 cell=0,8 score=2.713001 prob=1.775737 density=1.520831 center=0.009000
turn=28 mode=HUNT rank=5 cell=7,14 score=2.673520 prob=1.965400 density=1.354383 center=0.011000
turn=28 picked cell=7,13 target_cluster=None active_clusters=0 remaining_cells=54 scans=2
turn=28 result=MISS
turn=29 mode=HUNT rank=1 cell=2,8 score=2.844857 prob=1.861077 density=1.521622 center=0.011000
turn=29 mode=HUNT rank=2 cell=1,8 score=2.843304 prob=1.861077 density=1.521622 center=0.010000
turn=29 mode=HUNT rank=3 cell=0,8 score=2.830201 prob=1.853686 density=1.521622 center=0.009000
turn=29 mode=HUNT rank=4 cell=8,14 score=2.732299 prob=1.997991 density=1.359635 center=0.012000
turn=29 mode=HUNT rank=5 cell=2,7 score=2.652349 prob=1.735462 density=1.521622 center=0.010000
turn=29 picked cell=2,8 target_cluster=None active_clusters=0 remaining_cells=54 scans=2
turn=29 result=HIT
turn=30 mode=CHASE cluster=0 cluster_len=1 cell=2,9 score=100001.458284 chase_score=5079.958284 prob=1.458284
turn=30 picked cell=2,9 target_cluster=Some(0) active_clusters=1 remaining_cells=53 scans=2
turn=30 result=MISS
turn=31 mode=CHASE cluster=0 cluster_len=1 cell=2,7 score=100000.350951 chase_score=5013.600951 prob=0.350951
turn=31 picked cell=2,7 target_cluster=Some(0) active_clusters=1 remaining_cells=53 scans=2
turn=31 result=HIT
turn=32 mode=CHASE cluster=0 cluster_len=2 cell=2,6 score=200000.432798 chase_score=10051.432798 prob=0.432798
turn=32 picked cell=2,6 target_cluster=Some(0) active_clusters=1 remaining_cells=52 scans=2
turn=32 result=HIT
turn=33 mode=CHASE cluster=0 cluster_len=3 cell=2,5 score=300000.514645 chase_score=10051.514645 prob=0.514645
turn=33 picked cell=2,5 target_cluster=Some(0) active_clusters=1 remaining_cells=51 scans=2
turn=33 result=HIT
turn=34 mode=CHASE cluster=0 cluster_len=4 cell=2,4 score=400000.514645 chase_score=10039.514645 prob=0.514645
turn=34 picked cell=2,4 target_cluster=Some(0) active_clusters=1 remaining_cells=50 scans=2
turn=34 result=HIT
turn=35 mode=CHASE cluster=0 cluster_len=5 cell=2,3 score=500000.553349 chase_score=10039.553349 prob=0.553349
turn=35 picked cell=2,3 target_cluster=Some(0) active_clusters=1 remaining_cells=49 scans=2
turn=35 result=KILL
turn=35 kill_infer inferred_len=6 committed_hits=5 cluster_hits=5
turn=36 mode=HUNT rank=1 cell=8,14 score=2.538213 prob=1.947021 density=1.295802 center=0.012000
turn=36 mode=HUNT rank=2 cell=8,15 score=2.440783 prob=1.873501 density=1.295802 center=0.011000
turn=36 mode=HUNT rank=3 cell=8,16 score=2.343421 prob=1.799981 density=1.295802 center=0.010000
turn=36 mode=HUNT rank=4 cell=0,8 score=2.240987 prob=1.690166 density=1.318856 center=0.009000
turn=36 mode=HUNT rank=5 cell=1,8 score=2.240765 prob=1.690166 density=1.318856 center=0.010000
turn=36 picked cell=8,14 target_cluster=None active_clusters=0 remaining_cells=48 scans=2
turn=36 result=HIT
turn=37 mode=CHASE cluster=0 cluster_len=1 cell=9,14 score=100002.153347 chase_score=5073.153347 prob=2.153347
turn=37 picked cell=9,14 target_cluster=Some(0) active_clusters=1 remaining_cells=47 scans=2
turn=37 result=MISS
turn=38 mode=CHASE cluster=0 cluster_len=1 cell=8,13 score=100000.608911 chase_score=5022.858911 prob=0.608911
turn=38 picked cell=8,13 target_cluster=Some(0) active_clusters=1 remaining_cells=47 scans=2
turn=38 result=HIT
turn=39 mode=CHASE cluster=0 cluster_len=2 cell=8,12 score=200001.003901 chase_score=10076.003901 prob=1.003901
turn=39 picked cell=8,12 target_cluster=Some(0) active_clusters=1 remaining_cells=46 scans=2
turn=39 result=HIT
turn=40 mode=CHASE cluster=0 cluster_len=3 cell=8,15 score=300001.826008 chase_score=10058.826008 prob=1.826008
turn=40 picked cell=8,15 target_cluster=Some(0) active_clusters=1 remaining_cells=45 scans=2
turn=40 result=MISS
turn=41 mode=CHASE cluster=0 cluster_len=3 cell=8,11 score=300000.593926 chase_score=10018.593926 prob=0.593926
turn=41 picked cell=8,11 target_cluster=Some(0) active_clusters=1 remaining_cells=45 scans=2
turn=41 result=HIT
turn=42 mode=CHASE cluster=0 cluster_len=4 cell=8,10 score=400000.754011 chase_score=10006.754011 prob=0.754011
turn=42 picked cell=8,10 target_cluster=Some(0) active_clusters=1 remaining_cells=44 scans=2
turn=42 result=HIT
turn=43 mode=CHASE cluster=0 cluster_len=5 cell=8,9 score=500000.704034 chase_score=10006.704034 prob=0.704034
turn=43 picked cell=8,9 target_cluster=Some(0) active_clusters=1 remaining_cells=43 scans=2
turn=43 result=KILL
turn=43 kill_infer inferred_len=6 committed_hits=5 cluster_hits=5
turn=44 mode=HUNT rank=1 cell=1,8 score=2.388145 prob=1.755537 density=1.352330 center=0.010000
turn=44 mode=HUNT rank=2 cell=0,8 score=2.385051 prob=1.755537 density=1.352330 center=0.009000
turn=44 mode=HUNT rank=3 cell=8,1 score=2.341568 prob=1.723970 density=1.352330 center=0.010000
turn=44 mode=HUNT rank=4 cell=8,2 score=2.331295 prob=1.715490 density=1.352330 center=0.011000
turn=44 mode=HUNT rank=5 cell=8,0 score=2.329996 prob=1.715490 density=1.352330 center=0.009000
turn=44 picked cell=1,8 target_cluster=None active_clusters=0 remaining_cells=42 scans=2
turn=44 result=HIT
turn=45 mode=CHASE cluster=0 cluster_len=1 cell=1,9 score=100001.532339 chase_score=5065.032339 prob=1.532339
turn=45 picked cell=1,9 target_cluster=Some(0) active_clusters=1 remaining_cells=41 scans=2
turn=45 result=HIT
turn=46 mode=CHASE cluster=0 cluster_len=2 cell=1,10 score=200001.485361 chase_score=10214.485361 prob=1.485361
turn=46 picked cell=1,10 target_cluster=Some(0) active_clusters=1 remaining_cells=40 scans=2
turn=46 result=HIT
turn=47 mode=CHASE cluster=0 cluster_len=3 cell=1,7 score=300001.385746 chase_score=10175.385746 prob=1.385746
turn=47 picked cell=1,7 target_cluster=Some(0) active_clusters=1 remaining_cells=39 scans=2
turn=47 result=HIT
turn=48 mode=CHASE cluster=0 cluster_len=4 cell=1,11 score=400001.338767 chase_score=10136.338767 prob=1.338767
turn=48 picked cell=1,11 target_cluster=Some(0) active_clusters=1 remaining_cells=38 scans=2
turn=48 result=HIT
turn=49 mode=CHASE cluster=0 cluster_len=5 cell=1,6 score=500001.239152 chase_score=10109.239152 prob=1.239152
turn=49 picked cell=1,6 target_cluster=Some(0) active_clusters=1 remaining_cells=37 scans=2
turn=49 result=HIT
turn=50 mode=CHASE cluster=0 cluster_len=6 cell=1,12 score=600001.192173 chase_score=10082.192173 prob=1.192173
turn=50 picked cell=1,12 target_cluster=Some(0) active_clusters=1 remaining_cells=36 scans=2
turn=50 result=HIT
turn=51 mode=CHASE cluster=0 cluster_len=7 cell=1,5 score=700001.092558 chase_score=10055.092558 prob=1.092558
turn=51 picked cell=1,5 target_cluster=Some(0) active_clusters=1 remaining_cells=35 scans=2
turn=51 result=HIT
turn=52 mode=CHASE cluster=0 cluster_len=8 cell=1,13 score=800001.045580 chase_score=10028.045580 prob=1.045580
turn=52 picked cell=1,13 target_cluster=Some(0) active_clusters=1 remaining_cells=34 scans=2
turn=52 result=KILL
turn=52 kill_infer inferred_len=9 committed_hits=8 cluster_hits=8
turn=53 mode=HUNT rank=1 cell=11,5 score=1.821434 prob=1.523095 density=1.186147 center=0.012000
turn=53 mode=HUNT rank=2 cell=13,5 score=1.820843 prob=1.523910 density=1.186147 center=0.010000
turn=53 mode=HUNT rank=3 cell=12,5 score=1.819667 prob=1.523910 density=1.186147 center=0.011000
turn=53 mode=HUNT rank=4 cell=14,5 score=1.819114 prob=1.523910 density=1.186147 center=0.009000
turn=53 mode=HUNT rank=5 cell=11,6 score=1.807667 prob=1.511350 density=1.186147 center=0.013000
turn=53 picked cell=11,5 target_cluster=None active_clusters=0 remaining_cells=33 scans=2
turn=53 result=MISS
turn=54 mode=HUNT rank=1 cell=12,6 score=1.927279 prob=1.606749 density=1.190771 center=0.012000
turn=54 mode=HUNT rank=2 cell=13,6 score=1.925438 prob=1.606749 density=1.190771 center=0.011000
turn=54 mode=HUNT rank=3 cell=14,6 score=1.925340 prob=1.606749 density=1.190771 center=0.010000
turn=54 mode=HUNT rank=4 cell=14,7 score=1.906884 prob=1.588939 density=1.190771 center=0.011000
turn=54 mode=HUNT rank=5 cell=12,7 score=1.906306 prob=1.588939 density=1.190771 center=0.013000
turn=54 picked cell=12,6 target_cluster=None active_clusters=0 remaining_cells=33 scans=2
turn=54 result=MISS
turn=55 mode=HUNT rank=1 cell=13,7 score=2.041484 prob=1.695162 density=1.195466 center=0.012000
turn=55 mode=HUNT rank=2 cell=14,7 score=2.040066 prob=1.695162 density=1.195466 center=0.011000
turn=55 mode=HUNT rank=3 cell=14,8 score=2.011859 prob=1.669605 density=1.195466 center=0.012000
turn=55 mode=HUNT rank=4 cell=13,8 score=2.010053 prob=1.669605 density=1.195466 center=0.013000
turn=55 mode=HUNT rank=5 cell=15,7 score=1.970086 prob=1.637683 density=1.195466 center=0.010000
turn=55 picked cell=13,7 target_cluster=None active_clusters=0 remaining_cells=33 scans=2
turn=55 result=MISS
turn=56 mode=HUNT rank=1 cell=14,8 score=2.162656 prob=1.789373 density=1.200233 center=0.012000
turn=56 mode=HUNT rank=2 cell=14,4 score=2.088430 prob=1.729863 density=1.200233 center=0.008000
turn=56 mode=HUNT rank=3 cell=15,8 score=2.086514 prob=1.728555 density=1.200233 center=0.011000
turn=56 mode=HUNT rank=4 cell=16,8 score=2.013027 prob=1.667737 density=1.200233 center=0.010000
turn=56 mode=HUNT rank=5 cell=17,8 score=1.929395 prob=1.597813 density=1.200233 center=0.009000
turn=56 picked cell=14,8 target_cluster=None active_clusters=0 remaining_cells=33 scans=2
turn=56 result=HIT
turn=57 mode=CHASE cluster=0 cluster_len=1 cell=14,9 score=100001.704992 chase_score=5047.204992 prob=1.704992
turn=57 picked cell=14,9 target_cluster=Some(0) active_clusters=1 remaining_cells=32 scans=2
turn=57 result=MISS
turn=58 mode=CHASE cluster=0 cluster_len=1 cell=15,8 score=100001.789852 chase_score=5015.789852 prob=1.789852
turn=58 picked cell=15,8 target_cluster=Some(0) active_clusters=1 remaining_cells=32 scans=2
turn=58 result=HIT
turn=59 mode=CHASE cluster=0 cluster_len=2 cell=16,8 score=200001.731489 chase_score=10043.731489 prob=1.731489
turn=59 picked cell=16,8 target_cluster=Some(0) active_clusters=1 remaining_cells=31 scans=2
turn=59 result=MISS
turn=60 mode=CHASE cluster=0 cluster_len=2 cell=13,8 score=200000.435847 chase_score=10012.435847 prob=0.435847
turn=60 picked cell=13,8 target_cluster=Some(0) active_clusters=1 remaining_cells=31 scans=2
turn=60 result=HIT
turn=61 mode=CHASE cluster=0 cluster_len=3 cell=12,8 score=300000.717912 chase_score=10012.717912 prob=0.717912
turn=61 picked cell=12,8 target_cluster=Some(0) active_clusters=1 remaining_cells=30 scans=2
turn=61 result=HIT
turn=62 mode=CHASE cluster=0 cluster_len=4 cell=11,8 score=400000.864741 chase_score=10000.864741 prob=0.864741
turn=62 picked cell=11,8 target_cluster=Some(0) active_clusters=1 remaining_cells=29 scans=2
turn=62 result=KILL
turn=62 kill_infer inferred_len=4 committed_hits=3 cluster_hits=4
turn=63 mode=CHASE cluster=0 cluster_len=1 cell=15,9 score=100001.669085 chase_score=5044.169085 prob=1.669085
turn=63 picked cell=15,9 target_cluster=Some(0) active_clusters=1 remaining_cells=28 scans=2
turn=63 result=MISS
turn=64 mode=CHASE cluster=0 cluster_len=1 cell=15,7 score=100000.377579 chase_score=5007.377579 prob=0.377579
turn=64 picked cell=15,7 target_cluster=Some(0) active_clusters=1 remaining_cells=28 scans=2
turn=64 result=MISS
turn=65 mode=HUNT rank=1 cell=8,1 score=2.182514 prob=1.925382 density=1.126562 center=0.010000
turn=65 mode=HUNT rank=2 cell=8,2 score=2.166889 prob=1.913350 density=1.126562 center=0.011000
turn=65 mode=HUNT rank=3 cell=8,0 score=2.166683 prob=1.913350 density=1.126562 center=0.009000
turn=65 mode=HUNT rank=4 cell=0,8 score=2.147436 prob=1.895762 density=1.126562 center=0.009000
turn=65 mode=HUNT rank=5 cell=10,16 score=2.058121 prob=2.044981 density=1.000000 center=0.009000
turn=65 picked cell=8,1 target_cluster=None active_clusters=1 remaining_cells=28 scans=2
turn=65 result=MISS
turn=66 mode=HUNT rank=1 cell=8,2 score=2.409277 prob=2.106330 density=1.137029 center=0.011000
turn=66 mode=HUNT rank=2 cell=8,0 score=2.406278 prob=2.106330 density=1.137029 center=0.009000
turn=66 mode=HUNT rank=3 cell=0,8 score=2.401228 prob=2.100687 density=1.137029 center=0.009000
turn=66 mode=HUNT rank=4 cell=10,16 score=2.263562 prob=2.250393 density=1.000000 center=0.009000
turn=66 mode=HUNT rank=5 cell=9,2 score=2.262418 prob=2.101271 density=1.069672 center=0.011000
turn=66 picked cell=8,2 target_cluster=None active_clusters=1 remaining_cells=28 scans=2
turn=66 result=MISS
turn=67 mode=HUNT rank=1 cell=8,0 score=2.724601 prob=2.364173 density=1.147726 center=0.009000
turn=67 mode=HUNT rank=2 cell=0,8 score=2.718568 prob=2.358425 density=1.147726 center=0.009000
turn=67 mode=HUNT rank=3 cell=9,0 score=2.540979 prob=2.356678 density=1.074380 center=0.009000
turn=67 mode=HUNT rank=4 cell=10,16 score=2.519187 prob=2.508757 density=1.000000 center=0.009000
turn=67 mode=HUNT rank=5 cell=0,9 score=2.506790 prob=2.335656 density=1.068268 center=0.009000
turn=67 picked cell=8,0 target_cluster=None active_clusters=1 remaining_cells=28 scans=2
turn=67 result=HIT
turn=68 mode=CHASE cluster=1 cluster_len=1 cell=9,0 score=100002.246613 chase_score=5044.746613 prob=2.246613
turn=68 picked cell=9,0 target_cluster=Some(1) active_clusters=2 remaining_cells=27 scans=2
turn=68 result=HIT
turn=69 mode=CHASE cluster=1 cluster_len=2 cell=7,0 score=200002.028535 chase_score=10144.028535 prob=2.028535
turn=69 picked cell=7,0 target_cluster=Some(1) active_clusters=2 remaining_cells=26 scans=2
turn=69 result=HIT
turn=70 mode=CHASE cluster=1 cluster_len=3 cell=10,0 score=300002.028535 chase_score=10118.028535 prob=2.028535
turn=70 picked cell=10,0 target_cluster=Some(1) active_clusters=2 remaining_cells=25 scans=2
turn=70 result=HIT
turn=71 mode=CHASE cluster=1 cluster_len=4 cell=11,0 score=400001.868282 chase_score=10091.868282 prob=1.868282
turn=71 picked cell=11,0 target_cluster=Some(1) active_clusters=2 remaining_cells=24 scans=2
turn=71 result=HIT
turn=72 mode=CHASE cluster=1 cluster_len=5 cell=6,0 score=500001.810458 chase_score=10073.810458 prob=1.810458
turn=72 picked cell=6,0 target_cluster=Some(1) active_clusters=2 remaining_cells=23 scans=2
turn=72 result=HIT
turn=73 mode=CHASE cluster=1 cluster_len=6 cell=12,0 score=600001.650205 chase_score=10055.650205 prob=1.650205
turn=73 picked cell=12,0 target_cluster=Some(1) active_clusters=2 remaining_cells=22 scans=2
turn=73 result=MISS
turn=74 mode=CHASE cluster=1 cluster_len=6 cell=5,0 score=600001.248922 chase_score=10019.248922 prob=1.248922
turn=74 picked cell=5,0 target_cluster=Some(1) active_clusters=2 remaining_cells=22 scans=2
turn=74 result=HIT
turn=75 mode=CHASE cluster=1 cluster_len=7 cell=4,0 score=700001.310567 chase_score=10019.310567 prob=1.310567
turn=75 picked cell=4,0 target_cluster=Some(1) active_clusters=2 remaining_cells=21 scans=2
turn=75 result=HIT
turn=76 mode=CHASE cluster=1 cluster_len=8 cell=3,0 score=800001.547094 chase_score=10019.547094 prob=1.547094
turn=76 picked cell=3,0 target_cluster=Some(1) active_clusters=2 remaining_cells=20 scans=2
turn=76 result=KILL
turn=76 kill_infer inferred_len=9 committed_hits=8 cluster_hits=8
turn=77 mode=HUNT rank=1 cell=10,16 score=1.868522 prob=1.858570 density=1.000000 center=0.009000
turn=77 mode=HUNT rank=2 cell=10,17 score=1.647079 prob=1.636252 density=1.000000 center=0.008000
turn=77 mode=HUNT rank=3 cell=11,16 score=1.611449 prob=1.601114 density=1.000000 center=0.008000
turn=77 mode=HUNT rank=4 cell=9,16 score=1.567972 prob=1.554896 density=1.000000 center=0.010000
turn=77 mode=HUNT rank=5 cell=9,17 score=1.547934 prob=1.538687 density=1.000000 center=0.009000
turn=77 picked cell=10,16 target_cluster=None active_clusters=1 remaining_cells=19 scans=2
turn=77 result=MISS
turn=78 mode=HUNT rank=1 cell=9,17 score=1.897286 prob=1.884228 density=1.000000 center=0.009000
turn=78 mode=HUNT rank=2 cell=11,17 score=1.862607 prob=1.851839 density=1.000000 center=0.007000
turn=78 mode=HUNT rank=3 cell=17,10 score=1.823256 prob=1.811177 density=1.000000 center=0.008000
turn=78 mode=HUNT rank=4 cell=10,17 score=1.731746 prob=1.721171 density=1.000000 center=0.008000
turn=78 mode=HUNT rank=5 cell=17,11 score=1.722577 prob=1.713511 density=1.000000 center=0.007000
turn=78 picked cell=9,17 target_cluster=None active_clusters=1 remaining_cells=19 scans=2
turn=78 result=MISS
turn=79 mode=HUNT rank=1 cell=17,10 score=2.157106 prob=2.148532 density=1.000000 center=0.008000
turn=79 mode=HUNT rank=2 cell=17,11 score=2.039299 prob=2.029581 density=1.000000 center=0.007000
turn=79 mode=HUNT rank=3 cell=17,9 score=1.945990 prob=1.935804 density=1.000000 center=0.009000
turn=79 mode=HUNT rank=4 cell=17,12 score=1.900123 prob=1.891619 density=1.000000 center=0.006000
turn=79 mode=HUNT rank=5 cell=17,13 score=1.738317 prob=1.732644 density=1.000000 center=0.005000
turn=79 picked cell=17,10 target_cluster=None active_clusters=1 remaining_cells=19 scans=2
turn=79 result=MISS
turn=80 mode=HUNT rank=1 cell=10,12 score=1.916828 prob=1.900073 density=1.000000 center=0.013000
turn=80 mode=HUNT rank=2 cell=10,11 score=1.904388 prob=1.886447 density=1.000000 center=0.014000
turn=80 mode=HUNT rank=3 cell=0,9 score=1.687823 prob=1.973360 density=0.850467 center=0.009000
turn=80 mode=HUNT rank=4 cell=10,10 score=1.614853 prob=1.597549 density=1.000000 center=0.015000
turn=80 mode=HUNT rank=5 cell=10,13 score=1.611545 prob=1.595634 density=1.000000 center=0.012000
turn=80 picked cell=10,12 target_cluster=None active_clusters=1 remaining_cells=19 scans=2
turn=80 result=MISS
turn=81 mode=HUNT rank=1 cell=0,9 score=2.007686 prob=2.354655 density=0.847024 center=0.009000
turn=81 mode=HUNT rank=2 cell=0,10 score=1.901170 prob=2.231233 density=0.847024 center=0.008000
turn=81 mode=HUNT rank=3 cell=12,13 score=1.833964 prob=1.820595 density=1.000000 center=0.010000
turn=81 mode=HUNT rank=4 cell=13,13 score=1.831240 prob=1.820595 density=1.000000 center=0.009000
turn=81 mode=HUNT rank=5 cell=0,11 score=1.771463 prob=2.080899 density=0.847024 center=0.007000
turn=81 picked cell=0,9 target_cluster=None active_clusters=1 remaining_cells=19 scans=2
turn=81 result=MISS
turn=82 mode=HUNT rank=1 cell=12,13 score=1.583261 prob=1.572632 density=1.000000 center=0.010000
turn=82 mode=HUNT rank=2 cell=13,13 score=1.582214 prob=1.572632 density=1.000000 center=0.009000
turn=82 mode=HUNT rank=3 cell=12,11 score=1.489208 prob=1.476653 density=1.000000 center=0.012000
turn=82 mode=HUNT rank=4 cell=13,11 score=1.488398 prob=1.476653 density=1.000000 center=0.011000
turn=82 mode=HUNT rank=5 cell=11,13 score=1.487973 prob=1.476653 density=1.000000 center=0.011000
turn=82 picked cell=12,13 target_cluster=None active_clusters=1 remaining_cells=19 scans=2
turn=82 result=HIT
turn=83 mode=CHASE cluster=1 cluster_len=1 cell=13,13 score=100001.488938 chase_score=5010.238938 prob=1.488938
turn=83 picked cell=13,13 target_cluster=Some(1) active_clusters=2 remaining_cells=18 scans=2
turn=83 result=MISS
turn=84 mode=CHASE cluster=1 cluster_len=1 cell=12,14 score=100001.191548 chase_score=5009.941548 prob=1.191548
turn=84 picked cell=12,14 target_cluster=Some(1) active_clusters=2 remaining_cells=18 scans=2
turn=84 result=HIT
turn=85 mode=CHASE cluster=1 cluster_len=2 cell=12,15 score=200001.516486 chase_score=10026.516486 prob=1.516486
turn=85 picked cell=12,15 target_cluster=Some(1) active_clusters=2 remaining_cells=17 scans=2
turn=85 result=MISS
turn=86 mode=CHASE cluster=1 cluster_len=2 cell=12,12 score=200000.715222 chase_score=10008.715222 prob=0.715222
turn=86 picked cell=12,12 target_cluster=Some(1) active_clusters=2 remaining_cells=17 scans=2
turn=86 result=HIT
turn=87 mode=CHASE cluster=1 cluster_len=3 cell=12,11 score=300001.307589 chase_score=10009.307589 prob=1.307589
turn=87 picked cell=12,11 target_cluster=Some(1) active_clusters=2 remaining_cells=16 scans=2
turn=87 result=KILL
turn=87 kill_infer inferred_len=4 committed_hits=3 cluster_hits=3
turn=88 mode=HUNT rank=1 cell=4,16 score=2.400279 prob=2.272456 density=1.052201 center=0.006000
turn=88 mode=HUNT rank=2 cell=6,16 score=1.868426 prob=1.765129 density=1.052201 center=0.008000
turn=88 mode=HUNT rank=3 cell=3,16 score=1.867590 prob=1.766273 density=1.052201 center=0.005000
turn=88 mode=HUNT rank=4 cell=5,16 score=1.867246 prob=1.766273 density=1.052201 center=0.007000
turn=88 mode=HUNT rank=5 cell=2,16 score=1.767361 prob=1.675743 density=1.052201 center=0.004000
turn=88 picked cell=4,16 target_cluster=None active_clusters=1 remaining_cells=15 scans=2
turn=88 result=MISS
turn=89 mode=HUNT rank=1 cell=9,4 score=2.158839 prob=3.000885 density=0.714715 center=0.013000
turn=89 mode=HUNT rank=2 cell=14,4 score=1.981944 prob=2.756514 density=0.714715 center=0.008000
turn=89 mode=HUNT rank=3 cell=13,4 score=1.919956 prob=2.670436 density=0.714715 center=0.009000
turn=89 mode=HUNT rank=4 cell=9,10 score=1.915523 prob=1.895380 density=1.000000 center=0.016000
turn=89 mode=HUNT rank=5 cell=9,9 score=1.879281 prob=1.859626 density=1.000000 center=0.017000
turn=89 picked cell=9,4 target_cluster=None active_clusters=1 remaining_cells=15 scans=2
turn=89 result=HIT
turn=90 mode=CHASE cluster=1 cluster_len=1 cell=10,4 score=100002.712055 chase_score=5015.212055 prob=2.712055
turn=90 picked cell=10,4 target_cluster=Some(1) active_clusters=2 remaining_cells=14 scans=2
turn=90 result=MISS
turn=91 mode=CHASE cluster=1 cluster_len=1 cell=9,5 score=100002.138195 chase_score=5005.888195 prob=2.138195
turn=91 picked cell=9,5 target_cluster=Some(1) active_clusters=2 remaining_cells=14 scans=2
turn=91 result=HIT
turn=92 mode=CHASE cluster=1 cluster_len=2 cell=9,6 score=200002.255920 chase_score=10015.255920 prob=2.255920
turn=92 picked cell=9,6 target_cluster=Some(1) active_clusters=2 remaining_cells=13 scans=2
turn=92 result=HIT
turn=93 mode=CHASE cluster=1 cluster_len=3 cell=9,7 score=300002.373646 chase_score=10015.373646 prob=2.373646
turn=93 picked cell=9,7 target_cluster=Some(1) active_clusters=2 remaining_cells=12 scans=2
turn=93 result=HIT
turn=94 mode=CHASE cluster=1 cluster_len=4 cell=9,8 score=400002.081554 chase_score=10011.081554 prob=2.081554
turn=94 picked cell=9,8 target_cluster=Some(1) active_clusters=2 remaining_cells=11 scans=2
turn=94 result=HIT
turn=95 mode=CHASE cluster=1 cluster_len=5 cell=9,9 score=500002.199280 chase_score=10011.199280 prob=2.199280
turn=95 picked cell=9,9 target_cluster=Some(1) active_clusters=2 remaining_cells=10 scans=2
turn=95 result=HIT
turn=96 mode=CHASE cluster=1 cluster_len=6 cell=9,10 score=600002.199280 chase_score=10011.199280 prob=2.199280
turn=96 picked cell=9,10 target_cluster=Some(1) active_clusters=2 remaining_cells=9 scans=2
turn=96 result=HIT
turn=97 mode=CHASE cluster=1 cluster_len=7 cell=9,11 score=700001.963828 chase_score=10010.963828 prob=1.963828
turn=97 picked cell=9,11 target_cluster=Some(1) active_clusters=2 remaining_cells=8 scans=2
turn=97 result=KILL
turn=97 kill_infer inferred_len=4 committed_hits=3 cluster_hits=7
turn=98 mode=CHASE cluster=1 cluster_len=4 cell=8,5 score=400000.498728 chase_score=5000.498728 prob=0.498728
turn=98 picked cell=8,5 target_cluster=Some(1) active_clusters=2 remaining_cells=7 scans=2
turn=98 result=MISS
turn=99 mode=CHASE cluster=1 cluster_len=4 cell=10,6 score=400000.498899 chase_score=5000.498899 prob=0.498899
turn=99 picked cell=10,6 target_cluster=Some(1) active_clusters=2 remaining_cells=7 scans=2
turn=99 result=MISS
turn=100 mode=CHASE cluster=1 cluster_len=4 cell=8,6 score=400000.399108 chase_score=5000.399108 prob=0.399108
turn=100 picked cell=8,6 target_cluster=Some(1) active_clusters=2 remaining_cells=7 scans=2
turn=100 result=MISS
turn=101 mode=CHASE cluster=1 cluster_len=4 cell=10,7 score=400000.399214 chase_score=5000.399214 prob=0.399214
turn=101 picked cell=10,7 target_cluster=Some(1) active_clusters=2 remaining_cells=7 scans=2
turn=101 result=MISS
turn=102 mode=CHASE cluster=1 cluster_len=4 cell=8,4 score=400000.299293 chase_score=5000.299293 prob=0.299293
turn=102 picked cell=8,4 target_cluster=Some(1) active_clusters=2 remaining_cells=7 scans=2
turn=102 result=MISS
turn=103 mode=CHASE cluster=1 cluster_len=4 cell=10,5 score=400000.199299 chase_score=5000.199299 prob=0.199299
turn=103 picked cell=10,5 target_cluster=Some(1) active_clusters=2 remaining_cells=7 scans=2
turn=103 result=MISS
turn=104 mode=CHASE cluster=1 cluster_len=4 cell=8,7 score=400000.199321 chase_score=5000.199321 prob=0.199321
turn=104 picked cell=8,7 target_cluster=Some(1) active_clusters=2 remaining_cells=7 scans=2
turn=104 result=MISS
turn=105 mode=HUNT rank=1 cell=5,17 score=10.491163 prob=4.768579 density=2.198020 center=0.006000
turn=105 mode=HUNT rank=2 cell=7,17 score=10.489990 prob=4.768579 density=2.198020 center=0.008000
turn=105 mode=HUNT rank=3 cell=6,17 score=10.489184 prob=4.768579 density=2.198020 center=0.007000
turn=105 mode=HUNT rank=4 cell=3,17 score=10.489066 prob=4.768579 density=2.198020 center=0.004000
turn=105 mode=HUNT rank=5 cell=2,17 score=10.487878 prob=4.768579 density=2.198020 center=0.003000
turn=105 picked cell=5,17 target_cluster=None active_clusters=2 remaining_cells=7 scans=2
turn=105 result=MISS
turn=106 mode=HUNT rank=1 cell=3,11 score=5.102657 prob=2.302995 density=2.210000 center=0.010000
turn=106 mode=HUNT rank=2 cell=5,14 score=5.101788 prob=2.302995 density=2.210000 center=0.009000
turn=106 mode=HUNT rank=3 cell=4,13 score=5.101698 prob=2.302995 density=2.210000 center=0.009000
turn=106 mode=HUNT rank=4 cell=6,14 score=5.101511 prob=2.302995 density=2.210000 center=0.010000
turn=106 mode=HUNT rank=5 cell=3,12 score=5.101373 prob=2.302995 density=2.210000 center=0.009000
turn=106 picked cell=3,11 target_cluster=None active_clusters=2 remaining_cells=7 scans=2
turn=106 result=MISS
turn=107 mode=HUNT rank=1 cell=6,15 score=5.134005 prob=2.304521 density=2.222222 center=0.009000
turn=107 mode=HUNT rank=2 cell=6,14 score=5.133230 prob=2.304521 density=2.222222 center=0.010000
turn=107 mode=HUNT rank=3 cell=4,13 score=5.132689 prob=2.304521 density=2.222222 center=0.009000
turn=107 mode=HUNT rank=4 cell=6,16 score=5.132630 prob=2.304521 density=2.222222 center=0.008000
turn=107 mode=HUNT rank=5 cell=3,13 score=5.132400 prob=2.304521 density=2.222222 center=0.008000
turn=107 picked cell=6,15 target_cluster=None active_clusters=2 remaining_cells=7 scans=2
turn=107 result=MISS
turn=108 mode=HUNT rank=1 cell=7,16 score=5.166803 prob=2.306151 density=2.234694 center=0.009000
turn=108 mode=HUNT rank=2 cell=4,13 score=5.165055 prob=2.306151 density=2.234694 center=0.009000
turn=108 mode=HUNT rank=3 cell=3,13 score=5.164235 prob=2.306151 density=2.234694 center=0.008000
turn=108 mode=HUNT rank=4 cell=5,14 score=5.164197 prob=2.306151 density=2.234694 center=0.009000
turn=108 mode=HUNT rank=5 cell=3,14 score=5.164137 prob=2.306151 density=2.234694 center=0.007000
turn=108 picked cell=7,16 target_cluster=None active_clusters=2 remaining_cells=7 scans=2
turn=108 result=MISS
turn=109 mode=HUNT rank=1 cell=3,13 score=5.198867 prob=2.307894 density=2.247423 center=0.008000
turn=109 mode=HUNT rank=2 cell=4,14 score=5.197530 prob=2.307894 density=2.247423 center=0.008000
turn=109 mode=HUNT rank=3 cell=4,13 score=5.197176 prob=2.307894 density=2.247423 center=0.009000
turn=109 mode=HUNT rank=4 cell=2,14 score=5.196650 prob=2.307894 density=2.247423 center=0.006000
turn=109 mode=HUNT rank=5 cell=3,15 score=5.196422 prob=2.307894 density=2.247423 center=0.006000
turn=109 picked cell=3,13 target_cluster=None active_clusters=2 remaining_cells=7 scans=2
turn=109 result=MISS
turn=110 mode=HUNT rank=1 cell=5,14 score=5.232588 prob=2.309744 density=2.260417 center=0.009000
turn=110 mode=HUNT rank=2 cell=4,14 score=5.231213 prob=2.309744 density=2.260417 center=0.008000
turn=110 mode=HUNT rank=3 cell=2,14 score=5.230753 prob=2.309744 density=2.260417 center=0.006000
turn=110 mode=HUNT rank=4 cell=2,15 score=5.228800 prob=2.309744 density=2.260417 center=0.005000
turn=110 mode=HUNT rank=5 cell=1,15 score=5.228172 prob=2.309744 density=2.260417 center=0.004000
turn=110 picked cell=5,14 target_cluster=None active_clusters=2 remaining_cells=7 scans=2
turn=110 result=MISS
turn=111 mode=HUNT rank=1 cell=3,15 score=5.265108 prob=2.311719 density=2.273684 center=0.006000
turn=111 mode=HUNT rank=2 cell=2,14 score=5.264854 prob=2.311719 density=2.273684 center=0.006000
turn=111 mode=HUNT rank=3 cell=2,16 score=5.264412 prob=2.311719 density=2.273684 center=0.004000
turn=111 mode=HUNT rank=4 cell=2,15 score=5.262481 prob=2.311719 density=2.273684 center=0.005000
turn=111 mode=HUNT rank=5 cell=1,15 score=5.260868 prob=2.311719 density=2.273684 center=0.004000
turn=111 picked cell=3,15 target_cluster=None active_clusters=2 remaining_cells=7 scans=2
turn=111 result=MISS
turn=112 mode=HUNT rank=1 cell=2,14 score=5.302470 prob=2.313839 density=2.287234 center=0.006000
turn=112 mode=HUNT rank=2 cell=1,15 score=5.300416 prob=2.313839 density=2.287234 center=0.004000
turn=112 mode=HUNT rank=3 cell=2,16 score=5.299907 prob=2.313839 density=2.287234 center=0.004000
turn=112 mode=HUNT rank=4 cell=1,16 score=5.297747 prob=2.313839 density=2.287234 center=0.003000
turn=112 mode=HUNT rank=5 cell=7,10 score=4.250409 prob=1.850407 density=2.287234 center=0.015000
turn=112 picked cell=2,14 target_cluster=None active_clusters=2 remaining_cells=7 scans=2
turn=112 result=HIT
turn=113 mode=CHASE cluster=2 cluster_len=1 cell=1,14 score=100000.455653 chase_score=5000.955653 prob=0.455653
turn=113 picked cell=1,14 target_cluster=Some(2) active_clusters=3 remaining_cells=6 scans=2
turn=113 result=MISS
turn=114 mode=CHASE cluster=2 cluster_len=1 cell=2,15 score=100000.455785 chase_score=5000.955785 prob=0.455785
turn=114 picked cell=2,15 target_cluster=Some(2) active_clusters=3 remaining_cells=6 scans=2
turn=114 result=HIT
turn=115 mode=CHASE cluster=2 cluster_len=2 cell=2,16 score=200000.569986 chase_score=10000.569986 prob=0.569986
turn=115 picked cell=2,16 target_cluster=Some(2) active_clusters=3 remaining_cells=5 scans=2
turn=115 result=HIT
turn=116 mode=CHASE cluster=2 cluster_len=3 cell=2,17 score=300000.455785 chase_score=10000.455785 prob=0.455785
turn=116 picked cell=2,17 target_cluster=Some(2) active_clusters=3 remaining_cells=4 scans=2
turn=116 result=KILL
turn=116 kill_infer inferred_len=2 committed_hits=1 cluster_hits=3
turn=117 mode=CHASE cluster=2 cluster_len=2 cell=2,13 score=200000.135468 chase_score=10000.135468 prob=0.135468
turn=117 picked cell=2,13 target_cluster=Some(2) active_clusters=3 remaining_cells=3 scans=2
turn=117 result=MISS
turn=118 mode=CHASE cluster=2 cluster_len=2 cell=3,14 score=200000.135479 chase_score=5000.135479 prob=0.135479
turn=118 picked cell=3,14 target_cluster=Some(2) active_clusters=3 remaining_cells=3 scans=2
turn=118 result=MISS
turn=119 mode=CHASE cluster=2 cluster_len=2 cell=1,15 score=200000.135491 chase_score=5000.135491 prob=0.135491
turn=119 picked cell=1,15 target_cluster=Some(2) active_clusters=3 remaining_cells=3 scans=2
turn=119 result=MISS
turn=120 mode=HUNT rank=1 cell=11,9 score=4.524711 prob=4.505935 density=1.000000 center=0.015000
turn=120 mode=HUNT rank=2 cell=11,10 score=4.523038 prob=4.505935 density=1.000000 center=0.014000
turn=120 mode=HUNT rank=3 cell=11,14 score=4.520144 prob=4.505935 density=1.000000 center=0.010000
turn=120 mode=HUNT rank=4 cell=16,9 score=4.520102 prob=4.505935 density=1.000000 center=0.010000
turn=120 mode=HUNT rank=5 cell=11,12 score=4.519629 prob=4.505935 density=1.000000 center=0.012000
turn=120 picked cell=11,9 target_cluster=None active_clusters=3 remaining_cells=3 scans=2
turn=120 result=MISS
turn=121 mode=HUNT rank=1 cell=16,9 score=9.017309 prob=9.005970 density=1.000000 center=0.010000
turn=121 mode=HUNT rank=2 cell=16,10 score=9.016729 prob=9.005970 density=1.000000 center=0.009000
turn=121 mode=HUNT rank=3 cell=16,12 score=9.016050 prob=9.005970 density=1.000000 center=0.007000
turn=121 mode=HUNT rank=4 cell=16,11 score=9.015833 prob=9.005970 density=1.000000 center=0.008000
turn=121 mode=HUNT rank=5 cell=16,14 score=9.013954 prob=9.005970 density=1.000000 center=0.005000
turn=121 picked cell=16,9 target_cluster=None active_clusters=3 remaining_cells=3 scans=2
turn=121 result=MISS
turn=122 mode=HUNT rank=1 cell=7,9 score=0.051199 prob=0.013514 density=2.383721 center=0.016000
turn=122 mode=HUNT rank=2 cell=7,10 score=0.050134 prob=0.013514 density=2.383721 center=0.015000
turn=122 mode=HUNT rank=3 cell=6,9 score=0.047976 prob=0.013514 density=2.383721 center=0.015000
turn=122 mode=HUNT rank=4 cell=7,12 score=0.047915 prob=0.013514 density=2.383721 center=0.013000
turn=122 mode=HUNT rank=5 cell=7,11 score=0.047206 prob=0.013514 density=2.383721 center=0.014000
turn=122 picked cell=7,9 target_cluster=None active_clusters=3 remaining_cells=3 scans=2
turn=122 result=MISS
turn=123 mode=HUNT rank=1 cell=6,9 score=0.050806 prob=0.013699 density=2.400000 center=0.015000
turn=123 mode=HUNT rank=2 cell=7,12 score=0.049779 prob=0.013699 density=2.400000 center=0.013000
turn=123 mode=HUNT rank=3 cell=6,10 score=0.049231 prob=0.013699 density=2.400000 center=0.014000
turn=123 mode=HUNT rank=4 cell=4,10 score=0.049109 prob=0.013699 density=2.400000 center=0.012000
turn=123 mode=HUNT rank=5 cell=7,10 score=0.048078 prob=0.013699 density=2.400000 center=0.015000
turn=123 picked cell=6,9 target_cluster=None active_clusters=3 remaining_cells=3 scans=2
turn=123 result=MISS
turn=124 mode=HUNT rank=1 cell=7,10 score=0.051735 prob=0.013889 density=2.416667 center=0.015000
turn=124 mode=HUNT rank=2 cell=7,11 score=0.051160 prob=0.013889 density=2.416667 center=0.014000
turn=124 mode=HUNT rank=3 cell=4,9 score=0.050236 prob=0.013889 density=2.416667 center=0.013000
turn=124 mode=HUNT rank=4 cell=6,12 score=0.048885 prob=0.013889 density=2.416667 center=0.012000
turn=124 mode=HUNT rank=5 cell=6,10 score=0.048690 prob=0.013889 density=2.416667 center=0.014000
turn=124 picked cell=7,10 target_cluster=None active_clusters=3 remaining_cells=3 scans=2
turn=124 result=MISS
turn=125 mode=HUNT rank=1 cell=4,9 score=0.050921 prob=0.014085 density=2.433735 center=0.013000
turn=125 mode=HUNT rank=2 cell=7,12 score=0.050820 prob=0.014085 density=2.433735 center=0.013000
turn=125 mode=HUNT rank=3 cell=6,12 score=0.050534 prob=0.014085 density=2.433735 center=0.012000
turn=125 mode=HUNT rank=4 cell=7,11 score=0.049302 prob=0.014085 density=2.433735 center=0.014000
turn=125 mode=HUNT rank=5 cell=6,10 score=0.048738 prob=0.014085 density=2.433735 center=0.014000
turn=125 picked cell=4,9 target_cluster=None active_clusters=3 remaining_cells=3 scans=2
turn=125 result=MISS
turn=126 mode=HUNT rank=1 cell=7,12 score=0.050341 prob=0.014286 density=2.451220 center=0.013000
turn=126 mode=HUNT rank=2 cell=4,11 score=0.050025 prob=0.014286 density=2.451220 center=0.011000
turn=126 mode=HUNT rank=3 cell=3,10 score=0.049337 prob=0.014286 density=2.451220 center=0.011000
turn=126 mode=HUNT rank=4 cell=4,10 score=0.049316 prob=0.014286 density=2.451220 center=0.012000
turn=126 mode=HUNT rank=5 cell=6,10 score=0.049232 prob=0.014286 density=2.451220 center=0.014000
turn=126 picked cell=7,12 target_cluster=None active_clusters=3 remaining_cells=3 scans=2
turn=126 result=MISS
turn=127 mode=HUNT rank=1 cell=4,10 score=0.051859 prob=0.014493 density=2.469136 center=0.012000
turn=127 mode=HUNT rank=2 cell=6,10 score=0.050299 prob=0.014493 density=2.469136 center=0.014000
turn=127 mode=HUNT rank=3 cell=7,11 score=0.050143 prob=0.014493 density=2.469136 center=0.014000
turn=127 mode=HUNT rank=4 cell=6,14 score=0.049831 prob=0.014493 density=2.469136 center=0.010000
turn=127 mode=HUNT rank=5 cell=6,13 score=0.049308 prob=0.014493 density=2.469136 center=0.011000
turn=127 picked cell=4,10 target_cluster=None active_clusters=3 remaining_cells=3 scans=2
turn=127 result=MISS
turn=128 mode=HUNT rank=1 cell=7,11 score=0.053669 prob=0.014706 density=2.487500 center=0.014000
turn=128 mode=HUNT rank=2 cell=6,10 score=0.052896 prob=0.014706 density=2.487500 center=0.014000
turn=128 mode=HUNT rank=3 cell=3,10 score=0.051473 prob=0.014706 density=2.487500 center=0.011000
turn=128 mode=HUNT rank=4 cell=4,12 score=0.050627 prob=0.014706 density=2.487500 center=0.010000
turn=128 mode=HUNT rank=5 cell=7,14 score=0.050377 prob=0.014706 density=2.487500 center=0.011000
turn=128 picked cell=7,11 target_cluster=None active_clusters=3 remaining_cells=3 scans=2
turn=128 result=MISS
turn=129 mode=HUNT rank=1 cell=4,11 score=0.051987 prob=0.014925 density=2.500000 center=0.011000
turn=129 mode=HUNT rank=2 cell=5,13 score=0.051393 prob=0.014925 density=2.500000 center=0.010000
turn=129 mode=HUNT rank=3 cell=6,10 score=0.051345 prob=0.014925 density=2.500000 center=0.014000
turn=129 mode=HUNT rank=4 cell=6,12 score=0.050876 prob=0.014925 density=2.500000 center=0.012000
turn=129 mode=HUNT rank=5 cell=3,10 score=0.050605 prob=0.014925 density=2.500000 center=0.011000
turn=129 picked cell=4,11 target_cluster=None active_clusters=3 remaining_cells=3 scans=2
turn=129 result=MISS
turn=130 mode=HUNT rank=1 cell=6,12 score=0.054106 prob=0.015152 density=2.500000 center=0.012000
turn=130 mode=HUNT rank=2 cell=6,10 score=0.053764 prob=0.015152 density=2.500000 center=0.014000
turn=130 mode=HUNT rank=3 cell=7,14 score=0.052761 prob=0.015152 density=2.500000 center=0.011000
turn=130 mode=HUNT rank=4 cell=6,13 score=0.051975 prob=0.015152 density=2.500000 center=0.011000
turn=130 mode=HUNT rank=5 cell=3,10 score=0.051589 prob=0.015152 density=2.500000 center=0.011000
turn=130 picked cell=6,12 target_cluster=None active_clusters=3 remaining_cells=3 scans=2
turn=130 result=MISS
turn=131 mode=HUNT rank=1 cell=6,10 score=0.054193 prob=0.015385 density=2.500000 center=0.014000
turn=131 mode=HUNT rank=2 cell=3,10 score=0.053454 prob=0.015385 density=2.500000 center=0.011000
turn=131 mode=HUNT rank=3 cell=4,12 score=0.052740 prob=0.015385 density=2.500000 center=0.010000
turn=131 mode=HUNT rank=4 cell=2,10 score=0.052682 prob=0.015385 density=2.500000 center=0.010000
turn=131 mode=HUNT rank=5 cell=6,13 score=0.052564 prob=0.015385 density=2.500000 center=0.011000
turn=131 picked cell=6,10 target_cluster=None active_clusters=3 remaining_cells=3 scans=2
turn=131 result=MISS
turn=132 mode=HUNT rank=1 cell=7,14 score=0.053321 prob=0.015625 density=2.500000 center=0.011000
turn=132 mode=HUNT rank=2 cell=6,14 score=0.053004 prob=0.015625 density=2.500000 center=0.010000
turn=132 mode=HUNT rank=3 cell=5,13 score=0.052570 prob=0.015625 density=2.500000 center=0.010000
turn=132 mode=HUNT rank=4 cell=4,12 score=0.052100 prob=0.015625 density=2.500000 center=0.010000
turn=132 mode=HUNT rank=5 cell=6,13 score=0.051518 prob=0.015625 density=2.500000 center=0.011000
turn=132 picked cell=7,14 target_cluster=None active_clusters=3 remaining_cells=3 scans=2
turn=132 result=MISS
turn=133 mode=HUNT rank=1 cell=2,10 score=0.053557 prob=0.015873 density=2.500000 center=0.010000
turn=133 mode=HUNT rank=2 cell=4,13 score=0.052792 prob=0.015873 density=2.500000 center=0.009000
turn=133 mode=HUNT rank=3 cell=3,10 score=0.052127 prob=0.015873 density=2.500000 center=0.011000
turn=133 mode=HUNT rank=4 cell=8,16 score=0.052008 prob=0.015873 density=2.500000 center=0.010000
turn=133 mode=HUNT rank=5 cell=3,12 score=0.051978 prob=0.015873 density=2.500000 center=0.009000
turn=133 picked cell=2,10 target_cluster=None active_clusters=3 remaining_cells=3 scans=2
turn=133 result=MISS
turn=134 mode=HUNT rank=1 cell=3,10 score=0.055472 prob=0.016129 density=2.500000 center=0.011000
turn=134 mode=HUNT rank=2 cell=6,14 score=0.052988 prob=0.016129 density=2.500000 center=0.010000
turn=134 mode=HUNT rank=3 cell=6,13 score=0.052973 prob=0.016129 density=2.500000 center=0.011000
turn=134 mode=HUNT rank=4 cell=8,17 score=0.052703 prob=0.016129 density=2.500000 center=0.009000
turn=134 mode=HUNT rank=5 cell=3,12 score=0.052475 prob=0.016129 density=2.500000 center=0.009000
turn=134 picked cell=3,10 target_cluster=None active_clusters=3 remaining_cells=3 scans=2
turn=134 result=MISS
turn=135 mode=HUNT rank=1 cell=6,14 score=0.054859 prob=0.016393 density=2.500000 center=0.010000
turn=135 mode=HUNT rank=2 cell=4,12 score=0.054706 prob=0.016393 density=2.500000 center=0.010000
turn=135 mode=HUNT rank=3 cell=7,15 score=0.053854 prob=0.016393 density=2.500000 center=0.010000
turn=135 mode=HUNT rank=4 cell=8,16 score=0.053737 prob=0.016393 density=2.500000 center=0.010000
turn=135 mode=HUNT rank=5 cell=5,13 score=0.053139 prob=0.016393 density=2.500000 center=0.010000
turn=135 picked cell=6,14 target_cluster=None active_clusters=3 remaining_cells=3 scans=2
turn=135 result=MISS
turn=136 mode=HUNT rank=1 cell=8,16 score=0.055279 prob=0.016667 density=2.500000 center=0.010000
turn=136 mode=HUNT rank=2 cell=3,12 score=0.054598 prob=0.016667 density=2.500000 center=0.009000
turn=136 mode=HUNT rank=3 cell=6,13 score=0.054279 prob=0.016667 density=2.500000 center=0.011000
turn=136 mode=HUNT rank=4 cell=5,13 score=0.053696 prob=0.016667 density=2.500000 center=0.010000
turn=136 mode=HUNT rank=5 cell=4,12 score=0.053653 prob=0.016667 density=2.500000 center=0.010000
turn=136 picked cell=8,16 target_cluster=None active_clusters=3 remaining_cells=3 scans=2
turn=136 result=MISS
turn=137 mode=HUNT rank=1 cell=7,15 score=0.056268 prob=0.016949 density=2.500000 center=0.010000
turn=137 mode=HUNT rank=2 cell=5,13 score=0.054521 prob=0.016949 density=2.500000 center=0.010000
turn=137 mode=HUNT rank=3 cell=4,13 score=0.054508 prob=0.016949 density=2.500000 center=0.009000
turn=137 mode=HUNT rank=4 cell=3,12 score=0.054466 prob=0.016949 density=2.500000 center=0.009000
turn=137 mode=HUNT rank=5 cell=7,17 score=0.054424 prob=0.016949 density=2.500000 center=0.008000
turn=137 picked cell=7,15 target_cluster=None active_clusters=3 remaining_cells=3 scans=2
turn=137 result=MISS
turn=138 mode=HUNT rank=1 cell=6,13 score=0.057936 prob=0.017241 density=2.500000 center=0.011000
turn=138 mode=HUNT rank=2 cell=4,12 score=0.057165 prob=0.017241 density=2.500000 center=0.010000
turn=138 mode=HUNT rank=3 cell=8,17 score=0.055583 prob=0.017241 density=2.500000 center=0.009000
turn=138 mode=HUNT rank=4 cell=5,15 score=0.055082 prob=0.017241 density=2.500000 center=0.008000
turn=138 mode=HUNT rank=5 cell=3,12 score=0.054991 prob=0.017241 density=2.500000 center=0.009000
turn=138 picked cell=6,13 target_cluster=None active_clusters=3 remaining_cells=3 scans=2
turn=138 result=MISS
turn=139 mode=HUNT rank=1 cell=4,13 score=0.056470 prob=0.017544 density=2.500000 center=0.009000
turn=139 mode=HUNT rank=2 cell=2,11 score=0.056304 prob=0.017544 density=2.500000 center=0.009000
turn=139 mode=HUNT rank=3 cell=5,13 score=0.055898 prob=0.017544 density=2.500000 center=0.010000
turn=139 mode=HUNT rank=4 cell=6,16 score=0.055673 prob=0.017544 density=2.500000 center=0.008000
turn=139 mode=HUNT rank=5 cell=3,12 score=0.055253 prob=0.017544 density=2.500000 center=0.009000
turn=139 picked cell=4,13 target_cluster=None active_clusters=3 remaining_cells=3 scans=2
turn=139 result=MISS
turn=140 mode=HUNT rank=1 cell=2,11 score=0.057884 prob=0.017857 density=2.500000 center=0.009000
turn=140 mode=HUNT rank=2 cell=3,12 score=0.056721 prob=0.017857 density=2.500000 center=0.009000
turn=140 mode=HUNT rank=3 cell=5,13 score=0.056177 prob=0.017857 density=2.500000 center=0.010000
turn=140 mode=HUNT rank=4 cell=2,12 score=0.056111 prob=0.017857 density=2.500000 center=0.008000
turn=140 mode=HUNT rank=5 cell=4,12 score=0.056074 prob=0.017857 density=2.500000 center=0.010000
turn=140 picked cell=2,11 target_cluster=None active_clusters=3 remaining_cells=3 scans=2
turn=140 result=MISS
turn=141 mode=HUNT rank=1 cell=4,12 score=0.059340 prob=0.018182 density=2.500000 center=0.010000
turn=141 mode=HUNT rank=2 cell=5,13 score=0.059293 prob=0.018182 density=2.500000 center=0.010000
turn=141 mode=HUNT rank=3 cell=8,17 score=0.058279 prob=0.018182 density=2.500000 center=0.009000
turn=141 mode=HUNT rank=4 cell=3,12 score=0.057071 prob=0.018182 density=2.500000 center=0.009000
turn=141 mode=HUNT rank=5 cell=2,12 score=0.056764 prob=0.018182 density=2.500000 center=0.008000
turn=141 picked cell=4,12 target_cluster=None active_clusters=3 remaining_cells=3 scans=2
turn=141 result=MISS
turn=142 mode=HUNT rank=1 cell=5,13 score=0.058854 prob=0.018519 density=2.500000 center=0.010000
turn=142 mode=HUNT rank=2 cell=8,17 score=0.057952 prob=0.018519 density=2.500000 center=0.009000
turn=142 mode=HUNT rank=3 cell=4,14 score=0.057908 prob=0.018519 density=2.500000 center=0.008000
turn=142 mode=HUNT rank=4 cell=6,16 score=0.057829 prob=0.018519 density=2.500000 center=0.008000
turn=142 mode=HUNT rank=5 cell=3,12 score=0.057454 prob=0.018519 density=2.500000 center=0.009000
turn=142 picked cell=5,13 target_cluster=None active_clusters=3 remaining_cells=3 scans=2
turn=142 result=MISS
turn=143 mode=HUNT rank=1 cell=8,17 score=0.060298 prob=0.018868 density=2.500000 center=0.009000
turn=143 mode=HUNT rank=2 cell=4,14 score=0.059396 prob=0.018868 density=2.500000 center=0.008000
turn=143 mode=HUNT rank=3 cell=0,10 score=0.059215 prob=0.018868 density=2.500000 center=0.008000
turn=143 mode=HUNT rank=4 cell=7,17 score=0.058683 prob=0.018868 density=2.500000 center=0.008000
turn=143 mode=HUNT rank=5 cell=6,16 score=0.057277 prob=0.018868 density=2.500000 center=0.008000
turn=143 picked cell=8,17 target_cluster=None active_clusters=3 remaining_cells=3 scans=2
turn=143 result=MISS
turn=144 mode=HUNT rank=1 cell=3,12 score=0.060812 prob=0.019231 density=2.500000 center=0.009000
turn=144 mode=HUNT rank=2 cell=4,14 score=0.059494 prob=0.019231 density=2.500000 center=0.008000
turn=144 mode=HUNT rank=3 cell=5,15 score=0.059333 prob=0.019231 density=2.500000 center=0.008000
turn=144 mode=HUNT rank=4 cell=6,16 score=0.058758 prob=0.019231 density=2.500000 center=0.008000
turn=144 mode=HUNT rank=5 cell=0,12 score=0.058349 prob=0.019231 density=2.500000 center=0.006000
turn=144 picked cell=3,12 target_cluster=None active_clusters=3 remaining_cells=3 scans=2
turn=144 result=HIT
turn=145 mode=CHASE cluster=3 cluster_len=1 cell=2,12 score=100000.189020 chase_score=5000.189020 prob=0.189020
turn=145 picked cell=2,12 target_cluster=Some(3) active_clusters=4 remaining_cells=2 scans=2
turn=145 result=KILL
turn=145 kill_infer inferred_len=2 committed_hits=1 cluster_hits=1
turn=146 mode=HUNT rank=1 cell=10,10 score=0.019149 prob=0.000000 density=1.000000 center=0.015000
turn=146 mode=HUNT rank=2 cell=10,9 score=0.018482 prob=0.000000 density=1.000000 center=0.016000
turn=146 mode=HUNT rank=3 cell=10,8 score=0.018305 prob=0.000000 density=0.250000 center=0.016000
turn=146 mode=HUNT rank=4 cell=10,11 score=0.017851 prob=0.000000 density=1.000000 center=0.014000
turn=146 mode=HUNT rank=5 cell=9,12 score=0.017545 prob=0.000000 density=1.000000 center=0.014000
turn=146 picked cell=10,10 target_cluster=None active_clusters=3 remaining_cells=1 scans=2
turn=146 result=MISS
turn=147 mode=HUNT rank=1 cell=6,8 score=0.019235 prob=0.000000 density=0.625000 center=0.015000
turn=147 mode=HUNT rank=2 cell=10,8 score=0.019026 prob=0.000000 density=0.250000 center=0.016000
turn=147 mode=HUNT rank=3 cell=10,9 score=0.018764 prob=0.000000 density=1.000000 center=0.016000
turn=147 mode=HUNT rank=4 cell=7,8 score=0.018497 prob=0.000000 density=0.625000 center=0.016000
turn=147 mode=HUNT rank=5 cell=11,10 score=0.018116 prob=0.000000 density=1.000000 center=0.014000
turn=147 picked cell=6,8 target_cluster=None active_clusters=3 remaining_cells=1 scans=2
turn=147 result=MISS
turn=148 mode=HUNT rank=1 cell=10,9 score=0.019478 prob=0.000000 density=1.000000 center=0.016000
turn=148 mode=HUNT rank=2 cell=7,8 score=0.019105 prob=0.000000 density=0.625000 center=0.016000
turn=148 mode=HUNT rank=3 cell=10,8 score=0.018247 prob=0.000000 density=0.250000 center=0.016000
turn=148 mode=HUNT rank=4 cell=7,6 score=0.017727 prob=0.000000 density=0.625000 center=0.014000
turn=148 mode=HUNT rank=5 cell=9,12 score=0.017436 prob=0.000000 density=1.000000 center=0.014000
turn=148 picked cell=10,9 target_cluster=None active_clusters=3 remaining_cells=1 scans=2
turn=148 result=MISS
turn=149 mode=HUNT rank=1 cell=7,8 score=0.019918 prob=0.000000 density=0.625000 center=0.016000
turn=149 mode=HUNT rank=2 cell=11,10 score=0.018172 prob=0.000000 density=1.000000 center=0.014000
turn=149 mode=HUNT rank=3 cell=12,9 score=0.016868 prob=0.000000 density=1.000000 center=0.014000
turn=149 mode=HUNT rank=4 cell=11,11 score=0.016463 prob=0.000000 density=1.000000 center=0.013000
turn=149 mode=HUNT rank=5 cell=10,8 score=0.016394 prob=0.000000 density=0.250000 center=0.016000
turn=149 picked cell=7,8 target_cluster=None active_clusters=3 remaining_cells=1 scans=2
turn=149 result=MISS
turn=150 mode=HUNT rank=1 cell=9,12 score=0.018062 prob=0.000000 density=1.000000 center=0.014000
turn=150 mode=HUNT rank=2 cell=10,8 score=0.017941 prob=0.000000 density=0.250000 center=0.016000
turn=150 mode=HUNT rank=3 cell=11,10 score=0.017218 prob=0.000000 density=1.000000 center=0.014000
turn=150 mode=HUNT rank=4 cell=7,5 score=0.017089 prob=0.000000 density=0.625000 center=0.013000
turn=150 mode=HUNT rank=5 cell=11,7 score=0.016509 prob=0.000000 density=0.250000 center=0.014000
turn=150 picked cell=9,12 target_cluster=None active_clusters=3 remaining_cells=1 scans=2
turn=150 result=MISS
turn=151 mode=HUNT rank=1 cell=12,9 score=0.017962 prob=0.000000 density=1.000000 center=0.014000
turn=151 mode=HUNT rank=2 cell=9,13 score=0.016887 prob=0.000000 density=1.000000 center=0.013000
turn=151 mode=HUNT rank=3 cell=12,10 score=0.016833 prob=0.000000 density=1.000000 center=0.013000
turn=151 mode=HUNT rank=4 cell=7,6 score=0.016813 prob=0.000000 density=0.625000 center=0.014000
turn=151 mode=HUNT rank=5 cell=11,6 score=0.016692 prob=0.000000 density=0.250000 center=0.013000
turn=151 picked cell=12,9 target_cluster=None active_clusters=3 remaining_cells=1 scans=2
turn=151 result=MISS
turn=152 mode=HUNT rank=1 cell=11,7 score=0.017428 prob=0.000000 density=0.250000 center=0.014000
turn=152 mode=HUNT rank=2 cell=10,8 score=0.017223 prob=0.000000 density=0.250000 center=0.016000
turn=152 mode=HUNT rank=3 cell=12,10 score=0.017058 prob=0.000000 density=1.000000 center=0.013000
turn=152 mode=HUNT rank=4 cell=13,9 score=0.016312 prob=0.000000 density=1.000000 center=0.013000
turn=152 mode=HUNT rank=5 cell=3,8 score=0.016276 prob=0.000000 density=0.625000 center=0.012000
turn=152 picked cell=11,7 target_cluster=None active_clusters=3 remaining_cells=1 scans=2
turn=152 result=MISS
turn=153 mode=HUNT rank=1 cell=10,8 score=0.017386 prob=0.000000 density=0.250000 center=0.016000
turn=153 mode=HUNT rank=2 cell=7,6 score=0.017336 prob=0.000000 density=0.625000 center=0.014000
turn=153 mode=HUNT rank=3 cell=10,11 score=0.017323 prob=0.000000 density=1.000000 center=0.014000
turn=153 mode=HUNT rank=4 cell=12,7 score=0.017184 prob=0.000000 density=0.250000 center=0.013000
turn=153 mode=HUNT rank=5 cell=6,7 score=0.016543 prob=0.000000 density=0.625000 center=0.014000
turn=153 picked cell=10,8 target_cluster=None active_clusters=3 remaining_cells=1 scans=2
turn=153 result=MISS
turn=154 mode=HUNT rank=1 cell=7,6 score=0.018219 prob=0.000000 density=0.625000 center=0.014000
turn=154 mode=HUNT rank=2 cell=11,10 score=0.016678 prob=0.000000 density=1.000000 center=0.014000
turn=154 mode=HUNT rank=3 cell=13,9 score=0.016636 prob=0.000000 density=1.000000 center=0.013000
turn=154 mode=HUNT rank=4 cell=6,7 score=0.016602 prob=0.000000 density=0.625000 center=0.014000
turn=154 mode=HUNT rank=5 cell=6,5 score=0.016253 prob=0.000000 density=0.625000 center=0.012000
turn=154 picked cell=7,6 target_cluster=None active_clusters=3 remaining_cells=1 scans=2
turn=154 result=MISS
turn=155 mode=HUNT rank=1 cell=6,7 score=0.017275 prob=0.000000 density=0.625000 center=0.014000
turn=155 mode=HUNT rank=2 cell=11,10 score=0.017105 prob=0.000000 density=1.000000 center=0.014000
turn=155 mode=HUNT rank=3 cell=7,5 score=0.017050 prob=0.000000 density=0.625000 center=0.013000
turn=155 mode=HUNT rank=4 cell=11,6 score=0.017034 prob=0.000000 density=0.250000 center=0.013000
turn=155 mode=HUNT rank=5 cell=11,11 score=0.015991 prob=0.000000 density=1.000000 center=0.013000
turn=155 picked cell=6,7 target_cluster=None active_clusters=3 remaining_cells=1 scans=2
turn=155 result=MISS
turn=156 mode=HUNT rank=1 cell=11,11 score=0.017213 prob=0.000000 density=1.000000 center=0.013000
turn=156 mode=HUNT rank=2 cell=12,7 score=0.016908 prob=0.000000 density=0.250000 center=0.013000
turn=156 mode=HUNT rank=3 cell=7,5 score=0.016491 prob=0.000000 density=0.625000 center=0.013000
turn=156 mode=HUNT rank=4 cell=11,6 score=0.016413 prob=0.000000 density=0.250000 center=0.013000
turn=156 mode=HUNT rank=5 cell=11,10 score=0.016279 prob=0.000000 density=1.000000 center=0.014000
turn=156 picked cell=11,11 target_cluster=None active_clusters=3 remaining_cells=1 scans=2
turn=156 result=MISS
turn=157 mode=HUNT rank=1 cell=10,11 score=0.017990 prob=0.000000 density=1.000000 center=0.014000
turn=157 mode=HUNT rank=2 cell=12,10 score=0.017007 prob=0.000000 density=1.000000 center=0.013000
turn=157 mode=HUNT rank=3 cell=9,13 score=0.016848 prob=0.000000 density=1.000000 center=0.013000
turn=157 mode=HUNT rank=4 cell=11,12 score=0.016219 prob=0.000000 density=1.000000 center=0.012000
turn=157 mode=HUNT rank=5 cell=13,9 score=0.015751 prob=0.000000 density=1.000000 center=0.013000
turn=157 picked cell=10,11 target_cluster=None active_clusters=3 remaining_cells=1 scans=2
turn=157 result=MISS
turn=158 mode=HUNT rank=1 cell=11,10 score=0.017987 prob=0.000000 density=1.000000 center=0.014000
turn=158 mode=HUNT rank=2 cell=13,9 score=0.016996 prob=0.000000 density=1.000000 center=0.013000
turn=158 mode=HUNT rank=3 cell=12,10 score=0.016570 prob=0.000000 density=1.000000 center=0.013000
turn=158 mode=HUNT rank=4 cell=11,12 score=0.016029 prob=0.000000 density=1.000000 center=0.012000
turn=158 mode=HUNT rank=5 cell=3,8 score=0.015672 prob=0.000000 density=0.625000 center=0.012000
turn=158 picked cell=11,10 target_cluster=None active_clusters=3 remaining_cells=1 scans=2
turn=158 result=MISS
turn=159 mode=HUNT rank=1 cell=12,10 score=0.016749 prob=0.000000 density=1.000000 center=0.013000
turn=159 mode=HUNT rank=2 cell=13,9 score=0.016516 prob=0.000000 density=1.000000 center=0.013000
turn=159 mode=HUNT rank=3 cell=6,5 score=0.015919 prob=0.000000 density=0.625000 center=0.012000
turn=159 mode=HUNT rank=4 cell=11,12 score=0.015761 prob=0.000000 density=1.000000 center=0.012000
turn=159 mode=HUNT rank=5 cell=3,8 score=0.015456 prob=0.000000 density=0.625000 center=0.012000
turn=159 picked cell=12,10 target_cluster=None active_clusters=3 remaining_cells=1 scans=2
turn=159 result=MISS
turn=160 mode=HUNT rank=1 cell=11,6 score=0.016959 prob=0.000000 density=0.250000 center=0.013000
turn=160 mode=HUNT rank=2 cell=13,9 score=0.016439 prob=0.000000 density=1.000000 center=0.013000
turn=160 mode=HUNT rank=3 cell=13,10 score=0.016191 prob=0.000000 density=1.000000 center=0.012000
turn=160 mode=HUNT rank=4 cell=3,8 score=0.015405 prob=0.000000 density=0.625000 center=0.012000
turn=160 mode=HUNT rank=5 cell=9,13 score=0.015043 prob=0.000000 density=1.000000 center=0.013000
turn=160 picked cell=11,6 target_cluster=None active_clusters=3 remaining_cells=1 scans=2
turn=160 result=MISS
turn=161 mode=HUNT rank=1 cell=12,7 score=0.017101 prob=0.000000 density=0.250000 center=0.013000
turn=161 mode=HUNT rank=2 cell=9,13 score=0.015761 prob=0.000000 density=1.000000 center=0.013000
turn=161 mode=HUNT rank=3 cell=10,13 score=0.015310 prob=0.000000 density=1.000000 center=0.012000
turn=161 mode=HUNT rank=4 cell=13,11 score=0.015187 prob=0.000000 density=1.000000 center=0.011000
turn=161 mode=HUNT rank=5 cell=7,4 score=0.015130 prob=0.000000 density=0.625000 center=0.012000
turn=161 picked cell=12,7 target_cluster=None active_clusters=3 remaining_cells=1 scans=2
turn=161 result=MISS
turn=162 mode=HUNT rank=1 cell=7,5 score=0.016521 prob=0.000000 density=0.625000 center=0.013000
turn=162 mode=HUNT rank=2 cell=9,13 score=0.015900 prob=0.000000 density=1.000000 center=0.013000
turn=162 mode=HUNT rank=3 cell=11,12 score=0.015879 prob=0.000000 density=1.000000 center=0.012000
turn=162 mode=HUNT rank=4 cell=13,10 score=0.015401 prob=0.000000 density=1.000000 center=0.012000
turn=162 mode=HUNT rank=5 cell=10,13 score=0.015380 prob=0.000000 density=1.000000 center=0.012000
turn=162 picked cell=7,5 target_cluster=None active_clusters=3 remaining_cells=1 scans=2
turn=162 result=MISS
turn=163 mode=HUNT rank=1 cell=6,5 score=0.016251 prob=0.000000 density=0.625000 center=0.012000
turn=163 mode=HUNT rank=2 cell=3,8 score=0.016097 prob=0.000000 density=0.625000 center=0.012000
turn=163 mode=HUNT rank=3 cell=9,13 score=0.016052 prob=0.000000 density=1.000000 center=0.013000
turn=163 mode=HUNT rank=4 cell=10,13 score=0.015956 prob=0.000000 density=1.000000 center=0.012000
turn=163 mode=HUNT rank=5 cell=3,7 score=0.015174 prob=0.000000 density=0.625000 center=0.011000
turn=163 picked cell=6,5 target_cluster=None active_clusters=3 remaining_cells=1 scans=2
turn=163 result=MISS
turn=164 mode=HUNT rank=1 cell=10,13 score=0.015318 prob=0.000000 density=1.000000 center=0.012000
turn=164 mode=HUNT rank=2 cell=7,4 score=0.015247 prob=0.000000 density=0.625000 center=0.012000
turn=164 mode=HUNT rank=3 cell=10,14 score=0.015201 prob=0.000000 density=1.000000 center=0.011000
turn=164 mode=HUNT rank=4 cell=13,11 score=0.015042 prob=0.000000 density=1.000000 center=0.011000
turn=164 mode=HUNT rank=5 cell=12,5 score=0.014949 prob=0.000000 density=0.250000 center=0.011000
turn=164 picked cell=10,13 target_cluster=None active_clusters=3 remaining_cells=1 scans=2
turn=164 result=MISS
turn=165 mode=HUNT rank=1 cell=13,6 score=0.014971 prob=0.000000 density=0.250000 center=0.011000
turn=165 mode=HUNT rank=2 cell=13,9 score=0.014865 prob=0.000000 density=1.000000 center=0.013000
turn=165 mode=HUNT rank=3 cell=13,11 score=0.014853 prob=0.000000 density=1.000000 center=0.011000
turn=165 mode=HUNT rank=4 cell=6,4 score=0.014569 prob=0.000000 density=0.625000 center=0.011000
turn=165 mode=HUNT rank=5 cell=11,13 score=0.014463 prob=0.000000 density=1.000000 center=0.011000
turn=165 picked cell=13,6 target_cluster=None active_clusters=3 remaining_cells=1 scans=2
turn=165 result=MISS
turn=166 mode=HUNT rank=1 cell=9,13 score=0.016937 prob=0.000000 density=1.000000 center=0.013000
turn=166 mode=HUNT rank=2 cell=7,4 score=0.015683 prob=0.000000 density=0.625000 center=0.012000
turn=166 mode=HUNT rank=3 cell=11,12 score=0.015438 prob=0.000000 density=1.000000 center=0.012000
turn=166 mode=HUNT rank=4 cell=13,9 score=0.014844 prob=0.000000 density=1.000000 center=0.013000
turn=166 mode=HUNT rank=5 cell=3,7 score=0.014487 prob=0.000000 density=0.625000 center=0.011000
turn=166 picked cell=9,13 target_cluster=None active_clusters=3 remaining_cells=1 scans=2
turn=166 result=MISS
turn=167 mode=HUNT rank=1 cell=13,9 score=0.016023 prob=0.000000 density=1.000000 center=0.013000
turn=167 mode=HUNT rank=2 cell=7,4 score=0.015073 prob=0.000000 density=0.625000 center=0.012000
turn=167 mode=HUNT rank=3 cell=6,4 score=0.015004 prob=0.000000 density=0.625000 center=0.011000
turn=167 mode=HUNT rank=4 cell=13,10 score=0.014972 prob=0.000000 density=1.000000 center=0.012000
turn=167 mode=HUNT rank=5 cell=9,2 score=0.014665 prob=0.000000 density=0.250000 center=0.011000
turn=167 picked cell=13,9 target_cluster=None active_clusters=3 remaining_cells=1 scans=2
turn=167 result=MISS
turn=168 mode=HUNT rank=1 cell=7,4 score=0.015601 prob=0.000000 density=0.625000 center=0.012000
turn=168 mode=HUNT rank=2 cell=9,15 score=0.015292 prob=0.000000 density=1.000000 center=0.011000
turn=168 mode=HUNT rank=3 cell=9,2 score=0.014930 prob=0.000000 density=0.250000 center=0.011000
turn=168 mode=HUNT rank=4 cell=6,4 score=0.014695 prob=0.000000 density=0.625000 center=0.011000
turn=168 mode=HUNT rank=5 cell=14,10 score=0.014552 prob=0.000000 density=1.000000 center=0.011000
turn=168 picked cell=7,4 target_cluster=None active_clusters=3 remaining_cells=1 scans=2
turn=168 result=MISS
turn=169 mode=HUNT rank=1 cell=3,8 score=0.016115 prob=0.000000 density=0.625000 center=0.012000
turn=169 mode=HUNT rank=2 cell=13,10 score=0.015493 prob=0.000000 density=1.000000 center=0.012000
turn=169 mode=HUNT rank=3 cell=10,14 score=0.015217 prob=0.000000 density=1.000000 center=0.011000
turn=169 mode=HUNT rank=4 cell=14,7 score=0.015002 prob=0.000000 density=0.250000 center=0.011000
turn=169 mode=HUNT rank=5 cell=14,10 score=0.014529 prob=0.000000 density=1.000000 center=0.011000
turn=169 picked cell=3,8 target_cluster=None active_clusters=3 remaining_cells=1 scans=2
turn=169 result=MISS
turn=170 mode=HUNT rank=1 cell=13,10 score=0.015221 prob=0.000000 density=1.000000 center=0.012000
turn=170 mode=HUNT rank=2 cell=9,15 score=0.015074 prob=0.000000 density=1.000000 center=0.011000
turn=170 mode=HUNT rank=3 cell=11,12 score=0.014949 prob=0.000000 density=1.000000 center=0.012000
turn=170 mode=HUNT rank=4 cell=13,11 score=0.014762 prob=0.000000 density=1.000000 center=0.011000
turn=170 mode=HUNT rank=5 cell=11,4 score=0.014479 prob=0.000000 density=0.250000 center=0.011000
turn=170 picked cell=13,10 target_cluster=None active_clusters=3 remaining_cells=1 scans=2
turn=170 result=MISS
turn=171 mode=HUNT rank=1 cell=11,12 score=0.016249 prob=0.000000 density=1.000000 center=0.012000
turn=171 mode=HUNT rank=2 cell=9,15 score=0.015283 prob=0.000000 density=1.000000 center=0.011000
turn=171 mode=HUNT rank=3 cell=13,11 score=0.014748 prob=0.000000 density=1.000000 center=0.011000
turn=171 mode=HUNT rank=4 cell=12,4 score=0.014216 prob=0.000000 density=0.250000 center=0.010000
turn=171 mode=HUNT rank=5 cell=12,5 score=0.014125 prob=0.000000 density=0.250000 center=0.011000
turn=171 picked cell=11,12 target_cluster=None active_clusters=3 remaining_cells=1 scans=2
turn=171 result=MISS
turn=172 mode=HUNT rank=1 cell=11,4 score=0.015206 prob=0.000000 density=0.250000 center=0.011000
turn=172 mode=HUNT rank=2 cell=14,7 score=0.014974 prob=0.000000 density=0.250000 center=0.011000
turn=172 mode=HUNT rank=3 cell=6,4 score=0.014587 prob=0.000000 density=0.625000 center=0.011000
turn=172 mode=HUNT rank=4 cell=10,2 score=0.014090 prob=0.000000 density=0.250000 center=0.010000
turn=172 mode=HUNT rank=5 cell=10,14 score=0.013925 prob=0.000000 density=1.000000 center=0.011000
turn=172 picked cell=11,4 target_cluster=None active_clusters=3 remaining_cells=1 scans=2
turn=172 result=MISS
turn=173 mode=HUNT rank=1 cell=14,10 score=0.015269 prob=0.000000 density=1.000000 center=0.011000
turn=173 mode=HUNT rank=2 cell=6,4 score=0.015258 prob=0.000000 density=0.625000 center=0.011000
turn=173 mode=HUNT rank=3 cell=3,6 score=0.013913 prob=0.000000 density=0.625000 center=0.010000
turn=173 mode=HUNT rank=4 cell=13,12 score=0.013625 prob=0.000000 density=1.000000 center=0.010000
turn=173 mode=HUNT rank=5 cell=10,14 score=0.013593 prob=0.000000 density=1.000000 center=0.011000
turn=173 picked cell=14,10 target_cluster=None active_clusters=3 remaining_cells=1 scans=2
turn=173 result=MISS
turn=174 mode=HUNT rank=1 cell=9,15 score=0.014986 prob=0.000000 density=1.000000 center=0.011000
turn=174 mode=HUNT rank=2 cell=14,7 score=0.014752 prob=0.000000 density=0.250000 center=0.011000
turn=174 mode=HUNT rank=3 cell=13,11 score=0.014709 prob=0.000000 density=1.000000 center=0.011000
turn=174 mode=HUNT rank=4 cell=10,14 score=0.014345 prob=0.000000 density=1.000000 center=0.011000
turn=174 mode=HUNT rank=5 cell=3,7 score=0.014099 prob=0.000000 density=0.625000 center=0.011000
turn=174 picked cell=9,15 target_cluster=None active_clusters=3 remaining_cells=1 scans=2
turn=174 result=MISS
turn=175 mode=HUNT rank=1 cell=10,14 score=0.015165 prob=0.000000 density=1.000000 center=0.011000
turn=175 mode=HUNT rank=2 cell=6,4 score=0.014964 prob=0.000000 density=0.625000 center=0.011000
turn=175 mode=HUNT rank=3 cell=9,2 score=0.013874 prob=0.000000 density=0.250000 center=0.011000
turn=175 mode=HUNT rank=4 cell=12,5 score=0.013679 prob=0.000000 density=0.250000 center=0.011000
turn=175 mode=HUNT rank=5 cell=3,6 score=0.013644 prob=0.000000 density=0.625000 center=0.010000
turn=175 picked cell=10,14 target_cluster=None active_clusters=3 remaining_cells=1 scans=2
turn=175 result=MISS
turn=176 mode=HUNT rank=1 cell=9,2 score=0.014805 prob=0.000000 density=0.250000 center=0.011000
turn=176 mode=HUNT rank=2 cell=12,5 score=0.014188 prob=0.000000 density=0.250000 center=0.011000
turn=176 mode=HUNT rank=3 cell=15,10 score=0.014114 prob=0.000000 density=1.000000 center=0.010000
turn=176 mode=HUNT rank=4 cell=3,7 score=0.013756 prob=0.000000 density=0.625000 center=0.011000
turn=176 mode=HUNT rank=5 cell=9,1 score=0.013381 prob=0.000000 density=0.250000 center=0.010000
turn=176 picked cell=9,2 target_cluster=None active_clusters=3 remaining_cells=1 scans=2
turn=176 result=MISS
turn=177 mode=HUNT rank=1 cell=6,4 score=0.015109 prob=0.000000 density=0.625000 center=0.011000
turn=177 mode=HUNT rank=2 cell=12,5 score=0.014853 prob=0.000000 density=0.250000 center=0.011000
turn=177 mode=HUNT rank=3 cell=13,12 score=0.014215 prob=0.000000 density=1.000000 center=0.010000
turn=177 mode=HUNT rank=4 cell=14,6 score=0.013975 prob=0.000000 density=0.250000 center=0.010000
turn=177 mode=HUNT rank=5 cell=11,14 score=0.013905 prob=0.000000 density=1.000000 center=0.010000
turn=177 picked cell=6,4 target_cluster=None active_clusters=3 remaining_cells=1 scans=2
turn=177 result=MISS
turn=178 mode=HUNT rank=1 cell=3,7 score=0.015079 prob=0.000000 density=0.625000 center=0.011000
turn=178 mode=HUNT rank=2 cell=13,11 score=0.014269 prob=0.000000 density=1.000000 center=0.011000
turn=178 mode=HUNT rank=3 cell=10,2 score=0.014145 prob=0.000000 density=0.250000 center=0.010000
turn=178 mode=HUNT rank=4 cell=11,15 score=0.013246 prob=0.000000 density=1.000000 center=0.009000
turn=178 mode=HUNT rank=5 cell=14,5 score=0.013205 prob=0.000000 density=0.250000 center=0.009000
turn=178 picked cell=3,7 target_cluster=None active_clusters=3 remaining_cells=1 scans=2
turn=178 result=MISS
turn=179 mode=HUNT rank=1 cell=11,3 score=0.014177 prob=0.000000 density=0.250000 center=0.010000
turn=179 mode=HUNT rank=2 cell=15,10 score=0.014134 prob=0.000000 density=1.000000 center=0.010000
turn=179 mode=HUNT rank=3 cell=14,11 score=0.013976 prob=0.000000 density=1.000000 center=0.010000
turn=179 mode=HUNT rank=4 cell=14,6 score=0.013813 prob=0.000000 density=0.250000 center=0.010000
turn=179 mode=HUNT rank=5 cell=3,6 score=0.013646 prob=0.000000 density=0.625000 center=0.010000
turn=179 picked cell=11,3 target_cluster=None active_clusters=3 remaining_cells=1 scans=2
turn=179 result=MISS
turn=180 mode=HUNT rank=1 cell=15,10 score=0.014151 prob=0.000000 density=1.000000 center=0.010000
turn=180 mode=HUNT rank=2 cell=14,6 score=0.014130 prob=0.000000 density=0.250000 center=0.010000
turn=180 mode=HUNT rank=3 cell=9,1 score=0.013909 prob=0.000000 density=0.250000 center=0.010000
turn=180 mode=HUNT rank=4 cell=14,7 score=0.013735 prob=0.000000 density=0.250000 center=0.011000
turn=180 mode=HUNT rank=5 cell=13,11 score=0.013374 prob=0.000000 density=1.000000 center=0.011000
turn=180 picked cell=15,10 target_cluster=None active_clusters=3 remaining_cells=1 scans=2
turn=180 result=MISS
turn=181 mode=HUNT rank=1 cell=14,7 score=0.014208 prob=0.000000 density=0.250000 center=0.011000
turn=181 mode=HUNT rank=2 cell=12,4 score=0.013946 prob=0.000000 density=0.250000 center=0.010000
turn=181 mode=HUNT rank=3 cell=9,16 score=0.013702 prob=0.000000 density=1.000000 center=0.010000
turn=181 mode=HUNT rank=4 cell=10,2 score=0.013521 prob=0.000000 density=0.250000 center=0.010000
turn=181 mode=HUNT rank=5 cell=10,15 score=0.013349 prob=0.000000 density=1.000000 center=0.010000
turn=181 picked cell=14,7 target_cluster=None active_clusters=3 remaining_cells=1 scans=2
turn=181 result=MISS
turn=182 mode=HUNT rank=1 cell=3,6 score=0.014294 prob=0.000000 density=0.625000 center=0.010000
turn=182 mode=HUNT rank=2 cell=11,14 score=0.014130 prob=0.000000 density=1.000000 center=0.010000
turn=182 mode=HUNT rank=3 cell=13,5 score=0.013933 prob=0.000000 density=0.250000 center=0.010000
turn=182 mode=HUNT rank=4 cell=9,1 score=0.013139 prob=0.000000 density=0.250000 center=0.010000
turn=182 mode=HUNT rank=5 cell=11,2 score=0.013091 prob=0.000000 density=0.250000 center=0.009000
turn=182 picked cell=3,6 target_cluster=None active_clusters=3 remaining_cells=1 scans=2
turn=182 result=MISS
turn=183 mode=HUNT rank=1 cell=10,2 score=0.013751 prob=0.000000 density=0.250000 center=0.010000
turn=183 mode=HUNT rank=2 cell=14,11 score=0.013562 prob=0.000000 density=1.000000 center=0.010000
turn=183 mode=HUNT rank=3 cell=14,6 score=0.013540 prob=0.000000 density=0.250000 center=0.010000
turn=183 mode=HUNT rank=4 cell=13,12 score=0.013520 prob=0.000000 density=1.000000 center=0.010000
turn=183 mode=HUNT rank=5 cell=3,5 score=0.012873 prob=0.000000 density=0.625000 center=0.009000
turn=183 picked cell=10,2 target_cluster=None active_clusters=3 remaining_cells=1 scans=2
turn=183 result=MISS
turn=184 mode=HUNT rank=1 cell=12,5 score=0.014386 prob=0.000000 density=0.250000 center=0.011000
turn=184 mode=HUNT rank=2 cell=9,1 score=0.013461 prob=0.000000 density=0.250000 center=0.010000
turn=184 mode=HUNT rank=3 cell=13,11 score=0.013241 prob=0.000000 density=1.000000 center=0.011000
turn=184 mode=HUNT rank=4 cell=12,4 score=0.013238 prob=0.000000 density=0.250000 center=0.010000
turn=184 mode=HUNT rank=5 cell=10,15 score=0.013153 prob=0.000000 density=1.000000 center=0.010000
turn=184 picked cell=12,5 target_cluster=None active_clusters=3 remaining_cells=1 scans=2
turn=184 result=MISS
turn=185 mode=HUNT rank=1 cell=13,12 score=0.014277 prob=0.000000 density=1.000000 center=0.010000
turn=185 mode=HUNT rank=2 cell=14,12 score=0.013111 prob=0.000000 density=1.000000 center=0.009000
turn=185 mode=HUNT rank=3 cell=0,8 score=0.013072 prob=0.000000 density=0.625000 center=0.009000
turn=185 mode=HUNT rank=4 cell=17,9 score=0.012926 prob=0.000000 density=1.000000 center=0.009000
turn=185 mode=HUNT rank=5 cell=9,1 score=0.012817 prob=0.000000 density=0.250000 center=0.010000
turn=185 picked cell=13,12 target_cluster=None active_clusters=3 remaining_cells=1 scans=2
turn=185 result=MISS
turn=186 mode=HUNT rank=1 cell=14,6 score=0.014201 prob=0.000000 density=0.250000 center=0.010000
turn=186 mode=HUNT rank=2 cell=9,16 score=0.014158 prob=0.000000 density=1.000000 center=0.010000
turn=186 mode=HUNT rank=3 cell=10,15 score=0.013649 prob=0.000000 density=1.000000 center=0.010000
turn=186 mode=HUNT rank=4 cell=11,13 score=0.013643 prob=0.000000 density=1.000000 center=0.011000
turn=186 mode=HUNT rank=5 cell=0,8 score=0.013224 prob=0.000000 density=0.625000 center=0.009000
turn=186 picked cell=14,6 target_cluster=None active_clusters=3 remaining_cells=1 scans=2
turn=186 result=MISS
turn=187 mode=HUNT rank=1 cell=13,11 score=0.014772 prob=0.000000 density=1.000000 center=0.011000
turn=187 mode=HUNT rank=2 cell=11,13 score=0.013882 prob=0.000000 density=1.000000 center=0.011000
turn=187 mode=HUNT rank=3 cell=9,16 score=0.013813 prob=0.000000 density=1.000000 center=0.010000
turn=187 mode=HUNT rank=4 cell=10,15 score=0.013638 prob=0.000000 density=1.000000 center=0.010000
turn=187 mode=HUNT rank=5 cell=11,2 score=0.013228 prob=0.000000 density=0.250000 center=0.009000
turn=187 picked cell=13,11 target_cluster=None active_clusters=3 remaining_cells=1 scans=2
turn=187 result=MISS
turn=188 mode=HUNT rank=1 cell=11,13 score=0.014826 prob=0.000000 density=1.000000 center=0.011000
turn=188 mode=HUNT rank=2 cell=13,5 score=0.013626 prob=0.000000 density=0.250000 center=0.010000
turn=188 mode=HUNT rank=3 cell=15,11 score=0.013291 prob=0.000000 density=1.000000 center=0.009000
turn=188 mode=HUNT rank=4 cell=10,15 score=0.013194 prob=0.000000 density=1.000000 center=0.010000
turn=188 mode=HUNT rank=5 cell=0,8 score=0.013021 prob=0.000000 density=0.625000 center=0.009000
turn=188 picked cell=11,13 target_cluster=None active_clusters=3 remaining_cells=1 scans=2
turn=188 result=MISS
turn=189 mode=HUNT rank=1 cell=9,1 score=0.014011 prob=0.000000 density=0.250000 center=0.010000
turn=189 mode=HUNT rank=2 cell=12,4 score=0.013400 prob=0.000000 density=0.250000 center=0.010000
turn=189 mode=HUNT rank=3 cell=10,15 score=0.013371 prob=0.000000 density=1.000000 center=0.010000
turn=189 mode=HUNT rank=4 cell=14,5 score=0.013286 prob=0.000000 density=0.250000 center=0.009000
turn=189 mode=HUNT rank=5 cell=15,6 score=0.013173 prob=0.000000 density=0.250000 center=0.009000
turn=189 picked cell=9,1 target_cluster=None active_clusters=3 remaining_cells=1 scans=2
turn=189 result=MISS
turn=190 mode=HUNT rank=1 cell=10,15 score=0.014239 prob=0.000000 density=1.000000 center=0.010000
turn=190 mode=HUNT rank=2 cell=7,2 score=0.014045 prob=0.000000 density=0.625000 center=0.010000
turn=190 mode=HUNT rank=3 cell=12,4 score=0.014008 prob=0.000000 density=0.250000 center=0.010000
turn=190 mode=HUNT rank=4 cell=11,14 score=0.013901 prob=0.000000 density=1.000000 center=0.010000
turn=190 mode=HUNT rank=5 cell=14,11 score=0.013779 prob=0.000000 density=1.000000 center=0.010000
turn=190 picked cell=10,15 target_cluster=None active_clusters=3 remaining_cells=1 scans=2
turn=190 result=MISS
turn=191 mode=HUNT rank=1 cell=14,5 score=0.013163 prob=0.000000 density=0.250000 center=0.009000
turn=191 mode=HUNT rank=2 cell=15,6 score=0.013128 prob=0.000000 density=0.250000 center=0.009000
turn=191 mode=HUNT rank=3 cell=12,3 score=0.012984 prob=0.000000 density=0.250000 center=0.009000
turn=191 mode=HUNT rank=4 cell=7,1 score=0.012824 prob=0.000000 density=0.625000 center=0.009000
turn=191 mode=HUNT rank=5 cell=9,16 score=0.012655 prob=0.000000 density=1.000000 center=0.010000
turn=191 picked cell=14,5 target_cluster=None active_clusters=3 remaining_cells=1 scans=2
turn=191 result=MISS
turn=192 mode=HUNT rank=1 cell=11,14 score=0.014217 prob=0.000000 density=1.000000 center=0.010000
turn=192 mode=HUNT rank=2 cell=12,4 score=0.014126 prob=0.000000 density=0.250000 center=0.010000
turn=192 mode=HUNT rank=3 cell=14,11 score=0.013830 prob=0.000000 density=1.000000 center=0.010000
turn=192 mode=HUNT rank=4 cell=7,2 score=0.013517 prob=0.000000 density=0.625000 center=0.010000
turn=192 mode=HUNT rank=5 cell=9,16 score=0.012619 prob=0.000000 density=1.000000 center=0.010000
turn=192 picked cell=11,14 target_cluster=None active_clusters=3 remaining_cells=1 scans=2
turn=192 result=MISS
turn=193 mode=HUNT rank=1 cell=12,4 score=0.013805 prob=0.000000 density=0.250000 center=0.010000
turn=193 mode=HUNT rank=2 cell=13,5 score=0.013652 prob=0.000000 density=0.250000 center=0.010000
turn=193 mode=HUNT rank=3 cell=9,16 score=0.013419 prob=0.000000 density=1.000000 center=0.010000
turn=193 mode=HUNT rank=4 cell=15,11 score=0.012910 prob=0.000000 density=1.000000 center=0.009000
turn=193 mode=HUNT rank=5 cell=10,1 score=0.012335 prob=0.000000 density=0.250000 center=0.009000
turn=193 picked cell=12,4 target_cluster=None active_clusters=3 remaining_cells=1 scans=2
turn=193 result=MISS
turn=194 mode=HUNT rank=1 cell=9,16 score=0.014265 prob=0.000000 density=1.000000 center=0.010000
turn=194 mode=HUNT rank=2 cell=13,5 score=0.014138 prob=0.000000 density=0.250000 center=0.010000
turn=194 mode=HUNT rank=3 cell=7,2 score=0.013964 prob=0.000000 density=0.625000 center=0.010000
turn=194 mode=HUNT rank=4 cell=16,7 score=0.013165 prob=0.000000 density=0.250000 center=0.009000
turn=194 mode=HUNT rank=5 cell=14,11 score=0.012908 prob=0.000000 density=1.000000 center=0.010000
turn=194 picked cell=9,16 target_cluster=None active_clusters=3 remaining_cells=1 scans=2
turn=194 result=MISS
turn=195 mode=HUNT rank=1 cell=7,2 score=0.013124 prob=0.000000 density=0.625000 center=0.010000
turn=195 mode=HUNT rank=2 cell=7,1 score=0.013083 prob=0.000000 density=0.625000 center=0.009000
turn=195 mode=HUNT rank=3 cell=10,1 score=0.012923 prob=0.000000 density=0.250000 center=0.009000
turn=195 mode=HUNT rank=4 cell=13,5 score=0.012802 prob=0.000000 density=0.250000 center=0.010000
turn=195 mode=HUNT rank=5 cell=15,6 score=0.012557 prob=0.000000 density=0.250000 center=0.009000
turn=195 picked cell=7,2 target_cluster=None active_clusters=3 remaining_cells=1 scans=2
turn=195 result=MISS
turn=196 mode=HUNT rank=1 cell=14,11 score=0.012950 prob=0.000000 density=1.000000 center=0.010000
turn=196 mode=HUNT rank=2 cell=17,8 score=0.012709 prob=0.000000 density=0.250000 center=0.009000
turn=196 mode=HUNT rank=3 cell=15,6 score=0.012483 prob=0.000000 density=0.250000 center=0.009000
turn=196 mode=HUNT rank=4 cell=13,5 score=0.012477 prob=0.000000 density=0.250000 center=0.010000
turn=196 mode=HUNT rank=5 cell=7,1 score=0.012123 prob=0.000000 density=0.625000 center=0.009000
turn=196 picked cell=14,11 target_cluster=None active_clusters=3 remaining_cells=1 scans=2
turn=196 result=MISS
turn=197 mode=HUNT rank=1 cell=13,5 score=0.013895 prob=0.000000 density=0.250000 center=0.010000
turn=197 mode=HUNT rank=2 cell=0,8 score=0.013198 prob=0.000000 density=0.625000 center=0.009000
turn=197 mode=HUNT rank=3 cell=13,4 score=0.012837 prob=0.000000 density=0.250000 center=0.009000
turn=197 mode=HUNT rank=4 cell=3,5 score=0.012741 prob=0.000000 density=0.625000 center=0.009000
turn=197 mode=HUNT rank=5 cell=11,2 score=0.012523 prob=0.000000 density=0.250000 center=0.009000
turn=197 picked cell=13,5 target_cluster=None active_clusters=3 remaining_cells=1 scans=2
turn=197 result=MISS
turn=198 mode=HUNT rank=1 cell=15,6 score=0.013188 prob=0.000000 density=0.250000 center=0.009000
turn=198 mode=HUNT rank=2 cell=12,3 score=0.012897 prob=0.000000 density=0.250000 center=0.009000
turn=198 mode=HUNT rank=3 cell=14,12 score=0.012424 prob=0.000000 density=1.000000 center=0.009000
turn=198 mode=HUNT rank=4 cell=17,8 score=0.012390 prob=0.000000 density=0.250000 center=0.009000
turn=198 mode=HUNT rank=5 cell=11,15 score=0.012210 prob=0.000000 density=1.000000 center=0.009000
turn=198 picked cell=15,6 target_cluster=None active_clusters=3 remaining_cells=1 scans=2
turn=198 result=MISS
turn=199 mode=HUNT rank=1 cell=17,9 score=0.012565 prob=0.000000 density=1.000000 center=0.009000
turn=199 mode=HUNT rank=2 cell=3,5 score=0.012537 prob=0.000000 density=0.625000 center=0.009000
turn=199 mode=HUNT rank=3 cell=4,3 score=0.012274 prob=0.000000 density=0.625000 center=0.008000
turn=199 mode=HUNT rank=4 cell=6,1 score=0.012238 prob=0.000000 density=0.625000 center=0.008000
turn=199 mode=HUNT rank=5 cell=0,8 score=0.012195 prob=0.000000 density=0.625000 center=0.009000
turn=199 picked cell=17,9 target_cluster=None active_clusters=3 remaining_cells=1 scans=2
turn=199 result=MISS
turn=200 mode=HUNT rank=1 cell=11,2 score=0.013087 prob=0.000000 density=0.250000 center=0.009000
turn=200 mode=HUNT rank=2 cell=3,5 score=0.012797 prob=0.000000 density=0.625000 center=0.009000
turn=200 mode=HUNT rank=3 cell=17,8 score=0.012476 prob=0.000000 density=0.250000 center=0.009000
turn=200 mode=HUNT rank=4 cell=13,4 score=0.012376 prob=0.000000 density=0.250000 center=0.009000
turn=200 mode=HUNT rank=5 cell=11,15 score=0.012350 prob=0.000000 density=1.000000 center=0.009000
turn=200 picked cell=11,2 target_cluster=None active_clusters=3 remaining_cells=1 scans=2
turn=200 result=MISS
turn=201 mode=HUNT rank=1 cell=15,11 score=0.013218 prob=0.000000 density=1.000000 center=0.009000
turn=201 mode=HUNT rank=2 cell=11,15 score=0.013188 prob=0.000000 density=1.000000 center=0.009000
turn=201 mode=HUNT rank=3 cell=13,4 score=0.012865 prob=0.000000 density=0.250000 center=0.009000
turn=201 mode=HUNT rank=4 cell=17,8 score=0.012623 prob=0.000000 density=0.250000 center=0.009000
turn=201 mode=HUNT rank=5 cell=16,10 score=0.012345 prob=0.000000 density=1.000000 center=0.009000
turn=201 picked cell=15,11 target_cluster=None active_clusters=3 remaining_cells=1 scans=2
turn=201 result=MISS
turn=202 mode=HUNT rank=1 cell=16,7 score=0.012617 prob=0.000000 density=0.250000 center=0.009000
turn=202 mode=HUNT rank=2 cell=7,1 score=0.012432 prob=0.000000 density=0.625000 center=0.009000
turn=202 mode=HUNT rank=3 cell=3,5 score=0.012331 prob=0.000000 density=0.625000 center=0.009000
turn=202 mode=HUNT rank=4 cell=13,4 score=0.012284 prob=0.000000 density=0.250000 center=0.009000
turn=202 mode=HUNT rank=5 cell=17,7 score=0.012067 prob=0.000000 density=0.250000 center=0.008000
turn=202 picked cell=16,7 target_cluster=None active_clusters=3 remaining_cells=1 scans=2
turn=202 result=MISS
turn=203 mode=HUNT rank=1 cell=6,16 score=0.012048 prob=0.000000 density=2.480000 center=0.008000
turn=203 mode=HUNT rank=2 cell=3,4 score=0.012031 prob=0.000000 density=0.620000 center=0.008000
turn=203 mode=HUNT rank=3 cell=10,1 score=0.012001 prob=0.000000 density=0.250000 center=0.009000
turn=203 mode=HUNT rank=4 cell=12,2 score=0.011944 prob=0.000000 density=0.250000 center=0.008000
turn=203 mode=HUNT rank=5 cell=10,17 score=0.011756 prob=0.000000 density=1.000000 center=0.008000
turn=203 picked cell=6,16 target_cluster=None active_clusters=3 remaining_cells=1 scans=2
turn=203 result=KILL
