turn=1 mode=SCAN region=0,0,8,18
turn=1 result=SCAN count=26
turn=2 mode=SCAN region=0,0,18,8
turn=2 result=SCAN count=38
turn=3 picked cell=10,8 target_cluster=None active_clusters=0 remaining_cells=70 scans=2
turn=3 result=MISS
turn=4 picked cell=11,7 target_cluster=None active_clusters=0 remaining_cells=70 scans=2
turn=4 result=HIT
turn=5 mode=CHASE cluster=0 cluster_len=1 cell=10,7 score=100000.948777 chase_score=5083.448777 prob=0.948777
turn=5 picked cell=10,7 target_cluster=Some(0) active_clusters=1 remaining_cells=69 scans=2
turn=5 result=MISS
turn=6 mode=CHASE cluster=0 cluster_len=1 cell=11,8 score=100000.964871 chase_score=5083.464871 prob=0.964871
turn=6 picked cell=11,8 target_cluster=Some(0) active_clusters=1 remaining_cells=69 scans=2
turn=6 result=HIT
turn=7 mode=CHASE cluster=0 cluster_len=2 cell=11,9 score=200001.665429 chase_score=10261.665429 prob=1.665429
turn=7 picked cell=11,9 target_cluster=Some(0) active_clusters=1 remaining_cells=68 scans=2
turn=7 result=HIT
turn=8 mode=CHASE cluster=0 cluster_len=3 cell=11,10 score=300001.665429 chase_score=10197.665429 prob=1.665429
turn=8 picked cell=11,10 target_cluster=Some(0) active_clusters=1 remaining_cells=67 scans=2
turn=8 result=MISS
turn=9 mode=CHASE cluster=0 cluster_len=3 cell=11,6 score=300001.322169 chase_score=10059.322169 prob=1.322169
turn=9 picked cell=11,6 target_cluster=Some(0) active_clusters=1 remaining_cells=67 scans=2
turn=9 result=HIT
turn=10 mode=CHASE cluster=0 cluster_len=4 cell=11,5 score=400001.357230 chase_score=10043.357230 prob=1.357230
turn=10 picked cell=11,5 target_cluster=Some(0) active_clusters=1 remaining_cells=66 scans=2
turn=10 result=KILL
turn=10 kill_infer inferred_len=5 committed_hits=4 cluster_hits=4
turn=11 picked cell=9,4 target_cluster=None active_clusters=0 remaining_cells=65 scans=2
turn=11 result=MISS
turn=12 picked cell=12,3 target_cluster=None active_clusters=0 remaining_cells=65 scans=2
turn=12 result=MISS
turn=13 picked cell=12,11 target_cluster=None active_clusters=0 remaining_cells=65 scans=2
turn=13 result=MISS
turn=14 picked cell=9,12 target_cluster=None active_clusters=0 remaining_cells=65 scans=2
turn=14 result=MISS
turn=15 picked cell=13,13 target_cluster=None active_clusters=0 remaining_cells=65 scans=2
turn=15 result=MISS
turn=16 picked cell=13,2 target_cluster=None active_clusters=0 remaining_cells=65 scans=2
turn=16 result=MISS
turn=17 picked cell=15,8 target_cluster=None active_clusters=0 remaining_cells=65 scans=2
turn=17 result=HIT
turn=18 mode=CHASE cluster=0 cluster_len=1 cell=15,9 score=100001.321750 chase_score=5078.821750 prob=1.321750
turn=18 picked cell=15,9 target_cluster=Some(0) active_clusters=1 remaining_cells=64 scans=2
turn=18 result=MISS
turn=19 mode=CHASE cluster=0 cluster_len=1 cell=16,8 score=100001.315580 chase_score=5023.815580 prob=1.315580
turn=19 picked cell=16,8 target_cluster=Some(0) active_clusters=1 remaining_cells=64 scans=2
turn=19 result=HIT
turn=20 mode=CHASE cluster=0 cluster_len=2 cell=14,8 score=200001.315580 chase_score=10063.315580 prob=1.315580
turn=20 picked cell=14,8 target_cluster=Some(0) active_clusters=1 remaining_cells=63 scans=2
turn=20 result=MISS
turn=21 mode=CHASE cluster=0 cluster_len=2 cell=17,8 score=200001.191147 chase_score=10023.191147 prob=1.191147
turn=21 picked cell=17,8 target_cluster=Some(0) active_clusters=1 remaining_cells=63 scans=2
turn=21 result=KILL
turn=21 kill_infer inferred_len=3 committed_hits=2 cluster_hits=2
turn=22 picked cell=10,14 target_cluster=None active_clusters=0 remaining_cells=62 scans=2
turn=22 result=MISS
turn=23 picked cell=10,1 target_cluster=None active_clusters=0 remaining_cells=62 scans=2
turn=23 result=MISS
turn=24 picked cell=11,15 target_cluster=None active_clusters=0 remaining_cells=62 scans=2
turn=24 result=MISS
turn=25 picked cell=5,6 target_cluster=None active_clusters=0 remaining_cells=62 scans=2
turn=25 result=MISS
turn=26 picked cell=4,8 target_cluster=None active_clusters=0 remaining_cells=62 scans=2
turn=26 result=HIT
turn=27 mode=CHASE cluster=0 cluster_len=1 cell=4,9 score=100002.086507 chase_score=5078.086507 prob=2.086507
turn=27 picked cell=4,9 target_cluster=Some(0) active_clusters=1 remaining_cells=61 scans=2
turn=27 result=MISS
turn=28 mode=CHASE cluster=0 cluster_len=1 cell=5,8 score=100001.147285 chase_score=5047.647285 prob=1.147285
turn=28 picked cell=5,8 target_cluster=Some(0) active_clusters=1 remaining_cells=61 scans=2
turn=28 result=HIT
turn=29 mode=CHASE cluster=0 cluster_len=2 cell=3,8 score=200002.037860 chase_score=10151.037860 prob=2.037860
turn=29 picked cell=3,8 target_cluster=Some(0) active_clusters=1 remaining_cells=60 scans=2
turn=29 result=MISS
turn=30 mode=CHASE cluster=0 cluster_len=2 cell=6,8 score=200001.668428 chase_score=10032.668428 prob=1.668428
turn=30 picked cell=6,8 target_cluster=Some(0) active_clusters=1 remaining_cells=60 scans=2
turn=30 result=HIT
turn=31 mode=CHASE cluster=0 cluster_len=3 cell=7,8 score=300001.668428 chase_score=10029.668428 prob=1.668428
turn=31 picked cell=7,8 target_cluster=Some(0) active_clusters=1 remaining_cells=59 scans=2
turn=31 result=KILL
turn=31 kill_infer inferred_len=4 committed_hits=3 cluster_hits=3
turn=32 picked cell=14,16 target_cluster=None active_clusters=0 remaining_cells=58 scans=2
turn=32 result=MISS
turn=33 picked cell=18,10 target_cluster=None active_clusters=0 remaining_cells=58 scans=2
turn=33 result=MISS
turn=34 picked cell=9,17 target_cluster=None active_clusters=0 remaining_cells=58 scans=2
turn=34 result=MISS
turn=35 picked cell=11,0 target_cluster=None active_clusters=0 remaining_cells=58 scans=2
turn=35 result=MISS
turn=36 picked cell=10,18 target_cluster=None active_clusters=0 remaining_cells=58 scans=2
turn=36 result=MISS
turn=37 picked cell=8,11 target_cluster=None active_clusters=0 remaining_cells=58 scans=2
turn=37 result=MISS
turn=38 picked cell=2,10 target_cluster=None active_clusters=0 remaining_cells=58 scans=2
turn=38 result=MISS
turn=39 picked cell=16,12 target_cluster=None active_clusters=0 remaining_cells=58 scans=2
turn=39 result=HIT
turn=40 mode=CHASE cluster=0 cluster_len=1 cell=16,13 score=100001.251644 chase_score=5041.751644 prob=1.251644
turn=40 picked cell=16,13 target_cluster=Some(0) active_clusters=1 remaining_cells=57 scans=2
turn=40 result=HIT
turn=41 mode=CHASE cluster=0 cluster_len=2 cell=16,14 score=200001.589986 chase_score=10142.589986 prob=1.589986
turn=41 picked cell=16,14 target_cluster=Some(0) active_clusters=1 remaining_cells=56 scans=2
turn=41 result=MISS
turn=42 mode=CHASE cluster=0 cluster_len=2 cell=16,11 score=200000.493839 chase_score=10015.493839 prob=0.493839
turn=42 picked cell=16,11 target_cluster=Some(0) active_clusters=1 remaining_cells=56 scans=2
turn=42 result=HIT
turn=43 mode=CHASE cluster=0 cluster_len=3 cell=16,10 score=300000.416525 chase_score=10012.416525 prob=0.416525
turn=43 picked cell=16,10 target_cluster=Some(0) active_clusters=1 remaining_cells=55 scans=2
turn=43 result=KILL
turn=43 kill_infer inferred_len=4 committed_hits=3 cluster_hits=3
turn=44 picked cell=1,7 target_cluster=None active_clusters=0 remaining_cells=54 scans=2
turn=44 result=MISS
turn=45 picked cell=8,2 target_cluster=None active_clusters=0 remaining_cells=54 scans=2
turn=45 result=MISS
turn=46 picked cell=7,16 target_cluster=None active_clusters=0 remaining_cells=54 scans=2
turn=46 result=HIT
turn=47 mode=CHASE cluster=0 cluster_len=1 cell=6,16 score=100003.230581 chase_score=5068.730581 prob=3.230581
turn=47 picked cell=6,16 target_cluster=Some(0) active_clusters=1 remaining_cells=53 scans=2
turn=47 result=MISS
turn=48 mode=CHASE cluster=0 cluster_len=1 cell=7,15 score=100002.669541 chase_score=5037.169541 prob=2.669541
turn=48 picked cell=7,15 target_cluster=Some(0) active_clusters=1 remaining_cells=53 scans=2
turn=48 result=HIT
turn=49 mode=CHASE cluster=0 cluster_len=2 cell=7,14 score=200002.376103 chase_score=10123.376103 prob=2.376103
turn=49 picked cell=7,14 target_cluster=Some(0) active_clusters=1 remaining_cells=52 scans=2
turn=49 result=HIT
turn=50 mode=CHASE cluster=0 cluster_len=3 cell=7,13 score=300003.394609 chase_score=10113.394609 prob=3.394609
turn=50 picked cell=7,13 target_cluster=Some(0) active_clusters=1 remaining_cells=51 scans=2
turn=50 result=HIT
turn=51 mode=CHASE cluster=0 cluster_len=4 cell=7,12 score=400001.919912 chase_score=10091.919912 prob=1.919912
turn=51 picked cell=7,12 target_cluster=Some(0) active_clusters=1 remaining_cells=50 scans=2
turn=51 result=HIT
turn=52 mode=CHASE cluster=0 cluster_len=5 cell=7,11 score=500001.393383 chase_score=10079.393383 prob=1.393383
turn=52 picked cell=7,11 target_cluster=Some(0) active_clusters=1 remaining_cells=49 scans=2
turn=52 result=HIT
turn=53 mode=CHASE cluster=0 cluster_len=6 cell=7,17 score=600001.532506 chase_score=10051.532506 prob=1.532506
turn=53 picked cell=7,17 target_cluster=Some(0) active_clusters=1 remaining_cells=48 scans=2
turn=53 result=HIT
turn=54 mode=CHASE cluster=0 cluster_len=7 cell=7,10 score=700001.453320 chase_score=10035.453320 prob=1.453320
turn=54 picked cell=7,10 target_cluster=Some(0) active_clusters=1 remaining_cells=47 scans=2
turn=54 result=HIT
turn=55 mode=CHASE cluster=0 cluster_len=8 cell=7,18 score=800001.503982 chase_score=10010.503982 prob=1.503982
turn=55 picked cell=7,18 target_cluster=Some(0) active_clusters=1 remaining_cells=46 scans=2
turn=55 result=MISS
turn=56 mode=CHASE cluster=0 cluster_len=8 cell=7,9 score=800000.737497 chase_score=10009.737497 prob=0.737497
turn=56 picked cell=7,9 target_cluster=Some(0) active_clusters=1 remaining_cells=46 scans=2
turn=56 result=KILL
turn=56 kill_infer inferred_len=9 committed_hits=8 cluster_hits=8
turn=57 picked cell=14,4 target_cluster=None active_clusters=0 remaining_cells=45 scans=2
turn=57 result=MISS
turn=58 picked cell=13,7 target_cluster=None active_clusters=0 remaining_cells=45 scans=2
turn=58 result=MISS
turn=59 picked cell=18,5 target_cluster=None active_clusters=0 remaining_cells=45 scans=2
turn=59 result=MISS
turn=60 picked cell=15,1 target_cluster=None active_clusters=0 remaining_cells=45 scans=2
turn=60 result=HIT
turn=61 mode=CHASE cluster=0 cluster_len=1 cell=16,1 score=100001.270673 chase_score=5023.270673 prob=1.270673
turn=61 picked cell=16,1 target_cluster=Some(0) active_clusters=1 remaining_cells=44 scans=2
turn=61 result=MISS
turn=62 mode=CHASE cluster=0 cluster_len=1 cell=15,2 score=100000.929715 chase_score=5017.929715 prob=0.929715
turn=62 picked cell=15,2 target_cluster=Some(0) active_clusters=1 remaining_cells=44 scans=2
turn=62 result=HIT
turn=63 mode=CHASE cluster=0 cluster_len=2 cell=15,3 score=200001.135759 chase_score=10060.135759 prob=1.135759
turn=63 picked cell=15,3 target_cluster=Some(0) active_clusters=1 remaining_cells=43 scans=2
turn=63 result=HIT
turn=64 mode=CHASE cluster=0 cluster_len=3 cell=15,4 score=300000.879951 chase_score=10048.879951 prob=0.879951
turn=64 picked cell=15,4 target_cluster=Some(0) active_clusters=1 remaining_cells=42 scans=2
turn=64 result=HIT
turn=65 mode=CHASE cluster=0 cluster_len=4 cell=15,5 score=400001.086915 chase_score=10041.086915 prob=1.086915
turn=65 picked cell=15,5 target_cluster=Some(0) active_clusters=1 remaining_cells=41 scans=2
turn=65 result=HIT
turn=66 mode=CHASE cluster=0 cluster_len=5 cell=15,6 score=500001.069770 chase_score=10029.069770 prob=1.069770
turn=66 picked cell=15,6 target_cluster=Some(0) active_clusters=1 remaining_cells=40 scans=2
turn=66 result=HIT
turn=67 mode=CHASE cluster=0 cluster_len=6 cell=15,0 score=600000.879951 chase_score=10016.879951 prob=0.879951
turn=67 picked cell=15,0 target_cluster=Some(0) active_clusters=1 remaining_cells=39 scans=2
turn=67 result=HIT
turn=68 mode=CHASE cluster=0 cluster_len=7 cell=15,7 score=700000.582696 chase_score=10016.582696 prob=0.582696
turn=68 picked cell=15,7 target_cluster=Some(0) active_clusters=1 remaining_cells=38 scans=2
turn=68 result=KILL
turn=68 kill_infer inferred_len=8 committed_hits=7 cluster_hits=7
turn=69 picked cell=9,7 target_cluster=None active_clusters=0 remaining_cells=37 scans=2
turn=69 result=MISS
turn=70 picked cell=15,17 target_cluster=None active_clusters=0 remaining_cells=37 scans=2
turn=70 result=MISS
turn=71 picked cell=17,15 target_cluster=None active_clusters=0 remaining_cells=37 scans=2
turn=71 result=HIT
turn=72 mode=CHASE cluster=0 cluster_len=1 cell=17,14 score=100001.049228 chase_score=5028.049228 prob=1.049228
turn=72 picked cell=17,14 target_cluster=Some(0) active_clusters=1 remaining_cells=36 scans=2
turn=72 result=HIT
turn=73 mode=CHASE cluster=0 cluster_len=2 cell=17,13 score=200001.049228 chase_score=10092.049228 prob=1.049228
turn=73 picked cell=17,13 target_cluster=Some(0) active_clusters=1 remaining_cells=35 scans=2
turn=73 result=HIT
turn=74 mode=CHASE cluster=0 cluster_len=3 cell=17,12 score=300000.961341 chase_score=10068.961341 prob=0.961341
turn=74 picked cell=17,12 target_cluster=Some(0) active_clusters=1 remaining_cells=34 scans=2
turn=74 result=HIT
turn=75 mode=CHASE cluster=0 cluster_len=4 cell=17,16 score=400000.933191 chase_score=10048.933191 prob=0.933191
turn=75 picked cell=17,16 target_cluster=Some(0) active_clusters=1 remaining_cells=33 scans=2
turn=75 result=HIT
turn=76 mode=CHASE cluster=0 cluster_len=5 cell=17,11 score=500000.828313 chase_score=10036.828313 prob=0.828313
turn=76 picked cell=17,11 target_cluster=Some(0) active_clusters=1 remaining_cells=32 scans=2
turn=76 result=HIT
turn=77 mode=CHASE cluster=0 cluster_len=6 cell=17,17 score=600000.625359 chase_score=10016.625359 prob=0.625359
turn=77 picked cell=17,17 target_cluster=Some(0) active_clusters=1 remaining_cells=31 scans=2
turn=77 result=HIT
turn=78 mode=CHASE cluster=0 cluster_len=7 cell=17,18 score=700000.729533 chase_score=10008.729533 prob=0.729533
turn=78 picked cell=17,18 target_cluster=Some(0) active_clusters=1 remaining_cells=30 scans=2
turn=78 result=MISS
turn=79 mode=CHASE cluster=0 cluster_len=7 cell=17,10 score=700000.566661 chase_score=10008.566661 prob=0.566661
turn=79 picked cell=17,10 target_cluster=Some(0) active_clusters=1 remaining_cells=30 scans=2
turn=79 result=KILL
turn=79 kill_infer inferred_len=8 committed_hits=7 cluster_hits=7
turn=80 picked cell=6,3 target_cluster=None active_clusters=0 remaining_cells=29 scans=2
turn=80 result=MISS
turn=81 picked cell=4,5 target_cluster=None active_clusters=0 remaining_cells=29 scans=2
turn=81 result=MISS
turn=82 picked cell=2,4 target_cluster=None active_clusters=0 remaining_cells=29 scans=2
turn=82 result=HIT
turn=83 mode=CHASE cluster=0 cluster_len=1 cell=2,5 score=100000.831532 chase_score=5024.831532 prob=0.831532
turn=83 picked cell=2,5 target_cluster=Some(0) active_clusters=1 remaining_cells=28 scans=2
turn=83 result=MISS
turn=84 mode=CHASE cluster=0 cluster_len=1 cell=3,4 score=100001.185381 chase_score=5019.185381 prob=1.185381
turn=84 picked cell=3,4 target_cluster=Some(0) active_clusters=1 remaining_cells=28 scans=2
turn=84 result=HIT
turn=85 mode=CHASE cluster=0 cluster_len=2 cell=4,4 score=200000.722327 chase_score=10055.722327 prob=0.722327
turn=85 picked cell=4,4 target_cluster=Some(0) active_clusters=1 remaining_cells=27 scans=2
turn=85 result=HIT
turn=86 mode=CHASE cluster=0 cluster_len=3 cell=5,4 score=300000.898710 chase_score=10044.898710 prob=0.898710
turn=86 picked cell=5,4 target_cluster=Some(0) active_clusters=1 remaining_cells=26 scans=2
turn=86 result=HIT
turn=87 mode=CHASE cluster=0 cluster_len=4 cell=1,4 score=400000.762460 chase_score=10024.762460 prob=0.762460
turn=87 picked cell=1,4 target_cluster=Some(0) active_clusters=1 remaining_cells=25 scans=2
turn=87 result=MISS
turn=88 mode=CHASE cluster=0 cluster_len=4 cell=6,4 score=400000.507998 chase_score=10012.507998 prob=0.507998
turn=88 picked cell=6,4 target_cluster=Some(0) active_clusters=1 remaining_cells=25 scans=2
turn=88 result=HIT
turn=89 mode=CHASE cluster=0 cluster_len=5 cell=7,4 score=500000.927895 chase_score=10012.927895 prob=0.927895
turn=89 picked cell=7,4 target_cluster=Some(0) active_clusters=1 remaining_cells=24 scans=2
turn=89 result=KILL
turn=89 kill_infer inferred_len=6 committed_hits=5 cluster_hits=5
turn=90 picked cell=17,3 target_cluster=None active_clusters=0 remaining_cells=23 scans=2
turn=90 result=HIT
turn=91 mode=CHASE cluster=0 cluster_len=1 cell=17,4 score=100000.474143 chase_score=5013.974143 prob=0.474143
turn=91 picked cell=17,4 target_cluster=Some(0) active_clusters=1 remaining_cells=22 scans=2
turn=91 result=HIT
turn=92 mode=CHASE cluster=0 cluster_len=2 cell=17,2 score=200000.431305 chase_score=10037.431305 prob=0.431305
turn=92 picked cell=17,2 target_cluster=Some(0) active_clusters=1 remaining_cells=21 scans=2
turn=92 result=HIT
turn=93 mode=CHASE cluster=0 cluster_len=3 cell=17,5 score=300000.392518 chase_score=10026.392518 prob=0.392518
turn=93 picked cell=17,5 target_cluster=Some(0) active_clusters=1 remaining_cells=20 scans=2
turn=93 result=HIT
turn=94 mode=CHASE cluster=0 cluster_len=4 cell=17,6 score=400000.325419 chase_score=10012.325419 prob=0.325419
turn=94 picked cell=17,6 target_cluster=Some(0) active_clusters=1 remaining_cells=19 scans=2
turn=94 result=HIT
turn=95 mode=CHASE cluster=0 cluster_len=5 cell=17,1 score=500000.286631 chase_score=10006.286631 prob=0.286631
turn=95 picked cell=17,1 target_cluster=Some(0) active_clusters=1 remaining_cells=18 scans=2
turn=95 result=KILL
turn=95 kill_infer inferred_len=6 committed_hits=5 cluster_hits=5
turn=96 picked cell=10,11 target_cluster=None active_clusters=0 remaining_cells=17 scans=2
turn=96 result=MISS
turn=97 picked cell=14,12 target_cluster=None active_clusters=0 remaining_cells=17 scans=2
turn=97 result=HIT
turn=98 mode=CHASE cluster=0 cluster_len=1 cell=14,11 score=100000.237803 chase_score=5009.237803 prob=0.237803
turn=98 picked cell=14,11 target_cluster=Some(0) active_clusters=1 remaining_cells=16 scans=2
turn=98 result=MISS
turn=99 mode=CHASE cluster=0 cluster_len=1 cell=13,12 score=100000.257922 chase_score=5007.257922 prob=0.257922
turn=99 picked cell=13,12 target_cluster=Some(0) active_clusters=1 remaining_cells=16 scans=2
turn=99 result=KILL
turn=99 kill_infer inferred_len=2 committed_hits=1 cluster_hits=1
turn=100 picked cell=3,12 target_cluster=None active_clusters=0 remaining_cells=15 scans=2
turn=100 result=MISS
turn=101 picked cell=4,13 target_cluster=None active_clusters=0 remaining_cells=15 scans=2
turn=101 result=MISS
turn=102 picked cell=2,14 target_cluster=None active_clusters=0 remaining_cells=15 scans=2
turn=102 result=MISS
turn=103 picked cell=3,15 target_cluster=None active_clusters=0 remaining_cells=15 scans=2
turn=103 result=MISS
turn=104 picked cell=8,6 target_cluster=None active_clusters=0 remaining_cells=15 scans=2
turn=104 result=MISS
turn=105 picked cell=12,14 target_cluster=None active_clusters=0 remaining_cells=15 scans=2
turn=105 result=HIT
turn=106 mode=CHASE cluster=0 cluster_len=1 cell=12,15 score=100000.334988 chase_score=5008.834988 prob=0.334988
turn=106 picked cell=12,15 target_cluster=Some(0) active_clusters=1 remaining_cells=14 scans=2
turn=106 result=MISS
turn=107 mode=CHASE cluster=0 cluster_len=1 cell=13,14 score=100000.248930 chase_score=5006.748930 prob=0.248930
turn=107 picked cell=13,14 target_cluster=Some(0) active_clusters=1 remaining_cells=14 scans=2
turn=107 result=HIT
turn=108 mode=CHASE cluster=0 cluster_len=2 cell=14,14 score=200000.203295 chase_score=10019.203295 prob=0.203295
turn=108 picked cell=14,14 target_cluster=Some(0) active_clusters=1 remaining_cells=13 scans=2
turn=108 result=HIT
turn=109 mode=CHASE cluster=0 cluster_len=3 cell=15,14 score=300000.296642 chase_score=10008.296642 prob=0.296642
turn=109 picked cell=15,14 target_cluster=Some(0) active_clusters=1 remaining_cells=12 scans=2
turn=109 result=HIT
turn=110 mode=CHASE cluster=0 cluster_len=4 cell=11,14 score=400000.156472 chase_score=10000.156472 prob=0.156472
turn=110 picked cell=11,14 target_cluster=Some(0) active_clusters=1 remaining_cells=11 scans=2
turn=110 result=KILL
turn=110 kill_infer inferred_len=4 committed_hits=3 cluster_hits=4
turn=111 mode=CHASE cluster=0 cluster_len=1 cell=15,13 score=100000.181925 chase_score=5005.681925 prob=0.181925
turn=111 picked cell=15,13 target_cluster=Some(0) active_clusters=1 remaining_cells=10 scans=2
turn=111 result=MISS
turn=112 mode=CHASE cluster=0 cluster_len=1 cell=15,15 score=100000.129685 chase_score=5001.879685 prob=0.129685
turn=112 picked cell=15,15 target_cluster=Some(0) active_clusters=1 remaining_cells=10 scans=2
turn=112 result=MISS
turn=113 picked cell=5,1 target_cluster=None active_clusters=1 remaining_cells=10 scans=2
turn=113 result=HIT
turn=114 mode=CHASE cluster=1 cluster_len=1 cell=4,1 score=100000.256078 chase_score=5005.756078 prob=0.256078
turn=114 picked cell=4,1 target_cluster=Some(1) active_clusters=2 remaining_cells=9 scans=2
turn=114 result=MISS
turn=115 mode=CHASE cluster=1 cluster_len=1 cell=5,2 score=100000.238398 chase_score=5003.738398 prob=0.238398
turn=115 picked cell=5,2 target_cluster=Some(1) active_clusters=2 remaining_cells=9 scans=2
turn=115 result=HIT
turn=116 mode=CHASE cluster=1 cluster_len=2 cell=5,0 score=200000.232396 chase_score=10007.232396 prob=0.232396
turn=116 picked cell=5,0 target_cluster=Some(1) active_clusters=2 remaining_cells=8 scans=2
turn=116 result=HIT
turn=117 mode=CHASE cluster=1 cluster_len=3 cell=5,3 score=300000.111919 chase_score=10004.111919 prob=0.111919
turn=117 picked cell=5,3 target_cluster=Some(1) active_clusters=2 remaining_cells=7 scans=2
turn=117 result=KILL
turn=117 kill_infer inferred_len=4 committed_hits=3 cluster_hits=3
turn=118 picked cell=11,2 target_cluster=None active_clusters=1 remaining_cells=6 scans=2
turn=118 result=MISS
turn=119 picked cell=10,3 target_cluster=None active_clusters=1 remaining_cells=6 scans=2
turn=119 result=MISS
turn=120 picked cell=2,2 target_cluster=None active_clusters=1 remaining_cells=6 scans=2
turn=120 result=MISS
turn=121 picked cell=12,6 target_cluster=None active_clusters=1 remaining_cells=6 scans=2
turn=121 result=MISS
turn=122 picked cell=13,5 target_cluster=None active_clusters=1 remaining_cells=6 scans=2
turn=122 result=MISS
turn=123 picked cell=7,1 target_cluster=None active_clusters=1 remaining_cells=6 scans=2
turn=123 result=MISS
turn=124 picked cell=12,1 target_cluster=None active_clusters=1 remaining_cells=6 scans=2
turn=124 result=MISS
turn=125 picked cell=1,1 target_cluster=None active_clusters=1 remaining_cells=6 scans=2
turn=125 result=HIT
turn=126 mode=CHASE cluster=1 cluster_len=1 cell=2,1 score=100000.074697 chase_score=5002.574697 prob=0.074697
turn=126 picked cell=2,1 target_cluster=Some(1) active_clusters=2 remaining_cells=5 scans=2
turn=126 result=MISS
turn=127 mode=CHASE cluster=1 cluster_len=1 cell=1,2 score=100000.075478 chase_score=5002.575478 prob=0.075478
turn=127 picked cell=1,2 target_cluster=Some(1) active_clusters=2 remaining_cells=5 scans=2
turn=127 result=KILL
turn=127 kill_infer inferred_len=2 committed_hits=1 cluster_hits=1
turn=128 picked cell=12,17 target_cluster=None active_clusters=1 remaining_cells=4 scans=2
turn=128 result=MISS
turn=129 picked cell=13,10 target_cluster=None active_clusters=1 remaining_cells=4 scans=2
turn=129 result=MISS
turn=130 picked cell=10,16 target_cluster=None active_clusters=1 remaining_cells=4 scans=2
turn=130 result=MISS
turn=131 picked cell=13,18 target_cluster=None active_clusters=1 remaining_cells=4 scans=2
turn=131 result=MISS
turn=132 picked cell=9,10 target_cluster=None active_clusters=1 remaining_cells=4 scans=2
turn=132 result=MISS
turn=133 picked cell=9,15 target_cluster=None active_clusters=1 remaining_cells=4 scans=2
turn=133 result=MISS
turn=134 picked cell=11,13 target_cluster=None active_clusters=1 remaining_cells=4 scans=2
turn=134 result=MISS
turn=135 picked cell=12,9 target_cluster=None active_clusters=1 remaining_cells=4 scans=2
turn=135 result=HIT
turn=136 mode=CHASE cluster=1 cluster_len=1 cell=12,8 score=100000.062806 chase_score=5002.062806 prob=0.062806
turn=136 picked cell=12,8 target_cluster=Some(1) active_clusters=2 remaining_cells=3 scans=2
turn=136 result=MISS
turn=137 mode=CHASE cluster=1 cluster_len=1 cell=13,9 score=100000.045721 chase_score=5001.295721 prob=0.045721
turn=137 picked cell=13,9 target_cluster=Some(1) active_clusters=2 remaining_cells=3 scans=2
turn=137 result=HIT
turn=138 mode=CHASE cluster=1 cluster_len=2 cell=14,9 score=200000.036435 chase_score=10003.036435 prob=0.036435
turn=138 picked cell=14,9 target_cluster=Some(1) active_clusters=2 remaining_cells=2 scans=2
turn=138 result=MISS
turn=139 mode=CHASE cluster=1 cluster_len=2 cell=12,10 score=200000.009352 chase_score=5000.009352 prob=0.009352
turn=139 picked cell=12,10 target_cluster=Some(1) active_clusters=2 remaining_cells=2 scans=2
turn=139 result=MISS
turn=140 mode=CHASE cluster=1 cluster_len=2 cell=13,8 score=200000.009372 chase_score=5000.009372 prob=0.009372
turn=140 picked cell=13,8 target_cluster=Some(1) active_clusters=2 remaining_cells=2 scans=2
turn=140 result=MISS
turn=141 picked cell=5,11 target_cluster=None active_clusters=2 remaining_cells=2 scans=2
turn=141 result=MISS
turn=142 picked cell=8,5 target_cluster=None active_clusters=2 remaining_cells=2 scans=2
turn=142 result=MISS
turn=143 picked cell=5,14 target_cluster=None active_clusters=2 remaining_cells=2 scans=2
turn=143 result=MISS
turn=144 picked cell=6,7 target_cluster=None active_clusters=2 remaining_cells=2 scans=2
turn=144 result=MISS
turn=145 picked cell=1,11 target_cluster=None active_clusters=2 remaining_cells=2 scans=2
turn=145 result=MISS
turn=146 picked cell=4,16 target_cluster=None active_clusters=2 remaining_cells=2 scans=2
turn=146 result=MISS
turn=147 picked cell=1,16 target_cluster=None active_clusters=2 remaining_cells=2 scans=2
turn=147 result=MISS
turn=148 picked cell=2,17 target_cluster=None active_clusters=2 remaining_cells=2 scans=2
turn=148 result=MISS
turn=149 picked cell=2,6 target_cluster=None active_clusters=2 remaining_cells=2 scans=2
turn=149 result=MISS
turn=150 picked cell=0,8 target_cluster=None active_clusters=2 remaining_cells=2 scans=2
turn=150 result=MISS
turn=151 picked cell=0,3 target_cluster=None active_clusters=2 remaining_cells=2 scans=2
turn=151 result=MISS
turn=152 picked cell=18,7 target_cluster=None active_clusters=2 remaining_cells=2 scans=2
turn=152 result=MISS
turn=153 picked cell=9,0 target_cluster=None active_clusters=2 remaining_cells=2 scans=2
turn=153 result=MISS
turn=154 picked cell=1,13 target_cluster=None active_clusters=2 remaining_cells=2 scans=2
turn=154 result=MISS
turn=155 picked cell=5,17 target_cluster=None active_clusters=2 remaining_cells=2 scans=2
turn=155 result=MISS
turn=156 picked cell=6,12 target_cluster=None active_clusters=2 remaining_cells=2 scans=2
turn=156 result=MISS
turn=157 picked cell=16,5 target_cluster=None active_clusters=2 remaining_cells=2 scans=2
turn=157 result=MISS
turn=158 picked cell=3,7 target_cluster=None active_clusters=2 remaining_cells=2 scans=2
turn=158 result=MISS
turn=159 picked cell=0,12 target_cluster=None active_clusters=2 remaining_cells=2 scans=2
turn=159 result=MISS
turn=160 picked cell=3,3 target_cluster=None active_clusters=2 remaining_cells=2 scans=2
turn=160 result=MISS
turn=161 picked cell=18,2 target_cluster=None active_clusters=2 remaining_cells=2 scans=2
turn=161 result=MISS
turn=162 picked cell=3,0 target_cluster=None active_clusters=2 remaining_cells=2 scans=2
turn=162 result=MISS
turn=163 picked cell=0,15 target_cluster=None active_clusters=2 remaining_cells=2 scans=2
turn=163 result=MISS
turn=164 picked cell=3,18 target_cluster=None active_clusters=2 remaining_cells=2 scans=2
turn=164 result=MISS
turn=165 picked cell=1,9 target_cluster=None active_clusters=2 remaining_cells=2 scans=2
turn=165 result=MISS
turn=166 picked cell=8,9 target_cluster=None active_clusters=2 remaining_cells=2 scans=2
turn=166 result=MISS
turn=167 picked cell=8,13 target_cluster=None active_clusters=2 remaining_cells=2 scans=2
turn=167 result=MISS
turn=168 picked cell=4,10 target_cluster=None active_clusters=2 remaining_cells=2 scans=2
turn=168 result=MISS
turn=169 picked cell=8,16 target_cluster=None active_clusters=2 remaining_cells=2 scans=2
turn=169 result=MISS
turn=170 picked cell=11,4 target_cluster=None active_clusters=2 remaining_cells=2 scans=2
turn=170 result=MISS
turn=171 picked cell=18,13 target_cluster=None active_clusters=2 remaining_cells=2 scans=2
turn=171 result=MISS
turn=172 picked cell=14,1 target_cluster=None active_clusters=2 remaining_cells=2 scans=2
turn=172 result=MISS
turn=173 picked cell=18,16 target_cluster=None active_clusters=2 remaining_cells=2 scans=2
turn=173 result=MISS
turn=174 picked cell=0,6 target_cluster=None active_clusters=2 remaining_cells=2 scans=2
turn=174 result=MISS
turn=175 picked cell=9,3 target_cluster=None active_clusters=2 remaining_cells=2 scans=2
turn=175 result=MISS
turn=176 picked cell=7,5 target_cluster=None active_clusters=2 remaining_cells=2 scans=2
turn=176 result=MISS
turn=177 picked cell=6,0 target_cluster=None active_clusters=2 remaining_cells=2 scans=2
turn=177 result=KILL
turn=178 picked cell=11,16 target_cluster=None active_clusters=2 remaining_cells=1 scans=2
turn=178 result=MISS
turn=179 picked cell=16,16 target_cluster=None active_clusters=2 remaining_cells=1 scans=2
turn=179 result=MISS
turn=180 picked cell=11,12 target_cluster=None active_clusters=2 remaining_cells=1 scans=2
turn=180 result=MISS
turn=181 picked cell=15,10 target_cluster=None active_clusters=2 remaining_cells=1 scans=2
turn=181 result=MISS
turn=182 picked cell=16,9 target_cluster=None active_clusters=2 remaining_cells=1 scans=2
turn=182 result=MISS
turn=183 picked cell=13,15 target_cluster=None active_clusters=2 remaining_cells=1 scans=2
turn=183 result=MISS
turn=184 picked cell=14,18 target_cluster=None active_clusters=2 remaining_cells=1 scans=2
turn=184 result=MISS
turn=185 picked cell=9,8 target_cluster=None active_clusters=2 remaining_cells=1 scans=2
turn=185 result=MISS
turn=186 picked cell=10,9 target_cluster=None active_clusters=2 remaining_cells=1 scans=2
turn=186 result=KILL
