turn=1 mode=SCAN region=0,0,7,16
turn=1 result=SCAN count=38
turn=2 mode=SCAN region=0,0,16,7
turn=2 result=SCAN count=37
turn=3 picked cell=9,9 target_cluster=None active_clusters=0 remaining_cells=85 scans=2
turn=3 result=KILL
turn=4 picked cell=8,8 target_cluster=None active_clusters=0 remaining_cells=84 scans=2
turn=4 result=HIT
turn=5 mode=CHASE cluster=0 cluster_len=1 cell=7,8 score=100002.536400 chase_score=5101.036400 prob=2.536400
turn=5 picked cell=7,8 target_cluster=Some(0) active_clusters=1 remaining_cells=83 scans=2
turn=5 result=HIT
turn=6 mode=CHASE cluster=0 cluster_len=2 cell=6,8 score=200002.513441 chase_score=10314.513441 prob=2.513441
turn=6 picked cell=6,8 target_cluster=Some(0) active_clusters=1 remaining_cells=82 scans=2
turn=6 result=HIT
turn=7 mode=CHASE cluster=0 cluster_len=3 cell=5,8 score=300002.395442 chase_score=10242.395442 prob=2.395442
turn=7 picked cell=5,8 target_cluster=Some(0) active_clusters=1 remaining_cells=81 scans=2
turn=7 result=HIT
turn=8 mode=CHASE cluster=0 cluster_len=4 cell=4,8 score=400002.246372 chase_score=10173.246372 prob=2.246372
turn=8 picked cell=4,8 target_cluster=Some(0) active_clusters=1 remaining_cells=80 scans=2
turn=8 result=HIT
turn=9 mode=CHASE cluster=0 cluster_len=5 cell=3,8 score=500002.072463 chase_score=10108.072463 prob=2.072463
turn=9 picked cell=3,8 target_cluster=Some(0) active_clusters=1 remaining_cells=79 scans=2
turn=9 result=KILL
turn=9 kill_infer inferred_len=6 committed_hits=5 cluster_hits=5
turn=10 picked cell=10,10 target_cluster=None active_clusters=0 remaining_cells=78 scans=2
turn=10 result=HIT
turn=11 mode=CHASE cluster=0 cluster_len=1 cell=9,10 score=100001.563047 chase_score=5092.563047 prob=1.563047
turn=11 picked cell=9,10 target_cluster=Some(0) active_clusters=1 remaining_cells=77 scans=2
turn=11 result=MISS
turn=12 mode=CHASE cluster=0 cluster_len=1 cell=10,9 score=100001.600971 chase_score=5092.600971 prob=1.600971
turn=12 picked cell=10,9 target_cluster=Some(0) active_clusters=1 remaining_cells=77 scans=2
turn=12 result=HIT
turn=13 mode=CHASE cluster=0 cluster_len=2 cell=10,11 score=200002.586415 chase_score=10290.586415 prob=2.586415
turn=13 picked cell=10,11 target_cluster=Some(0) active_clusters=1 remaining_cells=76 scans=2
turn=13 result=HIT
turn=14 mode=CHASE cluster=0 cluster_len=3 cell=10,12 score=300002.427040 chase_score=10224.427040 prob=2.427040
turn=14 picked cell=10,12 target_cluster=Some(0) active_clusters=1 remaining_cells=75 scans=2
turn=14 result=HIT
turn=15 mode=CHASE cluster=0 cluster_len=4 cell=10,13 score=400002.239017 chase_score=10161.239017 prob=2.239017
turn=15 picked cell=10,13 target_cluster=Some(0) active_clusters=1 remaining_cells=74 scans=2
turn=15 result=HIT
turn=16 mode=CHASE cluster=0 cluster_len=5 cell=10,14 score=500002.040051 chase_score=10102.040051 prob=2.040051
turn=16 picked cell=10,14 target_cluster=Some(0) active_clusters=1 remaining_cells=73 scans=2
turn=16 result=HIT
turn=17 mode=CHASE cluster=0 cluster_len=6 cell=10,8 score=600001.833201 chase_score=10052.833201 prob=1.833201
turn=17 picked cell=10,8 target_cluster=Some(0) active_clusters=1 remaining_cells=72 scans=2
turn=17 result=MISS
turn=18 mode=CHASE cluster=0 cluster_len=6 cell=10,15 score=600001.851569 chase_score=10044.851569 prob=1.851569
turn=18 picked cell=10,15 target_cluster=Some(0) active_clusters=1 remaining_cells=72 scans=2
turn=18 result=KILL
turn=18 kill_infer inferred_len=7 committed_hits=6 cluster_hits=6
turn=19 picked cell=11,7 target_cluster=None active_clusters=0 remaining_cells=71 scans=2
turn=19 result=MISS
turn=20 picked cell=12,6 target_cluster=None active_clusters=0 remaining_cells=71 scans=2
turn=20 result=MISS
turn=21 picked cell=9,4 target_cluster=None active_clusters=0 remaining_cells=71 scans=2
turn=21 result=MISS
turn=22 picked cell=13,5 target_cluster=None active_clusters=0 remaining_cells=71 scans=2
turn=22 result=MISS
turn=23 picked cell=8,3 target_cluster=None active_clusters=0 remaining_cells=71 scans=2
turn=23 result=HIT
turn=24 mode=CHASE cluster=0 cluster_len=1 cell=7,3 score=100002.389769 chase_score=5082.889769 prob=2.389769
turn=24 picked cell=7,3 target_cluster=Some(0) active_clusters=1 remaining_cells=70 scans=2
turn=24 result=MISS
turn=25 mode=CHASE cluster=0 cluster_len=1 cell=8,4 score=100001.008847 chase_score=5038.508847 prob=1.008847
turn=25 picked cell=8,4 target_cluster=Some(0) active_clusters=1 remaining_cells=70 scans=2
turn=25 result=MISS
turn=26 mode=CHASE cluster=0 cluster_len=1 cell=9,3 score=100000.677523 chase_score=5017.927523 prob=0.677523
turn=26 picked cell=9,3 target_cluster=Some(0) active_clusters=1 remaining_cells=70 scans=2
turn=26 result=KILL
turn=26 kill_infer inferred_len=2 committed_hits=1 cluster_hits=1
turn=27 picked cell=2,7 target_cluster=None active_clusters=0 remaining_cells=69 scans=2
turn=27 result=HIT
turn=28 mode=CHASE cluster=0 cluster_len=1 cell=2,6 score=100002.661533 chase_score=5082.661533 prob=2.661533
turn=28 picked cell=2,6 target_cluster=Some(0) active_clusters=1 remaining_cells=68 scans=2
turn=28 result=HIT
turn=29 mode=CHASE cluster=0 cluster_len=2 cell=2,5 score=200002.480161 chase_score=10255.480161 prob=2.480161
turn=29 picked cell=2,5 target_cluster=Some(0) active_clusters=1 remaining_cells=67 scans=2
turn=29 result=MISS
turn=30 mode=CHASE cluster=0 cluster_len=2 cell=2,8 score=200000.959666 chase_score=10059.959666 prob=0.959666
turn=30 picked cell=2,8 target_cluster=Some(0) active_clusters=1 remaining_cells=67 scans=2
turn=30 result=HIT
turn=31 mode=CHASE cluster=0 cluster_len=3 cell=2,9 score=300002.055290 chase_score=10058.055290 prob=2.055290
turn=31 picked cell=2,9 target_cluster=Some(0) active_clusters=1 remaining_cells=66 scans=2
turn=31 result=HIT
turn=32 mode=CHASE cluster=0 cluster_len=4 cell=2,10 score=400002.266481 chase_score=10054.266481 prob=2.266481
turn=32 picked cell=2,10 target_cluster=Some(0) active_clusters=1 remaining_cells=65 scans=2
turn=32 result=HIT
turn=33 mode=CHASE cluster=0 cluster_len=5 cell=2,11 score=500002.340176 chase_score=10044.340176 prob=2.340176
turn=33 picked cell=2,11 target_cluster=Some(0) active_clusters=1 remaining_cells=64 scans=2
turn=33 result=HIT
turn=34 mode=CHASE cluster=0 cluster_len=6 cell=2,12 score=600002.313008 chase_score=10038.313008 prob=2.313008
turn=34 picked cell=2,12 target_cluster=Some(0) active_clusters=1 remaining_cells=63 scans=2
turn=34 result=KILL
turn=34 kill_infer inferred_len=7 committed_hits=6 cluster_hits=6
turn=35 picked cell=10,2 target_cluster=None active_clusters=0 remaining_cells=62 scans=2
turn=35 result=HIT
turn=36 mode=CHASE cluster=0 cluster_len=1 cell=9,2 score=100001.885107 chase_score=5071.385107 prob=1.885107
turn=36 picked cell=9,2 target_cluster=Some(0) active_clusters=1 remaining_cells=61 scans=2
turn=36 result=HIT
turn=37 mode=CHASE cluster=0 cluster_len=2 cell=11,2 score=200002.079709 chase_score=10220.079709 prob=2.079709
turn=37 picked cell=11,2 target_cluster=Some(0) active_clusters=1 remaining_cells=60 scans=2
turn=37 result=HIT
turn=38 mode=CHASE cluster=0 cluster_len=3 cell=8,2 score=300001.885107 chase_score=10167.885107 prob=1.885107
turn=38 picked cell=8,2 target_cluster=Some(0) active_clusters=1 remaining_cells=59 scans=2
turn=38 result=HIT
turn=39 mode=CHASE cluster=0 cluster_len=4 cell=7,2 score=400001.885107 chase_score=10118.885107 prob=1.885107
turn=39 picked cell=7,2 target_cluster=Some(0) active_clusters=1 remaining_cells=58 scans=2
turn=39 result=HIT
turn=40 mode=CHASE cluster=0 cluster_len=5 cell=6,2 score=500002.454594 chase_score=10074.454594 prob=2.454594
turn=40 picked cell=6,2 target_cluster=Some(0) active_clusters=1 remaining_cells=57 scans=2
turn=40 result=MISS
turn=41 mode=CHASE cluster=0 cluster_len=5 cell=12,2 score=500001.540908 chase_score=10036.540908 prob=1.540908
turn=41 picked cell=12,2 target_cluster=Some(0) active_clusters=1 remaining_cells=57 scans=2
turn=41 result=HIT
turn=42 mode=CHASE cluster=0 cluster_len=6 cell=13,2 score=600001.364489 chase_score=10030.364489 prob=1.364489
turn=42 picked cell=13,2 target_cluster=Some(0) active_clusters=1 remaining_cells=56 scans=2
turn=42 result=KILL
turn=42 kill_infer inferred_len=7 committed_hits=6 cluster_hits=6
turn=43 picked cell=14,8 target_cluster=None active_clusters=0 remaining_cells=55 scans=2
turn=43 result=MISS
turn=44 picked cell=15,9 target_cluster=None active_clusters=0 remaining_cells=55 scans=2
turn=44 result=HIT
turn=45 mode=CHASE cluster=0 cluster_len=1 cell=15,10 score=100002.002626 chase_score=5061.002626 prob=2.002626
turn=45 picked cell=15,10 target_cluster=Some(0) active_clusters=1 remaining_cells=54 scans=2
turn=45 result=HIT
turn=46 mode=CHASE cluster=0 cluster_len=2 cell=15,11 score=200001.849163 chase_score=10184.849163 prob=1.849163
turn=46 picked cell=15,11 target_cluster=Some(0) active_clusters=1 remaining_cells=53 scans=2
turn=46 result=HIT
turn=47 mode=CHASE cluster=0 cluster_len=3 cell=15,8 score=300001.829403 chase_score=10139.829403 prob=1.829403
turn=47 picked cell=15,8 target_cluster=Some(0) active_clusters=1 remaining_cells=52 scans=2
turn=47 result=HIT
turn=48 mode=CHASE cluster=0 cluster_len=4 cell=15,7 score=400001.978554 chase_score=10097.978554 prob=1.978554
turn=48 picked cell=15,7 target_cluster=Some(0) active_clusters=1 remaining_cells=51 scans=2
turn=48 result=MISS
turn=49 mode=CHASE cluster=0 cluster_len=4 cell=15,12 score=400001.318719 chase_score=10039.318719 prob=1.318719
turn=49 picked cell=15,12 target_cluster=Some(0) active_clusters=1 remaining_cells=51 scans=2
turn=49 result=KILL
turn=49 kill_infer inferred_len=5 committed_hits=4 cluster_hits=4
turn=50 picked cell=5,1 target_cluster=None active_clusters=0 remaining_cells=50 scans=2
turn=50 result=MISS
turn=51 picked cell=1,4 target_cluster=None active_clusters=0 remaining_cells=50 scans=2
turn=51 result=HIT
turn=52 mode=CHASE cluster=0 cluster_len=1 cell=1,5 score=100001.774197 chase_score=5048.274197 prob=1.774197
turn=52 picked cell=1,5 target_cluster=Some(0) active_clusters=1 remaining_cells=49 scans=2
turn=52 result=HIT
turn=53 mode=CHASE cluster=0 cluster_len=2 cell=1,6 score=200001.957945 chase_score=10161.957945 prob=1.957945
turn=53 picked cell=1,6 target_cluster=Some(0) active_clusters=1 remaining_cells=48 scans=2
turn=53 result=HIT
turn=54 mode=CHASE cluster=0 cluster_len=3 cell=1,7 score=300002.032327 chase_score=10130.032327 prob=2.032327
turn=54 picked cell=1,7 target_cluster=Some(0) active_clusters=1 remaining_cells=47 scans=2
turn=54 result=HIT
turn=55 mode=CHASE cluster=0 cluster_len=4 cell=1,8 score=400002.032327 chase_score=10093.032327 prob=2.032327
turn=55 picked cell=1,8 target_cluster=Some(0) active_clusters=1 remaining_cells=46 scans=2
turn=55 result=MISS
turn=56 mode=CHASE cluster=0 cluster_len=4 cell=1,3 score=400001.246439 chase_score=10034.246439 prob=1.246439
turn=56 picked cell=1,3 target_cluster=Some(0) active_clusters=1 remaining_cells=46 scans=2
turn=56 result=KILL
turn=56 kill_infer inferred_len=5 committed_hits=4 cluster_hits=4
turn=57 picked cell=8,16 target_cluster=None active_clusters=0 remaining_cells=45 scans=2
turn=57 result=MISS
turn=58 picked cell=16,8 target_cluster=None active_clusters=0 remaining_cells=45 scans=2
turn=58 result=HIT
turn=59 mode=CHASE cluster=0 cluster_len=1 cell=16,9 score=100002.260671 chase_score=5051.260671 prob=2.260671
turn=59 picked cell=16,9 target_cluster=Some(0) active_clusters=1 remaining_cells=44 scans=2
turn=59 result=HIT
turn=60 mode=CHASE cluster=0 cluster_len=2 cell=16,7 score=200002.260671 chase_score=10155.260671 prob=2.260671
turn=60 picked cell=16,7 target_cluster=Some(0) active_clusters=1 remaining_cells=43 scans=2
turn=60 result=MISS
turn=61 mode=CHASE cluster=0 cluster_len=2 cell=16,10 score=200001.070315 chase_score=10036.070315 prob=1.070315
turn=61 picked cell=16,10 target_cluster=Some(0) active_clusters=1 remaining_cells=43 scans=2
turn=61 result=HIT
turn=62 mode=CHASE cluster=0 cluster_len=3 cell=16,11 score=300001.151004 chase_score=10033.151004 prob=1.151004
turn=62 picked cell=16,11 target_cluster=Some(0) active_clusters=1 remaining_cells=42 scans=2
turn=62 result=KILL
turn=62 kill_infer inferred_len=4 committed_hits=3 cluster_hits=3
turn=63 picked cell=9,0 target_cluster=None active_clusters=0 remaining_cells=41 scans=2
turn=63 result=MISS
turn=64 picked cell=0,7 target_cluster=None active_clusters=0 remaining_cells=41 scans=2
turn=64 result=MISS
turn=65 picked cell=14,1 target_cluster=None active_clusters=0 remaining_cells=41 scans=2
turn=65 result=HIT
turn=66 mode=CHASE cluster=0 cluster_len=1 cell=13,1 score=100001.693951 chase_score=5026.193951 prob=1.693951
turn=66 picked cell=13,1 target_cluster=Some(0) active_clusters=1 remaining_cells=40 scans=2
turn=66 result=HIT
turn=67 mode=CHASE cluster=0 cluster_len=2 cell=12,1 score=200001.919226 chase_score=10088.919226 prob=1.919226
turn=67 picked cell=12,1 target_cluster=Some(0) active_clusters=1 remaining_cells=39 scans=2
turn=67 result=HIT
turn=68 mode=CHASE cluster=0 cluster_len=3 cell=11,1 score=300001.977184 chase_score=10085.977184 prob=1.977184
turn=68 picked cell=11,1 target_cluster=Some(0) active_clusters=1 remaining_cells=38 scans=2
turn=68 result=HIT
turn=69 mode=CHASE cluster=0 cluster_len=4 cell=10,1 score=400001.919226 chase_score=10079.919226 prob=1.919226
turn=69 picked cell=10,1 target_cluster=Some(0) active_clusters=1 remaining_cells=37 scans=2
turn=69 result=HIT
turn=70 mode=CHASE cluster=0 cluster_len=5 cell=9,1 score=500001.639389 chase_score=10059.639389 prob=1.639389
turn=70 picked cell=9,1 target_cluster=Some(0) active_clusters=1 remaining_cells=36 scans=2
turn=70 result=HIT
turn=71 mode=CHASE cluster=0 cluster_len=6 cell=8,1 score=600001.334103 chase_score=10031.334103 prob=1.334103
turn=71 picked cell=8,1 target_cluster=Some(0) active_clusters=1 remaining_cells=35 scans=2
turn=71 result=HIT
turn=72 mode=CHASE cluster=0 cluster_len=7 cell=15,1 score=700001.333596 chase_score=10009.333596 prob=1.333596
turn=72 picked cell=15,1 target_cluster=Some(0) active_clusters=1 remaining_cells=34 scans=2
turn=72 result=MISS
turn=73 mode=CHASE cluster=0 cluster_len=7 cell=7,1 score=700000.990576 chase_score=10008.990576 prob=0.990576
turn=73 picked cell=7,1 target_cluster=Some(0) active_clusters=1 remaining_cells=34 scans=2
turn=73 result=KILL
turn=73 kill_infer inferred_len=8 committed_hits=7 cluster_hits=7
turn=74 picked cell=5,14 target_cluster=None active_clusters=0 remaining_cells=33 scans=2
turn=74 result=MISS
turn=75 picked cell=4,13 target_cluster=None active_clusters=0 remaining_cells=33 scans=2
turn=75 result=MISS
turn=76 picked cell=6,15 target_cluster=None active_clusters=0 remaining_cells=33 scans=2
turn=76 result=HIT
turn=77 mode=CHASE cluster=0 cluster_len=1 cell=5,15 score=100001.436392 chase_score=5024.936392 prob=1.436392
turn=77 picked cell=5,15 target_cluster=Some(0) active_clusters=1 remaining_cells=32 scans=2
turn=77 result=HIT
turn=78 mode=CHASE cluster=0 cluster_len=2 cell=4,15 score=200001.518856 chase_score=10084.518856 prob=1.518856
turn=78 picked cell=4,15 target_cluster=Some(0) active_clusters=1 remaining_cells=31 scans=2
turn=78 result=HIT
turn=79 mode=CHASE cluster=0 cluster_len=3 cell=3,15 score=300002.021039 chase_score=10076.021039 prob=2.021039
turn=79 picked cell=3,15 target_cluster=Some(0) active_clusters=1 remaining_cells=30 scans=2
turn=79 result=HIT
turn=80 mode=CHASE cluster=0 cluster_len=4 cell=7,15 score=400001.747785 chase_score=10055.747785 prob=1.747785
turn=80 picked cell=7,15 target_cluster=Some(0) active_clusters=1 remaining_cells=29 scans=2
turn=80 result=MISS
turn=81 mode=CHASE cluster=0 cluster_len=4 cell=2,15 score=400000.754335 chase_score=10020.754335 prob=0.754335
turn=81 picked cell=2,15 target_cluster=Some(0) active_clusters=1 remaining_cells=29 scans=2
turn=81 result=HIT
turn=82 mode=CHASE cluster=0 cluster_len=5 cell=1,15 score=500001.311957 chase_score=10021.311957 prob=1.311957
turn=82 picked cell=1,15 target_cluster=Some(0) active_clusters=1 remaining_cells=28 scans=2
turn=82 result=HIT
turn=83 mode=CHASE cluster=0 cluster_len=6 cell=0,15 score=600001.156328 chase_score=10015.156328 prob=1.156328
turn=83 picked cell=0,15 target_cluster=Some(0) active_clusters=1 remaining_cells=27 scans=2
turn=83 result=KILL
turn=83 kill_infer inferred_len=7 committed_hits=6 cluster_hits=6
turn=84 picked cell=8,6 target_cluster=None active_clusters=0 remaining_cells=26 scans=2
turn=84 result=MISS
turn=85 picked cell=9,5 target_cluster=None active_clusters=0 remaining_cells=26 scans=2
turn=85 result=MISS
turn=86 picked cell=4,7 target_cluster=None active_clusters=0 remaining_cells=26 scans=2
turn=86 result=HIT
turn=87 mode=CHASE cluster=0 cluster_len=1 cell=5,7 score=100000.966708 chase_score=5010.966708 prob=0.966708
turn=87 picked cell=5,7 target_cluster=Some(0) active_clusters=1 remaining_cells=25 scans=2
turn=87 result=HIT
turn=88 mode=CHASE cluster=0 cluster_len=2 cell=6,7 score=200000.882949 chase_score=10029.882949 prob=0.882949
turn=88 picked cell=6,7 target_cluster=Some(0) active_clusters=1 remaining_cells=24 scans=2
turn=88 result=HIT
turn=89 mode=CHASE cluster=0 cluster_len=3 cell=7,7 score=300000.882949 chase_score=10026.882949 prob=0.882949
turn=89 picked cell=7,7 target_cluster=Some(0) active_clusters=1 remaining_cells=23 scans=2
turn=89 result=HIT
turn=90 mode=CHASE cluster=0 cluster_len=4 cell=8,7 score=400000.788662 chase_score=10026.788662 prob=0.788662
turn=90 picked cell=8,7 target_cluster=Some(0) active_clusters=1 remaining_cells=22 scans=2
turn=90 result=HIT
turn=91 mode=CHASE cluster=0 cluster_len=5 cell=9,7 score=500000.839864 chase_score=10020.839864 prob=0.839864
turn=91 picked cell=9,7 target_cluster=Some(0) active_clusters=1 remaining_cells=21 scans=2
turn=91 result=HIT
turn=92 mode=CHASE cluster=0 cluster_len=6 cell=3,7 score=600000.678096 chase_score=10007.678096 prob=0.678096
turn=92 picked cell=3,7 target_cluster=Some(0) active_clusters=1 remaining_cells=20 scans=2
turn=92 result=MISS
turn=93 mode=CHASE cluster=0 cluster_len=6 cell=10,7 score=600000.468438 chase_score=10007.468438 prob=0.468438
turn=93 picked cell=10,7 target_cluster=Some(0) active_clusters=1 remaining_cells=20 scans=2
turn=93 result=KILL
turn=93 kill_infer inferred_len=7 committed_hits=6 cluster_hits=6
turn=94 picked cell=8,11 target_cluster=None active_clusters=0 remaining_cells=19 scans=2
turn=94 result=MISS
turn=95 picked cell=13,11 target_cluster=None active_clusters=0 remaining_cells=19 scans=2
turn=95 result=HIT
turn=96 mode=CHASE cluster=0 cluster_len=1 cell=13,12 score=100000.712087 chase_score=5011.712087 prob=0.712087
turn=96 picked cell=13,12 target_cluster=Some(0) active_clusters=1 remaining_cells=18 scans=2
turn=96 result=HIT
turn=97 mode=CHASE cluster=0 cluster_len=2 cell=13,13 score=200000.732576 chase_score=10027.732576 prob=0.732576
turn=97 picked cell=13,13 target_cluster=Some(0) active_clusters=1 remaining_cells=17 scans=2
turn=97 result=HIT
turn=98 mode=CHASE cluster=0 cluster_len=3 cell=13,10 score=300000.712087 chase_score=10018.712087 prob=0.712087
turn=98 picked cell=13,10 target_cluster=Some(0) active_clusters=1 remaining_cells=16 scans=2
turn=98 result=HIT
turn=99 mode=CHASE cluster=0 cluster_len=4 cell=13,14 score=400000.655359 chase_score=10012.655359 prob=0.655359
turn=99 picked cell=13,14 target_cluster=Some(0) active_clusters=1 remaining_cells=15 scans=2
turn=99 result=HIT
turn=100 mode=CHASE cluster=0 cluster_len=5 cell=13,9 score=500000.634870 chase_score=10006.634870 prob=0.634870
turn=100 picked cell=13,9 target_cluster=Some(0) active_clusters=1 remaining_cells=14 scans=2
turn=100 result=HIT
turn=101 mode=CHASE cluster=0 cluster_len=6 cell=13,15 score=600000.557652 chase_score=10000.557652 prob=0.557652
turn=101 picked cell=13,15 target_cluster=Some(0) active_clusters=1 remaining_cells=13 scans=2
turn=101 result=MISS
turn=102 mode=CHASE cluster=0 cluster_len=6 cell=13,8 score=600000.490483 chase_score=10000.490483 prob=0.490483
turn=102 picked cell=13,8 target_cluster=Some(0) active_clusters=1 remaining_cells=13 scans=2
turn=102 result=KILL
turn=102 kill_infer inferred_len=6 committed_hits=5 cluster_hits=6
turn=103 mode=CHASE cluster=0 cluster_len=1 cell=14,14 score=100000.222713 chase_score=5003.722713 prob=0.222713
turn=103 picked cell=14,14 target_cluster=Some(0) active_clusters=1 remaining_cells=12 scans=2
turn=103 result=HIT
turn=104 mode=CHASE cluster=0 cluster_len=2 cell=12,14 score=200000.208794 chase_score=10003.208794 prob=0.208794
turn=104 picked cell=12,14 target_cluster=Some(0) active_clusters=1 remaining_cells=11 scans=2
turn=104 result=KILL
turn=104 kill_infer inferred_len=3 committed_hits=2 cluster_hits=2
turn=105 picked cell=6,5 target_cluster=None active_clusters=0 remaining_cells=10 scans=2
turn=105 result=MISS
turn=106 picked cell=4,5 target_cluster=None active_clusters=0 remaining_cells=10 scans=2
turn=106 result=MISS
turn=107 picked cell=5,4 target_cluster=None active_clusters=0 remaining_cells=10 scans=2
turn=107 result=HIT
turn=108 mode=CHASE cluster=0 cluster_len=1 cell=5,3 score=100000.137795 chase_score=5002.137795 prob=0.137795
turn=108 picked cell=5,3 target_cluster=Some(0) active_clusters=1 remaining_cells=9 scans=2
turn=108 result=MISS
turn=109 mode=CHASE cluster=0 cluster_len=1 cell=6,4 score=100000.108228 chase_score=5002.108228 prob=0.108228
turn=109 picked cell=6,4 target_cluster=Some(0) active_clusters=1 remaining_cells=9 scans=2
turn=109 result=KILL
turn=109 kill_infer inferred_len=2 committed_hits=1 cluster_hits=1
turn=110 picked cell=3,4 target_cluster=None active_clusters=0 remaining_cells=8 scans=2
turn=110 result=MISS
turn=111 picked cell=4,2 target_cluster=None active_clusters=0 remaining_cells=8 scans=2
turn=111 result=MISS
turn=112 picked cell=3,1 target_cluster=None active_clusters=0 remaining_cells=8 scans=2
turn=112 result=MISS
turn=113 picked cell=2,2 target_cluster=None active_clusters=0 remaining_cells=8 scans=2
turn=113 result=KILL
turn=114 picked cell=6,10 target_cluster=None active_clusters=0 remaining_cells=7 scans=2
turn=114 result=MISS
turn=115 picked cell=5,11 target_cluster=None active_clusters=0 remaining_cells=7 scans=2
turn=115 result=MISS
turn=116 picked cell=6,12 target_cluster=None active_clusters=0 remaining_cells=7 scans=2
turn=116 result=MISS
turn=117 picked cell=4,10 target_cluster=None active_clusters=0 remaining_cells=7 scans=2
turn=117 result=MISS
turn=118 picked cell=1,13 target_cluster=None active_clusters=0 remaining_cells=7 scans=2
turn=118 result=MISS
turn=119 picked cell=7,13 target_cluster=None active_clusters=0 remaining_cells=7 scans=2
turn=119 result=MISS
turn=120 picked cell=1,1 target_cluster=None active_clusters=0 remaining_cells=7 scans=2
turn=120 result=MISS
turn=121 picked cell=5,9 target_cluster=None active_clusters=0 remaining_cells=7 scans=2
turn=121 result=MISS
turn=122 picked cell=7,9 target_cluster=None active_clusters=0 remaining_cells=7 scans=2
turn=122 result=MISS
turn=123 picked cell=7,11 target_cluster=None active_clusters=0 remaining_cells=7 scans=2
turn=123 result=MISS
turn=124 picked cell=3,11 target_cluster=None active_clusters=0 remaining_cells=7 scans=2
turn=124 result=MISS
turn=125 picked cell=0,10 target_cluster=None active_clusters=0 remaining_cells=7 scans=2
turn=125 result=MISS
turn=126 picked cell=4,12 target_cluster=None active_clusters=0 remaining_cells=7 scans=2
turn=126 result=MISS
turn=127 picked cell=3,13 target_cluster=None active_clusters=0 remaining_cells=7 scans=2
turn=127 result=MISS
turn=128 picked cell=1,11 target_cluster=None active_clusters=0 remaining_cells=7 scans=2
turn=128 result=HIT
turn=129 mode=CHASE cluster=0 cluster_len=1 cell=0,11 score=100000.074699 chase_score=5001.574699 prob=0.074699
turn=129 picked cell=0,11 target_cluster=Some(0) active_clusters=1 remaining_cells=6 scans=2
turn=129 result=MISS
turn=130 mode=CHASE cluster=0 cluster_len=1 cell=1,12 score=100000.075523 chase_score=5001.575523 prob=0.075523
turn=130 picked cell=1,12 target_cluster=Some(0) active_clusters=1 remaining_cells=6 scans=2
turn=130 result=KILL
turn=130 kill_infer inferred_len=2 committed_hits=1 cluster_hits=1
turn=131 picked cell=7,6 target_cluster=None active_clusters=0 remaining_cells=5 scans=2
turn=131 result=MISS
turn=132 picked cell=5,6 target_cluster=None active_clusters=0 remaining_cells=5 scans=2
turn=132 result=MISS
turn=133 picked cell=3,3 target_cluster=None active_clusters=0 remaining_cells=5 scans=2
turn=133 result=MISS
turn=134 picked cell=6,0 target_cluster=None active_clusters=0 remaining_cells=5 scans=2
turn=134 result=MISS
turn=135 picked cell=4,0 target_cluster=None active_clusters=0 remaining_cells=5 scans=2
turn=135 result=KILL
turn=136 picked cell=7,5 target_cluster=None active_clusters=0 remaining_cells=4 scans=2
turn=136 result=MISS
turn=137 picked cell=2,0 target_cluster=None active_clusters=0 remaining_cells=4 scans=2
turn=137 result=MISS
turn=138 picked cell=0,2 target_cluster=None active_clusters=0 remaining_cells=4 scans=2
turn=138 result=MISS
turn=139 picked cell=11,5 target_cluster=None active_clusters=0 remaining_cells=4 scans=2
turn=139 result=MISS
turn=140 picked cell=15,5 target_cluster=None active_clusters=0 remaining_cells=4 scans=2
turn=140 result=MISS
turn=141 picked cell=14,6 target_cluster=None active_clusters=0 remaining_cells=4 scans=2
turn=141 result=MISS
turn=142 picked cell=14,4 target_cluster=None active_clusters=0 remaining_cells=4 scans=2
turn=142 result=HIT
turn=143 mode=CHASE cluster=0 cluster_len=1 cell=14,3 score=100000.115108 chase_score=5001.115108 prob=0.115108
turn=143 picked cell=14,3 target_cluster=Some(0) active_clusters=1 remaining_cells=3 scans=2
turn=143 result=MISS
turn=144 mode=CHASE cluster=0 cluster_len=1 cell=15,4 score=100000.088889 chase_score=5001.088889 prob=0.088889
turn=144 picked cell=15,4 target_cluster=Some(0) active_clusters=1 remaining_cells=3 scans=2
turn=144 result=MISS
turn=145 mode=CHASE cluster=0 cluster_len=1 cell=13,4 score=100000.090909 chase_score=5001.090909 prob=0.090909
turn=145 picked cell=13,4 target_cluster=Some(0) active_clusters=1 remaining_cells=3 scans=2
turn=145 result=KILL
turn=145 kill_infer inferred_len=2 committed_hits=1 cluster_hits=1
turn=146 picked cell=2,14 target_cluster=None active_clusters=0 remaining_cells=2 scans=2
turn=146 result=MISS
turn=147 picked cell=3,9 target_cluster=None active_clusters=0 remaining_cells=2 scans=2
turn=147 result=MISS
turn=148 picked cell=1,9 target_cluster=None active_clusters=0 remaining_cells=2 scans=2
turn=148 result=MISS
turn=149 picked cell=6,13 target_cluster=None active_clusters=0 remaining_cells=2 scans=2
turn=149 result=MISS
turn=150 picked cell=6,16 target_cluster=None active_clusters=0 remaining_cells=2 scans=2
turn=150 result=MISS
turn=151 picked cell=4,16 target_cluster=None active_clusters=0 remaining_cells=2 scans=2
turn=151 result=HIT
turn=152 mode=CHASE cluster=0 cluster_len=1 cell=3,16 score=100000.034188 chase_score=5000.534188 prob=0.034188
turn=152 picked cell=3,16 target_cluster=Some(0) active_clusters=1 remaining_cells=1 scans=2
turn=152 result=KILL
turn=152 kill_infer inferred_len=2 committed_hits=1 cluster_hits=1
