turn=1 mode=SCAN region=0,0,6,14
turn=1 result=SCAN count=28
turn=2 mode=SCAN region=0,0,14,6
turn=2 result=SCAN count=26
turn=3 picked cell=6,6 target_cluster=None active_clusters=0 remaining_cells=51 scans=2
turn=3 result=MISS
turn=4 picked cell=5,5 target_cluster=None active_clusters=0 remaining_cells=51 scans=2
turn=4 result=HIT
turn=5 mode=CHASE cluster=0 cluster_len=1 cell=6,5 score=100001.036884 chase_score=5054.036884 prob=1.036884
turn=5 picked cell=6,5 target_cluster=Some(0) active_clusters=1 remaining_cells=50 scans=2
turn=5 result=KILL
turn=5 kill_infer inferred_len=2 committed_hits=1 cluster_hits=1
turn=6 picked cell=4,7 target_cluster=None active_clusters=0 remaining_cells=49 scans=2
turn=6 result=HIT
turn=7 mode=CHASE cluster=0 cluster_len=1 cell=4,8 score=100001.726153 chase_score=5054.226153 prob=1.726153
turn=7 picked cell=4,8 target_cluster=Some(0) active_clusters=1 remaining_cells=48 scans=2
turn=7 result=HIT
turn=8 mode=CHASE cluster=0 cluster_len=2 cell=4,9 score=200001.671657 chase_score=10164.671657 prob=1.671657
turn=8 picked cell=4,9 target_cluster=Some(0) active_clusters=1 remaining_cells=47 scans=2
turn=8 result=HIT
turn=9 mode=CHASE cluster=0 cluster_len=3 cell=4,10 score=300001.551285 chase_score=10121.551285 prob=1.551285
turn=9 picked cell=4,10 target_cluster=Some(0) active_clusters=1 remaining_cells=46 scans=2
turn=9 result=MISS
turn=10 mode=CHASE cluster=0 cluster_len=3 cell=4,6 score=300000.836119 chase_score=10037.836119 prob=0.836119
turn=10 picked cell=4,6 target_cluster=Some(0) active_clusters=1 remaining_cells=46 scans=2
turn=10 result=HIT
turn=11 mode=CHASE cluster=0 cluster_len=4 cell=4,5 score=400000.804041 chase_score=10037.804041 prob=0.804041
turn=11 picked cell=4,5 target_cluster=Some(0) active_clusters=1 remaining_cells=45 scans=2
turn=11 result=HIT
turn=12 mode=CHASE cluster=0 cluster_len=5 cell=4,4 score=500001.552665 chase_score=10033.552665 prob=1.552665
turn=12 picked cell=4,4 target_cluster=Some(0) active_clusters=1 remaining_cells=44 scans=2
turn=12 result=KILL
turn=12 kill_infer inferred_len=6 committed_hits=5 cluster_hits=5
turn=13 picked cell=7,3 target_cluster=None active_clusters=0 remaining_cells=43 scans=2
turn=13 result=MISS
turn=14 picked cell=9,7 target_cluster=None active_clusters=0 remaining_cells=43 scans=2
turn=14 result=MISS
turn=15 picked cell=10,8 target_cluster=None active_clusters=0 remaining_cells=43 scans=2
turn=15 result=MISS
turn=16 picked cell=8,2 target_cluster=None active_clusters=0 remaining_cells=43 scans=2
turn=16 result=MISS
turn=17 picked cell=7,11 target_cluster=None active_clusters=0 remaining_cells=43 scans=2
turn=17 result=HIT
turn=18 mode=CHASE cluster=0 cluster_len=1 cell=8,11 score=100001.893957 chase_score=5046.893957 prob=1.893957
turn=18 picked cell=8,11 target_cluster=Some(0) active_clusters=1 remaining_cells=42 scans=2
turn=18 result=MISS
turn=19 mode=CHASE cluster=0 cluster_len=1 cell=7,10 score=100001.595779 chase_score=5036.595779 prob=1.595779
turn=19 picked cell=7,10 target_cluster=Some(0) active_clusters=1 remaining_cells=42 scans=2
turn=19 result=HIT
turn=20 mode=CHASE cluster=0 cluster_len=2 cell=7,9 score=200001.659651 chase_score=10126.659651 prob=1.659651
turn=20 picked cell=7,9 target_cluster=Some(0) active_clusters=1 remaining_cells=41 scans=2
turn=20 result=MISS
turn=21 mode=CHASE cluster=0 cluster_len=2 cell=7,12 score=200001.393218 chase_score=10012.393218 prob=1.393218
turn=21 picked cell=7,12 target_cluster=Some(0) active_clusters=1 remaining_cells=41 scans=2
turn=21 result=MISS
turn=22 mode=CHASE cluster=0 cluster_len=2 cell=8,10 score=200001.101925 chase_score=5001.101925 prob=1.101925
turn=22 picked cell=8,10 target_cluster=Some(0) active_clusters=1 remaining_cells=41 scans=2
turn=22 result=MISS
turn=23 mode=CHASE cluster=0 cluster_len=2 cell=6,11 score=200001.114668 chase_score=5001.114668 prob=1.114668
turn=23 picked cell=6,11 target_cluster=Some(0) active_clusters=1 remaining_cells=41 scans=2
turn=23 result=KILL
turn=23 kill_infer inferred_len=2 committed_hits=1 cluster_hits=2
turn=24 mode=CHASE cluster=0 cluster_len=1 cell=6,10 score=100000.101092 chase_score=5002.101092 prob=0.101092
turn=24 picked cell=6,10 target_cluster=Some(0) active_clusters=1 remaining_cells=40 scans=2
turn=24 result=KILL
turn=24 kill_infer inferred_len=2 committed_hits=1 cluster_hits=1
turn=25 picked cell=11,4 target_cluster=None active_clusters=0 remaining_cells=39 scans=2
turn=25 result=MISS
turn=26 picked cell=12,6 target_cluster=None active_clusters=0 remaining_cells=39 scans=2
turn=26 result=HIT
turn=27 mode=CHASE cluster=0 cluster_len=1 cell=12,5 score=100001.980505 chase_score=5045.980505 prob=1.980505
turn=27 picked cell=12,5 target_cluster=Some(0) active_clusters=1 remaining_cells=38 scans=2
turn=27 result=HIT
turn=28 mode=CHASE cluster=0 cluster_len=2 cell=12,7 score=200001.579884 chase_score=10140.579884 prob=1.579884
turn=28 picked cell=12,7 target_cluster=Some(0) active_clusters=1 remaining_cells=37 scans=2
turn=28 result=MISS
turn=29 mode=CHASE cluster=0 cluster_len=2 cell=12,4 score=200000.516797 chase_score=10037.516797 prob=0.516797
turn=29 picked cell=12,4 target_cluster=Some(0) active_clusters=1 remaining_cells=37 scans=2
turn=29 result=HIT
turn=30 mode=CHASE cluster=0 cluster_len=3 cell=12,3 score=300000.950982 chase_score=10031.950982 prob=0.950982
turn=30 picked cell=12,3 target_cluster=Some(0) active_clusters=1 remaining_cells=36 scans=2
turn=30 result=HIT
turn=31 mode=CHASE cluster=0 cluster_len=4 cell=12,2 score=400000.726146 chase_score=10031.726146 prob=0.726146
turn=31 picked cell=12,2 target_cluster=Some(0) active_clusters=1 remaining_cells=35 scans=2
turn=31 result=KILL
turn=31 kill_infer inferred_len=5 committed_hits=4 cluster_hits=4
turn=32 picked cell=5,13 target_cluster=None active_clusters=0 remaining_cells=34 scans=2
turn=32 result=MISS
turn=33 picked cell=2,6 target_cluster=None active_clusters=0 remaining_cells=34 scans=2
turn=33 result=MISS
turn=34 picked cell=1,7 target_cluster=None active_clusters=0 remaining_cells=34 scans=2
turn=34 result=MISS
turn=35 picked cell=3,8 target_cluster=None active_clusters=0 remaining_cells=34 scans=2
turn=35 result=HIT
turn=36 mode=CHASE cluster=0 cluster_len=1 cell=3,7 score=100001.792036 chase_score=5040.792036 prob=1.792036
turn=36 picked cell=3,7 target_cluster=Some(0) active_clusters=1 remaining_cells=33 scans=2
turn=36 result=MISS
turn=37 mode=CHASE cluster=0 cluster_len=1 cell=3,9 score=100000.531394 chase_score=5008.531394 prob=0.531394
turn=37 picked cell=3,9 target_cluster=Some(0) active_clusters=1 remaining_cells=33 scans=2
turn=37 result=HIT
turn=38 mode=CHASE cluster=0 cluster_len=2 cell=3,10 score=200000.572821 chase_score=10032.572821 prob=0.572821
turn=38 picked cell=3,10 target_cluster=Some(0) active_clusters=1 remaining_cells=32 scans=2
turn=38 result=HIT
turn=39 mode=CHASE cluster=0 cluster_len=3 cell=3,11 score=300000.768882 chase_score=10026.768882 prob=0.768882
turn=39 picked cell=3,11 target_cluster=Some(0) active_clusters=1 remaining_cells=31 scans=2
turn=39 result=HIT
turn=40 mode=CHASE cluster=0 cluster_len=4 cell=3,12 score=400001.038026 chase_score=10027.038026 prob=1.038026
turn=40 picked cell=3,12 target_cluster=Some(0) active_clusters=1 remaining_cells=30 scans=2
turn=40 result=HIT
turn=41 mode=CHASE cluster=0 cluster_len=5 cell=3,13 score=500000.572821 chase_score=10026.572821 prob=0.572821
turn=41 picked cell=3,13 target_cluster=Some(0) active_clusters=1 remaining_cells=29 scans=2
turn=41 result=HIT
turn=42 mode=CHASE cluster=0 cluster_len=6 cell=3,14 score=600001.536190 chase_score=10015.536190 prob=1.536190
turn=42 picked cell=3,14 target_cluster=Some(0) active_clusters=1 remaining_cells=28 scans=2
turn=42 result=KILL
turn=42 kill_infer inferred_len=7 committed_hits=6 cluster_hits=6
turn=43 picked cell=9,1 target_cluster=None active_clusters=0 remaining_cells=27 scans=2
turn=43 result=HIT
turn=44 mode=CHASE cluster=0 cluster_len=1 cell=8,1 score=100001.433032 chase_score=5029.933032 prob=1.433032
turn=44 picked cell=8,1 target_cluster=Some(0) active_clusters=1 remaining_cells=26 scans=2
turn=44 result=HIT
turn=45 mode=CHASE cluster=0 cluster_len=2 cell=10,1 score=200001.636257 chase_score=10090.636257 prob=1.636257
turn=45 picked cell=10,1 target_cluster=Some(0) active_clusters=1 remaining_cells=25 scans=2
turn=45 result=HIT
turn=46 mode=CHASE cluster=0 cluster_len=3 cell=7,1 score=300001.475537 chase_score=10065.475537 prob=1.475537
turn=46 picked cell=7,1 target_cluster=Some(0) active_clusters=1 remaining_cells=24 scans=2
turn=46 result=HIT
turn=47 mode=CHASE cluster=0 cluster_len=4 cell=6,1 score=400001.518042 chase_score=10046.518042 prob=1.518042
turn=47 picked cell=6,1 target_cluster=Some(0) active_clusters=1 remaining_cells=23 scans=2
turn=47 result=HIT
turn=48 mode=CHASE cluster=0 cluster_len=5 cell=5,1 score=500001.436440 chase_score=10027.436440 prob=1.436440
turn=48 picked cell=5,1 target_cluster=Some(0) active_clusters=1 remaining_cells=22 scans=2
turn=48 result=HIT
turn=49 mode=CHASE cluster=0 cluster_len=6 cell=4,1 score=600001.236622 chase_score=10008.236622 prob=1.236622
turn=49 picked cell=4,1 target_cluster=Some(0) active_clusters=1 remaining_cells=21 scans=2
turn=49 result=HIT
turn=50 mode=CHASE cluster=0 cluster_len=7 cell=3,1 score=700001.354837 chase_score=10001.354837 prob=1.354837
turn=50 picked cell=3,1 target_cluster=Some(0) active_clusters=1 remaining_cells=20 scans=2
turn=50 result=KILL
turn=50 kill_infer inferred_len=7 committed_hits=6 cluster_hits=7
turn=51 mode=CHASE cluster=0 cluster_len=1 cell=10,2 score=100000.579648 chase_score=5009.579648 prob=0.579648
turn=51 picked cell=10,2 target_cluster=Some(0) active_clusters=1 remaining_cells=19 scans=2
turn=51 result=MISS
turn=52 mode=CHASE cluster=0 cluster_len=1 cell=11,1 score=100000.204240 chase_score=5001.704240 prob=0.204240
turn=52 picked cell=11,1 target_cluster=Some(0) active_clusters=1 remaining_cells=19 scans=2
turn=52 result=KILL
turn=52 kill_infer inferred_len=2 committed_hits=1 cluster_hits=1
turn=53 picked cell=13,9 target_cluster=None active_clusters=0 remaining_cells=18 scans=2
turn=53 result=MISS
turn=54 picked cell=9,14 target_cluster=None active_clusters=0 remaining_cells=18 scans=2
turn=54 result=HIT
turn=55 mode=CHASE cluster=0 cluster_len=1 cell=10,14 score=100001.087232 chase_score=5019.087232 prob=1.087232
turn=55 picked cell=10,14 target_cluster=Some(0) active_clusters=1 remaining_cells=17 scans=2
turn=55 result=HIT
turn=56 mode=CHASE cluster=0 cluster_len=2 cell=8,14 score=200000.941005 chase_score=10054.941005 prob=0.941005
turn=56 picked cell=8,14 target_cluster=Some(0) active_clusters=1 remaining_cells=16 scans=2
turn=56 result=HIT
turn=57 mode=CHASE cluster=0 cluster_len=3 cell=11,14 score=300000.941005 chase_score=10036.941005 prob=0.941005
turn=57 picked cell=11,14 target_cluster=Some(0) active_clusters=1 remaining_cells=15 scans=2
turn=57 result=HIT
turn=58 mode=CHASE cluster=0 cluster_len=4 cell=12,14 score=400000.794778 chase_score=10024.794778 prob=0.794778
turn=58 picked cell=12,14 target_cluster=Some(0) active_clusters=1 remaining_cells=14 scans=2
turn=58 result=HIT
turn=59 mode=CHASE cluster=0 cluster_len=5 cell=7,14 score=500000.745832 chase_score=10012.745832 prob=0.745832
turn=59 picked cell=7,14 target_cluster=Some(0) active_clusters=1 remaining_cells=13 scans=2
turn=59 result=HIT
turn=60 mode=CHASE cluster=0 cluster_len=6 cell=6,14 score=600000.648551 chase_score=10000.648551 prob=0.648551
turn=60 picked cell=6,14 target_cluster=Some(0) active_clusters=1 remaining_cells=12 scans=2
turn=60 result=KILL
turn=60 kill_infer inferred_len=6 committed_hits=5 cluster_hits=6
turn=61 mode=CHASE cluster=0 cluster_len=1 cell=12,13 score=100000.616277 chase_score=5003.616277 prob=0.616277
turn=61 picked cell=12,13 target_cluster=Some(0) active_clusters=1 remaining_cells=11 scans=2
turn=61 result=MISS
turn=62 mode=CHASE cluster=0 cluster_len=1 cell=13,14 score=100000.110970 chase_score=5001.610970 prob=0.110970
turn=62 picked cell=13,14 target_cluster=Some(0) active_clusters=1 remaining_cells=11 scans=2
turn=62 result=MISS
turn=63 picked cell=0,5 target_cluster=None active_clusters=1 remaining_cells=11 scans=2
turn=63 result=MISS
turn=64 picked cell=2,2 target_cluster=None active_clusters=1 remaining_cells=11 scans=2
turn=64 result=MISS
turn=65 picked cell=5,0 target_cluster=None active_clusters=1 remaining_cells=11 scans=2
turn=65 result=MISS
turn=66 picked cell=1,3 target_cluster=None active_clusters=1 remaining_cells=11 scans=2
turn=66 result=HIT
turn=67 mode=CHASE cluster=1 cluster_len=1 cell=1,4 score=100000.528345 chase_score=5006.528345 prob=0.528345
turn=67 picked cell=1,4 target_cluster=Some(1) active_clusters=2 remaining_cells=10 scans=2
turn=67 result=HIT
turn=68 mode=CHASE cluster=1 cluster_len=2 cell=1,2 score=200000.408948 chase_score=10018.408948 prob=0.408948
turn=68 picked cell=1,2 target_cluster=Some(1) active_clusters=2 remaining_cells=9 scans=2
turn=68 result=HIT
turn=69 mode=CHASE cluster=1 cluster_len=3 cell=1,1 score=300000.408948 chase_score=10012.408948 prob=0.408948
turn=69 picked cell=1,1 target_cluster=Some(1) active_clusters=2 remaining_cells=8 scans=2
turn=69 result=HIT
turn=70 mode=CHASE cluster=1 cluster_len=4 cell=1,5 score=400000.408948 chase_score=10012.408948 prob=0.408948
turn=70 picked cell=1,5 target_cluster=Some(1) active_clusters=2 remaining_cells=7 scans=2
turn=70 result=HIT
turn=71 mode=CHASE cluster=1 cluster_len=5 cell=1,0 score=500000.302438 chase_score=10006.302438 prob=0.302438
turn=71 picked cell=1,0 target_cluster=Some(1) active_clusters=2 remaining_cells=6 scans=2
turn=71 result=KILL
turn=71 kill_infer inferred_len=6 committed_hits=5 cluster_hits=5
turn=72 picked cell=11,10 target_cluster=None active_clusters=1 remaining_cells=5 scans=2
turn=72 result=MISS
turn=73 picked cell=10,11 target_cluster=None active_clusters=1 remaining_cells=5 scans=2
turn=73 result=MISS
turn=74 picked cell=9,9 target_cluster=None active_clusters=1 remaining_cells=5 scans=2
turn=74 result=MISS
turn=75 picked cell=9,12 target_cluster=None active_clusters=1 remaining_cells=5 scans=2
turn=75 result=MISS
turn=76 picked cell=12,10 target_cluster=None active_clusters=1 remaining_cells=5 scans=2
turn=76 result=MISS
turn=77 picked cell=14,8 target_cluster=None active_clusters=1 remaining_cells=5 scans=2
turn=77 result=MISS
turn=78 picked cell=13,11 target_cluster=None active_clusters=1 remaining_cells=5 scans=2
turn=78 result=MISS
turn=79 picked cell=14,12 target_cluster=None active_clusters=1 remaining_cells=5 scans=2
turn=79 result=MISS
turn=80 picked cell=8,8 target_cluster=None active_clusters=1 remaining_cells=5 scans=2
turn=80 result=MISS
turn=81 picked cell=9,13 target_cluster=None active_clusters=1 remaining_cells=5 scans=2
turn=81 result=MISS
turn=82 picked cell=11,12 target_cluster=None active_clusters=1 remaining_cells=5 scans=2
turn=82 result=MISS
turn=83 picked cell=11,8 target_cluster=None active_clusters=1 remaining_cells=5 scans=2
turn=83 result=HIT
turn=84 mode=CHASE cluster=1 cluster_len=1 cell=11,7 score=100000.180565 chase_score=5003.180565 prob=0.180565
turn=84 picked cell=11,7 target_cluster=Some(1) active_clusters=2 remaining_cells=4 scans=2
turn=84 result=MISS
turn=85 mode=CHASE cluster=1 cluster_len=1 cell=12,8 score=100000.070487 chase_score=5001.570487 prob=0.070487
turn=85 picked cell=12,8 target_cluster=Some(1) active_clusters=2 remaining_cells=4 scans=2
turn=85 result=HIT
turn=86 mode=CHASE cluster=1 cluster_len=2 cell=13,8 score=200000.128119 chase_score=10006.128119 prob=0.128119
turn=86 picked cell=13,8 target_cluster=Some(1) active_clusters=2 remaining_cells=3 scans=2
turn=86 result=KILL
turn=86 kill_infer inferred_len=3 committed_hits=2 cluster_hits=2
turn=87 picked cell=8,5 target_cluster=None active_clusters=1 remaining_cells=2 scans=2
turn=87 result=MISS
turn=88 picked cell=9,4 target_cluster=None active_clusters=1 remaining_cells=2 scans=2
turn=88 result=MISS
turn=89 picked cell=7,6 target_cluster=None active_clusters=1 remaining_cells=2 scans=2
turn=89 result=MISS
turn=90 picked cell=10,5 target_cluster=None active_clusters=1 remaining_cells=2 scans=2
turn=90 result=MISS
turn=91 picked cell=9,0 target_cluster=None active_clusters=1 remaining_cells=2 scans=2
turn=91 result=MISS
turn=92 picked cell=13,5 target_cluster=None active_clusters=1 remaining_cells=2 scans=2
turn=92 result=MISS
turn=93 picked cell=14,5 target_cluster=None active_clusters=1 remaining_cells=2 scans=2
turn=93 result=MISS
turn=94 picked cell=14,2 target_cluster=None active_clusters=1 remaining_cells=2 scans=2
turn=94 result=MISS
turn=95 picked cell=13,0 target_cluster=None active_clusters=1 remaining_cells=2 scans=2
turn=95 result=MISS
turn=96 picked cell=9,6 target_cluster=None active_clusters=1 remaining_cells=2 scans=2
turn=96 result=MISS
turn=97 picked cell=9,3 target_cluster=None active_clusters=1 remaining_cells=2 scans=2
turn=97 result=MISS
turn=98 picked cell=13,1 target_cluster=None active_clusters=1 remaining_cells=2 scans=2
turn=98 result=MISS
turn=99 picked cell=13,3 target_cluster=None active_clusters=1 remaining_cells=2 scans=2
turn=99 result=MISS
turn=100 picked cell=12,0 target_cluster=None active_clusters=1 remaining_cells=2 scans=2
turn=100 result=MISS
turn=101 picked cell=10,9 target_cluster=None active_clusters=1 remaining_cells=2 scans=2
turn=101 result=KILL
turn=102 picked cell=14,10 target_cluster=None active_clusters=1 remaining_cells=1 scans=2
turn=102 result=MISS
turn=103 picked cell=7,7 target_cluster=None active_clusters=1 remaining_cells=1 scans=2
turn=103 result=MISS
turn=104 picked cell=8,6 target_cluster=None active_clusters=1 remaining_cells=1 scans=2
turn=104 result=MISS
turn=105 picked cell=6,7 target_cluster=None active_clusters=1 remaining_cells=1 scans=2
turn=105 result=MISS
turn=106 picked cell=7,8 target_cluster=None active_clusters=1 remaining_cells=1 scans=2
turn=106 result=MISS
turn=107 picked cell=8,7 target_cluster=None active_clusters=1 remaining_cells=1 scans=2
turn=107 result=MISS
turn=108 picked cell=7,4 target_cluster=None active_clusters=1 remaining_cells=1 scans=2
turn=108 result=MISS
turn=109 picked cell=8,9 target_cluster=None active_clusters=1 remaining_cells=1 scans=2
turn=109 result=MISS
turn=110 picked cell=10,6 target_cluster=None active_clusters=1 remaining_cells=1 scans=2
turn=110 result=MISS
turn=111 picked cell=6,8 target_cluster=None active_clusters=1 remaining_cells=1 scans=2
turn=111 result=MISS
turn=112 picked cell=5,7 target_cluster=None active_clusters=1 remaining_cells=1 scans=2
turn=112 result=MISS
turn=113 picked cell=7,5 target_cluster=None active_clusters=1 remaining_cells=1 scans=2
turn=113 result=MISS
turn=114 picked cell=6,9 target_cluster=None active_clusters=1 remaining_cells=1 scans=2
turn=114 result=MISS
turn=115 picked cell=5,8 target_cluster=None active_clusters=1 remaining_cells=1 scans=2
turn=115 result=MISS
turn=116 picked cell=9,5 target_cluster=None active_clusters=1 remaining_cells=1 scans=2
turn=116 result=MISS
turn=117 picked cell=10,7 target_cluster=None active_clusters=1 remaining_cells=1 scans=2
turn=117 result=MISS
turn=118 picked cell=6,4 target_cluster=None active_clusters=1 remaining_cells=1 scans=2
turn=118 result=MISS
turn=119 picked cell=9,8 target_cluster=None active_clusters=1 remaining_cells=1 scans=2
turn=119 result=MISS
turn=120 picked cell=5,6 target_cluster=None active_clusters=1 remaining_cells=1 scans=2
turn=120 result=MISS
turn=121 picked cell=8,4 target_cluster=None active_clusters=1 remaining_cells=1 scans=2
turn=121 result=MISS
turn=122 picked cell=9,10 target_cluster=None active_clusters=1 remaining_cells=1 scans=2
turn=122 result=MISS
turn=123 picked cell=5,9 target_cluster=None active_clusters=1 remaining_cells=1 scans=2
turn=123 result=MISS
turn=124 picked cell=5,10 target_cluster=None active_clusters=1 remaining_cells=1 scans=2
turn=124 result=MISS
turn=125 picked cell=8,3 target_cluster=None active_clusters=1 remaining_cells=1 scans=2
turn=125 result=MISS
turn=126 picked cell=5,4 target_cluster=None active_clusters=1 remaining_cells=1 scans=2
turn=126 result=MISS
turn=127 picked cell=7,2 target_cluster=None active_clusters=1 remaining_cells=1 scans=2
turn=127 result=MISS
turn=128 picked cell=2,8 target_cluster=None active_clusters=1 remaining_cells=1 scans=2
turn=128 result=MISS
turn=129 picked cell=11,6 target_cluster=None active_clusters=1 remaining_cells=1 scans=2
turn=129 result=MISS
turn=130 picked cell=2,7 target_cluster=None active_clusters=1 remaining_cells=1 scans=2
turn=130 result=MISS
turn=131 picked cell=10,10 target_cluster=None active_clusters=1 remaining_cells=1 scans=2
turn=131 result=MISS
turn=132 picked cell=11,5 target_cluster=None active_clusters=1 remaining_cells=1 scans=2
turn=132 result=MISS
turn=133 picked cell=3,6 target_cluster=None active_clusters=1 remaining_cells=1 scans=2
turn=133 result=MISS
turn=134 picked cell=13,7 target_cluster=None active_clusters=1 remaining_cells=1 scans=2
turn=134 result=MISS
turn=135 picked cell=6,12 target_cluster=None active_clusters=1 remaining_cells=1 scans=2
turn=135 result=MISS
turn=136 picked cell=10,4 target_cluster=None active_clusters=1 remaining_cells=1 scans=2
turn=136 result=MISS
turn=137 picked cell=3,5 target_cluster=None active_clusters=1 remaining_cells=1 scans=2
turn=137 result=MISS
turn=138 picked cell=5,11 target_cluster=None active_clusters=1 remaining_cells=1 scans=2
turn=138 result=MISS
turn=139 picked cell=11,9 target_cluster=None active_clusters=1 remaining_cells=1 scans=2
turn=139 result=MISS
turn=140 picked cell=9,2 target_cluster=None active_clusters=1 remaining_cells=1 scans=2
turn=140 result=MISS
turn=141 picked cell=7,13 target_cluster=None active_clusters=1 remaining_cells=1 scans=2
turn=141 result=MISS
turn=142 picked cell=6,3 target_cluster=None active_clusters=1 remaining_cells=1 scans=2
turn=142 result=MISS
turn=143 picked cell=8,12 target_cluster=None active_clusters=1 remaining_cells=1 scans=2
turn=143 result=MISS
turn=144 picked cell=2,9 target_cluster=None active_clusters=1 remaining_cells=1 scans=2
turn=144 result=MISS
turn=145 picked cell=5,3 target_cluster=None active_clusters=1 remaining_cells=1 scans=2
turn=145 result=MISS
turn=146 picked cell=9,11 target_cluster=None active_clusters=1 remaining_cells=1 scans=2
turn=146 result=MISS
turn=147 picked cell=2,5 target_cluster=None active_clusters=1 remaining_cells=1 scans=2
turn=147 result=MISS
turn=148 picked cell=3,4 target_cluster=None active_clusters=1 remaining_cells=1 scans=2
turn=148 result=MISS
turn=149 picked cell=12,9 target_cluster=None active_clusters=1 remaining_cells=1 scans=2
turn=149 result=MISS
turn=150 picked cell=4,11 target_cluster=None active_clusters=1 remaining_cells=1 scans=2
turn=150 result=MISS
turn=151 picked cell=6,2 target_cluster=None active_clusters=1 remaining_cells=1 scans=2
turn=151 result=MISS
turn=152 picked cell=8,13 target_cluster=None active_clusters=1 remaining_cells=1 scans=2
turn=152 result=MISS
turn=153 picked cell=7,0 target_cluster=None active_clusters=1 remaining_cells=1 scans=2
turn=153 result=MISS
turn=154 picked cell=1,8 target_cluster=None active_clusters=1 remaining_cells=1 scans=2
turn=154 result=MISS
turn=155 picked cell=5,2 target_cluster=None active_clusters=1 remaining_cells=1 scans=2
turn=155 result=MISS
turn=156 picked cell=6,13 target_cluster=None active_clusters=1 remaining_cells=1 scans=2
turn=156 result=MISS
turn=157 picked cell=13,6 target_cluster=None active_clusters=1 remaining_cells=1 scans=2
turn=157 result=MISS
turn=158 picked cell=5,12 target_cluster=None active_clusters=1 remaining_cells=1 scans=2
turn=158 result=MISS
turn=159 picked cell=4,3 target_cluster=None active_clusters=1 remaining_cells=1 scans=2
turn=159 result=MISS
turn=160 picked cell=0,6 target_cluster=None active_clusters=1 remaining_cells=1 scans=2
turn=160 result=MISS
turn=161 picked cell=10,3 target_cluster=None active_clusters=1 remaining_cells=1 scans=2
turn=161 result=MISS
turn=162 picked cell=0,7 target_cluster=None active_clusters=1 remaining_cells=1 scans=2
turn=162 result=MISS
turn=163 picked cell=1,6 target_cluster=None active_clusters=1 remaining_cells=1 scans=2
turn=163 result=MISS
turn=164 picked cell=8,0 target_cluster=None active_clusters=1 remaining_cells=1 scans=2
turn=164 result=MISS
turn=165 picked cell=14,7 target_cluster=None active_clusters=1 remaining_cells=1 scans=2
turn=165 result=MISS
turn=166 picked cell=4,2 target_cluster=None active_clusters=1 remaining_cells=1 scans=2
turn=166 result=MISS
turn=167 picked cell=10,12 target_cluster=None active_clusters=1 remaining_cells=1 scans=2
turn=167 result=MISS
turn=168 picked cell=2,4 target_cluster=None active_clusters=1 remaining_cells=1 scans=2
turn=168 result=MISS
turn=169 picked cell=14,6 target_cluster=None active_clusters=1 remaining_cells=1 scans=2
turn=169 result=MISS
turn=170 picked cell=3,3 target_cluster=None active_clusters=1 remaining_cells=1 scans=2
turn=170 result=MISS
turn=171 picked cell=11,3 target_cluster=None active_clusters=1 remaining_cells=1 scans=2
turn=171 result=MISS
turn=172 picked cell=1,9 target_cluster=None active_clusters=1 remaining_cells=1 scans=2
turn=172 result=MISS
turn=173 picked cell=11,11 target_cluster=None active_clusters=1 remaining_cells=1 scans=2
turn=173 result=MISS
turn=174 picked cell=6,0 target_cluster=None active_clusters=1 remaining_cells=1 scans=2
turn=174 result=MISS
turn=175 picked cell=10,13 target_cluster=None active_clusters=1 remaining_cells=1 scans=2
turn=175 result=MISS
turn=176 picked cell=0,8 target_cluster=None active_clusters=1 remaining_cells=1 scans=2
turn=176 result=MISS
turn=177 picked cell=4,12 target_cluster=None active_clusters=1 remaining_cells=1 scans=2
turn=177 result=MISS
turn=178 picked cell=4,13 target_cluster=None active_clusters=1 remaining_cells=1 scans=2
turn=178 result=MISS
turn=179 picked cell=2,3 target_cluster=None active_clusters=1 remaining_cells=1 scans=2
turn=179 result=MISS
turn=180 picked cell=11,2 target_cluster=None active_clusters=1 remaining_cells=1 scans=2
turn=180 result=MISS
turn=181 picked cell=2,10 target_cluster=None active_clusters=1 remaining_cells=1 scans=2
turn=181 result=MISS
turn=182 picked cell=1,10 target_cluster=None active_clusters=1 remaining_cells=1 scans=2
turn=182 result=MISS
turn=183 picked cell=14,9 target_cluster=None active_clusters=1 remaining_cells=1 scans=2
turn=183 result=MISS
turn=184 picked cell=13,4 target_cluster=None active_clusters=1 remaining_cells=1 scans=2
turn=184 result=MISS
turn=185 picked cell=5,14 target_cluster=None active_clusters=1 remaining_cells=1 scans=2
turn=185 result=MISS
turn=186 picked cell=13,10 target_cluster=None active_clusters=1 remaining_cells=1 scans=2
turn=186 result=MISS
turn=187 picked cell=14,4 target_cluster=None active_clusters=1 remaining_cells=1 scans=2
turn=187 result=MISS
turn=188 picked cell=3,2 target_cluster=None active_clusters=1 remaining_cells=1 scans=2
turn=188 result=MISS
turn=189 picked cell=12,11 target_cluster=None active_clusters=1 remaining_cells=1 scans=2
turn=189 result=MISS
turn=190 picked cell=10,0 target_cluster=None active_clusters=1 remaining_cells=1 scans=2
turn=190 result=MISS
turn=191 picked cell=0,9 target_cluster=None active_clusters=1 remaining_cells=1 scans=2
turn=191 result=MISS
turn=192 picked cell=2,12 target_cluster=None active_clusters=1 remaining_cells=1 scans=2
turn=192 result=MISS
turn=193 picked cell=2,11 target_cluster=None active_clusters=1 remaining_cells=1 scans=2
turn=193 result=MISS
turn=194 picked cell=0,4 target_cluster=None active_clusters=1 remaining_cells=1 scans=2
turn=194 result=MISS
turn=195 picked cell=0,10 target_cluster=None active_clusters=1 remaining_cells=1 scans=2
turn=195 result=MISS
turn=196 picked cell=1,11 target_cluster=None active_clusters=1 remaining_cells=1 scans=2
turn=196 result=MISS
turn=197 picked cell=12,12 target_cluster=None active_clusters=1 remaining_cells=1 scans=2
turn=197 result=MISS
turn=198 picked cell=4,0 target_cluster=None active_clusters=1 remaining_cells=1 scans=2
turn=198 result=MISS
turn=199 picked cell=2,13 target_cluster=None active_clusters=1 remaining_cells=1 scans=2
turn=199 result=MISS
turn=200 picked cell=12,1 target_cluster=None active_clusters=1 remaining_cells=1 scans=2
turn=200 result=MISS
turn=201 picked cell=11,13 target_cluster=None active_clusters=1 remaining_cells=1 scans=2
turn=201 result=MISS
turn=202 picked cell=4,14 target_cluster=None active_clusters=1 remaining_cells=1 scans=2
turn=202 result=MISS
turn=203 picked cell=1,12 target_cluster=None active_clusters=1 remaining_cells=1 scans=2
turn=203 result=MISS
turn=204 picked cell=13,2 target_cluster=None active_clusters=1 remaining_cells=1 scans=2
turn=204 result=KILL
