turn=1 mode=SCAN region=0,0,6,6
turn=1 result=SCAN count=11
turn=2 mode=SCAN region=0,7,6,14
turn=2 result=SCAN count=10
turn=3 mode=SCAN region=7,0,14,6
turn=3 result=SCAN count=12
turn=4 mode=SCAN region=7,7,14,14
turn=4 result=SCAN count=5
turn=5 picked cell=4,4 target_cluster=None active_clusters=0 remaining_cells=38 scans=4
turn=5 result=MISS
turn=6 picked cell=5,5 target_cluster=None active_clusters=0 remaining_cells=38 scans=4
turn=6 result=MISS
turn=7 picked cell=6,3 target_cluster=None active_clusters=0 remaining_cells=38 scans=4
turn=7 result=MISS
turn=8 picked cell=3,6 target_cluster=None active_clusters=0 remaining_cells=38 scans=4
turn=8 result=HIT
turn=9 mode=CHASE cluster=0 cluster_len=1 cell=3,7 score=100000.910953 chase_score=5029.910953 prob=0.910953
turn=9 picked cell=3,7 target_cluster=Some(0) active_clusters=1 remaining_cells=37 scans=4
turn=9 result=HIT
turn=10 mode=CHASE cluster=0 cluster_len=2 cell=3,8 score=200000.910953 chase_score=10078.910953 prob=0.910953
turn=10 picked cell=3,8 target_cluster=Some(0) active_clusters=1 remaining_cells=36 scans=4
turn=10 result=HIT
turn=11 mode=CHASE cluster=0 cluster_len=3 cell=3,9 score=300000.910953 chase_score=10044.910953 prob=0.910953
turn=11 picked cell=3,9 target_cluster=Some(0) active_clusters=1 remaining_cells=35 scans=4
turn=11 result=HIT
turn=12 mode=CHASE cluster=0 cluster_len=4 cell=3,10 score=400000.910953 chase_score=10010.910953 prob=0.910953
turn=12 picked cell=3,10 target_cluster=Some(0) active_clusters=1 remaining_cells=34 scans=4
turn=12 result=KILL
turn=12 kill_infer inferred_len=5 committed_hits=4 cluster_hits=4
turn=13 picked cell=9,4 target_cluster=None active_clusters=0 remaining_cells=33 scans=4
turn=13 result=HIT
turn=14 mode=CHASE cluster=0 cluster_len=1 cell=10,4 score=100000.848016 chase_score=5024.848016 prob=0.848016
turn=14 picked cell=10,4 target_cluster=Some(0) active_clusters=1 remaining_cells=32 scans=4
turn=14 result=MISS
turn=15 mode=CHASE cluster=0 cluster_len=1 cell=9,5 score=100000.854084 chase_score=5024.854084 prob=0.854084
turn=15 picked cell=9,5 target_cluster=Some(0) active_clusters=1 remaining_cells=32 scans=4
turn=15 result=HIT
turn=16 mode=CHASE cluster=0 cluster_len=2 cell=9,6 score=200000.872077 chase_score=10063.872077 prob=0.872077
turn=16 picked cell=9,6 target_cluster=Some(0) active_clusters=1 remaining_cells=31 scans=4
turn=16 result=MISS
turn=17 mode=CHASE cluster=0 cluster_len=2 cell=9,3 score=200000.638831 chase_score=10029.638831 prob=0.638831
turn=17 picked cell=9,3 target_cluster=Some(0) active_clusters=1 remaining_cells=31 scans=4
turn=17 result=HIT
turn=18 mode=CHASE cluster=0 cluster_len=3 cell=9,2 score=300000.758913 chase_score=10029.758913 prob=0.758913
turn=18 picked cell=9,2 target_cluster=Some(0) active_clusters=1 remaining_cells=30 scans=4
turn=18 result=HIT
turn=19 mode=CHASE cluster=0 cluster_len=4 cell=9,1 score=400000.676068 chase_score=10005.676068 prob=0.676068
turn=19 picked cell=9,1 target_cluster=Some(0) active_clusters=1 remaining_cells=29 scans=4
turn=19 result=KILL
turn=19 kill_infer inferred_len=5 committed_hits=4 cluster_hits=4
turn=20 picked cell=2,3 target_cluster=None active_clusters=0 remaining_cells=28 scans=4
turn=20 result=MISS
turn=21 picked cell=1,5 target_cluster=None active_clusters=0 remaining_cells=28 scans=4
turn=21 result=MISS
turn=22 picked cell=5,2 target_cluster=None active_clusters=0 remaining_cells=28 scans=4
turn=22 result=MISS
turn=23 picked cell=3,1 target_cluster=None active_clusters=0 remaining_cells=28 scans=4
turn=23 result=HIT
turn=24 mode=CHASE cluster=0 cluster_len=1 cell=4,1 score=100000.520301 chase_score=5019.520301 prob=0.520301
turn=24 picked cell=4,1 target_cluster=Some(0) active_clusters=1 remaining_cells=27 scans=4
turn=24 result=HIT
turn=25 mode=CHASE cluster=0 cluster_len=2 cell=5,1 score=200000.413584 chase_score=10048.413584 prob=0.413584
turn=25 picked cell=5,1 target_cluster=Some(0) active_clusters=1 remaining_cells=26 scans=4
turn=25 result=HIT
turn=26 mode=CHASE cluster=0 cluster_len=3 cell=2,1 score=300000.333436 chase_score=10024.333436 prob=0.333436
turn=26 picked cell=2,1 target_cluster=Some(0) active_clusters=1 remaining_cells=25 scans=4
turn=26 result=KILL
turn=26 kill_infer inferred_len=4 committed_hits=3 cluster_hits=3
turn=27 picked cell=6,6 target_cluster=None active_clusters=0 remaining_cells=24 scans=4
turn=27 result=MISS
turn=28 picked cell=7,4 target_cluster=None active_clusters=0 remaining_cells=24 scans=4
turn=28 result=MISS
turn=29 picked cell=0,4 target_cluster=None active_clusters=0 remaining_cells=24 scans=4
turn=29 result=MISS
turn=30 picked cell=1,2 target_cluster=None active_clusters=0 remaining_cells=24 scans=4
turn=30 result=MISS
turn=31 picked cell=3,0 target_cluster=None active_clusters=0 remaining_cells=24 scans=4
turn=31 result=MISS
turn=32 picked cell=8,5 target_cluster=None active_clusters=0 remaining_cells=24 scans=4
turn=32 result=HIT
turn=33 mode=CHASE cluster=0 cluster_len=1 cell=8,6 score=100000.399498 chase_score=5016.399498 prob=0.399498
turn=33 picked cell=8,6 target_cluster=Some(0) active_clusters=1 remaining_cells=23 scans=4
turn=33 result=MISS
turn=34 mode=CHASE cluster=0 cluster_len=1 cell=8,4 score=100000.210789 chase_score=5006.210789 prob=0.210789
turn=34 picked cell=8,4 target_cluster=Some(0) active_clusters=1 remaining_cells=23 scans=4
turn=34 result=MISS
turn=35 mode=CHASE cluster=0 cluster_len=1 cell=7,5 score=100000.136644 chase_score=5001.136644 prob=0.136644
turn=35 picked cell=7,5 target_cluster=Some(0) active_clusters=1 remaining_cells=23 scans=4
turn=35 result=HIT
turn=36 mode=CHASE cluster=0 cluster_len=2 cell=6,5 score=200000.030303 chase_score=10000.030303 prob=0.030303
turn=36 picked cell=6,5 target_cluster=Some(0) active_clusters=1 remaining_cells=22 scans=4
turn=36 result=KILL
turn=36 kill_infer inferred_len=2 committed_hits=1 cluster_hits=2
turn=37 picked cell=4,11 target_cluster=None active_clusters=1 remaining_cells=21 scans=4
turn=37 result=HIT
turn=38 mode=CHASE cluster=1 cluster_len=1 cell=5,11 score=100000.769186 chase_score=5016.269186 prob=0.769186
turn=38 picked cell=5,11 target_cluster=Some(1) active_clusters=2 remaining_cells=20 scans=4
turn=38 result=MISS
turn=39 mode=CHASE cluster=1 cluster_len=1 cell=4,12 score=100000.702438 chase_score=5016.202438 prob=0.702438
turn=39 picked cell=4,12 target_cluster=Some(1) active_clusters=2 remaining_cells=20 scans=4
turn=39 result=HIT
turn=40 mode=CHASE cluster=1 cluster_len=2 cell=4,13 score=200000.606614 chase_score=10040.606614 prob=0.606614
turn=40 picked cell=4,13 target_cluster=Some(1) active_clusters=2 remaining_cells=19 scans=4
turn=40 result=MISS
turn=41 mode=CHASE cluster=1 cluster_len=2 cell=4,10 score=200000.418926 chase_score=10020.418926 prob=0.418926
turn=41 picked cell=4,10 target_cluster=Some(1) active_clusters=2 remaining_cells=19 scans=4
turn=41 result=HIT
turn=42 mode=CHASE cluster=1 cluster_len=3 cell=4,9 score=300000.517586 chase_score=10020.517586 prob=0.517586
turn=42 picked cell=4,9 target_cluster=Some(1) active_clusters=2 remaining_cells=18 scans=4
turn=42 result=KILL
turn=42 kill_infer inferred_len=4 committed_hits=3 cluster_hits=3
turn=43 picked cell=11,3 target_cluster=None active_clusters=1 remaining_cells=17 scans=4
turn=43 result=MISS
turn=44 picked cell=12,5 target_cluster=None active_clusters=1 remaining_cells=17 scans=4
turn=44 result=MISS
turn=45 picked cell=13,6 target_cluster=None active_clusters=1 remaining_cells=17 scans=4
turn=45 result=MISS
turn=46 picked cell=7,0 target_cluster=None active_clusters=1 remaining_cells=17 scans=4
turn=46 result=HIT
turn=47 mode=CHASE cluster=1 cluster_len=1 cell=8,0 score=100000.486854 chase_score=5012.986854 prob=0.486854
turn=47 picked cell=8,0 target_cluster=Some(1) active_clusters=2 remaining_cells=16 scans=4
turn=47 result=HIT
turn=48 mode=CHASE cluster=1 cluster_len=2 cell=9,0 score=200000.385839 chase_score=10032.385839 prob=0.385839
turn=48 picked cell=9,0 target_cluster=Some(1) active_clusters=2 remaining_cells=15 scans=4
turn=48 result=HIT
turn=49 mode=CHASE cluster=1 cluster_len=3 cell=10,0 score=300000.486854 chase_score=10016.486854 prob=0.486854
turn=49 picked cell=10,0 target_cluster=Some(1) active_clusters=2 remaining_cells=14 scans=4
turn=49 result=HIT
turn=50 mode=CHASE cluster=1 cluster_len=4 cell=11,0 score=400000.394949 chase_score=10000.394949 prob=0.394949
turn=50 picked cell=11,0 target_cluster=Some(1) active_clusters=2 remaining_cells=13 scans=4
turn=50 result=KILL
turn=50 kill_infer inferred_len=4 committed_hits=3 cluster_hits=4
turn=51 mode=CHASE cluster=1 cluster_len=1 cell=7,1 score=100000.110293 chase_score=5003.610293 prob=0.110293
turn=51 picked cell=7,1 target_cluster=Some(1) active_clusters=2 remaining_cells=12 scans=4
turn=51 result=MISS
turn=52 mode=CHASE cluster=1 cluster_len=1 cell=6,0 score=100000.101553 chase_score=5003.601553 prob=0.101553
turn=52 picked cell=6,0 target_cluster=Some(1) active_clusters=2 remaining_cells=12 scans=4
turn=52 result=MISS
turn=53 picked cell=10,10 target_cluster=None active_clusters=2 remaining_cells=12 scans=4
turn=53 result=MISS
turn=54 picked cell=11,11 target_cluster=None active_clusters=2 remaining_cells=12 scans=4
turn=54 result=MISS
turn=55 picked cell=9,9 target_cluster=None active_clusters=2 remaining_cells=12 scans=4
turn=55 result=MISS
turn=56 picked cell=8,12 target_cluster=None active_clusters=2 remaining_cells=12 scans=4
turn=56 result=MISS
turn=57 picked cell=2,6 target_cluster=None active_clusters=2 remaining_cells=12 scans=4
turn=57 result=HIT
turn=58 mode=CHASE cluster=2 cluster_len=1 cell=2,7 score=100000.392985 chase_score=5009.892985 prob=0.392985
turn=58 picked cell=2,7 target_cluster=Some(2) active_clusters=3 remaining_cells=11 scans=4
turn=58 result=MISS
turn=59 mode=CHASE cluster=2 cluster_len=1 cell=1,6 score=100000.127026 chase_score=5000.627026 prob=0.127026
turn=59 picked cell=1,6 target_cluster=Some(2) active_clusters=3 remaining_cells=11 scans=4
turn=59 result=HIT
turn=60 mode=CHASE cluster=2 cluster_len=2 cell=0,6 score=200000.219676 chase_score=10000.219676 prob=0.219676
turn=60 picked cell=0,6 target_cluster=Some(2) active_clusters=3 remaining_cells=10 scans=4
turn=60 result=MISS
turn=61 mode=CHASE cluster=2 cluster_len=2 cell=1,7 score=200000.223123 chase_score=5000.223123 prob=0.223123
turn=61 picked cell=1,7 target_cluster=Some(2) active_clusters=3 remaining_cells=10 scans=4
turn=61 result=MISS
turn=62 mode=CHASE cluster=2 cluster_len=2 cell=2,5 score=200000.035386 chase_score=5000.035386 prob=0.035386
turn=62 picked cell=2,5 target_cluster=Some(2) active_clusters=3 remaining_cells=10 scans=4
turn=62 result=MISS
turn=63 picked cell=12,12 target_cluster=None active_clusters=3 remaining_cells=10 scans=4
turn=63 result=MISS
turn=64 picked cell=9,13 target_cluster=None active_clusters=3 remaining_cells=10 scans=4
turn=64 result=MISS
turn=65 picked cell=7,11 target_cluster=None active_clusters=3 remaining_cells=10 scans=4
turn=65 result=MISS
turn=66 picked cell=8,8 target_cluster=None active_clusters=3 remaining_cells=10 scans=4
turn=66 result=MISS
turn=67 picked cell=12,8 target_cluster=None active_clusters=3 remaining_cells=10 scans=4
turn=67 result=MISS
turn=68 picked cell=13,9 target_cluster=None active_clusters=3 remaining_cells=10 scans=4
turn=68 result=MISS
turn=69 picked cell=11,7 target_cluster=None active_clusters=3 remaining_cells=10 scans=4
turn=69 result=MISS
turn=70 picked cell=14,10 target_cluster=None active_clusters=3 remaining_cells=10 scans=4
turn=70 result=MISS
turn=71 picked cell=10,14 target_cluster=None active_clusters=3 remaining_cells=10 scans=4
turn=71 result=HIT
turn=72 mode=CHASE cluster=3 cluster_len=1 cell=11,14 score=100000.670267 chase_score=5010.170267 prob=0.670267
turn=72 picked cell=11,14 target_cluster=Some(3) active_clusters=4 remaining_cells=9 scans=4
turn=72 result=HIT
turn=73 mode=CHASE cluster=3 cluster_len=2 cell=9,14 score=200000.653198 chase_score=10024.653198 prob=0.653198
turn=73 picked cell=9,14 target_cluster=Some(3) active_clusters=4 remaining_cells=8 scans=4
turn=73 result=HIT
turn=74 mode=CHASE cluster=3 cluster_len=3 cell=8,14 score=300000.670267 chase_score=10012.670267 prob=0.670267
turn=74 picked cell=8,14 target_cluster=Some(3) active_clusters=4 remaining_cells=7 scans=4
turn=74 result=MISS
turn=75 mode=CHASE cluster=3 cluster_len=3 cell=12,14 score=300000.543550 chase_score=10012.543550 prob=0.543550
turn=75 picked cell=12,14 target_cluster=Some(3) active_clusters=4 remaining_cells=7 scans=4
turn=75 result=HIT
turn=76 mode=CHASE cluster=3 cluster_len=4 cell=13,14 score=400000.543550 chase_score=10000.543550 prob=0.543550
turn=76 picked cell=13,14 target_cluster=Some(3) active_clusters=4 remaining_cells=6 scans=4
turn=76 result=KILL
turn=76 kill_infer inferred_len=4 committed_hits=3 cluster_hits=4
turn=77 picked cell=2,11 target_cluster=None active_clusters=4 remaining_cells=5 scans=4
turn=77 result=MISS
turn=78 picked cell=3,14 target_cluster=None active_clusters=4 remaining_cells=5 scans=4
turn=78 result=MISS
turn=79 picked cell=1,12 target_cluster=None active_clusters=4 remaining_cells=5 scans=4
turn=79 result=MISS
turn=80 picked cell=6,10 target_cluster=None active_clusters=4 remaining_cells=5 scans=4
turn=80 result=MISS
turn=81 picked cell=0,10 target_cluster=None active_clusters=4 remaining_cells=5 scans=4
turn=81 result=MISS
turn=82 picked cell=3,4 target_cluster=None active_clusters=4 remaining_cells=5 scans=4
turn=82 result=MISS
turn=83 picked cell=0,1 target_cluster=None active_clusters=4 remaining_cells=5 scans=4
turn=83 result=MISS
turn=84 picked cell=4,6 target_cluster=None active_clusters=4 remaining_cells=5 scans=4
turn=84 result=KILL
turn=85 picked cell=5,7 target_cluster=None active_clusters=4 remaining_cells=4 scans=4
turn=85 result=MISS
turn=86 picked cell=0,13 target_cluster=None active_clusters=4 remaining_cells=4 scans=4
turn=86 result=MISS
turn=87 picked cell=6,11 target_cluster=None active_clusters=4 remaining_cells=4 scans=4
turn=87 result=MISS
turn=88 picked cell=1,9 target_cluster=None active_clusters=4 remaining_cells=4 scans=4
turn=88 result=MISS
turn=89 picked cell=7,7 target_cluster=None active_clusters=4 remaining_cells=4 scans=4
turn=89 result=MISS
turn=90 picked cell=9,7 target_cluster=None active_clusters=4 remaining_cells=4 scans=4
turn=90 result=MISS
turn=91 picked cell=6,8 target_cluster=None active_clusters=4 remaining_cells=4 scans=4
turn=91 result=MISS
turn=92 picked cell=7,6 target_cluster=None active_clusters=4 remaining_cells=4 scans=4
turn=92 result=MISS
turn=93 picked cell=7,8 target_cluster=None active_clusters=4 remaining_cells=4 scans=4
turn=93 result=MISS
turn=94 picked cell=8,7 target_cluster=None active_clusters=4 remaining_cells=4 scans=4
turn=94 result=MISS
turn=95 picked cell=7,9 target_cluster=None active_clusters=4 remaining_cells=4 scans=4
turn=95 result=MISS
turn=96 picked cell=5,6 target_cluster=None active_clusters=4 remaining_cells=4 scans=4
turn=96 result=MISS
turn=97 picked cell=6,7 target_cluster=None active_clusters=4 remaining_cells=4 scans=4
turn=97 result=MISS
turn=98 picked cell=10,7 target_cluster=None active_clusters=4 remaining_cells=4 scans=4
turn=98 result=MISS
turn=99 picked cell=4,8 target_cluster=None active_clusters=4 remaining_cells=4 scans=4
turn=99 result=MISS
turn=100 picked cell=7,10 target_cluster=None active_clusters=4 remaining_cells=4 scans=4
turn=100 result=MISS
turn=101 picked cell=4,7 target_cluster=None active_clusters=4 remaining_cells=4 scans=4
turn=101 result=MISS
turn=102 picked cell=9,8 target_cluster=None active_clusters=4 remaining_cells=4 scans=4
turn=102 result=MISS
turn=103 picked cell=5,8 target_cluster=None active_clusters=4 remaining_cells=4 scans=4
turn=103 result=MISS
turn=104 picked cell=10,6 target_cluster=None active_clusters=4 remaining_cells=4 scans=4
turn=104 result=MISS
turn=105 picked cell=8,9 target_cluster=None active_clusters=4 remaining_cells=4 scans=4
turn=105 result=MISS
turn=106 picked cell=7,3 target_cluster=None active_clusters=4 remaining_cells=4 scans=4
turn=106 result=MISS
turn=107 picked cell=10,8 target_cluster=None active_clusters=4 remaining_cells=4 scans=4
turn=107 result=MISS
turn=108 picked cell=9,10 target_cluster=None active_clusters=4 remaining_cells=4 scans=4
turn=108 result=MISS
turn=109 picked cell=6,4 target_cluster=None active_clusters=4 remaining_cells=4 scans=4
turn=109 result=MISS
turn=110 picked cell=5,9 target_cluster=None active_clusters=4 remaining_cells=4 scans=4
turn=110 result=MISS
turn=111 picked cell=6,9 target_cluster=None active_clusters=4 remaining_cells=4 scans=4
turn=111 result=MISS
turn=112 picked cell=7,2 target_cluster=None active_clusters=4 remaining_cells=4 scans=4
turn=112 result=MISS
turn=113 picked cell=4,5 target_cluster=None active_clusters=4 remaining_cells=4 scans=4
turn=113 result=MISS
turn=114 picked cell=8,10 target_cluster=None active_clusters=4 remaining_cells=4 scans=4
turn=114 result=MISS
turn=115 picked cell=12,7 target_cluster=None active_clusters=4 remaining_cells=4 scans=4
turn=115 result=MISS
turn=116 picked cell=8,11 target_cluster=None active_clusters=4 remaining_cells=4 scans=4
turn=116 result=MISS
turn=117 picked cell=5,4 target_cluster=None active_clusters=4 remaining_cells=4 scans=4
turn=117 result=MISS
turn=118 picked cell=7,12 target_cluster=None active_clusters=4 remaining_cells=4 scans=4
turn=118 result=MISS
turn=119 picked cell=8,3 target_cluster=None active_clusters=4 remaining_cells=4 scans=4
turn=119 result=MISS
turn=120 picked cell=10,5 target_cluster=None active_clusters=4 remaining_cells=4 scans=4
turn=120 result=MISS
turn=121 picked cell=11,6 target_cluster=None active_clusters=4 remaining_cells=4 scans=4
turn=121 result=MISS
turn=122 picked cell=5,3 target_cluster=None active_clusters=4 remaining_cells=4 scans=4
turn=122 result=MISS
turn=123 picked cell=5,10 target_cluster=None active_clusters=4 remaining_cells=4 scans=4
turn=123 result=MISS
turn=124 picked cell=10,9 target_cluster=None active_clusters=4 remaining_cells=4 scans=4
turn=124 result=MISS
turn=125 picked cell=11,8 target_cluster=None active_clusters=4 remaining_cells=4 scans=4
turn=125 result=MISS
turn=126 picked cell=8,2 target_cluster=None active_clusters=4 remaining_cells=4 scans=4
turn=126 result=MISS
turn=127 picked cell=12,6 target_cluster=None active_clusters=4 remaining_cells=4 scans=4
turn=127 result=MISS
turn=128 picked cell=13,7 target_cluster=None active_clusters=4 remaining_cells=4 scans=4
turn=128 result=MISS
turn=129 picked cell=11,9 target_cluster=None active_clusters=4 remaining_cells=4 scans=4
turn=129 result=MISS
turn=130 picked cell=6,12 target_cluster=None active_clusters=4 remaining_cells=4 scans=4
turn=130 result=MISS
turn=131 picked cell=3,5 target_cluster=None active_clusters=4 remaining_cells=4 scans=4
turn=131 result=MISS
turn=132 picked cell=7,13 target_cluster=None active_clusters=4 remaining_cells=4 scans=4
turn=132 result=MISS
turn=133 picked cell=6,13 target_cluster=None active_clusters=4 remaining_cells=4 scans=4
turn=133 result=MISS
turn=134 picked cell=2,8 target_cluster=None active_clusters=4 remaining_cells=4 scans=4
turn=134 result=MISS
turn=135 picked cell=11,5 target_cluster=None active_clusters=4 remaining_cells=4 scans=4
turn=135 result=MISS
turn=136 picked cell=0,7 target_cluster=None active_clusters=4 remaining_cells=4 scans=4
turn=136 result=MISS
turn=137 picked cell=12,9 target_cluster=None active_clusters=4 remaining_cells=4 scans=4
turn=137 result=MISS
turn=138 picked cell=9,11 target_cluster=None active_clusters=4 remaining_cells=4 scans=4
turn=138 result=MISS
turn=139 picked cell=4,3 target_cluster=None active_clusters=4 remaining_cells=4 scans=4
turn=139 result=MISS
turn=140 picked cell=6,2 target_cluster=None active_clusters=4 remaining_cells=4 scans=4
turn=140 result=MISS
turn=141 picked cell=8,1 target_cluster=None active_clusters=4 remaining_cells=4 scans=4
turn=141 result=MISS
turn=142 picked cell=11,10 target_cluster=None active_clusters=4 remaining_cells=4 scans=4
turn=142 result=MISS
turn=143 picked cell=7,14 target_cluster=None active_clusters=4 remaining_cells=4 scans=4
turn=143 result=MISS
turn=144 picked cell=14,7 target_cluster=None active_clusters=4 remaining_cells=4 scans=4
turn=144 result=MISS
turn=145 picked cell=6,1 target_cluster=None active_clusters=4 remaining_cells=4 scans=4
turn=145 result=MISS
turn=146 picked cell=13,8 target_cluster=None active_clusters=4 remaining_cells=4 scans=4
turn=146 result=MISS
turn=147 picked cell=5,12 target_cluster=None active_clusters=4 remaining_cells=4 scans=4
turn=147 result=MISS
turn=148 picked cell=11,4 target_cluster=None active_clusters=4 remaining_cells=4 scans=4
turn=148 result=MISS
turn=149 picked cell=8,13 target_cluster=None active_clusters=4 remaining_cells=4 scans=4
turn=149 result=MISS
turn=150 picked cell=9,12 target_cluster=None active_clusters=4 remaining_cells=4 scans=4
turn=150 result=MISS
turn=151 picked cell=10,2 target_cluster=None active_clusters=4 remaining_cells=4 scans=4
turn=151 result=MISS
turn=152 picked cell=1,8 target_cluster=None active_clusters=4 remaining_cells=4 scans=4
turn=152 result=MISS
turn=153 picked cell=3,3 target_cluster=None active_clusters=4 remaining_cells=4 scans=4
turn=153 result=HIT
turn=154 mode=CHASE cluster=4 cluster_len=1 cell=3,2 score=100000.000000 chase_score=5000.000000 prob=0.000000
turn=154 picked cell=3,2 target_cluster=Some(4) active_clusters=5 remaining_cells=3 scans=4
turn=154 result=KILL
turn=154 kill_infer inferred_len=2 committed_hits=1 cluster_hits=1
turn=155 picked cell=10,11 target_cluster=None active_clusters=4 remaining_cells=2 scans=4
turn=155 result=MISS
turn=156 picked cell=13,5 target_cluster=None active_clusters=4 remaining_cells=2 scans=4
turn=156 result=MISS
turn=157 picked cell=14,8 target_cluster=None active_clusters=4 remaining_cells=2 scans=4
turn=157 result=MISS
turn=158 picked cell=2,9 target_cluster=None active_clusters=4 remaining_cells=2 scans=4
turn=158 result=MISS
turn=159 picked cell=2,4 target_cluster=None active_clusters=4 remaining_cells=2 scans=4
turn=159 result=MISS
turn=160 picked cell=12,10 target_cluster=None active_clusters=4 remaining_cells=2 scans=4
turn=160 result=MISS
turn=161 picked cell=3,11 target_cluster=None active_clusters=4 remaining_cells=2 scans=4
turn=161 result=MISS
turn=162 picked cell=10,12 target_cluster=None active_clusters=4 remaining_cells=2 scans=4
turn=162 result=MISS
turn=163 picked cell=10,3 target_cluster=None active_clusters=4 remaining_cells=2 scans=4
turn=163 result=MISS
turn=164 picked cell=14,6 target_cluster=None active_clusters=4 remaining_cells=2 scans=4
turn=164 result=MISS
turn=165 picked cell=6,14 target_cluster=None active_clusters=4 remaining_cells=2 scans=4
turn=165 result=MISS
turn=166 picked cell=5,13 target_cluster=None active_clusters=4 remaining_cells=2 scans=4
turn=166 result=MISS
turn=167 picked cell=2,10 target_cluster=None active_clusters=4 remaining_cells=2 scans=4
turn=167 result=MISS
turn=168 picked cell=14,5 target_cluster=None active_clusters=4 remaining_cells=2 scans=4
turn=168 result=MISS
turn=169 picked cell=12,3 target_cluster=None active_clusters=4 remaining_cells=2 scans=4
turn=169 result=MISS
turn=170 picked cell=0,9 target_cluster=None active_clusters=4 remaining_cells=2 scans=4
turn=170 result=MISS
turn=171 picked cell=10,1 target_cluster=None active_clusters=4 remaining_cells=2 scans=4
turn=171 result=MISS
turn=172 picked cell=1,4 target_cluster=None active_clusters=4 remaining_cells=2 scans=4
turn=172 result=MISS
turn=173 picked cell=12,4 target_cluster=None active_clusters=4 remaining_cells=2 scans=4
turn=173 result=MISS
turn=174 picked cell=0,5 target_cluster=None active_clusters=4 remaining_cells=2 scans=4
turn=174 result=MISS
turn=175 picked cell=12,11 target_cluster=None active_clusters=4 remaining_cells=2 scans=4
turn=175 result=MISS
turn=176 picked cell=4,2 target_cluster=None active_clusters=4 remaining_cells=2 scans=4
turn=176 result=MISS
turn=177 picked cell=5,0 target_cluster=None active_clusters=4 remaining_cells=2 scans=4
turn=177 result=MISS
turn=178 picked cell=0,8 target_cluster=None active_clusters=4 remaining_cells=2 scans=4
turn=178 result=MISS
turn=179 picked cell=3,12 target_cluster=None active_clusters=4 remaining_cells=2 scans=4
turn=179 result=MISS
turn=180 picked cell=1,10 target_cluster=None active_clusters=4 remaining_cells=2 scans=4
turn=180 result=MISS
turn=181 picked cell=14,9 target_cluster=None active_clusters=4 remaining_cells=2 scans=4
turn=181 result=MISS
turn=182 picked cell=11,2 target_cluster=None active_clusters=4 remaining_cells=2 scans=4
turn=182 result=MISS
turn=183 picked cell=5,14 target_cluster=None active_clusters=4 remaining_cells=2 scans=4
turn=183 result=MISS
turn=184 picked cell=13,10 target_cluster=None active_clusters=4 remaining_cells=2 scans=4
turn=184 result=MISS
turn=185 picked cell=10,13 target_cluster=None active_clusters=4 remaining_cells=2 scans=4
turn=185 result=MISS
turn=186 picked cell=1,3 target_cluster=None active_clusters=4 remaining_cells=2 scans=4
turn=186 result=MISS
turn=187 picked cell=1,11 target_cluster=None active_clusters=4 remaining_cells=2 scans=4
turn=187 result=MISS
turn=188 picked cell=12,2 target_cluster=None active_clusters=4 remaining_cells=2 scans=4
turn=188 result=MISS
turn=189 picked cell=13,4 target_cluster=None active_clusters=4 remaining_cells=2 scans=4
turn=189 result=MISS
turn=190 picked cell=4,14 target_cluster=None active_clusters=4 remaining_cells=2 scans=4
turn=190 result=MISS
turn=191 picked cell=13,3 target_cluster=None active_clusters=4 remaining_cells=2 scans=4
turn=191 result=MISS
turn=192 picked cell=2,2 target_cluster=None active_clusters=4 remaining_cells=2 scans=4
turn=192 result=MISS
turn=193 picked cell=11,1 target_cluster=None active_clusters=4 remaining_cells=2 scans=4
turn=193 result=MISS
turn=194 picked cell=2,12 target_cluster=None active_clusters=4 remaining_cells=2 scans=4
turn=194 result=HIT
turn=195 mode=CHASE cluster=4 cluster_len=1 cell=2,13 score=100000.000000 chase_score=5000.000000 prob=0.000000
turn=195 picked cell=2,13 target_cluster=Some(4) active_clusters=5 remaining_cells=1 scans=4
turn=195 result=KILL
turn=195 kill_infer inferred_len=2 committed_hits=1 cluster_hits=1
