turn=1 mode=SCAN region=0,0,7,16
turn=1 result=SCAN count=45
turn=2 mode=SCAN region=0,0,16,7
turn=2 result=SCAN count=52
turn=3 picked cell=9,7 target_cluster=None active_clusters=0 remaining_cells=109 scans=2
turn=3 result=MISS
turn=4 picked cell=8,6 target_cluster=None active_clusters=0 remaining_cells=109 scans=2
turn=4 result=HIT
turn=5 mode=CHASE cluster=0 cluster_len=1 cell=7,6 score=100003.277171 chase_score=5132.277171 prob=3.277171
turn=5 picked cell=7,6 target_cluster=Some(0) active_clusters=1 remaining_cells=108 scans=2
turn=5 result=MISS
turn=6 mode=CHASE cluster=0 cluster_len=1 cell=8,7 score=100002.029982 chase_score=5131.029982 prob=2.029982
turn=6 picked cell=8,7 target_cluster=Some(0) active_clusters=1 remaining_cells=108 scans=2
turn=6 result=HIT
turn=7 mode=CHASE cluster=0 cluster_len=2 cell=8,8 score=200003.471497 chase_score=10415.471497 prob=3.471497
turn=7 picked cell=8,8 target_cluster=Some(0) active_clusters=1 remaining_cells=107 scans=2
turn=7 result=HIT
turn=8 mode=CHASE cluster=0 cluster_len=3 cell=8,9 score=300003.471497 chase_score=10317.471497 prob=3.471497
turn=8 picked cell=8,9 target_cluster=Some(0) active_clusters=1 remaining_cells=106 scans=2
turn=8 result=HIT
turn=9 mode=CHASE cluster=0 cluster_len=4 cell=8,10 score=400003.399336 chase_score=10225.399336 prob=3.399336
turn=9 picked cell=8,10 target_cluster=Some(0) active_clusters=1 remaining_cells=105 scans=2
turn=9 result=MISS
turn=10 mode=CHASE cluster=0 cluster_len=4 cell=8,5 score=400002.972129 chase_score=10086.972129 prob=2.972129
turn=10 picked cell=8,5 target_cluster=Some(0) active_clusters=1 remaining_cells=105 scans=2
turn=10 result=HIT
turn=11 mode=CHASE cluster=0 cluster_len=5 cell=8,4 score=500002.972129 chase_score=10071.972129 prob=2.972129
turn=11 picked cell=8,4 target_cluster=Some(0) active_clusters=1 remaining_cells=104 scans=2
turn=11 result=HIT
turn=12 mode=CHASE cluster=0 cluster_len=6 cell=8,3 score=600002.865590 chase_score=10047.865590 prob=2.865590
turn=12 picked cell=8,3 target_cluster=Some(0) active_clusters=1 remaining_cells=103 scans=2
turn=12 result=KILL
turn=12 kill_infer inferred_len=7 committed_hits=6 cluster_hits=6
turn=13 picked cell=10,11 target_cluster=None active_clusters=0 remaining_cells=102 scans=2
turn=13 result=HIT
turn=14 mode=CHASE cluster=0 cluster_len=1 cell=9,11 score=100002.834176 chase_score=5121.334176 prob=2.834176
turn=14 picked cell=9,11 target_cluster=Some(0) active_clusters=1 remaining_cells=101 scans=2
turn=14 result=MISS
turn=15 mode=CHASE cluster=0 cluster_len=1 cell=10,10 score=100002.387259 chase_score=5114.887259 prob=2.387259
turn=15 picked cell=10,10 target_cluster=Some(0) active_clusters=1 remaining_cells=101 scans=2
turn=15 result=HIT
turn=16 mode=CHASE cluster=0 cluster_len=2 cell=10,9 score=200002.477124 chase_score=10379.477124 prob=2.477124
turn=16 picked cell=10,9 target_cluster=Some(0) active_clusters=1 remaining_cells=100 scans=2
turn=16 result=KILL
turn=16 kill_infer inferred_len=3 committed_hits=2 cluster_hits=2
turn=17 picked cell=11,12 target_cluster=None active_clusters=0 remaining_cells=99 scans=2
turn=17 result=HIT
turn=18 mode=CHASE cluster=0 cluster_len=1 cell=10,12 score=100002.000126 chase_score=5113.000126 prob=2.000126
turn=18 picked cell=10,12 target_cluster=Some(0) active_clusters=1 remaining_cells=98 scans=2
turn=18 result=HIT
turn=19 mode=CHASE cluster=0 cluster_len=2 cell=9,12 score=200002.094078 chase_score=10376.094078 prob=2.094078
turn=19 picked cell=9,12 target_cluster=Some(0) active_clusters=1 remaining_cells=97 scans=2
turn=19 result=HIT
turn=20 mode=CHASE cluster=0 cluster_len=3 cell=12,12 score=300003.045445 chase_score=10289.045445 prob=3.045445
turn=20 picked cell=12,12 target_cluster=Some(0) active_clusters=1 remaining_cells=96 scans=2
turn=20 result=HIT
turn=21 mode=CHASE cluster=0 cluster_len=4 cell=13,12 score=400002.774204 chase_score=10203.774204 prob=2.774204
turn=21 picked cell=13,12 target_cluster=Some(0) active_clusters=1 remaining_cells=95 scans=2
turn=21 result=HIT
turn=22 mode=CHASE cluster=0 cluster_len=5 cell=14,12 score=500002.479213 chase_score=10126.479213 prob=2.479213
turn=22 picked cell=14,12 target_cluster=Some(0) active_clusters=1 remaining_cells=94 scans=2
turn=22 result=KILL
turn=22 kill_infer inferred_len=6 committed_hits=5 cluster_hits=5
turn=23 picked cell=10,2 target_cluster=None active_clusters=0 remaining_cells=93 scans=2
turn=23 result=HIT
turn=24 mode=CHASE cluster=0 cluster_len=1 cell=9,2 score=100002.582330 chase_score=5112.082330 prob=2.582330
turn=24 picked cell=9,2 target_cluster=Some(0) active_clusters=1 remaining_cells=92 scans=2
turn=24 result=MISS
turn=25 mode=CHASE cluster=0 cluster_len=1 cell=10,3 score=100001.662738 chase_score=5057.912738 prob=1.662738
turn=25 picked cell=10,3 target_cluster=Some(0) active_clusters=1 remaining_cells=92 scans=2
turn=25 result=HIT
turn=26 mode=CHASE cluster=0 cluster_len=2 cell=10,4 score=200001.716118 chase_score=10209.716118 prob=1.716118
turn=26 picked cell=10,4 target_cluster=Some(0) active_clusters=1 remaining_cells=91 scans=2
turn=26 result=HIT
turn=27 mode=CHASE cluster=0 cluster_len=3 cell=10,5 score=300001.662738 chase_score=10183.662738 prob=1.662738
turn=27 picked cell=10,5 target_cluster=Some(0) active_clusters=1 remaining_cells=90 scans=2
turn=27 result=HIT
turn=28 mode=CHASE cluster=0 cluster_len=4 cell=10,6 score=400001.514069 chase_score=10142.514069 prob=1.514069
turn=28 picked cell=10,6 target_cluster=Some(0) active_clusters=1 remaining_cells=89 scans=2
turn=28 result=HIT
turn=29 mode=CHASE cluster=0 cluster_len=5 cell=10,1 score=500002.746170 chase_score=10096.746170 prob=2.746170
turn=29 picked cell=10,1 target_cluster=Some(0) active_clusters=1 remaining_cells=88 scans=2
turn=29 result=MISS
turn=30 mode=CHASE cluster=0 cluster_len=5 cell=10,7 score=500000.696611 chase_score=10032.696611 prob=0.696611
turn=30 picked cell=10,7 target_cluster=Some(0) active_clusters=1 remaining_cells=88 scans=2
turn=30 result=KILL
turn=30 kill_infer inferred_len=6 committed_hits=5 cluster_hits=5
turn=31 picked cell=6,13 target_cluster=None active_clusters=0 remaining_cells=87 scans=2
turn=31 result=MISS
turn=32 picked cell=7,14 target_cluster=None active_clusters=0 remaining_cells=87 scans=2
turn=32 result=MISS
turn=33 picked cell=4,7 target_cluster=None active_clusters=0 remaining_cells=87 scans=2
turn=33 result=KILL
turn=34 picked cell=3,9 target_cluster=None active_clusters=0 remaining_cells=86 scans=2
turn=34 result=MISS
turn=35 picked cell=5,11 target_cluster=None active_clusters=0 remaining_cells=86 scans=2
turn=35 result=HIT
turn=36 mode=CHASE cluster=0 cluster_len=1 cell=5,10 score=100003.334164 chase_score=5099.334164 prob=3.334164
turn=36 picked cell=5,10 target_cluster=Some(0) active_clusters=1 remaining_cells=85 scans=2
turn=36 result=MISS
turn=37 mode=CHASE cluster=0 cluster_len=1 cell=4,11 score=100002.702638 chase_score=5061.202638 prob=2.702638
turn=37 picked cell=4,11 target_cluster=Some(0) active_clusters=1 remaining_cells=85 scans=2
turn=37 result=HIT
turn=38 mode=CHASE cluster=0 cluster_len=2 cell=3,11 score=200001.814413 chase_score=10203.814413 prob=1.814413
turn=38 picked cell=3,11 target_cluster=Some(0) active_clusters=1 remaining_cells=84 scans=2
turn=38 result=HIT
turn=39 mode=CHASE cluster=0 cluster_len=3 cell=2,11 score=300003.526913 chase_score=10167.526913 prob=3.526913
turn=39 picked cell=2,11 target_cluster=Some(0) active_clusters=1 remaining_cells=83 scans=2
turn=39 result=MISS
turn=40 mode=CHASE cluster=0 cluster_len=3 cell=6,11 score=300001.370685 chase_score=10036.370685 prob=1.370685
turn=40 picked cell=6,11 target_cluster=Some(0) active_clusters=1 remaining_cells=83 scans=2
turn=40 result=HIT
turn=41 mode=CHASE cluster=0 cluster_len=4 cell=7,11 score=400001.024977 chase_score=10028.024977 prob=1.024977
turn=41 picked cell=7,11 target_cluster=Some(0) active_clusters=1 remaining_cells=82 scans=2
turn=41 result=KILL
turn=41 kill_infer inferred_len=5 committed_hits=4 cluster_hits=4
turn=42 picked cell=15,8 target_cluster=None active_clusters=0 remaining_cells=81 scans=2
turn=42 result=MISS
turn=43 picked cell=1,8 target_cluster=None active_clusters=0 remaining_cells=81 scans=2
turn=43 result=HIT
turn=44 mode=CHASE cluster=0 cluster_len=1 cell=1,7 score=100003.299164 chase_score=5100.299164 prob=3.299164
turn=44 picked cell=1,7 target_cluster=Some(0) active_clusters=1 remaining_cells=80 scans=2
turn=44 result=HIT
turn=45 mode=CHASE cluster=0 cluster_len=2 cell=1,6 score=200003.504040 chase_score=10314.504040 prob=3.504040
turn=45 picked cell=1,6 target_cluster=Some(0) active_clusters=1 remaining_cells=79 scans=2
turn=45 result=HIT
turn=46 mode=CHASE cluster=0 cluster_len=3 cell=1,5 score=300003.504040 chase_score=10243.504040 prob=3.504040
turn=46 picked cell=1,5 target_cluster=Some(0) active_clusters=1 remaining_cells=78 scans=2
turn=46 result=HIT
turn=47 mode=CHASE cluster=0 cluster_len=4 cell=1,9 score=400003.244563 chase_score=10175.244563 prob=3.244563
turn=47 picked cell=1,9 target_cluster=Some(0) active_clusters=1 remaining_cells=77 scans=2
turn=47 result=MISS
turn=48 mode=CHASE cluster=0 cluster_len=4 cell=1,4 score=400002.476269 chase_score=10062.476269 prob=2.476269
turn=48 picked cell=1,4 target_cluster=Some(0) active_clusters=1 remaining_cells=77 scans=2
turn=48 result=HIT
turn=49 mode=CHASE cluster=0 cluster_len=5 cell=1,3 score=500002.418106 chase_score=10052.418106 prob=2.418106
turn=49 picked cell=1,3 target_cluster=Some(0) active_clusters=1 remaining_cells=76 scans=2
turn=49 result=KILL
turn=49 kill_infer inferred_len=6 committed_hits=5 cluster_hits=5
turn=50 picked cell=8,15 target_cluster=None active_clusters=0 remaining_cells=75 scans=2
turn=50 result=MISS
turn=51 picked cell=16,9 target_cluster=None active_clusters=0 remaining_cells=75 scans=2
turn=51 result=MISS
turn=52 picked cell=9,16 target_cluster=None active_clusters=0 remaining_cells=75 scans=2
turn=52 result=HIT
turn=53 mode=CHASE cluster=0 cluster_len=1 cell=8,16 score=100003.931255 chase_score=5093.431255 prob=3.931255
turn=53 picked cell=8,16 target_cluster=Some(0) active_clusters=1 remaining_cells=74 scans=2
turn=53 result=HIT
turn=54 mode=CHASE cluster=0 cluster_len=2 cell=7,16 score=200003.965512 chase_score=10290.965512 prob=3.965512
turn=54 picked cell=7,16 target_cluster=Some(0) active_clusters=1 remaining_cells=73 scans=2
turn=54 result=HIT
turn=55 mode=CHASE cluster=0 cluster_len=3 cell=10,16 score=300003.780435 chase_score=10225.780435 prob=3.780435
turn=55 picked cell=10,16 target_cluster=Some(0) active_clusters=1 remaining_cells=72 scans=2
turn=55 result=HIT
turn=56 mode=CHASE cluster=0 cluster_len=4 cell=6,16 score=400003.729258 chase_score=10163.729258 prob=3.729258
turn=56 picked cell=6,16 target_cluster=Some(0) active_clusters=1 remaining_cells=71 scans=2
turn=56 result=MISS
turn=57 mode=CHASE cluster=0 cluster_len=4 cell=11,16 score=400002.498206 chase_score=10056.498206 prob=2.498206
turn=57 picked cell=11,16 target_cluster=Some(0) active_clusters=1 remaining_cells=71 scans=2
turn=57 result=KILL
turn=57 kill_infer inferred_len=5 committed_hits=4 cluster_hits=4
turn=58 picked cell=9,0 target_cluster=None active_clusters=0 remaining_cells=70 scans=2
turn=58 result=HIT
turn=59 mode=CHASE cluster=0 cluster_len=1 cell=8,0 score=100004.330521 chase_score=5088.830521 prob=4.330521
turn=59 picked cell=8,0 target_cluster=Some(0) active_clusters=1 remaining_cells=69 scans=2
turn=59 result=KILL
turn=59 kill_infer inferred_len=2 committed_hits=1 cluster_hits=1
turn=60 picked cell=0,9 target_cluster=None active_clusters=0 remaining_cells=68 scans=2
turn=60 result=MISS
turn=61 picked cell=13,6 target_cluster=None active_clusters=0 remaining_cells=68 scans=2
turn=61 result=MISS
turn=62 picked cell=14,5 target_cluster=None active_clusters=0 remaining_cells=68 scans=2
turn=62 result=MISS
turn=63 picked cell=12,7 target_cluster=None active_clusters=0 remaining_cells=68 scans=2
turn=63 result=MISS
turn=64 picked cell=11,5 target_cluster=None active_clusters=0 remaining_cells=68 scans=2
turn=64 result=MISS
turn=65 picked cell=5,2 target_cluster=None active_clusters=0 remaining_cells=68 scans=2
turn=65 result=HIT
turn=66 mode=CHASE cluster=0 cluster_len=1 cell=5,3 score=100004.294879 chase_score=5049.544879 prob=4.294879
turn=66 picked cell=5,3 target_cluster=Some(0) active_clusters=1 remaining_cells=67 scans=2
turn=66 result=MISS
turn=67 mode=CHASE cluster=0 cluster_len=1 cell=4,2 score=100004.325000 chase_score=5046.325000 prob=4.325000
turn=67 picked cell=4,2 target_cluster=Some(0) active_clusters=1 remaining_cells=67 scans=2
turn=67 result=HIT
turn=68 mode=CHASE cluster=0 cluster_len=2 cell=3,2 score=200006.065715 chase_score=10154.065715 prob=6.065715
turn=68 picked cell=3,2 target_cluster=Some(0) active_clusters=1 remaining_cells=66 scans=2
turn=68 result=HIT
turn=69 mode=CHASE cluster=0 cluster_len=3 cell=2,2 score=300006.427331 chase_score=10132.427331 prob=6.427331
turn=69 picked cell=2,2 target_cluster=Some(0) active_clusters=1 remaining_cells=65 scans=2
turn=69 result=HIT
turn=70 mode=CHASE cluster=0 cluster_len=4 cell=6,2 score=400006.427331 chase_score=10113.427331 prob=6.427331
turn=70 picked cell=6,2 target_cluster=Some(0) active_clusters=1 remaining_cells=64 scans=2
turn=70 result=HIT
turn=71 mode=CHASE cluster=0 cluster_len=5 cell=7,2 score=500003.088462 chase_score=10085.088462 prob=3.088462
turn=71 picked cell=7,2 target_cluster=Some(0) active_clusters=1 remaining_cells=63 scans=2
turn=71 result=HIT
turn=72 mode=CHASE cluster=0 cluster_len=6 cell=1,2 score=600002.497773 chase_score=10064.497773 prob=2.497773
turn=72 picked cell=1,2 target_cluster=Some(0) active_clusters=1 remaining_cells=62 scans=2
turn=72 result=HIT
turn=73 mode=CHASE cluster=0 cluster_len=7 cell=0,2 score=700004.125003 chase_score=10028.125003 prob=4.125003
turn=73 picked cell=0,2 target_cluster=Some(0) active_clusters=1 remaining_cells=61 scans=2
turn=73 result=HIT
turn=74 mode=CHASE cluster=0 cluster_len=8 cell=8,2 score=800001.293561 chase_score=10001.293561 prob=1.293561
turn=74 picked cell=8,2 target_cluster=Some(0) active_clusters=1 remaining_cells=60 scans=2
turn=74 result=KILL
turn=74 kill_infer inferred_len=8 committed_hits=7 cluster_hits=8
turn=75 mode=CHASE cluster=0 cluster_len=1 cell=0,3 score=100003.299676 chase_score=5038.549676 prob=3.299676
turn=75 picked cell=0,3 target_cluster=Some(0) active_clusters=1 remaining_cells=59 scans=2
turn=75 result=HIT
turn=76 mode=CHASE cluster=0 cluster_len=2 cell=0,4 score=200003.367003 chase_score=10129.367003 prob=3.367003
turn=76 picked cell=0,4 target_cluster=Some(0) active_clusters=1 remaining_cells=58 scans=2
turn=76 result=HIT
turn=77 mode=CHASE cluster=0 cluster_len=3 cell=0,5 score=300003.299676 chase_score=10113.299676 prob=3.299676
turn=77 picked cell=0,5 target_cluster=Some(0) active_clusters=1 remaining_cells=57 scans=2
turn=77 result=HIT
turn=78 mode=CHASE cluster=0 cluster_len=4 cell=0,6 score=400003.039048 chase_score=10094.039048 prob=3.039048
turn=78 picked cell=0,6 target_cluster=Some(0) active_clusters=1 remaining_cells=56 scans=2
turn=78 result=HIT
turn=79 mode=CHASE cluster=0 cluster_len=5 cell=0,1 score=500003.614086 chase_score=10069.614086 prob=3.614086
turn=79 picked cell=0,1 target_cluster=Some(0) active_clusters=1 remaining_cells=55 scans=2
turn=79 result=HIT
turn=80 mode=CHASE cluster=0 cluster_len=6 cell=0,7 score=600002.437517 chase_score=10048.437517 prob=2.437517
turn=80 picked cell=0,7 target_cluster=Some(0) active_clusters=1 remaining_cells=54 scans=2
turn=80 result=HIT
turn=81 mode=CHASE cluster=0 cluster_len=7 cell=0,0 score=700002.437517 chase_score=10018.437517 prob=2.437517
turn=81 picked cell=0,0 target_cluster=Some(0) active_clusters=1 remaining_cells=53 scans=2
turn=81 result=KILL
turn=81 kill_infer inferred_len=8 committed_hits=7 cluster_hits=7
turn=82 picked cell=15,13 target_cluster=None active_clusters=0 remaining_cells=52 scans=2
turn=82 result=HIT
turn=83 mode=CHASE cluster=0 cluster_len=1 cell=15,14 score=100003.948012 chase_score=5029.698012 prob=3.948012
turn=83 picked cell=15,14 target_cluster=Some(0) active_clusters=1 remaining_cells=51 scans=2
turn=83 result=MISS
turn=84 mode=CHASE cluster=0 cluster_len=1 cell=14,13 score=100003.684658 chase_score=5026.684658 prob=3.684658
turn=84 picked cell=14,13 target_cluster=Some(0) active_clusters=1 remaining_cells=51 scans=2
turn=84 result=HIT
turn=85 mode=CHASE cluster=0 cluster_len=2 cell=13,13 score=200004.366251 chase_score=10089.366251 prob=4.366251
turn=85 picked cell=13,13 target_cluster=Some(0) active_clusters=1 remaining_cells=50 scans=2
turn=85 result=HIT
turn=86 mode=CHASE cluster=0 cluster_len=3 cell=12,13 score=300004.555980 chase_score=10078.555980 prob=4.555980
turn=86 picked cell=12,13 target_cluster=Some(0) active_clusters=1 remaining_cells=49 scans=2
turn=86 result=HIT
turn=87 mode=CHASE cluster=0 cluster_len=4 cell=11,13 score=400004.443990 chase_score=10065.443990 prob=4.443990
turn=87 picked cell=11,13 target_cluster=Some(0) active_clusters=1 remaining_cells=48 scans=2
turn=87 result=HIT
turn=88 mode=CHASE cluster=0 cluster_len=5 cell=10,13 score=500004.254261 chase_score=10054.254261 prob=4.254261
turn=88 picked cell=10,13 target_cluster=Some(0) active_clusters=1 remaining_cells=47 scans=2
turn=88 result=HIT
turn=89 mode=CHASE cluster=0 cluster_len=6 cell=9,13 score=600003.572668 chase_score=10033.572668 prob=3.572668
turn=89 picked cell=9,13 target_cluster=Some(0) active_clusters=1 remaining_cells=46 scans=2
turn=89 result=HIT
turn=90 mode=CHASE cluster=0 cluster_len=7 cell=16,13 score=700002.746817 chase_score=10010.746817 prob=2.746817
turn=90 picked cell=16,13 target_cluster=Some(0) active_clusters=1 remaining_cells=45 scans=2
turn=90 result=KILL
turn=90 kill_infer inferred_len=8 committed_hits=7 cluster_hits=7
turn=91 picked cell=12,15 target_cluster=None active_clusters=0 remaining_cells=44 scans=2
turn=91 result=MISS
turn=92 picked cell=16,4 target_cluster=None active_clusters=0 remaining_cells=44 scans=2
turn=92 result=HIT
turn=93 mode=CHASE cluster=0 cluster_len=1 cell=16,3 score=100002.924187 chase_score=5032.924187 prob=2.924187
turn=93 picked cell=16,3 target_cluster=Some(0) active_clusters=1 remaining_cells=43 scans=2
turn=93 result=HIT
turn=94 mode=CHASE cluster=0 cluster_len=2 cell=16,5 score=200002.620488 chase_score=10102.620488 prob=2.620488
turn=94 picked cell=16,5 target_cluster=Some(0) active_clusters=1 remaining_cells=42 scans=2
turn=94 result=HIT
turn=95 mode=CHASE cluster=0 cluster_len=3 cell=16,2 score=300002.653432 chase_score=10080.653432 prob=2.653432
turn=95 picked cell=16,2 target_cluster=Some(0) active_clusters=1 remaining_cells=41 scans=2
turn=95 result=HIT
turn=96 mode=CHASE cluster=0 cluster_len=4 cell=16,6 score=400002.382678 chase_score=10061.382678 prob=2.382678
turn=96 picked cell=16,6 target_cluster=Some(0) active_clusters=1 remaining_cells=40 scans=2
turn=96 result=HIT
turn=97 mode=CHASE cluster=0 cluster_len=5 cell=16,1 score=500001.937660 chase_score=10035.937660 prob=1.937660
turn=97 picked cell=16,1 target_cluster=Some(0) active_clusters=1 remaining_cells=39 scans=2
turn=97 result=HIT
turn=98 mode=CHASE cluster=0 cluster_len=6 cell=16,7 score=600001.762737 chase_score=10015.762737 prob=1.762737
turn=98 picked cell=16,7 target_cluster=Some(0) active_clusters=1 remaining_cells=38 scans=2
turn=98 result=KILL
turn=98 kill_infer inferred_len=7 committed_hits=6 cluster_hits=6
turn=99 picked cell=4,12 target_cluster=None active_clusters=0 remaining_cells=37 scans=2
turn=99 result=MISS
turn=100 picked cell=1,15 target_cluster=None active_clusters=0 remaining_cells=37 scans=2
turn=100 result=KILL
turn=101 picked cell=0,14 target_cluster=None active_clusters=0 remaining_cells=36 scans=2
turn=101 result=MISS
turn=102 picked cell=6,8 target_cluster=None active_clusters=0 remaining_cells=36 scans=2
turn=102 result=MISS
turn=103 picked cell=11,14 target_cluster=None active_clusters=0 remaining_cells=36 scans=2
turn=103 result=MISS
turn=104 picked cell=11,8 target_cluster=None active_clusters=0 remaining_cells=36 scans=2
turn=104 result=HIT
turn=105 mode=CHASE cluster=0 cluster_len=1 cell=11,9 score=100001.598093 chase_score=5014.098093 prob=1.598093
turn=105 picked cell=11,9 target_cluster=Some(0) active_clusters=1 remaining_cells=35 scans=2
turn=105 result=MISS
turn=106 mode=CHASE cluster=0 cluster_len=1 cell=12,8 score=100001.519624 chase_score=5014.019624 prob=1.519624
turn=106 picked cell=12,8 target_cluster=Some(0) active_clusters=1 remaining_cells=35 scans=2
turn=106 result=HIT
turn=107 mode=CHASE cluster=0 cluster_len=2 cell=13,8 score=200001.697044 chase_score=10036.697044 prob=1.697044
turn=107 picked cell=13,8 target_cluster=Some(0) active_clusters=1 remaining_cells=34 scans=2
turn=107 result=HIT
turn=108 mode=CHASE cluster=0 cluster_len=3 cell=10,8 score=300001.046890 chase_score=10025.046890 prob=1.046890
turn=108 picked cell=10,8 target_cluster=Some(0) active_clusters=1 remaining_cells=33 scans=2
turn=108 result=HIT
turn=109 mode=CHASE cluster=0 cluster_len=4 cell=14,8 score=400001.821662 chase_score=10012.821662 prob=1.821662
turn=109 picked cell=14,8 target_cluster=Some(0) active_clusters=1 remaining_cells=32 scans=2
turn=109 result=HIT
turn=110 mode=CHASE cluster=0 cluster_len=5 cell=9,8 score=500000.783372 chase_score=10006.783372 prob=0.783372
turn=110 picked cell=9,8 target_cluster=Some(0) active_clusters=1 remaining_cells=31 scans=2
turn=110 result=KILL
turn=110 kill_infer inferred_len=6 committed_hits=5 cluster_hits=5
turn=111 picked cell=2,8 target_cluster=None active_clusters=0 remaining_cells=30 scans=2
turn=111 result=HIT
turn=112 mode=CHASE cluster=0 cluster_len=1 cell=2,7 score=100002.321150 chase_score=5018.071150 prob=2.321150
turn=112 picked cell=2,7 target_cluster=Some(0) active_clusters=1 remaining_cells=29 scans=2
turn=112 result=HIT
turn=113 mode=CHASE cluster=0 cluster_len=2 cell=2,6 score=200002.624630 chase_score=10050.624630 prob=2.624630
turn=113 picked cell=2,6 target_cluster=Some(0) active_clusters=1 remaining_cells=28 scans=2
turn=113 result=HIT
turn=114 mode=CHASE cluster=0 cluster_len=3 cell=2,5 score=300002.370187 chase_score=10034.370187 prob=2.370187
turn=114 picked cell=2,5 target_cluster=Some(0) active_clusters=1 remaining_cells=27 scans=2
turn=114 result=HIT
turn=115 mode=CHASE cluster=0 cluster_len=4 cell=2,4 score=400002.066707 chase_score=10021.066707 prob=2.066707
turn=115 picked cell=2,4 target_cluster=Some(0) active_clusters=1 remaining_cells=26 scans=2
turn=115 result=HIT
turn=116 mode=CHASE cluster=0 cluster_len=5 cell=2,9 score=500001.702169 chase_score=10015.702169 prob=1.702169
turn=116 picked cell=2,9 target_cluster=Some(0) active_clusters=1 remaining_cells=25 scans=2
turn=116 result=HIT
turn=117 mode=CHASE cluster=0 cluster_len=6 cell=2,10 score=600001.563758 chase_score=10008.563758 prob=1.563758
turn=117 picked cell=2,10 target_cluster=Some(0) active_clusters=1 remaining_cells=24 scans=2
turn=117 result=MISS
turn=118 mode=CHASE cluster=0 cluster_len=6 cell=2,3 score=600001.093872 chase_score=10008.093872 prob=1.093872
turn=118 picked cell=2,3 target_cluster=Some(0) active_clusters=1 remaining_cells=24 scans=2
turn=118 result=KILL
turn=118 kill_infer inferred_len=7 committed_hits=6 cluster_hits=6
turn=119 picked cell=13,10 target_cluster=None active_clusters=0 remaining_cells=23 scans=2
turn=119 result=HIT
turn=120 mode=CHASE cluster=0 cluster_len=1 cell=14,10 score=100000.677151 chase_score=5011.677151 prob=0.677151
turn=120 picked cell=14,10 target_cluster=Some(0) active_clusters=1 remaining_cells=22 scans=2
turn=120 result=HIT
turn=121 mode=CHASE cluster=0 cluster_len=2 cell=15,10 score=200000.677151 chase_score=10029.677151 prob=0.677151
turn=121 picked cell=15,10 target_cluster=Some(0) active_clusters=1 remaining_cells=21 scans=2
turn=121 result=HIT
turn=122 mode=CHASE cluster=0 cluster_len=3 cell=12,10 score=300000.564543 chase_score=10018.564543 prob=0.564543
turn=122 picked cell=12,10 target_cluster=Some(0) active_clusters=1 remaining_cells=20 scans=2
turn=122 result=MISS
turn=123 mode=CHASE cluster=0 cluster_len=3 cell=16,10 score=300000.245079 chase_score=10008.245079 prob=0.245079
turn=123 picked cell=16,10 target_cluster=Some(0) active_clusters=1 remaining_cells=20 scans=2
turn=123 result=KILL
turn=123 kill_infer inferred_len=4 committed_hits=3 cluster_hits=3
turn=124 picked cell=3,14 target_cluster=None active_clusters=0 remaining_cells=19 scans=2
turn=124 result=MISS
turn=125 picked cell=5,15 target_cluster=None active_clusters=0 remaining_cells=19 scans=2
turn=125 result=HIT
turn=126 mode=CHASE cluster=0 cluster_len=1 cell=4,15 score=100000.687606 chase_score=5008.687606 prob=0.687606
turn=126 picked cell=4,15 target_cluster=Some(0) active_clusters=1 remaining_cells=18 scans=2
turn=126 result=MISS
turn=127 mode=CHASE cluster=0 cluster_len=1 cell=5,14 score=100000.496692 chase_score=5006.246692 prob=0.496692
turn=127 picked cell=5,14 target_cluster=Some(0) active_clusters=1 remaining_cells=18 scans=2
turn=127 result=HIT
turn=128 mode=CHASE cluster=0 cluster_len=2 cell=5,13 score=200000.571491 chase_score=10016.571491 prob=0.571491
turn=128 picked cell=5,13 target_cluster=Some(0) active_clusters=1 remaining_cells=17 scans=2
turn=128 result=HIT
turn=129 mode=CHASE cluster=0 cluster_len=3 cell=5,16 score=300000.455960 chase_score=10009.455960 prob=0.455960
turn=129 picked cell=5,16 target_cluster=Some(0) active_clusters=1 remaining_cells=16 scans=2
turn=129 result=HIT
turn=130 mode=CHASE cluster=0 cluster_len=4 cell=5,12 score=400000.366701 chase_score=10005.366701 prob=0.366701
turn=130 picked cell=5,12 target_cluster=Some(0) active_clusters=1 remaining_cells=15 scans=2
turn=130 result=KILL
turn=130 kill_infer inferred_len=5 committed_hits=4 cluster_hits=4
turn=131 picked cell=8,12 target_cluster=None active_clusters=0 remaining_cells=14 scans=2
turn=131 result=MISS
turn=132 picked cell=13,11 target_cluster=None active_clusters=0 remaining_cells=14 scans=2
turn=132 result=HIT
turn=133 mode=CHASE cluster=0 cluster_len=1 cell=14,11 score=100000.313871 chase_score=5005.813871 prob=0.313871
turn=133 picked cell=14,11 target_cluster=Some(0) active_clusters=1 remaining_cells=13 scans=2
turn=133 result=HIT
turn=134 mode=CHASE cluster=0 cluster_len=2 cell=15,11 score=200000.269340 chase_score=10011.269340 prob=0.269340
turn=134 picked cell=15,11 target_cluster=Some(0) active_clusters=1 remaining_cells=12 scans=2
turn=134 result=KILL
turn=134 kill_infer inferred_len=3 committed_hits=2 cluster_hits=2
turn=135 picked cell=12,3 target_cluster=None active_clusters=0 remaining_cells=11 scans=2
turn=135 result=MISS
turn=136 picked cell=13,2 target_cluster=None active_clusters=0 remaining_cells=11 scans=2
turn=136 result=MISS
turn=137 picked cell=15,4 target_cluster=None active_clusters=0 remaining_cells=11 scans=2
turn=137 result=MISS
turn=138 picked cell=14,1 target_cluster=None active_clusters=0 remaining_cells=11 scans=2
turn=138 result=KILL
turn=139 picked cell=7,9 target_cluster=None active_clusters=0 remaining_cells=10 scans=2
turn=139 result=HIT
turn=140 mode=CHASE cluster=0 cluster_len=1 cell=6,9 score=100000.200694 chase_score=5002.200694 prob=0.200694
turn=140 picked cell=6,9 target_cluster=Some(0) active_clusters=1 remaining_cells=9 scans=2
turn=140 result=KILL
turn=140 kill_infer inferred_len=2 committed_hits=1 cluster_hits=1
turn=141 picked cell=13,0 target_cluster=None active_clusters=0 remaining_cells=8 scans=2
turn=141 result=MISS
turn=142 picked cell=9,5 target_cluster=None active_clusters=0 remaining_cells=8 scans=2
turn=142 result=MISS
turn=143 picked cell=11,2 target_cluster=None active_clusters=0 remaining_cells=8 scans=2
turn=143 result=KILL
turn=144 picked cell=13,9 target_cluster=None active_clusters=0 remaining_cells=7 scans=2
turn=144 result=MISS
turn=145 picked cell=13,16 target_cluster=None active_clusters=0 remaining_cells=7 scans=2
turn=145 result=MISS
turn=146 picked cell=14,15 target_cluster=None active_clusters=0 remaining_cells=7 scans=2
turn=146 result=MISS
turn=147 picked cell=13,4 target_cluster=None active_clusters=0 remaining_cells=7 scans=2
turn=147 result=HIT
turn=148 mode=CHASE cluster=0 cluster_len=1 cell=12,4 score=100000.194425 chase_score=5001.694425 prob=0.194425
turn=148 picked cell=12,4 target_cluster=Some(0) active_clusters=1 remaining_cells=6 scans=2
turn=148 result=HIT
turn=149 mode=CHASE cluster=0 cluster_len=2 cell=11,4 score=200000.168629 chase_score=10004.168629 prob=0.168629
turn=149 picked cell=11,4 target_cluster=Some(0) active_clusters=1 remaining_cells=5 scans=2
turn=149 result=MISS
turn=150 mode=CHASE cluster=0 cluster_len=2 cell=14,4 score=200000.076126 chase_score=10000.076126 prob=0.076126
turn=150 picked cell=14,4 target_cluster=Some(0) active_clusters=1 remaining_cells=5 scans=2
turn=150 result=KILL
turn=150 kill_infer inferred_len=2 committed_hits=1 cluster_hits=2
turn=151 mode=CHASE cluster=0 cluster_len=1 cell=12,5 score=100000.029309 chase_score=5000.029309 prob=0.029309
turn=151 picked cell=12,5 target_cluster=Some(0) active_clusters=1 remaining_cells=4 scans=2
turn=151 result=MISS
turn=152 picked cell=1,13 target_cluster=None active_clusters=1 remaining_cells=4 scans=2
turn=152 result=MISS
turn=153 picked cell=2,16 target_cluster=None active_clusters=1 remaining_cells=4 scans=2
turn=153 result=HIT
turn=154 mode=CHASE cluster=1 cluster_len=1 cell=3,16 score=100000.277957 chase_score=5002.277957 prob=0.277957
turn=154 picked cell=3,16 target_cluster=Some(1) active_clusters=2 remaining_cells=3 scans=2
turn=154 result=MISS
turn=155 mode=CHASE cluster=1 cluster_len=1 cell=2,15 score=100000.296783 chase_score=5001.296783 prob=0.296783
turn=155 picked cell=2,15 target_cluster=Some(1) active_clusters=2 remaining_cells=3 scans=2
turn=155 result=MISS
turn=156 mode=CHASE cluster=1 cluster_len=1 cell=1,16 score=100000.036948 chase_score=5000.036948 prob=0.036948
turn=156 picked cell=1,16 target_cluster=Some(1) active_clusters=2 remaining_cells=3 scans=2
turn=156 result=KILL
turn=156 kill_infer inferred_len=2 committed_hits=1 cluster_hits=1
turn=157 picked cell=7,8 target_cluster=None active_clusters=1 remaining_cells=2 scans=2
turn=157 result=MISS
turn=158 picked cell=9,6 target_cluster=None active_clusters=1 remaining_cells=2 scans=2
turn=158 result=MISS
turn=159 picked cell=7,7 target_cluster=None active_clusters=1 remaining_cells=2 scans=2
turn=159 result=MISS
turn=160 picked cell=5,8 target_cluster=None active_clusters=1 remaining_cells=2 scans=2
turn=160 result=MISS
turn=161 picked cell=6,7 target_cluster=None active_clusters=1 remaining_cells=2 scans=2
turn=161 result=MISS
turn=162 picked cell=9,9 target_cluster=None active_clusters=1 remaining_cells=2 scans=2
turn=162 result=MISS
turn=163 picked cell=9,10 target_cluster=None active_clusters=1 remaining_cells=2 scans=2
turn=163 result=MISS
turn=164 picked cell=11,7 target_cluster=None active_clusters=1 remaining_cells=2 scans=2
turn=164 result=MISS
turn=165 picked cell=6,6 target_cluster=None active_clusters=1 remaining_cells=2 scans=2
turn=165 result=MISS
turn=166 picked cell=7,5 target_cluster=None active_clusters=1 remaining_cells=2 scans=2
turn=166 result=MISS
turn=167 picked cell=4,8 target_cluster=None active_clusters=1 remaining_cells=2 scans=2
turn=167 result=MISS
turn=168 picked cell=8,13 target_cluster=None active_clusters=1 remaining_cells=2 scans=2
turn=168 result=MISS
turn=169 picked cell=8,11 target_cluster=None active_clusters=1 remaining_cells=2 scans=2
turn=169 result=MISS
turn=170 picked cell=7,10 target_cluster=None active_clusters=1 remaining_cells=2 scans=2
turn=170 result=MISS
turn=171 picked cell=5,9 target_cluster=None active_clusters=1 remaining_cells=2 scans=2
turn=171 result=MISS
turn=172 picked cell=5,7 target_cluster=None active_clusters=1 remaining_cells=2 scans=2
turn=172 result=MISS
turn=173 picked cell=4,9 target_cluster=None active_clusters=1 remaining_cells=2 scans=2
turn=173 result=MISS
turn=174 picked cell=6,10 target_cluster=None active_clusters=1 remaining_cells=2 scans=2
turn=174 result=MISS
turn=175 picked cell=11,6 target_cluster=None active_clusters=1 remaining_cells=2 scans=2
turn=175 result=MISS
turn=176 picked cell=5,6 target_cluster=None active_clusters=1 remaining_cells=2 scans=2
turn=176 result=MISS
turn=177 picked cell=12,9 target_cluster=None active_clusters=1 remaining_cells=2 scans=2
turn=177 result=MISS
turn=178 picked cell=7,4 target_cluster=None active_clusters=1 remaining_cells=2 scans=2
turn=178 result=MISS
turn=179 picked cell=3,8 target_cluster=None active_clusters=1 remaining_cells=2 scans=2
turn=179 result=MISS
turn=180 picked cell=7,12 target_cluster=None active_clusters=1 remaining_cells=2 scans=2
turn=180 result=MISS
turn=181 picked cell=6,5 target_cluster=None active_clusters=1 remaining_cells=2 scans=2
turn=181 result=MISS
turn=182 picked cell=4,6 target_cluster=None active_clusters=1 remaining_cells=2 scans=2
turn=182 result=MISS
turn=183 picked cell=8,14 target_cluster=None active_clusters=1 remaining_cells=2 scans=2
turn=183 result=MISS
turn=184 picked cell=11,10 target_cluster=None active_clusters=1 remaining_cells=2 scans=2
turn=184 result=MISS
turn=185 picked cell=9,4 target_cluster=None active_clusters=1 remaining_cells=2 scans=2
turn=185 result=MISS
turn=186 picked cell=9,3 target_cluster=None active_clusters=1 remaining_cells=2 scans=2
turn=186 result=MISS
turn=187 picked cell=14,9 target_cluster=None active_clusters=1 remaining_cells=2 scans=2
turn=187 result=MISS
turn=188 picked cell=6,4 target_cluster=None active_clusters=1 remaining_cells=2 scans=2
turn=188 result=MISS
turn=189 picked cell=4,10 target_cluster=None active_clusters=1 remaining_cells=2 scans=2
turn=189 result=MISS
turn=190 picked cell=3,7 target_cluster=None active_clusters=1 remaining_cells=2 scans=2
turn=190 result=MISS
turn=191 picked cell=13,7 target_cluster=None active_clusters=1 remaining_cells=2 scans=2
turn=191 result=MISS
turn=192 picked cell=6,12 target_cluster=None active_clusters=1 remaining_cells=2 scans=2
turn=192 result=MISS
turn=193 picked cell=5,4 target_cluster=None active_clusters=1 remaining_cells=2 scans=2
turn=193 result=MISS
turn=194 picked cell=11,11 target_cluster=None active_clusters=1 remaining_cells=2 scans=2
turn=194 result=HIT
turn=195 mode=CHASE cluster=1 cluster_len=1 cell=12,11 score=100000.000000 chase_score=5000.000000 prob=0.000000
turn=195 picked cell=12,11 target_cluster=Some(1) active_clusters=2 remaining_cells=1 scans=2
turn=195 result=KILL
turn=195 kill_infer inferred_len=2 committed_hits=1 cluster_hits=1
