turn=1 mode=SCAN region=0,0,8,17
turn=1 result=SCAN count=37
turn=2 mode=SCAN region=0,0,17,8
turn=2 result=SCAN count=48
turn=3 picked cell=9,8 target_cluster=None active_clusters=0 remaining_cells=87 scans=2
turn=3 result=MISS
turn=4 picked cell=10,7 target_cluster=None active_clusters=0 remaining_cells=87 scans=2
turn=4 result=HIT
turn=5 mode=CHASE cluster=0 cluster_len=1 cell=9,7 score=100001.508541 chase_score=5116.508541 prob=1.508541
turn=5 picked cell=9,7 target_cluster=Some(0) active_clusters=1 remaining_cells=86 scans=2
turn=5 result=MISS
turn=6 mode=CHASE cluster=0 cluster_len=1 cell=10,8 score=100001.539962 chase_score=5116.539962 prob=1.539962
turn=6 picked cell=10,8 target_cluster=Some(0) active_clusters=1 remaining_cells=86 scans=2
turn=6 result=MISS
turn=7 mode=CHASE cluster=0 cluster_len=1 cell=11,7 score=100001.664430 chase_score=5018.664430 prob=1.664430
turn=7 picked cell=11,7 target_cluster=Some(0) active_clusters=1 remaining_cells=86 scans=2
turn=7 result=HIT
turn=8 mode=CHASE cluster=0 cluster_len=2 cell=12,7 score=200001.727644 chase_score=10065.727644 prob=1.727644
turn=8 picked cell=12,7 target_cluster=Some(0) active_clusters=1 remaining_cells=85 scans=2
turn=8 result=HIT
turn=9 mode=CHASE cluster=0 cluster_len=3 cell=13,7 score=300001.777805 chase_score=10059.777805 prob=1.777805
turn=9 picked cell=13,7 target_cluster=Some(0) active_clusters=1 remaining_cells=84 scans=2
turn=9 result=MISS
turn=10 mode=CHASE cluster=0 cluster_len=3 cell=11,6 score=300002.625848 chase_score=5002.625848 prob=2.625848
turn=10 picked cell=11,6 target_cluster=Some(0) active_clusters=1 remaining_cells=84 scans=2
turn=10 result=HIT
turn=11 mode=CHASE cluster=0 cluster_len=4 cell=12,6 score=400002.479378 chase_score=5002.479378 prob=2.479378
turn=11 picked cell=12,6 target_cluster=Some(0) active_clusters=1 remaining_cells=83 scans=2
turn=11 result=HIT
turn=12 mode=CHASE cluster=0 cluster_len=5 cell=11,5 score=500002.479378 chase_score=5002.479378 prob=2.479378
turn=12 picked cell=11,5 target_cluster=Some(0) active_clusters=1 remaining_cells=82 scans=2
turn=12 result=HIT
turn=13 mode=CHASE cluster=0 cluster_len=6 cell=12,5 score=600002.332908 chase_score=5002.332908 prob=2.332908
turn=13 picked cell=12,5 target_cluster=Some(0) active_clusters=1 remaining_cells=81 scans=2
turn=13 result=HIT
turn=14 mode=CHASE cluster=0 cluster_len=7 cell=11,4 score=700002.332908 chase_score=5002.332908 prob=2.332908
turn=14 picked cell=11,4 target_cluster=Some(0) active_clusters=1 remaining_cells=80 scans=2
turn=14 result=HIT
turn=15 mode=CHASE cluster=0 cluster_len=8 cell=12,4 score=800002.186438 chase_score=5002.186438 prob=2.186438
turn=15 picked cell=12,4 target_cluster=Some(0) active_clusters=1 remaining_cells=79 scans=2
turn=15 result=HIT
turn=16 mode=CHASE cluster=0 cluster_len=9 cell=11,3 score=900002.162713 chase_score=5002.162713 prob=2.162713
turn=16 picked cell=11,3 target_cluster=Some(0) active_clusters=1 remaining_cells=78 scans=2
turn=16 result=HIT
turn=17 mode=CHASE cluster=0 cluster_len=10 cell=12,3 score=1000002.016243 chase_score=5002.016243 prob=2.016243
turn=17 picked cell=12,3 target_cluster=Some(0) active_clusters=1 remaining_cells=77 scans=2
turn=17 result=HIT
turn=18 mode=CHASE cluster=0 cluster_len=11 cell=11,2 score=1100001.965059 chase_score=5001.965059 prob=1.965059
turn=18 picked cell=11,2 target_cluster=Some(0) active_clusters=1 remaining_cells=76 scans=2
turn=18 result=HIT
turn=19 mode=CHASE cluster=0 cluster_len=12 cell=12,2 score=1200001.818589 chase_score=5001.818589 prob=1.818589
turn=19 picked cell=12,2 target_cluster=Some(0) active_clusters=1 remaining_cells=75 scans=2
turn=19 result=HIT
turn=20 mode=CHASE cluster=0 cluster_len=13 cell=10,4 score=1300001.817614 chase_score=5001.817614 prob=1.817614
turn=20 picked cell=10,4 target_cluster=Some(0) active_clusters=1 remaining_cells=74 scans=2
turn=20 result=HIT
turn=21 mode=CHASE cluster=0 cluster_len=14 cell=10,3 score=1400001.817614 chase_score=5001.817614 prob=1.817614
turn=21 picked cell=10,3 target_cluster=Some(0) active_clusters=1 remaining_cells=73 scans=2
turn=21 result=HIT
turn=22 mode=CHASE cluster=0 cluster_len=15 cell=10,5 score=1500001.766430 chase_score=5001.766430 prob=1.766430
turn=22 picked cell=10,5 target_cluster=Some(0) active_clusters=1 remaining_cells=72 scans=2
turn=22 result=HIT
turn=23 mode=CHASE cluster=0 cluster_len=16 cell=10,2 score=1600001.766430 chase_score=5001.766430 prob=1.766430
turn=23 picked cell=10,2 target_cluster=Some(0) active_clusters=1 remaining_cells=71 scans=2
turn=23 result=HIT
turn=24 mode=CHASE cluster=0 cluster_len=17 cell=11,1 score=1700001.754117 chase_score=5001.754117 prob=1.754117
turn=24 picked cell=11,1 target_cluster=Some(0) active_clusters=1 remaining_cells=70 scans=2
turn=24 result=HIT
turn=25 mode=CHASE cluster=0 cluster_len=18 cell=9,3 score=1800001.751737 chase_score=5001.751737 prob=1.751737
turn=25 picked cell=9,3 target_cluster=Some(0) active_clusters=1 remaining_cells=69 scans=2
turn=25 result=MISS
turn=26 mode=CHASE cluster=0 cluster_len=18 cell=10,6 score=1800001.740487 chase_score=5001.740487 prob=1.740487
turn=26 picked cell=10,6 target_cluster=Some(0) active_clusters=1 remaining_cells=69 scans=2
turn=26 result=HIT
turn=27 mode=CHASE cluster=0 cluster_len=19 cell=10,1 score=1900001.740487 chase_score=5001.740487 prob=1.740487
turn=27 picked cell=10,1 target_cluster=Some(0) active_clusters=1 remaining_cells=68 scans=2
turn=27 result=KILL
turn=27 kill_infer inferred_len=7 committed_hits=6 cluster_hits=19
turn=28 mode=CHASE cluster=0 cluster_len=13 cell=12,8 score=1300001.733652 chase_score=5001.733652 prob=1.733652
turn=28 picked cell=12,8 target_cluster=Some(0) active_clusters=1 remaining_cells=67 scans=2
turn=28 result=HIT
turn=29 mode=CHASE cluster=0 cluster_len=14 cell=12,9 score=1400002.717014 chase_score=5002.717014 prob=2.717014
turn=29 picked cell=12,9 target_cluster=Some(0) active_clusters=1 remaining_cells=66 scans=2
turn=29 result=HIT
turn=30 mode=CHASE cluster=0 cluster_len=15 cell=11,9 score=1500002.865259 chase_score=5002.865259 prob=2.865259
turn=30 picked cell=11,9 target_cluster=Some(0) active_clusters=1 remaining_cells=65 scans=2
turn=30 result=MISS
turn=31 mode=CHASE cluster=0 cluster_len=15 cell=12,10 score=1500002.775043 chase_score=5002.775043 prob=2.775043
turn=31 picked cell=12,10 target_cluster=Some(0) active_clusters=1 remaining_cells=65 scans=2
turn=31 result=MISS
turn=32 mode=CHASE cluster=0 cluster_len=15 cell=11,0 score=1500001.730878 chase_score=5001.730878 prob=1.730878
turn=32 picked cell=11,0 target_cluster=Some(0) active_clusters=1 remaining_cells=65 scans=2
turn=32 result=KILL
turn=32 kill_infer inferred_len=8 committed_hits=7 cluster_hits=15
turn=33 mode=CHASE cluster=0 cluster_len=8 cell=12,1 score=800000.551596 chase_score=10018.551596 prob=0.551596
turn=33 picked cell=12,1 target_cluster=Some(0) active_clusters=1 remaining_cells=64 scans=2
turn=33 result=KILL
turn=33 kill_infer inferred_len=9 committed_hits=8 cluster_hits=8
turn=34 picked cell=8,11 target_cluster=None active_clusters=0 remaining_cells=63 scans=2
turn=34 result=HIT
turn=35 mode=CHASE cluster=0 cluster_len=1 cell=7,11 score=100002.174186 chase_score=5074.674186 prob=2.174186
turn=35 picked cell=7,11 target_cluster=Some(0) active_clusters=1 remaining_cells=62 scans=2
turn=35 result=MISS
turn=36 mode=CHASE cluster=0 cluster_len=1 cell=8,10 score=100001.915170 chase_score=5072.165170 prob=1.915170
turn=36 picked cell=8,10 target_cluster=Some(0) active_clusters=1 remaining_cells=62 scans=2
turn=36 result=MISS
turn=37 mode=CHASE cluster=0 cluster_len=1 cell=9,11 score=100000.946295 chase_score=5016.446295 prob=0.946295
turn=37 picked cell=9,11 target_cluster=Some(0) active_clusters=1 remaining_cells=62 scans=2
turn=37 result=MISS
turn=38 mode=CHASE cluster=0 cluster_len=1 cell=8,12 score=100001.517459 chase_score=5014.767459 prob=1.517459
turn=38 picked cell=8,12 target_cluster=Some(0) active_clusters=1 remaining_cells=62 scans=2
turn=38 result=HIT
turn=39 mode=CHASE cluster=0 cluster_len=2 cell=8,13 score=200001.601218 chase_score=10050.601218 prob=1.601218
turn=39 picked cell=8,13 target_cluster=Some(0) active_clusters=1 remaining_cells=61 scans=2
turn=39 result=HIT
turn=40 mode=CHASE cluster=0 cluster_len=3 cell=8,14 score=300001.636739 chase_score=10044.636739 prob=1.636739
turn=40 picked cell=8,14 target_cluster=Some(0) active_clusters=1 remaining_cells=60 scans=2
turn=40 result=HIT
turn=41 mode=CHASE cluster=0 cluster_len=4 cell=8,15 score=400001.601218 chase_score=10032.601218 prob=1.601218
turn=41 picked cell=8,15 target_cluster=Some(0) active_clusters=1 remaining_cells=59 scans=2
turn=41 result=HIT
turn=42 mode=CHASE cluster=0 cluster_len=5 cell=8,16 score=500001.517459 chase_score=10022.517459 prob=1.517459
turn=42 picked cell=8,16 target_cluster=Some(0) active_clusters=1 remaining_cells=58 scans=2
turn=42 result=HIT
turn=43 mode=CHASE cluster=0 cluster_len=6 cell=8,17 score=600001.422880 chase_score=10022.422880 prob=1.422880
turn=43 picked cell=8,17 target_cluster=Some(0) active_clusters=1 remaining_cells=57 scans=2
turn=43 result=KILL
turn=43 kill_infer inferred_len=7 committed_hits=6 cluster_hits=6
turn=44 picked cell=6,9 target_cluster=None active_clusters=0 remaining_cells=56 scans=2
turn=44 result=MISS
turn=45 picked cell=4,8 target_cluster=None active_clusters=0 remaining_cells=56 scans=2
turn=45 result=MISS
turn=46 picked cell=5,6 target_cluster=None active_clusters=0 remaining_cells=56 scans=2
turn=46 result=HIT
turn=47 mode=CHASE cluster=0 cluster_len=1 cell=5,7 score=100002.027971 chase_score=5061.777971 prob=2.027971
turn=47 picked cell=5,7 target_cluster=Some(0) active_clusters=1 remaining_cells=55 scans=2
turn=47 result=MISS
turn=48 mode=CHASE cluster=0 cluster_len=1 cell=6,6 score=100001.441935 chase_score=5042.941935 prob=1.441935
turn=48 picked cell=6,6 target_cluster=Some(0) active_clusters=1 remaining_cells=55 scans=2
turn=48 result=HIT
turn=49 mode=CHASE cluster=0 cluster_len=2 cell=4,6 score=200001.246611 chase_score=10135.246611 prob=1.246611
turn=49 picked cell=4,6 target_cluster=Some(0) active_clusters=1 remaining_cells=54 scans=2
turn=49 result=HIT
turn=50 mode=CHASE cluster=0 cluster_len=3 cell=3,6 score=300002.207582 chase_score=10108.207582 prob=2.207582
turn=50 picked cell=3,6 target_cluster=Some(0) active_clusters=1 remaining_cells=53 scans=2
turn=50 result=KILL
turn=50 kill_infer inferred_len=4 committed_hits=3 cluster_hits=3
turn=51 picked cell=14,12 target_cluster=None active_clusters=0 remaining_cells=52 scans=2
turn=51 result=HIT
turn=52 mode=CHASE cluster=0 cluster_len=1 cell=14,11 score=100001.976674 chase_score=5056.476674 prob=1.976674
turn=52 picked cell=14,11 target_cluster=Some(0) active_clusters=1 remaining_cells=51 scans=2
turn=52 result=HIT
turn=53 mode=CHASE cluster=0 cluster_len=2 cell=14,10 score=200001.679525 chase_score=10177.679525 prob=1.679525
turn=53 picked cell=14,10 target_cluster=Some(0) active_clusters=1 remaining_cells=50 scans=2
turn=53 result=HIT
turn=54 mode=CHASE cluster=0 cluster_len=3 cell=14,9 score=300001.746214 chase_score=10139.746214 prob=1.746214
turn=54 picked cell=14,9 target_cluster=Some(0) active_clusters=1 remaining_cells=49 scans=2
turn=54 result=MISS
turn=55 mode=CHASE cluster=0 cluster_len=3 cell=14,13 score=300001.307628 chase_score=10033.307628 prob=1.307628
turn=55 picked cell=14,13 target_cluster=Some(0) active_clusters=1 remaining_cells=49 scans=2
turn=55 result=HIT
turn=56 mode=CHASE cluster=0 cluster_len=4 cell=14,14 score=400001.307628 chase_score=10025.307628 prob=1.307628
turn=56 picked cell=14,14 target_cluster=Some(0) active_clusters=1 remaining_cells=48 scans=2
turn=56 result=HIT
turn=57 mode=CHASE cluster=0 cluster_len=5 cell=14,15 score=500001.228843 chase_score=10015.228843 prob=1.228843
turn=57 picked cell=14,15 target_cluster=Some(0) active_clusters=1 remaining_cells=47 scans=2
turn=57 result=HIT
turn=58 mode=CHASE cluster=0 cluster_len=6 cell=14,16 score=600001.126399 chase_score=10015.126399 prob=1.126399
turn=58 picked cell=14,16 target_cluster=Some(0) active_clusters=1 remaining_cells=46 scans=2
turn=58 result=KILL
turn=58 kill_infer inferred_len=7 committed_hits=6 cluster_hits=6
turn=59 picked cell=2,10 target_cluster=None active_clusters=0 remaining_cells=45 scans=2
turn=59 result=MISS
turn=60 picked cell=1,9 target_cluster=None active_clusters=0 remaining_cells=45 scans=2
turn=60 result=MISS
turn=61 picked cell=0,8 target_cluster=None active_clusters=0 remaining_cells=45 scans=2
turn=61 result=HIT
turn=62 mode=CHASE cluster=0 cluster_len=1 cell=0,7 score=100001.851088 chase_score=5050.351088 prob=1.851088
turn=62 picked cell=0,7 target_cluster=Some(0) active_clusters=1 remaining_cells=44 scans=2
turn=62 result=HIT
turn=63 mode=CHASE cluster=0 cluster_len=2 cell=0,9 score=200001.799249 chase_score=10151.799249 prob=1.799249
turn=63 picked cell=0,9 target_cluster=Some(0) active_clusters=1 remaining_cells=43 scans=2
turn=63 result=HIT
turn=64 mode=CHASE cluster=0 cluster_len=3 cell=0,10 score=300001.722677 chase_score=10111.722677 prob=1.722677
turn=64 picked cell=0,10 target_cluster=Some(0) active_clusters=1 remaining_cells=42 scans=2
turn=64 result=HIT
turn=65 mode=CHASE cluster=0 cluster_len=4 cell=0,11 score=400001.806560 chase_score=10077.806560 prob=1.806560
turn=65 picked cell=0,11 target_cluster=Some(0) active_clusters=1 remaining_cells=41 scans=2
turn=65 result=KILL
turn=65 kill_infer inferred_len=5 committed_hits=4 cluster_hits=4
turn=66 picked cell=15,8 target_cluster=None active_clusters=0 remaining_cells=40 scans=2
turn=66 result=MISS
turn=67 picked cell=16,9 target_cluster=None active_clusters=0 remaining_cells=40 scans=2
turn=67 result=HIT
turn=68 mode=CHASE cluster=0 cluster_len=1 cell=16,8 score=100002.161393 chase_score=5045.661393 prob=2.161393
turn=68 picked cell=16,8 target_cluster=Some(0) active_clusters=1 remaining_cells=39 scans=2
turn=68 result=HIT
turn=69 mode=CHASE cluster=0 cluster_len=2 cell=16,7 score=200002.180536 chase_score=10137.180536 prob=2.180536
turn=69 picked cell=16,7 target_cluster=Some(0) active_clusters=1 remaining_cells=38 scans=2
turn=69 result=HIT
turn=70 mode=CHASE cluster=0 cluster_len=3 cell=16,6 score=300002.138733 chase_score=10102.138733 prob=2.138733
turn=70 picked cell=16,6 target_cluster=Some(0) active_clusters=1 remaining_cells=37 scans=2
turn=70 result=HIT
turn=71 mode=CHASE cluster=0 cluster_len=4 cell=16,10 score=400002.092669 chase_score=10073.092669 prob=2.092669
turn=71 picked cell=16,10 target_cluster=Some(0) active_clusters=1 remaining_cells=36 scans=2
turn=71 result=HIT
turn=72 mode=CHASE cluster=0 cluster_len=5 cell=16,11 score=500001.964490 chase_score=10051.964490 prob=1.964490
turn=72 picked cell=16,11 target_cluster=Some(0) active_clusters=1 remaining_cells=35 scans=2
turn=72 result=HIT
turn=73 mode=CHASE cluster=0 cluster_len=6 cell=16,5 score=600001.947993 chase_score=10035.947993 prob=1.947993
turn=73 picked cell=16,5 target_cluster=Some(0) active_clusters=1 remaining_cells=34 scans=2
turn=73 result=HIT
turn=74 mode=CHASE cluster=0 cluster_len=7 cell=16,12 score=700001.773751 chase_score=10019.773751 prob=1.773751
turn=74 picked cell=16,12 target_cluster=Some(0) active_clusters=1 remaining_cells=33 scans=2
turn=74 result=HIT
turn=75 mode=CHASE cluster=0 cluster_len=8 cell=16,4 score=800001.757254 chase_score=10010.757254 prob=1.757254
turn=75 picked cell=16,4 target_cluster=Some(0) active_clusters=1 remaining_cells=32 scans=2
turn=75 result=KILL
turn=75 kill_infer inferred_len=9 committed_hits=8 cluster_hits=8
turn=76 picked cell=7,5 target_cluster=None active_clusters=0 remaining_cells=31 scans=2
turn=76 result=MISS
turn=77 picked cell=8,4 target_cluster=None active_clusters=0 remaining_cells=31 scans=2
turn=77 result=HIT
turn=78 mode=CHASE cluster=0 cluster_len=1 cell=8,3 score=100000.760245 chase_score=5022.760245 prob=0.760245
turn=78 picked cell=8,3 target_cluster=Some(0) active_clusters=1 remaining_cells=30 scans=2
turn=78 result=HIT
turn=79 mode=CHASE cluster=0 cluster_len=2 cell=8,5 score=200000.640949 chase_score=10065.640949 prob=0.640949
turn=79 picked cell=8,5 target_cluster=Some(0) active_clusters=1 remaining_cells=29 scans=2
turn=79 result=HIT
turn=80 mode=CHASE cluster=0 cluster_len=3 cell=8,6 score=300000.655788 chase_score=10046.655788 prob=0.655788
turn=80 picked cell=8,6 target_cluster=Some(0) active_clusters=1 remaining_cells=28 scans=2
turn=80 result=HIT
turn=81 mode=CHASE cluster=0 cluster_len=4 cell=8,2 score=400000.801923 chase_score=10026.801923 prob=0.801923
turn=81 picked cell=8,2 target_cluster=Some(0) active_clusters=1 remaining_cells=27 scans=2
turn=81 result=HIT
turn=82 mode=CHASE cluster=0 cluster_len=5 cell=8,1 score=500000.655788 chase_score=10014.655788 prob=0.655788
turn=82 picked cell=8,1 target_cluster=Some(0) active_clusters=1 remaining_cells=26 scans=2
turn=82 result=HIT
turn=83 mode=CHASE cluster=0 cluster_len=6 cell=8,0 score=600000.639844 chase_score=10007.639844 prob=0.639844
turn=83 picked cell=8,0 target_cluster=Some(0) active_clusters=1 remaining_cells=25 scans=2
turn=83 result=KILL
turn=83 kill_infer inferred_len=7 committed_hits=6 cluster_hits=6
turn=84 picked cell=10,12 target_cluster=None active_clusters=0 remaining_cells=24 scans=2
turn=84 result=MISS
turn=85 picked cell=3,12 target_cluster=None active_clusters=0 remaining_cells=24 scans=2
turn=85 result=MISS
turn=86 picked cell=4,13 target_cluster=None active_clusters=0 remaining_cells=24 scans=2
turn=86 result=MISS
turn=87 picked cell=5,11 target_cluster=None active_clusters=0 remaining_cells=24 scans=2
turn=87 result=MISS
turn=88 picked cell=2,14 target_cluster=None active_clusters=0 remaining_cells=24 scans=2
turn=88 result=MISS
turn=89 picked cell=6,13 target_cluster=None active_clusters=0 remaining_cells=24 scans=2
turn=89 result=MISS
turn=90 picked cell=5,15 target_cluster=None active_clusters=0 remaining_cells=24 scans=2
turn=90 result=HIT
turn=91 mode=CHASE cluster=0 cluster_len=1 cell=4,15 score=100000.533790 chase_score=5014.283790 prob=0.533790
turn=91 picked cell=4,15 target_cluster=Some(0) active_clusters=1 remaining_cells=23 scans=2
turn=91 result=MISS
turn=92 mode=CHASE cluster=0 cluster_len=1 cell=5,14 score=100000.541997 chase_score=5013.041997 prob=0.541997
turn=92 picked cell=5,14 target_cluster=Some(0) active_clusters=1 remaining_cells=23 scans=2
turn=92 result=HIT
turn=93 mode=CHASE cluster=0 cluster_len=2 cell=5,16 score=200000.579431 chase_score=10032.579431 prob=0.579431
turn=93 picked cell=5,16 target_cluster=Some(0) active_clusters=1 remaining_cells=22 scans=2
turn=93 result=HIT
turn=94 mode=CHASE cluster=0 cluster_len=3 cell=5,13 score=300000.242661 chase_score=10018.242661 prob=0.242661
turn=94 picked cell=5,13 target_cluster=Some(0) active_clusters=1 remaining_cells=21 scans=2
turn=94 result=KILL
turn=94 kill_infer inferred_len=4 committed_hits=3 cluster_hits=3
turn=95 picked cell=11,13 target_cluster=None active_clusters=0 remaining_cells=20 scans=2
turn=95 result=MISS
turn=96 picked cell=13,11 target_cluster=None active_clusters=0 remaining_cells=20 scans=2
turn=96 result=MISS
turn=97 picked cell=9,14 target_cluster=None active_clusters=0 remaining_cells=20 scans=2
turn=97 result=MISS
turn=98 picked cell=12,14 target_cluster=None active_clusters=0 remaining_cells=20 scans=2
turn=98 result=MISS
turn=99 picked cell=13,17 target_cluster=None active_clusters=0 remaining_cells=20 scans=2
turn=99 result=MISS
turn=100 picked cell=4,10 target_cluster=None active_clusters=0 remaining_cells=20 scans=2
turn=100 result=MISS
turn=101 picked cell=10,15 target_cluster=None active_clusters=0 remaining_cells=20 scans=2
turn=101 result=MISS
turn=102 picked cell=15,13 target_cluster=None active_clusters=0 remaining_cells=20 scans=2
turn=102 result=MISS
turn=103 picked cell=17,13 target_cluster=None active_clusters=0 remaining_cells=20 scans=2
turn=103 result=MISS
turn=104 picked cell=1,13 target_cluster=None active_clusters=0 remaining_cells=20 scans=2
turn=104 result=MISS
turn=105 picked cell=3,17 target_cluster=None active_clusters=0 remaining_cells=20 scans=2
turn=105 result=MISS
turn=106 picked cell=7,9 target_cluster=None active_clusters=0 remaining_cells=20 scans=2
turn=106 result=MISS
turn=107 picked cell=7,14 target_cluster=None active_clusters=0 remaining_cells=20 scans=2
turn=107 result=HIT
turn=108 mode=CHASE cluster=0 cluster_len=1 cell=7,15 score=100000.384693 chase_score=5009.884693 prob=0.384693
turn=108 picked cell=7,15 target_cluster=Some(0) active_clusters=1 remaining_cells=19 scans=2
turn=108 result=HIT
turn=109 mode=CHASE cluster=0 cluster_len=2 cell=7,16 score=200000.315482 chase_score=10024.315482 prob=0.315482
turn=109 picked cell=7,16 target_cluster=Some(0) active_clusters=1 remaining_cells=18 scans=2
turn=109 result=HIT
turn=110 mode=CHASE cluster=0 cluster_len=3 cell=7,13 score=300000.293328 chase_score=10014.293328 prob=0.293328
turn=110 picked cell=7,13 target_cluster=Some(0) active_clusters=1 remaining_cells=17 scans=2
turn=110 result=HIT
turn=111 mode=CHASE cluster=0 cluster_len=4 cell=7,12 score=400000.243049 chase_score=10005.243049 prob=0.243049
turn=111 picked cell=7,12 target_cluster=Some(0) active_clusters=1 remaining_cells=16 scans=2
turn=111 result=KILL
turn=111 kill_infer inferred_len=5 committed_hits=4 cluster_hits=4
turn=112 picked cell=15,3 target_cluster=None active_clusters=0 remaining_cells=15 scans=2
turn=112 result=HIT
turn=113 mode=CHASE cluster=0 cluster_len=1 cell=15,2 score=100000.411605 chase_score=5007.411605 prob=0.411605
turn=113 picked cell=15,2 target_cluster=Some(0) active_clusters=1 remaining_cells=14 scans=2
turn=113 result=MISS
turn=114 mode=CHASE cluster=0 cluster_len=1 cell=14,3 score=100000.421034 chase_score=5006.421034 prob=0.421034
turn=114 picked cell=14,3 target_cluster=Some(0) active_clusters=1 remaining_cells=14 scans=2
turn=114 result=HIT
turn=115 mode=CHASE cluster=0 cluster_len=2 cell=16,3 score=200000.249893 chase_score=10014.249893 prob=0.249893
turn=115 picked cell=16,3 target_cluster=Some(0) active_clusters=1 remaining_cells=13 scans=2
turn=115 result=HIT
turn=116 mode=CHASE cluster=0 cluster_len=3 cell=13,3 score=300000.340478 chase_score=10004.340478 prob=0.340478
turn=116 picked cell=13,3 target_cluster=Some(0) active_clusters=1 remaining_cells=12 scans=2
turn=116 result=KILL
turn=116 kill_infer inferred_len=4 committed_hits=3 cluster_hits=3
turn=117 picked cell=10,10 target_cluster=None active_clusters=0 remaining_cells=11 scans=2
turn=117 result=MISS
turn=118 picked cell=11,11 target_cluster=None active_clusters=0 remaining_cells=11 scans=2
turn=118 result=MISS
turn=119 picked cell=11,16 target_cluster=None active_clusters=0 remaining_cells=11 scans=2
turn=119 result=MISS
turn=120 picked cell=16,15 target_cluster=None active_clusters=0 remaining_cells=11 scans=2
turn=120 result=MISS
turn=121 picked cell=9,9 target_cluster=None active_clusters=0 remaining_cells=11 scans=2
turn=121 result=MISS
turn=122 picked cell=12,12 target_cluster=None active_clusters=0 remaining_cells=11 scans=2
turn=122 result=MISS
turn=123 picked cell=13,15 target_cluster=None active_clusters=0 remaining_cells=11 scans=2
turn=123 result=MISS
turn=124 picked cell=15,16 target_cluster=None active_clusters=0 remaining_cells=11 scans=2
turn=124 result=MISS
turn=125 picked cell=3,9 target_cluster=None active_clusters=0 remaining_cells=11 scans=2
turn=125 result=MISS
turn=126 picked cell=1,15 target_cluster=None active_clusters=0 remaining_cells=11 scans=2
turn=126 result=MISS
turn=127 picked cell=13,9 target_cluster=None active_clusters=0 remaining_cells=11 scans=2
turn=127 result=HIT
turn=128 mode=CHASE cluster=0 cluster_len=1 cell=13,8 score=100000.084389 chase_score=5002.584389 prob=0.084389
turn=128 picked cell=13,8 target_cluster=Some(0) active_clusters=1 remaining_cells=10 scans=2
turn=128 result=HIT
turn=129 mode=CHASE cluster=0 cluster_len=2 cell=13,10 score=200000.064719 chase_score=10006.064719 prob=0.064719
turn=129 picked cell=13,10 target_cluster=Some(0) active_clusters=1 remaining_cells=9 scans=2
turn=129 result=KILL
turn=129 kill_infer inferred_len=3 committed_hits=2 cluster_hits=2
turn=130 picked cell=6,10 target_cluster=None active_clusters=0 remaining_cells=8 scans=2
turn=130 result=MISS
turn=131 picked cell=2,16 target_cluster=None active_clusters=0 remaining_cells=8 scans=2
turn=131 result=MISS
turn=132 picked cell=2,11 target_cluster=None active_clusters=0 remaining_cells=8 scans=2
turn=132 result=MISS
turn=133 picked cell=6,17 target_cluster=None active_clusters=0 remaining_cells=8 scans=2
turn=133 result=HIT
turn=134 mode=CHASE cluster=0 cluster_len=1 cell=5,17 score=100000.086012 chase_score=5002.586012 prob=0.086012
turn=134 picked cell=5,17 target_cluster=Some(0) active_clusters=1 remaining_cells=7 scans=2
turn=134 result=KILL
turn=134 kill_infer inferred_len=2 committed_hits=1 cluster_hits=1
turn=135 picked cell=17,10 target_cluster=None active_clusters=0 remaining_cells=6 scans=2
turn=135 result=MISS
turn=136 picked cell=10,17 target_cluster=None active_clusters=0 remaining_cells=6 scans=2
turn=136 result=MISS
turn=137 picked cell=0,14 target_cluster=None active_clusters=0 remaining_cells=6 scans=2
turn=137 result=HIT
turn=138 mode=CHASE cluster=0 cluster_len=1 cell=0,15 score=100000.092435 chase_score=5002.092435 prob=0.092435
turn=138 picked cell=0,15 target_cluster=Some(0) active_clusters=1 remaining_cells=5 scans=2
turn=138 result=HIT
turn=139 mode=CHASE cluster=0 cluster_len=2 cell=0,16 score=200000.082645 chase_score=10003.082645 prob=0.082645
turn=139 picked cell=0,16 target_cluster=Some(0) active_clusters=1 remaining_cells=4 scans=2
turn=139 result=KILL
turn=139 kill_infer inferred_len=3 committed_hits=2 cluster_hits=2
turn=140 picked cell=14,6 target_cluster=None active_clusters=0 remaining_cells=3 scans=2
turn=140 result=MISS
turn=141 picked cell=9,5 target_cluster=None active_clusters=0 remaining_cells=3 scans=2
turn=141 result=MISS
turn=142 picked cell=13,5 target_cluster=None active_clusters=0 remaining_cells=3 scans=2
turn=142 result=MISS
turn=143 picked cell=14,7 target_cluster=None active_clusters=0 remaining_cells=3 scans=2
turn=143 result=MISS
turn=144 picked cell=14,4 target_cluster=None active_clusters=0 remaining_cells=3 scans=2
turn=144 result=MISS
turn=145 picked cell=15,5 target_cluster=None active_clusters=0 remaining_cells=3 scans=2
turn=145 result=MISS
turn=146 picked cell=14,1 target_cluster=None active_clusters=0 remaining_cells=3 scans=2
turn=146 result=MISS
turn=147 picked cell=16,1 target_cluster=None active_clusters=0 remaining_cells=3 scans=2
turn=147 result=MISS
turn=148 picked cell=17,2 target_cluster=None active_clusters=0 remaining_cells=3 scans=2
turn=148 result=MISS
turn=149 picked cell=15,0 target_cluster=None active_clusters=0 remaining_cells=3 scans=2
turn=149 result=MISS
turn=150 picked cell=13,0 target_cluster=None active_clusters=0 remaining_cells=3 scans=2
turn=150 result=MISS
turn=151 picked cell=9,0 target_cluster=None active_clusters=0 remaining_cells=3 scans=2
turn=151 result=HIT
turn=152 mode=CHASE cluster=0 cluster_len=1 cell=9,1 score=100000.028990 chase_score=5000.528990 prob=0.028990
turn=152 picked cell=9,1 target_cluster=Some(0) active_clusters=1 remaining_cells=2 scans=2
turn=152 result=KILL
turn=152 kill_infer inferred_len=2 committed_hits=1 cluster_hits=1
turn=153 picked cell=9,10 target_cluster=None active_clusters=0 remaining_cells=1 scans=2
turn=153 result=MISS
turn=154 picked cell=9,13 target_cluster=None active_clusters=0 remaining_cells=1 scans=2
turn=154 result=MISS
turn=155 picked cell=10,9 target_cluster=None active_clusters=0 remaining_cells=1 scans=2
turn=155 result=MISS
turn=156 picked cell=9,12 target_cluster=None active_clusters=0 remaining_cells=1 scans=2
turn=156 result=MISS
turn=157 picked cell=10,11 target_cluster=None active_clusters=0 remaining_cells=1 scans=2
turn=157 result=MISS
turn=158 picked cell=11,10 target_cluster=None active_clusters=0 remaining_cells=1 scans=2
turn=158 result=MISS
turn=159 picked cell=11,12 target_cluster=None active_clusters=0 remaining_cells=1 scans=2
turn=159 result=MISS
turn=160 picked cell=12,11 target_cluster=None active_clusters=0 remaining_cells=1 scans=2
turn=160 result=MISS
turn=161 picked cell=10,14 target_cluster=None active_clusters=0 remaining_cells=1 scans=2
turn=161 result=MISS
turn=162 picked cell=9,15 target_cluster=None active_clusters=0 remaining_cells=1 scans=2
turn=162 result=MISS
turn=163 picked cell=9,16 target_cluster=None active_clusters=0 remaining_cells=1 scans=2
turn=163 result=MISS
turn=164 picked cell=10,13 target_cluster=None active_clusters=0 remaining_cells=1 scans=2
turn=164 result=MISS
turn=165 picked cell=17,9 target_cluster=None active_clusters=0 remaining_cells=1 scans=2
turn=165 result=MISS
turn=166 picked cell=15,11 target_cluster=None active_clusters=0 remaining_cells=1 scans=2
turn=166 result=MISS
turn=167 picked cell=15,9 target_cluster=None active_clusters=0 remaining_cells=1 scans=2
turn=167 result=MISS
turn=168 picked cell=12,13 target_cluster=None active_clusters=0 remaining_cells=1 scans=2
turn=168 result=MISS
turn=169 picked cell=15,10 target_cluster=None active_clusters=0 remaining_cells=1 scans=2
turn=169 result=MISS
turn=170 picked cell=11,14 target_cluster=None active_clusters=0 remaining_cells=1 scans=2
turn=170 result=MISS
turn=171 picked cell=10,16 target_cluster=None active_clusters=0 remaining_cells=1 scans=2
turn=171 result=MISS
turn=172 picked cell=13,12 target_cluster=None active_clusters=0 remaining_cells=1 scans=2
turn=172 result=MISS
turn=173 picked cell=13,13 target_cluster=None active_clusters=0 remaining_cells=1 scans=2
turn=173 result=MISS
turn=174 picked cell=11,15 target_cluster=None active_clusters=0 remaining_cells=1 scans=2
turn=174 result=KILL
