turn=1 mode=SCAN region=0,0,8,17
turn=1 result=SCAN count=33
turn=2 mode=SCAN region=0,0,17,8
turn=2 result=SCAN count=34
turn=3 picked cell=10,10 target_cluster=None active_clusters=0 remaining_cells=77 scans=2
turn=3 result=MISS
turn=4 picked cell=9,9 target_cluster=None active_clusters=0 remaining_cells=77 scans=2
turn=4 result=MISS
turn=5 picked cell=11,11 target_cluster=None active_clusters=0 remaining_cells=77 scans=2
turn=5 result=MISS
turn=6 picked cell=12,12 target_cluster=None active_clusters=0 remaining_cells=77 scans=2
turn=6 result=HIT
turn=7 mode=CHASE cluster=0 cluster_len=1 cell=11,12 score=100001.225480 chase_score=5098.225480 prob=1.225480
turn=7 picked cell=11,12 target_cluster=Some(0) active_clusters=1 remaining_cells=76 scans=2
turn=7 result=MISS
turn=8 mode=CHASE cluster=0 cluster_len=1 cell=12,11 score=100001.246835 chase_score=5098.246835 prob=1.246835
turn=8 picked cell=12,11 target_cluster=Some(0) active_clusters=1 remaining_cells=76 scans=2
turn=8 result=HIT
turn=9 mode=CHASE cluster=0 cluster_len=2 cell=12,10 score=200001.438270 chase_score=10329.438270 prob=1.438270
turn=9 picked cell=12,10 target_cluster=Some(0) active_clusters=1 remaining_cells=75 scans=2
turn=9 result=MISS
turn=10 mode=CHASE cluster=0 cluster_len=2 cell=12,13 score=200001.343782 chase_score=10061.343782 prob=1.343782
turn=10 picked cell=12,13 target_cluster=Some(0) active_clusters=1 remaining_cells=75 scans=2
turn=10 result=HIT
turn=11 mode=CHASE cluster=0 cluster_len=3 cell=12,14 score=300001.371341 chase_score=10058.371341 prob=1.371341
turn=11 picked cell=12,14 target_cluster=Some(0) active_clusters=1 remaining_cells=74 scans=2
turn=11 result=HIT
turn=12 mode=CHASE cluster=0 cluster_len=4 cell=12,15 score=400001.343782 chase_score=10046.343782 prob=1.343782
turn=12 picked cell=12,15 target_cluster=Some(0) active_clusters=1 remaining_cells=73 scans=2
turn=12 result=HIT
turn=13 mode=CHASE cluster=0 cluster_len=5 cell=12,16 score=500001.285659 chase_score=10036.285659 prob=1.285659
turn=13 picked cell=12,16 target_cluster=Some(0) active_clusters=1 remaining_cells=72 scans=2
turn=13 result=HIT
turn=14 mode=CHASE cluster=0 cluster_len=6 cell=12,17 score=600001.227536 chase_score=10036.227536 prob=1.227536
turn=14 picked cell=12,17 target_cluster=Some(0) active_clusters=1 remaining_cells=71 scans=2
turn=14 result=KILL
turn=14 kill_infer inferred_len=7 committed_hits=6 cluster_hits=6
turn=15 picked cell=13,8 target_cluster=None active_clusters=0 remaining_cells=70 scans=2
turn=15 result=MISS
turn=16 picked cell=8,7 target_cluster=None active_clusters=0 remaining_cells=70 scans=2
turn=16 result=MISS
turn=17 picked cell=11,6 target_cluster=None active_clusters=0 remaining_cells=70 scans=2
turn=17 result=HIT
turn=18 mode=CHASE cluster=0 cluster_len=1 cell=10,6 score=100002.089529 chase_score=5092.589529 prob=2.089529
turn=18 picked cell=10,6 target_cluster=Some(0) active_clusters=1 remaining_cells=69 scans=2
turn=18 result=MISS
turn=19 mode=CHASE cluster=0 cluster_len=1 cell=11,5 score=100002.274948 chase_score=5073.774948 prob=2.274948
turn=19 picked cell=11,5 target_cluster=Some(0) active_clusters=1 remaining_cells=69 scans=2
turn=19 result=HIT
turn=20 mode=CHASE cluster=0 cluster_len=2 cell=11,4 score=200002.274948 chase_score=10263.274948 prob=2.274948
turn=20 picked cell=11,4 target_cluster=Some(0) active_clusters=1 remaining_cells=68 scans=2
turn=20 result=HIT
turn=21 mode=CHASE cluster=0 cluster_len=3 cell=11,3 score=300002.157065 chase_score=10210.157065 prob=2.157065
turn=21 picked cell=11,3 target_cluster=Some(0) active_clusters=1 remaining_cells=67 scans=2
turn=21 result=HIT
turn=22 mode=CHASE cluster=0 cluster_len=4 cell=11,7 score=400001.432889 chase_score=10159.432889 prob=1.432889
turn=22 picked cell=11,7 target_cluster=Some(0) active_clusters=1 remaining_cells=66 scans=2
turn=22 result=HIT
turn=23 mode=CHASE cluster=0 cluster_len=5 cell=11,2 score=500001.951711 chase_score=10105.951711 prob=1.951711
turn=23 picked cell=11,2 target_cluster=Some(0) active_clusters=1 remaining_cells=65 scans=2
turn=23 result=HIT
turn=24 mode=CHASE cluster=0 cluster_len=6 cell=11,1 score=600001.738685 chase_score=10061.738685 prob=1.738685
turn=24 picked cell=11,1 target_cluster=Some(0) active_clusters=1 remaining_cells=64 scans=2
turn=24 result=HIT
turn=25 mode=CHASE cluster=0 cluster_len=7 cell=11,0 score=700001.525660 chase_score=10017.525660 prob=1.525660
turn=25 picked cell=11,0 target_cluster=Some(0) active_clusters=1 remaining_cells=63 scans=2
turn=25 result=MISS
turn=26 mode=CHASE cluster=0 cluster_len=7 cell=11,8 score=700001.096438 chase_score=10017.096438 prob=1.096438
turn=26 picked cell=11,8 target_cluster=Some(0) active_clusters=1 remaining_cells=63 scans=2
turn=26 result=HIT
turn=27 mode=CHASE cluster=0 cluster_len=8 cell=11,9 score=800000.821152 chase_score=10000.821152 prob=0.821152
turn=27 picked cell=11,9 target_cluster=Some(0) active_clusters=1 remaining_cells=62 scans=2
turn=27 result=KILL
turn=27 kill_infer inferred_len=8 committed_hits=7 cluster_hits=8
turn=28 mode=CHASE cluster=0 cluster_len=1 cell=10,1 score=100001.459689 chase_score=5077.959689 prob=1.459689
turn=28 picked cell=10,1 target_cluster=Some(0) active_clusters=1 remaining_cells=61 scans=2
turn=28 result=HIT
turn=29 mode=CHASE cluster=0 cluster_len=2 cell=9,1 score=200001.730558 chase_score=10246.730558 prob=1.730558
turn=29 picked cell=9,1 target_cluster=Some(0) active_clusters=1 remaining_cells=60 scans=2
turn=29 result=MISS
turn=30 mode=CHASE cluster=0 cluster_len=2 cell=12,1 score=200000.919318 chase_score=10061.919318 prob=0.919318
turn=30 picked cell=12,1 target_cluster=Some(0) active_clusters=1 remaining_cells=60 scans=2
turn=30 result=HIT
turn=31 mode=CHASE cluster=0 cluster_len=3 cell=13,1 score=300000.954409 chase_score=10058.954409 prob=0.954409
turn=31 picked cell=13,1 target_cluster=Some(0) active_clusters=1 remaining_cells=59 scans=2
turn=31 result=HIT
turn=32 mode=CHASE cluster=0 cluster_len=4 cell=14,1 score=400000.987900 chase_score=10046.987900 prob=0.987900
turn=32 picked cell=14,1 target_cluster=Some(0) active_clusters=1 remaining_cells=58 scans=2
turn=32 result=HIT
turn=33 mode=CHASE cluster=0 cluster_len=5 cell=15,1 score=500000.919318 chase_score=10036.919318 prob=0.919318
turn=33 picked cell=15,1 target_cluster=Some(0) active_clusters=1 remaining_cells=57 scans=2
turn=33 result=HIT
turn=34 mode=CHASE cluster=0 cluster_len=6 cell=16,1 score=600000.842107 chase_score=10036.842107 prob=0.842107
turn=34 picked cell=16,1 target_cluster=Some(0) active_clusters=1 remaining_cells=56 scans=2
turn=34 result=KILL
turn=34 kill_infer inferred_len=7 committed_hits=6 cluster_hits=6
turn=35 picked cell=6,11 target_cluster=None active_clusters=0 remaining_cells=55 scans=2
turn=35 result=MISS
turn=36 picked cell=5,13 target_cluster=None active_clusters=0 remaining_cells=55 scans=2
turn=36 result=MISS
turn=37 picked cell=4,12 target_cluster=None active_clusters=0 remaining_cells=55 scans=2
turn=37 result=MISS
turn=38 picked cell=3,10 target_cluster=None active_clusters=0 remaining_cells=55 scans=2
turn=38 result=MISS
turn=39 picked cell=7,14 target_cluster=None active_clusters=0 remaining_cells=55 scans=2
turn=39 result=HIT
turn=40 mode=CHASE cluster=0 cluster_len=1 cell=6,14 score=100001.475512 chase_score=5058.225512 prob=1.475512
turn=40 picked cell=6,14 target_cluster=Some(0) active_clusters=1 remaining_cells=54 scans=2
turn=40 result=HIT
turn=41 mode=CHASE cluster=0 cluster_len=2 cell=5,14 score=200001.289208 chase_score=10203.289208 prob=1.289208
turn=41 picked cell=5,14 target_cluster=Some(0) active_clusters=1 remaining_cells=53 scans=2
turn=41 result=HIT
turn=42 mode=CHASE cluster=0 cluster_len=3 cell=4,14 score=300001.280484 chase_score=10157.280484 prob=1.280484
turn=42 picked cell=4,14 target_cluster=Some(0) active_clusters=1 remaining_cells=52 scans=2
turn=42 result=KILL
turn=42 kill_infer inferred_len=4 committed_hits=3 cluster_hits=3
turn=43 picked cell=2,9 target_cluster=None active_clusters=0 remaining_cells=51 scans=2
turn=43 result=HIT
turn=44 mode=CHASE cluster=0 cluster_len=1 cell=2,8 score=100002.202037 chase_score=5065.202037 prob=2.202037
turn=44 picked cell=2,8 target_cluster=Some(0) active_clusters=1 remaining_cells=50 scans=2
turn=44 result=MISS
turn=45 mode=CHASE cluster=0 cluster_len=1 cell=3,9 score=100001.031597 chase_score=5035.781597 prob=1.031597
turn=45 picked cell=3,9 target_cluster=Some(0) active_clusters=1 remaining_cells=50 scans=2
turn=45 result=HIT
turn=46 mode=CHASE cluster=0 cluster_len=2 cell=4,9 score=200001.574175 chase_score=10129.574175 prob=1.574175
turn=46 picked cell=4,9 target_cluster=Some(0) active_clusters=1 remaining_cells=49 scans=2
turn=46 result=HIT
turn=47 mode=CHASE cluster=0 cluster_len=3 cell=5,9 score=300001.769129 chase_score=10108.769129 prob=1.769129
turn=47 picked cell=5,9 target_cluster=Some(0) active_clusters=1 remaining_cells=48 scans=2
turn=47 result=MISS
turn=48 mode=CHASE cluster=0 cluster_len=3 cell=1,9 score=300001.765740 chase_score=10019.765740 prob=1.765740
turn=48 picked cell=1,9 target_cluster=Some(0) active_clusters=1 remaining_cells=48 scans=2
turn=48 result=KILL
turn=48 kill_infer inferred_len=4 committed_hits=3 cluster_hits=3
turn=49 picked cell=8,15 target_cluster=None active_clusters=0 remaining_cells=47 scans=2
turn=49 result=HIT
turn=50 mode=CHASE cluster=0 cluster_len=1 cell=7,15 score=100001.304925 chase_score=5044.804925 prob=1.304925
turn=50 picked cell=7,15 target_cluster=Some(0) active_clusters=1 remaining_cells=46 scans=2
turn=50 result=HIT
turn=51 mode=CHASE cluster=0 cluster_len=2 cell=6,15 score=200001.434559 chase_score=10158.434559 prob=1.434559
turn=51 picked cell=6,15 target_cluster=Some(0) active_clusters=1 remaining_cells=45 scans=2
turn=51 result=HIT
turn=52 mode=CHASE cluster=0 cluster_len=3 cell=5,15 score=300001.434559 chase_score=10141.434559 prob=1.434559
turn=52 picked cell=5,15 target_cluster=Some(0) active_clusters=1 remaining_cells=44 scans=2
turn=52 result=HIT
turn=53 mode=CHASE cluster=0 cluster_len=4 cell=4,15 score=400001.304925 chase_score=10106.304925 prob=1.304925
turn=53 picked cell=4,15 target_cluster=Some(0) active_clusters=1 remaining_cells=43 scans=2
turn=53 result=HIT
turn=54 mode=CHASE cluster=0 cluster_len=5 cell=3,15 score=500001.424485 chase_score=10067.424485 prob=1.424485
turn=54 picked cell=3,15 target_cluster=Some(0) active_clusters=1 remaining_cells=42 scans=2
turn=54 result=HIT
turn=55 mode=CHASE cluster=0 cluster_len=6 cell=2,15 score=600001.357907 chase_score=10038.357907 prob=1.357907
turn=55 picked cell=2,15 target_cluster=Some(0) active_clusters=1 remaining_cells=41 scans=2
turn=55 result=HIT
turn=56 mode=CHASE cluster=0 cluster_len=7 cell=9,15 score=700001.357907 chase_score=10009.357907 prob=1.357907
turn=56 picked cell=9,15 target_cluster=Some(0) active_clusters=1 remaining_cells=40 scans=2
turn=56 result=MISS
turn=57 mode=CHASE cluster=0 cluster_len=7 cell=1,15 score=700001.126131 chase_score=10009.126131 prob=1.126131
turn=57 picked cell=1,15 target_cluster=Some(0) active_clusters=1 remaining_cells=40 scans=2
turn=57 result=KILL
turn=57 kill_infer inferred_len=8 committed_hits=7 cluster_hits=7
turn=58 picked cell=7,8 target_cluster=None active_clusters=0 remaining_cells=39 scans=2
turn=58 result=HIT
turn=59 mode=CHASE cluster=0 cluster_len=1 cell=7,7 score=100001.551368 chase_score=5047.551368 prob=1.551368
turn=59 picked cell=7,7 target_cluster=Some(0) active_clusters=1 remaining_cells=38 scans=2
turn=59 result=HIT
turn=60 mode=CHASE cluster=0 cluster_len=2 cell=7,6 score=200001.989143 chase_score=10147.989143 prob=1.989143
turn=60 picked cell=7,6 target_cluster=Some(0) active_clusters=1 remaining_cells=37 scans=2
turn=60 result=HIT
turn=61 mode=CHASE cluster=0 cluster_len=3 cell=7,5 score=300002.057922 chase_score=10110.057922 prob=2.057922
turn=61 picked cell=7,5 target_cluster=Some(0) active_clusters=1 remaining_cells=36 scans=2
turn=61 result=MISS
turn=62 mode=CHASE cluster=0 cluster_len=3 cell=7,9 score=300000.646666 chase_score=10035.646666 prob=0.646666
turn=62 picked cell=7,9 target_cluster=Some(0) active_clusters=1 remaining_cells=36 scans=2
turn=62 result=HIT
turn=63 mode=CHASE cluster=0 cluster_len=4 cell=7,10 score=400000.838066 chase_score=10031.838066 prob=0.838066
turn=63 picked cell=7,10 target_cluster=Some(0) active_clusters=1 remaining_cells=35 scans=2
turn=63 result=HIT
turn=64 mode=CHASE cluster=0 cluster_len=5 cell=7,11 score=500000.593493 chase_score=10021.593493 prob=0.593493
turn=64 picked cell=7,11 target_cluster=Some(0) active_clusters=1 remaining_cells=34 scans=2
turn=64 result=HIT
turn=65 mode=CHASE cluster=0 cluster_len=6 cell=7,12 score=600000.679523 chase_score=10021.679523 prob=0.679523
turn=65 picked cell=7,12 target_cluster=Some(0) active_clusters=1 remaining_cells=33 scans=2
turn=65 result=HIT
turn=66 mode=CHASE cluster=0 cluster_len=7 cell=7,13 score=700000.413401 chase_score=10000.413401 prob=0.413401
turn=66 picked cell=7,13 target_cluster=Some(0) active_clusters=1 remaining_cells=32 scans=2
turn=66 result=KILL
turn=66 kill_infer inferred_len=7 committed_hits=6 cluster_hits=7
turn=67 mode=CHASE cluster=0 cluster_len=1 cell=6,6 score=100001.633825 chase_score=5024.133825 prob=1.633825
turn=67 picked cell=6,6 target_cluster=Some(0) active_clusters=1 remaining_cells=31 scans=2
turn=67 result=MISS
turn=68 mode=CHASE cluster=0 cluster_len=1 cell=8,6 score=100000.217813 chase_score=5000.967813 prob=0.217813
turn=68 picked cell=8,6 target_cluster=Some(0) active_clusters=1 remaining_cells=31 scans=2
turn=68 result=MISS
turn=69 picked cell=15,9 target_cluster=None active_clusters=1 remaining_cells=31 scans=2
turn=69 result=MISS
turn=70 picked cell=14,7 target_cluster=None active_clusters=1 remaining_cells=31 scans=2
turn=70 result=MISS
turn=71 picked cell=17,6 target_cluster=None active_clusters=1 remaining_cells=31 scans=2
turn=71 result=HIT
turn=72 mode=CHASE cluster=1 cluster_len=1 cell=17,7 score=100001.298936 chase_score=5036.798936 prob=1.298936
turn=72 picked cell=17,7 target_cluster=Some(1) active_clusters=2 remaining_cells=30 scans=2
turn=72 result=HIT
turn=73 mode=CHASE cluster=1 cluster_len=2 cell=17,8 score=200001.321010 chase_score=10112.321010 prob=1.321010
turn=73 picked cell=17,8 target_cluster=Some(1) active_clusters=2 remaining_cells=29 scans=2
turn=73 result=HIT
turn=74 mode=CHASE cluster=1 cluster_len=3 cell=17,9 score=300001.283721 chase_score=10081.283721 prob=1.283721
turn=74 picked cell=17,9 target_cluster=Some(1) active_clusters=2 remaining_cells=28 scans=2
turn=74 result=HIT
turn=75 mode=CHASE cluster=1 cluster_len=4 cell=17,10 score=400001.382691 chase_score=10053.382691 prob=1.382691
turn=75 picked cell=17,10 target_cluster=Some(1) active_clusters=2 remaining_cells=27 scans=2
turn=75 result=HIT
turn=76 mode=CHASE cluster=1 cluster_len=5 cell=17,11 score=500001.382691 chase_score=10029.382691 prob=1.382691
turn=76 picked cell=17,11 target_cluster=Some(1) active_clusters=2 remaining_cells=26 scans=2
turn=76 result=HIT
turn=77 mode=CHASE cluster=1 cluster_len=6 cell=17,5 score=600001.263771 chase_score=10015.263771 prob=1.263771
turn=77 picked cell=17,5 target_cluster=Some(1) active_clusters=2 remaining_cells=25 scans=2
turn=77 result=HIT
turn=78 mode=CHASE cluster=1 cluster_len=7 cell=17,12 score=700001.263771 chase_score=10001.263771 prob=1.263771
turn=78 picked cell=17,12 target_cluster=Some(1) active_clusters=2 remaining_cells=24 scans=2
turn=78 result=HIT
turn=79 mode=CHASE cluster=1 cluster_len=8 cell=17,4 score=800001.144851 chase_score=10001.144851 prob=1.144851
turn=79 picked cell=17,4 target_cluster=Some(1) active_clusters=2 remaining_cells=23 scans=2
turn=79 result=KILL
turn=79 kill_infer inferred_len=7 committed_hits=6 cluster_hits=8
turn=80 mode=CHASE cluster=1 cluster_len=2 cell=17,13 score=200000.473337 chase_score=10024.473337 prob=0.473337
turn=80 picked cell=17,13 target_cluster=Some(1) active_clusters=2 remaining_cells=22 scans=2
turn=80 result=HIT
turn=81 mode=CHASE cluster=1 cluster_len=3 cell=17,14 score=300000.495536 chase_score=10021.495536 prob=0.495536
turn=81 picked cell=17,14 target_cluster=Some(1) active_clusters=2 remaining_cells=21 scans=2
turn=81 result=HIT
turn=82 mode=CHASE cluster=1 cluster_len=4 cell=17,15 score=400000.473337 chase_score=10017.473337 prob=0.473337
turn=82 picked cell=17,15 target_cluster=Some(1) active_clusters=2 remaining_cells=20 scans=2
turn=82 result=KILL
turn=82 kill_infer inferred_len=5 committed_hits=4 cluster_hits=4
turn=83 picked cell=4,4 target_cluster=None active_clusters=1 remaining_cells=19 scans=2
turn=83 result=MISS
turn=84 picked cell=5,3 target_cluster=None active_clusters=1 remaining_cells=19 scans=2
turn=84 result=HIT
turn=85 mode=CHASE cluster=1 cluster_len=1 cell=6,3 score=100000.896881 chase_score=5019.146881 prob=0.896881
turn=85 picked cell=6,3 target_cluster=Some(1) active_clusters=2 remaining_cells=18 scans=2
turn=85 result=MISS
turn=86 mode=CHASE cluster=1 cluster_len=1 cell=5,4 score=100000.674202 chase_score=5015.424202 prob=0.674202
turn=86 picked cell=5,4 target_cluster=Some(1) active_clusters=2 remaining_cells=18 scans=2
turn=86 result=HIT
turn=87 mode=CHASE cluster=1 cluster_len=2 cell=5,2 score=200001.221792 chase_score=10048.221792 prob=1.221792
turn=87 picked cell=5,2 target_cluster=Some(1) active_clusters=2 remaining_cells=17 scans=2
turn=87 result=HIT
turn=88 mode=CHASE cluster=1 cluster_len=3 cell=5,5 score=300000.795234 chase_score=10035.795234 prob=0.795234
turn=88 picked cell=5,5 target_cluster=Some(1) active_clusters=2 remaining_cells=16 scans=2
turn=88 result=HIT
turn=89 mode=CHASE cluster=1 cluster_len=4 cell=5,6 score=400000.571181 chase_score=10026.571181 prob=0.571181
turn=89 picked cell=5,6 target_cluster=Some(1) active_clusters=2 remaining_cells=15 scans=2
turn=89 result=HIT
turn=90 mode=CHASE cluster=1 cluster_len=5 cell=5,1 score=500000.871597 chase_score=10014.871597 prob=0.871597
turn=90 picked cell=5,1 target_cluster=Some(1) active_clusters=2 remaining_cells=14 scans=2
turn=90 result=HIT
turn=91 mode=CHASE cluster=1 cluster_len=6 cell=5,0 score=600000.903291 chase_score=10007.903291 prob=0.903291
turn=91 picked cell=5,0 target_cluster=Some(1) active_clusters=2 remaining_cells=13 scans=2
turn=91 result=KILL
turn=91 kill_infer inferred_len=7 committed_hits=6 cluster_hits=6
turn=92 picked cell=14,13 target_cluster=None active_clusters=1 remaining_cells=12 scans=2
turn=92 result=HIT
turn=93 mode=CHASE cluster=1 cluster_len=1 cell=14,12 score=100000.369484 chase_score=5009.869484 prob=0.369484
turn=93 picked cell=14,12 target_cluster=Some(1) active_clusters=2 remaining_cells=11 scans=2
turn=93 result=HIT
turn=94 mode=CHASE cluster=1 cluster_len=2 cell=14,11 score=200000.334423 chase_score=10026.334423 prob=0.334423
turn=94 picked cell=14,11 target_cluster=Some(1) active_clusters=2 remaining_cells=10 scans=2
turn=94 result=HIT
turn=95 mode=CHASE cluster=1 cluster_len=3 cell=14,14 score=300000.334423 chase_score=10014.334423 prob=0.334423
turn=95 picked cell=14,14 target_cluster=Some(1) active_clusters=2 remaining_cells=9 scans=2
turn=95 result=HIT
turn=96 mode=CHASE cluster=1 cluster_len=4 cell=14,10 score=400000.276762 chase_score=10005.276762 prob=0.276762
turn=96 picked cell=14,10 target_cluster=Some(1) active_clusters=2 remaining_cells=8 scans=2
turn=96 result=KILL
turn=96 kill_infer inferred_len=5 committed_hits=4 cluster_hits=4
turn=97 picked cell=15,5 target_cluster=None active_clusters=1 remaining_cells=7 scans=2
turn=97 result=MISS
turn=98 picked cell=13,4 target_cluster=None active_clusters=1 remaining_cells=7 scans=2
turn=98 result=MISS
turn=99 picked cell=14,3 target_cluster=None active_clusters=1 remaining_cells=7 scans=2
turn=99 result=MISS
turn=100 picked cell=12,6 target_cluster=None active_clusters=1 remaining_cells=7 scans=2
turn=100 result=MISS
turn=101 picked cell=16,6 target_cluster=None active_clusters=1 remaining_cells=7 scans=2
turn=101 result=MISS
turn=102 picked cell=9,4 target_cluster=None active_clusters=1 remaining_cells=7 scans=2
turn=102 result=MISS
turn=103 picked cell=15,2 target_cluster=None active_clusters=1 remaining_cells=7 scans=2
turn=103 result=KILL
turn=104 picked cell=14,0 target_cluster=None active_clusters=1 remaining_cells=6 scans=2
turn=104 result=HIT
turn=105 mode=CHASE cluster=1 cluster_len=1 cell=15,0 score=100000.129188 chase_score=5004.629188 prob=0.129188
turn=105 picked cell=15,0 target_cluster=Some(1) active_clusters=2 remaining_cells=5 scans=2
turn=105 result=HIT
turn=106 mode=CHASE cluster=1 cluster_len=2 cell=13,0 score=200000.086125 chase_score=10011.086125 prob=0.086125
turn=106 picked cell=13,0 target_cluster=Some(1) active_clusters=2 remaining_cells=4 scans=2
turn=106 result=MISS
turn=107 mode=CHASE cluster=1 cluster_len=2 cell=16,0 score=200000.060179 chase_score=10007.060179 prob=0.060179
turn=107 picked cell=16,0 target_cluster=Some(1) active_clusters=2 remaining_cells=4 scans=2
turn=107 result=HIT
turn=108 mode=CHASE cluster=1 cluster_len=3 cell=17,0 score=300000.087240 chase_score=10004.087240 prob=0.087240
turn=108 picked cell=17,0 target_cluster=Some(1) active_clusters=2 remaining_cells=3 scans=2
turn=108 result=KILL
turn=108 kill_infer inferred_len=4 committed_hits=3 cluster_hits=3
turn=109 picked cell=2,11 target_cluster=None active_clusters=1 remaining_cells=2 scans=2
turn=109 result=MISS
turn=110 picked cell=1,12 target_cluster=None active_clusters=1 remaining_cells=2 scans=2
turn=110 result=MISS
turn=111 picked cell=3,13 target_cluster=None active_clusters=1 remaining_cells=2 scans=2
turn=111 result=MISS
turn=112 picked cell=0,13 target_cluster=None active_clusters=1 remaining_cells=2 scans=2
turn=112 result=MISS
turn=113 picked cell=8,12 target_cluster=None active_clusters=1 remaining_cells=2 scans=2
turn=113 result=MISS
turn=114 picked cell=5,16 target_cluster=None active_clusters=1 remaining_cells=2 scans=2
turn=114 result=MISS
turn=115 picked cell=0,10 target_cluster=None active_clusters=1 remaining_cells=2 scans=2
turn=115 result=MISS
turn=116 picked cell=6,17 target_cluster=None active_clusters=1 remaining_cells=2 scans=2
turn=116 result=MISS
turn=117 picked cell=2,14 target_cluster=None active_clusters=1 remaining_cells=2 scans=2
turn=117 result=MISS
turn=118 picked cell=3,17 target_cluster=None active_clusters=1 remaining_cells=2 scans=2
turn=118 result=MISS
turn=119 picked cell=2,16 target_cluster=None active_clusters=1 remaining_cells=2 scans=2
turn=119 result=MISS
turn=120 picked cell=8,16 target_cluster=None active_clusters=1 remaining_cells=2 scans=2
turn=120 result=MISS
turn=121 picked cell=5,10 target_cluster=None active_clusters=1 remaining_cells=2 scans=2
turn=121 result=MISS
turn=122 picked cell=0,15 target_cluster=None active_clusters=1 remaining_cells=2 scans=2
turn=122 result=MISS
turn=123 picked cell=8,11 target_cluster=None active_clusters=1 remaining_cells=2 scans=2
turn=123 result=MISS
turn=124 picked cell=8,17 target_cluster=None active_clusters=1 remaining_cells=2 scans=2
turn=124 result=MISS
turn=125 picked cell=10,14 target_cluster=None active_clusters=1 remaining_cells=2 scans=2
turn=125 result=MISS
turn=126 picked cell=15,16 target_cluster=None active_clusters=1 remaining_cells=2 scans=2
turn=126 result=MISS
turn=127 picked cell=9,13 target_cluster=None active_clusters=1 remaining_cells=2 scans=2
turn=127 result=MISS
turn=128 picked cell=13,15 target_cluster=None active_clusters=1 remaining_cells=2 scans=2
turn=128 result=MISS
turn=129 picked cell=16,15 target_cluster=None active_clusters=1 remaining_cells=2 scans=2
turn=129 result=MISS
turn=130 picked cell=5,11 target_cluster=None active_clusters=1 remaining_cells=2 scans=2
turn=130 result=MISS
turn=131 picked cell=2,17 target_cluster=None active_clusters=1 remaining_cells=2 scans=2
turn=131 result=MISS
turn=132 picked cell=13,11 target_cluster=None active_clusters=1 remaining_cells=2 scans=2
turn=132 result=MISS
turn=133 picked cell=15,12 target_cluster=None active_clusters=1 remaining_cells=2 scans=2
turn=133 result=MISS
turn=134 picked cell=11,16 target_cluster=None active_clusters=1 remaining_cells=2 scans=2
turn=134 result=MISS
turn=135 picked cell=16,11 target_cluster=None active_clusters=1 remaining_cells=2 scans=2
turn=135 result=MISS
turn=136 picked cell=14,17 target_cluster=None active_clusters=1 remaining_cells=2 scans=2
turn=136 result=MISS
turn=137 picked cell=10,17 target_cluster=None active_clusters=1 remaining_cells=2 scans=2
turn=137 result=MISS
turn=138 picked cell=9,12 target_cluster=None active_clusters=1 remaining_cells=2 scans=2
turn=138 result=MISS
turn=139 picked cell=10,11 target_cluster=None active_clusters=1 remaining_cells=2 scans=2
turn=139 result=MISS
turn=140 picked cell=12,9 target_cluster=None active_clusters=1 remaining_cells=2 scans=2
turn=140 result=MISS
turn=141 picked cell=13,12 target_cluster=None active_clusters=1 remaining_cells=2 scans=2
turn=141 result=MISS
turn=142 picked cell=11,13 target_cluster=None active_clusters=1 remaining_cells=2 scans=2
turn=142 result=MISS
turn=143 picked cell=16,12 target_cluster=None active_clusters=1 remaining_cells=2 scans=2
turn=143 result=MISS
turn=144 picked cell=15,13 target_cluster=None active_clusters=1 remaining_cells=2 scans=2
turn=144 result=MISS
turn=145 picked cell=15,17 target_cluster=None active_clusters=1 remaining_cells=2 scans=2
turn=145 result=MISS
turn=146 picked cell=9,7 target_cluster=None active_clusters=1 remaining_cells=2 scans=2
turn=146 result=MISS
turn=147 picked cell=8,8 target_cluster=None active_clusters=1 remaining_cells=2 scans=2
turn=147 result=MISS
turn=148 picked cell=9,8 target_cluster=None active_clusters=1 remaining_cells=2 scans=2
turn=148 result=MISS
turn=149 picked cell=9,10 target_cluster=None active_clusters=1 remaining_cells=2 scans=2
turn=149 result=MISS
turn=150 picked cell=8,10 target_cluster=None active_clusters=1 remaining_cells=2 scans=2
turn=150 result=MISS
turn=151 picked cell=10,8 target_cluster=None active_clusters=1 remaining_cells=2 scans=2
turn=151 result=MISS
turn=152 picked cell=8,9 target_cluster=None active_clusters=1 remaining_cells=2 scans=2
turn=152 result=MISS
turn=153 picked cell=9,6 target_cluster=None active_clusters=1 remaining_cells=2 scans=2
turn=153 result=MISS
turn=154 picked cell=10,9 target_cluster=None active_clusters=1 remaining_cells=2 scans=2
turn=154 result=MISS
turn=155 picked cell=5,8 target_cluster=None active_clusters=1 remaining_cells=2 scans=2
turn=155 result=MISS
turn=156 picked cell=10,7 target_cluster=None active_clusters=1 remaining_cells=2 scans=2
turn=156 result=MISS
turn=157 picked cell=6,9 target_cluster=None active_clusters=1 remaining_cells=2 scans=2
turn=157 result=MISS
turn=158 picked cell=9,11 target_cluster=None active_clusters=1 remaining_cells=2 scans=2
turn=158 result=MISS
turn=159 picked cell=6,10 target_cluster=None active_clusters=1 remaining_cells=2 scans=2
turn=159 result=MISS
turn=160 picked cell=12,8 target_cluster=None active_clusters=1 remaining_cells=2 scans=2
turn=160 result=MISS
turn=161 picked cell=13,9 target_cluster=None active_clusters=1 remaining_cells=2 scans=2
turn=161 result=MISS
turn=162 picked cell=6,8 target_cluster=None active_clusters=1 remaining_cells=2 scans=2
turn=162 result=MISS
turn=163 picked cell=9,5 target_cluster=None active_clusters=1 remaining_cells=2 scans=2
turn=163 result=MISS
turn=164 picked cell=8,13 target_cluster=None active_clusters=1 remaining_cells=2 scans=2
turn=164 result=HIT
turn=165 mode=CHASE cluster=1 cluster_len=1 cell=8,14 score=100000.000000 chase_score=5000.000000 prob=0.000000
turn=165 picked cell=8,14 target_cluster=Some(1) active_clusters=2 remaining_cells=1 scans=2
turn=165 result=KILL
turn=165 kill_infer inferred_len=2 committed_hits=1 cluster_hits=1
