turn=1 mode=SCAN region=0,0,7,7
turn=1 result=SCAN count=12
turn=2 mode=SCAN region=0,8,7,15
turn=2 result=SCAN count=14
turn=3 mode=SCAN region=8,0,15,7
turn=3 result=SCAN count=17
turn=4 mode=SCAN region=8,8,15,15
turn=4 result=SCAN count=7
turn=5 picked cell=8,6 target_cluster=None active_clusters=0 remaining_cells=50 scans=4
turn=5 result=HIT
turn=6 mode=CHASE cluster=0 cluster_len=1 cell=8,7 score=100001.937073 chase_score=5066.937073 prob=1.937073
turn=6 picked cell=8,7 target_cluster=Some(0) active_clusters=1 remaining_cells=49 scans=4
turn=6 result=MISS
turn=7 mode=CHASE cluster=0 cluster_len=1 cell=7,6 score=100001.973733 chase_score=5066.973733 prob=1.973733
turn=7 picked cell=7,6 target_cluster=Some(0) active_clusters=1 remaining_cells=49 scans=4
turn=7 result=MISS
turn=8 mode=CHASE cluster=0 cluster_len=1 cell=9,6 score=100001.275462 chase_score=5013.525462 prob=1.275462
turn=8 picked cell=9,6 target_cluster=Some(0) active_clusters=1 remaining_cells=49 scans=4
turn=8 result=HIT
turn=9 mode=CHASE cluster=0 cluster_len=2 cell=10,6 score=200001.327424 chase_score=10048.327424 prob=1.327424
turn=9 picked cell=10,6 target_cluster=Some(0) active_clusters=1 remaining_cells=48 scans=4
turn=9 result=HIT
turn=10 mode=CHASE cluster=0 cluster_len=3 cell=11,6 score=300001.342841 chase_score=10042.342841 prob=1.342841
turn=10 picked cell=11,6 target_cluster=Some(0) active_clusters=1 remaining_cells=47 scans=4
turn=10 result=HIT
turn=11 mode=CHASE cluster=0 cluster_len=4 cell=12,6 score=400001.342841 chase_score=10042.342841 prob=1.342841
turn=11 picked cell=12,6 target_cluster=Some(0) active_clusters=1 remaining_cells=46 scans=4
turn=11 result=HIT
turn=12 mode=CHASE cluster=0 cluster_len=5 cell=13,6 score=500001.327424 chase_score=10037.327424 prob=1.327424
turn=12 picked cell=13,6 target_cluster=Some(0) active_clusters=1 remaining_cells=45 scans=4
turn=12 result=HIT
turn=13 mode=CHASE cluster=0 cluster_len=6 cell=14,6 score=600001.275462 chase_score=10031.275462 prob=1.275462
turn=13 picked cell=14,6 target_cluster=Some(0) active_clusters=1 remaining_cells=44 scans=4
turn=13 result=HIT
turn=14 mode=CHASE cluster=0 cluster_len=7 cell=15,6 score=700001.170053 chase_score=10017.170053 prob=1.170053
turn=14 picked cell=15,6 target_cluster=Some(0) active_clusters=1 remaining_cells=43 scans=4
turn=14 result=KILL
turn=14 kill_infer inferred_len=8 committed_hits=7 cluster_hits=7
turn=15 picked cell=6,8 target_cluster=None active_clusters=0 remaining_cells=42 scans=4
turn=15 result=HIT
turn=16 mode=CHASE cluster=0 cluster_len=1 cell=6,9 score=100001.880936 chase_score=5052.880936 prob=1.880936
turn=16 picked cell=6,9 target_cluster=Some(0) active_clusters=1 remaining_cells=41 scans=4
turn=16 result=HIT
turn=17 mode=CHASE cluster=0 cluster_len=2 cell=6,10 score=200001.788898 chase_score=10164.788898 prob=1.788898
turn=17 picked cell=6,10 target_cluster=Some(0) active_clusters=1 remaining_cells=40 scans=4
turn=17 result=HIT
turn=18 mode=CHASE cluster=0 cluster_len=3 cell=6,11 score=300001.674345 chase_score=10125.674345 prob=1.674345
turn=18 picked cell=6,11 target_cluster=Some(0) active_clusters=1 remaining_cells=39 scans=4
turn=18 result=HIT
turn=19 mode=CHASE cluster=0 cluster_len=4 cell=6,12 score=400001.542179 chase_score=10092.542179 prob=1.542179
turn=19 picked cell=6,12 target_cluster=Some(0) active_clusters=1 remaining_cells=38 scans=4
turn=19 result=HIT
turn=20 mode=CHASE cluster=0 cluster_len=5 cell=6,13 score=500001.410013 chase_score=10059.410013 prob=1.410013
turn=20 picked cell=6,13 target_cluster=Some(0) active_clusters=1 remaining_cells=37 scans=4
turn=20 result=MISS
turn=21 mode=CHASE cluster=0 cluster_len=5 cell=6,7 score=500001.173513 chase_score=10029.173513 prob=1.173513
turn=21 picked cell=6,7 target_cluster=Some(0) active_clusters=1 remaining_cells=37 scans=4
turn=21 result=HIT
turn=22 mode=CHASE cluster=0 cluster_len=6 cell=6,6 score=600001.069277 chase_score=10023.069277 prob=1.069277
turn=22 picked cell=6,6 target_cluster=Some(0) active_clusters=1 remaining_cells=36 scans=4
turn=22 result=HIT
turn=23 mode=CHASE cluster=0 cluster_len=7 cell=6,5 score=700001.856670 chase_score=10009.856670 prob=1.856670
turn=23 picked cell=6,5 target_cluster=Some(0) active_clusters=1 remaining_cells=35 scans=4
turn=23 result=KILL
turn=23 kill_infer inferred_len=8 committed_hits=7 cluster_hits=7
turn=24 picked cell=5,4 target_cluster=None active_clusters=0 remaining_cells=34 scans=4
turn=24 result=MISS
turn=25 picked cell=4,6 target_cluster=None active_clusters=0 remaining_cells=34 scans=4
turn=25 result=MISS
turn=26 picked cell=5,10 target_cluster=None active_clusters=0 remaining_cells=34 scans=4
turn=26 result=HIT
turn=27 mode=CHASE cluster=0 cluster_len=1 cell=5,11 score=100000.831106 chase_score=5034.331106 prob=0.831106
turn=27 picked cell=5,11 target_cluster=Some(0) active_clusters=1 remaining_cells=33 scans=4
turn=27 result=HIT
turn=28 mode=CHASE cluster=0 cluster_len=2 cell=5,9 score=200000.831106 chase_score=10115.831106 prob=0.831106
turn=28 picked cell=5,9 target_cluster=Some(0) active_clusters=1 remaining_cells=32 scans=4
turn=28 result=HIT
turn=29 mode=CHASE cluster=0 cluster_len=3 cell=5,8 score=300000.699974 chase_score=10084.699974 prob=0.699974
turn=29 picked cell=5,8 target_cluster=Some(0) active_clusters=1 remaining_cells=31 scans=4
turn=29 result=HIT
turn=30 mode=CHASE cluster=0 cluster_len=4 cell=5,12 score=400000.699974 chase_score=10059.699974 prob=0.699974
turn=30 picked cell=5,12 target_cluster=Some(0) active_clusters=1 remaining_cells=30 scans=4
turn=30 result=HIT
turn=31 mode=CHASE cluster=0 cluster_len=5 cell=5,7 score=500000.568841 chase_score=10034.568841 prob=0.568841
turn=31 picked cell=5,7 target_cluster=Some(0) active_clusters=1 remaining_cells=29 scans=4
turn=31 result=HIT
turn=32 mode=CHASE cluster=0 cluster_len=6 cell=5,13 score=600000.568841 chase_score=10014.568841 prob=0.568841
turn=32 picked cell=5,13 target_cluster=Some(0) active_clusters=1 remaining_cells=28 scans=4
turn=32 result=KILL
turn=32 kill_infer inferred_len=7 committed_hits=6 cluster_hits=6
turn=33 picked cell=9,3 target_cluster=None active_clusters=0 remaining_cells=27 scans=4
turn=33 result=HIT
turn=34 mode=CHASE cluster=0 cluster_len=1 cell=8,3 score=100000.812294 chase_score=5027.312294 prob=0.812294
turn=34 picked cell=8,3 target_cluster=Some(0) active_clusters=1 remaining_cells=26 scans=4
turn=34 result=MISS
turn=35 mode=CHASE cluster=0 cluster_len=1 cell=9,2 score=100000.851652 chase_score=5008.351652 prob=0.851652
turn=35 picked cell=9,2 target_cluster=Some(0) active_clusters=1 remaining_cells=26 scans=4
turn=35 result=HIT
turn=36 mode=CHASE cluster=0 cluster_len=2 cell=9,1 score=200000.827643 chase_score=10022.827643 prob=0.827643
turn=36 picked cell=9,1 target_cluster=Some(0) active_clusters=1 remaining_cells=25 scans=4
turn=36 result=MISS
turn=37 mode=CHASE cluster=0 cluster_len=2 cell=9,4 score=200000.560880 chase_score=10006.560880 prob=0.560880
turn=37 picked cell=9,4 target_cluster=Some(0) active_clusters=1 remaining_cells=25 scans=4
turn=37 result=KILL
turn=37 kill_infer inferred_len=3 committed_hits=2 cluster_hits=2
turn=38 picked cell=3,5 target_cluster=None active_clusters=0 remaining_cells=24 scans=4
turn=38 result=MISS
turn=39 picked cell=2,3 target_cluster=None active_clusters=0 remaining_cells=24 scans=4
turn=39 result=MISS
turn=40 picked cell=7,0 target_cluster=None active_clusters=0 remaining_cells=24 scans=4
turn=40 result=MISS
turn=41 picked cell=1,2 target_cluster=None active_clusters=0 remaining_cells=24 scans=4
turn=41 result=MISS
turn=42 picked cell=0,5 target_cluster=None active_clusters=0 remaining_cells=24 scans=4
turn=42 result=MISS
turn=43 picked cell=4,1 target_cluster=None active_clusters=0 remaining_cells=24 scans=4
turn=43 result=HIT
turn=44 mode=CHASE cluster=0 cluster_len=1 cell=3,1 score=100000.642690 chase_score=5018.892690 prob=0.642690
turn=44 picked cell=3,1 target_cluster=Some(0) active_clusters=1 remaining_cells=23 scans=4
turn=44 result=HIT
turn=45 mode=CHASE cluster=0 cluster_len=2 cell=5,1 score=200000.611335 chase_score=10063.611335 prob=0.611335
turn=45 picked cell=5,1 target_cluster=Some(0) active_clusters=1 remaining_cells=22 scans=4
turn=45 result=HIT
turn=46 mode=CHASE cluster=0 cluster_len=3 cell=6,1 score=300000.567760 chase_score=10049.567760 prob=0.567760
turn=46 picked cell=6,1 target_cluster=Some(0) active_clusters=1 remaining_cells=21 scans=4
turn=46 result=HIT
turn=47 mode=CHASE cluster=0 cluster_len=4 cell=2,1 score=400000.520503 chase_score=10038.520503 prob=0.520503
turn=47 picked cell=2,1 target_cluster=Some(0) active_clusters=1 remaining_cells=20 scans=4
turn=47 result=MISS
turn=48 mode=CHASE cluster=0 cluster_len=4 cell=7,1 score=400000.229870 chase_score=10011.229870 prob=0.229870
turn=48 picked cell=7,1 target_cluster=Some(0) active_clusters=1 remaining_cells=20 scans=4
turn=48 result=KILL
turn=48 kill_infer inferred_len=5 committed_hits=4 cluster_hits=4
turn=49 picked cell=9,9 target_cluster=None active_clusters=0 remaining_cells=19 scans=4
turn=49 result=MISS
turn=50 picked cell=10,10 target_cluster=None active_clusters=0 remaining_cells=19 scans=4
turn=50 result=MISS
turn=51 picked cell=11,8 target_cluster=None active_clusters=0 remaining_cells=19 scans=4
turn=51 result=MISS
turn=52 picked cell=8,14 target_cluster=None active_clusters=0 remaining_cells=19 scans=4
turn=52 result=MISS
turn=53 picked cell=10,5 target_cluster=None active_clusters=0 remaining_cells=19 scans=4
turn=53 result=HIT
turn=54 mode=CHASE cluster=0 cluster_len=1 cell=11,5 score=100000.708878 chase_score=5013.958878 prob=0.708878
turn=54 picked cell=11,5 target_cluster=Some(0) active_clusters=1 remaining_cells=18 scans=4
turn=54 result=MISS
turn=55 mode=CHASE cluster=0 cluster_len=1 cell=10,4 score=100000.251843 chase_score=5003.001843 prob=0.251843
turn=55 picked cell=10,4 target_cluster=Some(0) active_clusters=1 remaining_cells=18 scans=4
turn=55 result=MISS
turn=56 mode=CHASE cluster=0 cluster_len=1 cell=9,5 score=100000.088193 chase_score=5001.338193 prob=0.088193
turn=56 picked cell=9,5 target_cluster=Some(0) active_clusters=1 remaining_cells=18 scans=4
turn=56 result=HIT
turn=57 mode=CHASE cluster=0 cluster_len=2 cell=8,5 score=200000.102572 chase_score=10003.102572 prob=0.102572
turn=57 picked cell=8,5 target_cluster=Some(0) active_clusters=1 remaining_cells=17 scans=4
turn=57 result=KILL
turn=57 kill_infer inferred_len=3 committed_hits=2 cluster_hits=2
turn=58 picked cell=12,11 target_cluster=None active_clusters=0 remaining_cells=16 scans=4
turn=58 result=MISS
turn=59 picked cell=13,12 target_cluster=None active_clusters=0 remaining_cells=16 scans=4
turn=59 result=MISS
turn=60 picked cell=11,15 target_cluster=None active_clusters=0 remaining_cells=16 scans=4
turn=60 result=MISS
turn=61 picked cell=14,13 target_cluster=None active_clusters=0 remaining_cells=16 scans=4
turn=61 result=MISS
turn=62 picked cell=15,10 target_cluster=None active_clusters=0 remaining_cells=16 scans=4
turn=62 result=HIT
turn=63 mode=CHASE cluster=0 cluster_len=1 cell=15,11 score=100000.876378 chase_score=5012.626378 prob=0.876378
turn=63 picked cell=15,11 target_cluster=Some(0) active_clusters=1 remaining_cells=15 scans=4
turn=63 result=HIT
turn=64 mode=CHASE cluster=0 cluster_len=2 cell=15,12 score=200000.876378 chase_score=10045.876378 prob=0.876378
turn=64 picked cell=15,12 target_cluster=Some(0) active_clusters=1 remaining_cells=14 scans=4
turn=64 result=HIT
turn=65 mode=CHASE cluster=0 cluster_len=3 cell=15,9 score=300000.876378 chase_score=10039.876378 prob=0.876378
turn=65 picked cell=15,9 target_cluster=Some(0) active_clusters=1 remaining_cells=13 scans=4
turn=65 result=HIT
turn=66 mode=CHASE cluster=0 cluster_len=4 cell=15,13 score=400000.762203 chase_score=10033.762203 prob=0.762203
turn=66 picked cell=15,13 target_cluster=Some(0) active_clusters=1 remaining_cells=12 scans=4
turn=66 result=HIT
turn=67 mode=CHASE cluster=0 cluster_len=5 cell=15,14 score=500000.782773 chase_score=10020.782773 prob=0.782773
turn=67 picked cell=15,14 target_cluster=Some(0) active_clusters=1 remaining_cells=11 scans=4
turn=67 result=KILL
turn=67 kill_infer inferred_len=6 committed_hits=5 cluster_hits=5
turn=68 picked cell=1,9 target_cluster=None active_clusters=0 remaining_cells=10 scans=4
turn=68 result=MISS
turn=69 picked cell=2,10 target_cluster=None active_clusters=0 remaining_cells=10 scans=4
turn=69 result=MISS
turn=70 picked cell=4,15 target_cluster=None active_clusters=0 remaining_cells=10 scans=4
turn=70 result=MISS
turn=71 picked cell=3,9 target_cluster=None active_clusters=0 remaining_cells=10 scans=4
turn=71 result=MISS
turn=72 picked cell=0,10 target_cluster=None active_clusters=0 remaining_cells=10 scans=4
turn=72 result=MISS
turn=73 picked cell=7,13 target_cluster=None active_clusters=0 remaining_cells=10 scans=4
turn=73 result=MISS
turn=74 picked cell=4,14 target_cluster=None active_clusters=0 remaining_cells=10 scans=4
turn=74 result=MISS
turn=75 picked cell=10,0 target_cluster=None active_clusters=0 remaining_cells=10 scans=4
turn=75 result=MISS
turn=76 picked cell=10,7 target_cluster=None active_clusters=0 remaining_cells=10 scans=4
turn=76 result=MISS
turn=77 picked cell=4,11 target_cluster=None active_clusters=0 remaining_cells=10 scans=4
turn=77 result=MISS
turn=78 picked cell=8,2 target_cluster=None active_clusters=0 remaining_cells=10 scans=4
turn=78 result=HIT
turn=79 mode=CHASE cluster=0 cluster_len=1 cell=7,2 score=100003.528365 chase_score=5005.778365 prob=3.528365
turn=79 picked cell=7,2 target_cluster=Some(0) active_clusters=1 remaining_cells=9 scans=4
turn=79 result=HIT
turn=80 mode=CHASE cluster=0 cluster_len=2 cell=6,2 score=200003.528365 chase_score=10010.528365 prob=3.528365
turn=80 picked cell=6,2 target_cluster=Some(0) active_clusters=1 remaining_cells=8 scans=4
turn=80 result=HIT
turn=81 mode=CHASE cluster=0 cluster_len=3 cell=5,2 score=300003.528365 chase_score=10010.528365 prob=3.528365
turn=81 picked cell=5,2 target_cluster=Some(0) active_clusters=1 remaining_cells=7 scans=4
turn=81 result=HIT
turn=82 mode=CHASE cluster=0 cluster_len=4 cell=4,2 score=400003.528365 chase_score=10010.528365 prob=3.528365
turn=82 picked cell=4,2 target_cluster=Some(0) active_clusters=1 remaining_cells=6 scans=4
turn=82 result=MISS
turn=83 mode=CHASE cluster=0 cluster_len=4 cell=6,3 score=400002.361078 chase_score=5002.361078 prob=2.361078
turn=83 picked cell=6,3 target_cluster=Some(0) active_clusters=1 remaining_cells=6 scans=4
turn=83 result=MISS
turn=84 mode=CHASE cluster=0 cluster_len=4 cell=8,1 score=400001.416416 chase_score=5001.416416 prob=1.416416
turn=84 picked cell=8,1 target_cluster=Some(0) active_clusters=1 remaining_cells=6 scans=4
turn=84 result=MISS
turn=85 mode=CHASE cluster=0 cluster_len=4 cell=7,3 score=400001.416537 chase_score=5001.416537 prob=1.416537
turn=85 picked cell=7,3 target_cluster=Some(0) active_clusters=1 remaining_cells=6 scans=4
turn=85 result=MISS
turn=86 mode=CHASE cluster=0 cluster_len=4 cell=5,3 score=400001.416660 chase_score=5001.416660 prob=1.416660
turn=86 picked cell=5,3 target_cluster=Some(0) active_clusters=1 remaining_cells=6 scans=4
turn=86 result=MISS
turn=87 picked cell=2,12 target_cluster=None active_clusters=1 remaining_cells=6 scans=4
turn=87 result=MISS
turn=88 picked cell=1,11 target_cluster=None active_clusters=1 remaining_cells=6 scans=4
turn=88 result=MISS
turn=89 picked cell=1,13 target_cluster=None active_clusters=1 remaining_cells=6 scans=4
turn=89 result=HIT
turn=90 mode=CHASE cluster=1 cluster_len=1 cell=1,14 score=100002.362964 chase_score=5002.862964 prob=2.362964
turn=90 picked cell=1,14 target_cluster=Some(1) active_clusters=2 remaining_cells=5 scans=4
turn=90 result=MISS
turn=91 mode=CHASE cluster=1 cluster_len=1 cell=2,13 score=100001.890457 chase_score=5002.390457 prob=1.890457
turn=91 picked cell=2,13 target_cluster=Some(1) active_clusters=2 remaining_cells=5 scans=4
turn=91 result=HIT
turn=92 mode=CHASE cluster=1 cluster_len=2 cell=3,13 score=200002.363412 chase_score=10002.363412 prob=2.363412
turn=92 picked cell=3,13 target_cluster=Some(1) active_clusters=2 remaining_cells=4 scans=4
turn=92 result=MISS
turn=93 mode=CHASE cluster=1 cluster_len=2 cell=0,13 score=200001.890815 chase_score=10001.890815 prob=1.890815
turn=93 picked cell=0,13 target_cluster=Some(1) active_clusters=2 remaining_cells=4 scans=4
turn=93 result=KILL
turn=93 kill_infer inferred_len=2 committed_hits=1 cluster_hits=2
turn=94 mode=CHASE cluster=1 cluster_len=1 cell=2,14 score=100000.781331 chase_score=5000.781331 prob=0.781331
turn=94 picked cell=2,14 target_cluster=Some(1) active_clusters=2 remaining_cells=3 scans=4
turn=94 result=MISS
turn=95 picked cell=9,7 target_cluster=None active_clusters=2 remaining_cells=3 scans=4
turn=95 result=MISS
turn=96 picked cell=11,7 target_cluster=None active_clusters=2 remaining_cells=3 scans=4
turn=96 result=MISS
turn=97 picked cell=8,4 target_cluster=None active_clusters=2 remaining_cells=3 scans=4
turn=97 result=MISS
turn=98 picked cell=12,7 target_cluster=None active_clusters=2 remaining_cells=3 scans=4
turn=98 result=MISS
turn=99 picked cell=13,7 target_cluster=None active_clusters=2 remaining_cells=3 scans=4
turn=99 result=MISS
turn=100 picked cell=12,5 target_cluster=None active_clusters=2 remaining_cells=3 scans=4
turn=100 result=MISS
turn=101 picked cell=15,7 target_cluster=None active_clusters=2 remaining_cells=3 scans=4
turn=101 result=MISS
turn=102 picked cell=14,7 target_cluster=None active_clusters=2 remaining_cells=3 scans=4
turn=102 result=MISS
turn=103 picked cell=11,4 target_cluster=None active_clusters=2 remaining_cells=3 scans=4
turn=103 result=MISS
turn=104 picked cell=12,4 target_cluster=None active_clusters=2 remaining_cells=3 scans=4
turn=104 result=MISS
turn=105 picked cell=10,3 target_cluster=None active_clusters=2 remaining_cells=3 scans=4
turn=105 result=MISS
turn=106 picked cell=11,3 target_cluster=None active_clusters=2 remaining_cells=3 scans=4
turn=106 result=MISS
turn=107 picked cell=10,2 target_cluster=None active_clusters=2 remaining_cells=3 scans=4
turn=107 result=HIT
turn=108 mode=CHASE cluster=2 cluster_len=1 cell=11,2 score=100000.781621 chase_score=5000.781621 prob=0.781621
turn=108 picked cell=11,2 target_cluster=Some(2) active_clusters=3 remaining_cells=2 scans=4
turn=108 result=KILL
turn=108 kill_infer inferred_len=2 committed_hits=1 cluster_hits=1
turn=109 picked cell=9,8 target_cluster=None active_clusters=2 remaining_cells=1 scans=4
turn=109 result=MISS
turn=110 picked cell=8,8 target_cluster=None active_clusters=2 remaining_cells=1 scans=4
turn=110 result=MISS
turn=111 picked cell=7,7 target_cluster=None active_clusters=2 remaining_cells=1 scans=4
turn=111 result=MISS
turn=112 picked cell=7,10 target_cluster=None active_clusters=2 remaining_cells=1 scans=4
turn=112 result=MISS
turn=113 picked cell=7,8 target_cluster=None active_clusters=2 remaining_cells=1 scans=4
turn=113 result=MISS
turn=114 picked cell=8,9 target_cluster=None active_clusters=2 remaining_cells=1 scans=4
turn=114 result=MISS
turn=115 picked cell=10,8 target_cluster=None active_clusters=2 remaining_cells=1 scans=4
turn=115 result=MISS
turn=116 picked cell=7,9 target_cluster=None active_clusters=2 remaining_cells=1 scans=4
turn=116 result=MISS
turn=117 picked cell=8,11 target_cluster=None active_clusters=2 remaining_cells=1 scans=4
turn=117 result=MISS
turn=118 picked cell=7,11 target_cluster=None active_clusters=2 remaining_cells=1 scans=4
turn=118 result=MISS
turn=119 picked cell=7,4 target_cluster=None active_clusters=2 remaining_cells=1 scans=4
turn=119 result=MISS
turn=120 picked cell=4,8 target_cluster=None active_clusters=2 remaining_cells=1 scans=4
turn=120 result=MISS
turn=121 picked cell=7,5 target_cluster=None active_clusters=2 remaining_cells=1 scans=4
turn=121 result=MISS
turn=122 picked cell=8,10 target_cluster=None active_clusters=2 remaining_cells=1 scans=4
turn=122 result=MISS
turn=123 picked cell=10,9 target_cluster=None active_clusters=2 remaining_cells=1 scans=4
turn=123 result=MISS
turn=124 picked cell=12,8 target_cluster=None active_clusters=2 remaining_cells=1 scans=4
turn=124 result=MISS
turn=125 picked cell=9,10 target_cluster=None active_clusters=2 remaining_cells=1 scans=4
turn=125 result=MISS
turn=126 picked cell=5,6 target_cluster=None active_clusters=2 remaining_cells=1 scans=4
turn=126 result=MISS
turn=127 picked cell=7,12 target_cluster=None active_clusters=2 remaining_cells=1 scans=4
turn=127 result=MISS
turn=128 picked cell=3,7 target_cluster=None active_clusters=2 remaining_cells=1 scans=4
turn=128 result=MISS
turn=129 picked cell=4,7 target_cluster=None active_clusters=2 remaining_cells=1 scans=4
turn=129 result=MISS
turn=130 picked cell=5,5 target_cluster=None active_clusters=2 remaining_cells=1 scans=4
turn=130 result=MISS
turn=131 picked cell=11,9 target_cluster=None active_clusters=2 remaining_cells=1 scans=4
turn=131 result=MISS
turn=132 picked cell=2,7 target_cluster=None active_clusters=2 remaining_cells=1 scans=4
turn=132 result=MISS
turn=133 picked cell=13,8 target_cluster=None active_clusters=2 remaining_cells=1 scans=4
turn=133 result=MISS
turn=134 picked cell=8,12 target_cluster=None active_clusters=2 remaining_cells=1 scans=4
turn=134 result=MISS
turn=135 picked cell=3,8 target_cluster=None active_clusters=2 remaining_cells=1 scans=4
turn=135 result=MISS
turn=136 picked cell=4,9 target_cluster=None active_clusters=2 remaining_cells=1 scans=4
turn=136 result=MISS
turn=137 picked cell=4,10 target_cluster=None active_clusters=2 remaining_cells=1 scans=4
turn=137 result=MISS
turn=138 picked cell=6,4 target_cluster=None active_clusters=2 remaining_cells=1 scans=4
turn=138 result=MISS
turn=139 picked cell=3,10 target_cluster=None active_clusters=2 remaining_cells=1 scans=4
turn=139 result=MISS
turn=140 picked cell=9,11 target_cluster=None active_clusters=2 remaining_cells=1 scans=4
turn=140 result=MISS
turn=141 picked cell=9,12 target_cluster=None active_clusters=2 remaining_cells=1 scans=4
turn=141 result=MISS
turn=142 picked cell=4,5 target_cluster=None active_clusters=2 remaining_cells=1 scans=4
turn=142 result=MISS
turn=143 picked cell=12,9 target_cluster=None active_clusters=2 remaining_cells=1 scans=4
turn=143 result=MISS
turn=144 picked cell=11,10 target_cluster=None active_clusters=2 remaining_cells=1 scans=4
turn=144 result=MISS
turn=145 picked cell=10,11 target_cluster=None active_clusters=2 remaining_cells=1 scans=4
turn=145 result=MISS
turn=146 picked cell=2,8 target_cluster=None active_clusters=2 remaining_cells=1 scans=4
turn=146 result=MISS
turn=147 picked cell=3,6 target_cluster=None active_clusters=2 remaining_cells=1 scans=4
turn=147 result=MISS
turn=148 picked cell=8,13 target_cluster=None active_clusters=2 remaining_cells=1 scans=4
turn=148 result=MISS
turn=149 picked cell=11,11 target_cluster=None active_clusters=2 remaining_cells=1 scans=4
turn=149 result=MISS
turn=150 picked cell=10,12 target_cluster=None active_clusters=2 remaining_cells=1 scans=4
turn=150 result=MISS
turn=151 picked cell=14,8 target_cluster=None active_clusters=2 remaining_cells=1 scans=4
turn=151 result=MISS
turn=152 picked cell=1,8 target_cluster=None active_clusters=2 remaining_cells=1 scans=4
turn=152 result=MISS
turn=153 picked cell=1,7 target_cluster=None active_clusters=2 remaining_cells=1 scans=4
turn=153 result=MISS
turn=154 picked cell=9,13 target_cluster=None active_clusters=2 remaining_cells=1 scans=4
turn=154 result=MISS
turn=155 picked cell=12,10 target_cluster=None active_clusters=2 remaining_cells=1 scans=4
turn=155 result=MISS
turn=156 picked cell=4,4 target_cluster=None active_clusters=2 remaining_cells=1 scans=4
turn=156 result=MISS
turn=157 picked cell=7,14 target_cluster=None active_clusters=2 remaining_cells=1 scans=4
turn=157 result=MISS
turn=158 picked cell=6,14 target_cluster=None active_clusters=2 remaining_cells=1 scans=4
turn=158 result=MISS
turn=159 picked cell=8,15 target_cluster=None active_clusters=2 remaining_cells=1 scans=4
turn=159 result=MISS
turn=160 picked cell=2,6 target_cluster=None active_clusters=2 remaining_cells=1 scans=4
turn=160 result=MISS
turn=161 picked cell=2,9 target_cluster=None active_clusters=2 remaining_cells=1 scans=4
turn=161 result=MISS
turn=162 picked cell=14,9 target_cluster=None active_clusters=2 remaining_cells=1 scans=4
turn=162 result=MISS
turn=163 picked cell=1,6 target_cluster=None active_clusters=2 remaining_cells=1 scans=4
turn=163 result=MISS
turn=164 picked cell=4,3 target_cluster=None active_clusters=2 remaining_cells=1 scans=4
turn=164 result=MISS
turn=165 picked cell=13,9 target_cluster=None active_clusters=2 remaining_cells=1 scans=4
turn=165 result=MISS
turn=166 picked cell=0,8 target_cluster=None active_clusters=2 remaining_cells=1 scans=4
turn=166 result=MISS
turn=167 picked cell=7,15 target_cluster=None active_clusters=2 remaining_cells=1 scans=4
turn=167 result=MISS
turn=168 picked cell=13,10 target_cluster=None active_clusters=2 remaining_cells=1 scans=4
turn=168 result=MISS
turn=169 picked cell=12,12 target_cluster=None active_clusters=2 remaining_cells=1 scans=4
turn=169 result=MISS
turn=170 picked cell=13,5 target_cluster=None active_clusters=2 remaining_cells=1 scans=4
turn=170 result=MISS
turn=171 picked cell=9,14 target_cluster=None active_clusters=2 remaining_cells=1 scans=4
turn=171 result=MISS
turn=172 picked cell=0,7 target_cluster=None active_clusters=2 remaining_cells=1 scans=4
turn=172 result=MISS
turn=173 picked cell=2,5 target_cluster=None active_clusters=2 remaining_cells=1 scans=4
turn=173 result=MISS
turn=174 picked cell=10,13 target_cluster=None active_clusters=2 remaining_cells=1 scans=4
turn=174 result=MISS
turn=175 picked cell=3,11 target_cluster=None active_clusters=2 remaining_cells=1 scans=4
turn=175 result=MISS
turn=176 picked cell=11,12 target_cluster=None active_clusters=2 remaining_cells=1 scans=4
turn=176 result=MISS
turn=177 picked cell=3,3 target_cluster=None active_clusters=2 remaining_cells=1 scans=4
turn=177 result=MISS
turn=178 picked cell=4,12 target_cluster=None active_clusters=2 remaining_cells=1 scans=4
turn=178 result=MISS
turn=179 picked cell=14,5 target_cluster=None active_clusters=2 remaining_cells=1 scans=4
turn=179 result=MISS
turn=180 picked cell=4,13 target_cluster=None active_clusters=2 remaining_cells=1 scans=4
turn=180 result=MISS
turn=181 picked cell=15,8 target_cluster=None active_clusters=2 remaining_cells=1 scans=4
turn=181 result=MISS
turn=182 picked cell=13,11 target_cluster=None active_clusters=2 remaining_cells=1 scans=4
turn=182 result=MISS
turn=183 picked cell=1,10 target_cluster=None active_clusters=2 remaining_cells=1 scans=4
turn=183 result=MISS
turn=184 picked cell=12,3 target_cluster=None active_clusters=2 remaining_cells=1 scans=4
turn=184 result=MISS
turn=185 picked cell=2,11 target_cluster=None active_clusters=2 remaining_cells=1 scans=4
turn=185 result=MISS
turn=186 picked cell=11,13 target_cluster=None active_clusters=2 remaining_cells=1 scans=4
turn=186 result=MISS
turn=187 picked cell=10,1 target_cluster=None active_clusters=2 remaining_cells=1 scans=4
turn=187 result=MISS
turn=188 picked cell=3,4 target_cluster=None active_clusters=2 remaining_cells=1 scans=4
turn=188 result=MISS
turn=189 picked cell=3,12 target_cluster=None active_clusters=2 remaining_cells=1 scans=4
turn=189 result=MISS
turn=190 picked cell=9,0 target_cluster=None active_clusters=2 remaining_cells=1 scans=4
turn=190 result=MISS
turn=191 picked cell=5,14 target_cluster=None active_clusters=2 remaining_cells=1 scans=4
turn=191 result=MISS
turn=192 picked cell=8,0 target_cluster=None active_clusters=2 remaining_cells=1 scans=4
turn=192 result=MISS
turn=193 picked cell=14,11 target_cluster=None active_clusters=2 remaining_cells=1 scans=4
turn=193 result=MISS
turn=194 picked cell=9,15 target_cluster=None active_clusters=2 remaining_cells=1 scans=4
turn=194 result=MISS
turn=195 picked cell=0,9 target_cluster=None active_clusters=2 remaining_cells=1 scans=4
turn=195 result=MISS
turn=196 picked cell=14,10 target_cluster=None active_clusters=2 remaining_cells=1 scans=4
turn=196 result=MISS
turn=197 picked cell=2,4 target_cluster=None active_clusters=2 remaining_cells=1 scans=4
turn=197 result=MISS
turn=198 picked cell=11,1 target_cluster=None active_clusters=2 remaining_cells=1 scans=4
turn=198 result=MISS
turn=199 picked cell=13,4 target_cluster=None active_clusters=2 remaining_cells=1 scans=4
turn=199 result=MISS
turn=200 picked cell=6,15 target_cluster=None active_clusters=2 remaining_cells=1 scans=4
turn=200 result=MISS
turn=201 picked cell=10,14 target_cluster=None active_clusters=2 remaining_cells=1 scans=4
turn=201 result=MISS
turn=202 picked cell=6,0 target_cluster=None active_clusters=2 remaining_cells=1 scans=4
turn=202 result=MISS
turn=203 picked cell=1,5 target_cluster=None active_clusters=2 remaining_cells=1 scans=4
turn=203 result=MISS
turn=204 picked cell=1,4 target_cluster=None active_clusters=2 remaining_cells=1 scans=4
turn=204 result=MISS
turn=205 picked cell=12,2 target_cluster=None active_clusters=2 remaining_cells=1 scans=4
turn=205 result=MISS
turn=206 picked cell=3,2 target_cluster=None active_clusters=2 remaining_cells=1 scans=4
turn=206 result=MISS
turn=207 picked cell=5,15 target_cluster=None active_clusters=2 remaining_cells=1 scans=4
turn=207 result=MISS
turn=208 picked cell=12,13 target_cluster=None active_clusters=2 remaining_cells=1 scans=4
turn=208 result=MISS
turn=209 picked cell=14,4 target_cluster=None active_clusters=2 remaining_cells=1 scans=4
turn=209 result=MISS
turn=210 picked cell=13,3 target_cluster=None active_clusters=2 remaining_cells=1 scans=4
turn=210 result=MISS
turn=211 picked cell=0,6 target_cluster=None active_clusters=2 remaining_cells=1 scans=4
turn=211 result=MISS
turn=212 picked cell=15,5 target_cluster=None active_clusters=2 remaining_cells=1 scans=4
turn=212 result=MISS
turn=213 picked cell=11,14 target_cluster=None active_clusters=2 remaining_cells=1 scans=4
turn=213 result=MISS
turn=214 picked cell=10,15 target_cluster=None active_clusters=2 remaining_cells=1 scans=4
turn=214 result=MISS
turn=215 picked cell=12,14 target_cluster=None active_clusters=2 remaining_cells=1 scans=4
turn=215 result=MISS
turn=216 picked cell=5,0 target_cluster=None active_clusters=2 remaining_cells=1 scans=4
turn=216 result=MISS
turn=217 picked cell=3,14 target_cluster=None active_clusters=2 remaining_cells=1 scans=4
turn=217 result=MISS
turn=218 picked cell=15,4 target_cluster=None active_clusters=2 remaining_cells=1 scans=4
turn=218 result=MISS
turn=219 picked cell=1,12 target_cluster=None active_clusters=2 remaining_cells=1 scans=4
turn=219 result=MISS
turn=220 picked cell=14,3 target_cluster=None active_clusters=2 remaining_cells=1 scans=4
turn=220 result=MISS
turn=221 picked cell=0,11 target_cluster=None active_clusters=2 remaining_cells=1 scans=4
turn=221 result=MISS
turn=222 picked cell=11,0 target_cluster=None active_clusters=2 remaining_cells=1 scans=4
turn=222 result=MISS
turn=223 picked cell=13,13 target_cluster=None active_clusters=2 remaining_cells=1 scans=4
turn=223 result=KILL
