turn=1 mode=SCAN region=0,0,8,8
turn=1 result=SCAN count=25
turn=2 mode=SCAN region=0,9,8,17
turn=2 result=SCAN count=24
turn=3 mode=SCAN region=9,0,17,8
turn=3 result=SCAN count=20
turn=4 mode=SCAN region=9,9,17,17
turn=4 result=SCAN count=12
turn=5 picked cell=6,6 target_cluster=None active_clusters=0 remaining_cells=81 scans=4
turn=5 result=HIT
turn=6 mode=CHASE cluster=0 cluster_len=1 cell=7,6 score=100001.776616 chase_score=5086.276616 prob=1.776616
turn=6 picked cell=7,6 target_cluster=Some(0) active_clusters=1 remaining_cells=80 scans=4
turn=6 result=HIT
turn=7 mode=CHASE cluster=0 cluster_len=2 cell=8,6 score=200001.776616 chase_score=10260.776616 prob=1.776616
turn=7 picked cell=8,6 target_cluster=Some(0) active_clusters=1 remaining_cells=79 scans=4
turn=7 result=HIT
turn=8 mode=CHASE cluster=0 cluster_len=3 cell=9,6 score=300001.776616 chase_score=10185.776616 prob=1.776616
turn=8 picked cell=9,6 target_cluster=Some(0) active_clusters=1 remaining_cells=78 scans=4
turn=8 result=KILL
turn=8 kill_infer inferred_len=4 committed_hits=3 cluster_hits=3
turn=9 picked cell=5,11 target_cluster=None active_clusters=0 remaining_cells=77 scans=4
turn=9 result=MISS
turn=10 picked cell=4,10 target_cluster=None active_clusters=0 remaining_cells=77 scans=4
turn=10 result=HIT
turn=11 mode=CHASE cluster=0 cluster_len=1 cell=4,9 score=100001.735510 chase_score=5083.235510 prob=1.735510
turn=11 picked cell=4,9 target_cluster=Some(0) active_clusters=1 remaining_cells=76 scans=4
turn=11 result=MISS
turn=12 mode=CHASE cluster=0 cluster_len=1 cell=5,10 score=100001.087641 chase_score=5075.587641 prob=1.087641
turn=12 picked cell=5,10 target_cluster=Some(0) active_clusters=1 remaining_cells=76 scans=4
turn=12 result=HIT
turn=13 mode=CHASE cluster=0 cluster_len=2 cell=6,10 score=200001.658001 chase_score=10252.658001 prob=1.658001
turn=13 picked cell=6,10 target_cluster=Some(0) active_clusters=1 remaining_cells=75 scans=4
turn=13 result=MISS
turn=14 mode=CHASE cluster=0 cluster_len=2 cell=3,10 score=200001.240404 chase_score=10044.240404 prob=1.240404
turn=14 picked cell=3,10 target_cluster=Some(0) active_clusters=1 remaining_cells=75 scans=4
turn=14 result=HIT
turn=15 mode=CHASE cluster=0 cluster_len=3 cell=2,10 score=300001.240404 chase_score=10035.240404 prob=1.240404
turn=15 picked cell=2,10 target_cluster=Some(0) active_clusters=1 remaining_cells=74 scans=4
turn=15 result=HIT
turn=16 mode=CHASE cluster=0 cluster_len=4 cell=1,10 score=400001.193778 chase_score=10023.193778 prob=1.193778
turn=16 picked cell=1,10 target_cluster=Some(0) active_clusters=1 remaining_cells=73 scans=4
turn=16 result=HIT
turn=17 mode=CHASE cluster=0 cluster_len=5 cell=0,10 score=500001.115145 chase_score=10013.115145 prob=1.115145
turn=17 picked cell=0,10 target_cluster=Some(0) active_clusters=1 remaining_cells=72 scans=4
turn=17 result=KILL
turn=17 kill_infer inferred_len=6 committed_hits=5 cluster_hits=5
turn=18 picked cell=5,4 target_cluster=None active_clusters=0 remaining_cells=71 scans=4
turn=18 result=MISS
turn=19 picked cell=3,5 target_cluster=None active_clusters=0 remaining_cells=71 scans=4
turn=19 result=HIT
turn=20 mode=CHASE cluster=0 cluster_len=1 cell=3,4 score=100000.894645 chase_score=5060.894645 prob=0.894645
turn=20 picked cell=3,4 target_cluster=Some(0) active_clusters=1 remaining_cells=70 scans=4
turn=20 result=HIT
turn=21 mode=CHASE cluster=0 cluster_len=2 cell=3,3 score=200001.405930 chase_score=10200.405930 prob=1.405930
turn=21 picked cell=3,3 target_cluster=Some(0) active_clusters=1 remaining_cells=69 scans=4
turn=21 result=HIT
turn=22 mode=CHASE cluster=0 cluster_len=3 cell=3,6 score=300000.945177 chase_score=10162.945177 prob=0.945177
turn=22 picked cell=3,6 target_cluster=Some(0) active_clusters=1 remaining_cells=68 scans=4
turn=22 result=HIT
turn=23 mode=CHASE cluster=0 cluster_len=4 cell=3,2 score=400001.251614 chase_score=10107.251614 prob=1.251614
turn=23 picked cell=3,2 target_cluster=Some(0) active_clusters=1 remaining_cells=67 scans=4
turn=23 result=HIT
turn=24 mode=CHASE cluster=0 cluster_len=5 cell=3,7 score=500001.251614 chase_score=10063.251614 prob=1.251614
turn=24 picked cell=3,7 target_cluster=Some(0) active_clusters=1 remaining_cells=66 scans=4
turn=24 result=HIT
turn=25 mode=CHASE cluster=0 cluster_len=6 cell=3,1 score=600001.076200 chase_score=10029.076200 prob=1.076200
turn=25 picked cell=3,1 target_cluster=Some(0) active_clusters=1 remaining_cells=65 scans=4
turn=25 result=KILL
turn=25 kill_infer inferred_len=7 committed_hits=6 cluster_hits=6
turn=26 picked cell=7,12 target_cluster=None active_clusters=0 remaining_cells=64 scans=4
turn=26 result=MISS
turn=27 picked cell=11,7 target_cluster=None active_clusters=0 remaining_cells=64 scans=4
turn=27 result=MISS
turn=28 picked cell=10,5 target_cluster=None active_clusters=0 remaining_cells=64 scans=4
turn=28 result=MISS
turn=29 picked cell=8,13 target_cluster=None active_clusters=0 remaining_cells=64 scans=4
turn=29 result=HIT
turn=30 mode=CHASE cluster=0 cluster_len=1 cell=9,13 score=100001.883765 chase_score=5065.383765 prob=1.883765
turn=30 picked cell=9,13 target_cluster=Some(0) active_clusters=1 remaining_cells=63 scans=4
turn=30 result=MISS
turn=31 mode=CHASE cluster=0 cluster_len=1 cell=8,12 score=100001.115095 chase_score=5059.365095 prob=1.115095
turn=31 picked cell=8,12 target_cluster=Some(0) active_clusters=1 remaining_cells=63 scans=4
turn=31 result=HIT
turn=32 mode=CHASE cluster=0 cluster_len=2 cell=8,11 score=200001.484512 chase_score=10193.484512 prob=1.484512
turn=32 picked cell=8,11 target_cluster=Some(0) active_clusters=1 remaining_cells=62 scans=4
turn=32 result=HIT
turn=33 mode=CHASE cluster=0 cluster_len=3 cell=8,14 score=300001.826343 chase_score=10135.826343 prob=1.826343
turn=33 picked cell=8,14 target_cluster=Some(0) active_clusters=1 remaining_cells=61 scans=4
turn=33 result=HIT
turn=34 mode=CHASE cluster=0 cluster_len=4 cell=8,15 score=400001.661429 chase_score=10086.661429 prob=1.661429
turn=34 picked cell=8,15 target_cluster=Some(0) active_clusters=1 remaining_cells=60 scans=4
turn=34 result=HIT
turn=35 mode=CHASE cluster=0 cluster_len=5 cell=8,16 score=500001.471782 chase_score=10049.471782 prob=1.471782
turn=35 picked cell=8,16 target_cluster=Some(0) active_clusters=1 remaining_cells=59 scans=4
turn=35 result=HIT
turn=36 mode=CHASE cluster=0 cluster_len=6 cell=8,17 score=600001.271680 chase_score=10022.271680 prob=1.271680
turn=36 picked cell=8,17 target_cluster=Some(0) active_clusters=1 remaining_cells=58 scans=4
turn=36 result=KILL
turn=36 kill_infer inferred_len=7 committed_hits=6 cluster_hits=6
turn=37 picked cell=12,4 target_cluster=None active_clusters=0 remaining_cells=57 scans=4
turn=37 result=MISS
turn=38 picked cell=13,8 target_cluster=None active_clusters=0 remaining_cells=57 scans=4
turn=38 result=MISS
turn=39 picked cell=14,6 target_cluster=None active_clusters=0 remaining_cells=57 scans=4
turn=39 result=HIT
turn=40 mode=CHASE cluster=0 cluster_len=1 cell=14,5 score=100001.496832 chase_score=5054.496832 prob=1.496832
turn=40 picked cell=14,5 target_cluster=Some(0) active_clusters=1 remaining_cells=56 scans=4
turn=40 result=HIT
turn=41 mode=CHASE cluster=0 cluster_len=2 cell=14,7 score=200001.395534 chase_score=10158.395534 prob=1.395534
turn=41 picked cell=14,7 target_cluster=Some(0) active_clusters=1 remaining_cells=55 scans=4
turn=41 result=HIT
turn=42 mode=CHASE cluster=0 cluster_len=3 cell=14,8 score=300001.149613 chase_score=10107.149613 prob=1.149613
turn=42 picked cell=14,8 target_cluster=Some(0) active_clusters=1 remaining_cells=54 scans=4
turn=42 result=MISS
turn=43 mode=CHASE cluster=0 cluster_len=3 cell=14,4 score=300000.847673 chase_score=10042.847673 prob=0.847673
turn=43 picked cell=14,4 target_cluster=Some(0) active_clusters=1 remaining_cells=54 scans=4
turn=43 result=KILL
turn=43 kill_infer inferred_len=4 committed_hits=3 cluster_hits=3
turn=44 picked cell=11,3 target_cluster=None active_clusters=0 remaining_cells=53 scans=4
turn=44 result=HIT
turn=45 mode=CHASE cluster=0 cluster_len=1 cell=10,3 score=100001.276949 chase_score=5051.276949 prob=1.276949
turn=45 picked cell=10,3 target_cluster=Some(0) active_clusters=1 remaining_cells=52 scans=4
turn=45 result=MISS
turn=46 mode=CHASE cluster=0 cluster_len=1 cell=11,2 score=100001.586167 chase_score=5027.086167 prob=1.586167
turn=46 picked cell=11,2 target_cluster=Some(0) active_clusters=1 remaining_cells=52 scans=4
turn=46 result=MISS
turn=47 mode=CHASE cluster=0 cluster_len=1 cell=12,3 score=100000.456857 chase_score=5013.206857 prob=0.456857
turn=47 picked cell=12,3 target_cluster=Some(0) active_clusters=1 remaining_cells=52 scans=4
turn=47 result=HIT
turn=48 mode=CHASE cluster=0 cluster_len=2 cell=13,3 score=200001.136427 chase_score=10048.136427 prob=1.136427
turn=48 picked cell=13,3 target_cluster=Some(0) active_clusters=1 remaining_cells=51 scans=4
turn=48 result=HIT
turn=49 mode=CHASE cluster=0 cluster_len=3 cell=14,3 score=300000.591832 chase_score=10038.591832 prob=0.591832
turn=49 picked cell=14,3 target_cluster=Some(0) active_clusters=1 remaining_cells=50 scans=4
turn=49 result=HIT
turn=50 mode=CHASE cluster=0 cluster_len=4 cell=15,3 score=400001.318556 chase_score=10031.318556 prob=1.318556
turn=50 picked cell=15,3 target_cluster=Some(0) active_clusters=1 remaining_cells=49 scans=4
turn=50 result=KILL
turn=50 kill_infer inferred_len=5 committed_hits=4 cluster_hits=4
turn=51 picked cell=6,0 target_cluster=None active_clusters=0 remaining_cells=48 scans=4
turn=51 result=HIT
turn=52 mode=CHASE cluster=0 cluster_len=1 cell=7,0 score=100001.260418 chase_score=5046.260418 prob=1.260418
turn=52 picked cell=7,0 target_cluster=Some(0) active_clusters=1 remaining_cells=47 scans=4
turn=52 result=MISS
turn=53 mode=CHASE cluster=0 cluster_len=1 cell=5,0 score=100000.452221 chase_score=5011.952221 prob=0.452221
turn=53 picked cell=5,0 target_cluster=Some(0) active_clusters=1 remaining_cells=47 scans=4
turn=53 result=HIT
turn=54 mode=CHASE cluster=0 cluster_len=2 cell=4,0 score=200000.681379 chase_score=10042.681379 prob=0.681379
turn=54 picked cell=4,0 target_cluster=Some(0) active_clusters=1 remaining_cells=46 scans=4
turn=54 result=HIT
turn=55 mode=CHASE cluster=0 cluster_len=3 cell=3,0 score=300000.494106 chase_score=10033.494106 prob=0.494106
turn=55 picked cell=3,0 target_cluster=Some(0) active_clusters=1 remaining_cells=45 scans=4
turn=55 result=HIT
turn=56 mode=CHASE cluster=0 cluster_len=4 cell=2,0 score=400000.681379 chase_score=10025.681379 prob=0.681379
turn=56 picked cell=2,0 target_cluster=Some(0) active_clusters=1 remaining_cells=44 scans=4
turn=56 result=HIT
turn=57 mode=CHASE cluster=0 cluster_len=5 cell=1,0 score=500000.590755 chase_score=10020.590755 prob=0.590755
turn=57 picked cell=1,0 target_cluster=Some(0) active_clusters=1 remaining_cells=43 scans=4
turn=57 result=HIT
turn=58 mode=CHASE cluster=0 cluster_len=6 cell=0,0 score=600000.454882 chase_score=10014.454882 prob=0.454882
turn=58 picked cell=0,0 target_cluster=Some(0) active_clusters=1 remaining_cells=42 scans=4
turn=58 result=KILL
turn=58 kill_infer inferred_len=7 committed_hits=6 cluster_hits=6
turn=59 picked cell=12,10 target_cluster=None active_clusters=0 remaining_cells=41 scans=4
turn=59 result=HIT
turn=60 mode=CHASE cluster=0 cluster_len=1 cell=12,11 score=100001.458650 chase_score=5035.958650 prob=1.458650
turn=60 picked cell=12,11 target_cluster=Some(0) active_clusters=1 remaining_cells=40 scans=4
turn=60 result=MISS
turn=61 mode=CHASE cluster=0 cluster_len=1 cell=11,10 score=100001.311842 chase_score=5034.061842 prob=1.311842
turn=61 picked cell=11,10 target_cluster=Some(0) active_clusters=1 remaining_cells=40 scans=4
turn=61 result=HIT
turn=62 mode=CHASE cluster=0 cluster_len=2 cell=13,10 score=200001.143864 chase_score=10100.143864 prob=1.143864
turn=62 picked cell=13,10 target_cluster=Some(0) active_clusters=1 remaining_cells=39 scans=4
turn=62 result=KILL
turn=62 kill_infer inferred_len=3 committed_hits=2 cluster_hits=2
turn=63 picked cell=3,14 target_cluster=None active_clusters=0 remaining_cells=38 scans=4
turn=63 result=MISS
turn=64 picked cell=4,13 target_cluster=None active_clusters=0 remaining_cells=38 scans=4
turn=64 result=MISS
turn=65 picked cell=2,15 target_cluster=None active_clusters=0 remaining_cells=38 scans=4
turn=65 result=HIT
turn=66 mode=CHASE cluster=0 cluster_len=1 cell=3,15 score=100000.639362 chase_score=5022.389362 prob=0.639362
turn=66 picked cell=3,15 target_cluster=Some(0) active_clusters=1 remaining_cells=37 scans=4
turn=66 result=HIT
turn=67 mode=CHASE cluster=0 cluster_len=2 cell=4,15 score=200000.719210 chase_score=10069.719210 prob=0.719210
turn=67 picked cell=4,15 target_cluster=Some(0) active_clusters=1 remaining_cells=36 scans=4
turn=67 result=HIT
turn=68 mode=CHASE cluster=0 cluster_len=3 cell=5,15 score=300000.846799 chase_score=10050.846799 prob=0.846799
turn=68 picked cell=5,15 target_cluster=Some(0) active_clusters=1 remaining_cells=35 scans=4
turn=68 result=HIT
turn=69 mode=CHASE cluster=0 cluster_len=4 cell=1,15 score=400000.834425 chase_score=10031.834425 prob=0.834425
turn=69 picked cell=1,15 target_cluster=Some(0) active_clusters=1 remaining_cells=34 scans=4
turn=69 result=MISS
turn=70 mode=CHASE cluster=0 cluster_len=4 cell=6,15 score=400000.710828 chase_score=10011.710828 prob=0.710828
turn=70 picked cell=6,15 target_cluster=Some(0) active_clusters=1 remaining_cells=34 scans=4
turn=70 result=KILL
turn=70 kill_infer inferred_len=5 committed_hits=4 cluster_hits=4
turn=71 picked cell=10,8 target_cluster=None active_clusters=0 remaining_cells=33 scans=4
turn=71 result=HIT
turn=72 mode=CHASE cluster=0 cluster_len=1 cell=10,9 score=100001.523398 chase_score=5021.273398 prob=1.523398
turn=72 picked cell=10,9 target_cluster=Some(0) active_clusters=1 remaining_cells=32 scans=4
turn=72 result=MISS
turn=73 mode=CHASE cluster=0 cluster_len=1 cell=9,8 score=100000.943841 chase_score=5020.693841 prob=0.943841
turn=73 picked cell=9,8 target_cluster=Some(0) active_clusters=1 remaining_cells=32 scans=4
turn=73 result=HIT
turn=74 mode=CHASE cluster=0 cluster_len=2 cell=8,8 score=200000.960052 chase_score=10061.960052 prob=0.960052
turn=74 picked cell=8,8 target_cluster=Some(0) active_clusters=1 remaining_cells=31 scans=4
turn=74 result=HIT
turn=75 mode=CHASE cluster=0 cluster_len=3 cell=7,8 score=300001.105399 chase_score=10048.105399 prob=1.105399
turn=75 picked cell=7,8 target_cluster=Some(0) active_clusters=1 remaining_cells=30 scans=4
turn=75 result=KILL
turn=75 kill_infer inferred_len=4 committed_hits=3 cluster_hits=3
turn=76 picked cell=10,14 target_cluster=None active_clusters=0 remaining_cells=29 scans=4
turn=76 result=MISS
turn=77 picked cell=14,12 target_cluster=None active_clusters=0 remaining_cells=29 scans=4
turn=77 result=MISS
turn=78 picked cell=16,9 target_cluster=None active_clusters=0 remaining_cells=29 scans=4
turn=78 result=MISS
turn=79 picked cell=11,15 target_cluster=None active_clusters=0 remaining_cells=29 scans=4
turn=79 result=MISS
turn=80 picked cell=9,1 target_cluster=None active_clusters=0 remaining_cells=29 scans=4
turn=80 result=MISS
turn=81 picked cell=15,13 target_cluster=None active_clusters=0 remaining_cells=29 scans=4
turn=81 result=MISS
turn=82 picked cell=15,7 target_cluster=None active_clusters=0 remaining_cells=29 scans=4
turn=82 result=HIT
turn=83 mode=CHASE cluster=0 cluster_len=1 cell=15,8 score=100001.003193 chase_score=5019.253193 prob=1.003193
turn=83 picked cell=15,8 target_cluster=Some(0) active_clusters=1 remaining_cells=28 scans=4
turn=83 result=HIT
turn=84 mode=CHASE cluster=0 cluster_len=2 cell=15,9 score=200001.036202 chase_score=10060.036202 prob=1.036202
turn=84 picked cell=15,9 target_cluster=Some(0) active_clusters=1 remaining_cells=27 scans=4
turn=84 result=HIT
turn=85 mode=CHASE cluster=0 cluster_len=3 cell=15,10 score=300001.005089 chase_score=10044.005089 prob=1.005089
turn=85 picked cell=15,10 target_cluster=Some(0) active_clusters=1 remaining_cells=26 scans=4
turn=85 result=HIT
turn=86 mode=CHASE cluster=0 cluster_len=4 cell=15,6 score=400000.900751 chase_score=10033.900751 prob=0.900751
turn=86 picked cell=15,6 target_cluster=Some(0) active_clusters=1 remaining_cells=25 scans=4
turn=86 result=HIT
turn=87 mode=CHASE cluster=0 cluster_len=5 cell=15,11 score=500000.832520 chase_score=10020.832520 prob=0.832520
turn=87 picked cell=15,11 target_cluster=Some(0) active_clusters=1 remaining_cells=24 scans=4
turn=87 result=HIT
turn=88 mode=CHASE cluster=0 cluster_len=6 cell=15,5 score=600000.651090 chase_score=10007.651090 prob=0.651090
turn=88 picked cell=15,5 target_cluster=Some(0) active_clusters=1 remaining_cells=23 scans=4
turn=88 result=KILL
turn=88 kill_infer inferred_len=7 committed_hits=6 cluster_hits=6
turn=89 picked cell=5,7 target_cluster=None active_clusters=0 remaining_cells=22 scans=4
turn=89 result=MISS
turn=90 picked cell=4,5 target_cluster=None active_clusters=0 remaining_cells=22 scans=4
turn=90 result=MISS
turn=91 picked cell=8,4 target_cluster=None active_clusters=0 remaining_cells=22 scans=4
turn=91 result=MISS
turn=92 picked cell=2,8 target_cluster=None active_clusters=0 remaining_cells=22 scans=4
turn=92 result=MISS
turn=93 picked cell=6,3 target_cluster=None active_clusters=0 remaining_cells=22 scans=4
turn=93 result=MISS
turn=94 picked cell=7,2 target_cluster=None active_clusters=0 remaining_cells=22 scans=4
turn=94 result=MISS
turn=95 picked cell=2,12 target_cluster=None active_clusters=0 remaining_cells=22 scans=4
turn=95 result=HIT
turn=96 mode=CHASE cluster=0 cluster_len=1 cell=3,12 score=100000.541372 chase_score=5010.541372 prob=0.541372
turn=96 picked cell=3,12 target_cluster=Some(0) active_clusters=1 remaining_cells=21 scans=4
turn=96 result=MISS
turn=97 mode=CHASE cluster=0 cluster_len=1 cell=2,13 score=100000.341023 chase_score=5005.341023 prob=0.341023
turn=97 picked cell=2,13 target_cluster=Some(0) active_clusters=1 remaining_cells=21 scans=4
turn=97 result=HIT
turn=98 mode=CHASE cluster=0 cluster_len=2 cell=2,11 score=200000.349669 chase_score=10010.349669 prob=0.349669
turn=98 picked cell=2,11 target_cluster=Some(0) active_clusters=1 remaining_cells=20 scans=4
turn=98 result=MISS
turn=99 mode=CHASE cluster=0 cluster_len=2 cell=2,14 score=200000.150627 chase_score=10006.150627 prob=0.150627
turn=99 picked cell=2,14 target_cluster=Some(0) active_clusters=1 remaining_cells=20 scans=4
turn=99 result=HIT
turn=100 mode=CHASE cluster=0 cluster_len=3 cell=1,13 score=300000.344650 chase_score=5000.344650 prob=0.344650
turn=100 picked cell=1,13 target_cluster=Some(0) active_clusters=1 remaining_cells=19 scans=4
turn=100 result=MISS
turn=101 mode=CHASE cluster=0 cluster_len=3 cell=1,12 score=300000.134907 chase_score=5000.134907 prob=0.134907
turn=101 picked cell=1,12 target_cluster=Some(0) active_clusters=1 remaining_cells=19 scans=4
turn=101 result=MISS
turn=102 mode=CHASE cluster=0 cluster_len=3 cell=1,14 score=300000.111276 chase_score=5000.111276 prob=0.111276
turn=102 picked cell=1,14 target_cluster=Some(0) active_clusters=1 remaining_cells=19 scans=4
turn=102 result=MISS
turn=103 mode=CHASE cluster=0 cluster_len=3 cell=3,13 score=300000.046222 chase_score=5000.046222 prob=0.046222
turn=103 picked cell=3,13 target_cluster=Some(0) active_clusters=1 remaining_cells=19 scans=4
turn=103 result=MISS
turn=104 picked cell=13,16 target_cluster=None active_clusters=1 remaining_cells=19 scans=4
turn=104 result=MISS
turn=105 picked cell=12,17 target_cluster=None active_clusters=1 remaining_cells=19 scans=4
turn=105 result=MISS
turn=106 picked cell=1,5 target_cluster=None active_clusters=1 remaining_cells=19 scans=4
turn=106 result=MISS
turn=107 picked cell=2,4 target_cluster=None active_clusters=1 remaining_cells=19 scans=4
turn=107 result=HIT
turn=108 mode=CHASE cluster=1 cluster_len=1 cell=2,3 score=100000.604694 chase_score=5010.604694 prob=0.604694
turn=108 picked cell=2,3 target_cluster=Some(1) active_clusters=2 remaining_cells=18 scans=4
turn=108 result=MISS
turn=109 mode=CHASE cluster=1 cluster_len=1 cell=2,5 score=100000.219938 chase_score=5003.719938 prob=0.219938
turn=109 picked cell=2,5 target_cluster=Some(1) active_clusters=2 remaining_cells=18 scans=4
turn=109 result=HIT
turn=110 mode=CHASE cluster=1 cluster_len=2 cell=2,6 score=200000.296993 chase_score=10010.296993 prob=0.296993
turn=110 picked cell=2,6 target_cluster=Some(1) active_clusters=2 remaining_cells=17 scans=4
turn=110 result=KILL
turn=110 kill_infer inferred_len=3 committed_hits=2 cluster_hits=2
turn=111 picked cell=16,14 target_cluster=None active_clusters=1 remaining_cells=16 scans=4
turn=111 result=MISS
turn=112 picked cell=17,11 target_cluster=None active_clusters=1 remaining_cells=16 scans=4
turn=112 result=MISS
turn=113 picked cell=17,5 target_cluster=None active_clusters=1 remaining_cells=16 scans=4
turn=113 result=MISS
turn=114 picked cell=17,15 target_cluster=None active_clusters=1 remaining_cells=16 scans=4
turn=114 result=MISS
turn=115 picked cell=12,0 target_cluster=None active_clusters=1 remaining_cells=16 scans=4
turn=115 result=MISS
turn=116 picked cell=16,2 target_cluster=None active_clusters=1 remaining_cells=16 scans=4
turn=116 result=MISS
turn=117 picked cell=13,1 target_cluster=None active_clusters=1 remaining_cells=16 scans=4
turn=117 result=MISS
turn=118 picked cell=14,15 target_cluster=None active_clusters=1 remaining_cells=16 scans=4
turn=118 result=MISS
turn=119 picked cell=12,13 target_cluster=None active_clusters=1 remaining_cells=16 scans=4
turn=119 result=MISS
turn=120 picked cell=13,14 target_cluster=None active_clusters=1 remaining_cells=16 scans=4
turn=120 result=HIT
turn=121 mode=CHASE cluster=1 cluster_len=1 cell=12,14 score=100000.666661 chase_score=5005.166661 prob=0.666661
turn=121 picked cell=12,14 target_cluster=Some(1) active_clusters=2 remaining_cells=15 scans=4
turn=121 result=MISS
turn=122 mode=CHASE cluster=1 cluster_len=1 cell=13,13 score=100000.671168 chase_score=5005.171168 prob=0.671168
turn=122 picked cell=13,13 target_cluster=Some(1) active_clusters=2 remaining_cells=15 scans=4
turn=122 result=MISS
turn=123 mode=CHASE cluster=1 cluster_len=1 cell=14,14 score=100000.359799 chase_score=5002.109799 prob=0.359799
turn=123 picked cell=14,14 target_cluster=Some(1) active_clusters=2 remaining_cells=15 scans=4
turn=123 result=KILL
turn=123 kill_infer inferred_len=2 committed_hits=1 cluster_hits=1
turn=124 picked cell=0,6 target_cluster=None active_clusters=1 remaining_cells=14 scans=4
turn=124 result=MISS
turn=125 picked cell=4,16 target_cluster=None active_clusters=1 remaining_cells=14 scans=4
turn=125 result=MISS
turn=126 picked cell=3,17 target_cluster=None active_clusters=1 remaining_cells=14 scans=4
turn=126 result=MISS
turn=127 picked cell=0,14 target_cluster=None active_clusters=1 remaining_cells=14 scans=4
turn=127 result=MISS
turn=128 picked cell=16,6 target_cluster=None active_clusters=1 remaining_cells=14 scans=4
turn=128 result=MISS
turn=129 picked cell=12,6 target_cluster=None active_clusters=1 remaining_cells=14 scans=4
turn=129 result=MISS
turn=130 picked cell=11,12 target_cluster=None active_clusters=1 remaining_cells=14 scans=4
turn=130 result=MISS
turn=131 picked cell=17,1 target_cluster=None active_clusters=1 remaining_cells=14 scans=4
turn=131 result=MISS
turn=132 picked cell=15,0 target_cluster=None active_clusters=1 remaining_cells=14 scans=4
turn=132 result=MISS
turn=133 picked cell=15,17 target_cluster=None active_clusters=1 remaining_cells=14 scans=4
turn=133 result=MISS
turn=134 picked cell=17,8 target_cluster=None active_clusters=1 remaining_cells=14 scans=4
turn=134 result=MISS
turn=135 picked cell=9,10 target_cluster=None active_clusters=1 remaining_cells=14 scans=4
turn=135 result=HIT
turn=136 mode=CHASE cluster=1 cluster_len=1 cell=9,11 score=100000.294191 chase_score=5003.294191 prob=0.294191
turn=136 picked cell=9,11 target_cluster=Some(1) active_clusters=2 remaining_cells=13 scans=4
turn=136 result=MISS
turn=137 mode=CHASE cluster=1 cluster_len=1 cell=8,10 score=100000.269075 chase_score=5003.269075 prob=0.269075
turn=137 picked cell=8,10 target_cluster=Some(1) active_clusters=2 remaining_cells=13 scans=4
turn=137 result=HIT
turn=138 mode=CHASE cluster=1 cluster_len=2 cell=10,10 score=200000.341021 chase_score=10007.341021 prob=0.341021
turn=138 picked cell=10,10 target_cluster=Some(1) active_clusters=2 remaining_cells=12 scans=4
turn=138 result=KILL
turn=138 kill_infer inferred_len=3 committed_hits=2 cluster_hits=2
turn=139 picked cell=9,5 target_cluster=None active_clusters=1 remaining_cells=11 scans=4
turn=139 result=MISS
turn=140 picked cell=9,7 target_cluster=None active_clusters=1 remaining_cells=11 scans=4
turn=140 result=MISS
turn=141 picked cell=13,5 target_cluster=None active_clusters=1 remaining_cells=11 scans=4
turn=141 result=HIT
turn=142 mode=CHASE cluster=1 cluster_len=1 cell=13,6 score=100000.220776 chase_score=5001.720776 prob=0.220776
turn=142 picked cell=13,6 target_cluster=Some(1) active_clusters=2 remaining_cells=10 scans=4
turn=142 result=HIT
turn=143 mode=CHASE cluster=1 cluster_len=2 cell=13,7 score=200000.220776 chase_score=10004.220776 prob=0.220776
turn=143 picked cell=13,7 target_cluster=Some(1) active_clusters=2 remaining_cells=9 scans=4
turn=143 result=KILL
turn=143 kill_infer inferred_len=2 committed_hits=1 cluster_hits=2
turn=144 mode=CHASE cluster=1 cluster_len=1 cell=12,5 score=100000.064306 chase_score=5000.064306 prob=0.064306
turn=144 picked cell=12,5 target_cluster=Some(1) active_clusters=2 remaining_cells=8 scans=4
turn=144 result=MISS
turn=145 mode=CHASE cluster=1 cluster_len=1 cell=13,4 score=100000.064341 chase_score=5000.064341 prob=0.064341
turn=145 picked cell=13,4 target_cluster=Some(1) active_clusters=2 remaining_cells=8 scans=4
turn=145 result=MISS
turn=146 picked cell=8,1 target_cluster=None active_clusters=2 remaining_cells=8 scans=4
turn=146 result=MISS
turn=147 picked cell=0,4 target_cluster=None active_clusters=2 remaining_cells=8 scans=4
turn=147 result=MISS
turn=148 picked cell=4,1 target_cluster=None active_clusters=2 remaining_cells=8 scans=4
turn=148 result=MISS
turn=149 picked cell=7,14 target_cluster=None active_clusters=2 remaining_cells=8 scans=4
turn=149 result=MISS
turn=150 picked cell=6,8 target_cluster=None active_clusters=2 remaining_cells=8 scans=4
turn=150 result=MISS
turn=151 picked cell=8,5 target_cluster=None active_clusters=2 remaining_cells=8 scans=4
turn=151 result=MISS
turn=152 picked cell=1,3 target_cluster=None active_clusters=2 remaining_cells=8 scans=4
turn=152 result=MISS
turn=153 picked cell=1,7 target_cluster=None active_clusters=2 remaining_cells=8 scans=4
turn=153 result=MISS
turn=154 picked cell=7,9 target_cluster=None active_clusters=2 remaining_cells=8 scans=4
turn=154 result=MISS
turn=155 picked cell=8,0 target_cluster=None active_clusters=2 remaining_cells=8 scans=4
turn=155 result=MISS
turn=156 picked cell=9,16 target_cluster=None active_clusters=2 remaining_cells=8 scans=4
turn=156 result=MISS
turn=157 picked cell=6,11 target_cluster=None active_clusters=2 remaining_cells=8 scans=4
turn=157 result=MISS
turn=158 picked cell=3,9 target_cluster=None active_clusters=2 remaining_cells=8 scans=4
turn=158 result=MISS
turn=159 picked cell=7,17 target_cluster=None active_clusters=2 remaining_cells=8 scans=4
turn=159 result=MISS
turn=160 picked cell=3,16 target_cluster=None active_clusters=2 remaining_cells=8 scans=4
turn=160 result=MISS
turn=161 picked cell=11,9 target_cluster=None active_clusters=2 remaining_cells=8 scans=4
turn=161 result=MISS
turn=162 picked cell=16,10 target_cluster=None active_clusters=2 remaining_cells=8 scans=4
turn=162 result=MISS
turn=163 picked cell=14,16 target_cluster=None active_clusters=2 remaining_cells=8 scans=4
turn=163 result=MISS
turn=164 picked cell=8,7 target_cluster=None active_clusters=2 remaining_cells=8 scans=4
turn=164 result=MISS
turn=165 picked cell=7,7 target_cluster=None active_clusters=2 remaining_cells=8 scans=4
turn=165 result=MISS
turn=166 picked cell=6,7 target_cluster=None active_clusters=2 remaining_cells=8 scans=4
turn=166 result=MISS
turn=167 picked cell=7,5 target_cluster=None active_clusters=2 remaining_cells=8 scans=4
turn=167 result=MISS
turn=168 picked cell=4,8 target_cluster=None active_clusters=2 remaining_cells=8 scans=4
turn=168 result=MISS
turn=169 picked cell=3,8 target_cluster=None active_clusters=2 remaining_cells=8 scans=4
turn=169 result=MISS
turn=170 picked cell=5,8 target_cluster=None active_clusters=2 remaining_cells=8 scans=4
turn=170 result=MISS
turn=171 picked cell=6,5 target_cluster=None active_clusters=2 remaining_cells=8 scans=4
turn=171 result=MISS
turn=172 picked cell=8,3 target_cluster=None active_clusters=2 remaining_cells=8 scans=4
turn=172 result=MISS
turn=173 picked cell=5,6 target_cluster=None active_clusters=2 remaining_cells=8 scans=4
turn=173 result=MISS
turn=174 picked cell=5,5 target_cluster=None active_clusters=2 remaining_cells=8 scans=4
turn=174 result=MISS
turn=175 picked cell=4,7 target_cluster=None active_clusters=2 remaining_cells=8 scans=4
turn=175 result=MISS
turn=176 picked cell=7,4 target_cluster=None active_clusters=2 remaining_cells=8 scans=4
turn=176 result=MISS
turn=177 picked cell=8,2 target_cluster=None active_clusters=2 remaining_cells=8 scans=4
turn=177 result=MISS
turn=178 picked cell=6,4 target_cluster=None active_clusters=2 remaining_cells=8 scans=4
turn=178 result=MISS
turn=179 picked cell=1,8 target_cluster=None active_clusters=2 remaining_cells=8 scans=4
turn=179 result=MISS
turn=180 picked cell=7,3 target_cluster=None active_clusters=2 remaining_cells=8 scans=4
turn=180 result=MISS
turn=181 picked cell=4,6 target_cluster=None active_clusters=2 remaining_cells=8 scans=4
turn=181 result=MISS
turn=182 picked cell=4,3 target_cluster=None active_clusters=2 remaining_cells=8 scans=4
turn=182 result=HIT
turn=183 mode=CHASE cluster=2 cluster_len=1 cell=5,3 score=100001.009934 chase_score=5001.009934 prob=1.009934
turn=183 picked cell=5,3 target_cluster=Some(2) active_clusters=3 remaining_cells=7 scans=4
turn=183 result=MISS
turn=184 mode=CHASE cluster=2 cluster_len=1 cell=4,4 score=100001.010000 chase_score=5001.010000 prob=1.010000
turn=184 picked cell=4,4 target_cluster=Some(2) active_clusters=3 remaining_cells=7 scans=4
turn=184 result=HIT
turn=185 mode=CHASE cluster=2 cluster_len=2 cell=4,2 score=200001.010000 chase_score=10001.010000 prob=1.010000
turn=185 picked cell=4,2 target_cluster=Some(2) active_clusters=3 remaining_cells=6 scans=4
turn=185 result=KILL
turn=185 kill_infer inferred_len=3 committed_hits=2 cluster_hits=2
turn=186 picked cell=8,9 target_cluster=None active_clusters=2 remaining_cells=5 scans=4
turn=186 result=MISS
turn=187 picked cell=7,10 target_cluster=None active_clusters=2 remaining_cells=5 scans=4
turn=187 result=MISS
turn=188 picked cell=6,9 target_cluster=None active_clusters=2 remaining_cells=5 scans=4
turn=188 result=MISS
turn=189 picked cell=7,11 target_cluster=None active_clusters=2 remaining_cells=5 scans=4
turn=189 result=MISS
turn=190 picked cell=5,9 target_cluster=None active_clusters=2 remaining_cells=5 scans=4
turn=190 result=MISS
turn=191 picked cell=2,9 target_cluster=None active_clusters=2 remaining_cells=5 scans=4
turn=191 result=MISS
turn=192 picked cell=7,15 target_cluster=None active_clusters=2 remaining_cells=5 scans=4
turn=192 result=MISS
turn=193 picked cell=6,13 target_cluster=None active_clusters=2 remaining_cells=5 scans=4
turn=193 result=MISS
turn=194 picked cell=5,12 target_cluster=None active_clusters=2 remaining_cells=5 scans=4
turn=194 result=MISS
turn=195 picked cell=4,11 target_cluster=None active_clusters=2 remaining_cells=5 scans=4
turn=195 result=MISS
turn=196 picked cell=6,14 target_cluster=None active_clusters=2 remaining_cells=5 scans=4
turn=196 result=MISS
turn=197 picked cell=7,13 target_cluster=None active_clusters=2 remaining_cells=5 scans=4
turn=197 result=MISS
turn=198 picked cell=6,12 target_cluster=None active_clusters=2 remaining_cells=5 scans=4
turn=198 result=MISS
turn=199 picked cell=1,9 target_cluster=None active_clusters=2 remaining_cells=5 scans=4
turn=199 result=MISS
turn=200 picked cell=3,11 target_cluster=None active_clusters=2 remaining_cells=5 scans=4
turn=200 result=MISS
turn=201 picked cell=5,14 target_cluster=None active_clusters=2 remaining_cells=5 scans=4
turn=201 result=MISS
turn=202 picked cell=5,13 target_cluster=None active_clusters=2 remaining_cells=5 scans=4
turn=202 result=MISS
turn=203 picked cell=4,12 target_cluster=None active_clusters=2 remaining_cells=5 scans=4
turn=203 result=MISS
turn=204 picked cell=0,9 target_cluster=None active_clusters=2 remaining_cells=5 scans=4
turn=204 result=MISS
turn=205 picked cell=4,14 target_cluster=None active_clusters=2 remaining_cells=5 scans=4
turn=205 result=MISS
turn=206 picked cell=7,16 target_cluster=None active_clusters=2 remaining_cells=5 scans=4
turn=206 result=MISS
turn=207 picked cell=0,11 target_cluster=None active_clusters=2 remaining_cells=5 scans=4
turn=207 result=MISS
turn=208 picked cell=6,16 target_cluster=None active_clusters=2 remaining_cells=5 scans=4
turn=208 result=MISS
turn=209 picked cell=6,17 target_cluster=None active_clusters=2 remaining_cells=5 scans=4
turn=209 result=MISS
turn=210 picked cell=1,11 target_cluster=None active_clusters=2 remaining_cells=5 scans=4
turn=210 result=MISS
turn=211 picked cell=5,16 target_cluster=None active_clusters=2 remaining_cells=5 scans=4
turn=211 result=MISS
turn=212 picked cell=2,16 target_cluster=None active_clusters=2 remaining_cells=5 scans=4
turn=212 result=HIT
turn=213 mode=CHASE cluster=2 cluster_len=1 cell=1,16 score=100000.016529 chase_score=5000.016529 prob=0.016529
turn=213 picked cell=1,16 target_cluster=Some(2) active_clusters=3 remaining_cells=4 scans=4
turn=213 result=MISS
turn=214 mode=CHASE cluster=2 cluster_len=1 cell=2,17 score=100000.016667 chase_score=5000.016667 prob=0.016667
turn=214 picked cell=2,17 target_cluster=Some(2) active_clusters=3 remaining_cells=4 scans=4
turn=214 result=KILL
turn=214 kill_infer inferred_len=2 committed_hits=1 cluster_hits=1
turn=215 picked cell=9,9 target_cluster=None active_clusters=2 remaining_cells=3 scans=4
turn=215 result=MISS
turn=216 picked cell=12,9 target_cluster=None active_clusters=2 remaining_cells=3 scans=4
turn=216 result=MISS
turn=217 picked cell=10,11 target_cluster=None active_clusters=2 remaining_cells=3 scans=4
turn=217 result=MISS
turn=218 picked cell=9,12 target_cluster=None active_clusters=2 remaining_cells=3 scans=4
turn=218 result=MISS
turn=219 picked cell=11,11 target_cluster=None active_clusters=2 remaining_cells=3 scans=4
turn=219 result=MISS
turn=220 picked cell=10,13 target_cluster=None active_clusters=2 remaining_cells=3 scans=4
turn=220 result=MISS
turn=221 picked cell=14,9 target_cluster=None active_clusters=2 remaining_cells=3 scans=4
turn=221 result=MISS
turn=222 picked cell=13,9 target_cluster=None active_clusters=2 remaining_cells=3 scans=4
turn=222 result=MISS
turn=223 picked cell=10,12 target_cluster=None active_clusters=2 remaining_cells=3 scans=4
turn=223 result=MISS
turn=224 picked cell=9,14 target_cluster=None active_clusters=2 remaining_cells=3 scans=4
turn=224 result=MISS
turn=225 picked cell=12,12 target_cluster=None active_clusters=2 remaining_cells=3 scans=4
turn=225 result=MISS
turn=226 picked cell=9,15 target_cluster=None active_clusters=2 remaining_cells=3 scans=4
turn=226 result=MISS
turn=227 picked cell=11,13 target_cluster=None active_clusters=2 remaining_cells=3 scans=4
turn=227 result=HIT
turn=228 mode=CHASE cluster=2 cluster_len=1 cell=11,14 score=100000.009434 chase_score=5000.009434 prob=0.009434
turn=228 picked cell=11,14 target_cluster=Some(2) active_clusters=3 remaining_cells=2 scans=4
turn=228 result=KILL
turn=228 kill_infer inferred_len=2 committed_hits=1 cluster_hits=1
turn=229 picked cell=11,6 target_cluster=None active_clusters=2 remaining_cells=1 scans=4
turn=229 result=MISS
turn=230 picked cell=10,7 target_cluster=None active_clusters=2 remaining_cells=1 scans=4
turn=230 result=MISS
turn=231 picked cell=11,8 target_cluster=None active_clusters=2 remaining_cells=1 scans=4
turn=231 result=MISS
turn=232 picked cell=12,8 target_cluster=None active_clusters=2 remaining_cells=1 scans=4
turn=232 result=MISS
turn=233 picked cell=12,7 target_cluster=None active_clusters=2 remaining_cells=1 scans=4
turn=233 result=MISS
turn=234 picked cell=10,4 target_cluster=None active_clusters=2 remaining_cells=1 scans=4
turn=234 result=MISS
turn=235 picked cell=11,5 target_cluster=None active_clusters=2 remaining_cells=1 scans=4
turn=235 result=MISS
turn=236 picked cell=9,4 target_cluster=None active_clusters=2 remaining_cells=1 scans=4
turn=236 result=MISS
turn=237 picked cell=10,6 target_cluster=None active_clusters=2 remaining_cells=1 scans=4
turn=237 result=MISS
turn=238 picked cell=13,11 target_cluster=None active_clusters=2 remaining_cells=1 scans=4
turn=238 result=MISS
turn=239 picked cell=9,2 target_cluster=None active_clusters=2 remaining_cells=1 scans=4
turn=239 result=MISS
turn=240 picked cell=9,3 target_cluster=None active_clusters=2 remaining_cells=1 scans=4
turn=240 result=MISS
turn=241 picked cell=9,17 target_cluster=None active_clusters=2 remaining_cells=1 scans=4
turn=241 result=MISS
turn=242 picked cell=11,4 target_cluster=None active_clusters=2 remaining_cells=1 scans=4
turn=242 result=MISS
turn=243 picked cell=2,7 target_cluster=None active_clusters=2 remaining_cells=1 scans=4
turn=243 result=MISS
turn=244 picked cell=16,8 target_cluster=None active_clusters=2 remaining_cells=1 scans=4
turn=244 result=MISS
turn=245 picked cell=14,10 target_cluster=None active_clusters=2 remaining_cells=1 scans=4
turn=245 result=MISS
turn=246 picked cell=10,15 target_cluster=None active_clusters=2 remaining_cells=1 scans=4
turn=246 result=MISS
turn=247 picked cell=10,16 target_cluster=None active_clusters=2 remaining_cells=1 scans=4
turn=247 result=MISS
turn=248 picked cell=14,11 target_cluster=None active_clusters=2 remaining_cells=1 scans=4
turn=248 result=MISS
turn=249 picked cell=10,2 target_cluster=None active_clusters=2 remaining_cells=1 scans=4
turn=249 result=MISS
turn=250 picked cell=6,2 target_cluster=None active_clusters=2 remaining_cells=1 scans=4
turn=250 result=MISS
turn=251 picked cell=16,7 target_cluster=None active_clusters=2 remaining_cells=1 scans=4
turn=251 result=MISS
turn=252 picked cell=7,1 target_cluster=None active_clusters=2 remaining_cells=1 scans=4
turn=252 result=MISS
turn=253 picked cell=17,9 target_cluster=None active_clusters=2 remaining_cells=1 scans=4
turn=253 result=MISS
turn=254 picked cell=12,15 target_cluster=None active_clusters=2 remaining_cells=1 scans=4
turn=254 result=MISS
turn=255 picked cell=10,0 target_cluster=None active_clusters=2 remaining_cells=1 scans=4
turn=255 result=MISS
turn=256 picked cell=13,12 target_cluster=None active_clusters=2 remaining_cells=1 scans=4
turn=256 result=MISS
turn=257 picked cell=10,1 target_cluster=None active_clusters=2 remaining_cells=1 scans=4
turn=257 result=MISS
turn=258 picked cell=0,8 target_cluster=None active_clusters=2 remaining_cells=1 scans=4
turn=258 result=MISS
turn=259 picked cell=9,0 target_cluster=None active_clusters=2 remaining_cells=1 scans=4
turn=259 result=MISS
turn=260 picked cell=1,6 target_cluster=None active_clusters=2 remaining_cells=1 scans=4
turn=260 result=MISS
turn=261 picked cell=11,16 target_cluster=None active_clusters=2 remaining_cells=1 scans=4
turn=261 result=MISS
turn=262 picked cell=12,2 target_cluster=None active_clusters=2 remaining_cells=1 scans=4
turn=262 result=MISS
turn=263 picked cell=15,12 target_cluster=None active_clusters=2 remaining_cells=1 scans=4
turn=263 result=MISS
turn=264 picked cell=0,7 target_cluster=None active_clusters=2 remaining_cells=1 scans=4
turn=264 result=MISS
turn=265 picked cell=17,10 target_cluster=None active_clusters=2 remaining_cells=1 scans=4
turn=265 result=MISS
turn=266 picked cell=6,1 target_cluster=None active_clusters=2 remaining_cells=1 scans=4
turn=266 result=MISS
turn=267 picked cell=14,13 target_cluster=None active_clusters=2 remaining_cells=1 scans=4
turn=267 result=MISS
turn=268 picked cell=10,17 target_cluster=None active_clusters=2 remaining_cells=1 scans=4
turn=268 result=MISS
turn=269 picked cell=11,1 target_cluster=None active_clusters=2 remaining_cells=1 scans=4
turn=269 result=MISS
turn=270 picked cell=5,2 target_cluster=None active_clusters=2 remaining_cells=1 scans=4
turn=270 result=MISS
turn=271 picked cell=17,7 target_cluster=None active_clusters=2 remaining_cells=1 scans=4
turn=271 result=MISS
turn=272 picked cell=11,0 target_cluster=None active_clusters=2 remaining_cells=1 scans=4
turn=272 result=MISS
turn=273 picked cell=5,1 target_cluster=None active_clusters=2 remaining_cells=1 scans=4
turn=273 result=MISS
turn=274 picked cell=13,2 target_cluster=None active_clusters=2 remaining_cells=1 scans=4
turn=274 result=MISS
turn=275 picked cell=13,15 target_cluster=None active_clusters=2 remaining_cells=1 scans=4
turn=275 result=MISS
turn=276 picked cell=15,4 target_cluster=None active_clusters=2 remaining_cells=1 scans=4
turn=276 result=MISS
turn=277 picked cell=16,11 target_cluster=None active_clusters=2 remaining_cells=1 scans=4
turn=277 result=MISS
turn=278 picked cell=16,5 target_cluster=None active_clusters=2 remaining_cells=1 scans=4
turn=278 result=MISS
turn=279 picked cell=12,16 target_cluster=None active_clusters=2 remaining_cells=1 scans=4
turn=279 result=MISS
turn=280 picked cell=16,12 target_cluster=None active_clusters=2 remaining_cells=1 scans=4
turn=280 result=MISS
turn=281 picked cell=17,12 target_cluster=None active_clusters=2 remaining_cells=1 scans=4
turn=281 result=MISS
turn=282 picked cell=11,17 target_cluster=None active_clusters=2 remaining_cells=1 scans=4
turn=282 result=MISS
turn=283 picked cell=17,6 target_cluster=None active_clusters=2 remaining_cells=1 scans=4
turn=283 result=MISS
turn=284 picked cell=16,13 target_cluster=None active_clusters=2 remaining_cells=1 scans=4
turn=284 result=MISS
turn=285 picked cell=12,1 target_cluster=None active_clusters=2 remaining_cells=1 scans=4
turn=285 result=MISS
turn=286 picked cell=16,4 target_cluster=None active_clusters=2 remaining_cells=1 scans=4
turn=286 result=MISS
turn=287 picked cell=14,2 target_cluster=None active_clusters=2 remaining_cells=1 scans=4
turn=287 result=MISS
turn=288 picked cell=5,17 target_cluster=None active_clusters=2 remaining_cells=1 scans=4
turn=288 result=MISS
turn=289 picked cell=14,1 target_cluster=None active_clusters=2 remaining_cells=1 scans=4
turn=289 result=MISS
turn=290 picked cell=1,4 target_cluster=None active_clusters=2 remaining_cells=1 scans=4
turn=290 result=MISS
turn=291 picked cell=15,2 target_cluster=None active_clusters=2 remaining_cells=1 scans=4
turn=291 result=MISS
turn=292 picked cell=0,12 target_cluster=None active_clusters=2 remaining_cells=1 scans=4
turn=292 result=MISS
turn=293 picked cell=15,14 target_cluster=None active_clusters=2 remaining_cells=1 scans=4
turn=293 result=MISS
turn=294 picked cell=2,1 target_cluster=None active_clusters=2 remaining_cells=1 scans=4
turn=294 result=MISS
turn=295 picked cell=13,17 target_cluster=None active_clusters=2 remaining_cells=1 scans=4
turn=295 result=MISS
turn=296 picked cell=0,5 target_cluster=None active_clusters=2 remaining_cells=1 scans=4
turn=296 result=MISS
turn=297 picked cell=15,15 target_cluster=None active_clusters=2 remaining_cells=1 scans=4
turn=297 result=MISS
turn=298 picked cell=17,4 target_cluster=None active_clusters=2 remaining_cells=1 scans=4
turn=298 result=MISS
turn=299 picked cell=17,13 target_cluster=None active_clusters=2 remaining_cells=1 scans=4
turn=299 result=MISS
turn=300 picked cell=4,17 target_cluster=None active_clusters=2 remaining_cells=1 scans=4
turn=300 result=MISS
turn=301 picked cell=16,3 target_cluster=None active_clusters=2 remaining_cells=1 scans=4
turn=301 result=MISS
turn=302 picked cell=0,13 target_cluster=None active_clusters=2 remaining_cells=1 scans=4
turn=302 result=MISS
turn=303 picked cell=2,2 target_cluster=None active_clusters=2 remaining_cells=1 scans=4
turn=303 result=MISS
turn=304 picked cell=15,16 target_cluster=None active_clusters=2 remaining_cells=1 scans=4
turn=304 result=MISS
turn=305 picked cell=17,14 target_cluster=None active_clusters=2 remaining_cells=1 scans=4
turn=305 result=MISS
turn=306 picked cell=13,0 target_cluster=None active_clusters=2 remaining_cells=1 scans=4
turn=306 result=MISS
turn=307 picked cell=15,1 target_cluster=None active_clusters=2 remaining_cells=1 scans=4
turn=307 result=MISS
turn=308 picked cell=14,17 target_cluster=None active_clusters=2 remaining_cells=1 scans=4
turn=308 result=MISS
turn=309 picked cell=14,0 target_cluster=None active_clusters=2 remaining_cells=1 scans=4
turn=309 result=MISS
turn=310 picked cell=16,15 target_cluster=None active_clusters=2 remaining_cells=1 scans=4
turn=310 result=MISS
turn=311 picked cell=17,3 target_cluster=None active_clusters=2 remaining_cells=1 scans=4
turn=311 result=MISS
turn=312 picked cell=0,3 target_cluster=None active_clusters=2 remaining_cells=1 scans=4
turn=312 result=MISS
turn=313 picked cell=1,1 target_cluster=None active_clusters=2 remaining_cells=1 scans=4
turn=313 result=MISS
turn=314 picked cell=16,16 target_cluster=None active_clusters=2 remaining_cells=1 scans=4
turn=314 result=MISS
turn=315 picked cell=0,2 target_cluster=None active_clusters=2 remaining_cells=1 scans=4
turn=315 result=MISS
turn=316 picked cell=17,2 target_cluster=None active_clusters=2 remaining_cells=1 scans=4
turn=316 result=MISS
turn=317 picked cell=0,1 target_cluster=None active_clusters=2 remaining_cells=1 scans=4
turn=317 result=MISS
turn=318 picked cell=1,2 target_cluster=None active_clusters=2 remaining_cells=1 scans=4
turn=318 result=MISS
turn=319 picked cell=1,17 target_cluster=None active_clusters=2 remaining_cells=1 scans=4
turn=319 result=MISS
turn=320 picked cell=16,1 target_cluster=None active_clusters=2 remaining_cells=1 scans=4
turn=320 result=KILL
