turn=1 mode=SCAN region=0,0,7,15
turn=1 result=SCAN count=45
turn=2 mode=SCAN region=0,0,15,7
turn=2 result=SCAN count=49
turn=3 picked cell=8,8 target_cluster=None active_clusters=0 remaining_cells=99 scans=2
turn=3 result=HIT
turn=4 mode=CHASE cluster=0 cluster_len=1 cell=7,8 score=100003.576258 chase_score=5126.076258 prob=3.576258
turn=4 picked cell=7,8 target_cluster=Some(0) active_clusters=1 remaining_cells=98 scans=2
turn=4 result=HIT
turn=5 mode=CHASE cluster=0 cluster_len=2 cell=6,8 score=200003.498160 chase_score=10396.498160 prob=3.498160
turn=5 picked cell=6,8 target_cluster=Some(0) active_clusters=1 remaining_cells=97 scans=2
turn=5 result=HIT
turn=6 mode=CHASE cluster=0 cluster_len=3 cell=9,8 score=300003.498160 chase_score=10301.498160 prob=3.498160
turn=6 picked cell=9,8 target_cluster=Some(0) active_clusters=1 remaining_cells=96 scans=2
turn=6 result=HIT
turn=7 mode=CHASE cluster=0 cluster_len=4 cell=5,8 score=400003.355374 chase_score=10215.355374 prob=3.355374
turn=7 picked cell=5,8 target_cluster=Some(0) active_clusters=1 remaining_cells=95 scans=2
turn=7 result=HIT
turn=8 mode=CHASE cluster=0 cluster_len=5 cell=10,8 score=500003.355374 chase_score=10141.355374 prob=3.355374
turn=8 picked cell=10,8 target_cluster=Some(0) active_clusters=1 remaining_cells=94 scans=2
turn=8 result=HIT
turn=9 mode=CHASE cluster=0 cluster_len=6 cell=4,8 score=600003.142066 chase_score=10072.142066 prob=3.142066
turn=9 picked cell=4,8 target_cluster=Some(0) active_clusters=1 remaining_cells=93 scans=2
turn=9 result=MISS
turn=10 mode=CHASE cluster=0 cluster_len=6 cell=11,8 score=600003.178181 chase_score=10048.178181 prob=3.178181
turn=10 picked cell=11,8 target_cluster=Some(0) active_clusters=1 remaining_cells=93 scans=2
turn=10 result=KILL
turn=10 kill_infer inferred_len=7 committed_hits=6 cluster_hits=6
turn=11 picked cell=12,7 target_cluster=None active_clusters=0 remaining_cells=92 scans=2
turn=11 result=MISS
turn=12 picked cell=13,6 target_cluster=None active_clusters=0 remaining_cells=92 scans=2
turn=12 result=MISS
turn=13 picked cell=8,4 target_cluster=None active_clusters=0 remaining_cells=92 scans=2
turn=13 result=MISS
turn=14 picked cell=3,7 target_cluster=None active_clusters=0 remaining_cells=92 scans=2
turn=14 result=MISS
turn=15 picked cell=9,3 target_cluster=None active_clusters=0 remaining_cells=92 scans=2
turn=15 result=HIT
turn=16 mode=CHASE cluster=0 cluster_len=1 cell=8,3 score=100002.495566 chase_score=5114.495566 prob=2.495566
turn=16 picked cell=8,3 target_cluster=Some(0) active_clusters=1 remaining_cells=91 scans=2
turn=16 result=MISS
turn=17 mode=CHASE cluster=0 cluster_len=1 cell=9,2 score=100003.242360 chase_score=5051.992360 prob=3.242360
turn=17 picked cell=9,2 target_cluster=Some(0) active_clusters=1 remaining_cells=91 scans=2
turn=17 result=HIT
turn=18 mode=CHASE cluster=0 cluster_len=2 cell=9,4 score=200001.221477 chase_score=10173.221477 prob=1.221477
turn=18 picked cell=9,4 target_cluster=Some(0) active_clusters=1 remaining_cells=90 scans=2
turn=18 result=HIT
turn=19 mode=CHASE cluster=0 cluster_len=3 cell=9,5 score=300003.242360 chase_score=10149.242360 prob=3.242360
turn=19 picked cell=9,5 target_cluster=Some(0) active_clusters=1 remaining_cells=89 scans=2
turn=19 result=HIT
turn=20 mode=CHASE cluster=0 cluster_len=4 cell=9,1 score=400003.042810 chase_score=10108.042810 prob=3.042810
turn=20 picked cell=9,1 target_cluster=Some(0) active_clusters=1 remaining_cells=88 scans=2
turn=20 result=HIT
turn=21 mode=CHASE cluster=0 cluster_len=5 cell=9,6 score=500002.237873 chase_score=10078.237873 prob=2.237873
turn=21 picked cell=9,6 target_cluster=Some(0) active_clusters=1 remaining_cells=87 scans=2
turn=21 result=HIT
turn=22 mode=CHASE cluster=0 cluster_len=6 cell=9,0 score=600002.770718 chase_score=10040.770718 prob=2.770718
turn=22 picked cell=9,0 target_cluster=Some(0) active_clusters=1 remaining_cells=86 scans=2
turn=22 result=HIT
turn=23 mode=CHASE cluster=0 cluster_len=7 cell=9,7 score=700001.284149 chase_score=10025.284149 prob=1.284149
turn=23 picked cell=9,7 target_cluster=Some(0) active_clusters=1 remaining_cells=85 scans=2
turn=23 result=KILL
turn=23 kill_infer inferred_len=8 committed_hits=7 cluster_hits=7
turn=24 picked cell=2,9 target_cluster=None active_clusters=0 remaining_cells=84 scans=2
turn=24 result=MISS
turn=25 picked cell=14,9 target_cluster=None active_clusters=0 remaining_cells=84 scans=2
turn=25 result=HIT
turn=26 mode=CHASE cluster=0 cluster_len=1 cell=14,8 score=100002.826202 chase_score=5100.826202 prob=2.826202
turn=26 picked cell=14,8 target_cluster=Some(0) active_clusters=1 remaining_cells=83 scans=2
turn=26 result=HIT
turn=27 mode=CHASE cluster=0 cluster_len=2 cell=14,10 score=200003.258160 chase_score=10313.258160 prob=3.258160
turn=27 picked cell=14,10 target_cluster=Some(0) active_clusters=1 remaining_cells=82 scans=2
turn=27 result=HIT
turn=28 mode=CHASE cluster=0 cluster_len=3 cell=14,11 score=300002.940453 chase_score=10232.940453 prob=2.940453
turn=28 picked cell=14,11 target_cluster=Some(0) active_clusters=1 remaining_cells=81 scans=2
turn=28 result=KILL
turn=28 kill_infer inferred_len=4 committed_hits=3 cluster_hits=3
turn=29 picked cell=1,6 target_cluster=None active_clusters=0 remaining_cells=80 scans=2
turn=29 result=HIT
turn=30 mode=CHASE cluster=0 cluster_len=1 cell=1,7 score=100002.966900 chase_score=5097.966900 prob=2.966900
turn=30 picked cell=1,7 target_cluster=Some(0) active_clusters=1 remaining_cells=79 scans=2
turn=30 result=MISS
turn=31 mode=CHASE cluster=0 cluster_len=1 cell=2,6 score=100002.629274 chase_score=5041.129274 prob=2.629274
turn=31 picked cell=2,6 target_cluster=Some(0) active_clusters=1 remaining_cells=79 scans=2
turn=31 result=HIT
turn=32 mode=CHASE cluster=0 cluster_len=2 cell=3,6 score=200001.879301 chase_score=10144.879301 prob=1.879301
turn=32 picked cell=3,6 target_cluster=Some(0) active_clusters=1 remaining_cells=78 scans=2
turn=32 result=HIT
turn=33 mode=CHASE cluster=0 cluster_len=3 cell=4,6 score=300002.387856 chase_score=10128.387856 prob=2.387856
turn=33 picked cell=4,6 target_cluster=Some(0) active_clusters=1 remaining_cells=77 scans=2
turn=33 result=HIT
turn=34 mode=CHASE cluster=0 cluster_len=4 cell=5,6 score=400002.361481 chase_score=10115.361481 prob=2.361481
turn=34 picked cell=5,6 target_cluster=Some(0) active_clusters=1 remaining_cells=76 scans=2
turn=34 result=HIT
turn=35 mode=CHASE cluster=0 cluster_len=5 cell=6,6 score=500002.155871 chase_score=10086.155871 prob=2.155871
turn=35 picked cell=6,6 target_cluster=Some(0) active_clusters=1 remaining_cells=75 scans=2
turn=35 result=HIT
turn=36 mode=CHASE cluster=0 cluster_len=6 cell=7,6 score=600001.814018 chase_score=10047.814018 prob=1.814018
turn=36 picked cell=7,6 target_cluster=Some(0) active_clusters=1 remaining_cells=74 scans=2
turn=36 result=KILL
turn=36 kill_infer inferred_len=7 committed_hits=6 cluster_hits=6
turn=37 picked cell=8,12 target_cluster=None active_clusters=0 remaining_cells=73 scans=2
turn=37 result=MISS
turn=38 picked cell=9,13 target_cluster=None active_clusters=0 remaining_cells=73 scans=2
turn=38 result=MISS
turn=39 picked cell=10,14 target_cluster=None active_clusters=0 remaining_cells=73 scans=2
turn=39 result=MISS
turn=40 picked cell=7,11 target_cluster=None active_clusters=0 remaining_cells=73 scans=2
turn=40 result=MISS
turn=41 picked cell=6,10 target_cluster=None active_clusters=0 remaining_cells=73 scans=2
turn=41 result=HIT
turn=42 mode=CHASE cluster=0 cluster_len=1 cell=7,10 score=100003.672388 chase_score=5088.172388 prob=3.672388
turn=42 picked cell=7,10 target_cluster=Some(0) active_clusters=1 remaining_cells=72 scans=2
turn=42 result=MISS
turn=43 mode=CHASE cluster=0 cluster_len=1 cell=6,11 score=100001.480996 chase_score=5026.730996 prob=1.480996
turn=43 picked cell=6,11 target_cluster=Some(0) active_clusters=1 remaining_cells=72 scans=2
turn=43 result=HIT
turn=44 mode=CHASE cluster=0 cluster_len=2 cell=6,12 score=200002.222373 chase_score=10092.222373 prob=2.222373
turn=44 picked cell=6,12 target_cluster=Some(0) active_clusters=1 remaining_cells=71 scans=2
turn=44 result=HIT
turn=45 mode=CHASE cluster=0 cluster_len=3 cell=6,13 score=300002.836592 chase_score=10075.836592 prob=2.836592
turn=45 picked cell=6,13 target_cluster=Some(0) active_clusters=1 remaining_cells=70 scans=2
turn=45 result=KILL
turn=45 kill_infer inferred_len=4 committed_hits=3 cluster_hits=3
turn=46 picked cell=15,8 target_cluster=None active_clusters=0 remaining_cells=69 scans=2
turn=46 result=MISS
turn=47 picked cell=8,15 target_cluster=None active_clusters=0 remaining_cells=69 scans=2
turn=47 result=HIT
turn=48 mode=CHASE cluster=0 cluster_len=1 cell=7,15 score=100005.215683 chase_score=5086.715683 prob=5.215683
turn=48 picked cell=7,15 target_cluster=Some(0) active_clusters=1 remaining_cells=68 scans=2
turn=48 result=MISS
turn=49 mode=CHASE cluster=0 cluster_len=1 cell=9,15 score=100001.547242 chase_score=5018.297242 prob=1.547242
turn=49 picked cell=9,15 target_cluster=Some(0) active_clusters=1 remaining_cells=68 scans=2
turn=49 result=HIT
turn=50 mode=CHASE cluster=0 cluster_len=2 cell=10,15 score=200001.984613 chase_score=10066.984613 prob=1.984613
turn=50 picked cell=10,15 target_cluster=Some(0) active_clusters=1 remaining_cells=67 scans=2
turn=50 result=HIT
turn=51 mode=CHASE cluster=0 cluster_len=3 cell=11,15 score=300002.654215 chase_score=10058.654215 prob=2.654215
turn=51 picked cell=11,15 target_cluster=Some(0) active_clusters=1 remaining_cells=66 scans=2
turn=51 result=HIT
turn=52 mode=CHASE cluster=0 cluster_len=4 cell=12,15 score=400002.991358 chase_score=10054.991358 prob=2.991358
turn=52 picked cell=12,15 target_cluster=Some(0) active_clusters=1 remaining_cells=65 scans=2
turn=52 result=HIT
turn=53 mode=CHASE cluster=0 cluster_len=5 cell=13,15 score=500002.901414 chase_score=10049.901414 prob=2.901414
turn=53 picked cell=13,15 target_cluster=Some(0) active_clusters=1 remaining_cells=64 scans=2
turn=53 result=HIT
turn=54 mode=CHASE cluster=0 cluster_len=6 cell=14,15 score=600001.666699 chase_score=10024.666699 prob=1.666699
turn=54 picked cell=14,15 target_cluster=Some(0) active_clusters=1 remaining_cells=63 scans=2
turn=54 result=HIT
turn=55 mode=CHASE cluster=0 cluster_len=7 cell=15,15 score=700001.529927 chase_score=10017.529927 prob=1.529927
turn=55 picked cell=15,15 target_cluster=Some(0) active_clusters=1 remaining_cells=62 scans=2
turn=55 result=KILL
turn=55 kill_infer inferred_len=8 committed_hits=7 cluster_hits=7
turn=56 picked cell=0,5 target_cluster=None active_clusters=0 remaining_cells=61 scans=2
turn=56 result=HIT
turn=57 mode=CHASE cluster=0 cluster_len=1 cell=0,6 score=100004.270884 chase_score=5069.770884 prob=4.270884
turn=57 picked cell=0,6 target_cluster=Some(0) active_clusters=1 remaining_cells=60 scans=2
turn=57 result=MISS
turn=58 mode=CHASE cluster=0 cluster_len=1 cell=1,5 score=100001.988451 chase_score=5016.738451 prob=1.988451
turn=58 picked cell=1,5 target_cluster=Some(0) active_clusters=1 remaining_cells=60 scans=2
turn=58 result=HIT
turn=59 mode=CHASE cluster=0 cluster_len=2 cell=2,5 score=200002.529851 chase_score=10059.529851 prob=2.529851
turn=59 picked cell=2,5 target_cluster=Some(0) active_clusters=1 remaining_cells=59 scans=2
turn=59 result=HIT
turn=60 mode=CHASE cluster=0 cluster_len=3 cell=3,5 score=300002.883712 chase_score=10050.883712 prob=2.883712
turn=60 picked cell=3,5 target_cluster=Some(0) active_clusters=1 remaining_cells=58 scans=2
turn=60 result=HIT
turn=61 mode=CHASE cluster=0 cluster_len=4 cell=4,5 score=400002.931280 chase_score=10046.931280 prob=2.931280
turn=61 picked cell=4,5 target_cluster=Some(0) active_clusters=1 remaining_cells=57 scans=2
turn=61 result=HIT
turn=62 mode=CHASE cluster=0 cluster_len=5 cell=5,5 score=500002.883712 chase_score=10041.883712 prob=2.883712
turn=62 picked cell=5,5 target_cluster=Some(0) active_clusters=1 remaining_cells=56 scans=2
turn=62 result=HIT
turn=63 mode=CHASE cluster=0 cluster_len=6 cell=6,5 score=600002.529851 chase_score=10017.529851 prob=2.529851
turn=63 picked cell=6,5 target_cluster=Some(0) active_clusters=1 remaining_cells=55 scans=2
turn=63 result=KILL
turn=63 kill_infer inferred_len=7 committed_hits=6 cluster_hits=6
turn=64 picked cell=8,9 target_cluster=None active_clusters=0 remaining_cells=54 scans=2
turn=64 result=HIT
turn=65 mode=CHASE cluster=0 cluster_len=1 cell=9,9 score=100003.048776 chase_score=5054.048776 prob=3.048776
turn=65 picked cell=9,9 target_cluster=Some(0) active_clusters=1 remaining_cells=53 scans=2
turn=65 result=HIT
turn=66 mode=CHASE cluster=0 cluster_len=2 cell=7,9 score=200002.927787 chase_score=10162.927787 prob=2.927787
turn=66 picked cell=7,9 target_cluster=Some(0) active_clusters=1 remaining_cells=52 scans=2
turn=66 result=MISS
turn=67 mode=CHASE cluster=0 cluster_len=2 cell=10,9 score=200001.003505 chase_score=10043.003505 prob=1.003505
turn=67 picked cell=10,9 target_cluster=Some(0) active_clusters=1 remaining_cells=52 scans=2
turn=67 result=HIT
turn=68 mode=CHASE cluster=0 cluster_len=3 cell=11,9 score=300001.311838 chase_score=10034.311838 prob=1.311838
turn=68 picked cell=11,9 target_cluster=Some(0) active_clusters=1 remaining_cells=51 scans=2
turn=68 result=HIT
turn=69 mode=CHASE cluster=0 cluster_len=4 cell=12,9 score=400001.688586 chase_score=10030.688586 prob=1.688586
turn=69 picked cell=12,9 target_cluster=Some(0) active_clusters=1 remaining_cells=50 scans=2
turn=69 result=KILL
turn=69 kill_infer inferred_len=5 committed_hits=4 cluster_hits=4
turn=70 picked cell=5,14 target_cluster=None active_clusters=0 remaining_cells=49 scans=2
turn=70 result=HIT
turn=71 mode=CHASE cluster=0 cluster_len=1 cell=4,14 score=100003.853650 chase_score=5047.853650 prob=3.853650
turn=71 picked cell=4,14 target_cluster=Some(0) active_clusters=1 remaining_cells=48 scans=2
turn=71 result=HIT
turn=72 mode=CHASE cluster=0 cluster_len=2 cell=3,14 score=200003.779551 chase_score=10140.779551 prob=3.779551
turn=72 picked cell=3,14 target_cluster=Some(0) active_clusters=1 remaining_cells=47 scans=2
turn=72 result=MISS
turn=73 mode=CHASE cluster=0 cluster_len=2 cell=6,14 score=200000.796837 chase_score=10037.796837 prob=0.796837
turn=73 picked cell=6,14 target_cluster=Some(0) active_clusters=1 remaining_cells=47 scans=2
turn=73 result=MISS
turn=74 mode=CHASE cluster=0 cluster_len=2 cell=4,13 score=200001.764929 chase_score=5001.764929 prob=1.764929
turn=74 picked cell=4,13 target_cluster=Some(0) active_clusters=1 remaining_cells=47 scans=2
turn=74 result=HIT
turn=75 mode=CHASE cluster=0 cluster_len=3 cell=4,12 score=300001.805472 chase_score=5001.805472 prob=1.805472
turn=75 picked cell=4,12 target_cluster=Some(0) active_clusters=1 remaining_cells=46 scans=2
turn=75 result=HIT
turn=76 mode=CHASE cluster=0 cluster_len=4 cell=4,11 score=400001.764929 chase_score=5001.764929 prob=1.764929
turn=76 picked cell=4,11 target_cluster=Some(0) active_clusters=1 remaining_cells=45 scans=2
turn=76 result=HIT
turn=77 mode=CHASE cluster=0 cluster_len=5 cell=5,12 score=500001.663356 chase_score=5001.663356 prob=1.663356
turn=77 picked cell=5,12 target_cluster=Some(0) active_clusters=1 remaining_cells=44 scans=2
turn=77 result=HIT
turn=78 mode=CHASE cluster=0 cluster_len=6 cell=4,10 score=600001.640410 chase_score=5001.640410 prob=1.640410
turn=78 picked cell=4,10 target_cluster=Some(0) active_clusters=1 remaining_cells=43 scans=2
turn=78 result=HIT
turn=79 mode=CHASE cluster=0 cluster_len=7 cell=5,13 score=700001.622813 chase_score=5001.622813 prob=1.622813
turn=79 picked cell=5,13 target_cluster=Some(0) active_clusters=1 remaining_cells=42 scans=2
turn=79 result=HIT
turn=80 mode=CHASE cluster=0 cluster_len=8 cell=4,15 score=800001.622813 chase_score=5001.622813 prob=1.622813
turn=80 picked cell=4,15 target_cluster=Some(0) active_clusters=1 remaining_cells=41 scans=2
turn=80 result=MISS
turn=81 mode=CHASE cluster=0 cluster_len=8 cell=5,11 score=800001.677110 chase_score=5001.677110 prob=1.677110
turn=81 picked cell=5,11 target_cluster=Some(0) active_clusters=1 remaining_cells=41 scans=2
turn=81 result=HIT
turn=82 mode=CHASE cluster=0 cluster_len=9 cell=3,11 score=900001.591701 chase_score=5001.591701 prob=1.591701
turn=82 picked cell=3,11 target_cluster=Some(0) active_clusters=1 remaining_cells=40 scans=2
turn=82 result=MISS
turn=83 mode=CHASE cluster=0 cluster_len=9 cell=5,10 score=900001.589339 chase_score=5001.589339 prob=1.589339
turn=83 picked cell=5,10 target_cluster=Some(0) active_clusters=1 remaining_cells=40 scans=2
turn=83 result=HIT
turn=84 mode=CHASE cluster=0 cluster_len=10 cell=3,10 score=1000000.940060 chase_score=5000.940060 prob=0.940060
turn=84 picked cell=3,10 target_cluster=Some(0) active_clusters=1 remaining_cells=39 scans=2
turn=84 result=MISS
turn=85 mode=CHASE cluster=0 cluster_len=10 cell=3,13 score=1000000.863308 chase_score=5000.863308 prob=0.863308
turn=85 picked cell=3,13 target_cluster=Some(0) active_clusters=1 remaining_cells=39 scans=2
turn=85 result=MISS
turn=86 mode=CHASE cluster=0 cluster_len=10 cell=3,12 score=1000000.855831 chase_score=5000.855831 prob=0.855831
turn=86 picked cell=3,12 target_cluster=Some(0) active_clusters=1 remaining_cells=39 scans=2
turn=86 result=MISS
turn=87 mode=CHASE cluster=0 cluster_len=10 cell=4,9 score=1000000.798106 chase_score=5000.798106 prob=0.798106
turn=87 picked cell=4,9 target_cluster=Some(0) active_clusters=1 remaining_cells=39 scans=2
turn=87 result=KILL
turn=87 kill_infer inferred_len=6 committed_hits=5 cluster_hits=10
turn=88 mode=CHASE cluster=0 cluster_len=5 cell=5,9 score=500000.484372 chase_score=10018.484372 prob=0.484372
turn=88 picked cell=5,9 target_cluster=Some(0) active_clusters=1 remaining_cells=38 scans=2
turn=88 result=HIT
turn=89 mode=CHASE cluster=0 cluster_len=6 cell=5,15 score=600000.484372 chase_score=10000.484372 prob=0.484372
turn=89 picked cell=5,15 target_cluster=Some(0) active_clusters=1 remaining_cells=37 scans=2
turn=89 result=MISS
turn=90 mode=CHASE cluster=0 cluster_len=6 cell=6,9 score=600000.053198 chase_score=5000.053198 prob=0.053198
turn=90 picked cell=6,9 target_cluster=Some(0) active_clusters=1 remaining_cells=37 scans=2
turn=90 result=MISS
turn=91 picked cell=11,4 target_cluster=None active_clusters=1 remaining_cells=37 scans=2
turn=91 result=HIT
turn=92 mode=CHASE cluster=1 cluster_len=1 cell=11,3 score=100002.265198 chase_score=5025.765198 prob=2.265198
turn=92 picked cell=11,3 target_cluster=Some(1) active_clusters=2 remaining_cells=36 scans=2
turn=92 result=HIT
turn=93 mode=CHASE cluster=1 cluster_len=2 cell=11,2 score=200002.221716 chase_score=10081.221716 prob=2.221716
turn=93 picked cell=11,2 target_cluster=Some(1) active_clusters=2 remaining_cells=35 scans=2
turn=93 result=HIT
turn=94 mode=CHASE cluster=1 cluster_len=3 cell=11,5 score=300002.221716 chase_score=10068.221716 prob=2.221716
turn=94 picked cell=11,5 target_cluster=Some(1) active_clusters=2 remaining_cells=34 scans=2
turn=94 result=HIT
turn=95 mode=CHASE cluster=1 cluster_len=4 cell=11,1 score=400001.803486 chase_score=10045.803486 prob=1.803486
turn=95 picked cell=11,1 target_cluster=Some(1) active_clusters=2 remaining_cells=33 scans=2
turn=95 result=HIT
turn=96 mode=CHASE cluster=1 cluster_len=5 cell=11,0 score=500001.366848 chase_score=10027.366848 prob=1.366848
turn=96 picked cell=11,0 target_cluster=Some(1) active_clusters=2 remaining_cells=32 scans=2
turn=96 result=MISS
turn=97 mode=CHASE cluster=1 cluster_len=5 cell=11,6 score=500001.073017 chase_score=10019.073017 prob=1.073017
turn=97 picked cell=11,6 target_cluster=Some(1) active_clusters=2 remaining_cells=32 scans=2
turn=97 result=HIT
turn=98 mode=CHASE cluster=1 cluster_len=6 cell=11,7 score=600000.508640 chase_score=10000.508640 prob=0.508640
turn=98 picked cell=11,7 target_cluster=Some(1) active_clusters=2 remaining_cells=31 scans=2
turn=98 result=KILL
turn=98 kill_infer inferred_len=6 committed_hits=5 cluster_hits=6
turn=99 mode=CHASE cluster=1 cluster_len=1 cell=12,1 score=100001.509775 chase_score=5011.509775 prob=1.509775
turn=99 picked cell=12,1 target_cluster=Some(1) active_clusters=2 remaining_cells=30 scans=2
turn=99 result=MISS
turn=100 mode=CHASE cluster=1 cluster_len=1 cell=10,1 score=100001.196897 chase_score=5001.696897 prob=1.196897
turn=100 picked cell=10,1 target_cluster=Some(1) active_clusters=2 remaining_cells=30 scans=2
turn=100 result=MISS
turn=101 picked cell=13,10 target_cluster=None active_clusters=2 remaining_cells=30 scans=2
turn=101 result=HIT
turn=102 mode=CHASE cluster=2 cluster_len=1 cell=13,11 score=100002.102259 chase_score=5021.102259 prob=2.102259
turn=102 picked cell=13,11 target_cluster=Some(2) active_clusters=3 remaining_cells=29 scans=2
turn=102 result=HIT
turn=103 mode=CHASE cluster=2 cluster_len=2 cell=13,12 score=200002.626522 chase_score=10063.626522 prob=2.626522
turn=103 picked cell=13,12 target_cluster=Some(2) active_clusters=3 remaining_cells=28 scans=2
turn=103 result=HIT
turn=104 mode=CHASE cluster=2 cluster_len=3 cell=13,9 score=300001.631343 chase_score=10049.631343 prob=1.631343
turn=104 picked cell=13,9 target_cluster=Some(2) active_clusters=3 remaining_cells=27 scans=2
turn=104 result=HIT
turn=105 mode=CHASE cluster=2 cluster_len=4 cell=13,13 score=400001.990913 chase_score=10033.990913 prob=1.990913
turn=105 picked cell=13,13 target_cluster=Some(2) active_clusters=3 remaining_cells=26 scans=2
turn=105 result=HIT
turn=106 mode=CHASE cluster=2 cluster_len=5 cell=13,14 score=500001.281135 chase_score=10021.281135 prob=1.281135
turn=106 picked cell=13,14 target_cluster=Some(2) active_clusters=3 remaining_cells=25 scans=2
turn=106 result=KILL
turn=106 kill_infer inferred_len=6 committed_hits=5 cluster_hits=5
turn=107 picked cell=5,2 target_cluster=None active_clusters=2 remaining_cells=24 scans=2
turn=107 result=MISS
turn=108 picked cell=4,1 target_cluster=None active_clusters=2 remaining_cells=24 scans=2
turn=108 result=MISS
turn=109 picked cell=3,0 target_cluster=None active_clusters=2 remaining_cells=24 scans=2
turn=109 result=HIT
turn=110 mode=CHASE cluster=2 cluster_len=1 cell=4,0 score=100002.830292 chase_score=5020.830292 prob=2.830292
turn=110 picked cell=4,0 target_cluster=Some(2) active_clusters=3 remaining_cells=23 scans=2
turn=110 result=MISS
turn=111 mode=CHASE cluster=2 cluster_len=1 cell=3,1 score=100001.042343 chase_score=5004.792343 prob=1.042343
turn=111 picked cell=3,1 target_cluster=Some(2) active_clusters=3 remaining_cells=23 scans=2
turn=111 result=KILL
turn=111 kill_infer inferred_len=2 committed_hits=1 cluster_hits=1
turn=112 picked cell=14,3 target_cluster=None active_clusters=2 remaining_cells=22 scans=2
turn=112 result=HIT
turn=113 mode=CHASE cluster=2 cluster_len=1 cell=14,4 score=100003.067407 chase_score=5017.067407 prob=3.067407
turn=113 picked cell=14,4 target_cluster=Some(2) active_clusters=3 remaining_cells=21 scans=2
turn=113 result=MISS
turn=114 mode=CHASE cluster=2 cluster_len=1 cell=13,3 score=100001.993470 chase_score=5007.493470 prob=1.993470
turn=114 picked cell=13,3 target_cluster=Some(2) active_clusters=3 remaining_cells=21 scans=2
turn=114 result=HIT
turn=115 mode=CHASE cluster=2 cluster_len=2 cell=15,3 score=200003.256673 chase_score=10016.256673 prob=3.256673
turn=115 picked cell=15,3 target_cluster=Some(2) active_clusters=3 remaining_cells=20 scans=2
turn=115 result=HIT
turn=116 mode=CHASE cluster=2 cluster_len=3 cell=12,3 score=300001.141328 chase_score=10005.141328 prob=1.141328
turn=116 picked cell=12,3 target_cluster=Some(2) active_clusters=3 remaining_cells=19 scans=2
turn=116 result=KILL
turn=116 kill_infer inferred_len=4 committed_hits=3 cluster_hits=3
turn=117 picked cell=4,4 target_cluster=None active_clusters=2 remaining_cells=18 scans=2
turn=117 result=MISS
turn=118 picked cell=2,3 target_cluster=None active_clusters=2 remaining_cells=18 scans=2
turn=118 result=MISS
turn=119 picked cell=0,11 target_cluster=None active_clusters=2 remaining_cells=18 scans=2
turn=119 result=MISS
turn=120 picked cell=1,12 target_cluster=None active_clusters=2 remaining_cells=18 scans=2
turn=120 result=HIT
turn=121 mode=CHASE cluster=2 cluster_len=1 cell=1,13 score=100010.603321 chase_score=5021.603321 prob=10.603321
turn=121 picked cell=1,13 target_cluster=Some(2) active_clusters=3 remaining_cells=17 scans=2
turn=121 result=HIT
turn=122 mode=CHASE cluster=2 cluster_len=2 cell=1,11 score=200009.837915 chase_score=10044.837915 prob=9.837915
turn=122 picked cell=1,11 target_cluster=Some(2) active_clusters=3 remaining_cells=16 scans=2
turn=122 result=MISS
turn=123 mode=CHASE cluster=2 cluster_len=2 cell=1,14 score=200000.632480 chase_score=10009.632480 prob=0.632480
turn=123 picked cell=1,14 target_cluster=Some(2) active_clusters=3 remaining_cells=16 scans=2
turn=123 result=HIT
turn=124 mode=CHASE cluster=2 cluster_len=3 cell=1,15 score=300000.632480 chase_score=10000.632480 prob=0.632480
turn=124 picked cell=1,15 target_cluster=Some(2) active_clusters=3 remaining_cells=15 scans=2
turn=124 result=KILL
turn=124 kill_infer inferred_len=3 committed_hits=2 cluster_hits=3
turn=125 mode=CHASE cluster=2 cluster_len=1 cell=2,12 score=100001.461507 chase_score=5002.961507 prob=1.461507
turn=125 picked cell=2,12 target_cluster=Some(2) active_clusters=3 remaining_cells=14 scans=2
turn=125 result=MISS
turn=126 mode=CHASE cluster=2 cluster_len=1 cell=0,12 score=100000.299975 chase_score=5000.299975 prob=0.299975
turn=126 picked cell=0,12 target_cluster=Some(2) active_clusters=3 remaining_cells=14 scans=2
turn=126 result=MISS
turn=127 picked cell=10,4 target_cluster=None active_clusters=3 remaining_cells=14 scans=2
turn=127 result=MISS
turn=128 picked cell=7,1 target_cluster=None active_clusters=3 remaining_cells=14 scans=2
turn=128 result=MISS
turn=129 picked cell=1,2 target_cluster=None active_clusters=3 remaining_cells=14 scans=2
turn=129 result=MISS
turn=130 picked cell=6,2 target_cluster=None active_clusters=3 remaining_cells=14 scans=2
turn=130 result=MISS
turn=131 picked cell=14,5 target_cluster=None active_clusters=3 remaining_cells=14 scans=2
turn=131 result=HIT
turn=132 mode=CHASE cluster=3 cluster_len=1 cell=13,5 score=100000.851370 chase_score=5003.851370 prob=0.851370
turn=132 picked cell=13,5 target_cluster=Some(3) active_clusters=4 remaining_cells=13 scans=2
turn=132 result=HIT
turn=133 mode=CHASE cluster=3 cluster_len=2 cell=15,5 score=200001.177745 chase_score=10007.177745 prob=1.177745
turn=133 picked cell=15,5 target_cluster=Some(3) active_clusters=4 remaining_cells=12 scans=2
turn=133 result=HIT
turn=134 mode=CHASE cluster=3 cluster_len=3 cell=12,5 score=300000.851370 chase_score=10000.851370 prob=0.851370
turn=134 picked cell=12,5 target_cluster=Some(3) active_clusters=4 remaining_cells=11 scans=2
turn=134 result=KILL
turn=134 kill_infer inferred_len=3 committed_hits=2 cluster_hits=3
turn=135 mode=CHASE cluster=3 cluster_len=1 cell=15,6 score=100000.875511 chase_score=5002.375511 prob=0.875511
turn=135 picked cell=15,6 target_cluster=Some(3) active_clusters=4 remaining_cells=10 scans=2
turn=135 result=HIT
turn=136 mode=CHASE cluster=3 cluster_len=2 cell=15,7 score=200000.875511 chase_score=10003.875511 prob=0.875511
turn=136 picked cell=15,7 target_cluster=Some(3) active_clusters=4 remaining_cells=9 scans=2
turn=136 result=HIT
turn=137 mode=CHASE cluster=3 cluster_len=3 cell=15,4 score=300000.606780 chase_score=10000.606780 prob=0.606780
turn=137 picked cell=15,4 target_cluster=Some(3) active_clusters=4 remaining_cells=8 scans=2
turn=137 result=HIT
turn=138 mode=CHASE cluster=3 cluster_len=4 cell=14,7 score=400000.606780 chase_score=5000.606780 prob=0.606780
turn=138 picked cell=14,7 target_cluster=Some(3) active_clusters=4 remaining_cells=7 scans=2
turn=138 result=MISS
turn=139 mode=CHASE cluster=3 cluster_len=4 cell=14,6 score=400000.338303 chase_score=5000.338303 prob=0.338303
turn=139 picked cell=14,6 target_cluster=Some(3) active_clusters=4 remaining_cells=7 scans=2
turn=139 result=MISS
turn=140 picked cell=7,4 target_cluster=None active_clusters=4 remaining_cells=7 scans=2
turn=140 result=MISS
turn=141 picked cell=5,3 target_cluster=None active_clusters=4 remaining_cells=7 scans=2
turn=141 result=MISS
turn=142 picked cell=0,2 target_cluster=None active_clusters=4 remaining_cells=7 scans=2
turn=142 result=MISS
turn=143 picked cell=6,7 target_cluster=None active_clusters=4 remaining_cells=7 scans=2
turn=143 result=MISS
turn=144 picked cell=2,4 target_cluster=None active_clusters=4 remaining_cells=7 scans=2
turn=144 result=HIT
turn=145 mode=CHASE cluster=4 cluster_len=1 cell=1,4 score=100000.892482 chase_score=5002.392482 prob=0.892482
turn=145 picked cell=1,4 target_cluster=Some(4) active_clusters=5 remaining_cells=6 scans=2
turn=145 result=HIT
turn=146 mode=CHASE cluster=4 cluster_len=2 cell=3,4 score=200000.892482 chase_score=10003.892482 prob=0.892482
turn=146 picked cell=3,4 target_cluster=Some(4) active_clusters=5 remaining_cells=5 scans=2
turn=146 result=MISS
turn=147 mode=CHASE cluster=4 cluster_len=2 cell=0,4 score=200000.618894 chase_score=10003.618894 prob=0.618894
turn=147 picked cell=0,4 target_cluster=Some(4) active_clusters=5 remaining_cells=5 scans=2
turn=147 result=KILL
turn=147 kill_infer inferred_len=3 committed_hits=2 cluster_hits=2
turn=148 picked cell=4,7 target_cluster=None active_clusters=4 remaining_cells=4 scans=2
turn=148 result=MISS
turn=149 picked cell=7,7 target_cluster=None active_clusters=4 remaining_cells=4 scans=2
turn=149 result=MISS
turn=150 picked cell=5,7 target_cluster=None active_clusters=4 remaining_cells=4 scans=2
turn=150 result=KILL
turn=151 picked cell=7,3 target_cluster=None active_clusters=4 remaining_cells=3 scans=2
turn=151 result=MISS
turn=152 picked cell=2,7 target_cluster=None active_clusters=4 remaining_cells=3 scans=2
turn=152 result=MISS
turn=153 picked cell=7,5 target_cluster=None active_clusters=4 remaining_cells=3 scans=2
turn=153 result=MISS
turn=154 picked cell=6,4 target_cluster=None active_clusters=4 remaining_cells=3 scans=2
turn=154 result=MISS
turn=155 picked cell=5,4 target_cluster=None active_clusters=4 remaining_cells=3 scans=2
turn=155 result=MISS
turn=156 picked cell=6,3 target_cluster=None active_clusters=4 remaining_cells=3 scans=2
turn=156 result=MISS
turn=157 picked cell=7,2 target_cluster=None active_clusters=4 remaining_cells=3 scans=2
turn=157 result=MISS
turn=158 picked cell=7,0 target_cluster=None active_clusters=4 remaining_cells=3 scans=2
turn=158 result=MISS
turn=159 picked cell=0,7 target_cluster=None active_clusters=4 remaining_cells=3 scans=2
turn=159 result=MISS
turn=160 picked cell=6,1 target_cluster=None active_clusters=4 remaining_cells=3 scans=2
turn=160 result=MISS
turn=161 picked cell=3,3 target_cluster=None active_clusters=4 remaining_cells=3 scans=2
turn=161 result=MISS
turn=162 picked cell=4,3 target_cluster=None active_clusters=4 remaining_cells=3 scans=2
turn=162 result=MISS
turn=163 picked cell=5,1 target_cluster=None active_clusters=4 remaining_cells=3 scans=2
turn=163 result=MISS
turn=164 picked cell=4,2 target_cluster=None active_clusters=4 remaining_cells=3 scans=2
turn=164 result=KILL
turn=165 picked cell=15,9 target_cluster=None active_clusters=4 remaining_cells=2 scans=2
turn=165 result=MISS
turn=166 picked cell=8,7 target_cluster=None active_clusters=4 remaining_cells=2 scans=2
turn=166 result=MISS
turn=167 picked cell=8,10 target_cluster=None active_clusters=4 remaining_cells=2 scans=2
turn=167 result=MISS
turn=168 picked cell=8,11 target_cluster=None active_clusters=4 remaining_cells=2 scans=2
turn=168 result=MISS
turn=169 picked cell=8,5 target_cluster=None active_clusters=4 remaining_cells=2 scans=2
turn=169 result=MISS
turn=170 picked cell=8,6 target_cluster=None active_clusters=4 remaining_cells=2 scans=2
turn=170 result=MISS
turn=171 picked cell=10,6 target_cluster=None active_clusters=4 remaining_cells=2 scans=2
turn=171 result=MISS
turn=172 picked cell=7,12 target_cluster=None active_clusters=4 remaining_cells=2 scans=2
turn=172 result=MISS
turn=173 picked cell=10,7 target_cluster=None active_clusters=4 remaining_cells=2 scans=2
turn=173 result=MISS
turn=174 picked cell=10,5 target_cluster=None active_clusters=4 remaining_cells=2 scans=2
turn=174 result=MISS
turn=175 picked cell=7,13 target_cluster=None active_clusters=4 remaining_cells=2 scans=2
turn=175 result=MISS
turn=176 picked cell=10,10 target_cluster=None active_clusters=4 remaining_cells=2 scans=2
turn=176 result=MISS
turn=177 picked cell=9,11 target_cluster=None active_clusters=4 remaining_cells=2 scans=2
turn=177 result=MISS
turn=178 picked cell=9,10 target_cluster=None active_clusters=4 remaining_cells=2 scans=2
turn=178 result=MISS
turn=179 picked cell=3,8 target_cluster=None active_clusters=4 remaining_cells=2 scans=2
turn=179 result=MISS
turn=180 picked cell=12,8 target_cluster=None active_clusters=4 remaining_cells=2 scans=2
turn=180 result=MISS
turn=181 picked cell=9,12 target_cluster=None active_clusters=4 remaining_cells=2 scans=2
turn=181 result=MISS
turn=182 picked cell=11,10 target_cluster=None active_clusters=4 remaining_cells=2 scans=2
turn=182 result=MISS
turn=183 picked cell=8,2 target_cluster=None active_clusters=4 remaining_cells=2 scans=2
turn=183 result=MISS
turn=184 picked cell=3,9 target_cluster=None active_clusters=4 remaining_cells=2 scans=2
turn=184 result=MISS
turn=185 picked cell=2,8 target_cluster=None active_clusters=4 remaining_cells=2 scans=2
turn=185 result=MISS
turn=186 picked cell=12,6 target_cluster=None active_clusters=4 remaining_cells=2 scans=2
turn=186 result=MISS
turn=187 picked cell=13,7 target_cluster=None active_clusters=4 remaining_cells=2 scans=2
turn=187 result=MISS
turn=188 picked cell=10,11 target_cluster=None active_clusters=4 remaining_cells=2 scans=2
turn=188 result=MISS
turn=189 picked cell=13,8 target_cluster=None active_clusters=4 remaining_cells=2 scans=2
turn=189 result=MISS
turn=190 picked cell=12,10 target_cluster=None active_clusters=4 remaining_cells=2 scans=2
turn=190 result=MISS
turn=191 picked cell=10,3 target_cluster=None active_clusters=4 remaining_cells=2 scans=2
turn=191 result=MISS
turn=192 picked cell=11,11 target_cluster=None active_clusters=4 remaining_cells=2 scans=2
turn=192 result=MISS
turn=193 picked cell=8,1 target_cluster=None active_clusters=4 remaining_cells=2 scans=2
turn=193 result=MISS
turn=194 picked cell=8,13 target_cluster=None active_clusters=4 remaining_cells=2 scans=2
turn=194 result=MISS
turn=195 picked cell=1,8 target_cluster=None active_clusters=4 remaining_cells=2 scans=2
turn=195 result=MISS
turn=196 picked cell=7,14 target_cluster=None active_clusters=4 remaining_cells=2 scans=2
turn=196 result=MISS
turn=197 picked cell=12,11 target_cluster=None active_clusters=4 remaining_cells=2 scans=2
turn=197 result=MISS
turn=198 picked cell=12,4 target_cluster=None active_clusters=4 remaining_cells=2 scans=2
turn=198 result=MISS
turn=199 picked cell=8,14 target_cluster=None active_clusters=4 remaining_cells=2 scans=2
turn=199 result=MISS
turn=200 picked cell=10,13 target_cluster=None active_clusters=4 remaining_cells=2 scans=2
turn=200 result=MISS
turn=201 picked cell=1,9 target_cluster=None active_clusters=4 remaining_cells=2 scans=2
turn=201 result=MISS
turn=202 picked cell=10,12 target_cluster=None active_clusters=4 remaining_cells=2 scans=2
turn=202 result=MISS
turn=203 picked cell=9,14 target_cluster=None active_clusters=4 remaining_cells=2 scans=2
turn=203 result=MISS
turn=204 picked cell=0,8 target_cluster=None active_clusters=4 remaining_cells=2 scans=2
turn=204 result=MISS
turn=205 picked cell=11,12 target_cluster=None active_clusters=4 remaining_cells=2 scans=2
turn=205 result=MISS
turn=206 picked cell=2,11 target_cluster=None active_clusters=4 remaining_cells=2 scans=2
turn=206 result=MISS
turn=207 picked cell=8,0 target_cluster=None active_clusters=4 remaining_cells=2 scans=2
turn=207 result=MISS
turn=208 picked cell=10,2 target_cluster=None active_clusters=4 remaining_cells=2 scans=2
turn=208 result=MISS
turn=209 picked cell=2,10 target_cluster=None active_clusters=4 remaining_cells=2 scans=2
turn=209 result=MISS
turn=210 picked cell=6,0 target_cluster=None active_clusters=4 remaining_cells=2 scans=2
turn=210 result=KILL
turn=211 picked cell=12,12 target_cluster=None active_clusters=4 remaining_cells=1 scans=2
turn=211 result=MISS
turn=212 picked cell=0,9 target_cluster=None active_clusters=4 remaining_cells=1 scans=2
turn=212 result=MISS
turn=213 picked cell=2,2 target_cluster=None active_clusters=4 remaining_cells=1 scans=2
turn=213 result=MISS
turn=214 picked cell=1,10 target_cluster=None active_clusters=4 remaining_cells=1 scans=2
turn=214 result=MISS
turn=215 picked cell=6,15 target_cluster=None active_clusters=4 remaining_cells=1 scans=2
turn=215 result=MISS
turn=216 picked cell=11,13 target_cluster=None active_clusters=4 remaining_cells=1 scans=2
turn=216 result=MISS
turn=217 picked cell=0,10 target_cluster=None active_clusters=4 remaining_cells=1 scans=2
turn=217 result=MISS
turn=218 picked cell=13,4 target_cluster=None active_clusters=4 remaining_cells=1 scans=2
turn=218 result=MISS
turn=219 picked cell=5,0 target_cluster=None active_clusters=4 remaining_cells=1 scans=2
turn=219 result=MISS
turn=220 picked cell=11,14 target_cluster=None active_clusters=4 remaining_cells=1 scans=2
turn=220 result=MISS
turn=221 picked cell=10,0 target_cluster=None active_clusters=4 remaining_cells=1 scans=2
turn=221 result=MISS
turn=222 picked cell=3,2 target_cluster=None active_clusters=4 remaining_cells=1 scans=2
turn=222 result=MISS
turn=223 picked cell=12,2 target_cluster=None active_clusters=4 remaining_cells=1 scans=2
turn=223 result=MISS
turn=224 picked cell=15,10 target_cluster=None active_clusters=4 remaining_cells=1 scans=2
turn=224 result=MISS
turn=225 picked cell=12,13 target_cluster=None active_clusters=4 remaining_cells=1 scans=2
turn=225 result=MISS
turn=226 picked cell=14,12 target_cluster=None active_clusters=4 remaining_cells=1 scans=2
turn=226 result=MISS
turn=227 picked cell=13,2 target_cluster=None active_clusters=4 remaining_cells=1 scans=2
turn=227 result=MISS
turn=228 picked cell=2,13 target_cluster=None active_clusters=4 remaining_cells=1 scans=2
turn=228 result=MISS
turn=229 picked cell=15,11 target_cluster=None active_clusters=4 remaining_cells=1 scans=2
turn=229 result=MISS
turn=230 picked cell=1,3 target_cluster=None active_clusters=4 remaining_cells=1 scans=2
turn=230 result=MISS
turn=231 picked cell=12,14 target_cluster=None active_clusters=4 remaining_cells=1 scans=2
turn=231 result=MISS
turn=232 picked cell=14,13 target_cluster=None active_clusters=4 remaining_cells=1 scans=2
turn=232 result=MISS
turn=233 picked cell=15,12 target_cluster=None active_clusters=4 remaining_cells=1 scans=2
turn=233 result=MISS
turn=234 picked cell=14,2 target_cluster=None active_clusters=4 remaining_cells=1 scans=2
turn=234 result=MISS
turn=235 picked cell=2,14 target_cluster=None active_clusters=4 remaining_cells=1 scans=2
turn=235 result=MISS
turn=236 picked cell=2,1 target_cluster=None active_clusters=4 remaining_cells=1 scans=2
turn=236 result=MISS
turn=237 picked cell=12,0 target_cluster=None active_clusters=4 remaining_cells=1 scans=2
turn=237 result=MISS
turn=238 picked cell=15,14 target_cluster=None active_clusters=4 remaining_cells=1 scans=2
turn=238 result=MISS
turn=239 picked cell=13,1 target_cluster=None active_clusters=4 remaining_cells=1 scans=2
turn=239 result=MISS
turn=240 picked cell=3,15 target_cluster=None active_clusters=4 remaining_cells=1 scans=2
turn=240 result=MISS
turn=241 picked cell=0,3 target_cluster=None active_clusters=4 remaining_cells=1 scans=2
turn=241 result=MISS
turn=242 picked cell=13,0 target_cluster=None active_clusters=4 remaining_cells=1 scans=2
turn=242 result=MISS
turn=243 picked cell=15,13 target_cluster=None active_clusters=4 remaining_cells=1 scans=2
turn=243 result=MISS
turn=244 picked cell=1,0 target_cluster=None active_clusters=4 remaining_cells=1 scans=2
turn=244 result=MISS
turn=245 picked cell=14,1 target_cluster=None active_clusters=4 remaining_cells=1 scans=2
turn=245 result=MISS
turn=246 picked cell=2,0 target_cluster=None active_clusters=4 remaining_cells=1 scans=2
turn=246 result=MISS
turn=247 picked cell=15,2 target_cluster=None active_clusters=4 remaining_cells=1 scans=2
turn=247 result=KILL
