turn=1 mode=SCAN region=0,0,5,12
turn=1 result=SCAN count=24
turn=2 mode=SCAN region=0,0,12,5
turn=2 result=SCAN count=12
turn=3 picked cell=4,7 target_cluster=None active_clusters=0 remaining_cells=37 scans=2
turn=3 result=MISS
turn=4 picked cell=5,8 target_cluster=None active_clusters=0 remaining_cells=37 scans=2
turn=4 result=MISS
turn=5 picked cell=3,6 target_cluster=None active_clusters=0 remaining_cells=37 scans=2
turn=5 result=HIT
turn=6 mode=CHASE cluster=0 cluster_len=1 cell=3,5 score=100001.300748 chase_score=5031.300748 prob=1.300748
turn=6 picked cell=3,5 target_cluster=Some(0) active_clusters=1 remaining_cells=36 scans=2
turn=6 result=MISS
turn=7 mode=CHASE cluster=0 cluster_len=1 cell=4,6 score=100000.885200 chase_score=5029.385200 prob=0.885200
turn=7 picked cell=4,6 target_cluster=Some(0) active_clusters=1 remaining_cells=36 scans=2
turn=7 result=HIT
turn=8 mode=CHASE cluster=0 cluster_len=2 cell=5,6 score=200001.087617 chase_score=10084.087617 prob=1.087617
turn=8 picked cell=5,6 target_cluster=Some(0) active_clusters=1 remaining_cells=35 scans=2
turn=8 result=HIT
turn=9 mode=CHASE cluster=0 cluster_len=3 cell=6,6 score=300001.490720 chase_score=10053.490720 prob=1.490720
turn=9 picked cell=6,6 target_cluster=Some(0) active_clusters=1 remaining_cells=34 scans=2
turn=9 result=HIT
turn=10 mode=CHASE cluster=0 cluster_len=4 cell=7,6 score=400001.490720 chase_score=10028.490720 prob=1.490720
turn=10 picked cell=7,6 target_cluster=Some(0) active_clusters=1 remaining_cells=33 scans=2
turn=10 result=KILL
turn=10 kill_infer inferred_len=5 committed_hits=4 cluster_hits=4
turn=11 picked cell=2,9 target_cluster=None active_clusters=0 remaining_cells=32 scans=2
turn=11 result=MISS
turn=12 picked cell=3,10 target_cluster=None active_clusters=0 remaining_cells=32 scans=2
turn=12 result=MISS
turn=13 picked cell=1,8 target_cluster=None active_clusters=0 remaining_cells=32 scans=2
turn=13 result=MISS
turn=14 picked cell=4,11 target_cluster=None active_clusters=0 remaining_cells=32 scans=2
turn=14 result=HIT
turn=15 mode=CHASE cluster=0 cluster_len=1 cell=5,11 score=100000.907835 chase_score=5025.907835 prob=0.907835
turn=15 picked cell=5,11 target_cluster=Some(0) active_clusters=1 remaining_cells=31 scans=2
turn=15 result=HIT
turn=16 mode=CHASE cluster=0 cluster_len=2 cell=6,11 score=200001.088076 chase_score=10069.088076 prob=1.088076
turn=16 picked cell=6,11 target_cluster=Some(0) active_clusters=1 remaining_cells=30 scans=2
turn=16 result=MISS
turn=17 mode=CHASE cluster=0 cluster_len=2 cell=3,11 score=200000.414550 chase_score=10026.414550 prob=0.414550
turn=17 picked cell=3,11 target_cluster=Some(0) active_clusters=1 remaining_cells=30 scans=2
turn=17 result=HIT
turn=18 mode=CHASE cluster=0 cluster_len=3 cell=2,11 score=300000.474957 chase_score=10020.474957 prob=0.474957
turn=18 picked cell=2,11 target_cluster=Some(0) active_clusters=1 remaining_cells=29 scans=2
turn=18 result=HIT
turn=19 mode=CHASE cluster=0 cluster_len=4 cell=1,11 score=400000.474957 chase_score=10016.474957 prob=0.474957
turn=19 picked cell=1,11 target_cluster=Some(0) active_clusters=1 remaining_cells=28 scans=2
turn=19 result=KILL
turn=19 kill_infer inferred_len=5 committed_hits=4 cluster_hits=4
turn=20 picked cell=2,4 target_cluster=None active_clusters=0 remaining_cells=27 scans=2
turn=20 result=MISS
turn=21 picked cell=0,7 target_cluster=None active_clusters=0 remaining_cells=27 scans=2
turn=21 result=MISS
turn=22 picked cell=5,3 target_cluster=None active_clusters=0 remaining_cells=27 scans=2
turn=22 result=MISS
turn=23 picked cell=4,2 target_cluster=None active_clusters=0 remaining_cells=27 scans=2
turn=23 result=MISS
turn=24 picked cell=5,12 target_cluster=None active_clusters=0 remaining_cells=27 scans=2
turn=24 result=HIT
turn=25 mode=CHASE cluster=0 cluster_len=1 cell=6,12 score=100000.789027 chase_score=5020.789027 prob=0.789027
turn=25 picked cell=6,12 target_cluster=Some(0) active_clusters=1 remaining_cells=26 scans=2
turn=25 result=HIT
turn=26 mode=CHASE cluster=0 cluster_len=2 cell=7,12 score=200000.977474 chase_score=10053.977474 prob=0.977474
turn=26 picked cell=7,12 target_cluster=Some(0) active_clusters=1 remaining_cells=25 scans=2
turn=26 result=MISS
turn=27 mode=CHASE cluster=0 cluster_len=2 cell=4,12 score=200000.502166 chase_score=10021.502166 prob=0.502166
turn=27 picked cell=4,12 target_cluster=Some(0) active_clusters=1 remaining_cells=25 scans=2
turn=27 result=HIT
turn=28 mode=CHASE cluster=0 cluster_len=3 cell=3,12 score=300000.530674 chase_score=10015.530674 prob=0.530674
turn=28 picked cell=3,12 target_cluster=Some(0) active_clusters=1 remaining_cells=24 scans=2
turn=28 result=HIT
turn=29 mode=CHASE cluster=0 cluster_len=4 cell=2,12 score=400000.502166 chase_score=10011.502166 prob=0.502166
turn=29 picked cell=2,12 target_cluster=Some(0) active_clusters=1 remaining_cells=23 scans=2
turn=29 result=KILL
turn=29 kill_infer inferred_len=5 committed_hits=4 cluster_hits=4
turn=30 picked cell=3,1 target_cluster=None active_clusters=0 remaining_cells=22 scans=2
turn=30 result=MISS
turn=31 picked cell=1,3 target_cluster=None active_clusters=0 remaining_cells=22 scans=2
turn=31 result=HIT
turn=32 mode=CHASE cluster=0 cluster_len=1 cell=1,2 score=100000.643628 chase_score=5012.643628 prob=0.643628
turn=32 picked cell=1,2 target_cluster=Some(0) active_clusters=1 remaining_cells=21 scans=2
turn=32 result=HIT
turn=33 mode=CHASE cluster=0 cluster_len=2 cell=1,4 score=200000.525929 chase_score=10032.525929 prob=0.525929
turn=33 picked cell=1,4 target_cluster=Some(0) active_clusters=1 remaining_cells=20 scans=2
turn=33 result=HIT
turn=34 mode=CHASE cluster=0 cluster_len=3 cell=1,5 score=300000.573265 chase_score=10022.573265 prob=0.573265
turn=34 picked cell=1,5 target_cluster=Some(0) active_clusters=1 remaining_cells=19 scans=2
turn=34 result=HIT
turn=35 mode=CHASE cluster=0 cluster_len=4 cell=1,1 score=400000.444934 chase_score=10012.444934 prob=0.444934
turn=35 picked cell=1,1 target_cluster=Some(0) active_clusters=1 remaining_cells=18 scans=2
turn=35 result=HIT
turn=36 mode=CHASE cluster=0 cluster_len=5 cell=1,0 score=500000.495927 chase_score=10006.495927 prob=0.495927
turn=36 picked cell=1,0 target_cluster=Some(0) active_clusters=1 remaining_cells=17 scans=2
turn=36 result=MISS
turn=37 mode=CHASE cluster=0 cluster_len=5 cell=1,6 score=500000.456332 chase_score=10006.456332 prob=0.456332
turn=37 picked cell=1,6 target_cluster=Some(0) active_clusters=1 remaining_cells=17 scans=2
turn=37 result=KILL
turn=37 kill_infer inferred_len=6 committed_hits=5 cluster_hits=5
turn=38 picked cell=8,9 target_cluster=None active_clusters=0 remaining_cells=16 scans=2
turn=38 result=MISS
turn=39 picked cell=9,8 target_cluster=None active_clusters=0 remaining_cells=16 scans=2
turn=39 result=MISS
turn=40 picked cell=10,7 target_cluster=None active_clusters=0 remaining_cells=16 scans=2
turn=40 result=MISS
turn=41 picked cell=10,10 target_cluster=None active_clusters=0 remaining_cells=16 scans=2
turn=41 result=MISS
turn=42 picked cell=11,6 target_cluster=None active_clusters=0 remaining_cells=16 scans=2
turn=42 result=HIT
turn=43 mode=CHASE cluster=0 cluster_len=1 cell=11,5 score=100000.572325 chase_score=5008.072325 prob=0.572325
turn=43 picked cell=11,5 target_cluster=Some(0) active_clusters=1 remaining_cells=15 scans=2
turn=43 result=MISS
turn=44 mode=CHASE cluster=0 cluster_len=1 cell=10,6 score=100000.405456 chase_score=5006.905456 prob=0.405456
turn=44 picked cell=10,6 target_cluster=Some(0) active_clusters=1 remaining_cells=15 scans=2
turn=44 result=MISS
turn=45 mode=CHASE cluster=0 cluster_len=1 cell=11,7 score=100000.286965 chase_score=5004.286965 prob=0.286965
turn=45 picked cell=11,7 target_cluster=Some(0) active_clusters=1 remaining_cells=15 scans=2
turn=45 result=KILL
turn=45 kill_infer inferred_len=2 committed_hits=1 cluster_hits=1
turn=46 picked cell=8,4 target_cluster=None active_clusters=0 remaining_cells=14 scans=2
turn=46 result=MISS
turn=47 picked cell=9,3 target_cluster=None active_clusters=0 remaining_cells=14 scans=2
turn=47 result=HIT
turn=48 mode=CHASE cluster=0 cluster_len=1 cell=9,2 score=100000.710637 chase_score=5007.710637 prob=0.710637
turn=48 picked cell=9,2 target_cluster=Some(0) active_clusters=1 remaining_cells=13 scans=2
turn=48 result=HIT
turn=49 mode=CHASE cluster=0 cluster_len=2 cell=9,1 score=200000.618531 chase_score=10014.618531 prob=0.618531
turn=49 picked cell=9,1 target_cluster=Some(0) active_clusters=1 remaining_cells=12 scans=2
turn=49 result=HIT
turn=50 mode=CHASE cluster=0 cluster_len=3 cell=9,0 score=300000.497284 chase_score=10004.497284 prob=0.497284
turn=50 picked cell=9,0 target_cluster=Some(0) active_clusters=1 remaining_cells=11 scans=2
turn=50 result=MISS
turn=51 mode=CHASE cluster=0 cluster_len=3 cell=9,4 score=300000.515425 chase_score=10004.515425 prob=0.515425
turn=51 picked cell=9,4 target_cluster=Some(0) active_clusters=1 remaining_cells=11 scans=2
turn=51 result=KILL
turn=51 kill_infer inferred_len=4 committed_hits=3 cluster_hits=3
turn=52 picked cell=0,10 target_cluster=None active_clusters=0 remaining_cells=10 scans=2
turn=52 result=HIT
turn=53 mode=CHASE cluster=0 cluster_len=1 cell=0,9 score=100000.190055 chase_score=5004.190055 prob=0.190055
turn=53 picked cell=0,9 target_cluster=Some(0) active_clusters=1 remaining_cells=9 scans=2
turn=53 result=MISS
turn=54 mode=CHASE cluster=0 cluster_len=1 cell=1,10 score=100000.140386 chase_score=5002.640386 prob=0.140386
turn=54 picked cell=1,10 target_cluster=Some(0) active_clusters=1 remaining_cells=9 scans=2
turn=54 result=MISS
turn=55 mode=CHASE cluster=0 cluster_len=1 cell=0,11 score=100000.112776 chase_score=5002.612776 prob=0.112776
turn=55 picked cell=0,11 target_cluster=Some(0) active_clusters=1 remaining_cells=9 scans=2
turn=55 result=HIT
turn=56 mode=CHASE cluster=0 cluster_len=2 cell=0,12 score=200000.112776 chase_score=10006.112776 prob=0.112776
turn=56 picked cell=0,12 target_cluster=Some(0) active_clusters=1 remaining_cells=8 scans=2
turn=56 result=KILL
turn=56 kill_infer inferred_len=3 committed_hits=2 cluster_hits=2
turn=57 picked cell=6,7 target_cluster=None active_clusters=0 remaining_cells=7 scans=2
turn=57 result=MISS
turn=58 picked cell=4,9 target_cluster=None active_clusters=0 remaining_cells=7 scans=2
turn=58 result=HIT
turn=59 mode=CHASE cluster=0 cluster_len=1 cell=5,9 score=100000.169985 chase_score=5002.669985 prob=0.169985
turn=59 picked cell=5,9 target_cluster=Some(0) active_clusters=1 remaining_cells=6 scans=2
turn=59 result=HIT
turn=60 mode=CHASE cluster=0 cluster_len=2 cell=6,9 score=200000.199516 chase_score=10003.199516 prob=0.199516
turn=60 picked cell=6,9 target_cluster=Some(0) active_clusters=1 remaining_cells=5 scans=2
turn=60 result=HIT
turn=61 mode=CHASE cluster=0 cluster_len=3 cell=7,9 score=300000.197116 chase_score=10000.197116 prob=0.197116
turn=61 picked cell=7,9 target_cluster=Some(0) active_clusters=1 remaining_cells=4 scans=2
turn=61 result=MISS
turn=62 mode=CHASE cluster=0 cluster_len=3 cell=3,9 score=300000.116940 chase_score=10000.116940 prob=0.116940
turn=62 picked cell=3,9 target_cluster=Some(0) active_clusters=1 remaining_cells=4 scans=2
turn=62 result=KILL
turn=62 kill_infer inferred_len=3 committed_hits=2 cluster_hits=3
turn=63 mode=CHASE cluster=0 cluster_len=1 cell=6,10 score=100000.084507 chase_score=5001.084507 prob=0.084507
turn=63 picked cell=6,10 target_cluster=Some(0) active_clusters=1 remaining_cells=3 scans=2
turn=63 result=MISS
turn=64 mode=CHASE cluster=0 cluster_len=1 cell=6,8 score=100000.057554 chase_score=5001.057554 prob=0.057554
turn=64 picked cell=6,8 target_cluster=Some(0) active_clusters=1 remaining_cells=3 scans=2
turn=64 result=MISS
turn=65 picked cell=7,2 target_cluster=None active_clusters=1 remaining_cells=3 scans=2
turn=65 result=MISS
turn=66 picked cell=11,3 target_cluster=None active_clusters=1 remaining_cells=3 scans=2
turn=66 result=MISS
turn=67 picked cell=11,1 target_cluster=None active_clusters=1 remaining_cells=3 scans=2
turn=67 result=MISS
turn=68 picked cell=7,5 target_cluster=None active_clusters=1 remaining_cells=3 scans=2
turn=68 result=MISS
turn=69 picked cell=6,4 target_cluster=None active_clusters=1 remaining_cells=3 scans=2
turn=69 result=HIT
turn=70 mode=CHASE cluster=1 cluster_len=1 cell=5,4 score=100000.098361 chase_score=5001.098361 prob=0.098361
turn=70 picked cell=5,4 target_cluster=Some(1) active_clusters=2 remaining_cells=2 scans=2
turn=70 result=MISS
turn=71 mode=CHASE cluster=1 cluster_len=1 cell=6,3 score=100000.100840 chase_score=5001.100840 prob=0.100840
turn=71 picked cell=6,3 target_cluster=Some(1) active_clusters=2 remaining_cells=2 scans=2
turn=71 result=KILL
turn=71 kill_infer inferred_len=2 committed_hits=1 cluster_hits=1
turn=72 picked cell=6,1 target_cluster=None active_clusters=1 remaining_cells=1 scans=2
turn=72 result=MISS
turn=73 picked cell=7,0 target_cluster=None active_clusters=1 remaining_cells=1 scans=2
turn=73 result=MISS
turn=74 picked cell=10,4 target_cluster=None active_clusters=1 remaining_cells=1 scans=2
turn=74 result=MISS
turn=75 picked cell=8,1 target_cluster=None active_clusters=1 remaining_cells=1 scans=2
turn=75 result=MISS
turn=76 picked cell=10,2 target_cluster=None active_clusters=1 remaining_cells=1 scans=2
turn=76 result=MISS
turn=77 picked cell=12,4 target_cluster=None active_clusters=1 remaining_cells=1 scans=2
turn=77 result=MISS
turn=78 picked cell=12,2 target_cluster=None active_clusters=1 remaining_cells=1 scans=2
turn=78 result=MISS
turn=79 picked cell=9,5 target_cluster=None active_clusters=1 remaining_cells=1 scans=2
turn=79 result=MISS
turn=80 picked cell=8,3 target_cluster=None active_clusters=1 remaining_cells=1 scans=2
turn=80 result=MISS
turn=81 picked cell=10,0 target_cluster=None active_clusters=1 remaining_cells=1 scans=2
turn=81 result=MISS
turn=82 picked cell=12,0 target_cluster=None active_clusters=1 remaining_cells=1 scans=2
turn=82 result=MISS
turn=83 picked cell=7,4 target_cluster=None active_clusters=1 remaining_cells=1 scans=2
turn=83 result=MISS
turn=84 picked cell=8,7 target_cluster=None active_clusters=1 remaining_cells=1 scans=2
turn=84 result=MISS
turn=85 picked cell=11,9 target_cluster=None active_clusters=1 remaining_cells=1 scans=2
turn=85 result=MISS
turn=86 picked cell=9,11 target_cluster=None active_clusters=1 remaining_cells=1 scans=2
turn=86 result=MISS
turn=87 picked cell=11,11 target_cluster=None active_clusters=1 remaining_cells=1 scans=2
turn=87 result=MISS
turn=88 picked cell=8,10 target_cluster=None active_clusters=1 remaining_cells=1 scans=2
turn=88 result=MISS
turn=89 picked cell=12,8 target_cluster=None active_clusters=1 remaining_cells=1 scans=2
turn=89 result=MISS
turn=90 picked cell=12,10 target_cluster=None active_clusters=1 remaining_cells=1 scans=2
turn=90 result=MISS
turn=91 picked cell=10,12 target_cluster=None active_clusters=1 remaining_cells=1 scans=2
turn=91 result=MISS
turn=92 picked cell=8,5 target_cluster=None active_clusters=1 remaining_cells=1 scans=2
turn=92 result=MISS
turn=93 picked cell=12,5 target_cluster=None active_clusters=1 remaining_cells=1 scans=2
turn=93 result=MISS
turn=94 picked cell=9,6 target_cluster=None active_clusters=1 remaining_cells=1 scans=2
turn=94 result=MISS
turn=95 picked cell=7,8 target_cluster=None active_clusters=1 remaining_cells=1 scans=2
turn=95 result=MISS
turn=96 picked cell=10,8 target_cluster=None active_clusters=1 remaining_cells=1 scans=2
turn=96 result=MISS
turn=97 picked cell=8,11 target_cluster=None active_clusters=1 remaining_cells=1 scans=2
turn=97 result=MISS
turn=98 picked cell=9,9 target_cluster=None active_clusters=1 remaining_cells=1 scans=2
turn=98 result=MISS
turn=99 picked cell=12,12 target_cluster=None active_clusters=1 remaining_cells=1 scans=2
turn=99 result=MISS
turn=100 picked cell=12,6 target_cluster=None active_clusters=1 remaining_cells=1 scans=2
turn=100 result=MISS
turn=101 picked cell=7,11 target_cluster=None active_clusters=1 remaining_cells=1 scans=2
turn=101 result=MISS
turn=102 picked cell=9,12 target_cluster=None active_clusters=1 remaining_cells=1 scans=2
turn=102 result=MISS
turn=103 picked cell=6,5 target_cluster=None active_clusters=1 remaining_cells=1 scans=2
turn=103 result=MISS
turn=104 picked cell=8,6 target_cluster=None active_clusters=1 remaining_cells=1 scans=2
turn=104 result=MISS
turn=105 picked cell=7,7 target_cluster=None active_clusters=1 remaining_cells=1 scans=2
turn=105 result=MISS
turn=106 picked cell=5,5 target_cluster=None active_clusters=1 remaining_cells=1 scans=2
turn=106 result=MISS
turn=107 picked cell=4,5 target_cluster=None active_clusters=1 remaining_cells=1 scans=2
turn=107 result=MISS
turn=108 picked cell=2,6 target_cluster=None active_clusters=1 remaining_cells=1 scans=2
turn=108 result=MISS
turn=109 picked cell=4,8 target_cluster=None active_clusters=1 remaining_cells=1 scans=2
turn=109 result=MISS
turn=110 picked cell=5,7 target_cluster=None active_clusters=1 remaining_cells=1 scans=2
turn=110 result=MISS
turn=111 picked cell=9,7 target_cluster=None active_clusters=1 remaining_cells=1 scans=2
turn=111 result=MISS
turn=112 picked cell=6,2 target_cluster=None active_clusters=1 remaining_cells=1 scans=2
turn=112 result=MISS
turn=113 picked cell=5,10 target_cluster=None active_clusters=1 remaining_cells=1 scans=2
turn=113 result=MISS
turn=114 picked cell=3,7 target_cluster=None active_clusters=1 remaining_cells=1 scans=2
turn=114 result=MISS
turn=115 picked cell=2,5 target_cluster=None active_clusters=1 remaining_cells=1 scans=2
turn=115 result=MISS
turn=116 picked cell=10,5 target_cluster=None active_clusters=1 remaining_cells=1 scans=2
turn=116 result=MISS
turn=117 picked cell=8,8 target_cluster=None active_clusters=1 remaining_cells=1 scans=2
turn=117 result=MISS
turn=118 picked cell=7,3 target_cluster=None active_clusters=1 remaining_cells=1 scans=2
turn=118 result=MISS
turn=119 picked cell=4,4 target_cluster=None active_clusters=1 remaining_cells=1 scans=2
turn=119 result=MISS
turn=120 picked cell=2,7 target_cluster=None active_clusters=1 remaining_cells=1 scans=2
turn=120 result=MISS
turn=121 picked cell=3,8 target_cluster=None active_clusters=1 remaining_cells=1 scans=2
turn=121 result=MISS
turn=122 picked cell=7,10 target_cluster=None active_clusters=1 remaining_cells=1 scans=2
turn=122 result=MISS
turn=123 picked cell=5,2 target_cluster=None active_clusters=1 remaining_cells=1 scans=2
turn=123 result=MISS
turn=124 picked cell=4,3 target_cluster=None active_clusters=1 remaining_cells=1 scans=2
turn=124 result=MISS
turn=125 picked cell=1,7 target_cluster=None active_clusters=1 remaining_cells=1 scans=2
turn=125 result=MISS
turn=126 picked cell=3,4 target_cluster=None active_clusters=1 remaining_cells=1 scans=2
turn=126 result=MISS
turn=127 picked cell=7,1 target_cluster=None active_clusters=1 remaining_cells=1 scans=2
turn=127 result=MISS
turn=128 picked cell=0,6 target_cluster=None active_clusters=1 remaining_cells=1 scans=2
turn=128 result=MISS
turn=129 picked cell=8,2 target_cluster=None active_clusters=1 remaining_cells=1 scans=2
turn=129 result=MISS
turn=130 picked cell=5,1 target_cluster=None active_clusters=1 remaining_cells=1 scans=2
turn=130 result=MISS
turn=131 picked cell=2,8 target_cluster=None active_clusters=1 remaining_cells=1 scans=2
turn=131 result=MISS
turn=132 picked cell=3,3 target_cluster=None active_clusters=1 remaining_cells=1 scans=2
turn=132 result=MISS
turn=133 picked cell=4,10 target_cluster=None active_clusters=1 remaining_cells=1 scans=2
turn=133 result=MISS
turn=134 picked cell=6,0 target_cluster=None active_clusters=1 remaining_cells=1 scans=2
turn=134 result=MISS
turn=135 picked cell=2,3 target_cluster=None active_clusters=1 remaining_cells=1 scans=2
turn=135 result=MISS
turn=136 picked cell=11,8 target_cluster=None active_clusters=1 remaining_cells=1 scans=2
turn=136 result=MISS
turn=137 picked cell=4,0 target_cluster=None active_clusters=1 remaining_cells=1 scans=2
turn=137 result=MISS
turn=138 picked cell=12,7 target_cluster=None active_clusters=1 remaining_cells=1 scans=2
turn=138 result=MISS
turn=139 picked cell=9,10 target_cluster=None active_clusters=1 remaining_cells=1 scans=2
turn=139 result=MISS
turn=140 picked cell=5,0 target_cluster=None active_clusters=1 remaining_cells=1 scans=2
turn=140 result=MISS
turn=141 picked cell=4,1 target_cluster=None active_clusters=1 remaining_cells=1 scans=2
turn=141 result=MISS
turn=142 picked cell=0,5 target_cluster=None active_clusters=1 remaining_cells=1 scans=2
turn=142 result=MISS
turn=143 picked cell=10,3 target_cluster=None active_clusters=1 remaining_cells=1 scans=2
turn=143 result=MISS
turn=144 picked cell=0,4 target_cluster=None active_clusters=1 remaining_cells=1 scans=2
turn=144 result=MISS
turn=145 picked cell=10,9 target_cluster=None active_clusters=1 remaining_cells=1 scans=2
turn=145 result=MISS
turn=146 picked cell=0,8 target_cluster=None active_clusters=1 remaining_cells=1 scans=2
turn=146 result=MISS
turn=147 picked cell=2,10 target_cluster=None active_clusters=1 remaining_cells=1 scans=2
turn=147 result=MISS
turn=148 picked cell=3,2 target_cluster=None active_clusters=1 remaining_cells=1 scans=2
turn=148 result=MISS
turn=149 picked cell=2,2 target_cluster=None active_clusters=1 remaining_cells=1 scans=2
turn=149 result=MISS
turn=150 picked cell=11,4 target_cluster=None active_clusters=1 remaining_cells=1 scans=2
turn=150 result=MISS
turn=151 picked cell=1,9 target_cluster=None active_clusters=1 remaining_cells=1 scans=2
turn=151 result=MISS
turn=152 picked cell=12,3 target_cluster=None active_clusters=1 remaining_cells=1 scans=2
turn=152 result=MISS
turn=153 picked cell=0,3 target_cluster=None active_clusters=1 remaining_cells=1 scans=2
turn=153 result=MISS
turn=154 picked cell=0,2 target_cluster=None active_clusters=1 remaining_cells=1 scans=2
turn=154 result=MISS
turn=155 picked cell=8,12 target_cluster=None active_clusters=1 remaining_cells=1 scans=2
turn=155 result=MISS
turn=156 picked cell=12,9 target_cluster=None active_clusters=1 remaining_cells=1 scans=2
turn=156 result=MISS
turn=157 picked cell=11,2 target_cluster=None active_clusters=1 remaining_cells=1 scans=2
turn=157 result=MISS
turn=158 picked cell=8,0 target_cluster=None active_clusters=1 remaining_cells=1 scans=2
turn=158 result=MISS
turn=159 picked cell=10,11 target_cluster=None active_clusters=1 remaining_cells=1 scans=2
turn=159 result=MISS
turn=160 picked cell=11,10 target_cluster=None active_clusters=1 remaining_cells=1 scans=2
turn=160 result=MISS
turn=161 picked cell=2,1 target_cluster=None active_clusters=1 remaining_cells=1 scans=2
turn=161 result=MISS
turn=162 picked cell=10,1 target_cluster=None active_clusters=1 remaining_cells=1 scans=2
turn=162 result=KILL
