turn=1 mode=SCAN region=0,0,8,18
turn=1 result=SCAN count=46
turn=2 mode=SCAN region=0,0,18,8
turn=2 result=SCAN count=27
turn=3 picked cell=11,11 target_cluster=None active_clusters=0 remaining_cells=115 scans=2
turn=3 result=HIT
turn=4 mode=CHASE cluster=0 cluster_len=1 cell=10,11 score=100002.940570 chase_score=5153.940570 prob=2.940570
turn=4 picked cell=10,11 target_cluster=Some(0) active_clusters=1 remaining_cells=114 scans=2
turn=4 result=HIT
turn=5 mode=CHASE cluster=0 cluster_len=2 cell=9,11 score=200002.940570 chase_score=10494.940570 prob=2.940570
turn=5 picked cell=9,11 target_cluster=Some(0) active_clusters=1 remaining_cells=113 scans=2
turn=5 result=HIT
turn=6 mode=CHASE cluster=0 cluster_len=3 cell=8,11 score=300002.940570 chase_score=10390.940570 prob=2.940570
turn=6 picked cell=8,11 target_cluster=Some(0) active_clusters=1 remaining_cells=112 scans=2
turn=6 result=KILL
turn=6 kill_infer inferred_len=4 committed_hits=3 cluster_hits=3
turn=7 picked cell=12,12 target_cluster=None active_clusters=0 remaining_cells=111 scans=2
turn=7 result=HIT
turn=8 mode=CHASE cluster=0 cluster_len=1 cell=11,12 score=100001.690057 chase_score=5147.440057 prob=1.690057
turn=8 picked cell=11,12 target_cluster=Some(0) active_clusters=1 remaining_cells=110 scans=2
turn=8 result=MISS
turn=9 mode=CHASE cluster=0 cluster_len=1 cell=12,11 score=100001.719892 chase_score=5147.469892 prob=1.719892
turn=9 picked cell=12,11 target_cluster=Some(0) active_clusters=1 remaining_cells=110 scans=2
turn=9 result=HIT
turn=10 mode=CHASE cluster=0 cluster_len=2 cell=12,10 score=200003.085283 chase_score=10487.085283 prob=3.085283
turn=10 picked cell=12,10 target_cluster=Some(0) active_clusters=1 remaining_cells=109 scans=2
turn=10 result=HIT
turn=11 mode=CHASE cluster=0 cluster_len=3 cell=12,9 score=300003.085283 chase_score=10387.085283 prob=3.085283
turn=11 picked cell=12,9 target_cluster=Some(0) active_clusters=1 remaining_cells=108 scans=2
turn=11 result=HIT
turn=12 mode=CHASE cluster=0 cluster_len=4 cell=12,8 score=400003.085283 chase_score=10296.085283 prob=3.085283
turn=12 picked cell=12,8 target_cluster=Some(0) active_clusters=1 remaining_cells=107 scans=2
turn=12 result=HIT
turn=13 mode=CHASE cluster=0 cluster_len=5 cell=12,7 score=500003.062703 chase_score=10205.062703 prob=3.062703
turn=13 picked cell=12,7 target_cluster=Some(0) active_clusters=1 remaining_cells=106 scans=2
turn=13 result=MISS
turn=14 mode=CHASE cluster=0 cluster_len=5 cell=12,13 score=500002.588385 chase_score=10083.588385 prob=2.588385
turn=14 picked cell=12,13 target_cluster=Some(0) active_clusters=1 remaining_cells=106 scans=2
turn=14 result=HIT
turn=15 mode=CHASE cluster=0 cluster_len=6 cell=12,14 score=600002.548302 chase_score=10065.548302 prob=2.548302
turn=15 picked cell=12,14 target_cluster=Some(0) active_clusters=1 remaining_cells=105 scans=2
turn=15 result=HIT
turn=16 mode=CHASE cluster=0 cluster_len=7 cell=12,15 score=700002.454139 chase_score=10051.454139 prob=2.454139
turn=16 picked cell=12,15 target_cluster=Some(0) active_clusters=1 remaining_cells=104 scans=2
turn=16 result=KILL
turn=16 kill_infer inferred_len=8 committed_hits=7 cluster_hits=7
turn=17 picked cell=6,10 target_cluster=None active_clusters=0 remaining_cells=103 scans=2
turn=17 result=MISS
turn=18 picked cell=13,16 target_cluster=None active_clusters=0 remaining_cells=103 scans=2
turn=18 result=HIT
turn=19 mode=CHASE cluster=0 cluster_len=1 cell=12,16 score=100001.636936 chase_score=5123.136936 prob=1.636936
turn=19 picked cell=12,16 target_cluster=Some(0) active_clusters=1 remaining_cells=102 scans=2
turn=19 result=HIT
turn=20 mode=CHASE cluster=0 cluster_len=2 cell=11,16 score=200001.906860 chase_score=10428.906860 prob=1.906860
turn=20 picked cell=11,16 target_cluster=Some(0) active_clusters=1 remaining_cells=101 scans=2
turn=20 result=HIT
turn=21 mode=CHASE cluster=0 cluster_len=3 cell=10,16 score=300002.041862 chase_score=10346.041862 prob=2.041862
turn=21 picked cell=10,16 target_cluster=Some(0) active_clusters=1 remaining_cells=100 scans=2
turn=21 result=HIT
turn=22 mode=CHASE cluster=0 cluster_len=4 cell=9,16 score=400002.041862 chase_score=10263.041862 prob=2.041862
turn=22 picked cell=9,16 target_cluster=Some(0) active_clusters=1 remaining_cells=99 scans=2
turn=22 result=KILL
turn=22 kill_infer inferred_len=5 committed_hits=4 cluster_hits=4
turn=23 picked cell=5,9 target_cluster=None active_clusters=0 remaining_cells=98 scans=2
turn=23 result=HIT
turn=24 mode=CHASE cluster=0 cluster_len=1 cell=5,8 score=100003.046963 chase_score=5132.046963 prob=3.046963
turn=24 picked cell=5,8 target_cluster=Some(0) active_clusters=1 remaining_cells=97 scans=2
turn=24 result=HIT
turn=25 mode=CHASE cluster=0 cluster_len=2 cell=5,7 score=200003.018107 chase_score=10424.018107 prob=3.018107
turn=25 picked cell=5,7 target_cluster=Some(0) active_clusters=1 remaining_cells=96 scans=2
turn=25 result=HIT
turn=26 mode=CHASE cluster=0 cluster_len=3 cell=5,6 score=300003.046963 chase_score=10337.046963 prob=3.046963
turn=26 picked cell=5,6 target_cluster=Some(0) active_clusters=1 remaining_cells=95 scans=2
turn=26 result=KILL
turn=26 kill_infer inferred_len=3 committed_hits=2 cluster_hits=3
turn=27 mode=CHASE cluster=0 cluster_len=1 cell=6,9 score=100001.649517 chase_score=5104.149517 prob=1.649517
turn=27 picked cell=6,9 target_cluster=Some(0) active_clusters=1 remaining_cells=94 scans=2
turn=27 result=HIT
turn=28 mode=CHASE cluster=0 cluster_len=2 cell=4,9 score=200003.149324 chase_score=10362.149324 prob=3.149324
turn=28 picked cell=4,9 target_cluster=Some(0) active_clusters=1 remaining_cells=93 scans=2
turn=28 result=HIT
turn=29 mode=CHASE cluster=0 cluster_len=3 cell=7,9 score=300003.149324 chase_score=10319.149324 prob=3.149324
turn=29 picked cell=7,9 target_cluster=Some(0) active_clusters=1 remaining_cells=92 scans=2
turn=29 result=HIT
turn=30 mode=CHASE cluster=0 cluster_len=4 cell=3,9 score=400002.937715 chase_score=10249.937715 prob=2.937715
turn=30 picked cell=3,9 target_cluster=Some(0) active_clusters=1 remaining_cells=91 scans=2
turn=30 result=HIT
turn=31 mode=CHASE cluster=0 cluster_len=5 cell=8,9 score=500001.620170 chase_score=10179.620170 prob=1.620170
turn=31 picked cell=8,9 target_cluster=Some(0) active_clusters=1 remaining_cells=90 scans=2
turn=31 result=HIT
turn=32 mode=CHASE cluster=0 cluster_len=6 cell=2,9 score=600002.694792 chase_score=10107.694792 prob=2.694792
turn=32 picked cell=2,9 target_cluster=Some(0) active_clusters=1 remaining_cells=89 scans=2
turn=32 result=HIT
turn=33 mode=CHASE cluster=0 cluster_len=7 cell=1,9 score=700002.437165 chase_score=10052.437165 prob=2.437165
turn=33 picked cell=1,9 target_cluster=Some(0) active_clusters=1 remaining_cells=88 scans=2
turn=33 result=MISS
turn=34 mode=CHASE cluster=0 cluster_len=7 cell=9,9 score=700001.386889 chase_score=10042.386889 prob=1.386889
turn=34 picked cell=9,9 target_cluster=Some(0) active_clusters=1 remaining_cells=88 scans=2
turn=34 result=HIT
turn=35 mode=CHASE cluster=0 cluster_len=8 cell=10,9 score=800001.153762 chase_score=10010.153762 prob=1.153762
turn=35 picked cell=10,9 target_cluster=Some(0) active_clusters=1 remaining_cells=87 scans=2
turn=35 result=KILL
turn=35 kill_infer inferred_len=9 committed_hits=8 cluster_hits=8
turn=36 picked cell=14,17 target_cluster=None active_clusters=0 remaining_cells=86 scans=2
turn=36 result=MISS
turn=37 picked cell=16,11 target_cluster=None active_clusters=0 remaining_cells=86 scans=2
turn=37 result=MISS
turn=38 picked cell=11,18 target_cluster=None active_clusters=0 remaining_cells=86 scans=2
turn=38 result=HIT
turn=39 mode=CHASE cluster=0 cluster_len=1 cell=10,18 score=100001.986590 chase_score=5111.486590 prob=1.986590
turn=39 picked cell=10,18 target_cluster=Some(0) active_clusters=1 remaining_cells=85 scans=2
turn=39 result=MISS
turn=40 mode=CHASE cluster=0 cluster_len=1 cell=12,18 score=100000.517400 chase_score=5021.267400 prob=0.517400
turn=40 picked cell=12,18 target_cluster=Some(0) active_clusters=1 remaining_cells=85 scans=2
turn=40 result=HIT
turn=41 mode=CHASE cluster=0 cluster_len=2 cell=13,18 score=200000.613831 chase_score=10075.613831 prob=0.613831
turn=41 picked cell=13,18 target_cluster=Some(0) active_clusters=1 remaining_cells=84 scans=2
turn=41 result=HIT
turn=42 mode=CHASE cluster=0 cluster_len=3 cell=14,18 score=300000.607804 chase_score=10069.607804 prob=0.607804
turn=42 picked cell=14,18 target_cluster=Some(0) active_clusters=1 remaining_cells=83 scans=2
turn=42 result=HIT
turn=43 mode=CHASE cluster=0 cluster_len=4 cell=15,18 score=400000.914712 chase_score=10069.914712 prob=0.914712
turn=43 picked cell=15,18 target_cluster=Some(0) active_clusters=1 remaining_cells=82 scans=2
turn=43 result=HIT
turn=44 mode=CHASE cluster=0 cluster_len=5 cell=16,18 score=500000.763848 chase_score=10064.763848 prob=0.763848
turn=44 picked cell=16,18 target_cluster=Some(0) active_clusters=1 remaining_cells=81 scans=2
turn=44 result=HIT
turn=45 mode=CHASE cluster=0 cluster_len=6 cell=17,18 score=600000.802091 chase_score=10046.802091 prob=0.802091
turn=45 picked cell=17,18 target_cluster=Some(0) active_clusters=1 remaining_cells=80 scans=2
turn=45 result=HIT
turn=46 mode=CHASE cluster=0 cluster_len=7 cell=18,18 score=700000.629858 chase_score=10032.629858 prob=0.629858
turn=46 picked cell=18,18 target_cluster=Some(0) active_clusters=1 remaining_cells=79 scans=2
turn=46 result=KILL
turn=46 kill_infer inferred_len=8 committed_hits=7 cluster_hits=7
turn=47 picked cell=7,17 target_cluster=None active_clusters=0 remaining_cells=78 scans=2
turn=47 result=MISS
turn=48 picked cell=5,14 target_cluster=None active_clusters=0 remaining_cells=78 scans=2
turn=48 result=HIT
turn=49 mode=CHASE cluster=0 cluster_len=1 cell=6,14 score=100002.037895 chase_score=5085.537895 prob=2.037895
turn=49 picked cell=6,14 target_cluster=Some(0) active_clusters=1 remaining_cells=77 scans=2
turn=49 result=HIT
turn=50 mode=CHASE cluster=0 cluster_len=2 cell=4,14 score=200002.160551 chase_score=10285.160551 prob=2.160551
turn=50 picked cell=4,14 target_cluster=Some(0) active_clusters=1 remaining_cells=76 scans=2
turn=50 result=MISS
turn=51 mode=CHASE cluster=0 cluster_len=2 cell=7,14 score=200000.710056 chase_score=10043.710056 prob=0.710056
turn=51 picked cell=7,14 target_cluster=Some(0) active_clusters=1 remaining_cells=76 scans=2
turn=51 result=HIT
turn=52 mode=CHASE cluster=0 cluster_len=3 cell=8,14 score=300000.710056 chase_score=10037.710056 prob=0.710056
turn=52 picked cell=8,14 target_cluster=Some(0) active_clusters=1 remaining_cells=75 scans=2
turn=52 result=HIT
turn=53 mode=CHASE cluster=0 cluster_len=4 cell=9,14 score=400000.447177 chase_score=10037.447177 prob=0.447177
turn=53 picked cell=9,14 target_cluster=Some(0) active_clusters=1 remaining_cells=74 scans=2
turn=53 result=HIT
turn=54 mode=CHASE cluster=0 cluster_len=5 cell=10,14 score=500000.411526 chase_score=10032.411526 prob=0.411526
turn=54 picked cell=10,14 target_cluster=Some(0) active_clusters=1 remaining_cells=73 scans=2
turn=54 result=HIT
turn=55 mode=CHASE cluster=0 cluster_len=6 cell=11,14 score=600000.266637 chase_score=10014.266637 prob=0.266637
turn=55 picked cell=11,14 target_cluster=Some(0) active_clusters=1 remaining_cells=72 scans=2
turn=55 result=KILL
turn=55 kill_infer inferred_len=7 committed_hits=6 cluster_hits=6
turn=56 picked cell=15,10 target_cluster=None active_clusters=0 remaining_cells=71 scans=2
turn=56 result=HIT
turn=57 mode=CHASE cluster=0 cluster_len=1 cell=15,9 score=100001.942361 chase_score=5086.942361 prob=1.942361
turn=57 picked cell=15,9 target_cluster=Some(0) active_clusters=1 remaining_cells=70 scans=2
turn=57 result=HIT
turn=58 mode=CHASE cluster=0 cluster_len=2 cell=15,8 score=200001.942361 chase_score=10273.942361 prob=1.942361
turn=58 picked cell=15,8 target_cluster=Some(0) active_clusters=1 remaining_cells=69 scans=2
turn=58 result=HIT
turn=59 mode=CHASE cluster=0 cluster_len=3 cell=15,7 score=300001.942361 chase_score=10213.942361 prob=1.942361
turn=59 picked cell=15,7 target_cluster=Some(0) active_clusters=1 remaining_cells=68 scans=2
turn=59 result=MISS
turn=60 mode=CHASE cluster=0 cluster_len=3 cell=15,11 score=300001.002070 chase_score=10055.002070 prob=1.002070
turn=60 picked cell=15,11 target_cluster=Some(0) active_clusters=1 remaining_cells=68 scans=2
turn=60 result=HIT
turn=61 mode=CHASE cluster=0 cluster_len=4 cell=15,12 score=400001.264694 chase_score=10055.264694 prob=1.264694
turn=61 picked cell=15,12 target_cluster=Some(0) active_clusters=1 remaining_cells=67 scans=2
turn=61 result=HIT
turn=62 mode=CHASE cluster=0 cluster_len=5 cell=15,13 score=500001.264694 chase_score=10050.264694 prob=1.264694
turn=62 picked cell=15,13 target_cluster=Some(0) active_clusters=1 remaining_cells=66 scans=2
turn=62 result=HIT
turn=63 mode=CHASE cluster=0 cluster_len=6 cell=15,14 score=600001.174448 chase_score=10032.174448 prob=1.174448
turn=63 picked cell=15,14 target_cluster=Some(0) active_clusters=1 remaining_cells=65 scans=2
turn=63 result=HIT
turn=64 mode=CHASE cluster=0 cluster_len=7 cell=15,15 score=700001.053419 chase_score=10025.053419 prob=1.053419
turn=64 picked cell=15,15 target_cluster=Some(0) active_clusters=1 remaining_cells=64 scans=2
turn=64 result=KILL
turn=64 kill_infer inferred_len=8 committed_hits=7 cluster_hits=7
turn=65 picked cell=3,15 target_cluster=None active_clusters=0 remaining_cells=63 scans=2
turn=65 result=HIT
turn=66 mode=CHASE cluster=0 cluster_len=1 cell=4,15 score=100001.173019 chase_score=5052.173019 prob=1.173019
turn=66 picked cell=4,15 target_cluster=Some(0) active_clusters=1 remaining_cells=62 scans=2
turn=66 result=MISS
turn=67 mode=CHASE cluster=0 cluster_len=1 cell=3,14 score=100000.822695 chase_score=5042.072695 prob=0.822695
turn=67 picked cell=3,14 target_cluster=Some(0) active_clusters=1 remaining_cells=62 scans=2
turn=67 result=HIT
turn=68 mode=CHASE cluster=0 cluster_len=2 cell=3,13 score=200001.688910 chase_score=10147.688910 prob=1.688910
turn=68 picked cell=3,13 target_cluster=Some(0) active_clusters=1 remaining_cells=61 scans=2
turn=68 result=HIT
turn=69 mode=CHASE cluster=0 cluster_len=3 cell=3,12 score=300001.595247 chase_score=10118.595247 prob=1.595247
turn=69 picked cell=3,12 target_cluster=Some(0) active_clusters=1 remaining_cells=60 scans=2
turn=69 result=HIT
turn=70 mode=CHASE cluster=0 cluster_len=4 cell=3,16 score=400001.404321 chase_score=10095.404321 prob=1.404321
turn=70 picked cell=3,16 target_cluster=Some(0) active_clusters=1 remaining_cells=59 scans=2
turn=70 result=HIT
turn=71 mode=CHASE cluster=0 cluster_len=5 cell=3,11 score=500001.073128 chase_score=10065.073128 prob=1.073128
turn=71 picked cell=3,11 target_cluster=Some(0) active_clusters=1 remaining_cells=58 scans=2
turn=71 result=KILL
turn=71 kill_infer inferred_len=6 committed_hits=5 cluster_hits=5
turn=72 picked cell=17,10 target_cluster=None active_clusters=0 remaining_cells=57 scans=2
turn=72 result=MISS
turn=73 picked cell=18,10 target_cluster=None active_clusters=0 remaining_cells=57 scans=2
turn=73 result=HIT
turn=74 mode=CHASE cluster=0 cluster_len=1 cell=18,9 score=100001.604970 chase_score=5065.104970 prob=1.604970
turn=74 picked cell=18,9 target_cluster=Some(0) active_clusters=1 remaining_cells=56 scans=2
turn=74 result=HIT
turn=75 mode=CHASE cluster=0 cluster_len=2 cell=18,8 score=200001.604970 chase_score=10201.604970 prob=1.604970
turn=75 picked cell=18,8 target_cluster=Some(0) active_clusters=1 remaining_cells=55 scans=2
turn=75 result=MISS
turn=76 mode=CHASE cluster=0 cluster_len=2 cell=18,11 score=200000.714662 chase_score=10046.714662 prob=0.714662
turn=76 picked cell=18,11 target_cluster=Some(0) active_clusters=1 remaining_cells=55 scans=2
turn=76 result=HIT
turn=77 mode=CHASE cluster=0 cluster_len=3 cell=18,12 score=300000.817238 chase_score=10040.817238 prob=0.817238
turn=77 picked cell=18,12 target_cluster=Some(0) active_clusters=1 remaining_cells=54 scans=2
turn=77 result=HIT
turn=78 mode=CHASE cluster=0 cluster_len=4 cell=18,13 score=400000.839293 chase_score=10040.839293 prob=0.839293
turn=78 picked cell=18,13 target_cluster=Some(0) active_clusters=1 remaining_cells=53 scans=2
turn=78 result=HIT
turn=79 mode=CHASE cluster=0 cluster_len=5 cell=18,14 score=500000.817238 chase_score=10035.817238 prob=0.817238
turn=79 picked cell=18,14 target_cluster=Some(0) active_clusters=1 remaining_cells=52 scans=2
turn=79 result=KILL
turn=79 kill_infer inferred_len=6 committed_hits=5 cluster_hits=5
turn=80 picked cell=13,6 target_cluster=None active_clusters=0 remaining_cells=51 scans=2
turn=80 result=MISS
turn=81 picked cell=11,5 target_cluster=None active_clusters=0 remaining_cells=51 scans=2
turn=81 result=HIT
turn=82 mode=CHASE cluster=0 cluster_len=1 cell=10,5 score=100002.278945 chase_score=5058.278945 prob=2.278945
turn=82 picked cell=10,5 target_cluster=Some(0) active_clusters=1 remaining_cells=50 scans=2
turn=82 result=HIT
turn=83 mode=CHASE cluster=0 cluster_len=2 cell=9,5 score=200002.278945 chase_score=10178.278945 prob=2.278945
turn=83 picked cell=9,5 target_cluster=Some(0) active_clusters=1 remaining_cells=49 scans=2
turn=83 result=MISS
turn=84 mode=CHASE cluster=0 cluster_len=2 cell=12,5 score=200000.976173 chase_score=10040.976173 prob=0.976173
turn=84 picked cell=12,5 target_cluster=Some(0) active_clusters=1 remaining_cells=49 scans=2
turn=84 result=HIT
turn=85 mode=CHASE cluster=0 cluster_len=3 cell=13,5 score=300000.873913 chase_score=10034.873913 prob=0.873913
turn=85 picked cell=13,5 target_cluster=Some(0) active_clusters=1 remaining_cells=48 scans=2
turn=85 result=HIT
turn=86 mode=CHASE cluster=0 cluster_len=4 cell=14,5 score=400002.186974 chase_score=10036.186974 prob=2.186974
turn=86 picked cell=14,5 target_cluster=Some(0) active_clusters=1 remaining_cells=47 scans=2
turn=86 result=HIT
turn=87 mode=CHASE cluster=0 cluster_len=5 cell=15,5 score=500001.034660 chase_score=10030.034660 prob=1.034660
turn=87 picked cell=15,5 target_cluster=Some(0) active_clusters=1 remaining_cells=46 scans=2
turn=87 result=HIT
turn=88 mode=CHASE cluster=0 cluster_len=6 cell=16,5 score=600001.834741 chase_score=10024.834741 prob=1.834741
turn=88 picked cell=16,5 target_cluster=Some(0) active_clusters=1 remaining_cells=45 scans=2
turn=88 result=HIT
turn=89 mode=CHASE cluster=0 cluster_len=7 cell=17,5 score=700001.517586 chase_score=10017.517586 prob=1.517586
turn=89 picked cell=17,5 target_cluster=Some(0) active_clusters=1 remaining_cells=44 scans=2
turn=89 result=KILL
turn=89 kill_infer inferred_len=8 committed_hits=7 cluster_hits=7
turn=90 picked cell=0,10 target_cluster=None active_clusters=0 remaining_cells=43 scans=2
turn=90 result=MISS
turn=91 picked cell=2,18 target_cluster=None active_clusters=0 remaining_cells=43 scans=2
turn=91 result=MISS
turn=92 picked cell=1,14 target_cluster=None active_clusters=0 remaining_cells=43 scans=2
turn=92 result=HIT
turn=93 mode=CHASE cluster=0 cluster_len=1 cell=1,15 score=100000.880855 chase_score=5026.130855 prob=0.880855
turn=93 picked cell=1,15 target_cluster=Some(0) active_clusters=1 remaining_cells=42 scans=2
turn=93 result=HIT
turn=94 mode=CHASE cluster=0 cluster_len=2 cell=1,13 score=200000.880855 chase_score=10082.880855 prob=0.880855
turn=94 picked cell=1,13 target_cluster=Some(0) active_clusters=1 remaining_cells=41 scans=2
turn=94 result=HIT
turn=95 mode=CHASE cluster=0 cluster_len=3 cell=1,12 score=300000.810304 chase_score=10065.810304 prob=0.810304
turn=95 picked cell=1,12 target_cluster=Some(0) active_clusters=1 remaining_cells=40 scans=2
turn=95 result=HIT
turn=96 mode=CHASE cluster=0 cluster_len=4 cell=1,16 score=400000.810304 chase_score=10054.810304 prob=0.810304
turn=96 picked cell=1,16 target_cluster=Some(0) active_clusters=1 remaining_cells=39 scans=2
turn=96 result=HIT
turn=97 mode=CHASE cluster=0 cluster_len=5 cell=1,17 score=500000.880855 chase_score=10036.880855 prob=0.880855
turn=97 picked cell=1,17 target_cluster=Some(0) active_clusters=1 remaining_cells=38 scans=2
turn=97 result=MISS
turn=98 mode=CHASE cluster=0 cluster_len=5 cell=1,11 score=500000.468657 chase_score=10013.468657 prob=0.468657
turn=98 picked cell=1,11 target_cluster=Some(0) active_clusters=1 remaining_cells=38 scans=2
turn=98 result=KILL
turn=98 kill_infer inferred_len=6 committed_hits=5 cluster_hits=5
turn=99 picked cell=7,13 target_cluster=None active_clusters=0 remaining_cells=37 scans=2
turn=99 result=HIT
turn=100 mode=CHASE cluster=0 cluster_len=1 cell=8,13 score=100000.545357 chase_score=5016.045357 prob=0.545357
turn=100 picked cell=8,13 target_cluster=Some(0) active_clusters=1 remaining_cells=36 scans=2
turn=100 result=HIT
turn=101 mode=CHASE cluster=0 cluster_len=2 cell=6,13 score=200000.545476 chase_score=10043.545476 prob=0.545476
turn=101 picked cell=6,13 target_cluster=Some(0) active_clusters=1 remaining_cells=35 scans=2
turn=101 result=HIT
turn=102 mode=CHASE cluster=0 cluster_len=3 cell=9,13 score=300000.514464 chase_score=10032.514464 prob=0.514464
turn=102 picked cell=9,13 target_cluster=Some(0) active_clusters=1 remaining_cells=34 scans=2
turn=102 result=HIT
turn=103 mode=CHASE cluster=0 cluster_len=4 cell=5,13 score=400000.483572 chase_score=10027.483572 prob=0.483572
turn=103 picked cell=5,13 target_cluster=Some(0) active_clusters=1 remaining_cells=33 scans=2
turn=103 result=MISS
turn=104 mode=CHASE cluster=0 cluster_len=4 cell=10,13 score=400000.270100 chase_score=10005.270100 prob=0.270100
turn=104 picked cell=10,13 target_cluster=Some(0) active_clusters=1 remaining_cells=33 scans=2
turn=104 result=HIT
turn=105 mode=CHASE cluster=0 cluster_len=5 cell=11,13 score=500000.129293 chase_score=10000.129293 prob=0.129293
turn=105 picked cell=11,13 target_cluster=Some(0) active_clusters=1 remaining_cells=32 scans=2
turn=105 result=KILL
turn=105 kill_infer inferred_len=5 committed_hits=4 cluster_hits=5
turn=106 mode=CHASE cluster=0 cluster_len=1 cell=6,12 score=100000.384500 chase_score=5003.884500 prob=0.384500
turn=106 picked cell=6,12 target_cluster=Some(0) active_clusters=1 remaining_cells=31 scans=2
turn=106 result=HIT
turn=107 mode=CHASE cluster=0 cluster_len=2 cell=6,11 score=200000.251800 chase_score=10006.251800 prob=0.251800
turn=107 picked cell=6,11 target_cluster=Some(0) active_clusters=1 remaining_cells=30 scans=2
turn=107 result=MISS
turn=108 mode=CHASE cluster=0 cluster_len=2 cell=7,12 score=200000.344133 chase_score=5000.344133 prob=0.344133
turn=108 picked cell=7,12 target_cluster=Some(0) active_clusters=1 remaining_cells=30 scans=2
turn=108 result=HIT
turn=109 mode=CHASE cluster=0 cluster_len=3 cell=5,12 score=300000.311033 chase_score=5000.311033 prob=0.311033
turn=109 picked cell=5,12 target_cluster=Some(0) active_clusters=1 remaining_cells=29 scans=2
turn=109 result=HIT
turn=110 mode=CHASE cluster=0 cluster_len=4 cell=4,12 score=400000.311033 chase_score=5000.311033 prob=0.311033
turn=110 picked cell=4,12 target_cluster=Some(0) active_clusters=1 remaining_cells=28 scans=2
turn=110 result=HIT
turn=111 mode=CHASE cluster=0 cluster_len=5 cell=8,12 score=500000.269682 chase_score=5000.269682 prob=0.269682
turn=111 picked cell=8,12 target_cluster=Some(0) active_clusters=1 remaining_cells=27 scans=2
turn=111 result=HIT
turn=112 mode=CHASE cluster=0 cluster_len=6 cell=9,12 score=600000.236581 chase_score=5000.236581 prob=0.236581
turn=112 picked cell=9,12 target_cluster=Some(0) active_clusters=1 remaining_cells=26 scans=2
turn=112 result=HIT
turn=113 mode=CHASE cluster=0 cluster_len=7 cell=4,11 score=700000.219429 chase_score=5000.219429 prob=0.219429
turn=113 picked cell=4,11 target_cluster=Some(0) active_clusters=1 remaining_cells=25 scans=2
turn=113 result=HIT
turn=114 mode=CHASE cluster=0 cluster_len=8 cell=4,10 score=800000.252529 chase_score=5000.252529 prob=0.252529
turn=114 picked cell=4,10 target_cluster=Some(0) active_clusters=1 remaining_cells=24 scans=2
turn=114 result=MISS
turn=115 mode=CHASE cluster=0 cluster_len=8 cell=5,11 score=800000.186829 chase_score=5000.186829 prob=0.186829
turn=115 picked cell=5,11 target_cluster=Some(0) active_clusters=1 remaining_cells=24 scans=2
turn=115 result=KILL
turn=115 kill_infer inferred_len=2 committed_hits=0 cluster_hits=8
turn=116 mode=CHASE cluster=0 cluster_len=8 cell=10,12 score=800000.154658 chase_score=5000.154658 prob=0.154658
turn=116 picked cell=10,12 target_cluster=Some(0) active_clusters=1 remaining_cells=23 scans=2
turn=116 result=KILL
turn=116 kill_infer inferred_len=7 committed_hits=6 cluster_hits=8
turn=117 picked cell=11,2 target_cluster=None active_clusters=2 remaining_cells=22 scans=2
turn=117 result=HIT
turn=118 mode=CHASE cluster=2 cluster_len=1 cell=10,2 score=100000.954659 chase_score=5019.454659 prob=0.954659
turn=118 picked cell=10,2 target_cluster=Some(2) active_clusters=3 remaining_cells=21 scans=2
turn=118 result=KILL
turn=118 kill_infer inferred_len=2 committed_hits=1 cluster_hits=1
turn=119 picked cell=8,4 target_cluster=None active_clusters=2 remaining_cells=20 scans=2
turn=119 result=MISS
turn=120 picked cell=7,3 target_cluster=None active_clusters=2 remaining_cells=20 scans=2
turn=120 result=MISS
turn=121 picked cell=9,1 target_cluster=None active_clusters=2 remaining_cells=20 scans=2
turn=121 result=MISS
turn=122 picked cell=11,0 target_cluster=None active_clusters=2 remaining_cells=20 scans=2
turn=122 result=HIT
turn=123 mode=CHASE cluster=2 cluster_len=1 cell=10,0 score=100001.339257 chase_score=5019.339257 prob=1.339257
turn=123 picked cell=10,0 target_cluster=Some(2) active_clusters=3 remaining_cells=19 scans=2
turn=123 result=HIT
turn=124 mode=CHASE cluster=2 cluster_len=2 cell=9,0 score=200001.307434 chase_score=10055.307434 prob=1.307434
turn=124 picked cell=9,0 target_cluster=Some(2) active_clusters=3 remaining_cells=18 scans=2
turn=124 result=HIT
turn=125 mode=CHASE cluster=2 cluster_len=3 cell=8,0 score=300001.389699 chase_score=10041.389699 prob=1.389699
turn=125 picked cell=8,0 target_cluster=Some(2) active_clusters=3 remaining_cells=17 scans=2
turn=125 result=HIT
turn=126 mode=CHASE cluster=2 cluster_len=4 cell=7,0 score=400001.389699 chase_score=10033.389699 prob=1.389699
turn=126 picked cell=7,0 target_cluster=Some(2) active_clusters=3 remaining_cells=16 scans=2
turn=126 result=HIT
turn=127 mode=CHASE cluster=2 cluster_len=5 cell=6,0 score=500001.389699 chase_score=10025.389699 prob=1.389699
turn=127 picked cell=6,0 target_cluster=Some(2) active_clusters=3 remaining_cells=15 scans=2
turn=127 result=HIT
turn=128 mode=CHASE cluster=2 cluster_len=6 cell=12,0 score=600001.258827 chase_score=10017.258827 prob=1.258827
turn=128 picked cell=12,0 target_cluster=Some(2) active_clusters=3 remaining_cells=14 scans=2
turn=128 result=HIT
turn=129 mode=CHASE cluster=2 cluster_len=7 cell=5,0 score=700001.127954 chase_score=10009.127954 prob=1.127954
turn=129 picked cell=5,0 target_cluster=Some(2) active_clusters=3 remaining_cells=13 scans=2
turn=129 result=MISS
turn=130 mode=CHASE cluster=2 cluster_len=7 cell=13,0 score=700001.154029 chase_score=10009.154029 prob=1.154029
turn=130 picked cell=13,0 target_cluster=Some(2) active_clusters=3 remaining_cells=13 scans=2
turn=130 result=KILL
turn=130 kill_infer inferred_len=8 committed_hits=7 cluster_hits=7
turn=131 picked cell=9,10 target_cluster=None active_clusters=2 remaining_cells=12 scans=2
turn=131 result=MISS
turn=132 picked cell=6,16 target_cluster=None active_clusters=2 remaining_cells=12 scans=2
turn=132 result=MISS
turn=133 picked cell=16,16 target_cluster=None active_clusters=2 remaining_cells=12 scans=2
turn=133 result=HIT
turn=134 mode=CHASE cluster=2 cluster_len=1 cell=17,16 score=100000.161870 chase_score=5004.161870 prob=0.161870
turn=134 picked cell=17,16 target_cluster=Some(2) active_clusters=3 remaining_cells=11 scans=2
turn=134 result=HIT
turn=135 mode=CHASE cluster=2 cluster_len=2 cell=15,16 score=200000.102703 chase_score=10006.102703 prob=0.102703
turn=135 picked cell=15,16 target_cluster=Some(2) active_clusters=3 remaining_cells=10 scans=2
turn=135 result=HIT
turn=136 mode=CHASE cluster=2 cluster_len=3 cell=18,16 score=300000.102703 chase_score=10000.102703 prob=0.102703
turn=136 picked cell=18,16 target_cluster=Some(2) active_clusters=3 remaining_cells=9 scans=2
turn=136 result=MISS
turn=137 mode=CHASE cluster=2 cluster_len=3 cell=14,16 score=300000.090249 chase_score=10000.090249 prob=0.090249
turn=137 picked cell=14,16 target_cluster=Some(2) active_clusters=3 remaining_cells=9 scans=2
turn=137 result=KILL
turn=137 kill_infer inferred_len=3 committed_hits=2 cluster_hits=3
turn=138 mode=CHASE cluster=2 cluster_len=1 cell=17,15 score=100000.115291 chase_score=5002.615291 prob=0.115291
turn=138 picked cell=17,15 target_cluster=Some(2) active_clusters=3 remaining_cells=8 scans=2
turn=138 result=MISS
turn=139 mode=CHASE cluster=2 cluster_len=1 cell=17,17 score=100000.080280 chase_score=5001.080280 prob=0.080280
turn=139 picked cell=17,17 target_cluster=Some(2) active_clusters=3 remaining_cells=8 scans=2
turn=139 result=MISS
turn=140 picked cell=5,17 target_cluster=None active_clusters=3 remaining_cells=8 scans=2
turn=140 result=MISS
turn=141 picked cell=8,15 target_cluster=None active_clusters=3 remaining_cells=8 scans=2
turn=141 result=MISS
turn=142 picked cell=6,5 target_cluster=None active_clusters=3 remaining_cells=8 scans=2
turn=142 result=MISS
turn=143 picked cell=6,18 target_cluster=None active_clusters=3 remaining_cells=8 scans=2
turn=143 result=MISS
turn=144 picked cell=3,5 target_cluster=None active_clusters=3 remaining_cells=8 scans=2
turn=144 result=MISS
turn=145 picked cell=2,6 target_cluster=None active_clusters=3 remaining_cells=8 scans=2
turn=145 result=MISS
turn=146 picked cell=4,2 target_cluster=None active_clusters=3 remaining_cells=8 scans=2
turn=146 result=MISS
turn=147 picked cell=2,3 target_cluster=None active_clusters=3 remaining_cells=8 scans=2
turn=147 result=MISS
turn=148 picked cell=7,6 target_cluster=None active_clusters=3 remaining_cells=8 scans=2
turn=148 result=MISS
turn=149 picked cell=5,4 target_cluster=None active_clusters=3 remaining_cells=8 scans=2
turn=149 result=MISS
turn=150 picked cell=1,2 target_cluster=None active_clusters=3 remaining_cells=8 scans=2
turn=150 result=MISS
turn=151 picked cell=3,1 target_cluster=None active_clusters=3 remaining_cells=8 scans=2
turn=151 result=MISS
turn=152 picked cell=8,7 target_cluster=None active_clusters=3 remaining_cells=8 scans=2
turn=152 result=MISS
turn=153 picked cell=2,10 target_cluster=None active_clusters=3 remaining_cells=8 scans=2
turn=153 result=MISS
turn=154 picked cell=2,13 target_cluster=None active_clusters=3 remaining_cells=8 scans=2
turn=154 result=MISS
turn=155 picked cell=4,17 target_cluster=None active_clusters=3 remaining_cells=8 scans=2
turn=155 result=HIT
turn=156 mode=CHASE cluster=3 cluster_len=1 cell=4,18 score=100000.104874 chase_score=5001.854874 prob=0.104874
turn=156 picked cell=4,18 target_cluster=Some(3) active_clusters=4 remaining_cells=7 scans=2
turn=156 result=MISS
turn=157 mode=CHASE cluster=3 cluster_len=1 cell=3,17 score=100000.089527 chase_score=5001.839527 prob=0.089527
turn=157 picked cell=3,17 target_cluster=Some(3) active_clusters=4 remaining_cells=7 scans=2
turn=157 result=MISS
turn=158 mode=CHASE cluster=3 cluster_len=1 cell=4,16 score=100000.056246 chase_score=5001.056246 prob=0.056246
turn=158 picked cell=4,16 target_cluster=Some(3) active_clusters=4 remaining_cells=7 scans=2
turn=158 result=KILL
turn=158 kill_infer inferred_len=2 committed_hits=1 cluster_hits=1
turn=159 picked cell=6,2 target_cluster=None active_clusters=3 remaining_cells=6 scans=2
turn=159 result=MISS
turn=160 picked cell=1,5 target_cluster=None active_clusters=3 remaining_cells=6 scans=2
turn=160 result=MISS
turn=161 picked cell=0,7 target_cluster=None active_clusters=3 remaining_cells=6 scans=2
turn=161 result=MISS
turn=162 picked cell=0,4 target_cluster=None active_clusters=3 remaining_cells=6 scans=2
turn=162 result=MISS
turn=163 picked cell=2,0 target_cluster=None active_clusters=3 remaining_cells=6 scans=2
turn=163 result=MISS
turn=164 picked cell=3,7 target_cluster=None active_clusters=3 remaining_cells=6 scans=2
turn=164 result=MISS
turn=165 picked cell=4,6 target_cluster=None active_clusters=3 remaining_cells=6 scans=2
turn=165 result=MISS
turn=166 picked cell=2,8 target_cluster=None active_clusters=3 remaining_cells=6 scans=2
turn=166 result=MISS
turn=167 picked cell=5,3 target_cluster=None active_clusters=3 remaining_cells=6 scans=2
turn=167 result=MISS
turn=168 picked cell=3,4 target_cluster=None active_clusters=3 remaining_cells=6 scans=2
turn=168 result=MISS
turn=169 picked cell=0,1 target_cluster=None active_clusters=3 remaining_cells=6 scans=2
turn=169 result=MISS
turn=170 picked cell=6,1 target_cluster=None active_clusters=3 remaining_cells=6 scans=2
turn=170 result=MISS
turn=171 picked cell=8,2 target_cluster=None active_clusters=3 remaining_cells=6 scans=2
turn=171 result=MISS
turn=172 picked cell=8,8 target_cluster=None active_clusters=3 remaining_cells=6 scans=2
turn=172 result=HIT
turn=173 mode=CHASE cluster=3 cluster_len=1 cell=9,8 score=100000.152767 chase_score=5002.152767 prob=0.152767
turn=173 picked cell=9,8 target_cluster=Some(3) active_clusters=4 remaining_cells=5 scans=2
turn=173 result=KILL
turn=173 kill_infer inferred_len=2 committed_hits=1 cluster_hits=1
turn=174 picked cell=0,14 target_cluster=None active_clusters=3 remaining_cells=4 scans=2
turn=174 result=MISS
turn=175 picked cell=2,15 target_cluster=None active_clusters=3 remaining_cells=4 scans=2
turn=175 result=MISS
turn=176 picked cell=0,16 target_cluster=None active_clusters=3 remaining_cells=4 scans=2
turn=176 result=MISS
turn=177 picked cell=8,18 target_cluster=None active_clusters=3 remaining_cells=4 scans=2
turn=177 result=MISS
turn=178 picked cell=6,15 target_cluster=None active_clusters=3 remaining_cells=4 scans=2
turn=178 result=MISS
turn=179 picked cell=0,12 target_cluster=None active_clusters=3 remaining_cells=4 scans=2
turn=179 result=MISS
turn=180 picked cell=8,17 target_cluster=None active_clusters=3 remaining_cells=4 scans=2
turn=180 result=MISS
turn=181 picked cell=6,7 target_cluster=None active_clusters=3 remaining_cells=4 scans=2
turn=181 result=MISS
turn=182 picked cell=14,2 target_cluster=None active_clusters=3 remaining_cells=4 scans=2
turn=182 result=MISS
turn=183 picked cell=1,8 target_cluster=None active_clusters=3 remaining_cells=4 scans=2
turn=183 result=MISS
turn=184 picked cell=4,5 target_cluster=None active_clusters=3 remaining_cells=4 scans=2
turn=184 result=MISS
turn=185 picked cell=13,10 target_cluster=None active_clusters=3 remaining_cells=4 scans=2
turn=185 result=MISS
turn=186 picked cell=14,11 target_cluster=None active_clusters=3 remaining_cells=4 scans=2
turn=186 result=MISS
turn=187 picked cell=13,13 target_cluster=None active_clusters=3 remaining_cells=4 scans=2
turn=187 result=MISS
turn=188 picked cell=11,17 target_cluster=None active_clusters=3 remaining_cells=4 scans=2
turn=188 result=MISS
turn=189 picked cell=12,3 target_cluster=None active_clusters=3 remaining_cells=4 scans=2
turn=189 result=MISS
turn=190 picked cell=15,3 target_cluster=None active_clusters=3 remaining_cells=4 scans=2
turn=190 result=MISS
turn=191 picked cell=17,2 target_cluster=None active_clusters=3 remaining_cells=4 scans=2
turn=191 result=MISS
turn=192 picked cell=16,1 target_cluster=None active_clusters=3 remaining_cells=4 scans=2
turn=192 result=MISS
turn=193 picked cell=10,6 target_cluster=None active_clusters=3 remaining_cells=4 scans=2
turn=193 result=MISS
turn=194 picked cell=8,3 target_cluster=None active_clusters=3 remaining_cells=4 scans=2
turn=194 result=MISS
turn=195 picked cell=13,4 target_cluster=None active_clusters=3 remaining_cells=4 scans=2
turn=195 result=MISS
turn=196 picked cell=16,6 target_cluster=None active_clusters=3 remaining_cells=4 scans=2
turn=196 result=MISS
turn=197 picked cell=16,4 target_cluster=None active_clusters=3 remaining_cells=4 scans=2
turn=197 result=MISS
turn=198 picked cell=13,1 target_cluster=None active_clusters=3 remaining_cells=4 scans=2
turn=198 result=MISS
turn=199 picked cell=18,3 target_cluster=None active_clusters=3 remaining_cells=4 scans=2
turn=199 result=MISS
turn=200 picked cell=14,13 target_cluster=None active_clusters=3 remaining_cells=4 scans=2
turn=200 result=MISS
turn=201 picked cell=17,12 target_cluster=None active_clusters=3 remaining_cells=4 scans=2
turn=201 result=MISS
turn=202 picked cell=16,14 target_cluster=None active_clusters=3 remaining_cells=4 scans=2
turn=202 result=MISS
turn=203 picked cell=11,8 target_cluster=None active_clusters=3 remaining_cells=4 scans=2
turn=203 result=MISS
turn=204 picked cell=14,8 target_cluster=None active_clusters=3 remaining_cells=4 scans=2
turn=204 result=MISS
turn=205 picked cell=16,9 target_cluster=None active_clusters=3 remaining_cells=4 scans=2
turn=205 result=MISS
turn=206 picked cell=17,7 target_cluster=None active_clusters=3 remaining_cells=4 scans=2
turn=206 result=MISS
turn=207 picked cell=15,0 target_cluster=None active_clusters=3 remaining_cells=4 scans=2
turn=207 result=MISS
turn=208 picked cell=7,10 target_cluster=None active_clusters=3 remaining_cells=4 scans=2
turn=208 result=MISS
turn=209 picked cell=8,10 target_cluster=None active_clusters=3 remaining_cells=4 scans=2
turn=209 result=MISS
turn=210 picked cell=7,11 target_cluster=None active_clusters=3 remaining_cells=4 scans=2
turn=210 result=MISS
turn=211 picked cell=5,10 target_cluster=None active_clusters=3 remaining_cells=4 scans=2
turn=211 result=MISS
turn=212 picked cell=7,16 target_cluster=None active_clusters=3 remaining_cells=4 scans=2
turn=212 result=MISS
turn=213 picked cell=7,15 target_cluster=None active_clusters=3 remaining_cells=4 scans=2
turn=213 result=MISS
turn=214 picked cell=3,10 target_cluster=None active_clusters=3 remaining_cells=4 scans=2
turn=214 result=MISS
turn=215 picked cell=2,11 target_cluster=None active_clusters=3 remaining_cells=4 scans=2
turn=215 result=MISS
turn=216 picked cell=1,10 target_cluster=None active_clusters=3 remaining_cells=4 scans=2
turn=216 result=MISS
turn=217 picked cell=8,16 target_cluster=None active_clusters=3 remaining_cells=4 scans=2
turn=217 result=MISS
turn=218 picked cell=0,9 target_cluster=None active_clusters=3 remaining_cells=4 scans=2
turn=218 result=MISS
turn=219 picked cell=5,15 target_cluster=None active_clusters=3 remaining_cells=4 scans=2
turn=219 result=MISS
turn=220 picked cell=4,13 target_cluster=None active_clusters=3 remaining_cells=4 scans=2
turn=220 result=MISS
turn=221 picked cell=5,16 target_cluster=None active_clusters=3 remaining_cells=4 scans=2
turn=221 result=MISS
turn=222 picked cell=7,18 target_cluster=None active_clusters=3 remaining_cells=4 scans=2
turn=222 result=MISS
turn=223 picked cell=0,11 target_cluster=None active_clusters=3 remaining_cells=4 scans=2
turn=223 result=MISS
turn=224 picked cell=2,12 target_cluster=None active_clusters=3 remaining_cells=4 scans=2
turn=224 result=MISS
turn=225 picked cell=6,17 target_cluster=None active_clusters=3 remaining_cells=4 scans=2
turn=225 result=MISS
turn=226 picked cell=5,18 target_cluster=None active_clusters=3 remaining_cells=4 scans=2
turn=226 result=MISS
turn=227 picked cell=2,14 target_cluster=None active_clusters=3 remaining_cells=4 scans=2
turn=227 result=MISS
turn=228 picked cell=0,13 target_cluster=None active_clusters=3 remaining_cells=4 scans=2
turn=228 result=MISS
turn=229 picked cell=0,15 target_cluster=None active_clusters=3 remaining_cells=4 scans=2
turn=229 result=MISS
turn=230 picked cell=3,18 target_cluster=None active_clusters=3 remaining_cells=4 scans=2
turn=230 result=MISS
turn=231 picked cell=2,16 target_cluster=None active_clusters=3 remaining_cells=4 scans=2
turn=231 result=KILL
turn=232 picked cell=9,4 target_cluster=None active_clusters=3 remaining_cells=3 scans=2
turn=232 result=MISS
turn=233 picked cell=18,5 target_cluster=None active_clusters=3 remaining_cells=3 scans=2
turn=233 result=MISS
turn=234 picked cell=18,0 target_cluster=None active_clusters=3 remaining_cells=3 scans=2
turn=234 result=MISS
turn=235 picked cell=10,15 target_cluster=None active_clusters=3 remaining_cells=3 scans=2
turn=235 result=MISS
turn=236 picked cell=13,9 target_cluster=None active_clusters=3 remaining_cells=3 scans=2
turn=236 result=MISS
turn=237 picked cell=2,17 target_cluster=None active_clusters=3 remaining_cells=3 scans=2
turn=237 result=MISS
turn=238 picked cell=1,18 target_cluster=None active_clusters=3 remaining_cells=3 scans=2
turn=238 result=MISS
turn=239 picked cell=0,17 target_cluster=None active_clusters=3 remaining_cells=3 scans=2
turn=239 result=MISS
turn=240 picked cell=0,18 target_cluster=None active_clusters=3 remaining_cells=3 scans=2
turn=240 result=MISS
turn=241 picked cell=11,7 target_cluster=None active_clusters=3 remaining_cells=3 scans=2
turn=241 result=MISS
turn=242 picked cell=11,4 target_cluster=None active_clusters=3 remaining_cells=3 scans=2
turn=242 result=MISS
turn=243 picked cell=9,3 target_cluster=None active_clusters=3 remaining_cells=3 scans=2
turn=243 result=MISS
turn=244 picked cell=11,1 target_cluster=None active_clusters=3 remaining_cells=3 scans=2
turn=244 result=MISS
turn=245 picked cell=7,8 target_cluster=None active_clusters=3 remaining_cells=3 scans=2
turn=245 result=MISS
turn=246 picked cell=8,6 target_cluster=None active_clusters=3 remaining_cells=3 scans=2
turn=246 result=MISS
turn=247 picked cell=6,8 target_cluster=None active_clusters=3 remaining_cells=3 scans=2
turn=247 result=MISS
turn=248 picked cell=7,7 target_cluster=None active_clusters=3 remaining_cells=3 scans=2
turn=248 result=MISS
turn=249 picked cell=8,5 target_cluster=None active_clusters=3 remaining_cells=3 scans=2
turn=249 result=MISS
turn=250 picked cell=6,6 target_cluster=None active_clusters=3 remaining_cells=3 scans=2
turn=250 result=KILL
turn=251 picked cell=11,9 target_cluster=None active_clusters=3 remaining_cells=2 scans=2
turn=251 result=MISS
turn=252 picked cell=10,10 target_cluster=None active_clusters=3 remaining_cells=2 scans=2
turn=252 result=KILL
turn=253 picked cell=10,8 target_cluster=None active_clusters=3 remaining_cells=1 scans=2
turn=253 result=MISS
turn=254 picked cell=9,7 target_cluster=None active_clusters=3 remaining_cells=1 scans=2
turn=254 result=MISS
turn=255 picked cell=9,6 target_cluster=None active_clusters=3 remaining_cells=1 scans=2
turn=255 result=MISS
turn=256 picked cell=10,7 target_cluster=None active_clusters=3 remaining_cells=1 scans=2
turn=256 result=MISS
turn=257 picked cell=11,10 target_cluster=None active_clusters=3 remaining_cells=1 scans=2
turn=257 result=MISS
turn=258 picked cell=9,15 target_cluster=None active_clusters=3 remaining_cells=1 scans=2
turn=258 result=MISS
turn=259 picked cell=13,8 target_cluster=None active_clusters=3 remaining_cells=1 scans=2
turn=259 result=MISS
turn=260 picked cell=10,4 target_cluster=None active_clusters=3 remaining_cells=1 scans=2
turn=260 result=MISS
turn=261 picked cell=7,5 target_cluster=None active_clusters=3 remaining_cells=1 scans=2
turn=261 result=MISS
turn=262 picked cell=11,6 target_cluster=None active_clusters=3 remaining_cells=1 scans=2
turn=262 result=MISS
turn=263 picked cell=14,10 target_cluster=None active_clusters=3 remaining_cells=1 scans=2
turn=263 result=MISS
turn=264 picked cell=13,7 target_cluster=None active_clusters=3 remaining_cells=1 scans=2
turn=264 result=MISS
turn=265 picked cell=13,11 target_cluster=None active_clusters=3 remaining_cells=1 scans=2
turn=265 result=MISS
turn=266 picked cell=14,9 target_cluster=None active_clusters=3 remaining_cells=1 scans=2
turn=266 result=MISS
turn=267 picked cell=10,3 target_cluster=None active_clusters=3 remaining_cells=1 scans=2
turn=267 result=MISS
turn=268 picked cell=12,6 target_cluster=None active_clusters=3 remaining_cells=1 scans=2
turn=268 result=MISS
turn=269 picked cell=14,7 target_cluster=None active_clusters=3 remaining_cells=1 scans=2
turn=269 result=MISS
turn=270 picked cell=3,8 target_cluster=None active_clusters=3 remaining_cells=1 scans=2
turn=270 result=MISS
turn=271 picked cell=4,7 target_cluster=None active_clusters=3 remaining_cells=1 scans=2
turn=271 result=MISS
turn=272 picked cell=13,12 target_cluster=None active_clusters=3 remaining_cells=1 scans=2
turn=272 result=MISS
turn=273 picked cell=4,8 target_cluster=None active_clusters=3 remaining_cells=1 scans=2
turn=273 result=MISS
turn=274 picked cell=9,2 target_cluster=None active_clusters=3 remaining_cells=1 scans=2
turn=274 result=MISS
turn=275 picked cell=7,4 target_cluster=None active_clusters=3 remaining_cells=1 scans=2
turn=275 result=MISS
turn=276 picked cell=14,6 target_cluster=None active_clusters=3 remaining_cells=1 scans=2
turn=276 result=MISS
turn=277 picked cell=16,8 target_cluster=None active_clusters=3 remaining_cells=1 scans=2
turn=277 result=MISS
turn=278 picked cell=16,10 target_cluster=None active_clusters=3 remaining_cells=1 scans=2
turn=278 result=MISS
turn=279 picked cell=5,5 target_cluster=None active_clusters=3 remaining_cells=1 scans=2
turn=279 result=MISS
turn=280 picked cell=12,4 target_cluster=None active_clusters=3 remaining_cells=1 scans=2
turn=280 result=MISS
turn=281 picked cell=11,3 target_cluster=None active_clusters=3 remaining_cells=1 scans=2
turn=281 result=MISS
turn=282 picked cell=6,3 target_cluster=None active_clusters=3 remaining_cells=1 scans=2
turn=282 result=MISS
turn=283 picked cell=9,17 target_cluster=None active_clusters=3 remaining_cells=1 scans=2
turn=283 result=MISS
turn=284 picked cell=10,17 target_cluster=None active_clusters=3 remaining_cells=1 scans=2
turn=284 result=MISS
turn=285 picked cell=6,4 target_cluster=None active_clusters=3 remaining_cells=1 scans=2
turn=285 result=MISS
turn=286 picked cell=14,12 target_cluster=None active_clusters=3 remaining_cells=1 scans=2
turn=286 result=MISS
turn=287 picked cell=7,2 target_cluster=None active_clusters=3 remaining_cells=1 scans=2
turn=287 result=MISS
turn=288 picked cell=17,9 target_cluster=None active_clusters=3 remaining_cells=1 scans=2
turn=288 result=MISS
turn=289 picked cell=17,8 target_cluster=None active_clusters=3 remaining_cells=1 scans=2
turn=289 result=MISS
turn=290 picked cell=9,18 target_cluster=None active_clusters=3 remaining_cells=1 scans=2
turn=290 result=MISS
turn=291 picked cell=13,14 target_cluster=None active_clusters=3 remaining_cells=1 scans=2
turn=291 result=MISS
turn=292 picked cell=3,6 target_cluster=None active_clusters=3 remaining_cells=1 scans=2
turn=292 result=MISS
turn=293 picked cell=11,15 target_cluster=None active_clusters=3 remaining_cells=1 scans=2
turn=293 result=MISS
turn=294 picked cell=8,1 target_cluster=None active_clusters=3 remaining_cells=1 scans=2
turn=294 result=MISS
turn=295 picked cell=10,1 target_cluster=None active_clusters=3 remaining_cells=1 scans=2
turn=295 result=MISS
turn=296 picked cell=12,2 target_cluster=None active_clusters=3 remaining_cells=1 scans=2
turn=296 result=MISS
turn=297 picked cell=15,6 target_cluster=None active_clusters=3 remaining_cells=1 scans=2
turn=297 result=MISS
turn=298 picked cell=16,7 target_cluster=None active_clusters=3 remaining_cells=1 scans=2
turn=298 result=MISS
turn=299 picked cell=2,7 target_cluster=None active_clusters=3 remaining_cells=1 scans=2
turn=299 result=MISS
turn=300 picked cell=17,11 target_cluster=None active_clusters=3 remaining_cells=1 scans=2
turn=300 result=MISS
turn=301 picked cell=16,12 target_cluster=None active_clusters=3 remaining_cells=1 scans=2
turn=301 result=MISS
turn=302 picked cell=14,14 target_cluster=None active_clusters=3 remaining_cells=1 scans=2
turn=302 result=MISS
turn=303 picked cell=0,8 target_cluster=None active_clusters=3 remaining_cells=1 scans=2
turn=303 result=MISS
turn=304 picked cell=13,15 target_cluster=None active_clusters=3 remaining_cells=1 scans=2
turn=304 result=MISS
turn=305 picked cell=7,1 target_cluster=None active_clusters=3 remaining_cells=1 scans=2
turn=305 result=MISS
turn=306 picked cell=13,3 target_cluster=None active_clusters=3 remaining_cells=1 scans=2
turn=306 result=MISS
turn=307 picked cell=14,4 target_cluster=None active_clusters=3 remaining_cells=1 scans=2
turn=307 result=MISS
turn=308 picked cell=4,4 target_cluster=None active_clusters=3 remaining_cells=1 scans=2
turn=308 result=MISS
turn=309 picked cell=1,7 target_cluster=None active_clusters=3 remaining_cells=1 scans=2
turn=309 result=MISS
turn=310 picked cell=12,1 target_cluster=None active_clusters=3 remaining_cells=1 scans=2
turn=310 result=MISS
turn=311 picked cell=5,2 target_cluster=None active_clusters=3 remaining_cells=1 scans=2
turn=311 result=MISS
turn=312 picked cell=17,6 target_cluster=None active_clusters=3 remaining_cells=1 scans=2
turn=312 result=MISS
turn=313 picked cell=2,5 target_cluster=None active_clusters=3 remaining_cells=1 scans=2
turn=313 result=MISS
turn=314 picked cell=4,3 target_cluster=None active_clusters=3 remaining_cells=1 scans=2
turn=314 result=MISS
turn=315 picked cell=16,13 target_cluster=None active_clusters=3 remaining_cells=1 scans=2
turn=315 result=MISS
turn=316 picked cell=14,15 target_cluster=None active_clusters=3 remaining_cells=1 scans=2
turn=316 result=MISS
turn=317 picked cell=13,2 target_cluster=None active_clusters=3 remaining_cells=1 scans=2
turn=317 result=MISS
turn=318 picked cell=12,17 target_cluster=None active_clusters=3 remaining_cells=1 scans=2
turn=318 result=MISS
turn=319 picked cell=18,7 target_cluster=None active_clusters=3 remaining_cells=1 scans=2
turn=319 result=MISS
turn=320 picked cell=15,4 target_cluster=None active_clusters=3 remaining_cells=1 scans=2
turn=320 result=MISS
turn=321 picked cell=3,3 target_cluster=None active_clusters=3 remaining_cells=1 scans=2
turn=321 result=MISS
turn=322 picked cell=13,17 target_cluster=None active_clusters=3 remaining_cells=1 scans=2
turn=322 result=MISS
turn=323 picked cell=18,6 target_cluster=None active_clusters=3 remaining_cells=1 scans=2
turn=323 result=MISS
turn=324 picked cell=0,6 target_cluster=None active_clusters=3 remaining_cells=1 scans=2
turn=324 result=MISS
turn=325 picked cell=17,13 target_cluster=None active_clusters=3 remaining_cells=1 scans=2
turn=325 result=MISS
turn=326 picked cell=1,6 target_cluster=None active_clusters=3 remaining_cells=1 scans=2
turn=326 result=MISS
turn=327 picked cell=14,3 target_cluster=None active_clusters=3 remaining_cells=1 scans=2
turn=327 result=MISS
turn=328 picked cell=16,3 target_cluster=None active_clusters=3 remaining_cells=1 scans=2
turn=328 result=MISS
turn=329 picked cell=2,4 target_cluster=None active_clusters=3 remaining_cells=1 scans=2
turn=329 result=MISS
turn=330 picked cell=5,1 target_cluster=None active_clusters=3 remaining_cells=1 scans=2
turn=330 result=MISS
turn=331 picked cell=17,4 target_cluster=None active_clusters=3 remaining_cells=1 scans=2
turn=331 result=MISS
turn=332 picked cell=17,14 target_cluster=None active_clusters=3 remaining_cells=1 scans=2
turn=332 result=MISS
turn=333 picked cell=18,4 target_cluster=None active_clusters=3 remaining_cells=1 scans=2
turn=333 result=MISS
turn=334 picked cell=4,1 target_cluster=None active_clusters=3 remaining_cells=1 scans=2
turn=334 result=MISS
turn=335 picked cell=15,1 target_cluster=None active_clusters=3 remaining_cells=1 scans=2
turn=335 result=MISS
turn=336 picked cell=14,1 target_cluster=None active_clusters=3 remaining_cells=1 scans=2
turn=336 result=MISS
turn=337 picked cell=1,4 target_cluster=None active_clusters=3 remaining_cells=1 scans=2
turn=337 result=MISS
turn=338 picked cell=17,3 target_cluster=None active_clusters=3 remaining_cells=1 scans=2
turn=338 result=MISS
turn=339 picked cell=16,15 target_cluster=None active_clusters=3 remaining_cells=1 scans=2
turn=339 result=MISS
turn=340 picked cell=1,3 target_cluster=None active_clusters=3 remaining_cells=1 scans=2
turn=340 result=MISS
turn=341 picked cell=0,5 target_cluster=None active_clusters=3 remaining_cells=1 scans=2
turn=341 result=MISS
turn=342 picked cell=14,0 target_cluster=None active_clusters=3 remaining_cells=1 scans=2
turn=342 result=MISS
turn=343 picked cell=15,2 target_cluster=None active_clusters=3 remaining_cells=1 scans=2
turn=343 result=MISS
turn=344 picked cell=15,17 target_cluster=None active_clusters=3 remaining_cells=1 scans=2
turn=344 result=MISS
turn=345 picked cell=16,2 target_cluster=None active_clusters=3 remaining_cells=1 scans=2
turn=345 result=MISS
turn=346 picked cell=3,2 target_cluster=None active_clusters=3 remaining_cells=1 scans=2
turn=346 result=KILL
