turn=1 mode=SCAN region=0,0,9,19
turn=1 result=SCAN count=52
turn=2 mode=SCAN region=0,0,19,9
turn=2 result=SCAN count=43
turn=3 picked cell=10,11 target_cluster=None active_clusters=0 remaining_cells=113 scans=2
turn=3 result=MISS
turn=4 picked cell=11,10 target_cluster=None active_clusters=0 remaining_cells=113 scans=2
turn=4 result=HIT
turn=5 mode=CHASE cluster=0 cluster_len=1 cell=11,9 score=100003.040626 chase_score=5170.540626 prob=3.040626
turn=5 picked cell=11,9 target_cluster=Some(0) active_clusters=1 remaining_cells=112 scans=2
turn=5 result=MISS
turn=6 mode=CHASE cluster=0 cluster_len=1 cell=10,10 score=100001.804014 chase_score=5169.304014 prob=1.804014
turn=6 picked cell=10,10 target_cluster=Some(0) active_clusters=1 remaining_cells=112 scans=2
turn=6 result=HIT
turn=7 mode=CHASE cluster=0 cluster_len=2 cell=9,10 score=200003.162532 chase_score=10562.162532 prob=3.162532
turn=7 picked cell=9,10 target_cluster=Some(0) active_clusters=1 remaining_cells=111 scans=2
turn=7 result=HIT
turn=8 mode=CHASE cluster=0 cluster_len=3 cell=8,10 score=300003.139996 chase_score=10453.139996 prob=3.139996
turn=8 picked cell=8,10 target_cluster=Some(0) active_clusters=1 remaining_cells=110 scans=2
turn=8 result=HIT
turn=9 mode=CHASE cluster=0 cluster_len=4 cell=7,10 score=400003.079015 chase_score=10353.079015 prob=3.079015
turn=9 picked cell=7,10 target_cluster=Some(0) active_clusters=1 remaining_cells=109 scans=2
turn=9 result=HIT
turn=10 mode=CHASE cluster=0 cluster_len=5 cell=12,10 score=500003.079015 chase_score=10257.079015 prob=3.079015
turn=10 picked cell=12,10 target_cluster=Some(0) active_clusters=1 remaining_cells=108 scans=2
turn=10 result=MISS
turn=11 mode=CHASE cluster=0 cluster_len=5 cell=6,10 score=500002.707951 chase_score=10093.707951 prob=2.707951
turn=11 picked cell=6,10 target_cluster=Some(0) active_clusters=1 remaining_cells=108 scans=2
turn=11 result=KILL
turn=11 kill_infer inferred_len=6 committed_hits=5 cluster_hits=5
turn=12 picked cell=13,12 target_cluster=None active_clusters=0 remaining_cells=107 scans=2
turn=12 result=MISS
turn=13 picked cell=14,13 target_cluster=None active_clusters=0 remaining_cells=107 scans=2
turn=13 result=HIT
turn=14 mode=CHASE cluster=0 cluster_len=1 cell=14,12 score=100001.730501 chase_score=5152.230501 prob=1.730501
turn=14 picked cell=14,12 target_cluster=Some(0) active_clusters=1 remaining_cells=106 scans=2
turn=14 result=MISS
turn=15 mode=CHASE cluster=0 cluster_len=1 cell=13,13 score=100001.678677 chase_score=5139.178677 prob=1.678677
turn=15 picked cell=13,13 target_cluster=Some(0) active_clusters=1 remaining_cells=106 scans=2
turn=15 result=HIT
turn=16 mode=CHASE cluster=0 cluster_len=2 cell=12,13 score=200002.195686 chase_score=10499.195686 prob=2.195686
turn=16 picked cell=12,13 target_cluster=Some(0) active_clusters=1 remaining_cells=105 scans=2
turn=16 result=HIT
turn=17 mode=CHASE cluster=0 cluster_len=3 cell=11,13 score=300002.269750 chase_score=10424.269750 prob=2.269750
turn=17 picked cell=11,13 target_cluster=Some(0) active_clusters=1 remaining_cells=104 scans=2
turn=17 result=HIT
turn=18 mode=CHASE cluster=0 cluster_len=4 cell=10,13 score=400002.083682 chase_score=10340.083682 prob=2.083682
turn=18 picked cell=10,13 target_cluster=Some(0) active_clusters=1 remaining_cells=103 scans=2
turn=18 result=HIT
turn=19 mode=CHASE cluster=0 cluster_len=5 cell=15,13 score=500002.737755 chase_score=10250.737755 prob=2.737755
turn=19 picked cell=15,13 target_cluster=Some(0) active_clusters=1 remaining_cells=102 scans=2
turn=19 result=HIT
turn=20 mode=CHASE cluster=0 cluster_len=6 cell=16,13 score=600002.521624 chase_score=10165.521624 prob=2.521624
turn=20 picked cell=16,13 target_cluster=Some(0) active_clusters=1 remaining_cells=101 scans=2
turn=20 result=HIT
turn=21 mode=CHASE cluster=0 cluster_len=7 cell=9,13 score=700002.297493 chase_score=10092.297493 prob=2.297493
turn=21 picked cell=9,13 target_cluster=Some(0) active_clusters=1 remaining_cells=100 scans=2
turn=21 result=HIT
turn=22 mode=CHASE cluster=0 cluster_len=8 cell=17,13 score=800002.297493 chase_score=10040.297493 prob=2.297493
turn=22 picked cell=17,13 target_cluster=Some(0) active_clusters=1 remaining_cells=99 scans=2
turn=22 result=HIT
turn=23 mode=CHASE cluster=0 cluster_len=9 cell=8,13 score=900002.269750 chase_score=10012.269750 prob=2.269750
turn=23 picked cell=8,13 target_cluster=Some(0) active_clusters=1 remaining_cells=98 scans=2
turn=23 result=MISS
turn=24 mode=CHASE cluster=0 cluster_len=9 cell=18,13 score=900002.105401 chase_score=10012.105401 prob=2.105401
turn=24 picked cell=18,13 target_cluster=Some(0) active_clusters=1 remaining_cells=98 scans=2
turn=24 result=KILL
turn=24 kill_infer inferred_len=10 committed_hits=9 cluster_hits=9
turn=25 picked cell=5,12 target_cluster=None active_clusters=0 remaining_cells=97 scans=2
turn=25 result=HIT
turn=26 mode=CHASE cluster=0 cluster_len=1 cell=5,11 score=100002.487521 chase_score=5139.987521 prob=2.487521
turn=26 picked cell=5,11 target_cluster=Some(0) active_clusters=1 remaining_cells=96 scans=2
turn=26 result=HIT
turn=27 mode=CHASE cluster=0 cluster_len=2 cell=5,13 score=200001.894664 chase_score=10456.894664 prob=1.894664
turn=27 picked cell=5,13 target_cluster=Some(0) active_clusters=1 remaining_cells=95 scans=2
turn=27 result=HIT
turn=28 mode=CHASE cluster=0 cluster_len=3 cell=5,14 score=300002.684740 chase_score=10364.684740 prob=2.684740
turn=28 picked cell=5,14 target_cluster=Some(0) active_clusters=1 remaining_cells=94 scans=2
turn=28 result=HIT
turn=29 mode=CHASE cluster=0 cluster_len=4 cell=5,15 score=400002.487521 chase_score=10280.487521 prob=2.487521
turn=29 picked cell=5,15 target_cluster=Some(0) active_clusters=1 remaining_cells=93 scans=2
turn=29 result=HIT
turn=30 mode=CHASE cluster=0 cluster_len=5 cell=5,16 score=500002.279028 chase_score=10200.279028 prob=2.279028
turn=30 picked cell=5,16 target_cluster=Some(0) active_clusters=1 remaining_cells=92 scans=2
turn=30 result=HIT
turn=31 mode=CHASE cluster=0 cluster_len=6 cell=5,17 score=600002.061896 chase_score=10125.061896 prob=2.061896
turn=31 picked cell=5,17 target_cluster=Some(0) active_clusters=1 remaining_cells=91 scans=2
turn=31 result=HIT
turn=32 mode=CHASE cluster=0 cluster_len=7 cell=5,18 score=700001.826037 chase_score=10061.826037 prob=1.826037
turn=32 picked cell=5,18 target_cluster=Some(0) active_clusters=1 remaining_cells=90 scans=2
turn=32 result=MISS
turn=33 mode=CHASE cluster=0 cluster_len=7 cell=5,10 score=700001.738181 chase_score=10043.738181 prob=1.738181
turn=33 picked cell=5,10 target_cluster=Some(0) active_clusters=1 remaining_cells=90 scans=2
turn=33 result=HIT
turn=34 mode=CHASE cluster=0 cluster_len=8 cell=5,9 score=800002.741894 chase_score=10020.741894 prob=2.741894
turn=34 picked cell=5,9 target_cluster=Some(0) active_clusters=1 remaining_cells=89 scans=2
turn=34 result=KILL
turn=34 kill_infer inferred_len=9 committed_hits=8 cluster_hits=8
turn=35 picked cell=13,6 target_cluster=None active_clusters=0 remaining_cells=88 scans=2
turn=35 result=MISS
turn=36 picked cell=14,5 target_cluster=None active_clusters=0 remaining_cells=88 scans=2
turn=36 result=MISS
turn=37 picked cell=15,7 target_cluster=None active_clusters=0 remaining_cells=88 scans=2
turn=37 result=HIT
turn=38 mode=CHASE cluster=0 cluster_len=1 cell=15,6 score=100001.635257 chase_score=5108.385257 prob=1.635257
turn=38 picked cell=15,6 target_cluster=Some(0) active_clusters=1 remaining_cells=87 scans=2
turn=38 result=MISS
turn=39 mode=CHASE cluster=0 cluster_len=1 cell=14,7 score=100001.634484 chase_score=5097.134484 prob=1.634484
turn=39 picked cell=14,7 target_cluster=Some(0) active_clusters=1 remaining_cells=87 scans=2
turn=39 result=MISS
turn=40 mode=CHASE cluster=0 cluster_len=1 cell=15,8 score=100001.446304 chase_score=5009.446304 prob=1.446304
turn=40 picked cell=15,8 target_cluster=Some(0) active_clusters=1 remaining_cells=87 scans=2
turn=40 result=HIT
turn=41 mode=CHASE cluster=0 cluster_len=2 cell=15,9 score=200000.685773 chase_score=10030.685773 prob=0.685773
turn=41 picked cell=15,9 target_cluster=Some(0) active_clusters=1 remaining_cells=86 scans=2
turn=41 result=KILL
turn=41 kill_infer inferred_len=3 committed_hits=2 cluster_hits=2
turn=42 picked cell=12,4 target_cluster=None active_clusters=0 remaining_cells=85 scans=2
turn=42 result=MISS
turn=43 picked cell=19,11 target_cluster=None active_clusters=0 remaining_cells=85 scans=2
turn=43 result=MISS
turn=44 picked cell=10,3 target_cluster=None active_clusters=0 remaining_cells=85 scans=2
turn=44 result=MISS
turn=45 picked cell=11,19 target_cluster=None active_clusters=0 remaining_cells=85 scans=2
turn=45 result=MISS
turn=46 picked cell=4,8 target_cluster=None active_clusters=0 remaining_cells=85 scans=2
turn=46 result=HIT
turn=47 mode=CHASE cluster=0 cluster_len=1 cell=4,7 score=100003.653630 chase_score=5121.653630 prob=3.653630
turn=47 picked cell=4,7 target_cluster=Some(0) active_clusters=1 remaining_cells=84 scans=2
turn=47 result=HIT
turn=48 mode=CHASE cluster=0 cluster_len=2 cell=4,6 score=200003.512811 chase_score=10392.512811 prob=3.512811
turn=48 picked cell=4,6 target_cluster=Some(0) active_clusters=1 remaining_cells=83 scans=2
turn=48 result=MISS
turn=49 mode=CHASE cluster=0 cluster_len=2 cell=4,9 score=200001.046848 chase_score=10082.046848 prob=1.046848
turn=49 picked cell=4,9 target_cluster=Some(0) active_clusters=1 remaining_cells=83 scans=2
turn=49 result=MISS
turn=50 mode=CHASE cluster=0 cluster_len=2 cell=3,8 score=200003.631994 chase_score=5003.631994 prob=3.631994
turn=50 picked cell=3,8 target_cluster=Some(0) active_clusters=1 remaining_cells=83 scans=2
turn=50 result=HIT
turn=51 mode=CHASE cluster=0 cluster_len=3 cell=3,7 score=300003.587728 chase_score=5003.587728 prob=3.587728
turn=51 picked cell=3,7 target_cluster=Some(0) active_clusters=1 remaining_cells=82 scans=2
turn=51 result=HIT
turn=52 mode=CHASE cluster=0 cluster_len=4 cell=2,8 score=400003.321844 chase_score=5003.321844 prob=3.321844
turn=52 picked cell=2,8 target_cluster=Some(0) active_clusters=1 remaining_cells=81 scans=2
turn=52 result=HIT
turn=53 mode=CHASE cluster=0 cluster_len=5 cell=2,7 score=500003.277578 chase_score=5003.277578 prob=3.277578
turn=53 picked cell=2,7 target_cluster=Some(0) active_clusters=1 remaining_cells=80 scans=2
turn=53 result=HIT
turn=54 mode=CHASE cluster=0 cluster_len=6 cell=1,8 score=600002.993677 chase_score=5002.993677 prob=2.993677
turn=54 picked cell=1,8 target_cluster=Some(0) active_clusters=1 remaining_cells=79 scans=2
turn=54 result=HIT
turn=55 mode=CHASE cluster=0 cluster_len=7 cell=1,7 score=700002.949411 chase_score=5002.949411 prob=2.949411
turn=55 picked cell=1,7 target_cluster=Some(0) active_clusters=1 remaining_cells=78 scans=2
turn=55 result=HIT
turn=56 mode=CHASE cluster=0 cluster_len=8 cell=0,8 score=800002.659769 chase_score=5002.659769 prob=2.659769
turn=56 picked cell=0,8 target_cluster=Some(0) active_clusters=1 remaining_cells=77 scans=2
turn=56 result=MISS
turn=57 mode=CHASE cluster=0 cluster_len=8 cell=5,7 score=800002.611211 chase_score=5002.611211 prob=2.611211
turn=57 picked cell=5,7 target_cluster=Some(0) active_clusters=1 remaining_cells=77 scans=2
turn=57 result=HIT
turn=58 mode=CHASE cluster=0 cluster_len=9 cell=6,7 score=900003.150271 chase_score=5003.150271 prob=3.150271
turn=58 picked cell=6,7 target_cluster=Some(0) active_clusters=1 remaining_cells=76 scans=2
turn=58 result=HIT
turn=59 mode=CHASE cluster=0 cluster_len=10 cell=7,7 score=1000003.150271 chase_score=5003.150271 prob=3.150271
turn=59 picked cell=7,7 target_cluster=Some(0) active_clusters=1 remaining_cells=75 scans=2
turn=59 result=MISS
turn=60 mode=CHASE cluster=0 cluster_len=10 cell=6,8 score=1000002.780860 chase_score=5002.780860 prob=2.780860
turn=60 picked cell=6,8 target_cluster=Some(0) active_clusters=1 remaining_cells=75 scans=2
turn=60 result=HIT
turn=61 mode=CHASE cluster=0 cluster_len=11 cell=2,9 score=1100002.592012 chase_score=5002.592012 prob=2.592012
turn=61 picked cell=2,9 target_cluster=Some(0) active_clusters=1 remaining_cells=74 scans=2
turn=61 result=MISS
turn=62 mode=CHASE cluster=0 cluster_len=11 cell=1,9 score=1100002.633917 chase_score=5002.633917 prob=2.633917
turn=62 picked cell=1,9 target_cluster=Some(0) active_clusters=1 remaining_cells=74 scans=2
turn=62 result=MISS
turn=63 mode=CHASE cluster=0 cluster_len=11 cell=3,9 score=1100002.736388 chase_score=5002.736388 prob=2.736388
turn=63 picked cell=3,9 target_cluster=Some(0) active_clusters=1 remaining_cells=74 scans=2
turn=63 result=MISS
turn=64 mode=CHASE cluster=0 cluster_len=11 cell=7,8 score=1100002.538270 chase_score=5002.538270 prob=2.538270
turn=64 picked cell=7,8 target_cluster=Some(0) active_clusters=1 remaining_cells=74 scans=2
turn=64 result=HIT
turn=65 mode=CHASE cluster=0 cluster_len=12 cell=8,8 score=1200003.339546 chase_score=5003.339546 prob=3.339546
turn=65 picked cell=8,8 target_cluster=Some(0) active_clusters=1 remaining_cells=73 scans=2
turn=65 result=HIT
turn=66 mode=CHASE cluster=0 cluster_len=13 cell=9,8 score=1300003.106502 chase_score=5003.106502 prob=3.106502
turn=66 picked cell=9,8 target_cluster=Some(0) active_clusters=1 remaining_cells=72 scans=2
turn=66 result=HIT
turn=67 mode=CHASE cluster=0 cluster_len=14 cell=5,8 score=1400002.360387 chase_score=5002.360387 prob=2.360387
turn=67 picked cell=5,8 target_cluster=Some(0) active_clusters=1 remaining_cells=71 scans=2
turn=67 result=KILL
turn=67 kill_infer inferred_len=9 committed_hits=8 cluster_hits=14
turn=68 mode=CHASE cluster=0 cluster_len=6 cell=0,7 score=600000.602519 chase_score=10021.602519 prob=0.602519
turn=68 picked cell=0,7 target_cluster=Some(0) active_clusters=1 remaining_cells=70 scans=2
turn=68 result=KILL
turn=68 kill_infer inferred_len=7 committed_hits=6 cluster_hits=6
turn=69 picked cell=13,16 target_cluster=None active_clusters=0 remaining_cells=69 scans=2
turn=69 result=MISS
turn=70 picked cell=12,17 target_cluster=None active_clusters=0 remaining_cells=69 scans=2
turn=70 result=MISS
turn=71 picked cell=13,18 target_cluster=None active_clusters=0 remaining_cells=69 scans=2
turn=71 result=MISS
turn=72 picked cell=13,14 target_cluster=None active_clusters=0 remaining_cells=69 scans=2
turn=72 result=HIT
turn=73 mode=CHASE cluster=0 cluster_len=1 cell=12,14 score=100002.457370 chase_score=5091.957370 prob=2.457370
turn=73 picked cell=12,14 target_cluster=Some(0) active_clusters=1 remaining_cells=68 scans=2
turn=73 result=HIT
turn=74 mode=CHASE cluster=0 cluster_len=2 cell=14,14 score=200002.308587 chase_score=10293.308587 prob=2.308587
turn=74 picked cell=14,14 target_cluster=Some(0) active_clusters=1 remaining_cells=67 scans=2
turn=74 result=HIT
turn=75 mode=CHASE cluster=0 cluster_len=3 cell=11,14 score=300002.246021 chase_score=10228.246021 prob=2.246021
turn=75 picked cell=11,14 target_cluster=Some(0) active_clusters=1 remaining_cells=66 scans=2
turn=75 result=HIT
turn=76 mode=CHASE cluster=0 cluster_len=4 cell=10,14 score=400001.994280 chase_score=10168.994280 prob=1.994280
turn=76 picked cell=10,14 target_cluster=Some(0) active_clusters=1 remaining_cells=65 scans=2
turn=76 result=HIT
turn=77 mode=CHASE cluster=0 cluster_len=5 cell=15,14 score=500001.994280 chase_score=10113.994280 prob=1.994280
turn=77 picked cell=15,14 target_cluster=Some(0) active_clusters=1 remaining_cells=64 scans=2
turn=77 result=HIT
turn=78 mode=CHASE cluster=0 cluster_len=6 cell=9,14 score=600001.656719 chase_score=10063.656719 prob=1.656719
turn=78 picked cell=9,14 target_cluster=Some(0) active_clusters=1 remaining_cells=63 scans=2
turn=78 result=HIT
turn=79 mode=CHASE cluster=0 cluster_len=7 cell=16,14 score=700001.656719 chase_score=10025.656719 prob=1.656719
turn=79 picked cell=16,14 target_cluster=Some(0) active_clusters=1 remaining_cells=62 scans=2
turn=79 result=HIT
turn=80 mode=CHASE cluster=0 cluster_len=8 cell=8,14 score=800001.302020 chase_score=10001.302020 prob=1.302020
turn=80 picked cell=8,14 target_cluster=Some(0) active_clusters=1 remaining_cells=61 scans=2
turn=80 result=KILL
turn=80 kill_infer inferred_len=8 committed_hits=7 cluster_hits=8
turn=81 mode=CHASE cluster=0 cluster_len=1 cell=16,15 score=100001.543330 chase_score=5008.793330 prob=1.543330
turn=81 picked cell=16,15 target_cluster=Some(0) active_clusters=1 remaining_cells=60 scans=2
turn=81 result=HIT
turn=82 mode=CHASE cluster=0 cluster_len=2 cell=16,16 score=200000.520482 chase_score=10027.520482 prob=0.520482
turn=82 picked cell=16,16 target_cluster=Some(0) active_clusters=1 remaining_cells=59 scans=2
turn=82 result=MISS
turn=83 mode=CHASE cluster=0 cluster_len=2 cell=15,15 score=200001.701215 chase_score=5001.701215 prob=1.701215
turn=83 picked cell=15,15 target_cluster=Some(0) active_clusters=1 remaining_cells=59 scans=2
turn=83 result=HIT
turn=84 mode=CHASE cluster=0 cluster_len=3 cell=14,15 score=300001.967936 chase_score=5001.967936 prob=1.967936
turn=84 picked cell=14,15 target_cluster=Some(0) active_clusters=1 remaining_cells=58 scans=2
turn=84 result=HIT
turn=85 mode=CHASE cluster=0 cluster_len=4 cell=13,15 score=400002.096130 chase_score=5002.096130 prob=2.096130
turn=85 picked cell=13,15 target_cluster=Some(0) active_clusters=1 remaining_cells=57 scans=2
turn=85 result=HIT
turn=86 mode=CHASE cluster=0 cluster_len=5 cell=12,15 score=500002.103930 chase_score=5002.103930 prob=2.103930
turn=86 picked cell=12,15 target_cluster=Some(0) active_clusters=1 remaining_cells=56 scans=2
turn=86 result=HIT
turn=87 mode=CHASE cluster=0 cluster_len=6 cell=11,15 score=600001.944041 chase_score=5001.944041 prob=1.944041
turn=87 picked cell=11,15 target_cluster=Some(0) active_clusters=1 remaining_cells=55 scans=2
turn=87 result=HIT
turn=88 mode=CHASE cluster=0 cluster_len=7 cell=10,15 score=700001.701215 chase_score=5001.701215 prob=1.701215
turn=88 picked cell=10,15 target_cluster=Some(0) active_clusters=1 remaining_cells=54 scans=2
turn=88 result=HIT
turn=89 mode=CHASE cluster=0 cluster_len=8 cell=9,15 score=800001.410600 chase_score=5001.410600 prob=1.410600
turn=89 picked cell=9,15 target_cluster=Some(0) active_clusters=1 remaining_cells=53 scans=2
turn=89 result=MISS
turn=90 mode=CHASE cluster=0 cluster_len=8 cell=17,15 score=800001.274311 chase_score=5001.274311 prob=1.274311
turn=90 picked cell=17,15 target_cluster=Some(0) active_clusters=1 remaining_cells=53 scans=2
turn=90 result=KILL
turn=90 kill_infer inferred_len=8 committed_hits=7 cluster_hits=8
turn=91 mode=CHASE cluster=0 cluster_len=1 cell=17,14 score=100000.096396 chase_score=5003.096396 prob=0.096396
turn=91 picked cell=17,14 target_cluster=Some(0) active_clusters=1 remaining_cells=52 scans=2
turn=91 result=MISS
turn=92 picked cell=16,10 target_cluster=None active_clusters=1 remaining_cells=52 scans=2
turn=92 result=MISS
turn=93 picked cell=11,2 target_cluster=None active_clusters=1 remaining_cells=52 scans=2
turn=93 result=MISS
turn=94 picked cell=14,11 target_cluster=None active_clusters=1 remaining_cells=52 scans=2
turn=94 result=HIT
turn=95 mode=CHASE cluster=1 cluster_len=1 cell=15,11 score=100000.808188 chase_score=5030.308188 prob=0.808188
turn=95 picked cell=15,11 target_cluster=Some(1) active_clusters=2 remaining_cells=51 scans=2
turn=95 result=HIT
turn=96 mode=CHASE cluster=1 cluster_len=2 cell=13,11 score=200000.799848 chase_score=10101.799848 prob=0.799848
turn=96 picked cell=13,11 target_cluster=Some(1) active_clusters=2 remaining_cells=50 scans=2
turn=96 result=HIT
turn=97 mode=CHASE cluster=1 cluster_len=3 cell=16,11 score=300000.728401 chase_score=10086.728401 prob=0.728401
turn=97 picked cell=16,11 target_cluster=Some(1) active_clusters=2 remaining_cells=49 scans=2
turn=97 result=HIT
turn=98 mode=CHASE cluster=1 cluster_len=4 cell=17,11 score=400001.205628 chase_score=10066.205628 prob=1.205628
turn=98 picked cell=17,11 target_cluster=Some(1) active_clusters=2 remaining_cells=48 scans=2
turn=98 result=HIT
turn=99 mode=CHASE cluster=1 cluster_len=5 cell=12,11 score=500000.585781 chase_score=10048.585781 prob=0.585781
turn=99 picked cell=12,11 target_cluster=Some(1) active_clusters=2 remaining_cells=47 scans=2
turn=99 result=KILL
turn=99 kill_infer inferred_len=6 committed_hits=5 cluster_hits=5
turn=100 picked cell=8,5 target_cluster=None active_clusters=1 remaining_cells=46 scans=2
turn=100 result=MISS
turn=101 picked cell=16,3 target_cluster=None active_clusters=1 remaining_cells=46 scans=2
turn=101 result=HIT
turn=102 mode=CHASE cluster=1 cluster_len=1 cell=16,4 score=100001.653579 chase_score=5039.153579 prob=1.653579
turn=102 picked cell=16,4 target_cluster=Some(1) active_clusters=2 remaining_cells=45 scans=2
turn=102 result=HIT
turn=103 mode=CHASE cluster=1 cluster_len=2 cell=16,5 score=200001.340896 chase_score=10134.340896 prob=1.340896
turn=103 picked cell=16,5 target_cluster=Some(1) active_clusters=2 remaining_cells=44 scans=2
turn=103 result=HIT
turn=104 mode=CHASE cluster=1 cluster_len=3 cell=16,6 score=300001.185648 chase_score=10113.185648 prob=1.185648
turn=104 picked cell=16,6 target_cluster=Some(1) active_clusters=2 remaining_cells=43 scans=2
turn=104 result=HIT
turn=105 mode=CHASE cluster=1 cluster_len=4 cell=16,2 score=400001.639480 chase_score=10084.639480 prob=1.639480
turn=105 picked cell=16,2 target_cluster=Some(1) active_clusters=2 remaining_cells=42 scans=2
turn=105 result=MISS
turn=106 mode=CHASE cluster=1 cluster_len=4 cell=16,7 score=400000.533922 chase_score=10025.533922 prob=0.533922
turn=106 picked cell=16,7 target_cluster=Some(1) active_clusters=2 remaining_cells=42 scans=2
turn=106 result=HIT
turn=107 mode=CHASE cluster=1 cluster_len=5 cell=16,8 score=500000.452803 chase_score=10020.452803 prob=0.452803
turn=107 picked cell=16,8 target_cluster=Some(1) active_clusters=2 remaining_cells=41 scans=2
turn=107 result=KILL
turn=107 kill_infer inferred_len=6 committed_hits=5 cluster_hits=5
turn=108 picked cell=7,16 target_cluster=None active_clusters=1 remaining_cells=40 scans=2
turn=108 result=HIT
turn=109 mode=CHASE cluster=1 cluster_len=1 cell=7,15 score=100000.948214 chase_score=5026.948214 prob=0.948214
turn=109 picked cell=7,15 target_cluster=Some(1) active_clusters=2 remaining_cells=39 scans=2
turn=109 result=MISS
turn=110 mode=CHASE cluster=1 cluster_len=1 cell=8,16 score=100000.588559 chase_score=5012.088559 prob=0.588559
turn=110 picked cell=8,16 target_cluster=Some(1) active_clusters=2 remaining_cells=39 scans=2
turn=110 result=HIT
turn=111 mode=CHASE cluster=1 cluster_len=2 cell=9,16 score=200000.513647 chase_score=10038.513647 prob=0.513647
turn=111 picked cell=9,16 target_cluster=Some(1) active_clusters=2 remaining_cells=38 scans=2
turn=111 result=MISS
turn=112 mode=CHASE cluster=1 cluster_len=2 cell=6,16 score=200000.935653 chase_score=10006.935653 prob=0.935653
turn=112 picked cell=6,16 target_cluster=Some(1) active_clusters=2 remaining_cells=38 scans=2
turn=112 result=HIT
turn=113 mode=CHASE cluster=1 cluster_len=3 cell=6,17 score=300000.935653 chase_score=5000.935653 prob=0.935653
turn=113 picked cell=6,17 target_cluster=Some(1) active_clusters=2 remaining_cells=37 scans=2
turn=113 result=HIT
turn=114 mode=CHASE cluster=1 cluster_len=4 cell=6,15 score=400000.925193 chase_score=5000.925193 prob=0.925193
turn=114 picked cell=6,15 target_cluster=Some(1) active_clusters=2 remaining_cells=36 scans=2
turn=114 result=MISS
turn=115 mode=CHASE cluster=1 cluster_len=4 cell=8,17 score=400000.483139 chase_score=5000.483139 prob=0.483139
turn=115 picked cell=8,17 target_cluster=Some(1) active_clusters=2 remaining_cells=36 scans=2
turn=115 result=HIT
turn=116 mode=CHASE cluster=1 cluster_len=5 cell=8,18 score=500000.607568 chase_score=5000.607568 prob=0.607568
turn=116 picked cell=8,18 target_cluster=Some(1) active_clusters=2 remaining_cells=35 scans=2
turn=116 result=MISS
turn=117 mode=CHASE cluster=1 cluster_len=5 cell=7,17 score=500000.338015 chase_score=5000.338015 prob=0.338015
turn=117 picked cell=7,17 target_cluster=Some(1) active_clusters=2 remaining_cells=35 scans=2
turn=117 result=HIT
turn=118 mode=CHASE cluster=1 cluster_len=6 cell=9,17 score=600000.327417 chase_score=5000.327417 prob=0.327417
turn=118 picked cell=9,17 target_cluster=Some(1) active_clusters=2 remaining_cells=34 scans=2
turn=118 result=HIT
turn=119 mode=CHASE cluster=1 cluster_len=7 cell=10,17 score=700000.338015 chase_score=5000.338015 prob=0.338015
turn=119 picked cell=10,17 target_cluster=Some(1) active_clusters=2 remaining_cells=33 scans=2
turn=119 result=MISS
turn=120 mode=CHASE cluster=1 cluster_len=7 cell=6,18 score=700000.144301 chase_score=5000.144301 prob=0.144301
turn=120 picked cell=6,18 target_cluster=Some(1) active_clusters=2 remaining_cells=33 scans=2
turn=120 result=MISS
turn=121 mode=CHASE cluster=1 cluster_len=7 cell=9,18 score=700000.144528 chase_score=5000.144528 prob=0.144528
turn=121 picked cell=9,18 target_cluster=Some(1) active_clusters=2 remaining_cells=33 scans=2
turn=121 result=MISS
turn=122 mode=CHASE cluster=1 cluster_len=7 cell=7,18 score=700000.134089 chase_score=5000.134089 prob=0.134089
turn=122 picked cell=7,18 target_cluster=Some(1) active_clusters=2 remaining_cells=33 scans=2
turn=122 result=MISS
turn=123 mode=CHASE cluster=1 cluster_len=7 cell=8,15 score=700000.065020 chase_score=5000.065020 prob=0.065020
turn=123 picked cell=8,15 target_cluster=Some(1) active_clusters=2 remaining_cells=33 scans=2
turn=123 result=MISS
turn=124 picked cell=18,6 target_cluster=None active_clusters=2 remaining_cells=33 scans=2
turn=124 result=HIT
turn=125 mode=CHASE cluster=2 cluster_len=1 cell=18,7 score=100001.735465 chase_score=5046.235465 prob=1.735465
turn=125 picked cell=18,7 target_cluster=Some(2) active_clusters=3 remaining_cells=32 scans=2
turn=125 result=HIT
turn=126 mode=CHASE cluster=2 cluster_len=2 cell=18,5 score=200001.735465 chase_score=10148.735465 prob=1.735465
turn=126 picked cell=18,5 target_cluster=Some(2) active_clusters=3 remaining_cells=31 scans=2
turn=126 result=HIT
turn=127 mode=CHASE cluster=2 cluster_len=3 cell=18,4 score=300001.524118 chase_score=10111.524118 prob=1.524118
turn=127 picked cell=18,4 target_cluster=Some(2) active_clusters=3 remaining_cells=30 scans=2
turn=127 result=HIT
turn=128 mode=CHASE cluster=2 cluster_len=4 cell=18,8 score=400001.524118 chase_score=10080.524118 prob=1.524118
turn=128 picked cell=18,8 target_cluster=Some(2) active_clusters=3 remaining_cells=29 scans=2
turn=128 result=HIT
turn=129 mode=CHASE cluster=2 cluster_len=5 cell=18,9 score=500001.337428 chase_score=10053.337428 prob=1.337428
turn=129 picked cell=18,9 target_cluster=Some(2) active_clusters=3 remaining_cells=28 scans=2
turn=129 result=HIT
turn=130 mode=CHASE cluster=2 cluster_len=6 cell=18,3 score=600001.278809 chase_score=10031.278809 prob=1.278809
turn=130 picked cell=18,3 target_cluster=Some(2) active_clusters=3 remaining_cells=27 scans=2
turn=130 result=MISS
turn=131 mode=CHASE cluster=2 cluster_len=6 cell=18,10 score=600000.959840 chase_score=10022.959840 prob=0.959840
turn=131 picked cell=18,10 target_cluster=Some(2) active_clusters=3 remaining_cells=27 scans=2
turn=131 result=KILL
turn=131 kill_infer inferred_len=7 committed_hits=6 cluster_hits=6
turn=132 picked cell=4,19 target_cluster=None active_clusters=2 remaining_cells=26 scans=2
turn=132 result=MISS
turn=133 picked cell=0,14 target_cluster=None active_clusters=2 remaining_cells=26 scans=2
turn=133 result=MISS
turn=134 picked cell=9,1 target_cluster=None active_clusters=2 remaining_cells=26 scans=2
turn=134 result=MISS
turn=135 picked cell=2,15 target_cluster=None active_clusters=2 remaining_cells=26 scans=2
turn=135 result=MISS
turn=136 picked cell=4,14 target_cluster=None active_clusters=2 remaining_cells=26 scans=2
turn=136 result=MISS
turn=137 picked cell=3,13 target_cluster=None active_clusters=2 remaining_cells=26 scans=2
turn=137 result=MISS
turn=138 picked cell=1,16 target_cluster=None active_clusters=2 remaining_cells=26 scans=2
turn=138 result=MISS
turn=139 picked cell=7,0 target_cluster=None active_clusters=2 remaining_cells=26 scans=2
turn=139 result=MISS
turn=140 picked cell=19,12 target_cluster=None active_clusters=2 remaining_cells=26 scans=2
turn=140 result=MISS
turn=141 picked cell=15,17 target_cluster=None active_clusters=2 remaining_cells=26 scans=2
turn=141 result=MISS
turn=142 picked cell=9,12 target_cluster=None active_clusters=2 remaining_cells=26 scans=2
turn=142 result=MISS
turn=143 picked cell=16,19 target_cluster=None active_clusters=2 remaining_cells=26 scans=2
turn=143 result=MISS
turn=144 picked cell=19,16 target_cluster=None active_clusters=2 remaining_cells=26 scans=2
turn=144 result=MISS
turn=145 picked cell=6,4 target_cluster=None active_clusters=2 remaining_cells=26 scans=2
turn=145 result=MISS
turn=146 picked cell=14,0 target_cluster=None active_clusters=2 remaining_cells=26 scans=2
turn=146 result=HIT
turn=147 mode=CHASE cluster=2 cluster_len=1 cell=13,0 score=100002.779431 chase_score=5034.779431 prob=2.779431
turn=147 picked cell=13,0 target_cluster=Some(2) active_clusters=3 remaining_cells=25 scans=2
turn=147 result=HIT
turn=148 mode=CHASE cluster=2 cluster_len=2 cell=15,0 score=200002.641446 chase_score=10106.641446 prob=2.641446
turn=148 picked cell=15,0 target_cluster=Some(2) active_clusters=3 remaining_cells=24 scans=2
turn=148 result=HIT
turn=149 mode=CHASE cluster=2 cluster_len=3 cell=12,0 score=300002.580857 chase_score=10084.580857 prob=2.580857
turn=149 picked cell=12,0 target_cluster=Some(2) active_clusters=3 remaining_cells=23 scans=2
turn=149 result=HIT
turn=150 mode=CHASE cluster=2 cluster_len=4 cell=11,0 score=400002.071022 chase_score=10060.071022 prob=2.071022
turn=150 picked cell=11,0 target_cluster=Some(2) active_clusters=3 remaining_cells=22 scans=2
turn=150 result=HIT
turn=151 mode=CHASE cluster=2 cluster_len=5 cell=16,0 score=500002.071022 chase_score=10040.071022 prob=2.071022
turn=151 picked cell=16,0 target_cluster=Some(2) active_clusters=3 remaining_cells=21 scans=2
turn=151 result=HIT
turn=152 mode=CHASE cluster=2 cluster_len=6 cell=17,0 score=600002.129274 chase_score=10025.129274 prob=2.129274
turn=152 picked cell=17,0 target_cluster=Some(2) active_clusters=3 remaining_cells=20 scans=2
turn=152 result=HIT
turn=153 mode=CHASE cluster=2 cluster_len=7 cell=10,0 score=700001.677690 chase_score=10009.677690 prob=1.677690
turn=153 picked cell=10,0 target_cluster=Some(2) active_clusters=3 remaining_cells=19 scans=2
turn=153 result=MISS
turn=154 mode=CHASE cluster=2 cluster_len=7 cell=18,0 score=700001.244813 chase_score=10009.244813 prob=1.244813
turn=154 picked cell=18,0 target_cluster=Some(2) active_clusters=3 remaining_cells=19 scans=2
turn=154 result=KILL
turn=154 kill_infer inferred_len=8 committed_hits=7 cluster_hits=7
turn=155 picked cell=1,12 target_cluster=None active_clusters=2 remaining_cells=18 scans=2
turn=155 result=MISS
turn=156 picked cell=3,17 target_cluster=None active_clusters=2 remaining_cells=18 scans=2
turn=156 result=HIT
turn=157 mode=CHASE cluster=2 cluster_len=1 cell=3,16 score=100000.510354 chase_score=5009.510354 prob=0.510354
turn=157 picked cell=3,16 target_cluster=Some(2) active_clusters=3 remaining_cells=17 scans=2
turn=157 result=MISS
turn=158 mode=CHASE cluster=2 cluster_len=1 cell=2,17 score=100000.509285 chase_score=5007.259285 prob=0.509285
turn=158 picked cell=2,17 target_cluster=Some(2) active_clusters=3 remaining_cells=17 scans=2
turn=158 result=HIT
turn=159 mode=CHASE cluster=2 cluster_len=2 cell=1,17 score=200000.356369 chase_score=10019.356369 prob=0.356369
turn=159 picked cell=1,17 target_cluster=Some(2) active_clusters=3 remaining_cells=16 scans=2
turn=159 result=KILL
turn=159 kill_infer inferred_len=3 committed_hits=2 cluster_hits=2
turn=160 picked cell=2,11 target_cluster=None active_clusters=2 remaining_cells=15 scans=2
turn=160 result=MISS
turn=161 picked cell=0,18 target_cluster=None active_clusters=2 remaining_cells=15 scans=2
turn=161 result=MISS
turn=162 picked cell=7,19 target_cluster=None active_clusters=2 remaining_cells=15 scans=2
turn=162 result=MISS
turn=163 picked cell=0,10 target_cluster=None active_clusters=2 remaining_cells=15 scans=2
turn=163 result=MISS
turn=164 picked cell=18,18 target_cluster=None active_clusters=2 remaining_cells=15 scans=2
turn=164 result=HIT
turn=165 mode=CHASE cluster=2 cluster_len=1 cell=17,18 score=100000.534248 chase_score=5007.034248 prob=0.534248
turn=165 picked cell=17,18 target_cluster=Some(2) active_clusters=3 remaining_cells=14 scans=2
turn=165 result=KILL
turn=165 kill_infer inferred_len=2 committed_hits=1 cluster_hits=1
turn=166 picked cell=5,2 target_cluster=None active_clusters=2 remaining_cells=13 scans=2
turn=166 result=MISS
turn=167 picked cell=3,3 target_cluster=None active_clusters=2 remaining_cells=13 scans=2
turn=167 result=MISS
turn=168 picked cell=2,1 target_cluster=None active_clusters=2 remaining_cells=13 scans=2
turn=168 result=MISS
turn=169 picked cell=7,11 target_cluster=None active_clusters=2 remaining_cells=13 scans=2
turn=169 result=MISS
turn=170 picked cell=1,5 target_cluster=None active_clusters=2 remaining_cells=13 scans=2
turn=170 result=MISS
turn=171 picked cell=9,6 target_cluster=None active_clusters=2 remaining_cells=13 scans=2
turn=171 result=MISS
turn=172 picked cell=4,10 target_cluster=None active_clusters=2 remaining_cells=13 scans=2
turn=172 result=HIT
turn=173 mode=CHASE cluster=2 cluster_len=1 cell=3,10 score=100000.319288 chase_score=5002.069288 prob=0.319288
turn=173 picked cell=3,10 target_cluster=Some(2) active_clusters=3 remaining_cells=12 scans=2
turn=173 result=HIT
turn=174 mode=CHASE cluster=2 cluster_len=2 cell=2,10 score=200000.263186 chase_score=10007.263186 prob=0.263186
turn=174 picked cell=2,10 target_cluster=Some(2) active_clusters=3 remaining_cells=11 scans=2
turn=174 result=HIT
turn=175 mode=CHASE cluster=2 cluster_len=3 cell=1,10 score=300000.207085 chase_score=10004.207085 prob=0.207085
turn=175 picked cell=1,10 target_cluster=Some(2) active_clusters=3 remaining_cells=10 scans=2
turn=175 result=KILL
turn=175 kill_infer inferred_len=4 committed_hits=3 cluster_hits=3
turn=176 picked cell=19,6 target_cluster=None active_clusters=2 remaining_cells=9 scans=2
turn=176 result=MISS
turn=177 picked cell=15,1 target_cluster=None active_clusters=2 remaining_cells=9 scans=2
turn=177 result=MISS
turn=178 picked cell=17,6 target_cluster=None active_clusters=2 remaining_cells=9 scans=2
turn=178 result=MISS
turn=179 picked cell=0,0 target_cluster=None active_clusters=2 remaining_cells=9 scans=2
turn=179 result=MISS
turn=180 picked cell=7,3 target_cluster=None active_clusters=2 remaining_cells=9 scans=2
turn=180 result=MISS
turn=181 picked cell=4,4 target_cluster=None active_clusters=2 remaining_cells=9 scans=2
turn=181 result=MISS
turn=182 picked cell=0,2 target_cluster=None active_clusters=2 remaining_cells=9 scans=2
turn=182 result=MISS
turn=183 picked cell=8,2 target_cluster=None active_clusters=2 remaining_cells=9 scans=2
turn=183 result=MISS
turn=184 picked cell=5,5 target_cluster=None active_clusters=2 remaining_cells=9 scans=2
turn=184 result=MISS
turn=185 picked cell=6,1 target_cluster=None active_clusters=2 remaining_cells=9 scans=2
turn=185 result=MISS
turn=186 picked cell=10,7 target_cluster=None active_clusters=2 remaining_cells=9 scans=2
turn=186 result=MISS
turn=187 picked cell=3,0 target_cluster=None active_clusters=2 remaining_cells=9 scans=2
turn=187 result=MISS
turn=188 picked cell=6,12 target_cluster=None active_clusters=2 remaining_cells=9 scans=2
turn=188 result=MISS
turn=189 picked cell=11,5 target_cluster=None active_clusters=2 remaining_cells=9 scans=2
turn=189 result=MISS
turn=190 picked cell=2,4 target_cluster=None active_clusters=2 remaining_cells=9 scans=2
turn=190 result=MISS
turn=191 picked cell=9,4 target_cluster=None active_clusters=2 remaining_cells=9 scans=2
turn=191 result=MISS
turn=192 picked cell=1,2 target_cluster=None active_clusters=2 remaining_cells=9 scans=2
turn=192 result=MISS
turn=193 picked cell=13,3 target_cluster=None active_clusters=2 remaining_cells=9 scans=2
turn=193 result=MISS
turn=194 picked cell=8,9 target_cluster=None active_clusters=2 remaining_cells=9 scans=2
turn=194 result=MISS
turn=195 picked cell=12,8 target_cluster=None active_clusters=2 remaining_cells=9 scans=2
turn=195 result=MISS
turn=196 picked cell=4,12 target_cluster=None active_clusters=2 remaining_cells=9 scans=2
turn=196 result=MISS
turn=197 picked cell=2,13 target_cluster=None active_clusters=2 remaining_cells=9 scans=2
turn=197 result=MISS
turn=198 picked cell=4,17 target_cluster=None active_clusters=2 remaining_cells=9 scans=2
turn=198 result=KILL
turn=199 picked cell=19,2 target_cluster=None active_clusters=2 remaining_cells=8 scans=2
turn=199 result=MISS
turn=200 picked cell=12,1 target_cluster=None active_clusters=2 remaining_cells=8 scans=2
turn=200 result=MISS
turn=201 picked cell=17,3 target_cluster=None active_clusters=2 remaining_cells=8 scans=2
turn=201 result=MISS
turn=202 picked cell=1,14 target_cluster=None active_clusters=2 remaining_cells=8 scans=2
turn=202 result=MISS
turn=203 picked cell=3,18 target_cluster=None active_clusters=2 remaining_cells=8 scans=2
turn=203 result=MISS
turn=204 picked cell=2,19 target_cluster=None active_clusters=2 remaining_cells=8 scans=2
turn=204 result=MISS
turn=205 picked cell=14,18 target_cluster=None active_clusters=2 remaining_cells=8 scans=2
turn=205 result=MISS
turn=206 picked cell=18,17 target_cluster=None active_clusters=2 remaining_cells=8 scans=2
turn=206 result=MISS
turn=207 picked cell=7,6 target_cluster=None active_clusters=2 remaining_cells=8 scans=2
turn=207 result=HIT
turn=208 mode=CHASE cluster=2 cluster_len=1 cell=6,6 score=100000.112810 chase_score=5001.612810 prob=0.112810
turn=208 picked cell=6,6 target_cluster=Some(2) active_clusters=3 remaining_cells=7 scans=2
turn=208 result=HIT
turn=209 mode=CHASE cluster=2 cluster_len=2 cell=5,6 score=200000.065070 chase_score=10003.065070 prob=0.065070
turn=209 picked cell=5,6 target_cluster=Some(2) active_clusters=3 remaining_cells=6 scans=2
turn=209 result=MISS
turn=210 mode=CHASE cluster=2 cluster_len=2 cell=8,6 score=200000.066151 chase_score=10003.066151 prob=0.066151
turn=210 picked cell=8,6 target_cluster=Some(2) active_clusters=3 remaining_cells=6 scans=2
turn=210 result=KILL
turn=210 kill_infer inferred_len=3 committed_hits=2 cluster_hits=2
turn=211 picked cell=10,12 target_cluster=None active_clusters=2 remaining_cells=5 scans=2
turn=211 result=MISS
turn=212 picked cell=11,12 target_cluster=None active_clusters=2 remaining_cells=5 scans=2
turn=212 result=MISS
turn=213 picked cell=11,11 target_cluster=None active_clusters=2 remaining_cells=5 scans=2
turn=213 result=MISS
turn=214 picked cell=13,10 target_cluster=None active_clusters=2 remaining_cells=5 scans=2
turn=214 result=MISS
turn=215 picked cell=12,12 target_cluster=None active_clusters=2 remaining_cells=5 scans=2
turn=215 result=MISS
turn=216 picked cell=9,11 target_cluster=None active_clusters=2 remaining_cells=5 scans=2
turn=216 result=MISS
turn=217 picked cell=14,10 target_cluster=None active_clusters=2 remaining_cells=5 scans=2
turn=217 result=MISS
turn=218 picked cell=10,16 target_cluster=None active_clusters=2 remaining_cells=5 scans=2
turn=218 result=MISS
turn=219 picked cell=15,10 target_cluster=None active_clusters=2 remaining_cells=5 scans=2
turn=219 result=MISS
turn=220 picked cell=17,10 target_cluster=None active_clusters=2 remaining_cells=5 scans=2
turn=220 result=MISS
turn=221 picked cell=12,16 target_cluster=None active_clusters=2 remaining_cells=5 scans=2
turn=221 result=MISS
turn=222 picked cell=16,12 target_cluster=None active_clusters=2 remaining_cells=5 scans=2
turn=222 result=HIT
turn=223 mode=CHASE cluster=2 cluster_len=1 cell=17,12 score=100000.005291 chase_score=5000.005291 prob=0.005291
turn=223 picked cell=17,12 target_cluster=Some(2) active_clusters=3 remaining_cells=4 scans=2
turn=223 result=HIT
turn=224 mode=CHASE cluster=2 cluster_len=2 cell=15,12 score=200000.005291 chase_score=10000.005291 prob=0.005291
turn=224 picked cell=15,12 target_cluster=Some(2) active_clusters=3 remaining_cells=3 scans=2
turn=224 result=KILL
turn=224 kill_infer inferred_len=3 committed_hits=2 cluster_hits=2
turn=225 picked cell=11,8 target_cluster=None active_clusters=2 remaining_cells=2 scans=2
turn=225 result=MISS
turn=226 picked cell=9,9 target_cluster=None active_clusters=2 remaining_cells=2 scans=2
turn=226 result=MISS
turn=227 picked cell=10,9 target_cluster=None active_clusters=2 remaining_cells=2 scans=2
turn=227 result=MISS
turn=228 picked cell=9,7 target_cluster=None active_clusters=2 remaining_cells=2 scans=2
turn=228 result=MISS
turn=229 picked cell=13,9 target_cluster=None active_clusters=2 remaining_cells=2 scans=2
turn=229 result=MISS
turn=230 picked cell=7,9 target_cluster=None active_clusters=2 remaining_cells=2 scans=2
turn=230 result=MISS
turn=231 picked cell=8,12 target_cluster=None active_clusters=2 remaining_cells=2 scans=2
turn=231 result=MISS
turn=232 picked cell=8,11 target_cluster=None active_clusters=2 remaining_cells=2 scans=2
turn=232 result=MISS
turn=233 picked cell=12,9 target_cluster=None active_clusters=2 remaining_cells=2 scans=2
turn=233 result=MISS
turn=234 picked cell=10,8 target_cluster=None active_clusters=2 remaining_cells=2 scans=2
turn=234 result=MISS
turn=235 picked cell=11,7 target_cluster=None active_clusters=2 remaining_cells=2 scans=2
turn=235 result=MISS
turn=236 picked cell=10,6 target_cluster=None active_clusters=2 remaining_cells=2 scans=2
turn=236 result=MISS
turn=237 picked cell=12,7 target_cluster=None active_clusters=2 remaining_cells=2 scans=2
turn=237 result=MISS
turn=238 picked cell=8,7 target_cluster=None active_clusters=2 remaining_cells=2 scans=2
turn=238 result=MISS
turn=239 picked cell=6,9 target_cluster=None active_clusters=2 remaining_cells=2 scans=2
turn=239 result=MISS
turn=240 picked cell=14,9 target_cluster=None active_clusters=2 remaining_cells=2 scans=2
turn=240 result=MISS
turn=241 picked cell=7,12 target_cluster=None active_clusters=2 remaining_cells=2 scans=2
turn=241 result=MISS
turn=242 picked cell=13,8 target_cluster=None active_clusters=2 remaining_cells=2 scans=2
turn=242 result=MISS
turn=243 picked cell=6,11 target_cluster=None active_clusters=2 remaining_cells=2 scans=2
turn=243 result=MISS
turn=244 picked cell=10,5 target_cluster=None active_clusters=2 remaining_cells=2 scans=2
turn=244 result=MISS
turn=245 picked cell=7,13 target_cluster=None active_clusters=2 remaining_cells=2 scans=2
turn=245 result=MISS
turn=246 picked cell=13,7 target_cluster=None active_clusters=2 remaining_cells=2 scans=2
turn=246 result=MISS
turn=247 picked cell=11,6 target_cluster=None active_clusters=2 remaining_cells=2 scans=2
turn=247 result=MISS
turn=248 picked cell=9,5 target_cluster=None active_clusters=2 remaining_cells=2 scans=2
turn=248 result=MISS
turn=249 picked cell=14,8 target_cluster=None active_clusters=2 remaining_cells=2 scans=2
turn=249 result=MISS
turn=250 picked cell=12,6 target_cluster=None active_clusters=2 remaining_cells=2 scans=2
turn=250 result=MISS
turn=251 picked cell=7,14 target_cluster=None active_clusters=2 remaining_cells=2 scans=2
turn=251 result=MISS
turn=252 picked cell=16,9 target_cluster=None active_clusters=2 remaining_cells=2 scans=2
turn=252 result=MISS
turn=253 picked cell=7,5 target_cluster=None active_clusters=2 remaining_cells=2 scans=2
turn=253 result=MISS
turn=254 picked cell=10,4 target_cluster=None active_clusters=2 remaining_cells=2 scans=2
turn=254 result=MISS
turn=255 picked cell=4,11 target_cluster=None active_clusters=2 remaining_cells=2 scans=2
turn=255 result=MISS
turn=256 picked cell=12,5 target_cluster=None active_clusters=2 remaining_cells=2 scans=2
turn=256 result=MISS
turn=257 picked cell=11,3 target_cluster=None active_clusters=2 remaining_cells=2 scans=2
turn=257 result=MISS
turn=258 picked cell=6,13 target_cluster=None active_clusters=2 remaining_cells=2 scans=2
turn=258 result=MISS
turn=259 picked cell=11,4 target_cluster=None active_clusters=2 remaining_cells=2 scans=2
turn=259 result=MISS
turn=260 picked cell=9,3 target_cluster=None active_clusters=2 remaining_cells=2 scans=2
turn=260 result=MISS
turn=261 picked cell=8,4 target_cluster=None active_clusters=2 remaining_cells=2 scans=2
turn=261 result=MISS
turn=262 picked cell=6,5 target_cluster=None active_clusters=2 remaining_cells=2 scans=2
turn=262 result=MISS
turn=263 picked cell=7,4 target_cluster=None active_clusters=2 remaining_cells=2 scans=2
turn=263 result=MISS
turn=264 picked cell=3,11 target_cluster=None active_clusters=2 remaining_cells=2 scans=2
turn=264 result=MISS
turn=265 picked cell=8,3 target_cluster=None active_clusters=2 remaining_cells=2 scans=2
turn=265 result=MISS
turn=266 picked cell=10,18 target_cluster=None active_clusters=2 remaining_cells=2 scans=2
turn=266 result=MISS
turn=267 picked cell=17,9 target_cluster=None active_clusters=2 remaining_cells=2 scans=2
turn=267 result=MISS
turn=268 picked cell=14,6 target_cluster=None active_clusters=2 remaining_cells=2 scans=2
turn=268 result=MISS
turn=269 picked cell=6,14 target_cluster=None active_clusters=2 remaining_cells=2 scans=2
turn=269 result=MISS
turn=270 picked cell=10,2 target_cluster=None active_clusters=2 remaining_cells=2 scans=2
turn=270 result=MISS
turn=271 picked cell=9,2 target_cluster=None active_clusters=2 remaining_cells=2 scans=2
turn=271 result=MISS
turn=272 picked cell=13,4 target_cluster=None active_clusters=2 remaining_cells=2 scans=2
turn=272 result=MISS
turn=273 picked cell=13,5 target_cluster=None active_clusters=2 remaining_cells=2 scans=2
turn=273 result=MISS
turn=274 picked cell=12,3 target_cluster=None active_clusters=2 remaining_cells=2 scans=2
turn=274 result=MISS
turn=275 picked cell=11,17 target_cluster=None active_clusters=2 remaining_cells=2 scans=2
turn=275 result=MISS
turn=276 picked cell=11,16 target_cluster=None active_clusters=2 remaining_cells=2 scans=2
turn=276 result=MISS
turn=277 picked cell=9,0 target_cluster=None active_clusters=2 remaining_cells=2 scans=2
turn=277 result=MISS
turn=278 picked cell=4,13 target_cluster=None active_clusters=2 remaining_cells=2 scans=2
turn=278 result=MISS
turn=279 picked cell=17,8 target_cluster=None active_clusters=2 remaining_cells=2 scans=2
turn=279 result=MISS
turn=280 picked cell=15,5 target_cluster=None active_clusters=2 remaining_cells=2 scans=2
turn=280 result=MISS
turn=281 picked cell=3,12 target_cluster=None active_clusters=2 remaining_cells=2 scans=2
turn=281 result=MISS
turn=282 picked cell=2,12 target_cluster=None active_clusters=2 remaining_cells=2 scans=2
turn=282 result=MISS
turn=283 picked cell=0,9 target_cluster=None active_clusters=2 remaining_cells=2 scans=2
turn=283 result=MISS
turn=284 picked cell=3,6 target_cluster=None active_clusters=2 remaining_cells=2 scans=2
turn=284 result=MISS
turn=285 picked cell=10,1 target_cluster=None active_clusters=2 remaining_cells=2 scans=2
turn=285 result=MISS
turn=286 picked cell=11,18 target_cluster=None active_clusters=2 remaining_cells=2 scans=2
turn=286 result=MISS
turn=287 picked cell=1,11 target_cluster=None active_clusters=2 remaining_cells=2 scans=2
turn=287 result=MISS
turn=288 picked cell=7,2 target_cluster=None active_clusters=2 remaining_cells=2 scans=2
turn=288 result=MISS
turn=289 picked cell=19,9 target_cluster=None active_clusters=2 remaining_cells=2 scans=2
turn=289 result=MISS
turn=290 picked cell=14,4 target_cluster=None active_clusters=2 remaining_cells=2 scans=2
turn=290 result=MISS
turn=291 picked cell=11,1 target_cluster=None active_clusters=2 remaining_cells=2 scans=2
turn=291 result=MISS
turn=292 picked cell=10,19 target_cluster=None active_clusters=2 remaining_cells=2 scans=2
turn=292 result=MISS
turn=293 picked cell=4,5 target_cluster=None active_clusters=2 remaining_cells=2 scans=2
turn=293 result=MISS
turn=294 picked cell=18,11 target_cluster=None active_clusters=2 remaining_cells=2 scans=2
turn=294 result=MISS
turn=295 picked cell=17,7 target_cluster=None active_clusters=2 remaining_cells=2 scans=2
turn=295 result=MISS
turn=296 picked cell=8,1 target_cluster=None active_clusters=2 remaining_cells=2 scans=2
turn=296 result=MISS
turn=297 picked cell=9,19 target_cluster=None active_clusters=2 remaining_cells=2 scans=2
turn=297 result=MISS
turn=298 picked cell=12,2 target_cluster=None active_clusters=2 remaining_cells=2 scans=2
turn=298 result=MISS
turn=299 picked cell=6,3 target_cluster=None active_clusters=2 remaining_cells=2 scans=2
turn=299 result=MISS
turn=300 picked cell=4,15 target_cluster=None active_clusters=2 remaining_cells=2 scans=2
turn=300 result=MISS
turn=301 picked cell=19,10 target_cluster=None active_clusters=2 remaining_cells=2 scans=2
turn=301 result=MISS
turn=302 picked cell=14,3 target_cluster=None active_clusters=2 remaining_cells=2 scans=2
turn=302 result=MISS
turn=303 picked cell=0,11 target_cluster=None active_clusters=2 remaining_cells=2 scans=2
turn=303 result=MISS
turn=304 picked cell=13,17 target_cluster=None active_clusters=2 remaining_cells=2 scans=2
turn=304 result=MISS
turn=305 picked cell=3,5 target_cluster=None active_clusters=2 remaining_cells=2 scans=2
turn=305 result=MISS
turn=306 picked cell=6,2 target_cluster=None active_clusters=2 remaining_cells=2 scans=2
turn=306 result=MISS
turn=307 picked cell=2,6 target_cluster=None active_clusters=2 remaining_cells=2 scans=2
turn=307 result=MISS
turn=308 picked cell=19,8 target_cluster=None active_clusters=2 remaining_cells=2 scans=2
turn=308 result=MISS
turn=309 picked cell=5,4 target_cluster=None active_clusters=2 remaining_cells=2 scans=2
turn=309 result=MISS
turn=310 picked cell=7,1 target_cluster=None active_clusters=2 remaining_cells=2 scans=2
turn=310 result=MISS
turn=311 picked cell=5,3 target_cluster=None active_clusters=2 remaining_cells=2 scans=2
turn=311 result=MISS
turn=312 picked cell=8,0 target_cluster=None active_clusters=2 remaining_cells=2 scans=2
turn=312 result=MISS
turn=313 picked cell=18,12 target_cluster=None active_clusters=2 remaining_cells=2 scans=2
turn=313 result=MISS
turn=314 picked cell=12,18 target_cluster=None active_clusters=2 remaining_cells=2 scans=2
turn=314 result=MISS
turn=315 picked cell=15,4 target_cluster=None active_clusters=2 remaining_cells=2 scans=2
turn=315 result=MISS
turn=316 picked cell=8,19 target_cluster=None active_clusters=2 remaining_cells=2 scans=2
turn=316 result=MISS
turn=317 picked cell=15,3 target_cluster=None active_clusters=2 remaining_cells=2 scans=2
turn=317 result=MISS
turn=318 picked cell=13,2 target_cluster=None active_clusters=2 remaining_cells=2 scans=2
turn=318 result=MISS
turn=319 picked cell=3,14 target_cluster=None active_clusters=2 remaining_cells=2 scans=2
turn=319 result=MISS
turn=320 picked cell=14,16 target_cluster=None active_clusters=2 remaining_cells=2 scans=2
turn=320 result=MISS
turn=321 picked cell=14,17 target_cluster=None active_clusters=2 remaining_cells=2 scans=2
turn=321 result=MISS
turn=322 picked cell=6,19 target_cluster=None active_clusters=2 remaining_cells=2 scans=2
turn=322 result=MISS
turn=323 picked cell=13,1 target_cluster=None active_clusters=2 remaining_cells=2 scans=2
turn=323 result=MISS
turn=324 picked cell=2,14 target_cluster=None active_clusters=2 remaining_cells=2 scans=2
turn=324 result=MISS
turn=325 picked cell=3,4 target_cluster=None active_clusters=2 remaining_cells=2 scans=2
turn=325 result=MISS
turn=326 picked cell=4,3 target_cluster=None active_clusters=2 remaining_cells=2 scans=2
turn=326 result=MISS
turn=327 picked cell=15,16 target_cluster=None active_clusters=2 remaining_cells=2 scans=2
turn=327 result=MISS
turn=328 picked cell=3,15 target_cluster=None active_clusters=2 remaining_cells=2 scans=2
turn=328 result=MISS
turn=329 picked cell=2,5 target_cluster=None active_clusters=2 remaining_cells=2 scans=2
turn=329 result=MISS
turn=330 picked cell=4,16 target_cluster=None active_clusters=2 remaining_cells=2 scans=2
turn=330 result=KILL
turn=331 picked cell=19,7 target_cluster=None active_clusters=2 remaining_cells=1 scans=2
turn=331 result=MISS
turn=332 picked cell=1,13 target_cluster=None active_clusters=2 remaining_cells=1 scans=2
turn=332 result=MISS
turn=333 picked cell=0,12 target_cluster=None active_clusters=2 remaining_cells=1 scans=2
turn=333 result=MISS
turn=334 picked cell=17,5 target_cluster=None active_clusters=2 remaining_cells=1 scans=2
turn=334 result=MISS
turn=335 picked cell=14,2 target_cluster=None active_clusters=2 remaining_cells=1 scans=2
turn=335 result=MISS
turn=336 picked cell=12,19 target_cluster=None active_clusters=2 remaining_cells=1 scans=2
turn=336 result=MISS
turn=337 picked cell=6,0 target_cluster=None active_clusters=2 remaining_cells=1 scans=2
turn=337 result=MISS
turn=338 picked cell=17,4 target_cluster=None active_clusters=2 remaining_cells=1 scans=2
turn=338 result=MISS
turn=339 picked cell=1,6 target_cluster=None active_clusters=2 remaining_cells=1 scans=2
turn=339 result=MISS
turn=340 picked cell=14,1 target_cluster=None active_clusters=2 remaining_cells=1 scans=2
turn=340 result=MISS
turn=341 picked cell=0,13 target_cluster=None active_clusters=2 remaining_cells=1 scans=2
turn=341 result=MISS
turn=342 picked cell=0,6 target_cluster=None active_clusters=2 remaining_cells=1 scans=2
turn=342 result=MISS
turn=343 picked cell=19,13 target_cluster=None active_clusters=2 remaining_cells=1 scans=2
turn=343 result=MISS
turn=344 picked cell=16,17 target_cluster=None active_clusters=2 remaining_cells=1 scans=2
turn=344 result=MISS
turn=345 picked cell=13,19 target_cluster=None active_clusters=2 remaining_cells=1 scans=2
turn=345 result=MISS
turn=346 picked cell=4,2 target_cluster=None active_clusters=2 remaining_cells=1 scans=2
turn=346 result=MISS
turn=347 picked cell=18,15 target_cluster=None active_clusters=2 remaining_cells=1 scans=2
turn=347 result=MISS
turn=348 picked cell=18,14 target_cluster=None active_clusters=2 remaining_cells=1 scans=2
turn=348 result=MISS
turn=349 picked cell=15,2 target_cluster=None active_clusters=2 remaining_cells=1 scans=2
turn=349 result=MISS
turn=350 picked cell=19,14 target_cluster=None active_clusters=2 remaining_cells=1 scans=2
turn=350 result=MISS
turn=351 picked cell=19,4 target_cluster=None active_clusters=2 remaining_cells=1 scans=2
turn=351 result=MISS
turn=352 picked cell=5,1 target_cluster=None active_clusters=2 remaining_cells=1 scans=2
turn=352 result=MISS
turn=353 picked cell=5,19 target_cluster=None active_clusters=2 remaining_cells=1 scans=2
turn=353 result=MISS
turn=354 picked cell=17,17 target_cluster=None active_clusters=2 remaining_cells=1 scans=2
turn=354 result=MISS
turn=355 picked cell=0,5 target_cluster=None active_clusters=2 remaining_cells=1 scans=2
turn=355 result=MISS
turn=356 picked cell=15,18 target_cluster=None active_clusters=2 remaining_cells=1 scans=2
turn=356 result=MISS
turn=357 picked cell=4,1 target_cluster=None active_clusters=2 remaining_cells=1 scans=2
turn=357 result=MISS
turn=358 picked cell=3,2 target_cluster=None active_clusters=2 remaining_cells=1 scans=2
turn=358 result=MISS
turn=359 picked cell=19,5 target_cluster=None active_clusters=2 remaining_cells=1 scans=2
turn=359 result=MISS
turn=360 picked cell=2,3 target_cluster=None active_clusters=2 remaining_cells=1 scans=2
turn=360 result=MISS
turn=361 picked cell=2,16 target_cluster=None active_clusters=2 remaining_cells=1 scans=2
turn=361 result=MISS
turn=362 picked cell=1,15 target_cluster=None active_clusters=2 remaining_cells=1 scans=2
turn=362 result=MISS
turn=363 picked cell=4,18 target_cluster=None active_clusters=2 remaining_cells=1 scans=2
turn=363 result=MISS
turn=364 picked cell=17,16 target_cluster=None active_clusters=2 remaining_cells=1 scans=2
turn=364 result=MISS
turn=365 picked cell=1,4 target_cluster=None active_clusters=2 remaining_cells=1 scans=2
turn=365 result=MISS
turn=366 picked cell=16,18 target_cluster=None active_clusters=2 remaining_cells=1 scans=2
turn=366 result=MISS
turn=367 picked cell=5,0 target_cluster=None active_clusters=2 remaining_cells=1 scans=2
turn=367 result=MISS
turn=368 picked cell=16,1 target_cluster=None active_clusters=2 remaining_cells=1 scans=2
turn=368 result=MISS
turn=369 picked cell=19,15 target_cluster=None active_clusters=2 remaining_cells=1 scans=2
turn=369 result=MISS
turn=370 picked cell=14,19 target_cluster=None active_clusters=2 remaining_cells=1 scans=2
turn=370 result=MISS
turn=371 picked cell=2,2 target_cluster=None active_clusters=2 remaining_cells=1 scans=2
turn=371 result=MISS
turn=372 picked cell=18,16 target_cluster=None active_clusters=2 remaining_cells=1 scans=2
turn=372 result=MISS
turn=373 picked cell=4,0 target_cluster=None active_clusters=2 remaining_cells=1 scans=2
turn=373 result=MISS
turn=374 picked cell=15,19 target_cluster=None active_clusters=2 remaining_cells=1 scans=2
turn=374 result=MISS
turn=375 picked cell=0,4 target_cluster=None active_clusters=2 remaining_cells=1 scans=2
turn=375 result=MISS
turn=376 picked cell=0,16 target_cluster=None active_clusters=2 remaining_cells=1 scans=2
turn=376 result=MISS
turn=377 picked cell=3,1 target_cluster=None active_clusters=2 remaining_cells=1 scans=2
turn=377 result=MISS
turn=378 picked cell=1,3 target_cluster=None active_clusters=2 remaining_cells=1 scans=2
turn=378 result=MISS
turn=379 picked cell=3,19 target_cluster=None active_clusters=2 remaining_cells=1 scans=2
turn=379 result=MISS
turn=380 picked cell=17,2 target_cluster=None active_clusters=2 remaining_cells=1 scans=2
turn=380 result=MISS
turn=381 picked cell=19,3 target_cluster=None active_clusters=2 remaining_cells=1 scans=2
turn=381 result=MISS
turn=382 picked cell=1,1 target_cluster=None active_clusters=2 remaining_cells=1 scans=2
turn=382 result=MISS
turn=383 picked cell=17,1 target_cluster=None active_clusters=2 remaining_cells=1 scans=2
turn=383 result=MISS
turn=384 picked cell=0,15 target_cluster=None active_clusters=2 remaining_cells=1 scans=2
turn=384 result=MISS
turn=385 picked cell=2,0 target_cluster=None active_clusters=2 remaining_cells=1 scans=2
turn=385 result=MISS
turn=386 picked cell=2,18 target_cluster=None active_clusters=2 remaining_cells=1 scans=2
turn=386 result=KILL
