turn=1 mode=SCAN region=0,0,6,14
turn=1 result=SCAN count=30
turn=2 mode=SCAN region=0,0,14,6
turn=2 result=SCAN count=30
turn=3 picked cell=8,8 target_cluster=None active_clusters=0 remaining_cells=66 scans=2
turn=3 result=MISS
turn=4 picked cell=7,7 target_cluster=None active_clusters=0 remaining_cells=66 scans=2
turn=4 result=HIT
turn=5 mode=CHASE cluster=0 cluster_len=1 cell=6,7 score=100001.655352 chase_score=5052.155352 prob=1.655352
turn=5 picked cell=6,7 target_cluster=Some(0) active_clusters=1 remaining_cells=65 scans=2
turn=5 result=HIT
turn=6 mode=CHASE cluster=0 cluster_len=2 cell=5,7 score=200001.630871 chase_score=10142.630871 prob=1.630871
turn=6 picked cell=5,7 target_cluster=Some(0) active_clusters=1 remaining_cells=64 scans=2
turn=6 result=MISS
turn=7 mode=CHASE cluster=0 cluster_len=2 cell=8,7 score=200000.767162 chase_score=10053.767162 prob=0.767162
turn=7 picked cell=8,7 target_cluster=Some(0) active_clusters=1 remaining_cells=64 scans=2
turn=7 result=MISS
turn=8 mode=CHASE cluster=0 cluster_len=2 cell=7,6 score=200001.731244 chase_score=5001.731244 prob=1.731244
turn=8 picked cell=7,6 target_cluster=Some(0) active_clusters=1 remaining_cells=64 scans=2
turn=8 result=HIT
turn=9 mode=CHASE cluster=0 cluster_len=3 cell=6,6 score=300001.731244 chase_score=5001.731244 prob=1.731244
turn=9 picked cell=6,6 target_cluster=Some(0) active_clusters=1 remaining_cells=63 scans=2
turn=9 result=HIT
turn=10 mode=CHASE cluster=0 cluster_len=4 cell=7,5 score=400001.705295 chase_score=5001.705295 prob=1.705295
turn=10 picked cell=7,5 target_cluster=Some(0) active_clusters=1 remaining_cells=62 scans=2
turn=10 result=HIT
turn=11 mode=CHASE cluster=0 cluster_len=5 cell=6,5 score=500001.705295 chase_score=5001.705295 prob=1.705295
turn=11 picked cell=6,5 target_cluster=Some(0) active_clusters=1 remaining_cells=61 scans=2
turn=11 result=HIT
turn=12 mode=CHASE cluster=0 cluster_len=6 cell=7,4 score=600001.679345 chase_score=5001.679345 prob=1.679345
turn=12 picked cell=7,4 target_cluster=Some(0) active_clusters=1 remaining_cells=60 scans=2
turn=12 result=HIT
turn=13 mode=CHASE cluster=0 cluster_len=7 cell=6,4 score=700001.679345 chase_score=5001.679345 prob=1.679345
turn=13 picked cell=6,4 target_cluster=Some(0) active_clusters=1 remaining_cells=59 scans=2
turn=13 result=MISS
turn=14 mode=CHASE cluster=0 cluster_len=7 cell=7,3 score=700001.640331 chase_score=5001.640331 prob=1.640331
turn=14 picked cell=7,3 target_cluster=Some(0) active_clusters=1 remaining_cells=59 scans=2
turn=14 result=MISS
turn=15 mode=CHASE cluster=0 cluster_len=7 cell=8,5 score=700001.316652 chase_score=5001.316652 prob=1.316652
turn=15 picked cell=8,5 target_cluster=Some(0) active_clusters=1 remaining_cells=59 scans=2
turn=15 result=MISS
turn=16 mode=CHASE cluster=0 cluster_len=7 cell=6,8 score=700001.219740 chase_score=5001.219740 prob=1.219740
turn=16 picked cell=6,8 target_cluster=Some(0) active_clusters=1 remaining_cells=59 scans=2
turn=16 result=HIT
turn=17 mode=CHASE cluster=0 cluster_len=8 cell=6,9 score=800001.800950 chase_score=5001.800950 prob=1.800950
turn=17 picked cell=6,9 target_cluster=Some(0) active_clusters=1 remaining_cells=58 scans=2
turn=17 result=KILL
turn=17 kill_infer inferred_len=5 committed_hits=4 cluster_hits=8
turn=18 mode=CHASE cluster=0 cluster_len=4 cell=7,8 score=400000.868307 chase_score=10022.868307 prob=0.868307
turn=18 picked cell=7,8 target_cluster=Some(0) active_clusters=1 remaining_cells=57 scans=2
turn=18 result=KILL
turn=18 kill_infer inferred_len=5 committed_hits=4 cluster_hits=4
turn=19 picked cell=9,10 target_cluster=None active_clusters=0 remaining_cells=56 scans=2
turn=19 result=KILL
turn=20 picked cell=10,11 target_cluster=None active_clusters=0 remaining_cells=55 scans=2
turn=20 result=HIT
turn=21 mode=CHASE cluster=0 cluster_len=1 cell=9,11 score=100000.960805 chase_score=5039.710805 prob=0.960805
turn=21 picked cell=9,11 target_cluster=Some(0) active_clusters=1 remaining_cells=54 scans=2
turn=21 result=HIT
turn=22 mode=CHASE cluster=0 cluster_len=2 cell=8,11 score=200001.289990 chase_score=10112.289990 prob=1.289990
turn=22 picked cell=8,11 target_cluster=Some(0) active_clusters=1 remaining_cells=53 scans=2
turn=22 result=MISS
turn=23 mode=CHASE cluster=0 cluster_len=2 cell=11,11 score=200001.178580 chase_score=10037.178580 prob=1.178580
turn=23 picked cell=11,11 target_cluster=Some(0) active_clusters=1 remaining_cells=53 scans=2
turn=23 result=HIT
turn=24 mode=CHASE cluster=0 cluster_len=3 cell=12,11 score=300001.178580 chase_score=10031.178580 prob=1.178580
turn=24 picked cell=12,11 target_cluster=Some(0) active_clusters=1 remaining_cells=52 scans=2
turn=24 result=KILL
turn=24 kill_infer inferred_len=4 committed_hits=3 cluster_hits=3
turn=25 picked cell=4,10 target_cluster=None active_clusters=0 remaining_cells=51 scans=2
turn=25 result=HIT
turn=26 mode=CHASE cluster=0 cluster_len=1 cell=4,9 score=100001.176992 chase_score=5036.926992 prob=1.176992
turn=26 picked cell=4,9 target_cluster=Some(0) active_clusters=1 remaining_cells=50 scans=2
turn=26 result=MISS
turn=27 mode=CHASE cluster=0 cluster_len=1 cell=3,10 score=100001.535204 chase_score=5033.785204 prob=1.535204
turn=27 picked cell=3,10 target_cluster=Some(0) active_clusters=1 remaining_cells=50 scans=2
turn=27 result=MISS
turn=28 mode=CHASE cluster=0 cluster_len=1 cell=4,11 score=100001.004952 chase_score=5011.004952 prob=1.004952
turn=28 picked cell=4,11 target_cluster=Some(0) active_clusters=1 remaining_cells=50 scans=2
turn=28 result=MISS
turn=29 mode=CHASE cluster=0 cluster_len=1 cell=5,10 score=100000.863596 chase_score=5010.863596 prob=0.863596
turn=29 picked cell=5,10 target_cluster=Some(0) active_clusters=1 remaining_cells=50 scans=2
turn=29 result=HIT
turn=30 mode=CHASE cluster=0 cluster_len=2 cell=6,10 score=200000.527385 chase_score=10032.527385 prob=0.527385
turn=30 picked cell=6,10 target_cluster=Some(0) active_clusters=1 remaining_cells=49 scans=2
turn=30 result=KILL
turn=30 kill_infer inferred_len=3 committed_hits=2 cluster_hits=2
turn=31 picked cell=9,2 target_cluster=None active_clusters=0 remaining_cells=48 scans=2
turn=31 result=MISS
turn=32 picked cell=11,4 target_cluster=None active_clusters=0 remaining_cells=48 scans=2
turn=32 result=HIT
turn=33 mode=CHASE cluster=0 cluster_len=1 cell=11,5 score=100001.331352 chase_score=5035.581352 prob=1.331352
turn=33 picked cell=11,5 target_cluster=Some(0) active_clusters=1 remaining_cells=47 scans=2
turn=33 result=HIT
turn=34 mode=CHASE cluster=0 cluster_len=2 cell=11,6 score=200001.501482 chase_score=10101.501482 prob=1.501482
turn=34 picked cell=11,6 target_cluster=Some(0) active_clusters=1 remaining_cells=46 scans=2
turn=34 result=HIT
turn=35 mode=CHASE cluster=0 cluster_len=3 cell=11,3 score=300001.405135 chase_score=10065.405135 prob=1.405135
turn=35 picked cell=11,3 target_cluster=Some(0) active_clusters=1 remaining_cells=45 scans=2
turn=35 result=HIT
turn=36 mode=CHASE cluster=0 cluster_len=4 cell=11,7 score=400001.235005 chase_score=10032.235005 prob=1.235005
turn=36 picked cell=11,7 target_cluster=Some(0) active_clusters=1 remaining_cells=44 scans=2
turn=36 result=MISS
turn=37 mode=CHASE cluster=0 cluster_len=4 cell=11,2 score=400000.865088 chase_score=10017.865088 prob=0.865088
turn=37 picked cell=11,2 target_cluster=Some(0) active_clusters=1 remaining_cells=44 scans=2
turn=37 result=KILL
turn=37 kill_infer inferred_len=5 committed_hits=4 cluster_hits=4
turn=38 picked cell=2,8 target_cluster=None active_clusters=0 remaining_cells=43 scans=2
turn=38 result=MISS
turn=39 picked cell=3,3 target_cluster=None active_clusters=0 remaining_cells=43 scans=2
turn=39 result=MISS
turn=40 picked cell=4,2 target_cluster=None active_clusters=0 remaining_cells=43 scans=2
turn=40 result=MISS
turn=41 picked cell=1,7 target_cluster=None active_clusters=0 remaining_cells=43 scans=2
turn=41 result=MISS
turn=42 picked cell=7,12 target_cluster=None active_clusters=0 remaining_cells=43 scans=2
turn=42 result=MISS
turn=43 picked cell=5,1 target_cluster=None active_clusters=0 remaining_cells=43 scans=2
turn=43 result=HIT
turn=44 mode=CHASE cluster=0 cluster_len=1 cell=6,1 score=100001.464632 chase_score=5032.464632 prob=1.464632
turn=44 picked cell=6,1 target_cluster=Some(0) active_clusters=1 remaining_cells=42 scans=2
turn=44 result=HIT
turn=45 mode=CHASE cluster=0 cluster_len=2 cell=7,1 score=200001.343009 chase_score=10086.343009 prob=1.343009
turn=45 picked cell=7,1 target_cluster=Some(0) active_clusters=1 remaining_cells=41 scans=2
turn=45 result=HIT
turn=46 mode=CHASE cluster=0 cluster_len=3 cell=8,1 score=300001.605476 chase_score=10055.605476 prob=1.605476
turn=46 picked cell=8,1 target_cluster=Some(0) active_clusters=1 remaining_cells=40 scans=2
turn=46 result=HIT
turn=47 mode=CHASE cluster=0 cluster_len=4 cell=9,1 score=400001.217139 chase_score=10027.217139 prob=1.217139
turn=47 picked cell=9,1 target_cluster=Some(0) active_clusters=1 remaining_cells=39 scans=2
turn=47 result=MISS
turn=48 mode=CHASE cluster=0 cluster_len=4 cell=4,1 score=400001.060134 chase_score=10013.060134 prob=1.060134
turn=48 picked cell=4,1 target_cluster=Some(0) active_clusters=1 remaining_cells=39 scans=2
turn=48 result=HIT
turn=49 mode=CHASE cluster=0 cluster_len=5 cell=3,1 score=500001.083145 chase_score=10008.083145 prob=1.083145
turn=49 picked cell=3,1 target_cluster=Some(0) active_clusters=1 remaining_cells=38 scans=2
turn=49 result=HIT
turn=50 mode=CHASE cluster=0 cluster_len=6 cell=2,1 score=600001.389763 chase_score=10008.389763 prob=1.389763
turn=50 picked cell=2,1 target_cluster=Some(0) active_clusters=1 remaining_cells=37 scans=2
turn=50 result=KILL
turn=50 kill_infer inferred_len=7 committed_hits=6 cluster_hits=6
turn=51 picked cell=13,9 target_cluster=None active_clusters=0 remaining_cells=36 scans=2
turn=51 result=MISS
turn=52 picked cell=2,12 target_cluster=None active_clusters=0 remaining_cells=36 scans=2
turn=52 result=MISS
turn=53 picked cell=12,8 target_cluster=None active_clusters=0 remaining_cells=36 scans=2
turn=53 result=MISS
turn=54 picked cell=6,13 target_cluster=None active_clusters=0 remaining_cells=36 scans=2
turn=54 result=HIT
turn=55 mode=CHASE cluster=0 cluster_len=1 cell=5,13 score=100001.075421 chase_score=5021.575421 prob=1.075421
turn=55 picked cell=5,13 target_cluster=Some(0) active_clusters=1 remaining_cells=35 scans=2
turn=55 result=MISS
turn=56 mode=CHASE cluster=0 cluster_len=1 cell=7,13 score=100000.530717 chase_score=5008.530717 prob=0.530717
turn=56 picked cell=7,13 target_cluster=Some(0) active_clusters=1 remaining_cells=35 scans=2
turn=56 result=MISS
turn=57 mode=CHASE cluster=0 cluster_len=1 cell=6,12 score=100000.469385 chase_score=5007.969385 prob=0.469385
turn=57 picked cell=6,12 target_cluster=Some(0) active_clusters=1 remaining_cells=35 scans=2
turn=57 result=HIT
turn=58 mode=CHASE cluster=0 cluster_len=2 cell=6,14 score=200001.070988 chase_score=10020.070988 prob=1.070988
turn=58 picked cell=6,14 target_cluster=Some(0) active_clusters=1 remaining_cells=34 scans=2
turn=58 result=HIT
turn=59 mode=CHASE cluster=0 cluster_len=3 cell=6,11 score=300000.330048 chase_score=10016.330048 prob=0.330048
turn=59 picked cell=6,11 target_cluster=Some(0) active_clusters=1 remaining_cells=33 scans=2
turn=59 result=KILL
turn=59 kill_infer inferred_len=4 committed_hits=3 cluster_hits=3
turn=60 picked cell=14,10 target_cluster=None active_clusters=0 remaining_cells=32 scans=2
turn=60 result=HIT
turn=61 mode=CHASE cluster=0 cluster_len=1 cell=14,9 score=100000.796169 chase_score=5018.296169 prob=0.796169
turn=61 picked cell=14,9 target_cluster=Some(0) active_clusters=1 remaining_cells=31 scans=2
turn=61 result=HIT
turn=62 mode=CHASE cluster=0 cluster_len=2 cell=14,8 score=200000.841403 chase_score=10042.841403 prob=0.841403
turn=62 picked cell=14,8 target_cluster=Some(0) active_clusters=1 remaining_cells=30 scans=2
turn=62 result=HIT
turn=63 mode=CHASE cluster=0 cluster_len=3 cell=14,7 score=300000.860840 chase_score=10022.860840 prob=0.860840
turn=63 picked cell=14,7 target_cluster=Some(0) active_clusters=1 remaining_cells=29 scans=2
turn=63 result=HIT
turn=64 mode=CHASE cluster=0 cluster_len=4 cell=14,6 score=400000.860840 chase_score=10005.860840 prob=0.860840
turn=64 picked cell=14,6 target_cluster=Some(0) active_clusters=1 remaining_cells=28 scans=2
turn=64 result=KILL
turn=64 kill_infer inferred_len=5 committed_hits=4 cluster_hits=4
turn=65 picked cell=1,11 target_cluster=None active_clusters=0 remaining_cells=27 scans=2
turn=65 result=MISS
turn=66 picked cell=3,6 target_cluster=None active_clusters=0 remaining_cells=27 scans=2
turn=66 result=MISS
turn=67 picked cell=2,5 target_cluster=None active_clusters=0 remaining_cells=27 scans=2
turn=67 result=MISS
turn=68 picked cell=10,9 target_cluster=None active_clusters=0 remaining_cells=27 scans=2
turn=68 result=MISS
turn=69 picked cell=0,9 target_cluster=None active_clusters=0 remaining_cells=27 scans=2
turn=69 result=HIT
turn=70 mode=CHASE cluster=0 cluster_len=1 cell=0,10 score=100000.764739 chase_score=5013.264739 prob=0.764739
turn=70 picked cell=0,10 target_cluster=Some(0) active_clusters=1 remaining_cells=26 scans=2
turn=70 result=HIT
turn=71 mode=CHASE cluster=0 cluster_len=2 cell=0,8 score=200000.741763 chase_score=10027.741763 prob=0.741763
turn=71 picked cell=0,8 target_cluster=Some(0) active_clusters=1 remaining_cells=25 scans=2
turn=71 result=HIT
turn=72 mode=CHASE cluster=0 cluster_len=3 cell=0,7 score=300000.690283 chase_score=10012.690283 prob=0.690283
turn=72 picked cell=0,7 target_cluster=Some(0) active_clusters=1 remaining_cells=24 scans=2
turn=72 result=KILL
turn=72 kill_infer inferred_len=4 committed_hits=3 cluster_hits=3
turn=73 picked cell=10,0 target_cluster=None active_clusters=0 remaining_cells=23 scans=2
turn=73 result=MISS
turn=74 picked cell=12,1 target_cluster=None active_clusters=0 remaining_cells=23 scans=2
turn=74 result=KILL
turn=75 picked cell=13,12 target_cluster=None active_clusters=0 remaining_cells=22 scans=2
turn=75 result=HIT
turn=76 mode=CHASE cluster=0 cluster_len=1 cell=13,13 score=100000.739141 chase_score=5008.239141 prob=0.739141
turn=76 picked cell=13,13 target_cluster=Some(0) active_clusters=1 remaining_cells=21 scans=2
turn=76 result=MISS
turn=77 mode=CHASE cluster=0 cluster_len=1 cell=12,12 score=100000.616822 chase_score=5008.116822 prob=0.616822
turn=77 picked cell=12,12 target_cluster=Some(0) active_clusters=1 remaining_cells=21 scans=2
turn=77 result=HIT
turn=78 mode=CHASE cluster=0 cluster_len=2 cell=11,12 score=200000.715186 chase_score=10019.715186 prob=0.715186
turn=78 picked cell=11,12 target_cluster=Some(0) active_clusters=1 remaining_cells=20 scans=2
turn=78 result=HIT
turn=79 mode=CHASE cluster=0 cluster_len=3 cell=10,12 score=300000.616822 chase_score=10008.616822 prob=0.616822
turn=79 picked cell=10,12 target_cluster=Some(0) active_clusters=1 remaining_cells=19 scans=2
turn=79 result=KILL
turn=79 kill_infer inferred_len=4 committed_hits=3 cluster_hits=3
turn=80 picked cell=1,4 target_cluster=None active_clusters=0 remaining_cells=18 scans=2
turn=80 result=MISS
turn=81 picked cell=4,4 target_cluster=None active_clusters=0 remaining_cells=18 scans=2
turn=81 result=MISS
turn=82 picked cell=0,3 target_cluster=None active_clusters=0 remaining_cells=18 scans=2
turn=82 result=MISS
turn=83 picked cell=13,3 target_cluster=None active_clusters=0 remaining_cells=18 scans=2
turn=83 result=MISS
turn=84 picked cell=9,6 target_cluster=None active_clusters=0 remaining_cells=18 scans=2
turn=84 result=MISS
turn=85 picked cell=1,2 target_cluster=None active_clusters=0 remaining_cells=18 scans=2
turn=85 result=HIT
turn=86 mode=CHASE cluster=0 cluster_len=1 cell=2,2 score=100000.404924 chase_score=5004.904924 prob=0.404924
turn=86 picked cell=2,2 target_cluster=Some(0) active_clusters=1 remaining_cells=17 scans=2
turn=86 result=MISS
turn=87 mode=CHASE cluster=0 cluster_len=1 cell=1,1 score=100000.381216 chase_score=5004.881216 prob=0.381216
turn=87 picked cell=1,1 target_cluster=Some(0) active_clusters=1 remaining_cells=17 scans=2
turn=87 result=HIT
turn=88 mode=CHASE cluster=0 cluster_len=2 cell=1,0 score=200000.553461 chase_score=10007.553461 prob=0.553461
turn=88 picked cell=1,0 target_cluster=Some(0) active_clusters=1 remaining_cells=16 scans=2
turn=88 result=KILL
turn=88 kill_infer inferred_len=3 committed_hits=2 cluster_hits=2
turn=89 picked cell=10,4 target_cluster=None active_clusters=0 remaining_cells=15 scans=2
turn=89 result=HIT
turn=90 mode=CHASE cluster=0 cluster_len=1 cell=10,5 score=100000.555915 chase_score=5005.555915 prob=0.555915
turn=90 picked cell=10,5 target_cluster=Some(0) active_clusters=1 remaining_cells=14 scans=2
turn=90 result=HIT
turn=91 mode=CHASE cluster=0 cluster_len=2 cell=10,3 score=200000.481470 chase_score=10008.481470 prob=0.481470
turn=91 picked cell=10,3 target_cluster=Some(0) active_clusters=1 remaining_cells=13 scans=2
turn=91 result=MISS
turn=92 mode=CHASE cluster=0 cluster_len=2 cell=10,6 score=200000.356836 chase_score=10004.356836 prob=0.356836
turn=92 picked cell=10,6 target_cluster=Some(0) active_clusters=1 remaining_cells=13 scans=2
turn=92 result=HIT
turn=93 mode=CHASE cluster=0 cluster_len=3 cell=10,7 score=300000.431130 chase_score=10004.431130 prob=0.431130
turn=93 picked cell=10,7 target_cluster=Some(0) active_clusters=1 remaining_cells=12 scans=2
turn=93 result=HIT
turn=94 mode=CHASE cluster=0 cluster_len=4 cell=10,8 score=400000.350928 chase_score=10000.350928 prob=0.350928
turn=94 picked cell=10,8 target_cluster=Some(0) active_clusters=1 remaining_cells=11 scans=2
turn=94 result=KILL
turn=94 kill_infer inferred_len=4 committed_hits=3 cluster_hits=4
turn=95 mode=CHASE cluster=0 cluster_len=1 cell=9,4 score=100000.232914 chase_score=5002.232914 prob=0.232914
turn=95 picked cell=9,4 target_cluster=Some(0) active_clusters=1 remaining_cells=10 scans=2
turn=95 result=MISS
turn=96 picked cell=5,3 target_cluster=None active_clusters=1 remaining_cells=10 scans=2
turn=96 result=MISS
turn=97 picked cell=3,13 target_cluster=None active_clusters=1 remaining_cells=10 scans=2
turn=97 result=MISS
turn=98 picked cell=1,13 target_cluster=None active_clusters=1 remaining_cells=10 scans=2
turn=98 result=MISS
turn=99 picked cell=5,5 target_cluster=None active_clusters=1 remaining_cells=10 scans=2
turn=99 result=MISS
turn=100 picked cell=4,6 target_cluster=None active_clusters=1 remaining_cells=10 scans=2
turn=100 result=MISS
turn=101 picked cell=1,6 target_cluster=None active_clusters=1 remaining_cells=10 scans=2
turn=101 result=HIT
turn=102 mode=CHASE cluster=1 cluster_len=1 cell=2,6 score=100000.151297 chase_score=5002.151297 prob=0.151297
turn=102 picked cell=2,6 target_cluster=Some(1) active_clusters=2 remaining_cells=9 scans=2
turn=102 result=KILL
turn=102 kill_infer inferred_len=2 committed_hits=1 cluster_hits=1
turn=103 picked cell=3,7 target_cluster=None active_clusters=1 remaining_cells=8 scans=2
turn=103 result=MISS
turn=104 picked cell=4,8 target_cluster=None active_clusters=1 remaining_cells=8 scans=2
turn=104 result=MISS
turn=105 picked cell=4,14 target_cluster=None active_clusters=1 remaining_cells=8 scans=2
turn=105 result=MISS
turn=106 picked cell=2,9 target_cluster=None active_clusters=1 remaining_cells=8 scans=2
turn=106 result=HIT
turn=107 mode=CHASE cluster=1 cluster_len=1 cell=1,9 score=100000.180926 chase_score=5001.680926 prob=0.180926
turn=107 picked cell=1,9 target_cluster=Some(1) active_clusters=2 remaining_cells=7 scans=2
turn=107 result=MISS
turn=108 mode=CHASE cluster=1 cluster_len=1 cell=2,10 score=100000.185289 chase_score=5001.685289 prob=0.185289
turn=108 picked cell=2,10 target_cluster=Some(1) active_clusters=2 remaining_cells=7 scans=2
turn=108 result=MISS
turn=109 mode=CHASE cluster=1 cluster_len=1 cell=3,9 score=100000.138754 chase_score=5001.638754 prob=0.138754
turn=109 picked cell=3,9 target_cluster=Some(1) active_clusters=2 remaining_cells=7 scans=2
turn=109 result=KILL
turn=109 kill_infer inferred_len=2 committed_hits=1 cluster_hits=1
turn=110 picked cell=13,5 target_cluster=None active_clusters=1 remaining_cells=6 scans=2
turn=110 result=MISS
turn=111 picked cell=9,13 target_cluster=None active_clusters=1 remaining_cells=6 scans=2
turn=111 result=MISS
turn=112 picked cell=8,3 target_cluster=None active_clusters=1 remaining_cells=6 scans=2
turn=112 result=HIT
turn=113 mode=CHASE cluster=1 cluster_len=1 cell=8,2 score=100000.108601 chase_score=5001.108601 prob=0.108601
turn=113 picked cell=8,2 target_cluster=Some(1) active_clusters=2 remaining_cells=5 scans=2
turn=113 result=MISS
turn=114 mode=CHASE cluster=1 cluster_len=1 cell=9,3 score=100000.073987 chase_score=5001.073987 prob=0.073987
turn=114 picked cell=9,3 target_cluster=Some(1) active_clusters=2 remaining_cells=5 scans=2
turn=114 result=MISS
turn=115 mode=CHASE cluster=1 cluster_len=1 cell=8,4 score=100000.074712 chase_score=5001.074712 prob=0.074712
turn=115 picked cell=8,4 target_cluster=Some(1) active_clusters=2 remaining_cells=5 scans=2
turn=115 result=KILL
turn=115 kill_infer inferred_len=2 committed_hits=1 cluster_hits=1
turn=116 picked cell=4,12 target_cluster=None active_clusters=1 remaining_cells=4 scans=2
turn=116 result=KILL
turn=117 picked cell=8,9 target_cluster=None active_clusters=1 remaining_cells=3 scans=2
turn=117 result=MISS
turn=118 picked cell=7,10 target_cluster=None active_clusters=1 remaining_cells=3 scans=2
turn=118 result=MISS
turn=119 picked cell=9,8 target_cluster=None active_clusters=1 remaining_cells=3 scans=2
turn=119 result=MISS
turn=120 picked cell=11,9 target_cluster=None active_clusters=1 remaining_cells=3 scans=2
turn=120 result=MISS
turn=121 picked cell=12,10 target_cluster=None active_clusters=1 remaining_cells=3 scans=2
turn=121 result=MISS
turn=122 picked cell=13,7 target_cluster=None active_clusters=1 remaining_cells=3 scans=2
turn=122 result=MISS
turn=123 picked cell=8,12 target_cluster=None active_clusters=1 remaining_cells=3 scans=2
turn=123 result=MISS
turn=124 picked cell=8,14 target_cluster=None active_clusters=1 remaining_cells=3 scans=2
turn=124 result=MISS
turn=125 picked cell=11,13 target_cluster=None active_clusters=1 remaining_cells=3 scans=2
turn=125 result=MISS
turn=126 picked cell=10,14 target_cluster=None active_clusters=1 remaining_cells=3 scans=2
turn=126 result=MISS
turn=127 picked cell=11,10 target_cluster=None active_clusters=1 remaining_cells=3 scans=2
turn=127 result=MISS
turn=128 picked cell=12,14 target_cluster=None active_clusters=1 remaining_cells=3 scans=2
turn=128 result=MISS
turn=129 picked cell=12,7 target_cluster=None active_clusters=1 remaining_cells=3 scans=2
turn=129 result=MISS
turn=130 picked cell=14,11 target_cluster=None active_clusters=1 remaining_cells=3 scans=2
turn=130 result=KILL
turn=131 picked cell=0,12 target_cluster=None active_clusters=1 remaining_cells=2 scans=2
turn=131 result=MISS
turn=132 picked cell=2,14 target_cluster=None active_clusters=1 remaining_cells=2 scans=2
turn=132 result=MISS
turn=133 picked cell=6,2 target_cluster=None active_clusters=1 remaining_cells=2 scans=2
turn=133 result=KILL
turn=134 picked cell=14,13 target_cluster=None active_clusters=1 remaining_cells=1 scans=2
turn=134 result=KILL
