turn=1 mode=SCAN region=0,0,9,19
turn=1 result=SCAN count=79
turn=2 mode=SCAN region=0,0,19,9
turn=2 result=SCAN count=80
turn=3 picked cell=9,9 target_cluster=None active_clusters=0 remaining_cells=158 scans=2
turn=3 result=MISS
turn=4 picked cell=10,8 target_cluster=None active_clusters=0 remaining_cells=158 scans=2
turn=4 result=HIT
turn=5 mode=CHASE cluster=0 cluster_len=1 cell=11,8 score=100004.359208 chase_score=5243.359208 prob=4.359208
turn=5 picked cell=11,8 target_cluster=Some(0) active_clusters=1 remaining_cells=157 scans=2
turn=5 result=HIT
turn=6 mode=CHASE cluster=0 cluster_len=2 cell=12,8 score=200004.233069 chase_score=10804.233069 prob=4.233069
turn=6 picked cell=12,8 target_cluster=Some(0) active_clusters=1 remaining_cells=156 scans=2
turn=6 result=MISS
turn=7 mode=CHASE cluster=0 cluster_len=2 cell=9,8 score=200001.180759 chase_score=10153.180759 prob=1.180759
turn=7 picked cell=9,8 target_cluster=Some(0) active_clusters=1 remaining_cells=156 scans=2
turn=7 result=MISS
turn=8 mode=CHASE cluster=0 cluster_len=2 cell=10,7 score=200004.500726 chase_score=5004.500726 prob=4.500726
turn=8 picked cell=10,7 target_cluster=Some(0) active_clusters=1 remaining_cells=156 scans=2
turn=8 result=HIT
turn=9 mode=CHASE cluster=0 cluster_len=3 cell=11,7 score=300004.408310 chase_score=5004.408310 prob=4.408310
turn=9 picked cell=11,7 target_cluster=Some(0) active_clusters=1 remaining_cells=155 scans=2
turn=9 result=HIT
turn=10 mode=CHASE cluster=0 cluster_len=4 cell=10,6 score=400004.318573 chase_score=5004.318573 prob=4.318573
turn=10 picked cell=10,6 target_cluster=Some(0) active_clusters=1 remaining_cells=154 scans=2
turn=10 result=HIT
turn=11 mode=CHASE cluster=0 cluster_len=5 cell=11,6 score=500004.226158 chase_score=5004.226158 prob=4.226158
turn=11 picked cell=11,6 target_cluster=Some(0) active_clusters=1 remaining_cells=153 scans=2
turn=11 result=HIT
turn=12 mode=CHASE cluster=0 cluster_len=6 cell=10,5 score=600004.122369 chase_score=5004.122369 prob=4.122369
turn=12 picked cell=10,5 target_cluster=Some(0) active_clusters=1 remaining_cells=152 scans=2
turn=12 result=HIT
turn=13 mode=CHASE cluster=0 cluster_len=7 cell=11,5 score=700004.029954 chase_score=5004.029954 prob=4.029954
turn=13 picked cell=11,5 target_cluster=Some(0) active_clusters=1 remaining_cells=151 scans=2
turn=13 result=HIT
turn=14 mode=CHASE cluster=0 cluster_len=8 cell=10,4 score=800003.879737 chase_score=5003.879737 prob=3.879737
turn=14 picked cell=10,4 target_cluster=Some(0) active_clusters=1 remaining_cells=150 scans=2
turn=14 result=HIT
turn=15 mode=CHASE cluster=0 cluster_len=9 cell=11,4 score=900003.787321 chase_score=5003.787321 prob=3.787321
turn=15 picked cell=11,4 target_cluster=Some(0) active_clusters=1 remaining_cells=149 scans=2
turn=15 result=HIT
turn=16 mode=CHASE cluster=0 cluster_len=10 cell=10,3 score=1000003.618384 chase_score=5003.618384 prob=3.618384
turn=16 picked cell=10,3 target_cluster=Some(0) active_clusters=1 remaining_cells=148 scans=2
turn=16 result=MISS
turn=17 mode=CHASE cluster=0 cluster_len=10 cell=11,9 score=1000002.990804 chase_score=5002.990804 prob=2.990804
turn=17 picked cell=11,9 target_cluster=Some(0) active_clusters=1 remaining_cells=148 scans=2
turn=17 result=HIT
turn=18 mode=CHASE cluster=0 cluster_len=11 cell=11,10 score=1100004.755526 chase_score=5004.755526 prob=4.755526
turn=18 picked cell=11,10 target_cluster=Some(0) active_clusters=1 remaining_cells=147 scans=2
turn=18 result=MISS
turn=19 mode=CHASE cluster=0 cluster_len=11 cell=9,4 score=1100003.044021 chase_score=5003.044021 prob=3.044021
turn=19 picked cell=9,4 target_cluster=Some(0) active_clusters=1 remaining_cells=147 scans=2
turn=19 result=HIT
turn=20 mode=CHASE cluster=0 cluster_len=12 cell=8,4 score=1200004.028066 chase_score=5004.028066 prob=4.028066
turn=20 picked cell=8,4 target_cluster=Some(0) active_clusters=1 remaining_cells=146 scans=2
turn=20 result=HIT
turn=21 mode=CHASE cluster=0 cluster_len=13 cell=8,5 score=1300004.286738 chase_score=5004.286738 prob=4.286738
turn=21 picked cell=8,5 target_cluster=Some(0) active_clusters=1 remaining_cells=145 scans=2
turn=21 result=HIT
turn=22 mode=CHASE cluster=0 cluster_len=14 cell=8,6 score=1400004.496591 chase_score=5004.496591 prob=4.496591
turn=22 picked cell=8,6 target_cluster=Some(0) active_clusters=1 remaining_cells=144 scans=2
turn=22 result=MISS
turn=23 mode=CHASE cluster=0 cluster_len=14 cell=7,5 score=1400004.281241 chase_score=5004.281241 prob=4.281241
turn=23 picked cell=7,5 target_cluster=Some(0) active_clusters=1 remaining_cells=144 scans=2
turn=23 result=HIT
turn=24 mode=CHASE cluster=0 cluster_len=15 cell=6,5 score=1500004.079106 chase_score=5004.079106 prob=4.079106
turn=24 picked cell=6,5 target_cluster=Some(0) active_clusters=1 remaining_cells=143 scans=2
turn=24 result=HIT
turn=25 mode=CHASE cluster=0 cluster_len=16 cell=7,4 score=1600004.013690 chase_score=5004.013690 prob=4.013690
turn=25 picked cell=7,4 target_cluster=Some(0) active_clusters=1 remaining_cells=142 scans=2
turn=25 result=HIT
turn=26 mode=CHASE cluster=0 cluster_len=17 cell=5,5 score=1700003.861694 chase_score=5003.861694 prob=3.861694
turn=26 picked cell=5,5 target_cluster=Some(0) active_clusters=1 remaining_cells=141 scans=2
turn=26 result=HIT
turn=27 mode=CHASE cluster=0 cluster_len=18 cell=6,4 score=1800003.811555 chase_score=5003.811555 prob=3.811555
turn=27 picked cell=6,4 target_cluster=Some(0) active_clusters=1 remaining_cells=140 scans=2
turn=27 result=HIT
turn=28 mode=CHASE cluster=0 cluster_len=19 cell=4,5 score=1900003.594143 chase_score=5003.594143 prob=3.594143
turn=28 picked cell=4,5 target_cluster=Some(0) active_clusters=1 remaining_cells=139 scans=2
turn=28 result=HIT
turn=29 mode=CHASE cluster=0 cluster_len=20 cell=5,4 score=2000003.594143 chase_score=5003.594143 prob=3.594143
turn=29 picked cell=5,4 target_cluster=Some(0) active_clusters=1 remaining_cells=138 scans=2
turn=29 result=HIT
turn=30 mode=CHASE cluster=0 cluster_len=21 cell=4,4 score=2100003.326592 chase_score=5003.326592 prob=3.326592
turn=30 picked cell=4,4 target_cluster=Some(0) active_clusters=1 remaining_cells=137 scans=2
turn=30 result=HIT
turn=31 mode=CHASE cluster=0 cluster_len=22 cell=3,5 score=2200003.306477 chase_score=5003.306477 prob=3.306477
turn=31 picked cell=3,5 target_cluster=Some(0) active_clusters=1 remaining_cells=136 scans=2
turn=31 result=HIT
turn=32 mode=CHASE cluster=0 cluster_len=23 cell=9,5 score=2300003.083262 chase_score=5003.083262 prob=3.083262
turn=32 picked cell=9,5 target_cluster=Some(0) active_clusters=1 remaining_cells=135 scans=2
turn=32 result=HIT
turn=33 mode=CHASE cluster=0 cluster_len=24 cell=3,4 score=2400003.038926 chase_score=5003.038926 prob=3.038926
turn=33 picked cell=3,4 target_cluster=Some(0) active_clusters=1 remaining_cells=134 scans=2
turn=33 result=HIT
turn=34 mode=CHASE cluster=0 cluster_len=25 cell=2,5 score=2500002.979891 chase_score=5002.979891 prob=2.979891
turn=34 picked cell=2,5 target_cluster=Some(0) active_clusters=1 remaining_cells=133 scans=2
turn=34 result=HIT
turn=35 mode=CHASE cluster=0 cluster_len=26 cell=12,4 score=2600002.891836 chase_score=5002.891836 prob=2.891836
turn=35 picked cell=12,4 target_cluster=Some(0) active_clusters=1 remaining_cells=132 scans=2
turn=35 result=MISS
turn=36 mode=CHASE cluster=0 cluster_len=26 cell=9,7 score=2600002.865496 chase_score=5002.865496 prob=2.865496
turn=36 picked cell=9,7 target_cluster=Some(0) active_clusters=1 remaining_cells=132 scans=2
turn=36 result=MISS
turn=37 mode=CHASE cluster=0 cluster_len=26 cell=2,4 score=2600002.827425 chase_score=5002.827425 prob=2.827425
turn=37 picked cell=2,4 target_cluster=Some(0) active_clusters=1 remaining_cells=132 scans=2
turn=37 result=KILL
turn=37 kill_infer inferred_len=10 committed_hits=9 cluster_hits=26
turn=38 mode=CHASE cluster=0 cluster_len=17 cell=1,5 score=1700002.754474 chase_score=5002.754474 prob=2.754474
turn=38 picked cell=1,5 target_cluster=Some(0) active_clusters=1 remaining_cells=131 scans=2
turn=38 result=KILL
turn=38 kill_infer inferred_len=10 committed_hits=9 cluster_hits=17
turn=39 mode=CHASE cluster=0 cluster_len=8 cell=10,9 score=800001.748735 chase_score=5001.748735 prob=1.748735
turn=39 picked cell=10,9 target_cluster=Some(0) active_clusters=1 remaining_cells=130 scans=2
turn=39 result=KILL
turn=39 kill_infer inferred_len=4 committed_hits=3 cluster_hits=8
turn=40 mode=CHASE cluster=0 cluster_len=5 cell=12,9 score=500000.889663 chase_score=5000.889663 prob=0.889663
turn=40 picked cell=12,9 target_cluster=Some(0) active_clusters=1 remaining_cells=129 scans=2
turn=40 result=MISS
turn=41 mode=CHASE cluster=0 cluster_len=5 cell=12,6 score=500000.574866 chase_score=5000.574866 prob=0.574866
turn=41 picked cell=12,6 target_cluster=Some(0) active_clusters=1 remaining_cells=129 scans=2
turn=41 result=MISS
turn=42 mode=CHASE cluster=0 cluster_len=5 cell=12,5 score=500000.539783 chase_score=5000.539783 prob=0.539783
turn=42 picked cell=12,5 target_cluster=Some(0) active_clusters=1 remaining_cells=129 scans=2
turn=42 result=MISS
turn=43 mode=CHASE cluster=0 cluster_len=5 cell=12,7 score=500000.541873 chase_score=5000.541873 prob=0.541873
turn=43 picked cell=12,7 target_cluster=Some(0) active_clusters=1 remaining_cells=129 scans=2
turn=43 result=MISS
turn=44 picked cell=13,11 target_cluster=None active_clusters=1 remaining_cells=129 scans=2
turn=44 result=HIT
turn=45 mode=CHASE cluster=1 cluster_len=1 cell=13,10 score=100002.979855 chase_score=5193.979855 prob=2.979855
turn=45 picked cell=13,10 target_cluster=Some(1) active_clusters=2 remaining_cells=128 scans=2
turn=45 result=HIT
turn=46 mode=CHASE cluster=1 cluster_len=2 cell=13,12 score=200004.563785 chase_score=10636.563785 prob=4.563785
turn=46 picked cell=13,12 target_cluster=Some(1) active_clusters=2 remaining_cells=127 scans=2
turn=46 result=MISS
turn=47 mode=CHASE cluster=1 cluster_len=2 cell=13,9 score=200001.302686 chase_score=10129.302686 prob=1.302686
turn=47 picked cell=13,9 target_cluster=Some(1) active_clusters=2 remaining_cells=127 scans=2
turn=47 result=MISS
turn=48 mode=CHASE cluster=1 cluster_len=2 cell=14,11 score=200004.705162 chase_score=5004.705162 prob=4.705162
turn=48 picked cell=14,11 target_cluster=Some(1) active_clusters=2 remaining_cells=127 scans=2
turn=48 result=HIT
turn=49 mode=CHASE cluster=1 cluster_len=3 cell=15,11 score=300004.420236 chase_score=5004.420236 prob=4.420236
turn=49 picked cell=15,11 target_cluster=Some(1) active_clusters=2 remaining_cells=126 scans=2
turn=49 result=HIT
turn=50 mode=CHASE cluster=1 cluster_len=4 cell=16,11 score=400004.109826 chase_score=5004.109826 prob=4.109826
turn=50 picked cell=16,11 target_cluster=Some(1) active_clusters=2 remaining_cells=125 scans=2
turn=50 result=HIT
turn=51 mode=CHASE cluster=1 cluster_len=5 cell=17,11 score=500003.760574 chase_score=5003.760574 prob=3.760574
turn=51 picked cell=17,11 target_cluster=Some(1) active_clusters=2 remaining_cells=124 scans=2
turn=51 result=MISS
turn=52 mode=CHASE cluster=1 cluster_len=5 cell=15,10 score=500003.442033 chase_score=5003.442033 prob=3.442033
turn=52 picked cell=15,10 target_cluster=Some(1) active_clusters=2 remaining_cells=124 scans=2
turn=52 result=HIT
turn=53 mode=CHASE cluster=1 cluster_len=6 cell=16,10 score=600003.442033 chase_score=5003.442033 prob=3.442033
turn=53 picked cell=16,10 target_cluster=Some(1) active_clusters=2 remaining_cells=123 scans=2
turn=53 result=HIT
turn=54 mode=CHASE cluster=1 cluster_len=7 cell=14,10 score=700003.376406 chase_score=5003.376406 prob=3.376406
turn=54 picked cell=14,10 target_cluster=Some(1) active_clusters=2 remaining_cells=122 scans=2
turn=54 result=HIT
turn=55 mode=CHASE cluster=1 cluster_len=8 cell=16,9 score=800003.103734 chase_score=5003.103734 prob=3.103734
turn=55 picked cell=16,9 target_cluster=Some(1) active_clusters=2 remaining_cells=121 scans=2
turn=55 result=MISS
turn=56 mode=CHASE cluster=1 cluster_len=8 cell=15,12 score=800002.917741 chase_score=5002.917741 prob=2.917741
turn=56 picked cell=15,12 target_cluster=Some(1) active_clusters=2 remaining_cells=121 scans=2
turn=56 result=MISS
turn=57 mode=CHASE cluster=1 cluster_len=8 cell=14,9 score=800002.955097 chase_score=5002.955097 prob=2.955097
turn=57 picked cell=14,9 target_cluster=Some(1) active_clusters=2 remaining_cells=121 scans=2
turn=57 result=MISS
turn=58 mode=CHASE cluster=1 cluster_len=8 cell=12,11 score=800002.773762 chase_score=5002.773762 prob=2.773762
turn=58 picked cell=12,11 target_cluster=Some(1) active_clusters=2 remaining_cells=121 scans=2
turn=58 result=KILL
turn=58 kill_infer inferred_len=5 committed_hits=4 cluster_hits=8
turn=59 mode=CHASE cluster=1 cluster_len=4 cell=17,10 score=400001.055754 chase_score=10092.055754 prob=1.055754
turn=59 picked cell=17,10 target_cluster=Some(1) active_clusters=2 remaining_cells=120 scans=2
turn=59 result=HIT
turn=60 mode=CHASE cluster=1 cluster_len=5 cell=18,10 score=500003.569388 chase_score=10065.569388 prob=3.569388
turn=60 picked cell=18,10 target_cluster=Some(1) active_clusters=2 remaining_cells=119 scans=2
turn=60 result=MISS
turn=61 mode=CHASE cluster=1 cluster_len=5 cell=12,10 score=500000.180487 chase_score=10024.180487 prob=0.180487
turn=61 picked cell=12,10 target_cluster=Some(1) active_clusters=2 remaining_cells=119 scans=2
turn=61 result=KILL
turn=61 kill_infer inferred_len=6 committed_hits=5 cluster_hits=5
turn=62 picked cell=7,13 target_cluster=None active_clusters=1 remaining_cells=118 scans=2
turn=62 result=HIT
turn=63 mode=CHASE cluster=1 cluster_len=1 cell=8,13 score=100005.195278 chase_score=5178.695278 prob=5.195278
turn=63 picked cell=8,13 target_cluster=Some(1) active_clusters=2 remaining_cells=117 scans=2
turn=63 result=HIT
turn=64 mode=CHASE cluster=1 cluster_len=2 cell=9,13 score=200004.325325 chase_score=10597.325325 prob=4.325325
turn=64 picked cell=9,13 target_cluster=Some(1) active_clusters=2 remaining_cells=116 scans=2
turn=64 result=HIT
turn=65 mode=CHASE cluster=1 cluster_len=3 cell=6,13 score=300005.031516 chase_score=10481.031516 prob=5.031516
turn=65 picked cell=6,13 target_cluster=Some(1) active_clusters=2 remaining_cells=115 scans=2
turn=65 result=HIT
turn=66 mode=CHASE cluster=1 cluster_len=4 cell=5,13 score=400004.754809 chase_score=10372.754809 prob=4.754809
turn=66 picked cell=5,13 target_cluster=Some(1) active_clusters=2 remaining_cells=114 scans=2
turn=66 result=HIT
turn=67 mode=CHASE cluster=1 cluster_len=5 cell=4,13 score=500004.420507 chase_score=10280.420507 prob=4.420507
turn=67 picked cell=4,13 target_cluster=Some(1) active_clusters=2 remaining_cells=113 scans=2
turn=67 result=HIT
turn=68 mode=CHASE cluster=1 cluster_len=6 cell=10,13 score=600004.325325 chase_score=10193.325325 prob=4.325325
turn=68 picked cell=10,13 target_cluster=Some(1) active_clusters=2 remaining_cells=112 scans=2
turn=68 result=MISS
turn=69 mode=CHASE cluster=1 cluster_len=6 cell=3,13 score=600003.720415 chase_score=10072.720415 prob=3.720415
turn=69 picked cell=3,13 target_cluster=Some(1) active_clusters=2 remaining_cells=112 scans=2
turn=69 result=HIT
turn=70 mode=CHASE cluster=1 cluster_len=7 cell=2,13 score=700003.572395 chase_score=10065.572395 prob=3.572395
turn=70 picked cell=2,13 target_cluster=Some(1) active_clusters=2 remaining_cells=111 scans=2
turn=70 result=KILL
turn=70 kill_infer inferred_len=8 committed_hits=7 cluster_hits=7
turn=71 picked cell=11,15 target_cluster=None active_clusters=1 remaining_cells=110 scans=2
turn=71 result=HIT
turn=72 mode=CHASE cluster=1 cluster_len=1 cell=10,15 score=100003.978786 chase_score=5168.478786 prob=3.978786
turn=72 picked cell=10,15 target_cluster=Some(1) active_clusters=2 remaining_cells=109 scans=2
turn=72 result=HIT
turn=73 mode=CHASE cluster=1 cluster_len=2 cell=12,15 score=200004.099923 chase_score=10549.099923 prob=4.099923
turn=73 picked cell=12,15 target_cluster=Some(1) active_clusters=2 remaining_cells=108 scans=2
turn=73 result=HIT
turn=74 mode=CHASE cluster=1 cluster_len=3 cell=9,15 score=300003.978786 chase_score=10439.978786 prob=3.978786
turn=74 picked cell=9,15 target_cluster=Some(1) active_clusters=2 remaining_cells=107 scans=2
turn=74 result=HIT
turn=75 mode=CHASE cluster=1 cluster_len=4 cell=8,15 score=400003.861849 chase_score=10339.861849 prob=3.861849
turn=75 picked cell=8,15 target_cluster=Some(1) active_clusters=2 remaining_cells=106 scans=2
turn=75 result=HIT
turn=76 mode=CHASE cluster=1 cluster_len=5 cell=7,15 score=500003.650846 chase_score=10255.650846 prob=3.650846
turn=76 picked cell=7,15 target_cluster=Some(1) active_clusters=2 remaining_cells=105 scans=2
turn=76 result=HIT
turn=77 mode=CHASE cluster=1 cluster_len=6 cell=13,15 score=600003.565527 chase_score=10176.565527 prob=3.565527
turn=77 picked cell=13,15 target_cluster=Some(1) active_clusters=2 remaining_cells=104 scans=2
turn=77 result=HIT
turn=78 mode=CHASE cluster=1 cluster_len=7 cell=14,15 score=700003.496915 chase_score=10115.496915 prob=3.496915
turn=78 picked cell=14,15 target_cluster=Some(1) active_clusters=2 remaining_cells=103 scans=2
turn=78 result=HIT
turn=79 mode=CHASE cluster=1 cluster_len=8 cell=6,15 score=800003.364244 chase_score=10061.364244 prob=3.364244
turn=79 picked cell=6,15 target_cluster=Some(1) active_clusters=2 remaining_cells=102 scans=2
turn=79 result=MISS
turn=80 mode=CHASE cluster=1 cluster_len=8 cell=15,15 score=800002.848327 chase_score=10040.848327 prob=2.848327
turn=80 picked cell=15,15 target_cluster=Some(1) active_clusters=2 remaining_cells=102 scans=2
turn=80 result=HIT
turn=81 mode=CHASE cluster=1 cluster_len=9 cell=16,15 score=900002.806396 chase_score=10022.806396 prob=2.806396
turn=81 picked cell=16,15 target_cluster=Some(1) active_clusters=2 remaining_cells=101 scans=2
turn=81 result=KILL
turn=81 kill_infer inferred_len=10 committed_hits=9 cluster_hits=9
turn=82 picked cell=13,2 target_cluster=None active_clusters=1 remaining_cells=100 scans=2
turn=82 result=MISS
turn=83 picked cell=0,9 target_cluster=None active_clusters=1 remaining_cells=100 scans=2
turn=83 result=HIT
turn=84 mode=CHASE cluster=1 cluster_len=1 cell=0,10 score=100004.113051 chase_score=5146.113051 prob=4.113051
turn=84 picked cell=0,10 target_cluster=Some(1) active_clusters=2 remaining_cells=99 scans=2
turn=84 result=HIT
turn=85 mode=CHASE cluster=1 cluster_len=2 cell=0,11 score=200004.045295 chase_score=10469.045295 prob=4.045295
turn=85 picked cell=0,11 target_cluster=Some(1) active_clusters=2 remaining_cells=98 scans=2
turn=85 result=HIT
turn=86 mode=CHASE cluster=1 cluster_len=3 cell=0,8 score=300003.977539 chase_score=10369.977539 prob=3.977539
turn=86 picked cell=0,8 target_cluster=Some(1) active_clusters=2 remaining_cells=97 scans=2
turn=86 result=HIT
turn=87 mode=CHASE cluster=1 cluster_len=4 cell=0,12 score=400003.868734 chase_score=10279.868734 prob=3.868734
turn=87 picked cell=0,12 target_cluster=Some(1) active_clusters=2 remaining_cells=96 scans=2
turn=87 result=MISS
turn=88 mode=CHASE cluster=1 cluster_len=4 cell=0,7 score=400002.679893 chase_score=10076.679893 prob=2.679893
turn=88 picked cell=0,7 target_cluster=Some(1) active_clusters=2 remaining_cells=96 scans=2
turn=88 result=HIT
turn=89 mode=CHASE cluster=1 cluster_len=5 cell=0,6 score=500002.685756 chase_score=10071.685756 prob=2.685756
turn=89 picked cell=0,6 target_cluster=Some(1) active_clusters=2 remaining_cells=95 scans=2
turn=89 result=HIT
turn=90 mode=CHASE cluster=1 cluster_len=6 cell=0,5 score=600002.342295 chase_score=10053.342295 prob=2.342295
turn=90 picked cell=0,5 target_cluster=Some(1) active_clusters=2 remaining_cells=94 scans=2
turn=90 result=HIT
turn=91 mode=CHASE cluster=1 cluster_len=7 cell=0,4 score=700002.237568 chase_score=10046.237568 prob=2.237568
turn=91 picked cell=0,4 target_cluster=Some(1) active_clusters=2 remaining_cells=93 scans=2
turn=91 result=HIT
turn=92 mode=CHASE cluster=1 cluster_len=8 cell=0,3 score=800002.519741 chase_score=10030.519741 prob=2.519741
turn=92 picked cell=0,3 target_cluster=Some(1) active_clusters=2 remaining_cells=92 scans=2
turn=92 result=HIT
turn=93 mode=CHASE cluster=1 cluster_len=9 cell=0,2 score=900002.111230 chase_score=10012.111230 prob=2.111230
turn=93 picked cell=0,2 target_cluster=Some(1) active_clusters=2 remaining_cells=91 scans=2
turn=93 result=KILL
turn=93 kill_infer inferred_len=10 committed_hits=9 cluster_hits=9
turn=94 picked cell=19,8 target_cluster=None active_clusters=1 remaining_cells=90 scans=2
turn=94 result=HIT
turn=95 mode=CHASE cluster=1 cluster_len=1 cell=19,7 score=100003.177283 chase_score=5122.677283 prob=3.177283
turn=95 picked cell=19,7 target_cluster=Some(1) active_clusters=2 remaining_cells=89 scans=2
turn=95 result=HIT
turn=96 mode=CHASE cluster=1 cluster_len=2 cell=19,9 score=200003.090272 chase_score=10388.090272 prob=3.090272
turn=96 picked cell=19,9 target_cluster=Some(1) active_clusters=2 remaining_cells=88 scans=2
turn=96 result=HIT
turn=97 mode=CHASE cluster=1 cluster_len=3 cell=19,10 score=300003.043238 chase_score=10299.043238 prob=3.043238
turn=97 picked cell=19,10 target_cluster=Some(1) active_clusters=2 remaining_cells=87 scans=2
turn=97 result=MISS
turn=98 mode=CHASE cluster=1 cluster_len=3 cell=19,6 score=300001.792616 chase_score=10081.792616 prob=1.792616
turn=98 picked cell=19,6 target_cluster=Some(1) active_clusters=2 remaining_cells=87 scans=2
turn=98 result=HIT
turn=99 mode=CHASE cluster=1 cluster_len=4 cell=19,5 score=400001.901314 chase_score=10065.901314 prob=1.901314
turn=99 picked cell=19,5 target_cluster=Some(1) active_clusters=2 remaining_cells=86 scans=2
turn=99 result=HIT
turn=100 mode=CHASE cluster=1 cluster_len=5 cell=19,4 score=500001.901314 chase_score=10060.901314 prob=1.901314
turn=100 picked cell=19,4 target_cluster=Some(1) active_clusters=2 remaining_cells=85 scans=2
turn=100 result=HIT
turn=101 mode=CHASE cluster=1 cluster_len=6 cell=19,3 score=600002.014584 chase_score=10043.014584 prob=2.014584
turn=101 picked cell=19,3 target_cluster=Some(1) active_clusters=2 remaining_cells=84 scans=2
turn=101 result=HIT
turn=102 mode=CHASE cluster=1 cluster_len=7 cell=19,2 score=700001.543735 chase_score=10035.543735 prob=1.543735
turn=102 picked cell=19,2 target_cluster=Some(1) active_clusters=2 remaining_cells=83 scans=2
turn=102 result=HIT
turn=103 mode=CHASE cluster=1 cluster_len=8 cell=19,1 score=800001.459902 chase_score=10019.459902 prob=1.459902
turn=103 picked cell=19,1 target_cluster=Some(1) active_clusters=2 remaining_cells=82 scans=2
turn=103 result=KILL
turn=103 kill_infer inferred_len=9 committed_hits=8 cluster_hits=8
turn=104 picked cell=1,14 target_cluster=None active_clusters=1 remaining_cells=81 scans=2
turn=104 result=HIT
turn=105 mode=CHASE cluster=1 cluster_len=1 cell=1,13 score=100002.386078 chase_score=5095.386078 prob=2.386078
turn=105 picked cell=1,13 target_cluster=Some(1) active_clusters=2 remaining_cells=80 scans=2
turn=105 result=MISS
turn=106 mode=CHASE cluster=1 cluster_len=1 cell=2,14 score=100001.570659 chase_score=5042.570659 prob=1.570659
turn=106 picked cell=2,14 target_cluster=Some(1) active_clusters=2 remaining_cells=80 scans=2
turn=106 result=HIT
turn=107 mode=CHASE cluster=1 cluster_len=2 cell=3,14 score=200001.965556 chase_score=10152.965556 prob=1.965556
turn=107 picked cell=3,14 target_cluster=Some(1) active_clusters=2 remaining_cells=79 scans=2
turn=107 result=HIT
turn=108 mode=CHASE cluster=1 cluster_len=3 cell=4,14 score=300002.292352 chase_score=10128.292352 prob=2.292352
turn=108 picked cell=4,14 target_cluster=Some(1) active_clusters=2 remaining_cells=78 scans=2
turn=108 result=HIT
turn=109 mode=CHASE cluster=1 cluster_len=4 cell=5,14 score=400002.595815 chase_score=10107.595815 prob=2.595815
turn=109 picked cell=5,14 target_cluster=Some(1) active_clusters=2 remaining_cells=77 scans=2
turn=109 result=HIT
turn=110 mode=CHASE cluster=1 cluster_len=5 cell=6,14 score=500002.573105 chase_score=10084.573105 prob=2.573105
turn=110 picked cell=6,14 target_cluster=Some(1) active_clusters=2 remaining_cells=76 scans=2
turn=110 result=MISS
turn=111 mode=CHASE cluster=1 cluster_len=5 cell=0,14 score=500000.785087 chase_score=10018.785087 prob=0.785087
turn=111 picked cell=0,14 target_cluster=Some(1) active_clusters=2 remaining_cells=76 scans=2
turn=111 result=KILL
turn=111 kill_infer inferred_len=6 committed_hits=5 cluster_hits=5
turn=112 picked cell=11,16 target_cluster=None active_clusters=1 remaining_cells=75 scans=2
turn=112 result=MISS
turn=113 picked cell=10,17 target_cluster=None active_clusters=1 remaining_cells=75 scans=2
turn=113 result=HIT
turn=114 mode=CHASE cluster=1 cluster_len=1 cell=9,17 score=100003.164780 chase_score=5097.164780 prob=3.164780
turn=114 picked cell=9,17 target_cluster=Some(1) active_clusters=2 remaining_cells=74 scans=2
turn=114 result=HIT
turn=115 mode=CHASE cluster=1 cluster_len=2 cell=8,17 score=200003.164780 chase_score=10301.164780 prob=3.164780
turn=115 picked cell=8,17 target_cluster=Some(1) active_clusters=2 remaining_cells=73 scans=2
turn=115 result=HIT
turn=116 mode=CHASE cluster=1 cluster_len=3 cell=7,17 score=300003.087383 chase_score=10227.087383 prob=3.087383
turn=116 picked cell=7,17 target_cluster=Some(1) active_clusters=2 remaining_cells=72 scans=2
turn=116 result=HIT
turn=117 mode=CHASE cluster=1 cluster_len=4 cell=11,17 score=400003.032450 chase_score=10162.032450 prob=3.032450
turn=117 picked cell=11,17 target_cluster=Some(1) active_clusters=2 remaining_cells=71 scans=2
turn=117 result=HIT
turn=118 mode=CHASE cluster=1 cluster_len=5 cell=12,17 score=500003.087383 chase_score=10113.087383 prob=3.087383
turn=118 picked cell=12,17 target_cluster=Some(1) active_clusters=2 remaining_cells=70 scans=2
turn=118 result=HIT
turn=119 mode=CHASE cluster=1 cluster_len=6 cell=6,17 score=600002.891554 chase_score=10068.891554 prob=2.891554
turn=119 picked cell=6,17 target_cluster=Some(1) active_clusters=2 remaining_cells=69 scans=2
turn=119 result=HIT
turn=120 mode=CHASE cluster=1 cluster_len=7 cell=13,17 score=700002.891554 chase_score=10036.891554 prob=2.891554
turn=120 picked cell=13,17 target_cluster=Some(1) active_clusters=2 remaining_cells=68 scans=2
turn=120 result=HIT
turn=121 mode=CHASE cluster=1 cluster_len=8 cell=5,17 score=800002.792128 chase_score=10011.792128 prob=2.792128
turn=121 picked cell=5,17 target_cluster=Some(1) active_clusters=2 remaining_cells=67 scans=2
turn=121 result=HIT
turn=122 mode=CHASE cluster=1 cluster_len=9 cell=14,17 score=900002.650545 chase_score=10002.650545 prob=2.650545
turn=122 picked cell=14,17 target_cluster=Some(1) active_clusters=2 remaining_cells=66 scans=2
turn=122 result=HIT
turn=123 mode=CHASE cluster=1 cluster_len=10 cell=4,17 score=1000002.482214 chase_score=10002.482214 prob=2.482214
turn=123 picked cell=4,17 target_cluster=Some(1) active_clusters=2 remaining_cells=65 scans=2
turn=123 result=HIT
turn=124 mode=CHASE cluster=1 cluster_len=11 cell=15,17 score=1100002.340631 chase_score=10002.340631 prob=2.340631
turn=124 picked cell=15,17 target_cluster=Some(1) active_clusters=2 remaining_cells=64 scans=2
turn=124 result=HIT
turn=125 mode=CHASE cluster=1 cluster_len=12 cell=3,17 score=1200002.146272 chase_score=10002.146272 prob=2.146272
turn=125 picked cell=3,17 target_cluster=Some(1) active_clusters=2 remaining_cells=63 scans=2
turn=125 result=KILL
turn=125 kill_infer inferred_len=9 committed_hits=8 cluster_hits=12
turn=126 mode=CHASE cluster=1 cluster_len=4 cell=16,17 score=400001.142859 chase_score=10041.142859 prob=1.142859
turn=126 picked cell=16,17 target_cluster=Some(1) active_clusters=2 remaining_cells=62 scans=2
turn=126 result=HIT
turn=127 mode=CHASE cluster=1 cluster_len=5 cell=17,17 score=500001.715730 chase_score=10036.715730 prob=1.715730
turn=127 picked cell=17,17 target_cluster=Some(1) active_clusters=2 remaining_cells=61 scans=2
turn=127 result=HIT
turn=128 mode=CHASE cluster=1 cluster_len=6 cell=18,17 score=600001.678951 chase_score=10024.678951 prob=1.678951
turn=128 picked cell=18,17 target_cluster=Some(1) active_clusters=2 remaining_cells=60 scans=2
turn=128 result=HIT
turn=129 mode=CHASE cluster=1 cluster_len=7 cell=19,17 score=700001.415590 chase_score=10017.415590 prob=1.415590
turn=129 picked cell=19,17 target_cluster=Some(1) active_clusters=2 remaining_cells=59 scans=2
turn=129 result=KILL
turn=129 kill_infer inferred_len=8 committed_hits=7 cluster_hits=7
turn=130 picked cell=14,1 target_cluster=None active_clusters=1 remaining_cells=58 scans=2
turn=130 result=MISS
turn=131 picked cell=15,3 target_cluster=None active_clusters=1 remaining_cells=58 scans=2
turn=131 result=HIT
turn=132 mode=CHASE cluster=1 cluster_len=1 cell=15,4 score=100001.755669 chase_score=5049.255669 prob=1.755669
turn=132 picked cell=15,4 target_cluster=Some(1) active_clusters=2 remaining_cells=57 scans=2
turn=132 result=HIT
turn=133 mode=CHASE cluster=1 cluster_len=2 cell=15,5 score=200001.755669 chase_score=10157.755669 prob=1.755669
turn=133 picked cell=15,5 target_cluster=Some(1) active_clusters=2 remaining_cells=56 scans=2
turn=133 result=MISS
turn=134 mode=CHASE cluster=1 cluster_len=2 cell=15,2 score=200000.641811 chase_score=10030.641811 prob=0.641811
turn=134 picked cell=15,2 target_cluster=Some(1) active_clusters=2 remaining_cells=56 scans=2
turn=134 result=HIT
turn=135 mode=CHASE cluster=1 cluster_len=3 cell=15,1 score=300000.441878 chase_score=10021.441878 prob=0.441878
turn=135 picked cell=15,1 target_cluster=Some(1) active_clusters=2 remaining_cells=55 scans=2
turn=135 result=KILL
turn=135 kill_infer inferred_len=4 committed_hits=3 cluster_hits=3
turn=136 picked cell=12,0 target_cluster=None active_clusters=1 remaining_cells=54 scans=2
turn=136 result=MISS
turn=137 picked cell=7,1 target_cluster=None active_clusters=1 remaining_cells=54 scans=2
turn=137 result=HIT
turn=138 mode=CHASE cluster=1 cluster_len=1 cell=6,1 score=100002.142485 chase_score=5061.142485 prob=2.142485
turn=138 picked cell=6,1 target_cluster=Some(1) active_clusters=2 remaining_cells=53 scans=2
turn=138 result=HIT
turn=139 mode=CHASE cluster=1 cluster_len=2 cell=5,1 score=200002.013246 chase_score=10181.013246 prob=2.013246
turn=139 picked cell=5,1 target_cluster=Some(1) active_clusters=2 remaining_cells=52 scans=2
turn=139 result=MISS
turn=140 mode=CHASE cluster=1 cluster_len=2 cell=8,1 score=200001.107504 chase_score=10054.107504 prob=1.107504
turn=140 picked cell=8,1 target_cluster=Some(1) active_clusters=2 remaining_cells=52 scans=2
turn=140 result=HIT
turn=141 mode=CHASE cluster=1 cluster_len=3 cell=9,1 score=300001.202901 chase_score=10045.202901 prob=1.202901
turn=141 picked cell=9,1 target_cluster=Some(1) active_clusters=2 remaining_cells=51 scans=2
turn=141 result=HIT
turn=142 mode=CHASE cluster=1 cluster_len=4 cell=10,1 score=400001.093139 chase_score=10033.093139 prob=1.093139
turn=142 picked cell=10,1 target_cluster=Some(1) active_clusters=2 remaining_cells=50 scans=2
turn=142 result=HIT
turn=143 mode=CHASE cluster=1 cluster_len=5 cell=11,1 score=500001.107504 chase_score=10028.107504 prob=1.107504
turn=143 picked cell=11,1 target_cluster=Some(1) active_clusters=2 remaining_cells=49 scans=2
turn=143 result=HIT
turn=144 mode=CHASE cluster=1 cluster_len=6 cell=12,1 score=600000.756637 chase_score=10015.756637 prob=0.756637
turn=144 picked cell=12,1 target_cluster=Some(1) active_clusters=2 remaining_cells=48 scans=2
turn=144 result=HIT
turn=145 mode=CHASE cluster=1 cluster_len=7 cell=13,1 score=700000.413774 chase_score=10008.413774 prob=0.413774
turn=145 picked cell=13,1 target_cluster=Some(1) active_clusters=2 remaining_cells=47 scans=2
turn=145 result=KILL
turn=145 kill_infer inferred_len=8 committed_hits=7 cluster_hits=7
turn=146 picked cell=6,11 target_cluster=None active_clusters=1 remaining_cells=46 scans=2
turn=146 result=HIT
turn=147 mode=CHASE cluster=1 cluster_len=1 cell=7,11 score=100001.716958 chase_score=5044.966958 prob=1.716958
turn=147 picked cell=7,11 target_cluster=Some(1) active_clusters=2 remaining_cells=45 scans=2
turn=147 result=MISS
turn=148 mode=CHASE cluster=1 cluster_len=1 cell=6,10 score=100001.845744 chase_score=5023.595744 prob=1.845744
turn=148 picked cell=6,10 target_cluster=Some(1) active_clusters=2 remaining_cells=45 scans=2
turn=148 result=HIT
turn=149 mode=CHASE cluster=1 cluster_len=2 cell=6,9 score=200001.512748 chase_score=10075.512748 prob=1.512748
turn=149 picked cell=6,9 target_cluster=Some(1) active_clusters=2 remaining_cells=44 scans=2
turn=149 result=HIT
turn=150 mode=CHASE cluster=1 cluster_len=3 cell=6,8 score=300001.451146 chase_score=10054.451146 prob=1.451146
turn=150 picked cell=6,8 target_cluster=Some(1) active_clusters=2 remaining_cells=43 scans=2
turn=150 result=HIT
turn=151 mode=CHASE cluster=1 cluster_len=4 cell=6,7 score=400001.318794 chase_score=10037.318794 prob=1.318794
turn=151 picked cell=6,7 target_cluster=Some(1) active_clusters=2 remaining_cells=42 scans=2
turn=151 result=HIT
turn=152 mode=CHASE cluster=1 cluster_len=5 cell=6,12 score=500001.677874 chase_score=10020.677874 prob=1.677874
turn=152 picked cell=6,12 target_cluster=Some(1) active_clusters=2 remaining_cells=41 scans=2
turn=152 result=KILL
turn=152 kill_infer inferred_len=6 committed_hits=5 cluster_hits=5
turn=153 picked cell=17,6 target_cluster=None active_clusters=1 remaining_cells=40 scans=2
turn=153 result=MISS
turn=154 picked cell=13,14 target_cluster=None active_clusters=1 remaining_cells=40 scans=2
turn=154 result=KILL
turn=155 picked cell=13,19 target_cluster=None active_clusters=1 remaining_cells=39 scans=2
turn=155 result=MISS
turn=156 picked cell=12,18 target_cluster=None active_clusters=1 remaining_cells=39 scans=2
turn=156 result=HIT
turn=157 mode=CHASE cluster=1 cluster_len=1 cell=11,18 score=100001.776541 chase_score=5039.276541 prob=1.776541
turn=157 picked cell=11,18 target_cluster=Some(1) active_clusters=2 remaining_cells=38 scans=2
turn=157 result=MISS
turn=158 mode=CHASE cluster=1 cluster_len=1 cell=13,18 score=100000.776363 chase_score=5011.526363 prob=0.776363
turn=158 picked cell=13,18 target_cluster=Some(1) active_clusters=2 remaining_cells=38 scans=2
turn=158 result=HIT
turn=159 mode=CHASE cluster=1 cluster_len=2 cell=14,18 score=200001.060190 chase_score=10040.060190 prob=1.060190
turn=159 picked cell=14,18 target_cluster=Some(1) active_clusters=2 remaining_cells=37 scans=2
turn=159 result=HIT
turn=160 mode=CHASE cluster=1 cluster_len=3 cell=15,18 score=300001.193760 chase_score=10031.193760 prob=1.193760
turn=160 picked cell=15,18 target_cluster=Some(1) active_clusters=2 remaining_cells=36 scans=2
turn=160 result=HIT
turn=161 mode=CHASE cluster=1 cluster_len=4 cell=16,18 score=400001.193760 chase_score=10019.193760 prob=1.193760
turn=161 picked cell=16,18 target_cluster=Some(1) active_clusters=2 remaining_cells=35 scans=2
turn=161 result=HIT
turn=162 mode=CHASE cluster=1 cluster_len=5 cell=17,18 score=500001.060190 chase_score=10014.060190 prob=1.060190
turn=162 picked cell=17,18 target_cluster=Some(1) active_clusters=2 remaining_cells=34 scans=2
turn=162 result=KILL
turn=162 kill_infer inferred_len=6 committed_hits=5 cluster_hits=5
turn=163 picked cell=4,0 target_cluster=None active_clusters=1 remaining_cells=33 scans=2
turn=163 result=HIT
turn=164 mode=CHASE cluster=1 cluster_len=1 cell=5,0 score=100001.396117 chase_score=5029.646117 prob=1.396117
turn=164 picked cell=5,0 target_cluster=Some(1) active_clusters=2 remaining_cells=32 scans=2
turn=164 result=HIT
turn=165 mode=CHASE cluster=1 cluster_len=2 cell=6,0 score=200001.396117 chase_score=10084.396117 prob=1.396117
turn=165 picked cell=6,0 target_cluster=Some(1) active_clusters=2 remaining_cells=31 scans=2
turn=165 result=HIT
turn=166 mode=CHASE cluster=1 cluster_len=3 cell=3,0 score=300001.326318 chase_score=10051.326318 prob=1.326318
turn=166 picked cell=3,0 target_cluster=Some(1) active_clusters=2 remaining_cells=30 scans=2
turn=166 result=MISS
turn=167 mode=CHASE cluster=1 cluster_len=3 cell=7,0 score=300001.008553 chase_score=10025.008553 prob=1.008553
turn=167 picked cell=7,0 target_cluster=Some(1) active_clusters=2 remaining_cells=30 scans=2
turn=167 result=KILL
turn=167 kill_infer inferred_len=4 committed_hits=3 cluster_hits=3
turn=168 picked cell=18,5 target_cluster=None active_clusters=1 remaining_cells=29 scans=2
turn=168 result=HIT
turn=169 mode=CHASE cluster=1 cluster_len=1 cell=18,4 score=100001.343223 chase_score=5024.843223 prob=1.343223
turn=169 picked cell=18,4 target_cluster=Some(1) active_clusters=2 remaining_cells=28 scans=2
turn=169 result=MISS
turn=170 mode=CHASE cluster=1 cluster_len=1 cell=18,6 score=100000.412263 chase_score=5006.912263 prob=0.412263
turn=170 picked cell=18,6 target_cluster=Some(1) active_clusters=2 remaining_cells=28 scans=2
turn=170 result=HIT
turn=171 mode=CHASE cluster=1 cluster_len=2 cell=18,7 score=200000.709651 chase_score=10022.709651 prob=0.709651
turn=171 picked cell=18,7 target_cluster=Some(1) active_clusters=2 remaining_cells=27 scans=2
turn=171 result=HIT
turn=172 mode=CHASE cluster=1 cluster_len=3 cell=18,8 score=300000.637268 chase_score=10013.637268 prob=0.637268
turn=172 picked cell=18,8 target_cluster=Some(1) active_clusters=2 remaining_cells=26 scans=2
turn=172 result=KILL
turn=172 kill_infer inferred_len=4 committed_hits=3 cluster_hits=3
turn=173 picked cell=6,19 target_cluster=None active_clusters=1 remaining_cells=25 scans=2
turn=173 result=MISS
turn=174 picked cell=4,16 target_cluster=None active_clusters=1 remaining_cells=25 scans=2
turn=174 result=MISS
turn=175 picked cell=5,18 target_cluster=None active_clusters=1 remaining_cells=25 scans=2
turn=175 result=MISS
turn=176 picked cell=6,2 target_cluster=None active_clusters=1 remaining_cells=25 scans=2
turn=176 result=MISS
turn=177 picked cell=17,13 target_cluster=None active_clusters=1 remaining_cells=25 scans=2
turn=177 result=MISS
turn=178 picked cell=4,3 target_cluster=None active_clusters=1 remaining_cells=25 scans=2
turn=178 result=MISS
turn=179 picked cell=3,10 target_cluster=None active_clusters=1 remaining_cells=25 scans=2
turn=179 result=HIT
turn=180 mode=CHASE cluster=1 cluster_len=1 cell=3,9 score=100001.742920 chase_score=5015.742920 prob=1.742920
turn=180 picked cell=3,9 target_cluster=Some(1) active_clusters=2 remaining_cells=24 scans=2
turn=180 result=MISS
turn=181 mode=CHASE cluster=1 cluster_len=1 cell=4,10 score=100001.822228 chase_score=5010.572228 prob=1.822228
turn=181 picked cell=4,10 target_cluster=Some(1) active_clusters=2 remaining_cells=24 scans=2
turn=181 result=HIT
turn=182 mode=CHASE cluster=1 cluster_len=2 cell=2,10 score=200001.822228 chase_score=10023.822228 prob=1.822228
turn=182 picked cell=2,10 target_cluster=Some(1) active_clusters=2 remaining_cells=23 scans=2
turn=182 result=HIT
turn=183 mode=CHASE cluster=1 cluster_len=3 cell=1,10 score=300001.594761 chase_score=10010.594761 prob=1.594761
turn=183 picked cell=1,10 target_cluster=Some(1) active_clusters=2 remaining_cells=22 scans=2
turn=183 result=HIT
turn=184 mode=CHASE cluster=1 cluster_len=4 cell=5,10 score=400001.594761 chase_score=10006.594761 prob=1.594761
turn=184 picked cell=5,10 target_cluster=Some(1) active_clusters=2 remaining_cells=21 scans=2
turn=184 result=KILL
turn=184 kill_infer inferred_len=5 committed_hits=4 cluster_hits=4
turn=185 picked cell=14,6 target_cluster=None active_clusters=1 remaining_cells=20 scans=2
turn=185 result=MISS
turn=186 picked cell=16,3 target_cluster=None active_clusters=1 remaining_cells=20 scans=2
turn=186 result=MISS
turn=187 picked cell=4,6 target_cluster=None active_clusters=1 remaining_cells=20 scans=2
turn=187 result=MISS
turn=188 picked cell=17,16 target_cluster=None active_clusters=1 remaining_cells=20 scans=2
turn=188 result=MISS
turn=189 picked cell=17,0 target_cluster=None active_clusters=1 remaining_cells=20 scans=2
turn=189 result=HIT
turn=190 mode=CHASE cluster=1 cluster_len=1 cell=16,0 score=100006.973566 chase_score=5017.223566 prob=6.973566
turn=190 picked cell=16,0 target_cluster=Some(1) active_clusters=2 remaining_cells=19 scans=2
turn=190 result=MISS
turn=191 mode=CHASE cluster=1 cluster_len=1 cell=17,1 score=100000.328590 chase_score=5004.578590 prob=0.328590
turn=191 picked cell=17,1 target_cluster=Some(1) active_clusters=2 remaining_cells=19 scans=2
turn=191 result=MISS
turn=192 mode=CHASE cluster=1 cluster_len=1 cell=18,0 score=100000.221602 chase_score=5003.471602 prob=0.221602
turn=192 picked cell=18,0 target_cluster=Some(1) active_clusters=2 remaining_cells=19 scans=2
turn=192 result=KILL
turn=192 kill_infer inferred_len=2 committed_hits=1 cluster_hits=1
turn=193 picked cell=18,14 target_cluster=None active_clusters=1 remaining_cells=18 scans=2
turn=193 result=MISS
turn=194 picked cell=15,8 target_cluster=None active_clusters=1 remaining_cells=18 scans=2
turn=194 result=MISS
turn=195 picked cell=16,7 target_cluster=None active_clusters=1 remaining_cells=18 scans=2
turn=195 result=MISS
turn=196 picked cell=2,1 target_cluster=None active_clusters=1 remaining_cells=18 scans=2
turn=196 result=MISS
turn=197 picked cell=8,10 target_cluster=None active_clusters=1 remaining_cells=18 scans=2
turn=197 result=MISS
turn=198 picked cell=2,18 target_cluster=None active_clusters=1 remaining_cells=18 scans=2
turn=198 result=MISS
turn=199 picked cell=14,13 target_cluster=None active_clusters=1 remaining_cells=18 scans=2
turn=199 result=MISS
turn=200 picked cell=11,12 target_cluster=None active_clusters=1 remaining_cells=18 scans=2
turn=200 result=MISS
turn=201 picked cell=2,8 target_cluster=None active_clusters=1 remaining_cells=18 scans=2
turn=201 result=MISS
turn=202 picked cell=1,2 target_cluster=None active_clusters=1 remaining_cells=18 scans=2
turn=202 result=MISS
turn=203 picked cell=13,5 target_cluster=None active_clusters=1 remaining_cells=18 scans=2
turn=203 result=HIT
turn=204 mode=CHASE cluster=1 cluster_len=1 cell=13,6 score=100000.448237 chase_score=5008.448237 prob=0.448237
turn=204 picked cell=13,6 target_cluster=Some(1) active_clusters=2 remaining_cells=17 scans=2
turn=204 result=HIT
turn=205 mode=CHASE cluster=1 cluster_len=2 cell=13,7 score=200000.409084 chase_score=10017.409084 prob=0.409084
turn=205 picked cell=13,7 target_cluster=Some(1) active_clusters=2 remaining_cells=16 scans=2
turn=205 result=MISS
turn=206 mode=CHASE cluster=1 cluster_len=2 cell=13,4 score=200000.280740 chase_score=10013.280740 prob=0.280740
turn=206 picked cell=13,4 target_cluster=Some(1) active_clusters=2 remaining_cells=16 scans=2
turn=206 result=HIT
turn=207 mode=CHASE cluster=1 cluster_len=3 cell=13,3 score=300000.420842 chase_score=10004.420842 prob=0.420842
turn=207 picked cell=13,3 target_cluster=Some(1) active_clusters=2 remaining_cells=15 scans=2
turn=207 result=KILL
turn=207 kill_infer inferred_len=4 committed_hits=3 cluster_hits=3
turn=208 picked cell=1,17 target_cluster=None active_clusters=1 remaining_cells=14 scans=2
turn=208 result=HIT
turn=209 mode=CHASE cluster=1 cluster_len=1 cell=1,16 score=100000.378146 chase_score=5005.378146 prob=0.378146
turn=209 picked cell=1,16 target_cluster=Some(1) active_clusters=2 remaining_cells=13 scans=2
turn=209 result=HIT
turn=210 mode=CHASE cluster=1 cluster_len=2 cell=1,15 score=200000.286290 chase_score=10009.286290 prob=0.286290
turn=210 picked cell=1,15 target_cluster=Some(1) active_clusters=2 remaining_cells=12 scans=2
turn=210 result=KILL
turn=210 kill_infer inferred_len=3 committed_hits=2 cluster_hits=2
turn=211 picked cell=3,7 target_cluster=None active_clusters=1 remaining_cells=11 scans=2
turn=211 result=MISS
turn=212 picked cell=9,11 target_cluster=None active_clusters=1 remaining_cells=11 scans=2
turn=212 result=MISS
turn=213 picked cell=18,12 target_cluster=None active_clusters=1 remaining_cells=11 scans=2
turn=213 result=MISS
turn=214 picked cell=3,12 target_cluster=None active_clusters=1 remaining_cells=11 scans=2
turn=214 result=MISS
turn=215 picked cell=9,19 target_cluster=None active_clusters=1 remaining_cells=11 scans=2
turn=215 result=MISS
turn=216 picked cell=8,18 target_cluster=None active_clusters=1 remaining_cells=11 scans=2
turn=216 result=MISS
turn=217 picked cell=3,19 target_cluster=None active_clusters=1 remaining_cells=11 scans=2
turn=217 result=MISS
turn=218 picked cell=3,11 target_cluster=None active_clusters=1 remaining_cells=11 scans=2
turn=218 result=MISS
turn=219 picked cell=8,16 target_cluster=None active_clusters=1 remaining_cells=11 scans=2
turn=219 result=MISS
turn=220 picked cell=9,14 target_cluster=None active_clusters=1 remaining_cells=11 scans=2
turn=220 result=MISS
turn=221 picked cell=3,2 target_cluster=None active_clusters=1 remaining_cells=11 scans=2
turn=221 result=MISS
turn=222 picked cell=0,17 target_cluster=None active_clusters=1 remaining_cells=11 scans=2
turn=222 result=MISS
turn=223 picked cell=7,8 target_cluster=None active_clusters=1 remaining_cells=11 scans=2
turn=223 result=MISS
turn=224 picked cell=5,8 target_cluster=None active_clusters=1 remaining_cells=11 scans=2
turn=224 result=MISS
turn=225 picked cell=7,3 target_cluster=None active_clusters=1 remaining_cells=11 scans=2
turn=225 result=MISS
turn=226 picked cell=9,2 target_cluster=None active_clusters=1 remaining_cells=11 scans=2
turn=226 result=MISS
turn=227 picked cell=16,14 target_cluster=None active_clusters=1 remaining_cells=11 scans=2
turn=227 result=MISS
turn=228 picked cell=19,13 target_cluster=None active_clusters=1 remaining_cells=11 scans=2
turn=228 result=MISS
turn=229 picked cell=14,16 target_cluster=None active_clusters=1 remaining_cells=11 scans=2
turn=229 result=MISS
turn=230 picked cell=16,19 target_cluster=None active_clusters=1 remaining_cells=11 scans=2
turn=230 result=MISS
turn=231 picked cell=8,12 target_cluster=None active_clusters=1 remaining_cells=11 scans=2
turn=231 result=MISS
turn=232 picked cell=3,15 target_cluster=None active_clusters=1 remaining_cells=11 scans=2
turn=232 result=MISS
turn=233 picked cell=12,13 target_cluster=None active_clusters=1 remaining_cells=11 scans=2
turn=233 result=HIT
turn=234 mode=CHASE cluster=1 cluster_len=1 cell=12,14 score=100000.404138 chase_score=5002.404138 prob=0.404138
turn=234 picked cell=12,14 target_cluster=Some(1) active_clusters=2 remaining_cells=10 scans=2
turn=234 result=MISS
turn=235 mode=CHASE cluster=1 cluster_len=1 cell=11,13 score=100000.259664 chase_score=5002.259664 prob=0.259664
turn=235 picked cell=11,13 target_cluster=Some(1) active_clusters=2 remaining_cells=10 scans=2
turn=235 result=MISS
turn=236 mode=CHASE cluster=1 cluster_len=1 cell=13,13 score=100000.061215 chase_score=5000.561215 prob=0.061215
turn=236 picked cell=13,13 target_cluster=Some(1) active_clusters=2 remaining_cells=10 scans=2
turn=236 result=MISS
turn=237 mode=CHASE cluster=1 cluster_len=1 cell=12,12 score=100000.061302 chase_score=5000.561302 prob=0.061302
turn=237 picked cell=12,12 target_cluster=Some(1) active_clusters=2 remaining_cells=10 scans=2
turn=237 result=KILL
turn=237 kill_infer inferred_len=2 committed_hits=1 cluster_hits=1
turn=238 picked cell=1,8 target_cluster=None active_clusters=1 remaining_cells=9 scans=2
turn=238 result=MISS
turn=239 picked cell=9,0 target_cluster=None active_clusters=1 remaining_cells=9 scans=2
turn=239 result=MISS
turn=240 picked cell=14,4 target_cluster=None active_clusters=1 remaining_cells=9 scans=2
turn=240 result=MISS
turn=241 picked cell=17,4 target_cluster=None active_clusters=1 remaining_cells=9 scans=2
turn=241 result=MISS
turn=242 picked cell=18,2 target_cluster=None active_clusters=1 remaining_cells=9 scans=2
turn=242 result=MISS
turn=243 picked cell=8,9 target_cluster=None active_clusters=1 remaining_cells=9 scans=2
turn=243 result=HIT
turn=244 mode=CHASE cluster=1 cluster_len=1 cell=8,8 score=100000.318528 chase_score=5001.818528 prob=0.318528
turn=244 picked cell=8,8 target_cluster=Some(1) active_clusters=2 remaining_cells=8 scans=2
turn=244 result=HIT
turn=245 mode=CHASE cluster=1 cluster_len=2 cell=8,7 score=200000.318528 chase_score=10006.318528 prob=0.318528
turn=245 picked cell=8,7 target_cluster=Some(1) active_clusters=2 remaining_cells=7 scans=2
turn=245 result=KILL
turn=245 kill_infer inferred_len=3 committed_hits=2 cluster_hits=2
turn=246 picked cell=19,15 target_cluster=None active_clusters=1 remaining_cells=6 scans=2
turn=246 result=MISS
turn=247 picked cell=10,11 target_cluster=None active_clusters=1 remaining_cells=6 scans=2
turn=247 result=MISS
turn=248 picked cell=12,19 target_cluster=None active_clusters=1 remaining_cells=6 scans=2
turn=248 result=MISS
turn=249 picked cell=17,19 target_cluster=None active_clusters=1 remaining_cells=6 scans=2
turn=249 result=MISS
turn=250 picked cell=5,16 target_cluster=None active_clusters=1 remaining_cells=6 scans=2
turn=250 result=MISS
turn=251 picked cell=2,15 target_cluster=None active_clusters=1 remaining_cells=6 scans=2
turn=251 result=HIT
turn=252 mode=CHASE cluster=1 cluster_len=1 cell=2,16 score=100000.257879 chase_score=5001.007879 prob=0.257879
turn=252 picked cell=2,16 target_cluster=Some(1) active_clusters=2 remaining_cells=5 scans=2
turn=252 result=HIT
turn=253 mode=CHASE cluster=1 cluster_len=2 cell=2,17 score=200000.257879 chase_score=10003.257879 prob=0.257879
turn=253 picked cell=2,17 target_cluster=Some(1) active_clusters=2 remaining_cells=4 scans=2
turn=253 result=KILL
turn=253 kill_infer inferred_len=3 committed_hits=2 cluster_hits=2
turn=254 picked cell=13,8 target_cluster=None active_clusters=1 remaining_cells=3 scans=2
turn=254 result=MISS
turn=255 picked cell=14,8 target_cluster=None active_clusters=1 remaining_cells=3 scans=2
turn=255 result=MISS
turn=256 picked cell=15,9 target_cluster=None active_clusters=1 remaining_cells=3 scans=2
turn=256 result=MISS
turn=257 picked cell=18,9 target_cluster=None active_clusters=1 remaining_cells=3 scans=2
turn=257 result=MISS
turn=258 picked cell=16,8 target_cluster=None active_clusters=1 remaining_cells=3 scans=2
turn=258 result=MISS
turn=259 picked cell=14,7 target_cluster=None active_clusters=1 remaining_cells=3 scans=2
turn=259 result=MISS
turn=260 picked cell=15,6 target_cluster=None active_clusters=1 remaining_cells=3 scans=2
turn=260 result=MISS
turn=261 picked cell=17,9 target_cluster=None active_clusters=1 remaining_cells=3 scans=2
turn=261 result=MISS
turn=262 picked cell=10,2 target_cluster=None active_clusters=1 remaining_cells=3 scans=2
turn=262 result=MISS
turn=263 picked cell=17,8 target_cluster=None active_clusters=1 remaining_cells=3 scans=2
turn=263 result=MISS
turn=264 picked cell=11,3 target_cluster=None active_clusters=1 remaining_cells=3 scans=2
turn=264 result=HIT
turn=265 mode=CHASE cluster=1 cluster_len=1 cell=12,3 score=100000.006944 chase_score=5000.006944 prob=0.006944
turn=265 picked cell=12,3 target_cluster=Some(1) active_clusters=2 remaining_cells=2 scans=2
turn=265 result=MISS
turn=266 mode=CHASE cluster=1 cluster_len=1 cell=11,2 score=100000.006993 chase_score=5000.006993 prob=0.006993
turn=266 picked cell=11,2 target_cluster=Some(1) active_clusters=2 remaining_cells=2 scans=2
turn=266 result=KILL
turn=266 kill_infer inferred_len=2 committed_hits=1 cluster_hits=1
turn=267 picked cell=10,10 target_cluster=None active_clusters=1 remaining_cells=1 scans=2
turn=267 result=MISS
turn=268 picked cell=9,10 target_cluster=None active_clusters=1 remaining_cells=1 scans=2
turn=268 result=MISS
turn=269 picked cell=8,11 target_cluster=None active_clusters=1 remaining_cells=1 scans=2
turn=269 result=MISS
turn=270 picked cell=7,9 target_cluster=None active_clusters=1 remaining_cells=1 scans=2
turn=270 result=MISS
turn=271 picked cell=11,11 target_cluster=None active_clusters=1 remaining_cells=1 scans=2
turn=271 result=MISS
turn=272 picked cell=9,12 target_cluster=None active_clusters=1 remaining_cells=1 scans=2
turn=272 result=MISS
turn=273 picked cell=7,10 target_cluster=None active_clusters=1 remaining_cells=1 scans=2
turn=273 result=MISS
turn=274 picked cell=10,12 target_cluster=None active_clusters=1 remaining_cells=1 scans=2
turn=274 result=MISS
turn=275 picked cell=9,6 target_cluster=None active_clusters=1 remaining_cells=1 scans=2
turn=275 result=MISS
turn=276 picked cell=7,12 target_cluster=None active_clusters=1 remaining_cells=1 scans=2
turn=276 result=MISS
turn=277 picked cell=5,9 target_cluster=None active_clusters=1 remaining_cells=1 scans=2
turn=277 result=MISS
turn=278 picked cell=7,7 target_cluster=None active_clusters=1 remaining_cells=1 scans=2
turn=278 result=MISS
turn=279 picked cell=8,14 target_cluster=None active_clusters=1 remaining_cells=1 scans=2
turn=279 result=MISS
turn=280 picked cell=4,9 target_cluster=None active_clusters=1 remaining_cells=1 scans=2
turn=280 result=MISS
turn=281 picked cell=11,14 target_cluster=None active_clusters=1 remaining_cells=1 scans=2
turn=281 result=MISS
turn=282 picked cell=10,14 target_cluster=None active_clusters=1 remaining_cells=1 scans=2
turn=282 result=MISS
turn=283 picked cell=14,12 target_cluster=None active_clusters=1 remaining_cells=1 scans=2
turn=283 result=MISS
turn=284 picked cell=5,11 target_cluster=None active_clusters=1 remaining_cells=1 scans=2
turn=284 result=MISS
turn=285 picked cell=7,6 target_cluster=None active_clusters=1 remaining_cells=1 scans=2
turn=285 result=MISS
turn=286 picked cell=7,14 target_cluster=None active_clusters=1 remaining_cells=1 scans=2
turn=286 result=MISS
turn=287 picked cell=4,11 target_cluster=None active_clusters=1 remaining_cells=1 scans=2
turn=287 result=MISS
turn=288 picked cell=9,16 target_cluster=None active_clusters=1 remaining_cells=1 scans=2
turn=288 result=MISS
turn=289 picked cell=9,3 target_cluster=None active_clusters=1 remaining_cells=1 scans=2
turn=289 result=MISS
turn=290 picked cell=15,7 target_cluster=None active_clusters=1 remaining_cells=1 scans=2
turn=290 result=MISS
turn=291 picked cell=5,7 target_cluster=None active_clusters=1 remaining_cells=1 scans=2
turn=291 result=MISS
turn=292 picked cell=5,12 target_cluster=None active_clusters=1 remaining_cells=1 scans=2
turn=292 result=MISS
turn=293 picked cell=4,8 target_cluster=None active_clusters=1 remaining_cells=1 scans=2
turn=293 result=MISS
turn=294 picked cell=6,6 target_cluster=None active_clusters=1 remaining_cells=1 scans=2
turn=294 result=MISS
turn=295 picked cell=10,16 target_cluster=None active_clusters=1 remaining_cells=1 scans=2
turn=295 result=MISS
turn=296 picked cell=2,9 target_cluster=None active_clusters=1 remaining_cells=1 scans=2
turn=296 result=MISS
turn=297 picked cell=3,8 target_cluster=None active_clusters=1 remaining_cells=1 scans=2
turn=297 result=MISS
turn=298 picked cell=4,7 target_cluster=None active_clusters=1 remaining_cells=1 scans=2
turn=298 result=MISS
turn=299 picked cell=8,3 target_cluster=None active_clusters=1 remaining_cells=1 scans=2
turn=299 result=MISS
turn=300 picked cell=14,5 target_cluster=None active_clusters=1 remaining_cells=1 scans=2
turn=300 result=MISS
turn=301 picked cell=4,12 target_cluster=None active_clusters=1 remaining_cells=1 scans=2
turn=301 result=MISS
turn=302 picked cell=5,6 target_cluster=None active_clusters=1 remaining_cells=1 scans=2
turn=302 result=MISS
turn=303 picked cell=14,14 target_cluster=None active_clusters=1 remaining_cells=1 scans=2
turn=303 result=MISS
turn=304 picked cell=2,11 target_cluster=None active_clusters=1 remaining_cells=1 scans=2
turn=304 result=MISS
turn=305 picked cell=1,9 target_cluster=None active_clusters=1 remaining_cells=1 scans=2
turn=305 result=MISS
turn=306 picked cell=5,15 target_cluster=None active_clusters=1 remaining_cells=1 scans=2
turn=306 result=MISS
turn=307 picked cell=16,12 target_cluster=None active_clusters=1 remaining_cells=1 scans=2
turn=307 result=MISS
turn=308 picked cell=7,16 target_cluster=None active_clusters=1 remaining_cells=1 scans=2
turn=308 result=MISS
turn=309 picked cell=15,13 target_cluster=None active_clusters=1 remaining_cells=1 scans=2
turn=309 result=MISS
turn=310 picked cell=12,16 target_cluster=None active_clusters=1 remaining_cells=1 scans=2
turn=310 result=MISS
turn=311 picked cell=16,6 target_cluster=None active_clusters=1 remaining_cells=1 scans=2
turn=311 result=MISS
turn=312 picked cell=10,18 target_cluster=None active_clusters=1 remaining_cells=1 scans=2
turn=312 result=KILL
