turn=1 mode=SCAN region=0,0,9,19
turn=1 result=SCAN count=47
turn=2 mode=SCAN region=0,0,19,9
turn=2 result=SCAN count=60
turn=3 picked cell=11,8 target_cluster=None active_clusters=0 remaining_cells=114 scans=2
turn=3 result=HIT
turn=4 mode=CHASE cluster=0 cluster_len=1 cell=10,8 score=100002.721047 chase_score=5161.221047 prob=2.721047
turn=4 picked cell=10,8 target_cluster=Some(0) active_clusters=1 remaining_cells=113 scans=2
turn=4 result=HIT
turn=5 mode=CHASE cluster=0 cluster_len=2 cell=9,8 score=200002.721047 chase_score=10523.721047 prob=2.721047
turn=5 picked cell=9,8 target_cluster=Some(0) active_clusters=1 remaining_cells=112 scans=2
turn=5 result=MISS
turn=6 mode=CHASE cluster=0 cluster_len=2 cell=12,8 score=200001.984433 chase_score=10112.984433 prob=1.984433
turn=6 picked cell=12,8 target_cluster=Some(0) active_clusters=1 remaining_cells=112 scans=2
turn=6 result=HIT
turn=7 mode=CHASE cluster=0 cluster_len=3 cell=13,8 score=300002.096726 chase_score=10107.096726 prob=2.096726
turn=7 picked cell=13,8 target_cluster=Some(0) active_clusters=1 remaining_cells=111 scans=2
turn=7 result=HIT
turn=8 mode=CHASE cluster=0 cluster_len=4 cell=14,8 score=400002.163436 chase_score=10103.163436 prob=2.163436
turn=8 picked cell=14,8 target_cluster=Some(0) active_clusters=1 remaining_cells=110 scans=2
turn=8 result=HIT
turn=9 mode=CHASE cluster=0 cluster_len=5 cell=15,8 score=500002.163436 chase_score=10083.163436 prob=2.163436
turn=9 picked cell=15,8 target_cluster=Some(0) active_clusters=1 remaining_cells=109 scans=2
turn=9 result=HIT
turn=10 mode=CHASE cluster=0 cluster_len=6 cell=16,8 score=600002.096726 chase_score=10065.096726 prob=2.096726
turn=10 picked cell=16,8 target_cluster=Some(0) active_clusters=1 remaining_cells=108 scans=2
turn=10 result=HIT
turn=11 mode=CHASE cluster=0 cluster_len=7 cell=17,8 score=700001.984433 chase_score=10043.984433 prob=1.984433
turn=11 picked cell=17,8 target_cluster=Some(0) active_clusters=1 remaining_cells=107 scans=2
turn=11 result=HIT
turn=12 mode=CHASE cluster=0 cluster_len=8 cell=18,8 score=800001.816079 chase_score=10019.816079 prob=1.816079
turn=12 picked cell=18,8 target_cluster=Some(0) active_clusters=1 remaining_cells=106 scans=2
turn=12 result=KILL
turn=12 kill_infer inferred_len=9 committed_hits=8 cluster_hits=8
turn=13 picked cell=11,14 target_cluster=None active_clusters=0 remaining_cells=105 scans=2
turn=13 result=HIT
turn=14 mode=CHASE cluster=0 cluster_len=1 cell=10,14 score=100002.378488 chase_score=5142.878488 prob=2.378488
turn=14 picked cell=10,14 target_cluster=Some(0) active_clusters=1 remaining_cells=104 scans=2
turn=14 result=HIT
turn=15 mode=CHASE cluster=0 cluster_len=2 cell=9,14 score=200002.378488 chase_score=10460.378488 prob=2.378488
turn=15 picked cell=9,14 target_cluster=Some(0) active_clusters=1 remaining_cells=103 scans=2
turn=15 result=HIT
turn=16 mode=CHASE cluster=0 cluster_len=3 cell=8,14 score=300002.592992 chase_score=10358.592992 prob=2.592992
turn=16 picked cell=8,14 target_cluster=Some(0) active_clusters=1 remaining_cells=102 scans=2
turn=16 result=HIT
turn=17 mode=CHASE cluster=0 cluster_len=4 cell=7,14 score=400002.571648 chase_score=10262.571648 prob=2.571648
turn=17 picked cell=7,14 target_cluster=Some(0) active_clusters=1 remaining_cells=101 scans=2
turn=17 result=MISS
turn=18 mode=CHASE cluster=0 cluster_len=4 cell=12,14 score=400002.042970 chase_score=10094.042970 prob=2.042970
turn=18 picked cell=12,14 target_cluster=Some(0) active_clusters=1 remaining_cells=101 scans=2
turn=18 result=KILL
turn=18 kill_infer inferred_len=5 committed_hits=4 cluster_hits=4
turn=19 picked cell=8,6 target_cluster=None active_clusters=0 remaining_cells=100 scans=2
turn=19 result=HIT
turn=20 mode=CHASE cluster=0 cluster_len=1 cell=7,6 score=100002.825586 chase_score=5138.325586 prob=2.825586
turn=20 picked cell=7,6 target_cluster=Some(0) active_clusters=1 remaining_cells=99 scans=2
turn=20 result=HIT
turn=21 mode=CHASE cluster=0 cluster_len=2 cell=6,6 score=200002.766903 chase_score=10445.766903 prob=2.766903
turn=21 picked cell=6,6 target_cluster=Some(0) active_clusters=1 remaining_cells=98 scans=2
turn=21 result=HIT
turn=22 mode=CHASE cluster=0 cluster_len=3 cell=5,6 score=300002.636269 chase_score=10348.636269 prob=2.636269
turn=22 picked cell=5,6 target_cluster=Some(0) active_clusters=1 remaining_cells=97 scans=2
turn=22 result=KILL
turn=22 kill_infer inferred_len=4 committed_hits=3 cluster_hits=3
turn=23 picked cell=13,13 target_cluster=None active_clusters=0 remaining_cells=96 scans=2
turn=23 result=MISS
turn=24 picked cell=14,15 target_cluster=None active_clusters=0 remaining_cells=96 scans=2
turn=24 result=MISS
turn=25 picked cell=15,12 target_cluster=None active_clusters=0 remaining_cells=96 scans=2
turn=25 result=HIT
turn=26 mode=CHASE cluster=0 cluster_len=1 cell=14,12 score=100001.567045 chase_score=5110.067045 prob=1.567045
turn=26 picked cell=14,12 target_cluster=Some(0) active_clusters=1 remaining_cells=95 scans=2
turn=26 result=HIT
turn=27 mode=CHASE cluster=0 cluster_len=2 cell=13,12 score=200001.573662 chase_score=10394.573662 prob=1.573662
turn=27 picked cell=13,12 target_cluster=Some(0) active_clusters=1 remaining_cells=94 scans=2
turn=27 result=HIT
turn=28 mode=CHASE cluster=0 cluster_len=3 cell=12,12 score=300001.721396 chase_score=10334.721396 prob=1.721396
turn=28 picked cell=12,12 target_cluster=Some(0) active_clusters=1 remaining_cells=93 scans=2
turn=28 result=MISS
turn=29 mode=CHASE cluster=0 cluster_len=3 cell=16,12 score=300001.276206 chase_score=10055.276206 prob=1.276206
turn=29 picked cell=16,12 target_cluster=Some(0) active_clusters=1 remaining_cells=93 scans=2
turn=29 result=HIT
turn=30 mode=CHASE cluster=0 cluster_len=4 cell=17,12 score=400001.276206 chase_score=10055.276206 prob=1.276206
turn=30 picked cell=17,12 target_cluster=Some(0) active_clusters=1 remaining_cells=92 scans=2
turn=30 result=HIT
turn=31 mode=CHASE cluster=0 cluster_len=5 cell=18,12 score=500001.227271 chase_score=10040.227271 prob=1.227271
turn=31 picked cell=18,12 target_cluster=Some(0) active_clusters=1 remaining_cells=91 scans=2
turn=31 result=HIT
turn=32 mode=CHASE cluster=0 cluster_len=6 cell=19,12 score=600001.848686 chase_score=10022.848686 prob=1.848686
turn=32 picked cell=19,12 target_cluster=Some(0) active_clusters=1 remaining_cells=90 scans=2
turn=32 result=KILL
turn=32 kill_infer inferred_len=7 committed_hits=6 cluster_hits=6
turn=33 picked cell=4,9 target_cluster=None active_clusters=0 remaining_cells=89 scans=2
turn=33 result=MISS
turn=34 picked cell=11,4 target_cluster=None active_clusters=0 remaining_cells=89 scans=2
turn=34 result=HIT
turn=35 mode=CHASE cluster=0 cluster_len=1 cell=10,4 score=100002.272015 chase_score=5124.272015 prob=2.272015
turn=35 picked cell=10,4 target_cluster=Some(0) active_clusters=1 remaining_cells=88 scans=2
turn=35 result=HIT
turn=36 mode=CHASE cluster=0 cluster_len=2 cell=9,4 score=200002.272015 chase_score=10402.272015 prob=2.272015
turn=36 picked cell=9,4 target_cluster=Some(0) active_clusters=1 remaining_cells=87 scans=2
turn=36 result=HIT
turn=37 mode=CHASE cluster=0 cluster_len=3 cell=12,4 score=300002.240395 chase_score=10316.240395 prob=2.240395
turn=37 picked cell=12,4 target_cluster=Some(0) active_clusters=1 remaining_cells=86 scans=2
turn=37 result=HIT
turn=38 mode=CHASE cluster=0 cluster_len=4 cell=13,4 score=400002.130932 chase_score=10236.130932 prob=2.130932
turn=38 picked cell=13,4 target_cluster=Some(0) active_clusters=1 remaining_cells=85 scans=2
turn=38 result=HIT
turn=39 mode=CHASE cluster=0 cluster_len=5 cell=14,4 score=500001.979539 chase_score=10155.979539 prob=1.979539
turn=39 picked cell=14,4 target_cluster=Some(0) active_clusters=1 remaining_cells=84 scans=2
turn=39 result=HIT
turn=40 mode=CHASE cluster=0 cluster_len=6 cell=8,4 score=600001.917836 chase_score=10090.917836 prob=1.917836
turn=40 picked cell=8,4 target_cluster=Some(0) active_clusters=1 remaining_cells=83 scans=2
turn=40 result=KILL
turn=40 kill_infer inferred_len=7 committed_hits=6 cluster_hits=6
turn=41 picked cell=6,13 target_cluster=None active_clusters=0 remaining_cells=82 scans=2
turn=41 result=MISS
turn=42 picked cell=3,11 target_cluster=None active_clusters=0 remaining_cells=82 scans=2
turn=42 result=HIT
turn=43 mode=CHASE cluster=0 cluster_len=1 cell=3,10 score=100002.853901 chase_score=5114.353901 prob=2.853901
turn=43 picked cell=3,10 target_cluster=Some(0) active_clusters=1 remaining_cells=81 scans=2
turn=43 result=MISS
turn=44 mode=CHASE cluster=0 cluster_len=1 cell=4,11 score=100001.884344 chase_score=5078.384344 prob=1.884344
turn=44 picked cell=4,11 target_cluster=Some(0) active_clusters=1 remaining_cells=81 scans=2
turn=44 result=MISS
turn=45 mode=CHASE cluster=0 cluster_len=1 cell=3,12 score=100001.634543 chase_score=5021.884543 prob=1.634543
turn=45 picked cell=3,12 target_cluster=Some(0) active_clusters=1 remaining_cells=81 scans=2
turn=45 result=HIT
turn=46 mode=CHASE cluster=0 cluster_len=2 cell=3,13 score=200000.887544 chase_score=10079.887544 prob=0.887544
turn=46 picked cell=3,13 target_cluster=Some(0) active_clusters=1 remaining_cells=80 scans=2
turn=46 result=HIT
turn=47 mode=CHASE cluster=0 cluster_len=3 cell=3,14 score=300001.122950 chase_score=10074.122950 prob=1.122950
turn=47 picked cell=3,14 target_cluster=Some(0) active_clusters=1 remaining_cells=79 scans=2
turn=47 result=HIT
turn=48 mode=CHASE cluster=0 cluster_len=4 cell=3,15 score=400001.931875 chase_score=10074.931875 prob=1.931875
turn=48 picked cell=3,15 target_cluster=Some(0) active_clusters=1 remaining_cells=78 scans=2
turn=48 result=HIT
turn=49 mode=CHASE cluster=0 cluster_len=5 cell=3,16 score=500001.886045 chase_score=10059.886045 prob=1.886045
turn=49 picked cell=3,16 target_cluster=Some(0) active_clusters=1 remaining_cells=77 scans=2
turn=49 result=KILL
turn=49 kill_infer inferred_len=6 committed_hits=5 cluster_hits=5
turn=50 picked cell=2,7 target_cluster=None active_clusters=0 remaining_cells=76 scans=2
turn=50 result=HIT
turn=51 mode=CHASE cluster=0 cluster_len=1 cell=2,8 score=100002.600333 chase_score=5106.600333 prob=2.600333
turn=51 picked cell=2,8 target_cluster=Some(0) active_clusters=1 remaining_cells=75 scans=2
turn=51 result=HIT
turn=52 mode=CHASE cluster=0 cluster_len=2 cell=2,9 score=200001.982054 chase_score=10342.982054 prob=1.982054
turn=52 picked cell=2,9 target_cluster=Some(0) active_clusters=1 remaining_cells=74 scans=2
turn=52 result=HIT
turn=53 mode=CHASE cluster=0 cluster_len=3 cell=2,10 score=300001.959136 chase_score=10269.959136 prob=1.959136
turn=53 picked cell=2,10 target_cluster=Some(0) active_clusters=1 remaining_cells=73 scans=2
turn=53 result=KILL
turn=53 kill_infer inferred_len=3 committed_hits=2 cluster_hits=3
turn=54 mode=CHASE cluster=0 cluster_len=1 cell=3,7 score=100001.976124 chase_score=5054.226124 prob=1.976124
turn=54 picked cell=3,7 target_cluster=Some(0) active_clusters=1 remaining_cells=72 scans=2
turn=54 result=MISS
turn=55 mode=CHASE cluster=0 cluster_len=1 cell=2,6 score=100000.492394 chase_score=5016.242394 prob=0.492394
turn=55 picked cell=2,6 target_cluster=Some(0) active_clusters=1 remaining_cells=72 scans=2
turn=55 result=MISS
turn=56 mode=CHASE cluster=0 cluster_len=1 cell=1,7 score=100002.048113 chase_score=5003.298113 prob=2.048113
turn=56 picked cell=1,7 target_cluster=Some(0) active_clusters=1 remaining_cells=72 scans=2
turn=56 result=HIT
turn=57 mode=CHASE cluster=0 cluster_len=2 cell=0,7 score=200002.042245 chase_score=10005.042245 prob=2.042245
turn=57 picked cell=0,7 target_cluster=Some(0) active_clusters=1 remaining_cells=71 scans=2
turn=57 result=MISS
turn=58 mode=CHASE cluster=0 cluster_len=2 cell=1,8 score=200002.150713 chase_score=5002.150713 prob=2.150713
turn=58 picked cell=1,8 target_cluster=Some(0) active_clusters=1 remaining_cells=71 scans=2
turn=58 result=HIT
turn=59 mode=CHASE cluster=0 cluster_len=3 cell=1,9 score=300002.150713 chase_score=5002.150713 prob=2.150713
turn=59 picked cell=1,9 target_cluster=Some(0) active_clusters=1 remaining_cells=70 scans=2
turn=59 result=HIT
turn=60 mode=CHASE cluster=0 cluster_len=4 cell=1,10 score=400002.150713 chase_score=5002.150713 prob=2.150713
turn=60 picked cell=1,10 target_cluster=Some(0) active_clusters=1 remaining_cells=69 scans=2
turn=60 result=HIT
turn=61 mode=CHASE cluster=0 cluster_len=5 cell=1,11 score=500002.166259 chase_score=5002.166259 prob=2.166259
turn=61 picked cell=1,11 target_cluster=Some(0) active_clusters=1 remaining_cells=68 scans=2
turn=61 result=HIT
turn=62 mode=CHASE cluster=0 cluster_len=6 cell=1,12 score=600002.119679 chase_score=5002.119679 prob=2.119679
turn=62 picked cell=1,12 target_cluster=Some(0) active_clusters=1 remaining_cells=67 scans=2
turn=62 result=HIT
turn=63 mode=CHASE cluster=0 cluster_len=7 cell=1,13 score=700001.959319 chase_score=5001.959319 prob=1.959319
turn=63 picked cell=1,13 target_cluster=Some(0) active_clusters=1 remaining_cells=66 scans=2
turn=63 result=HIT
turn=64 mode=CHASE cluster=0 cluster_len=8 cell=1,6 score=800001.943773 chase_score=5001.943773 prob=1.943773
turn=64 picked cell=1,6 target_cluster=Some(0) active_clusters=1 remaining_cells=65 scans=2
turn=64 result=MISS
turn=65 mode=CHASE cluster=0 cluster_len=8 cell=1,14 score=800001.777218 chase_score=5001.777218 prob=1.777218
turn=65 picked cell=1,14 target_cluster=Some(0) active_clusters=1 remaining_cells=65 scans=2
turn=65 result=KILL
turn=65 kill_infer inferred_len=8 committed_hits=7 cluster_hits=8
turn=66 picked cell=15,3 target_cluster=None active_clusters=1 remaining_cells=64 scans=2
turn=66 result=HIT
turn=67 mode=CHASE cluster=1 cluster_len=1 cell=14,3 score=100001.611377 chase_score=5073.611377 prob=1.611377
turn=67 picked cell=14,3 target_cluster=Some(1) active_clusters=2 remaining_cells=63 scans=2
turn=67 result=HIT
turn=68 mode=CHASE cluster=1 cluster_len=2 cell=13,3 score=200001.772595 chase_score=10257.772595 prob=1.772595
turn=68 picked cell=13,3 target_cluster=Some(1) active_clusters=2 remaining_cells=62 scans=2
turn=68 result=MISS
turn=69 mode=CHASE cluster=1 cluster_len=2 cell=16,3 score=200000.793385 chase_score=10030.793385 prob=0.793385
turn=69 picked cell=16,3 target_cluster=Some(1) active_clusters=2 remaining_cells=62 scans=2
turn=69 result=HIT
turn=70 mode=CHASE cluster=1 cluster_len=3 cell=17,3 score=300000.793385 chase_score=10027.793385 prob=0.793385
turn=70 picked cell=17,3 target_cluster=Some(1) active_clusters=2 remaining_cells=61 scans=2
turn=70 result=HIT
turn=71 mode=CHASE cluster=1 cluster_len=4 cell=18,3 score=400000.783274 chase_score=10027.783274 prob=0.783274
turn=71 picked cell=18,3 target_cluster=Some(1) active_clusters=2 remaining_cells=60 scans=2
turn=71 result=HIT
turn=72 mode=CHASE cluster=1 cluster_len=5 cell=19,3 score=500001.280188 chase_score=10013.280188 prob=1.280188
turn=72 picked cell=19,3 target_cluster=Some(1) active_clusters=2 remaining_cells=59 scans=2
turn=72 result=KILL
turn=72 kill_infer inferred_len=6 committed_hits=5 cluster_hits=5
turn=73 picked cell=12,17 target_cluster=None active_clusters=1 remaining_cells=58 scans=2
turn=73 result=MISS
turn=74 picked cell=11,18 target_cluster=None active_clusters=1 remaining_cells=58 scans=2
turn=74 result=MISS
turn=75 picked cell=13,16 target_cluster=None active_clusters=1 remaining_cells=58 scans=2
turn=75 result=MISS
turn=76 picked cell=11,10 target_cluster=None active_clusters=1 remaining_cells=58 scans=2
turn=76 result=MISS
turn=77 picked cell=10,19 target_cluster=None active_clusters=1 remaining_cells=58 scans=2
turn=77 result=HIT
turn=78 mode=CHASE cluster=1 cluster_len=1 cell=9,19 score=100002.414825 chase_score=5083.414825 prob=2.414825
turn=78 picked cell=9,19 target_cluster=Some(1) active_clusters=2 remaining_cells=57 scans=2
turn=78 result=HIT
turn=79 mode=CHASE cluster=1 cluster_len=2 cell=8,19 score=200002.414825 chase_score=10268.414825 prob=2.414825
turn=79 picked cell=8,19 target_cluster=Some(1) active_clusters=2 remaining_cells=56 scans=2
turn=79 result=HIT
turn=80 mode=CHASE cluster=1 cluster_len=3 cell=7,19 score=300002.348336 chase_score=10212.348336 prob=2.348336
turn=80 picked cell=7,19 target_cluster=Some(1) active_clusters=2 remaining_cells=55 scans=2
turn=80 result=MISS
turn=81 mode=CHASE cluster=1 cluster_len=3 cell=11,19 score=300001.384967 chase_score=10054.384967 prob=1.384967
turn=81 picked cell=11,19 target_cluster=Some(1) active_clusters=2 remaining_cells=55 scans=2
turn=81 result=HIT
turn=82 mode=CHASE cluster=1 cluster_len=4 cell=12,19 score=400001.652850 chase_score=10054.652850 prob=1.652850
turn=82 picked cell=12,19 target_cluster=Some(1) active_clusters=2 remaining_cells=54 scans=2
turn=82 result=HIT
turn=83 mode=CHASE cluster=1 cluster_len=5 cell=13,19 score=500001.740370 chase_score=10039.740370 prob=1.740370
turn=83 picked cell=13,19 target_cluster=Some(1) active_clusters=2 remaining_cells=53 scans=2
turn=83 result=HIT
turn=84 mode=CHASE cluster=1 cluster_len=6 cell=14,19 score=600001.740370 chase_score=10033.740370 prob=1.740370
turn=84 picked cell=14,19 target_cluster=Some(1) active_clusters=2 remaining_cells=52 scans=2
turn=84 result=HIT
turn=85 mode=CHASE cluster=1 cluster_len=7 cell=15,19 score=700001.813853 chase_score=10026.813853 prob=1.813853
turn=85 picked cell=15,19 target_cluster=Some(1) active_clusters=2 remaining_cells=51 scans=2
turn=85 result=HIT
turn=86 mode=CHASE cluster=1 cluster_len=8 cell=16,19 score=800001.553923 chase_score=10010.553923 prob=1.553923
turn=86 picked cell=16,19 target_cluster=Some(1) active_clusters=2 remaining_cells=50 scans=2
turn=86 result=KILL
turn=86 kill_infer inferred_len=9 committed_hits=8 cluster_hits=8
turn=87 picked cell=12,2 target_cluster=None active_clusters=1 remaining_cells=49 scans=2
turn=87 result=MISS
turn=88 picked cell=12,9 target_cluster=None active_clusters=1 remaining_cells=49 scans=2
turn=88 result=MISS
turn=89 picked cell=12,7 target_cluster=None active_clusters=1 remaining_cells=49 scans=2
turn=89 result=MISS
turn=90 picked cell=12,5 target_cluster=None active_clusters=1 remaining_cells=49 scans=2
turn=90 result=HIT
turn=91 mode=CHASE cluster=1 cluster_len=1 cell=11,5 score=100002.140750 chase_score=5065.140750 prob=2.140750
turn=91 picked cell=11,5 target_cluster=Some(1) active_clusters=2 remaining_cells=48 scans=2
turn=91 result=HIT
turn=92 mode=CHASE cluster=1 cluster_len=2 cell=10,5 score=200002.140750 chase_score=10205.140750 prob=2.140750
turn=92 picked cell=10,5 target_cluster=Some(1) active_clusters=2 remaining_cells=47 scans=2
turn=92 result=HIT
turn=93 mode=CHASE cluster=1 cluster_len=3 cell=9,5 score=300002.140750 chase_score=10158.140750 prob=2.140750
turn=93 picked cell=9,5 target_cluster=Some(1) active_clusters=2 remaining_cells=46 scans=2
turn=93 result=MISS
turn=94 mode=CHASE cluster=1 cluster_len=3 cell=13,5 score=300001.232735 chase_score=10045.232735 prob=1.232735
turn=94 picked cell=13,5 target_cluster=Some(1) active_clusters=2 remaining_cells=46 scans=2
turn=94 result=HIT
turn=95 mode=CHASE cluster=1 cluster_len=4 cell=14,5 score=400001.355988 chase_score=10045.355988 prob=1.355988
turn=95 picked cell=14,5 target_cluster=Some(1) active_clusters=2 remaining_cells=45 scans=2
turn=95 result=HIT
turn=96 mode=CHASE cluster=1 cluster_len=5 cell=15,5 score=500001.379533 chase_score=10030.379533 prob=1.379533
turn=96 picked cell=15,5 target_cluster=Some(1) active_clusters=2 remaining_cells=44 scans=2
turn=96 result=HIT
turn=97 mode=CHASE cluster=1 cluster_len=6 cell=16,5 score=600001.256280 chase_score=10024.256280 prob=1.256280
turn=97 picked cell=16,5 target_cluster=Some(1) active_clusters=2 remaining_cells=43 scans=2
turn=97 result=KILL
turn=97 kill_infer inferred_len=7 committed_hits=6 cluster_hits=6
turn=98 picked cell=11,1 target_cluster=None active_clusters=1 remaining_cells=42 scans=2
turn=98 result=MISS
turn=99 picked cell=12,0 target_cluster=None active_clusters=1 remaining_cells=42 scans=2
turn=99 result=HIT
turn=100 mode=CHASE cluster=1 cluster_len=1 cell=11,0 score=100002.081976 chase_score=5054.581976 prob=2.081976
turn=100 picked cell=11,0 target_cluster=Some(1) active_clusters=2 remaining_cells=41 scans=2
turn=100 result=HIT
turn=101 mode=CHASE cluster=1 cluster_len=2 cell=10,0 score=200002.107331 chase_score=10170.107331 prob=2.107331
turn=101 picked cell=10,0 target_cluster=Some(1) active_clusters=2 remaining_cells=40 scans=2
turn=101 result=MISS
turn=102 mode=CHASE cluster=1 cluster_len=2 cell=13,0 score=200000.887320 chase_score=10040.887320 prob=0.887320
turn=102 picked cell=13,0 target_cluster=Some(1) active_clusters=2 remaining_cells=40 scans=2
turn=102 result=HIT
turn=103 mode=CHASE cluster=1 cluster_len=3 cell=14,0 score=300001.027666 chase_score=10038.027666 prob=1.027666
turn=103 picked cell=14,0 target_cluster=Some(1) active_clusters=2 remaining_cells=39 scans=2
turn=103 result=HIT
turn=104 mode=CHASE cluster=1 cluster_len=4 cell=15,0 score=400001.124471 chase_score=10038.124471 prob=1.124471
turn=104 picked cell=15,0 target_cluster=Some(1) active_clusters=2 remaining_cells=38 scans=2
turn=104 result=HIT
turn=105 mode=CHASE cluster=1 cluster_len=5 cell=16,0 score=500001.027666 chase_score=10023.027666 prob=1.027666
turn=105 picked cell=16,0 target_cluster=Some(1) active_clusters=2 remaining_cells=37 scans=2
turn=105 result=HIT
turn=106 mode=CHASE cluster=1 cluster_len=6 cell=17,0 score=600000.887320 chase_score=10016.887320 prob=0.887320
turn=106 picked cell=17,0 target_cluster=Some(1) active_clusters=2 remaining_cells=36 scans=2
turn=106 result=HIT
turn=107 mode=CHASE cluster=1 cluster_len=7 cell=18,0 score=700000.730430 chase_score=10016.730430 prob=0.730430
turn=107 picked cell=18,0 target_cluster=Some(1) active_clusters=2 remaining_cells=35 scans=2
turn=107 result=KILL
turn=107 kill_infer inferred_len=8 committed_hits=7 cluster_hits=7
turn=108 picked cell=12,11 target_cluster=None active_clusters=1 remaining_cells=34 scans=2
turn=108 result=HIT
turn=109 mode=CHASE cluster=1 cluster_len=1 cell=13,11 score=100001.370888 chase_score=5039.870888 prob=1.370888
turn=109 picked cell=13,11 target_cluster=Some(1) active_clusters=2 remaining_cells=33 scans=2
turn=109 result=HIT
turn=110 mode=CHASE cluster=1 cluster_len=2 cell=11,11 score=200001.370888 chase_score=10121.370888 prob=1.370888
turn=110 picked cell=11,11 target_cluster=Some(1) active_clusters=2 remaining_cells=32 scans=2
turn=110 result=HIT
turn=111 mode=CHASE cluster=1 cluster_len=3 cell=10,11 score=300001.410707 chase_score=10089.410707 prob=1.410707
turn=111 picked cell=10,11 target_cluster=Some(1) active_clusters=2 remaining_cells=31 scans=2
turn=111 result=HIT
turn=112 mode=CHASE cluster=1 cluster_len=4 cell=14,11 score=400001.285065 chase_score=10060.285065 prob=1.285065
turn=112 picked cell=14,11 target_cluster=Some(1) active_clusters=2 remaining_cells=30 scans=2
turn=112 result=HIT
turn=113 mode=CHASE cluster=1 cluster_len=5 cell=9,11 score=500001.285008 chase_score=10031.285008 prob=1.285008
turn=113 picked cell=9,11 target_cluster=Some(1) active_clusters=2 remaining_cells=29 scans=2
turn=113 result=HIT
turn=114 mode=CHASE cluster=1 cluster_len=6 cell=8,11 score=600001.326330 chase_score=10017.326330 prob=1.326330
turn=114 picked cell=8,11 target_cluster=Some(1) active_clusters=2 remaining_cells=28 scans=2
turn=114 result=MISS
turn=115 mode=CHASE cluster=1 cluster_len=6 cell=15,11 score=600001.123869 chase_score=10009.123869 prob=1.123869
turn=115 picked cell=15,11 target_cluster=Some(1) active_clusters=2 remaining_cells=28 scans=2
turn=115 result=HIT
turn=116 mode=CHASE cluster=1 cluster_len=7 cell=16,11 score=700000.991307 chase_score=10008.991307 prob=0.991307
turn=116 picked cell=16,11 target_cluster=Some(1) active_clusters=2 remaining_cells=27 scans=2
turn=116 result=HIT
turn=117 mode=CHASE cluster=1 cluster_len=8 cell=17,11 score=800000.768027 chase_score=10000.768027 prob=0.768027
turn=117 picked cell=17,11 target_cluster=Some(1) active_clusters=2 remaining_cells=26 scans=2
turn=117 result=KILL
turn=117 kill_infer inferred_len=8 committed_hits=7 cluster_hits=8
turn=118 mode=CHASE cluster=1 cluster_len=1 cell=9,12 score=100000.512292 chase_score=5006.262292 prob=0.512292
turn=118 picked cell=9,12 target_cluster=Some(1) active_clusters=2 remaining_cells=25 scans=2
turn=118 result=MISS
turn=119 mode=CHASE cluster=1 cluster_len=1 cell=9,10 score=100000.304559 chase_score=5001.554559 prob=0.304559
turn=119 picked cell=9,10 target_cluster=Some(1) active_clusters=2 remaining_cells=25 scans=2
turn=119 result=MISS
turn=120 picked cell=4,3 target_cluster=None active_clusters=2 remaining_cells=25 scans=2
turn=120 result=MISS
turn=121 picked cell=5,17 target_cluster=None active_clusters=2 remaining_cells=25 scans=2
turn=121 result=HIT
turn=122 mode=CHASE cluster=2 cluster_len=1 cell=4,17 score=100001.099901 chase_score=5025.599901 prob=1.099901
turn=122 picked cell=4,17 target_cluster=Some(2) active_clusters=3 remaining_cells=24 scans=2
turn=122 result=HIT
turn=123 mode=CHASE cluster=2 cluster_len=2 cell=6,17 score=200000.977179 chase_score=10072.977179 prob=0.977179
turn=123 picked cell=6,17 target_cluster=Some(2) active_clusters=3 remaining_cells=23 scans=2
turn=123 result=HIT
turn=124 mode=CHASE cluster=2 cluster_len=3 cell=7,17 score=300000.718599 chase_score=10048.718599 prob=0.718599
turn=124 picked cell=7,17 target_cluster=Some(2) active_clusters=3 remaining_cells=22 scans=2
turn=124 result=HIT
turn=125 mode=CHASE cluster=2 cluster_len=4 cell=8,17 score=400000.595877 chase_score=10027.595877 prob=0.595877
turn=125 picked cell=8,17 target_cluster=Some(2) active_clusters=3 remaining_cells=21 scans=2
turn=125 result=KILL
turn=125 kill_infer inferred_len=5 committed_hits=4 cluster_hits=4
turn=126 picked cell=5,2 target_cluster=None active_clusters=2 remaining_cells=20 scans=2
turn=126 result=MISS
turn=127 picked cell=6,1 target_cluster=None active_clusters=2 remaining_cells=20 scans=2
turn=127 result=MISS
turn=128 picked cell=3,4 target_cluster=None active_clusters=2 remaining_cells=20 scans=2
turn=128 result=HIT
turn=129 mode=CHASE cluster=2 cluster_len=1 cell=4,4 score=100000.561821 chase_score=5017.061821 prob=0.561821
turn=129 picked cell=4,4 target_cluster=Some(2) active_clusters=3 remaining_cells=19 scans=2
turn=129 result=MISS
turn=130 mode=CHASE cluster=2 cluster_len=1 cell=3,3 score=100000.402833 chase_score=5012.902833 prob=0.402833
turn=130 picked cell=3,3 target_cluster=Some(2) active_clusters=3 remaining_cells=19 scans=2
turn=130 result=HIT
turn=131 mode=CHASE cluster=2 cluster_len=2 cell=3,2 score=200000.495677 chase_score=10045.495677 prob=0.495677
turn=131 picked cell=3,2 target_cluster=Some(2) active_clusters=3 remaining_cells=18 scans=2
turn=131 result=HIT
turn=132 mode=CHASE cluster=2 cluster_len=3 cell=3,5 score=300000.831647 chase_score=10032.831647 prob=0.831647
turn=132 picked cell=3,5 target_cluster=Some(2) active_clusters=3 remaining_cells=17 scans=2
turn=132 result=MISS
turn=133 mode=CHASE cluster=2 cluster_len=3 cell=3,1 score=300000.389356 chase_score=10010.389356 prob=0.389356
turn=133 picked cell=3,1 target_cluster=Some(2) active_clusters=3 remaining_cells=17 scans=2
turn=133 result=HIT
turn=134 mode=CHASE cluster=2 cluster_len=4 cell=3,0 score=400000.661289 chase_score=10010.661289 prob=0.661289
turn=134 picked cell=3,0 target_cluster=Some(2) active_clusters=3 remaining_cells=16 scans=2
turn=134 result=KILL
turn=134 kill_infer inferred_len=5 committed_hits=4 cluster_hits=4
turn=135 picked cell=14,6 target_cluster=None active_clusters=2 remaining_cells=15 scans=2
turn=135 result=MISS
turn=136 picked cell=7,9 target_cluster=None active_clusters=2 remaining_cells=15 scans=2
turn=136 result=MISS
turn=137 picked cell=7,3 target_cluster=None active_clusters=2 remaining_cells=15 scans=2
turn=137 result=MISS
turn=138 picked cell=5,12 target_cluster=None active_clusters=2 remaining_cells=15 scans=2
turn=138 result=MISS
turn=139 picked cell=5,18 target_cluster=None active_clusters=2 remaining_cells=15 scans=2
turn=139 result=MISS
turn=140 picked cell=0,13 target_cluster=None active_clusters=2 remaining_cells=15 scans=2
turn=140 result=MISS
turn=141 picked cell=19,7 target_cluster=None active_clusters=2 remaining_cells=15 scans=2
turn=141 result=MISS
turn=142 picked cell=6,7 target_cluster=None active_clusters=2 remaining_cells=15 scans=2
turn=142 result=MISS
turn=143 picked cell=9,15 target_cluster=None active_clusters=2 remaining_cells=15 scans=2
turn=143 result=MISS
turn=144 picked cell=17,18 target_cluster=None active_clusters=2 remaining_cells=15 scans=2
turn=144 result=MISS
turn=145 picked cell=2,15 target_cluster=None active_clusters=2 remaining_cells=15 scans=2
turn=145 result=MISS
turn=146 picked cell=18,17 target_cluster=None active_clusters=2 remaining_cells=15 scans=2
turn=146 result=MISS
turn=147 picked cell=8,16 target_cluster=None active_clusters=2 remaining_cells=15 scans=2
turn=147 result=HIT
turn=148 mode=CHASE cluster=2 cluster_len=1 cell=9,16 score=100001.047266 chase_score=5014.047266 prob=1.047266
turn=148 picked cell=9,16 target_cluster=Some(2) active_clusters=3 remaining_cells=14 scans=2
turn=148 result=HIT
turn=149 mode=CHASE cluster=2 cluster_len=2 cell=7,16 score=200001.015910 chase_score=10043.015910 prob=1.015910
turn=149 picked cell=7,16 target_cluster=Some(2) active_clusters=3 remaining_cells=13 scans=2
turn=149 result=HIT
turn=150 mode=CHASE cluster=2 cluster_len=3 cell=10,16 score=300000.886267 chase_score=10028.886267 prob=0.886267
turn=150 picked cell=10,16 target_cluster=Some(2) active_clusters=3 remaining_cells=12 scans=2
turn=150 result=HIT
turn=151 mode=CHASE cluster=2 cluster_len=4 cell=6,16 score=400000.835738 chase_score=10017.835738 prob=0.835738
turn=151 picked cell=6,16 target_cluster=Some(2) active_clusters=3 remaining_cells=11 scans=2
turn=151 result=HIT
turn=152 mode=CHASE cluster=2 cluster_len=5 cell=11,16 score=500000.612027 chase_score=10006.612027 prob=0.612027
turn=152 picked cell=11,16 target_cluster=Some(2) active_clusters=3 remaining_cells=10 scans=2
turn=152 result=MISS
turn=153 mode=CHASE cluster=2 cluster_len=5 cell=5,16 score=500000.577729 chase_score=10006.577729 prob=0.577729
turn=153 picked cell=5,16 target_cluster=Some(2) active_clusters=3 remaining_cells=10 scans=2
turn=153 result=HIT
turn=154 mode=CHASE cluster=2 cluster_len=6 cell=4,16 score=600000.392515 chase_score=10000.392515 prob=0.392515
turn=154 picked cell=4,16 target_cluster=Some(2) active_clusters=3 remaining_cells=9 scans=2
turn=154 result=KILL
turn=154 kill_infer inferred_len=6 committed_hits=5 cluster_hits=6
turn=155 mode=CHASE cluster=2 cluster_len=1 cell=10,17 score=100000.125409 chase_score=5002.125409 prob=0.125409
turn=155 picked cell=10,17 target_cluster=Some(2) active_clusters=3 remaining_cells=8 scans=2
turn=155 result=MISS
turn=156 mode=CHASE cluster=2 cluster_len=1 cell=10,15 score=100000.057997 chase_score=5000.557997 prob=0.057997
turn=156 picked cell=10,15 target_cluster=Some(2) active_clusters=3 remaining_cells=8 scans=2
turn=156 result=MISS
turn=157 picked cell=15,1 target_cluster=None active_clusters=3 remaining_cells=8 scans=2
turn=157 result=MISS
turn=158 picked cell=16,2 target_cluster=None active_clusters=3 remaining_cells=8 scans=2
turn=158 result=MISS
turn=159 picked cell=16,9 target_cluster=None active_clusters=3 remaining_cells=8 scans=2
turn=159 result=MISS
turn=160 picked cell=15,7 target_cluster=None active_clusters=3 remaining_cells=8 scans=2
turn=160 result=MISS
turn=161 picked cell=17,6 target_cluster=None active_clusters=3 remaining_cells=8 scans=2
turn=161 result=MISS
turn=162 picked cell=10,2 target_cluster=None active_clusters=3 remaining_cells=8 scans=2
turn=162 result=MISS
turn=163 picked cell=17,4 target_cluster=None active_clusters=3 remaining_cells=8 scans=2
turn=163 result=HIT
turn=164 mode=CHASE cluster=3 cluster_len=1 cell=18,4 score=100000.212949 chase_score=5003.462949 prob=0.212949
turn=164 picked cell=18,4 target_cluster=Some(3) active_clusters=4 remaining_cells=7 scans=2
turn=164 result=HIT
turn=165 mode=CHASE cluster=3 cluster_len=2 cell=16,4 score=200000.172038 chase_score=10008.172038 prob=0.172038
turn=165 picked cell=16,4 target_cluster=Some(3) active_clusters=4 remaining_cells=6 scans=2
turn=165 result=HIT
turn=166 mode=CHASE cluster=3 cluster_len=3 cell=19,4 score=300000.172038 chase_score=10005.172038 prob=0.172038
turn=166 picked cell=19,4 target_cluster=Some(3) active_clusters=4 remaining_cells=5 scans=2
turn=166 result=MISS
turn=167 mode=CHASE cluster=3 cluster_len=3 cell=15,4 score=300000.055518 chase_score=10000.055518 prob=0.055518
turn=167 picked cell=15,4 target_cluster=Some(3) active_clusters=4 remaining_cells=5 scans=2
turn=167 result=KILL
turn=167 kill_infer inferred_len=3 committed_hits=2 cluster_hits=3
turn=168 mode=CHASE cluster=3 cluster_len=1 cell=18,5 score=100000.088687 chase_score=5000.588687 prob=0.088687
turn=168 picked cell=18,5 target_cluster=Some(3) active_clusters=4 remaining_cells=4 scans=2
turn=168 result=MISS
turn=169 picked cell=0,3 target_cluster=None active_clusters=4 remaining_cells=4 scans=2
turn=169 result=MISS
turn=170 picked cell=5,8 target_cluster=None active_clusters=4 remaining_cells=4 scans=2
turn=170 result=MISS
turn=171 picked cell=1,4 target_cluster=None active_clusters=4 remaining_cells=4 scans=2
turn=171 result=MISS
turn=172 picked cell=8,0 target_cluster=None active_clusters=4 remaining_cells=4 scans=2
turn=172 result=MISS
turn=173 picked cell=2,3 target_cluster=None active_clusters=4 remaining_cells=4 scans=2
turn=173 result=MISS
turn=174 picked cell=11,6 target_cluster=None active_clusters=4 remaining_cells=4 scans=2
turn=174 result=MISS
turn=175 picked cell=11,3 target_cluster=None active_clusters=4 remaining_cells=4 scans=2
turn=175 result=MISS
turn=176 picked cell=10,7 target_cluster=None active_clusters=4 remaining_cells=4 scans=2
turn=176 result=HIT
turn=177 mode=CHASE cluster=4 cluster_len=1 cell=9,7 score=100000.207552 chase_score=5001.957552 prob=0.207552
turn=177 picked cell=9,7 target_cluster=Some(4) active_clusters=5 remaining_cells=3 scans=2
turn=177 result=MISS
turn=178 mode=CHASE cluster=4 cluster_len=1 cell=10,6 score=100000.070520 chase_score=5000.570520 prob=0.070520
turn=178 picked cell=10,6 target_cluster=Some(4) active_clusters=5 remaining_cells=3 scans=2
turn=178 result=MISS
turn=179 mode=CHASE cluster=4 cluster_len=1 cell=11,7 score=100000.046542 chase_score=5000.546542 prob=0.046542
turn=179 picked cell=11,7 target_cluster=Some(4) active_clusters=5 remaining_cells=3 scans=2
turn=179 result=MISS
turn=180 picked cell=7,5 target_cluster=None active_clusters=5 remaining_cells=3 scans=2
turn=180 result=MISS
turn=181 picked cell=6,9 target_cluster=None active_clusters=5 remaining_cells=3 scans=2
turn=181 result=MISS
turn=182 picked cell=0,9 target_cluster=None active_clusters=5 remaining_cells=3 scans=2
turn=182 result=MISS
turn=183 picked cell=8,2 target_cluster=None active_clusters=5 remaining_cells=3 scans=2
turn=183 result=MISS
turn=184 picked cell=6,4 target_cluster=None active_clusters=5 remaining_cells=3 scans=2
turn=184 result=MISS
turn=185 picked cell=1,1 target_cluster=None active_clusters=5 remaining_cells=3 scans=2
turn=185 result=MISS
turn=186 picked cell=9,1 target_cluster=None active_clusters=5 remaining_cells=3 scans=2
turn=186 result=MISS
turn=187 picked cell=8,8 target_cluster=None active_clusters=5 remaining_cells=3 scans=2
turn=187 result=MISS
turn=188 picked cell=4,7 target_cluster=None active_clusters=5 remaining_cells=3 scans=2
turn=188 result=MISS
turn=189 picked cell=5,5 target_cluster=None active_clusters=5 remaining_cells=3 scans=2
turn=189 result=MISS
turn=190 picked cell=7,1 target_cluster=None active_clusters=5 remaining_cells=3 scans=2
turn=190 result=MISS
turn=191 picked cell=5,0 target_cluster=None active_clusters=5 remaining_cells=3 scans=2
turn=191 result=MISS
turn=192 picked cell=4,1 target_cluster=None active_clusters=5 remaining_cells=3 scans=2
turn=192 result=MISS
turn=193 picked cell=0,5 target_cluster=None active_clusters=5 remaining_cells=3 scans=2
turn=193 result=KILL
turn=194 picked cell=15,14 target_cluster=None active_clusters=5 remaining_cells=2 scans=2
turn=194 result=MISS
turn=195 picked cell=16,16 target_cluster=None active_clusters=5 remaining_cells=2 scans=2
turn=195 result=MISS
turn=196 picked cell=15,10 target_cluster=None active_clusters=5 remaining_cells=2 scans=2
turn=196 result=MISS
turn=197 picked cell=19,15 target_cluster=None active_clusters=5 remaining_cells=2 scans=2
turn=197 result=MISS
turn=198 picked cell=17,13 target_cluster=None active_clusters=5 remaining_cells=2 scans=2
turn=198 result=MISS
turn=199 picked cell=3,19 target_cluster=None active_clusters=5 remaining_cells=2 scans=2
turn=199 result=MISS
turn=200 picked cell=0,18 target_cluster=None active_clusters=5 remaining_cells=2 scans=2
turn=200 result=MISS
turn=201 picked cell=13,1 target_cluster=None active_clusters=5 remaining_cells=2 scans=2
turn=201 result=MISS
turn=202 picked cell=14,2 target_cluster=None active_clusters=5 remaining_cells=2 scans=2
turn=202 result=MISS
turn=203 picked cell=17,1 target_cluster=None active_clusters=5 remaining_cells=2 scans=2
turn=203 result=MISS
turn=204 picked cell=18,2 target_cluster=None active_clusters=5 remaining_cells=2 scans=2
turn=204 result=MISS
turn=205 picked cell=19,1 target_cluster=None active_clusters=5 remaining_cells=2 scans=2
turn=205 result=MISS
turn=206 picked cell=11,13 target_cluster=None active_clusters=5 remaining_cells=2 scans=2
turn=206 result=MISS
turn=207 picked cell=14,9 target_cluster=None active_clusters=5 remaining_cells=2 scans=2
turn=207 result=MISS
turn=208 picked cell=18,9 target_cluster=None active_clusters=5 remaining_cells=2 scans=2
turn=208 result=MISS
turn=209 picked cell=10,9 target_cluster=None active_clusters=5 remaining_cells=2 scans=2
turn=209 result=KILL
turn=210 picked cell=7,10 target_cluster=None active_clusters=5 remaining_cells=1 scans=2
turn=210 result=MISS
turn=211 picked cell=6,15 target_cluster=None active_clusters=5 remaining_cells=1 scans=2
turn=211 result=MISS
turn=212 picked cell=1,17 target_cluster=None active_clusters=5 remaining_cells=1 scans=2
turn=212 result=MISS
turn=213 picked cell=8,18 target_cluster=None active_clusters=5 remaining_cells=1 scans=2
turn=213 result=MISS
turn=214 picked cell=12,18 target_cluster=None active_clusters=5 remaining_cells=1 scans=2
turn=214 result=MISS
turn=215 picked cell=13,17 target_cluster=None active_clusters=5 remaining_cells=1 scans=2
turn=215 result=MISS
turn=216 picked cell=10,12 target_cluster=None active_clusters=5 remaining_cells=1 scans=2
turn=216 result=MISS
turn=217 picked cell=9,9 target_cluster=None active_clusters=5 remaining_cells=1 scans=2
turn=217 result=MISS
turn=218 picked cell=10,10 target_cluster=None active_clusters=5 remaining_cells=1 scans=2
turn=218 result=MISS
turn=219 picked cell=8,10 target_cluster=None active_clusters=5 remaining_cells=1 scans=2
turn=219 result=MISS
turn=220 picked cell=11,9 target_cluster=None active_clusters=5 remaining_cells=1 scans=2
turn=220 result=MISS
turn=221 picked cell=8,9 target_cluster=None active_clusters=5 remaining_cells=1 scans=2
turn=221 result=MISS
turn=222 picked cell=12,10 target_cluster=None active_clusters=5 remaining_cells=1 scans=2
turn=222 result=MISS
turn=223 picked cell=9,6 target_cluster=None active_clusters=5 remaining_cells=1 scans=2
turn=223 result=MISS
turn=224 picked cell=8,7 target_cluster=None active_clusters=5 remaining_cells=1 scans=2
turn=224 result=KILL
